10:11:08.240 INFOS [org.apache.catalina.core.AprLifecycleListener init] - Loaded APR based Apache Tomcat Native library 1.1.20.  
10:11:08.243 INFOS [org.apache.catalina.core.AprLifecycleListener init] - APR capabilities: IPv6 [true], sendfile [true], accept filters [false], random [true].  
10:11:09.096 INFOS [org.apache.tomcat.util.net.NioSelectorPool getSharedSelector] - Using a shared selector for servlet write/read  
10:11:09.104 INFOS [org.apache.coyote.http11.Http11NioProtocol init] - Initialisation de Coyote HTTP/1.1 sur http-8383  
10:11:09.110 INFOS [org.apache.coyote.ajp.AjpAprProtocol init] - Initializing Coyote AJP/1.3 on ajp-8309  
10:11:09.114 INFOS [org.apache.catalina.startup.Catalina load] - Initialization processed in 1118 ms  
10:11:09.144 INFOS [org.apache.catalina.core.StandardService start] - Démarrage du service Catalina  
10:11:09.148 INFOS [org.apache.catalina.core.StandardEngine start] - Starting Servlet Engine: Apache Tomcat/6.0.29  
10:11:09.154 INFOS [org.apache.catalina.startup.HostConfig deployDescriptor] - Déploiement du descripteur de configuration host-manager.xml  
10:11:09.416 INFOS [org.apache.catalina.startup.HostConfig deployDescriptor] - Déploiement du descripteur de configuration manager.xml  
10:11:09.728 INFOS [org.apache.catalina.startup.HostConfig deployDescriptor] - Déploiement du descripteur de configuration Quartis-Dictionary.xml  
10:11:09.752 INFOS [org.apache.catalina.loader.WebappClassLoader validateJarFile] - validateJarFile(C:\Osys\QuartisTools\Tomcat\webapps\Quartis-Dictionary\WEB-INF\lib\servlet-api.jar) - jar not loaded. See Servlet Spec 2.3, section 9.7.2. Offending class: javax/servlet/Servlet.class  
10:11:09.815 INFOS [org.apache.catalina.startup.HostConfig deployDescriptor] - Déploiement du descripteur de configuration Quartis-LicenceWeb.xml  
10:11:09.861 INFOS [org.apache.catalina.startup.HostConfig deployDescriptor] - Déploiement du descripteur de configuration Quartis-OptimaCorrection.xml  
10:11:11.058 INFOS [com.sun.faces.config.ConfigureListener contextInitialized] - Initializing Sun's JavaServer Faces implementation (1.2_04-b20-p03) for context '/Quartis-OptimaCorrection'  
10:11:12.056 INFOS [org.apache.catalina.startup.HostConfig deployDescriptor] - Déploiement du descripteur de configuration Quartis-Web.xml  
10:11:13.935 INFOS [com.sun.faces.config.ConfigureListener contextInitialized] - Initializing Sun's JavaServer Faces implementation (1.2_04-b20-p03) for context '/Quartis-Web'  
10:11:15.584 INFOS [org.apache.catalina.startup.HostConfig deployWAR] - Déploiement de l'archive Quartis-OptimaCjj.war de l'application web  
10:11:15.747 INFOS [org.apache.catalina.core.StandardContext addApplicationListener] - The listener "com.sun.faces.config.ConfigureListener" is already configured for this context. The duplicate definition has been ignored.  
10:11:15.748 INFOS [org.apache.catalina.core.StandardContext addApplicationListener] - The listener "com.sun.faces.config.ConfigureListener" is already configured for this context. The duplicate definition has been ignored.  
10:11:15.820 INFOS [com.sun.faces.config.ConfigureListener contextInitialized] - Initialisation de Mojarra 2.2.4 ( 20131003-1354 https://svn.java.net/svn/mojarra~svn/tags/2.2.4@12574) pour le contexte «/Quartis-OptimaCjj»  
10:11:17.275 INFOS [org.primefaces.webapp.PostConstructApplicationEventListener processEvent] - Running on PrimeFaces 5.3  
10:11:17.276 INFOS [org.primefaces.extensions.application.PostConstructApplicationEventListener processEvent] - Running on PrimeFaces Extensions 4.0.0  
10:11:20.069 INFOS [org.apache.catalina.startup.HostConfig deployWAR] - Déploiement de l'archive Quartis-OptimaTml.war de l'application web  
10:11:20.227 INFOS [org.apache.catalina.core.StandardContext addApplicationListener] - The listener "com.sun.faces.config.ConfigureListener" is already configured for this context. The duplicate definition has been ignored.  
10:11:20.227 INFOS [org.apache.catalina.core.StandardContext addApplicationListener] - The listener "com.sun.faces.config.ConfigureListener" is already configured for this context. The duplicate definition has been ignored.  
10:11:20.291 INFOS [com.sun.faces.config.ConfigureListener contextInitialized] - Initialisation de Mojarra 2.2.4 ( 20131003-1354 https://svn.java.net/svn/mojarra~svn/tags/2.2.4@12574) pour le contexte «/Quartis-OptimaTml»  
10:11:21.358 INFOS [org.primefaces.webapp.PostConstructApplicationEventListener processEvent] - Running on PrimeFaces 5.0  
10:11:21.359 INFOS [org.primefaces.extensions.application.PostConstructApplicationEventListener processEvent] - Running on PrimeFaces Extensions 2.0.0  
10:11:23.201 INFOS [org.apache.catalina.startup.HostConfig deployDirectory] - Déploiement du répertoire docs de l'application web  
10:11:23.215 INFOS [org.apache.catalina.startup.HostConfig deployDirectory] - Déploiement du répertoire examples de l'application web  
10:11:23.260 INFOS [org.apache.catalina.startup.HostConfig deployDirectory] - Déploiement du répertoire ROOT de l'application web  
10:11:23.282 INFOS [org.apache.coyote.http11.Http11NioProtocol start] - Démarrage de Coyote HTTP/1.1 sur http-8383  
10:11:23.298 INFOS [org.apache.coyote.ajp.AjpAprProtocol start] - Starting Coyote AJP/1.3 on ajp-8309  
10:11:23.305 INFOS [org.apache.catalina.startup.Catalina start] - Server startup in 14189 ms  
10:12:55.921 AVERTISSEMENT [org.apache.tomcat.util.http.Parameters processParameters] - Parameters: Invalid chunk '' ignored.  
10:13:27.388 WARNING [org.apache.tomcat.util.http.Parameters processParameters] - Parameters: Invalid chunk '' ignored.  
10:14:16.565 WARNING [org.apache.tomcat.util.http.Parameters processParameters] - Parameters: Invalid chunk '' ignored.  
10:45:52.850 INFO [org.apache.coyote.http11.Http11NioProtocol pause] - Suspension de Coyote HTTP/1.1 sur http-8383  
10:45:52.850 INFO [org.apache.coyote.ajp.AjpAprProtocol pause] - Pausing Coyote AJP/1.3 on ajp-8309  
10:45:53.851 INFO [org.apache.catalina.core.StandardService stop] - Arrêt du service Catalina  
10:45:53.895 SEVERE [org.apache.catalina.loader.WebappClassLoader clearReferencesJdbc] - The web application [/Quartis-OptimaTml] registered the JBDC driver [net.sourceforge.jtds.jdbc.Driver] but failed to unregister it when the web application was stopped. To prevent a memory leak, the JDBC Driver has been forcibly unregistered.  
10:45:53.896 SEVERE [org.apache.catalina.loader.WebappClassLoader clearReferencesThreads] - The web application [/Quartis-OptimaTml] appears to have started a thread named [schedulerBean_Worker-1] but has failed to stop it. This is very likely to create a memory leak.  
10:45:53.897 SEVERE [org.apache.catalina.loader.WebappClassLoader clearReferencesThreads] - The web application [/Quartis-OptimaTml] appears to have started a thread named [schedulerBean_Worker-2] but has failed to stop it. This is very likely to create a memory leak.  
10:45:53.897 SEVERE [org.apache.catalina.loader.WebappClassLoader clearReferencesThreads] - The web application [/Quartis-OptimaTml] appears to have started a thread named [schedulerBean_Worker-3] but has failed to stop it. This is very likely to create a memory leak.  
10:45:53.898 SEVERE [org.apache.catalina.loader.WebappClassLoader clearReferencesThreads] - The web application [/Quartis-OptimaTml] appears to have started a thread named [schedulerBean_Worker-4] but has failed to stop it. This is very likely to create a memory leak.  
10:45:53.898 SEVERE [org.apache.catalina.loader.WebappClassLoader clearReferencesThreads] - The web application [/Quartis-OptimaTml] appears to have started a thread named [schedulerBean_Worker-6] but has failed to stop it. This is very likely to create a memory leak.  
10:45:53.899 SEVERE [org.apache.catalina.loader.WebappClassLoader clearReferencesThreads] - The web application [/Quartis-OptimaTml] appears to have started a thread named [schedulerBean_Worker-7] but has failed to stop it. This is very likely to create a memory leak.  
10:45:53.899 SEVERE [org.apache.catalina.loader.WebappClassLoader clearReferencesThreads] - The web application [/Quartis-OptimaTml] appears to have started a thread named [schedulerBean_Worker-8] but has failed to stop it. This is very likely to create a memory leak.  
10:45:53.901 SEVERE [org.apache.catalina.loader.WebappClassLoader clearThreadLocalMap] - The web application [/Quartis-OptimaTml] created a ThreadLocal with key of type [net.sourceforge.jtds.jdbc.DateTime$1] (value [net.sourceforge.jtds.jdbc.DateTime$1@6faa4806]) and a value of type [java.util.GregorianCalendar] (value [java.util.GregorianCalendar[time=1541059944000,areFieldsSet=true,areAllFieldsSet=false,lenient=true,zone=sun.util.calendar.ZoneInfo[id="Europe/Paris",offset=3600000,dstSavings=3600000,useDaylight=true,transitions=184,lastRule=java.util.SimpleTimeZone[id=Europe/Paris,offset=3600000,dstSavings=3600000,useDaylight=true,startYear=0,startMode=2,startMonth=2,startDay=-1,startDayOfWeek=1,startTime=3600000,startTimeMode=2,endMode=2,endMonth=9,endDay=-1,endDayOfWeek=1,endTime=3600000,endTimeMode=2]],firstDayOfWeek=1,minimalDaysInFirstWeek=1,ERA=1,YEAR=2018,MONTH=10,WEEK_OF_YEAR=44,WEEK_OF_MONTH=1,DAY_OF_MONTH=1,DAY_OF_YEAR=305,DAY_OF_WEEK=5,DAY_OF_WEEK_IN_MONTH=1,AM_PM=0,HOUR=9,HOUR_OF_DAY=9,MINUTE=12,SECOND=24,MILLISECOND=0,ZONE_OFFSET=3600000,DST_OFFSET=0]]) but failed to remove it when the web application was stopped. This is very likely to create a memory leak.  
10:45:53.902 SEVERE [org.apache.catalina.loader.WebappClassLoader clearThreadLocalMap] - The web application [/Quartis-OptimaTml] created a ThreadLocal with key of type [net.sourceforge.jtds.jdbc.DateTime$1] (value [net.sourceforge.jtds.jdbc.DateTime$1@6faa4806]) and a value of type [java.util.GregorianCalendar] (value [java.util.GregorianCalendar[time=1541059944000,areFieldsSet=true,areAllFieldsSet=false,lenient=true,zone=sun.util.calendar.ZoneInfo[id="Europe/Paris",offset=3600000,dstSavings=3600000,useDaylight=true,transitions=184,lastRule=java.util.SimpleTimeZone[id=Europe/Paris,offset=3600000,dstSavings=3600000,useDaylight=true,startYear=0,startMode=2,startMonth=2,startDay=-1,startDayOfWeek=1,startTime=3600000,startTimeMode=2,endMode=2,endMonth=9,endDay=-1,endDayOfWeek=1,endTime=3600000,endTimeMode=2]],firstDayOfWeek=1,minimalDaysInFirstWeek=1,ERA=1,YEAR=2018,MONTH=10,WEEK_OF_YEAR=44,WEEK_OF_MONTH=1,DAY_OF_MONTH=1,DAY_OF_YEAR=305,DAY_OF_WEEK=5,DAY_OF_WEEK_IN_MONTH=1,AM_PM=0,HOUR=9,HOUR_OF_DAY=9,MINUTE=12,SECOND=24,MILLISECOND=0,ZONE_OFFSET=3600000,DST_OFFSET=0]]) but failed to remove it when the web application was stopped. This is very likely to create a memory leak.  
10:45:54.360 SEVERE [org.apache.catalina.loader.WebappClassLoader clearReferencesJdbc] - The web application [/Quartis-Web] registered the JBDC driver [net.sourceforge.jtds.jdbc.Driver] but failed to unregister it when the web application was stopped. To prevent a memory leak, the JDBC Driver has been forcibly unregistered.  
10:45:54.361 SEVERE [org.apache.catalina.loader.WebappClassLoader clearReferencesThreads] - The web application [/Quartis-Web] appears to have started a thread named [Timer-0] but has failed to stop it. This is very likely to create a memory leak.  
10:45:54.361 SEVERE [org.apache.catalina.loader.WebappClassLoader clearReferencesThreads] - The web application [/Quartis-Web] appears to have started a thread named [Batik CleanerThread] but has failed to stop it. This is very likely to create a memory leak.  
10:45:55.146 SEVERE [org.apache.catalina.loader.WebappClassLoader clearReferencesJdbc] - The web application [/Quartis-OptimaCjj] registered the JBDC driver [net.sourceforge.jtds.jdbc.Driver] but failed to unregister it when the web application was stopped. To prevent a memory leak, the JDBC Driver has been forcibly unregistered.  
10:45:55.146 SEVERE [org.apache.catalina.loader.WebappClassLoader clearReferencesThreads] - The web application [/Quartis-OptimaCjj] appears to have started a thread named [schedulerBean_Worker-1] but has failed to stop it. This is very likely to create a memory leak.  
10:45:55.147 SEVERE [org.apache.catalina.loader.WebappClassLoader clearReferencesThreads] - The web application [/Quartis-OptimaCjj] appears to have started a thread named [schedulerBean_Worker-2] but has failed to stop it. This is very likely to create a memory leak.  
10:45:55.148 SEVERE [org.apache.catalina.loader.WebappClassLoader clearReferencesThreads] - The web application [/Quartis-OptimaCjj] appears to have started a thread named [schedulerBean_Worker-3] but has failed to stop it. This is very likely to create a memory leak.  
10:45:55.148 SEVERE [org.apache.catalina.loader.WebappClassLoader clearReferencesThreads] - The web application [/Quartis-OptimaCjj] appears to have started a thread named [schedulerBean_Worker-4] but has failed to stop it. This is very likely to create a memory leak.  
10:45:55.149 SEVERE [org.apache.catalina.loader.WebappClassLoader clearReferencesThreads] - The web application [/Quartis-OptimaCjj] appears to have started a thread named [schedulerBean_Worker-5] but has failed to stop it. This is very likely to create a memory leak.  
10:45:55.149 SEVERE [org.apache.catalina.loader.WebappClassLoader clearReferencesThreads] - The web application [/Quartis-OptimaCjj] appears to have started a thread named [schedulerBean_Worker-6] but has failed to stop it. This is very likely to create a memory leak.  
10:45:55.150 SEVERE [org.apache.catalina.loader.WebappClassLoader clearReferencesThreads] - The web application [/Quartis-OptimaCjj] appears to have started a thread named [schedulerBean_Worker-7] but has failed to stop it. This is very likely to create a memory leak.  
10:45:55.150 SEVERE [org.apache.catalina.loader.WebappClassLoader clearReferencesThreads] - The web application [/Quartis-OptimaCjj] appears to have started a thread named [schedulerBean_Worker-8] but has failed to stop it. This is very likely to create a memory leak.  
10:45:55.151 SEVERE [org.apache.catalina.loader.WebappClassLoader clearReferencesThreads] - The web application [/Quartis-OptimaCjj] appears to have started a thread named [schedulerBean_Worker-9] but has failed to stop it. This is very likely to create a memory leak.  
10:45:55.151 SEVERE [org.apache.catalina.loader.WebappClassLoader clearReferencesThreads] - The web application [/Quartis-OptimaCjj] appears to have started a thread named [schedulerBean_Worker-10] but has failed to stop it. This is very likely to create a memory leak.  
10:45:55.461 SEVERE [org.apache.catalina.loader.WebappClassLoader clearReferencesThreads] - The web application [/Quartis-OptimaCorrection] appears to have started a thread named [Session Monitor] but has failed to stop it. This is very likely to create a memory leak.  
10:45:55.462 SEVERE [org.apache.catalina.loader.WebappClassLoader clearReferencesThreads] - The web application [/Quartis-OptimaCorrection] appears to have started a thread named [Monitor Runner] but has failed to stop it. This is very likely to create a memory leak.  
10:45:55.620 INFO [org.apache.coyote.http11.Http11NioProtocol destroy] - Arrêt de Coyote HTTP/1.1 sur http-8383  
10:45:56.733 INFO [org.apache.coyote.ajp.AjpAprProtocol destroy] - Stopping Coyote AJP/1.3 on ajp-8309  
