15:43:04.612 INFOS [org.apache.catalina.core.AprLifecycleListener init] - Loaded APR based Apache Tomcat Native library 1.1.20.  
15:43:04.643 INFOS [org.apache.catalina.core.AprLifecycleListener init] - APR capabilities: IPv6 [true], sendfile [true], accept filters [false], random [true].  
15:43:09.386 INFOS [org.apache.tomcat.util.net.NioSelectorPool getSharedSelector] - Using a shared selector for servlet write/read  
15:43:09.495 INFOS [org.apache.coyote.http11.Http11NioProtocol init] - Initialisation de Coyote HTTP/1.1 sur http-8383  
15:43:09.495 INFOS [org.apache.coyote.ajp.AjpAprProtocol init] - Initializing Coyote AJP/1.3 on ajp-8309  
15:43:09.495 INFOS [org.apache.catalina.startup.Catalina load] - Initialization processed in 9936 ms  
15:43:09.838 INFOS [org.apache.catalina.core.StandardService start] - Démarrage du service Catalina  
15:43:09.838 INFOS [org.apache.catalina.core.StandardEngine start] - Starting Servlet Engine: Apache Tomcat/6.0.29  
15:43:09.838 INFOS [org.apache.catalina.startup.HostConfig deployDescriptor] - Déploiement du descripteur de configuration host-manager.xml  
15:43:11.835 INFOS [org.apache.catalina.startup.HostConfig deployDescriptor] - Déploiement du descripteur de configuration manager.xml  
15:43:11.913 INFOS [org.apache.catalina.startup.HostConfig deployDescriptor] - Déploiement du descripteur de configuration Quartis-Dictionary.xml  
15:43:12.521 INFOS [org.apache.catalina.loader.WebappClassLoader validateJarFile] - validateJarFile(C:\Osys\QuartisTools\Tomcat\webapps\Quartis-Dictionary\WEB-INF\lib\servlet-api.jar) - jar not loaded. See Servlet Spec 2.3, section 9.7.2. Offending class: javax/servlet/Servlet.class  
15:43:12.599 INFOS [org.apache.catalina.startup.HostConfig deployDescriptor] - Déploiement du descripteur de configuration Quartis-LicenceWeb.xml  
15:43:12.802 INFOS [org.apache.catalina.startup.HostConfig deployDescriptor] - Déploiement du descripteur de configuration Quartis-OptimaCorrection.xml  
15:43:15.080 INFOS [com.sun.faces.config.ConfigureListener contextInitialized] - Initializing Sun's JavaServer Faces implementation (1.2_04-b20-p03) for context '/Quartis-OptimaCorrection'  
15:43:23.878 INFOS [org.apache.catalina.startup.HostConfig deployDescriptor] - Déploiement du descripteur de configuration Quartis-Web.xml  
15:43:29.806 GRAVE [org.apache.catalina.session.StandardManager doLoad] - "IOException" lors du chargement de sessions persistantes: java.io.WriteAbortedException: writing aborted; java.io.NotSerializableException: quartisweb.generic.renderer.GenericRendererFilter 
java.io.WriteAbortedException: writing aborted; java.io.NotSerializableException: quartisweb.generic.renderer.GenericRendererFilter
	at java.io.ObjectInputStream.readObject0(Unknown Source)
	at java.io.ObjectInputStream.defaultReadFields(Unknown Source)
	at java.io.ObjectInputStream.readSerialData(Unknown Source)
	at java.io.ObjectInputStream.readOrdinaryObject(Unknown Source)
	at java.io.ObjectInputStream.readObject0(Unknown Source)
	at java.io.ObjectInputStream.readObject(Unknown Source)
	at java.util.ArrayList.readObject(Unknown Source)
	at sun.reflect.NativeMethodAccessorImpl.invoke0(Native Method)
	at sun.reflect.NativeMethodAccessorImpl.invoke(Unknown Source)
	at sun.reflect.DelegatingMethodAccessorImpl.invoke(Unknown Source)
	at java.lang.reflect.Method.invoke(Unknown Source)
	at java.io.ObjectStreamClass.invokeReadObject(Unknown Source)
	at java.io.ObjectInputStream.readSerialData(Unknown Source)
	at java.io.ObjectInputStream.readOrdinaryObject(Unknown Source)
	at java.io.ObjectInputStream.readObject0(Unknown Source)
	at java.io.ObjectInputStream.readObject(Unknown Source)
	at org.apache.catalina.session.StandardSession.readObject(StandardSession.java:1475)
	at org.apache.catalina.session.StandardSession.readObjectData(StandardSession.java:977)
	at org.apache.catalina.session.StandardManager.doLoad(StandardManager.java:394)
	at org.apache.catalina.session.StandardManager.load(StandardManager.java:321)
	at org.apache.catalina.session.StandardManager.start(StandardManager.java:643)
	at org.apache.catalina.core.ContainerBase.setManager(ContainerBase.java:438)
	at org.apache.catalina.core.StandardContext.start(StandardContext.java:4559)
	at org.apache.catalina.core.ContainerBase.addChildInternal(ContainerBase.java:791)
	at org.apache.catalina.core.ContainerBase.addChild(ContainerBase.java:771)
	at org.apache.catalina.core.StandardHost.addChild(StandardHost.java:546)
	at org.apache.catalina.startup.HostConfig.deployDescriptor(HostConfig.java:637)
	at org.apache.catalina.startup.HostConfig.deployDescriptors(HostConfig.java:563)
	at org.apache.catalina.startup.HostConfig.deployApps(HostConfig.java:498)
	at org.apache.catalina.startup.HostConfig.start(HostConfig.java:1277)
	at org.apache.catalina.startup.HostConfig.lifecycleEvent(HostConfig.java:321)
	at org.apache.catalina.util.LifecycleSupport.fireLifecycleEvent(LifecycleSupport.java:119)
	at org.apache.catalina.core.ContainerBase.start(ContainerBase.java:1053)
	at org.apache.catalina.core.StandardHost.start(StandardHost.java:785)
	at org.apache.catalina.core.ContainerBase.start(ContainerBase.java:1045)
	at org.apache.catalina.core.StandardEngine.start(StandardEngine.java:445)
	at org.apache.catalina.core.StandardService.start(StandardService.java:519)
	at org.apache.catalina.core.StandardServer.start(StandardServer.java:710)
	at org.apache.catalina.startup.Catalina.start(Catalina.java:581)
	at sun.reflect.NativeMethodAccessorImpl.invoke0(Native Method)
	at sun.reflect.NativeMethodAccessorImpl.invoke(Unknown Source)
	at sun.reflect.DelegatingMethodAccessorImpl.invoke(Unknown Source)
	at java.lang.reflect.Method.invoke(Unknown Source)
	at org.apache.catalina.startup.Bootstrap.start(Bootstrap.java:289)
	at org.apache.catalina.startup.Bootstrap.main(Bootstrap.java:414)
Caused by: java.io.NotSerializableException: quartisweb.generic.renderer.GenericRendererFilter
	at java.io.ObjectOutputStream.writeObject0(Unknown Source)
	at java.io.ObjectOutputStream.defaultWriteFields(Unknown Source)
	at java.io.ObjectOutputStream.writeSerialData(Unknown Source)
	at java.io.ObjectOutputStream.writeOrdinaryObject(Unknown Source)
	at java.io.ObjectOutputStream.writeObject0(Unknown Source)
	at java.io.ObjectOutputStream.writeObject(Unknown Source)
	at java.util.ArrayList.writeObject(Unknown Source)
	at sun.reflect.GeneratedMethodAccessor915.invoke(Unknown Source)
	at sun.reflect.DelegatingMethodAccessorImpl.invoke(Unknown Source)
	at java.lang.reflect.Method.invoke(Unknown Source)
	at java.io.ObjectStreamClass.invokeWriteObject(Unknown Source)
	at java.io.ObjectOutputStream.writeSerialData(Unknown Source)
	at java.io.ObjectOutputStream.writeOrdinaryObject(Unknown Source)
	at java.io.ObjectOutputStream.writeObject0(Unknown Source)
	at java.io.ObjectOutputStream.writeObject(Unknown Source)
	at org.apache.catalina.session.StandardSession.writeObject(StandardSession.java:1551)
	at org.apache.catalina.session.StandardSession.writeObjectData(StandardSession.java:994)
	at org.apache.catalina.session.StandardManager.doUnload(StandardManager.java:523)
	at org.apache.catalina.session.StandardManager.unload(StandardManager.java:469)
	at org.apache.catalina.session.StandardManager.stop(StandardManager.java:673)
	at org.apache.catalina.core.StandardContext.stop(StandardContext.java:4774)
	at org.apache.catalina.core.ContainerBase.removeChild(ContainerBase.java:924)
	at org.apache.catalina.startup.HostConfig.undeployApps(HostConfig.java:1319)
	at org.apache.catalina.startup.HostConfig.stop(HostConfig.java:1290)
	at org.apache.catalina.startup.HostConfig.lifecycleEvent(HostConfig.java:323)
	at org.apache.catalina.util.LifecycleSupport.fireLifecycleEvent(LifecycleSupport.java:119)
	at org.apache.catalina.core.ContainerBase.stop(ContainerBase.java:1086)
	at org.apache.catalina.core.ContainerBase.stop(ContainerBase.java:1098)
	at org.apache.catalina.core.StandardEngine.stop(StandardEngine.java:450)
	at org.apache.catalina.core.StandardService.stop(StandardService.java:587)
	at org.apache.catalina.core.StandardServer.stop(StandardServer.java:744)
	at org.apache.catalina.startup.Catalina.stop(Catalina.java:648)
	at org.apache.catalina.startup.Catalina.start(Catalina.java:615)
	... 6 more
 
15:43:29.806 GRAVE [org.apache.catalina.session.StandardManager start] - Exception au chargement des sessions depuis le stockage persistant (persistent storage) 
java.io.WriteAbortedException: writing aborted; java.io.NotSerializableException: quartisweb.generic.renderer.GenericRendererFilter
	at java.io.ObjectInputStream.readObject0(Unknown Source)
	at java.io.ObjectInputStream.defaultReadFields(Unknown Source)
	at java.io.ObjectInputStream.readSerialData(Unknown Source)
	at java.io.ObjectInputStream.readOrdinaryObject(Unknown Source)
	at java.io.ObjectInputStream.readObject0(Unknown Source)
	at java.io.ObjectInputStream.readObject(Unknown Source)
	at java.util.ArrayList.readObject(Unknown Source)
	at sun.reflect.NativeMethodAccessorImpl.invoke0(Native Method)
	at sun.reflect.NativeMethodAccessorImpl.invoke(Unknown Source)
	at sun.reflect.DelegatingMethodAccessorImpl.invoke(Unknown Source)
	at java.lang.reflect.Method.invoke(Unknown Source)
	at java.io.ObjectStreamClass.invokeReadObject(Unknown Source)
	at java.io.ObjectInputStream.readSerialData(Unknown Source)
	at java.io.ObjectInputStream.readOrdinaryObject(Unknown Source)
	at java.io.ObjectInputStream.readObject0(Unknown Source)
	at java.io.ObjectInputStream.readObject(Unknown Source)
	at org.apache.catalina.session.StandardSession.readObject(StandardSession.java:1475)
	at org.apache.catalina.session.StandardSession.readObjectData(StandardSession.java:977)
	at org.apache.catalina.session.StandardManager.doLoad(StandardManager.java:394)
	at org.apache.catalina.session.StandardManager.load(StandardManager.java:321)
	at org.apache.catalina.session.StandardManager.start(StandardManager.java:643)
	at org.apache.catalina.core.ContainerBase.setManager(ContainerBase.java:438)
	at org.apache.catalina.core.StandardContext.start(StandardContext.java:4559)
	at org.apache.catalina.core.ContainerBase.addChildInternal(ContainerBase.java:791)
	at org.apache.catalina.core.ContainerBase.addChild(ContainerBase.java:771)
	at org.apache.catalina.core.StandardHost.addChild(StandardHost.java:546)
	at org.apache.catalina.startup.HostConfig.deployDescriptor(HostConfig.java:637)
	at org.apache.catalina.startup.HostConfig.deployDescriptors(HostConfig.java:563)
	at org.apache.catalina.startup.HostConfig.deployApps(HostConfig.java:498)
	at org.apache.catalina.startup.HostConfig.start(HostConfig.java:1277)
	at org.apache.catalina.startup.HostConfig.lifecycleEvent(HostConfig.java:321)
	at org.apache.catalina.util.LifecycleSupport.fireLifecycleEvent(LifecycleSupport.java:119)
	at org.apache.catalina.core.ContainerBase.start(ContainerBase.java:1053)
	at org.apache.catalina.core.StandardHost.start(StandardHost.java:785)
	at org.apache.catalina.core.ContainerBase.start(ContainerBase.java:1045)
	at org.apache.catalina.core.StandardEngine.start(StandardEngine.java:445)
	at org.apache.catalina.core.StandardService.start(StandardService.java:519)
	at org.apache.catalina.core.StandardServer.start(StandardServer.java:710)
	at org.apache.catalina.startup.Catalina.start(Catalina.java:581)
	at sun.reflect.NativeMethodAccessorImpl.invoke0(Native Method)
	at sun.reflect.NativeMethodAccessorImpl.invoke(Unknown Source)
	at sun.reflect.DelegatingMethodAccessorImpl.invoke(Unknown Source)
	at java.lang.reflect.Method.invoke(Unknown Source)
	at org.apache.catalina.startup.Bootstrap.start(Bootstrap.java:289)
	at org.apache.catalina.startup.Bootstrap.main(Bootstrap.java:414)
Caused by: java.io.NotSerializableException: quartisweb.generic.renderer.GenericRendererFilter
	at java.io.ObjectOutputStream.writeObject0(Unknown Source)
	at java.io.ObjectOutputStream.defaultWriteFields(Unknown Source)
	at java.io.ObjectOutputStream.writeSerialData(Unknown Source)
	at java.io.ObjectOutputStream.writeOrdinaryObject(Unknown Source)
	at java.io.ObjectOutputStream.writeObject0(Unknown Source)
	at java.io.ObjectOutputStream.writeObject(Unknown Source)
	at java.util.ArrayList.writeObject(Unknown Source)
	at sun.reflect.GeneratedMethodAccessor915.invoke(Unknown Source)
	at sun.reflect.DelegatingMethodAccessorImpl.invoke(Unknown Source)
	at java.lang.reflect.Method.invoke(Unknown Source)
	at java.io.ObjectStreamClass.invokeWriteObject(Unknown Source)
	at java.io.ObjectOutputStream.writeSerialData(Unknown Source)
	at java.io.ObjectOutputStream.writeOrdinaryObject(Unknown Source)
	at java.io.ObjectOutputStream.writeObject0(Unknown Source)
	at java.io.ObjectOutputStream.writeObject(Unknown Source)
	at org.apache.catalina.session.StandardSession.writeObject(StandardSession.java:1551)
	at org.apache.catalina.session.StandardSession.writeObjectData(StandardSession.java:994)
	at org.apache.catalina.session.StandardManager.doUnload(StandardManager.java:523)
	at org.apache.catalina.session.StandardManager.unload(StandardManager.java:469)
	at org.apache.catalina.session.StandardManager.stop(StandardManager.java:673)
	at org.apache.catalina.core.StandardContext.stop(StandardContext.java:4774)
	at org.apache.catalina.core.ContainerBase.removeChild(ContainerBase.java:924)
	at org.apache.catalina.startup.HostConfig.undeployApps(HostConfig.java:1319)
	at org.apache.catalina.startup.HostConfig.stop(HostConfig.java:1290)
	at org.apache.catalina.startup.HostConfig.lifecycleEvent(HostConfig.java:323)
	at org.apache.catalina.util.LifecycleSupport.fireLifecycleEvent(LifecycleSupport.java:119)
	at org.apache.catalina.core.ContainerBase.stop(ContainerBase.java:1086)
	at org.apache.catalina.core.ContainerBase.stop(ContainerBase.java:1098)
	at org.apache.catalina.core.StandardEngine.stop(StandardEngine.java:450)
	at org.apache.catalina.core.StandardService.stop(StandardService.java:587)
	at org.apache.catalina.core.StandardServer.stop(StandardServer.java:744)
	at org.apache.catalina.startup.Catalina.stop(Catalina.java:648)
	at org.apache.catalina.startup.Catalina.start(Catalina.java:615)
	... 6 more
 
15:43:41.444 INFOS [com.sun.faces.config.ConfigureListener contextInitialized] - Initializing Sun's JavaServer Faces implementation (1.2_04-b20-p03) for context '/Quartis-Web'  
15:43:46.139 INFOS [org.apache.catalina.startup.HostConfig deployWAR] - Déploiement de l'archive Quartis-OptimaCjj.war de l'application web  
15:43:47.512 INFOS [org.apache.catalina.core.StandardContext addApplicationListener] - The listener "com.sun.faces.config.ConfigureListener" is already configured for this context. The duplicate definition has been ignored.  
15:43:47.512 INFOS [org.apache.catalina.core.StandardContext addApplicationListener] - The listener "com.sun.faces.config.ConfigureListener" is already configured for this context. The duplicate definition has been ignored.  
15:43:47.684 INFOS [com.sun.faces.config.ConfigureListener contextInitialized] - Initialisation de Mojarra 2.2.4 ( 20131003-1354 https://svn.java.net/svn/mojarra~svn/tags/2.2.4@12574) pour le contexte «/Quartis-OptimaCjj»  
15:43:51.381 INFOS [org.primefaces.webapp.PostConstructApplicationEventListener processEvent] - Running on PrimeFaces 5.3  
15:43:51.381 INFOS [org.primefaces.extensions.application.PostConstructApplicationEventListener processEvent] - Running on PrimeFaces Extensions 4.0.0  
15:43:59.446 INFOS [org.apache.catalina.startup.HostConfig deployWAR] - Déploiement de l'archive Quartis-OptimaTml.war de l'application web  
15:44:03.638 INFOS [org.apache.catalina.core.StandardContext addApplicationListener] - The listener "com.sun.faces.config.ConfigureListener" is already configured for this context. The duplicate definition has been ignored.  
15:44:03.638 INFOS [org.apache.catalina.core.StandardContext addApplicationListener] - The listener "com.sun.faces.config.ConfigureListener" is already configured for this context. The duplicate definition has been ignored.  
15:44:05.039 INFOS [com.sun.faces.config.ConfigureListener contextInitialized] - Initialisation de Mojarra 2.2.4 ( 20131003-1354 https://svn.java.net/svn/mojarra~svn/tags/2.2.4@12574) pour le contexte «/Quartis-OptimaTml»  
15:44:17.800 INFOS [org.primefaces.webapp.PostConstructApplicationEventListener processEvent] - Running on PrimeFaces 5.0  
15:44:17.800 INFOS [org.primefaces.extensions.application.PostConstructApplicationEventListener processEvent] - Running on PrimeFaces Extensions 2.0.0  
15:44:24.430 INFOS [org.apache.catalina.startup.HostConfig deployDirectory] - Déploiement du répertoire docs de l'application web  
15:44:24.633 INFOS [org.apache.catalina.startup.HostConfig deployDirectory] - Déploiement du répertoire examples de l'application web  
15:44:25.507 INFOS [org.apache.catalina.startup.HostConfig deployDirectory] - Déploiement du répertoire ROOT de l'application web  
15:44:25.663 INFOS [org.apache.coyote.http11.Http11NioProtocol start] - Démarrage de Coyote HTTP/1.1 sur http-8383  
15:44:25.756 INFOS [org.apache.coyote.ajp.AjpAprProtocol start] - Starting Coyote AJP/1.3 on ajp-8309  
15:44:25.772 INFOS [org.apache.catalina.startup.Catalina start] - Server startup in 76266 ms  
15:46:19.530 INFOS [org.apache.coyote.http11.Http11NioProtocol pause] - Suspension de Coyote HTTP/1.1 sur http-8383  
15:46:19.531 INFOS [org.apache.coyote.ajp.AjpAprProtocol pause] - Pausing Coyote AJP/1.3 on ajp-8309  
15:46:20.534 INFOS [org.apache.catalina.core.StandardService stop] - Arrêt du service Catalina  
15:46:20.597 GRAVE [org.apache.catalina.loader.WebappClassLoader clearReferencesJdbc] - The web application [/Quartis-OptimaTml] registered the JBDC driver [net.sourceforge.jtds.jdbc.Driver] but failed to unregister it when the web application was stopped. To prevent a memory leak, the JDBC Driver has been forcibly unregistered.  
15:46:20.597 GRAVE [org.apache.catalina.loader.WebappClassLoader clearReferencesThreads] - The web application [/Quartis-OptimaTml] appears to have started a thread named [schedulerBean_Worker-1] but has failed to stop it. This is very likely to create a memory leak.  
15:46:20.597 GRAVE [org.apache.catalina.loader.WebappClassLoader clearReferencesThreads] - The web application [/Quartis-OptimaTml] appears to have started a thread named [schedulerBean_Worker-2] but has failed to stop it. This is very likely to create a memory leak.  
15:46:20.597 GRAVE [org.apache.catalina.loader.WebappClassLoader clearReferencesThreads] - The web application [/Quartis-OptimaTml] appears to have started a thread named [schedulerBean_Worker-3] but has failed to stop it. This is very likely to create a memory leak.  
15:46:20.597 GRAVE [org.apache.catalina.loader.WebappClassLoader clearReferencesThreads] - The web application [/Quartis-OptimaTml] appears to have started a thread named [schedulerBean_Worker-4] but has failed to stop it. This is very likely to create a memory leak.  
15:46:20.597 GRAVE [org.apache.catalina.loader.WebappClassLoader clearReferencesThreads] - The web application [/Quartis-OptimaTml] appears to have started a thread named [schedulerBean_Worker-5] but has failed to stop it. This is very likely to create a memory leak.  
15:46:20.597 GRAVE [org.apache.catalina.loader.WebappClassLoader clearReferencesThreads] - The web application [/Quartis-OptimaTml] appears to have started a thread named [schedulerBean_Worker-6] but has failed to stop it. This is very likely to create a memory leak.  
15:46:20.597 GRAVE [org.apache.catalina.loader.WebappClassLoader clearReferencesThreads] - The web application [/Quartis-OptimaTml] appears to have started a thread named [schedulerBean_Worker-7] but has failed to stop it. This is very likely to create a memory leak.  
15:46:20.597 GRAVE [org.apache.catalina.loader.WebappClassLoader clearReferencesThreads] - The web application [/Quartis-OptimaTml] appears to have started a thread named [schedulerBean_Worker-8] but has failed to stop it. This is very likely to create a memory leak.  
15:46:20.597 GRAVE [org.apache.catalina.loader.WebappClassLoader clearReferencesThreads] - The web application [/Quartis-OptimaTml] appears to have started a thread named [schedulerBean_Worker-9] but has failed to stop it. This is very likely to create a memory leak.  
15:46:20.597 GRAVE [org.apache.catalina.loader.WebappClassLoader clearReferencesThreads] - The web application [/Quartis-OptimaTml] appears to have started a thread named [schedulerBean_Worker-10] but has failed to stop it. This is very likely to create a memory leak.  
15:46:21.486 GRAVE [org.apache.catalina.loader.WebappClassLoader clearReferencesJdbc] - The web application [/Quartis-Web] registered the JBDC driver [net.sourceforge.jtds.jdbc.Driver] but failed to unregister it when the web application was stopped. To prevent a memory leak, the JDBC Driver has been forcibly unregistered.  
15:46:21.486 GRAVE [org.apache.catalina.loader.WebappClassLoader clearReferencesThreads] - The web application [/Quartis-Web] appears to have started a thread named [Timer-0] but has failed to stop it. This is very likely to create a memory leak.  
15:46:21.486 GRAVE [org.apache.catalina.loader.WebappClassLoader clearReferencesThreads] - The web application [/Quartis-Web] appears to have started a thread named [Batik CleanerThread] but has failed to stop it. This is very likely to create a memory leak.  
15:46:23.654 GRAVE [org.apache.catalina.loader.WebappClassLoader clearReferencesJdbc] - The web application [/Quartis-OptimaCjj] registered the JBDC driver [net.sourceforge.jtds.jdbc.Driver] but failed to unregister it when the web application was stopped. To prevent a memory leak, the JDBC Driver has been forcibly unregistered.  
15:46:23.654 GRAVE [org.apache.catalina.loader.WebappClassLoader clearReferencesThreads] - The web application [/Quartis-OptimaCjj] appears to have started a thread named [schedulerBean_Worker-1] but has failed to stop it. This is very likely to create a memory leak.  
15:46:23.654 GRAVE [org.apache.catalina.loader.WebappClassLoader clearReferencesThreads] - The web application [/Quartis-OptimaCjj] appears to have started a thread named [schedulerBean_Worker-2] but has failed to stop it. This is very likely to create a memory leak.  
15:46:23.654 GRAVE [org.apache.catalina.loader.WebappClassLoader clearReferencesThreads] - The web application [/Quartis-OptimaCjj] appears to have started a thread named [schedulerBean_Worker-3] but has failed to stop it. This is very likely to create a memory leak.  
15:46:23.654 GRAVE [org.apache.catalina.loader.WebappClassLoader clearReferencesThreads] - The web application [/Quartis-OptimaCjj] appears to have started a thread named [schedulerBean_Worker-4] but has failed to stop it. This is very likely to create a memory leak.  
15:46:23.654 GRAVE [org.apache.catalina.loader.WebappClassLoader clearReferencesThreads] - The web application [/Quartis-OptimaCjj] appears to have started a thread named [schedulerBean_Worker-5] but has failed to stop it. This is very likely to create a memory leak.  
15:46:23.654 GRAVE [org.apache.catalina.loader.WebappClassLoader clearReferencesThreads] - The web application [/Quartis-OptimaCjj] appears to have started a thread named [schedulerBean_Worker-6] but has failed to stop it. This is very likely to create a memory leak.  
15:46:23.654 GRAVE [org.apache.catalina.loader.WebappClassLoader clearReferencesThreads] - The web application [/Quartis-OptimaCjj] appears to have started a thread named [schedulerBean_Worker-7] but has failed to stop it. This is very likely to create a memory leak.  
15:46:23.654 GRAVE [org.apache.catalina.loader.WebappClassLoader clearReferencesThreads] - The web application [/Quartis-OptimaCjj] appears to have started a thread named [schedulerBean_Worker-8] but has failed to stop it. This is very likely to create a memory leak.  
15:46:23.654 GRAVE [org.apache.catalina.loader.WebappClassLoader clearReferencesThreads] - The web application [/Quartis-OptimaCjj] appears to have started a thread named [schedulerBean_Worker-9] but has failed to stop it. This is very likely to create a memory leak.  
15:46:23.654 GRAVE [org.apache.catalina.loader.WebappClassLoader clearReferencesThreads] - The web application [/Quartis-OptimaCjj] appears to have started a thread named [schedulerBean_Worker-10] but has failed to stop it. This is very likely to create a memory leak.  
15:46:24.060 GRAVE [org.apache.catalina.loader.WebappClassLoader clearReferencesThreads] - The web application [/Quartis-OptimaCorrection] appears to have started a thread named [Session Monitor] but has failed to stop it. This is very likely to create a memory leak.  
15:46:24.060 GRAVE [org.apache.catalina.loader.WebappClassLoader clearReferencesThreads] - The web application [/Quartis-OptimaCorrection] appears to have started a thread named [Monitor Runner] but has failed to stop it. This is very likely to create a memory leak.  
15:46:24.341 INFOS [org.apache.coyote.http11.Http11NioProtocol destroy] - Arrêt de Coyote HTTP/1.1 sur http-8383  
15:46:25.464 INFOS [org.apache.coyote.ajp.AjpAprProtocol destroy] - Stopping Coyote AJP/1.3 on ajp-8309  
15:46:26.681 INFOS [org.apache.catalina.core.AprLifecycleListener init] - Loaded APR based Apache Tomcat Native library 1.1.20.  
15:46:26.681 INFOS [org.apache.catalina.core.AprLifecycleListener init] - APR capabilities: IPv6 [true], sendfile [true], accept filters [false], random [true].  
15:46:27.180 INFOS [org.apache.tomcat.util.net.NioSelectorPool getSharedSelector] - Using a shared selector for servlet write/read  
15:46:27.180 INFOS [org.apache.coyote.http11.Http11NioProtocol init] - Initialisation de Coyote HTTP/1.1 sur http-8383  
15:46:27.180 INFOS [org.apache.coyote.ajp.AjpAprProtocol init] - Initializing Coyote AJP/1.3 on ajp-8309  
15:46:27.180 INFOS [org.apache.catalina.startup.Catalina load] - Initialization processed in 699 ms  
15:46:27.211 INFOS [org.apache.catalina.core.StandardService start] - Démarrage du service Catalina  
15:46:27.211 INFOS [org.apache.catalina.core.StandardEngine start] - Starting Servlet Engine: Apache Tomcat/6.0.29  
15:46:27.211 INFOS [org.apache.catalina.startup.HostConfig deployDescriptor] - Déploiement du descripteur de configuration host-manager.xml  
15:46:27.383 INFOS [org.apache.catalina.startup.HostConfig deployDescriptor] - Déploiement du descripteur de configuration manager.xml  
15:46:27.429 INFOS [org.apache.catalina.startup.HostConfig deployDescriptor] - Déploiement du descripteur de configuration Quartis-Dictionary.xml  
15:46:27.461 INFOS [org.apache.catalina.loader.WebappClassLoader validateJarFile] - validateJarFile(C:\Osys\QuartisTools\Tomcat\webapps\Quartis-Dictionary\WEB-INF\lib\servlet-api.jar) - jar not loaded. See Servlet Spec 2.3, section 9.7.2. Offending class: javax/servlet/Servlet.class  
15:46:27.507 INFOS [org.apache.catalina.startup.HostConfig deployDescriptor] - Déploiement du descripteur de configuration Quartis-LicenceWeb.xml  
15:46:27.554 INFOS [org.apache.catalina.startup.HostConfig deployDescriptor] - Déploiement du descripteur de configuration Quartis-OptimaCorrection.xml  
15:46:28.007 INFOS [com.sun.faces.config.ConfigureListener contextInitialized] - Initializing Sun's JavaServer Faces implementation (1.2_04-b20-p03) for context '/Quartis-OptimaCorrection'  
15:46:28.802 INFOS [org.apache.catalina.startup.HostConfig deployDescriptor] - Déploiement du descripteur de configuration Quartis-Web.xml  
15:46:30.518 INFOS [com.sun.faces.config.ConfigureListener contextInitialized] - Initializing Sun's JavaServer Faces implementation (1.2_04-b20-p03) for context '/Quartis-Web'  
15:46:32.811 INFOS [org.apache.catalina.startup.HostConfig deployWAR] - Déploiement de l'archive Quartis-OptimaCjj.war de l'application web  
15:46:32.952 INFOS [org.apache.catalina.core.StandardContext addApplicationListener] - The listener "com.sun.faces.config.ConfigureListener" is already configured for this context. The duplicate definition has been ignored.  
15:46:32.952 INFOS [org.apache.catalina.core.StandardContext addApplicationListener] - The listener "com.sun.faces.config.ConfigureListener" is already configured for this context. The duplicate definition has been ignored.  
15:46:33.014 INFOS [com.sun.faces.config.ConfigureListener contextInitialized] - Initialisation de Mojarra 2.2.4 ( 20131003-1354 https://svn.java.net/svn/mojarra~svn/tags/2.2.4@12574) pour le contexte «/Quartis-OptimaCjj»  
15:46:34.387 INFOS [org.primefaces.webapp.PostConstructApplicationEventListener processEvent] - Running on PrimeFaces 5.3  
15:46:34.387 INFOS [org.primefaces.extensions.application.PostConstructApplicationEventListener processEvent] - Running on PrimeFaces Extensions 4.0.0  
15:46:37.086 INFOS [org.apache.catalina.startup.HostConfig deployWAR] - Déploiement de l'archive Quartis-OptimaTml.war de l'application web  
15:46:37.179 INFOS [org.apache.catalina.core.StandardContext addApplicationListener] - The listener "com.sun.faces.config.ConfigureListener" is already configured for this context. The duplicate definition has been ignored.  
15:46:37.179 INFOS [org.apache.catalina.core.StandardContext addApplicationListener] - The listener "com.sun.faces.config.ConfigureListener" is already configured for this context. The duplicate definition has been ignored.  
15:46:37.242 INFOS [com.sun.faces.config.ConfigureListener contextInitialized] - Initialisation de Mojarra 2.2.4 ( 20131003-1354 https://svn.java.net/svn/mojarra~svn/tags/2.2.4@12574) pour le contexte «/Quartis-OptimaTml»  
15:46:38.240 INFOS [org.primefaces.webapp.PostConstructApplicationEventListener processEvent] - Running on PrimeFaces 5.0  
15:46:38.240 INFOS [org.primefaces.extensions.application.PostConstructApplicationEventListener processEvent] - Running on PrimeFaces Extensions 2.0.0  
15:46:40.103 INFOS [org.apache.catalina.startup.HostConfig deployDirectory] - Déploiement du répertoire docs de l'application web  
15:46:40.103 INFOS [org.apache.catalina.startup.HostConfig deployDirectory] - Déploiement du répertoire examples de l'application web  
15:46:40.149 INFOS [org.apache.catalina.startup.HostConfig deployDirectory] - Déploiement du répertoire ROOT de l'application web  
15:46:40.181 INFOS [org.apache.coyote.http11.Http11NioProtocol start] - Démarrage de Coyote HTTP/1.1 sur http-8383  
15:46:40.227 INFOS [org.apache.coyote.ajp.AjpAprProtocol start] - Starting Coyote AJP/1.3 on ajp-8309  
15:46:40.227 INFOS [org.apache.catalina.startup.Catalina start] - Server startup in 13043 ms  
15:49:27.865 AVERTISSEMENT [org.apache.tomcat.util.http.Parameters processParameters] - Parameters: Invalid chunk '' ignored.  
15:56:16.800 WARNING [org.apache.tomcat.util.http.Parameters processParameters] - Parameters: Invalid chunk '' ignored.  
15:56:16.857 WARNING [org.apache.tomcat.util.http.Parameters processParameters] - Parameters: Invalid chunk '' ignored.  
16:10:04.477 WARNING [org.apache.tomcat.util.http.Parameters processParameters] - Parameters: Invalid chunk '' ignored.  
16:16:11.223 WARNING [org.apache.tomcat.util.http.Parameters processParameters] - Parameters: Invalid chunk '' ignored.  
