15:51:03.424 INFO [org.apache.coyote.http11.Http11NioProtocol pause] - Suspension de Coyote HTTP/1.1 sur http-8383  
15:51:03.424 INFO [org.apache.coyote.ajp.AjpAprProtocol pause] - Pausing Coyote AJP/1.3 on ajp-8309  
15:51:04.439 INFO [org.apache.catalina.core.StandardService stop] - Arrêt du service Catalina  
15:51:04.532 SEVERE [org.apache.catalina.loader.WebappClassLoader clearReferencesJdbc] - The web application [/Quartis-OptimaTml] registered the JBDC driver [net.sourceforge.jtds.jdbc.Driver] but failed to unregister it when the web application was stopped. To prevent a memory leak, the JDBC Driver has been forcibly unregistered.  
15:51:04.532 SEVERE [org.apache.catalina.loader.WebappClassLoader clearReferencesThreads] - The web application [/Quartis-OptimaTml] appears to have started a thread named [schedulerBean_Worker-1] but has failed to stop it. This is very likely to create a memory leak.  
15:51:04.532 SEVERE [org.apache.catalina.loader.WebappClassLoader clearReferencesThreads] - The web application [/Quartis-OptimaTml] appears to have started a thread named [schedulerBean_Worker-2] but has failed to stop it. This is very likely to create a memory leak.  
15:51:04.532 SEVERE [org.apache.catalina.loader.WebappClassLoader clearReferencesThreads] - The web application [/Quartis-OptimaTml] appears to have started a thread named [schedulerBean_Worker-3] but has failed to stop it. This is very likely to create a memory leak.  
15:51:04.532 SEVERE [org.apache.catalina.loader.WebappClassLoader clearReferencesThreads] - The web application [/Quartis-OptimaTml] appears to have started a thread named [schedulerBean_Worker-4] but has failed to stop it. This is very likely to create a memory leak.  
15:51:04.532 SEVERE [org.apache.catalina.loader.WebappClassLoader clearReferencesThreads] - The web application [/Quartis-OptimaTml] appears to have started a thread named [schedulerBean_Worker-5] but has failed to stop it. This is very likely to create a memory leak.  
15:51:04.532 SEVERE [org.apache.catalina.loader.WebappClassLoader clearReferencesThreads] - The web application [/Quartis-OptimaTml] appears to have started a thread named [schedulerBean_Worker-6] but has failed to stop it. This is very likely to create a memory leak.  
15:51:04.532 SEVERE [org.apache.catalina.loader.WebappClassLoader clearReferencesThreads] - The web application [/Quartis-OptimaTml] appears to have started a thread named [schedulerBean_Worker-7] but has failed to stop it. This is very likely to create a memory leak.  
15:51:04.532 SEVERE [org.apache.catalina.loader.WebappClassLoader clearReferencesThreads] - The web application [/Quartis-OptimaTml] appears to have started a thread named [schedulerBean_Worker-8] but has failed to stop it. This is very likely to create a memory leak.  
15:51:04.532 SEVERE [org.apache.catalina.loader.WebappClassLoader clearReferencesThreads] - The web application [/Quartis-OptimaTml] appears to have started a thread named [schedulerBean_Worker-9] but has failed to stop it. This is very likely to create a memory leak.  
15:51:04.532 SEVERE [org.apache.catalina.loader.WebappClassLoader clearReferencesThreads] - The web application [/Quartis-OptimaTml] appears to have started a thread named [schedulerBean_Worker-10] but has failed to stop it. This is very likely to create a memory leak.  
15:51:04.548 SEVERE [org.apache.catalina.loader.WebappClassLoader clearThreadLocalMap] - The web application [/Quartis-OptimaTml] created a ThreadLocal with key of type [net.sourceforge.jtds.jdbc.DateTime$1] (value [net.sourceforge.jtds.jdbc.DateTime$1@292fbc8a]) and a value of type [java.util.GregorianCalendar] (value [java.util.GregorianCalendar[time=1547021424000,areFieldsSet=true,areAllFieldsSet=false,lenient=true,zone=sun.util.calendar.ZoneInfo[id="Europe/Paris",offset=3600000,dstSavings=3600000,useDaylight=true,transitions=184,lastRule=java.util.SimpleTimeZone[id=Europe/Paris,offset=3600000,dstSavings=3600000,useDaylight=true,startYear=0,startMode=2,startMonth=2,startDay=-1,startDayOfWeek=1,startTime=3600000,startTimeMode=2,endMode=2,endMonth=9,endDay=-1,endDayOfWeek=1,endTime=3600000,endTimeMode=2]],firstDayOfWeek=1,minimalDaysInFirstWeek=1,ERA=1,YEAR=2019,MONTH=0,WEEK_OF_YEAR=2,WEEK_OF_MONTH=2,DAY_OF_MONTH=9,DAY_OF_YEAR=9,DAY_OF_WEEK=4,DAY_OF_WEEK_IN_MONTH=2,AM_PM=0,HOUR=9,HOUR_OF_DAY=9,MINUTE=10,SECOND=24,MILLISECOND=0,ZONE_OFFSET=3600000,DST_OFFSET=0]]) but failed to remove it when the web application was stopped. This is very likely to create a memory leak.  
15:51:04.548 SEVERE [org.apache.catalina.loader.WebappClassLoader clearThreadLocalMap] - The web application [/Quartis-OptimaTml] created a ThreadLocal with key of type [net.sourceforge.jtds.jdbc.DateTime$1] (value [net.sourceforge.jtds.jdbc.DateTime$1@292fbc8a]) and a value of type [java.util.GregorianCalendar] (value [java.util.GregorianCalendar[time=1547025504000,areFieldsSet=true,areAllFieldsSet=false,lenient=true,zone=sun.util.calendar.ZoneInfo[id="Europe/Paris",offset=3600000,dstSavings=3600000,useDaylight=true,transitions=184,lastRule=java.util.SimpleTimeZone[id=Europe/Paris,offset=3600000,dstSavings=3600000,useDaylight=true,startYear=0,startMode=2,startMonth=2,startDay=-1,startDayOfWeek=1,startTime=3600000,startTimeMode=2,endMode=2,endMonth=9,endDay=-1,endDayOfWeek=1,endTime=3600000,endTimeMode=2]],firstDayOfWeek=1,minimalDaysInFirstWeek=1,ERA=1,YEAR=2019,MONTH=0,WEEK_OF_YEAR=2,WEEK_OF_MONTH=2,DAY_OF_MONTH=9,DAY_OF_YEAR=9,DAY_OF_WEEK=4,DAY_OF_WEEK_IN_MONTH=2,AM_PM=0,HOUR=10,HOUR_OF_DAY=10,MINUTE=18,SECOND=24,MILLISECOND=0,ZONE_OFFSET=3600000,DST_OFFSET=0]]) but failed to remove it when the web application was stopped. This is very likely to create a memory leak.  
15:51:04.548 SEVERE [org.apache.catalina.loader.WebappClassLoader clearThreadLocalMap] - The web application [/Quartis-OptimaTml] created a ThreadLocal with key of type [net.sourceforge.jtds.jdbc.DateTime$1] (value [net.sourceforge.jtds.jdbc.DateTime$1@292fbc8a]) and a value of type [java.util.GregorianCalendar] (value [java.util.GregorianCalendar[time=1547024424000,areFieldsSet=true,areAllFieldsSet=false,lenient=true,zone=sun.util.calendar.ZoneInfo[id="Europe/Paris",offset=3600000,dstSavings=3600000,useDaylight=true,transitions=184,lastRule=java.util.SimpleTimeZone[id=Europe/Paris,offset=3600000,dstSavings=3600000,useDaylight=true,startYear=0,startMode=2,startMonth=2,startDay=-1,startDayOfWeek=1,startTime=3600000,startTimeMode=2,endMode=2,endMonth=9,endDay=-1,endDayOfWeek=1,endTime=3600000,endTimeMode=2]],firstDayOfWeek=1,minimalDaysInFirstWeek=1,ERA=1,YEAR=2019,MONTH=0,WEEK_OF_YEAR=2,WEEK_OF_MONTH=2,DAY_OF_MONTH=9,DAY_OF_YEAR=9,DAY_OF_WEEK=4,DAY_OF_WEEK_IN_MONTH=2,AM_PM=0,HOUR=10,HOUR_OF_DAY=10,MINUTE=0,SECOND=24,MILLISECOND=0,ZONE_OFFSET=3600000,DST_OFFSET=0]]) but failed to remove it when the web application was stopped. This is very likely to create a memory leak.  
15:51:04.548 SEVERE [org.apache.catalina.loader.WebappClassLoader clearThreadLocalMap] - The web application [/Quartis-OptimaTml] created a ThreadLocal with key of type [net.sourceforge.jtds.jdbc.DateTime$1] (value [net.sourceforge.jtds.jdbc.DateTime$1@292fbc8a]) and a value of type [java.util.GregorianCalendar] (value [java.util.GregorianCalendar[time=1547024424000,areFieldsSet=true,areAllFieldsSet=false,lenient=true,zone=sun.util.calendar.ZoneInfo[id="Europe/Paris",offset=3600000,dstSavings=3600000,useDaylight=true,transitions=184,lastRule=java.util.SimpleTimeZone[id=Europe/Paris,offset=3600000,dstSavings=3600000,useDaylight=true,startYear=0,startMode=2,startMonth=2,startDay=-1,startDayOfWeek=1,startTime=3600000,startTimeMode=2,endMode=2,endMonth=9,endDay=-1,endDayOfWeek=1,endTime=3600000,endTimeMode=2]],firstDayOfWeek=1,minimalDaysInFirstWeek=1,ERA=1,YEAR=2019,MONTH=0,WEEK_OF_YEAR=2,WEEK_OF_MONTH=2,DAY_OF_MONTH=9,DAY_OF_YEAR=9,DAY_OF_WEEK=4,DAY_OF_WEEK_IN_MONTH=2,AM_PM=0,HOUR=10,HOUR_OF_DAY=10,MINUTE=0,SECOND=24,MILLISECOND=0,ZONE_OFFSET=3600000,DST_OFFSET=0]]) but failed to remove it when the web application was stopped. This is very likely to create a memory leak.  
15:51:04.548 SEVERE [org.apache.catalina.loader.WebappClassLoader clearThreadLocalMap] - The web application [/Quartis-OptimaTml] created a ThreadLocal with key of type [net.sourceforge.jtds.jdbc.DateTime$1] (value [net.sourceforge.jtds.jdbc.DateTime$1@292fbc8a]) and a value of type [java.util.GregorianCalendar] (value [java.util.GregorianCalendar[time=1547025504000,areFieldsSet=true,areAllFieldsSet=false,lenient=true,zone=sun.util.calendar.ZoneInfo[id="Europe/Paris",offset=3600000,dstSavings=3600000,useDaylight=true,transitions=184,lastRule=java.util.SimpleTimeZone[id=Europe/Paris,offset=3600000,dstSavings=3600000,useDaylight=true,startYear=0,startMode=2,startMonth=2,startDay=-1,startDayOfWeek=1,startTime=3600000,startTimeMode=2,endMode=2,endMonth=9,endDay=-1,endDayOfWeek=1,endTime=3600000,endTimeMode=2]],firstDayOfWeek=1,minimalDaysInFirstWeek=1,ERA=1,YEAR=2019,MONTH=0,WEEK_OF_YEAR=2,WEEK_OF_MONTH=2,DAY_OF_MONTH=9,DAY_OF_YEAR=9,DAY_OF_WEEK=4,DAY_OF_WEEK_IN_MONTH=2,AM_PM=0,HOUR=10,HOUR_OF_DAY=10,MINUTE=18,SECOND=24,MILLISECOND=0,ZONE_OFFSET=3600000,DST_OFFSET=0]]) but failed to remove it when the web application was stopped. This is very likely to create a memory leak.  
15:51:05.500 SEVERE [org.apache.catalina.loader.WebappClassLoader clearReferencesJdbc] - The web application [/Quartis-Web] registered the JBDC driver [net.sourceforge.jtds.jdbc.Driver] but failed to unregister it when the web application was stopped. To prevent a memory leak, the JDBC Driver has been forcibly unregistered.  
15:51:05.500 SEVERE [org.apache.catalina.loader.WebappClassLoader clearReferencesThreads] - The web application [/Quartis-Web] appears to have started a thread named [Timer-0] but has failed to stop it. This is very likely to create a memory leak.  
15:51:05.500 SEVERE [org.apache.catalina.loader.WebappClassLoader clearReferencesThreads] - The web application [/Quartis-Web] appears to have started a thread named [Batik CleanerThread] but has failed to stop it. This is very likely to create a memory leak.  
15:51:09.326 SEVERE [org.apache.catalina.loader.WebappClassLoader clearReferencesJdbc] - The web application [/Quartis-OptimaCjj] registered the JBDC driver [net.sourceforge.jtds.jdbc.Driver] but failed to unregister it when the web application was stopped. To prevent a memory leak, the JDBC Driver has been forcibly unregistered.  
15:51:09.326 SEVERE [org.apache.catalina.loader.WebappClassLoader clearReferencesThreads] - The web application [/Quartis-OptimaCjj] appears to have started a thread named [schedulerBean_Worker-1] but has failed to stop it. This is very likely to create a memory leak.  
15:51:09.326 SEVERE [org.apache.catalina.loader.WebappClassLoader clearReferencesThreads] - The web application [/Quartis-OptimaCjj] appears to have started a thread named [schedulerBean_Worker-2] but has failed to stop it. This is very likely to create a memory leak.  
15:51:09.342 SEVERE [org.apache.catalina.loader.WebappClassLoader clearReferencesThreads] - The web application [/Quartis-OptimaCjj] appears to have started a thread named [schedulerBean_Worker-3] but has failed to stop it. This is very likely to create a memory leak.  
15:51:09.342 SEVERE [org.apache.catalina.loader.WebappClassLoader clearReferencesThreads] - The web application [/Quartis-OptimaCjj] appears to have started a thread named [schedulerBean_Worker-4] but has failed to stop it. This is very likely to create a memory leak.  
15:51:09.342 SEVERE [org.apache.catalina.loader.WebappClassLoader clearReferencesThreads] - The web application [/Quartis-OptimaCjj] appears to have started a thread named [schedulerBean_Worker-5] but has failed to stop it. This is very likely to create a memory leak.  
15:51:09.342 SEVERE [org.apache.catalina.loader.WebappClassLoader clearReferencesThreads] - The web application [/Quartis-OptimaCjj] appears to have started a thread named [schedulerBean_Worker-6] but has failed to stop it. This is very likely to create a memory leak.  
15:51:09.342 SEVERE [org.apache.catalina.loader.WebappClassLoader clearReferencesThreads] - The web application [/Quartis-OptimaCjj] appears to have started a thread named [schedulerBean_Worker-7] but has failed to stop it. This is very likely to create a memory leak.  
15:51:09.342 SEVERE [org.apache.catalina.loader.WebappClassLoader clearReferencesThreads] - The web application [/Quartis-OptimaCjj] appears to have started a thread named [schedulerBean_Worker-8] but has failed to stop it. This is very likely to create a memory leak.  
15:51:09.342 SEVERE [org.apache.catalina.loader.WebappClassLoader clearReferencesThreads] - The web application [/Quartis-OptimaCjj] appears to have started a thread named [schedulerBean_Worker-9] but has failed to stop it. This is very likely to create a memory leak.  
15:51:09.342 SEVERE [org.apache.catalina.loader.WebappClassLoader clearReferencesThreads] - The web application [/Quartis-OptimaCjj] appears to have started a thread named [schedulerBean_Worker-10] but has failed to stop it. This is very likely to create a memory leak.  
15:51:10.497 SEVERE [org.apache.catalina.loader.WebappClassLoader clearReferencesThreads] - The web application [/Quartis-OptimaCorrection] appears to have started a thread named [Session Monitor] but has failed to stop it. This is very likely to create a memory leak.  
15:51:10.497 SEVERE [org.apache.catalina.loader.WebappClassLoader clearReferencesThreads] - The web application [/Quartis-OptimaCorrection] appears to have started a thread named [Monitor Runner] but has failed to stop it. This is very likely to create a memory leak.  
15:51:11.059 INFO [org.apache.coyote.http11.Http11NioProtocol destroy] - Arrêt de Coyote HTTP/1.1 sur http-8383  
15:51:12.168 INFO [org.apache.coyote.ajp.AjpAprProtocol destroy] - Stopping Coyote AJP/1.3 on ajp-8309  
15:54:16.257 INFOS [org.apache.catalina.core.AprLifecycleListener init] - Loaded APR based Apache Tomcat Native library 1.1.20.  
15:54:16.288 INFOS [org.apache.catalina.core.AprLifecycleListener init] - APR capabilities: IPv6 [true], sendfile [true], accept filters [false], random [true].  
15:54:18.241 INFOS [org.apache.tomcat.util.net.NioSelectorPool getSharedSelector] - Using a shared selector for servlet write/read  
15:54:18.257 INFOS [org.apache.coyote.http11.Http11NioProtocol init] - Initialisation de Coyote HTTP/1.1 sur http-8383  
15:54:18.257 INFOS [org.apache.coyote.ajp.AjpAprProtocol init] - Initializing Coyote AJP/1.3 on ajp-8309  
15:54:18.257 INFOS [org.apache.catalina.startup.Catalina load] - Initialization processed in 2794 ms  
15:54:19.224 INFOS [org.apache.catalina.core.StandardService start] - Démarrage du service Catalina  
15:54:19.224 INFOS [org.apache.catalina.core.StandardEngine start] - Starting Servlet Engine: Apache Tomcat/6.0.29  
15:54:19.240 INFOS [org.apache.catalina.startup.HostConfig deployDescriptor] - Déploiement du descripteur de configuration host-manager.xml  
15:54:20.862 INFOS [org.apache.catalina.startup.HostConfig deployDescriptor] - Déploiement du descripteur de configuration manager.xml  
15:54:20.924 INFOS [org.apache.catalina.startup.HostConfig deployDescriptor] - Déploiement du descripteur de configuration Quartis-Dictionary.xml  
15:54:21.080 INFOS [org.apache.catalina.loader.WebappClassLoader validateJarFile] - validateJarFile(C:\Osys\QuartisTools\Tomcat\webapps\Quartis-Dictionary\WEB-INF\lib\servlet-api.jar) - jar not loaded. See Servlet Spec 2.3, section 9.7.2. Offending class: javax/servlet/Servlet.class  
15:54:21.127 INFOS [org.apache.catalina.startup.HostConfig deployDescriptor] - Déploiement du descripteur de configuration Quartis-LicenceWeb.xml  
15:54:21.190 INFOS [org.apache.catalina.startup.HostConfig deployDescriptor] - Déploiement du descripteur de configuration Quartis-OptimaCorrection.xml  
15:54:22.048 INFOS [com.sun.faces.config.ConfigureListener contextInitialized] - Initializing Sun's JavaServer Faces implementation (1.2_04-b20-p03) for context '/Quartis-OptimaCorrection'  
15:54:23.826 INFOS [org.apache.catalina.startup.HostConfig deployDescriptor] - Déploiement du descripteur de configuration Quartis-Web.xml  
15:54:29.836 INFOS [com.sun.faces.config.ConfigureListener contextInitialized] - Initializing Sun's JavaServer Faces implementation (1.2_04-b20-p03) for context '/Quartis-Web'  
15:54:40.881 INFOS [org.apache.catalina.startup.HostConfig deployWAR] - Déploiement de l'archive Quartis-OptimaCjj.war de l'application web  
15:54:44.531 INFOS [org.apache.catalina.core.StandardContext addApplicationListener] - The listener "com.sun.faces.config.ConfigureListener" is already configured for this context. The duplicate definition has been ignored.  
15:54:44.625 INFOS [org.apache.catalina.core.StandardContext addApplicationListener] - The listener "com.sun.faces.config.ConfigureListener" is already configured for this context. The duplicate definition has been ignored.  
15:54:45.062 INFOS [com.sun.faces.config.ConfigureListener contextInitialized] - Initialisation de Mojarra 2.2.4 ( 20131003-1354 https://svn.java.net/svn/mojarra~svn/tags/2.2.4@12574) pour le contexte «/Quartis-OptimaCjj»  
15:54:51.208 INFOS [org.primefaces.webapp.PostConstructApplicationEventListener processEvent] - Running on PrimeFaces 5.3  
15:54:51.208 INFOS [org.primefaces.extensions.application.PostConstructApplicationEventListener processEvent] - Running on PrimeFaces Extensions 4.0.0  
15:54:59.008 GRAVE [org.apache.catalina.core.StandardContext start] - Error listenerStart  
15:54:59.008 GRAVE [org.apache.catalina.core.StandardContext start] - Erreur de démarrage du contexte [/Quartis-OptimaCjj] suite aux erreurs précédentes  
15:54:59.008 GRAVE [org.apache.catalina.loader.WebappClassLoader clearReferencesJdbc] - The web application [/Quartis-OptimaCjj] registered the JBDC driver [net.sourceforge.jtds.jdbc.Driver] but failed to unregister it when the web application was stopped. To prevent a memory leak, the JDBC Driver has been forcibly unregistered.  
15:55:00.428 INFOS [org.apache.catalina.startup.HostConfig deployWAR] - Déploiement de l'archive Quartis-OptimaTml.war de l'application web  
15:55:01.878 INFOS [org.apache.catalina.core.StandardContext addApplicationListener] - The listener "com.sun.faces.config.ConfigureListener" is already configured for this context. The duplicate definition has been ignored.  
15:55:01.878 INFOS [org.apache.catalina.core.StandardContext addApplicationListener] - The listener "com.sun.faces.config.ConfigureListener" is already configured for this context. The duplicate definition has been ignored.  
15:55:02.019 INFOS [com.sun.faces.config.ConfigureListener contextInitialized] - Initialisation de Mojarra 2.2.4 ( 20131003-1354 https://svn.java.net/svn/mojarra~svn/tags/2.2.4@12574) pour le contexte «/Quartis-OptimaTml»  
15:55:03.704 INFOS [org.primefaces.webapp.PostConstructApplicationEventListener processEvent] - Running on PrimeFaces 5.0  
15:55:03.704 INFOS [org.primefaces.extensions.application.PostConstructApplicationEventListener processEvent] - Running on PrimeFaces Extensions 2.0.0  
15:55:07.619 INFOS [org.apache.catalina.startup.HostConfig deployDirectory] - Déploiement du répertoire docs de l'application web  
15:55:07.666 INFOS [org.apache.catalina.startup.HostConfig deployDirectory] - Déploiement du répertoire examples de l'application web  
15:55:07.916 INFOS [org.apache.catalina.startup.HostConfig deployDirectory] - Déploiement du répertoire ROOT de l'application web  
15:55:08.025 INFOS [org.apache.coyote.http11.Http11NioProtocol start] - Démarrage de Coyote HTTP/1.1 sur http-8383  
15:55:08.056 INFOS [org.apache.coyote.ajp.AjpAprProtocol start] - Starting Coyote AJP/1.3 on ajp-8309  
15:55:08.056 INFOS [org.apache.catalina.startup.Catalina start] - Server startup in 49792 ms  
