14:17:57.938 WARNING [com.sun.faces.lifecycle.InvokeApplicationPhase execute] - java.lang.NullPointerException 
javax.el.ELException: java.lang.NullPointerException
	at org.apache.el.parser.AstValue.invoke(AstValue.java:197)
	at org.apache.el.MethodExpressionImpl.invoke(MethodExpressionImpl.java:276)
	at org.primefaces.behavior.ajax.AjaxBehaviorListenerImpl.processCustomListener(AjaxBehaviorListenerImpl.java:87)
	at org.primefaces.behavior.ajax.AjaxBehaviorListenerImpl.processArgListener(AjaxBehaviorListenerImpl.java:72)
	at org.primefaces.behavior.ajax.AjaxBehaviorListenerImpl.processAjaxBehavior(AjaxBehaviorListenerImpl.java:56)
	at org.primefaces.event.SelectEvent.processListener(SelectEvent.java:40)
	at javax.faces.component.behavior.BehaviorBase.broadcast(BehaviorBase.java:106)
	at javax.faces.component.UIComponentBase.broadcast(UIComponentBase.java:804)
	at javax.faces.component.UIData.broadcast(UIData.java:1086)
	at javax.faces.component.UIData.broadcast(UIData.java:1108)
	at javax.faces.component.UIViewRoot.broadcastEvents(UIViewRoot.java:790)
	at javax.faces.component.UIViewRoot.processApplication(UIViewRoot.java:1282)
	at com.sun.faces.lifecycle.InvokeApplicationPhase.execute(InvokeApplicationPhase.java:81)
	at com.sun.faces.lifecycle.Phase.doPhase(Phase.java:101)
	at com.sun.faces.lifecycle.LifecycleImpl.execute(LifecycleImpl.java:198)
	at javax.faces.webapp.FacesServlet.service(FacesServlet.java:646)
	at org.apache.catalina.core.ApplicationFilterChain.internalDoFilter(ApplicationFilterChain.java:290)
	at org.apache.catalina.core.ApplicationFilterChain.doFilter(ApplicationFilterChain.java:206)
	at org.apache.catalina.core.StandardWrapperValve.invoke(StandardWrapperValve.java:233)
	at org.apache.catalina.core.StandardContextValve.invoke(StandardContextValve.java:191)
	at org.apache.catalina.core.StandardHostValve.invoke(StandardHostValve.java:127)
	at org.apache.catalina.valves.ErrorReportValve.invoke(ErrorReportValve.java:102)
	at org.apache.catalina.core.StandardEngineValve.invoke(StandardEngineValve.java:109)
	at org.apache.catalina.connector.CoyoteAdapter.service(CoyoteAdapter.java:298)
	at org.apache.coyote.http11.Http11NioProcessor.process(Http11NioProcessor.java:886)
	at org.apache.coyote.http11.Http11NioProtocol$Http11ConnectionHandler.process(Http11NioProtocol.java:721)
	at org.apache.tomcat.util.net.NioEndpoint$SocketProcessor.run(NioEndpoint.java:2256)
	at java.util.concurrent.ThreadPoolExecutor.runWorker(Unknown Source)
	at java.util.concurrent.ThreadPoolExecutor$Worker.run(Unknown Source)
	at java.lang.Thread.run(Unknown Source)
Caused by: java.lang.NullPointerException
	at fr.osys.optima.tml.web.view.terminal.utils.TerminalUtils.instancieObjTerminal(TerminalUtils.java:12)
	at fr.osys.optima.tml.web.view.terminal.TerminalController.onRowSelect(TerminalController.java:404)
	at sun.reflect.NativeMethodAccessorImpl.invoke0(Native Method)
	at sun.reflect.NativeMethodAccessorImpl.invoke(Unknown Source)
	at sun.reflect.DelegatingMethodAccessorImpl.invoke(Unknown Source)
	at java.lang.reflect.Method.invoke(Unknown Source)
	at org.apache.el.parser.AstValue.invoke(AstValue.java:191)
	... 29 more
 
14:17:57.938 SEVERE [com.sun.faces.context.AjaxExceptionHandlerImpl handlePartialResponseError] - java.lang.NullPointerException
	at fr.osys.optima.tml.web.view.terminal.utils.TerminalUtils.instancieObjTerminal(TerminalUtils.java:12)
	at fr.osys.optima.tml.web.view.terminal.TerminalController.onRowSelect(TerminalController.java:404)
	at sun.reflect.NativeMethodAccessorImpl.invoke0(Native Method)
	at sun.reflect.NativeMethodAccessorImpl.invoke(Unknown Source)
	at sun.reflect.DelegatingMethodAccessorImpl.invoke(Unknown Source)
	at java.lang.reflect.Method.invoke(Unknown Source)
	at org.apache.el.parser.AstValue.invoke(AstValue.java:191)
	at org.apache.el.MethodExpressionImpl.invoke(MethodExpressionImpl.java:276)
	at org.primefaces.behavior.ajax.AjaxBehaviorListenerImpl.processCustomListener(AjaxBehaviorListenerImpl.java:87)
	at org.primefaces.behavior.ajax.AjaxBehaviorListenerImpl.processArgListener(AjaxBehaviorListenerImpl.java:72)
	at org.primefaces.behavior.ajax.AjaxBehaviorListenerImpl.processAjaxBehavior(AjaxBehaviorListenerImpl.java:56)
	at org.primefaces.event.SelectEvent.processListener(SelectEvent.java:40)
	at javax.faces.component.behavior.BehaviorBase.broadcast(BehaviorBase.java:106)
	at javax.faces.component.UIComponentBase.broadcast(UIComponentBase.java:804)
	at javax.faces.component.UIData.broadcast(UIData.java:1086)
	at javax.faces.component.UIData.broadcast(UIData.java:1108)
	at javax.faces.component.UIViewRoot.broadcastEvents(UIViewRoot.java:790)
	at javax.faces.component.UIViewRoot.processApplication(UIViewRoot.java:1282)
	at com.sun.faces.lifecycle.InvokeApplicationPhase.execute(InvokeApplicationPhase.java:81)
	at com.sun.faces.lifecycle.Phase.doPhase(Phase.java:101)
	at com.sun.faces.lifecycle.LifecycleImpl.execute(LifecycleImpl.java:198)
	at javax.faces.webapp.FacesServlet.service(FacesServlet.java:646)
	at org.apache.catalina.core.ApplicationFilterChain.internalDoFilter(ApplicationFilterChain.java:290)
	at org.apache.catalina.core.ApplicationFilterChain.doFilter(ApplicationFilterChain.java:206)
	at org.apache.catalina.core.StandardWrapperValve.invoke(StandardWrapperValve.java:233)
	at org.apache.catalina.core.StandardContextValve.invoke(StandardContextValve.java:191)
	at org.apache.catalina.core.StandardHostValve.invoke(StandardHostValve.java:127)
	at org.apache.catalina.valves.ErrorReportValve.invoke(ErrorReportValve.java:102)
	at org.apache.catalina.core.StandardEngineValve.invoke(StandardEngineValve.java:109)
	at org.apache.catalina.connector.CoyoteAdapter.service(CoyoteAdapter.java:298)
	at org.apache.coyote.http11.Http11NioProcessor.process(Http11NioProcessor.java:886)
	at org.apache.coyote.http11.Http11NioProtocol$Http11ConnectionHandler.process(Http11NioProtocol.java:721)
	at org.apache.tomcat.util.net.NioEndpoint$SocketProcessor.run(NioEndpoint.java:2256)
	at java.util.concurrent.ThreadPoolExecutor.runWorker(Unknown Source)
	at java.util.concurrent.ThreadPoolExecutor$Worker.run(Unknown Source)
	at java.lang.Thread.run(Unknown Source)
  
14:17:58.671 WARNING [com.sun.faces.lifecycle.InvokeApplicationPhase execute] - java.lang.NullPointerException 
javax.el.ELException: java.lang.NullPointerException
	at org.apache.el.parser.AstValue.invoke(AstValue.java:197)
	at org.apache.el.MethodExpressionImpl.invoke(MethodExpressionImpl.java:276)
	at org.primefaces.behavior.ajax.AjaxBehaviorListenerImpl.processCustomListener(AjaxBehaviorListenerImpl.java:87)
	at org.primefaces.behavior.ajax.AjaxBehaviorListenerImpl.processArgListener(AjaxBehaviorListenerImpl.java:72)
	at org.primefaces.behavior.ajax.AjaxBehaviorListenerImpl.processAjaxBehavior(AjaxBehaviorListenerImpl.java:56)
	at org.primefaces.event.SelectEvent.processListener(SelectEvent.java:40)
	at javax.faces.component.behavior.BehaviorBase.broadcast(BehaviorBase.java:106)
	at javax.faces.component.UIComponentBase.broadcast(UIComponentBase.java:804)
	at javax.faces.component.UIData.broadcast(UIData.java:1086)
	at javax.faces.component.UIData.broadcast(UIData.java:1108)
	at javax.faces.component.UIViewRoot.broadcastEvents(UIViewRoot.java:790)
	at javax.faces.component.UIViewRoot.processApplication(UIViewRoot.java:1282)
	at com.sun.faces.lifecycle.InvokeApplicationPhase.execute(InvokeApplicationPhase.java:81)
	at com.sun.faces.lifecycle.Phase.doPhase(Phase.java:101)
	at com.sun.faces.lifecycle.LifecycleImpl.execute(LifecycleImpl.java:198)
	at javax.faces.webapp.FacesServlet.service(FacesServlet.java:646)
	at org.apache.catalina.core.ApplicationFilterChain.internalDoFilter(ApplicationFilterChain.java:290)
	at org.apache.catalina.core.ApplicationFilterChain.doFilter(ApplicationFilterChain.java:206)
	at org.apache.catalina.core.StandardWrapperValve.invoke(StandardWrapperValve.java:233)
	at org.apache.catalina.core.StandardContextValve.invoke(StandardContextValve.java:191)
	at org.apache.catalina.core.StandardHostValve.invoke(StandardHostValve.java:127)
	at org.apache.catalina.valves.ErrorReportValve.invoke(ErrorReportValve.java:102)
	at org.apache.catalina.core.StandardEngineValve.invoke(StandardEngineValve.java:109)
	at org.apache.catalina.connector.CoyoteAdapter.service(CoyoteAdapter.java:298)
	at org.apache.coyote.http11.Http11NioProcessor.process(Http11NioProcessor.java:886)
	at org.apache.coyote.http11.Http11NioProtocol$Http11ConnectionHandler.process(Http11NioProtocol.java:721)
	at org.apache.tomcat.util.net.NioEndpoint$SocketProcessor.run(NioEndpoint.java:2256)
	at java.util.concurrent.ThreadPoolExecutor.runWorker(Unknown Source)
	at java.util.concurrent.ThreadPoolExecutor$Worker.run(Unknown Source)
	at java.lang.Thread.run(Unknown Source)
Caused by: java.lang.NullPointerException
	at fr.osys.optima.tml.web.view.terminal.utils.TerminalUtils.instancieObjTerminal(TerminalUtils.java:12)
	at fr.osys.optima.tml.web.view.terminal.TerminalController.onRowSelect(TerminalController.java:404)
	at sun.reflect.NativeMethodAccessorImpl.invoke0(Native Method)
	at sun.reflect.NativeMethodAccessorImpl.invoke(Unknown Source)
	at sun.reflect.DelegatingMethodAccessorImpl.invoke(Unknown Source)
	at java.lang.reflect.Method.invoke(Unknown Source)
	at org.apache.el.parser.AstValue.invoke(AstValue.java:191)
	... 29 more
 
14:17:58.671 SEVERE [com.sun.faces.context.AjaxExceptionHandlerImpl handlePartialResponseError] - java.lang.NullPointerException
	at fr.osys.optima.tml.web.view.terminal.utils.TerminalUtils.instancieObjTerminal(TerminalUtils.java:12)
	at fr.osys.optima.tml.web.view.terminal.TerminalController.onRowSelect(TerminalController.java:404)
	at sun.reflect.NativeMethodAccessorImpl.invoke0(Native Method)
	at sun.reflect.NativeMethodAccessorImpl.invoke(Unknown Source)
	at sun.reflect.DelegatingMethodAccessorImpl.invoke(Unknown Source)
	at java.lang.reflect.Method.invoke(Unknown Source)
	at org.apache.el.parser.AstValue.invoke(AstValue.java:191)
	at org.apache.el.MethodExpressionImpl.invoke(MethodExpressionImpl.java:276)
	at org.primefaces.behavior.ajax.AjaxBehaviorListenerImpl.processCustomListener(AjaxBehaviorListenerImpl.java:87)
	at org.primefaces.behavior.ajax.AjaxBehaviorListenerImpl.processArgListener(AjaxBehaviorListenerImpl.java:72)
	at org.primefaces.behavior.ajax.AjaxBehaviorListenerImpl.processAjaxBehavior(AjaxBehaviorListenerImpl.java:56)
	at org.primefaces.event.SelectEvent.processListener(SelectEvent.java:40)
	at javax.faces.component.behavior.BehaviorBase.broadcast(BehaviorBase.java:106)
	at javax.faces.component.UIComponentBase.broadcast(UIComponentBase.java:804)
	at javax.faces.component.UIData.broadcast(UIData.java:1086)
	at javax.faces.component.UIData.broadcast(UIData.java:1108)
	at javax.faces.component.UIViewRoot.broadcastEvents(UIViewRoot.java:790)
	at javax.faces.component.UIViewRoot.processApplication(UIViewRoot.java:1282)
	at com.sun.faces.lifecycle.InvokeApplicationPhase.execute(InvokeApplicationPhase.java:81)
	at com.sun.faces.lifecycle.Phase.doPhase(Phase.java:101)
	at com.sun.faces.lifecycle.LifecycleImpl.execute(LifecycleImpl.java:198)
	at javax.faces.webapp.FacesServlet.service(FacesServlet.java:646)
	at org.apache.catalina.core.ApplicationFilterChain.internalDoFilter(ApplicationFilterChain.java:290)
	at org.apache.catalina.core.ApplicationFilterChain.doFilter(ApplicationFilterChain.java:206)
	at org.apache.catalina.core.StandardWrapperValve.invoke(StandardWrapperValve.java:233)
	at org.apache.catalina.core.StandardContextValve.invoke(StandardContextValve.java:191)
	at org.apache.catalina.core.StandardHostValve.invoke(StandardHostValve.java:127)
	at org.apache.catalina.valves.ErrorReportValve.invoke(ErrorReportValve.java:102)
	at org.apache.catalina.core.StandardEngineValve.invoke(StandardEngineValve.java:109)
	at org.apache.catalina.connector.CoyoteAdapter.service(CoyoteAdapter.java:298)
	at org.apache.coyote.http11.Http11NioProcessor.process(Http11NioProcessor.java:886)
	at org.apache.coyote.http11.Http11NioProtocol$Http11ConnectionHandler.process(Http11NioProtocol.java:721)
	at org.apache.tomcat.util.net.NioEndpoint$SocketProcessor.run(NioEndpoint.java:2256)
	at java.util.concurrent.ThreadPoolExecutor.runWorker(Unknown Source)
	at java.util.concurrent.ThreadPoolExecutor$Worker.run(Unknown Source)
	at java.lang.Thread.run(Unknown Source)
  
14:17:58.874 WARNING [com.sun.faces.lifecycle.InvokeApplicationPhase execute] - java.lang.NullPointerException 
javax.el.ELException: java.lang.NullPointerException
	at org.apache.el.parser.AstValue.invoke(AstValue.java:197)
	at org.apache.el.MethodExpressionImpl.invoke(MethodExpressionImpl.java:276)
	at org.primefaces.behavior.ajax.AjaxBehaviorListenerImpl.processCustomListener(AjaxBehaviorListenerImpl.java:87)
	at org.primefaces.behavior.ajax.AjaxBehaviorListenerImpl.processArgListener(AjaxBehaviorListenerImpl.java:72)
	at org.primefaces.behavior.ajax.AjaxBehaviorListenerImpl.processAjaxBehavior(AjaxBehaviorListenerImpl.java:56)
	at org.primefaces.event.SelectEvent.processListener(SelectEvent.java:40)
	at javax.faces.component.behavior.BehaviorBase.broadcast(BehaviorBase.java:106)
	at javax.faces.component.UIComponentBase.broadcast(UIComponentBase.java:804)
	at javax.faces.component.UIData.broadcast(UIData.java:1086)
	at javax.faces.component.UIData.broadcast(UIData.java:1108)
	at javax.faces.component.UIViewRoot.broadcastEvents(UIViewRoot.java:790)
	at javax.faces.component.UIViewRoot.processApplication(UIViewRoot.java:1282)
	at com.sun.faces.lifecycle.InvokeApplicationPhase.execute(InvokeApplicationPhase.java:81)
	at com.sun.faces.lifecycle.Phase.doPhase(Phase.java:101)
	at com.sun.faces.lifecycle.LifecycleImpl.execute(LifecycleImpl.java:198)
	at javax.faces.webapp.FacesServlet.service(FacesServlet.java:646)
	at org.apache.catalina.core.ApplicationFilterChain.internalDoFilter(ApplicationFilterChain.java:290)
	at org.apache.catalina.core.ApplicationFilterChain.doFilter(ApplicationFilterChain.java:206)
	at org.apache.catalina.core.StandardWrapperValve.invoke(StandardWrapperValve.java:233)
	at org.apache.catalina.core.StandardContextValve.invoke(StandardContextValve.java:191)
	at org.apache.catalina.core.StandardHostValve.invoke(StandardHostValve.java:127)
	at org.apache.catalina.valves.ErrorReportValve.invoke(ErrorReportValve.java:102)
	at org.apache.catalina.core.StandardEngineValve.invoke(StandardEngineValve.java:109)
	at org.apache.catalina.connector.CoyoteAdapter.service(CoyoteAdapter.java:298)
	at org.apache.coyote.http11.Http11NioProcessor.process(Http11NioProcessor.java:886)
	at org.apache.coyote.http11.Http11NioProtocol$Http11ConnectionHandler.process(Http11NioProtocol.java:721)
	at org.apache.tomcat.util.net.NioEndpoint$SocketProcessor.run(NioEndpoint.java:2256)
	at java.util.concurrent.ThreadPoolExecutor.runWorker(Unknown Source)
	at java.util.concurrent.ThreadPoolExecutor$Worker.run(Unknown Source)
	at java.lang.Thread.run(Unknown Source)
Caused by: java.lang.NullPointerException
	at fr.osys.optima.tml.web.view.terminal.utils.TerminalUtils.instancieObjTerminal(TerminalUtils.java:12)
	at fr.osys.optima.tml.web.view.terminal.TerminalController.onRowSelect(TerminalController.java:404)
	at sun.reflect.NativeMethodAccessorImpl.invoke0(Native Method)
	at sun.reflect.NativeMethodAccessorImpl.invoke(Unknown Source)
	at sun.reflect.DelegatingMethodAccessorImpl.invoke(Unknown Source)
	at java.lang.reflect.Method.invoke(Unknown Source)
	at org.apache.el.parser.AstValue.invoke(AstValue.java:191)
	... 29 more
 
14:17:58.889 SEVERE [com.sun.faces.context.AjaxExceptionHandlerImpl handlePartialResponseError] - java.lang.NullPointerException
	at fr.osys.optima.tml.web.view.terminal.utils.TerminalUtils.instancieObjTerminal(TerminalUtils.java:12)
	at fr.osys.optima.tml.web.view.terminal.TerminalController.onRowSelect(TerminalController.java:404)
	at sun.reflect.NativeMethodAccessorImpl.invoke0(Native Method)
	at sun.reflect.NativeMethodAccessorImpl.invoke(Unknown Source)
	at sun.reflect.DelegatingMethodAccessorImpl.invoke(Unknown Source)
	at java.lang.reflect.Method.invoke(Unknown Source)
	at org.apache.el.parser.AstValue.invoke(AstValue.java:191)
	at org.apache.el.MethodExpressionImpl.invoke(MethodExpressionImpl.java:276)
	at org.primefaces.behavior.ajax.AjaxBehaviorListenerImpl.processCustomListener(AjaxBehaviorListenerImpl.java:87)
	at org.primefaces.behavior.ajax.AjaxBehaviorListenerImpl.processArgListener(AjaxBehaviorListenerImpl.java:72)
	at org.primefaces.behavior.ajax.AjaxBehaviorListenerImpl.processAjaxBehavior(AjaxBehaviorListenerImpl.java:56)
	at org.primefaces.event.SelectEvent.processListener(SelectEvent.java:40)
	at javax.faces.component.behavior.BehaviorBase.broadcast(BehaviorBase.java:106)
	at javax.faces.component.UIComponentBase.broadcast(UIComponentBase.java:804)
	at javax.faces.component.UIData.broadcast(UIData.java:1086)
	at javax.faces.component.UIData.broadcast(UIData.java:1108)
	at javax.faces.component.UIViewRoot.broadcastEvents(UIViewRoot.java:790)
	at javax.faces.component.UIViewRoot.processApplication(UIViewRoot.java:1282)
	at com.sun.faces.lifecycle.InvokeApplicationPhase.execute(InvokeApplicationPhase.java:81)
	at com.sun.faces.lifecycle.Phase.doPhase(Phase.java:101)
	at com.sun.faces.lifecycle.LifecycleImpl.execute(LifecycleImpl.java:198)
	at javax.faces.webapp.FacesServlet.service(FacesServlet.java:646)
	at org.apache.catalina.core.ApplicationFilterChain.internalDoFilter(ApplicationFilterChain.java:290)
	at org.apache.catalina.core.ApplicationFilterChain.doFilter(ApplicationFilterChain.java:206)
	at org.apache.catalina.core.StandardWrapperValve.invoke(StandardWrapperValve.java:233)
	at org.apache.catalina.core.StandardContextValve.invoke(StandardContextValve.java:191)
	at org.apache.catalina.core.StandardHostValve.invoke(StandardHostValve.java:127)
	at org.apache.catalina.valves.ErrorReportValve.invoke(ErrorReportValve.java:102)
	at org.apache.catalina.core.StandardEngineValve.invoke(StandardEngineValve.java:109)
	at org.apache.catalina.connector.CoyoteAdapter.service(CoyoteAdapter.java:298)
	at org.apache.coyote.http11.Http11NioProcessor.process(Http11NioProcessor.java:886)
	at org.apache.coyote.http11.Http11NioProtocol$Http11ConnectionHandler.process(Http11NioProtocol.java:721)
	at org.apache.tomcat.util.net.NioEndpoint$SocketProcessor.run(NioEndpoint.java:2256)
	at java.util.concurrent.ThreadPoolExecutor.runWorker(Unknown Source)
	at java.util.concurrent.ThreadPoolExecutor$Worker.run(Unknown Source)
	at java.lang.Thread.run(Unknown Source)
  
14:18:01.073 WARNING [com.sun.faces.lifecycle.InvokeApplicationPhase execute] - java.lang.NullPointerException 
javax.el.ELException: java.lang.NullPointerException
	at org.apache.el.parser.AstValue.invoke(AstValue.java:197)
	at org.apache.el.MethodExpressionImpl.invoke(MethodExpressionImpl.java:276)
	at org.primefaces.behavior.ajax.AjaxBehaviorListenerImpl.processCustomListener(AjaxBehaviorListenerImpl.java:87)
	at org.primefaces.behavior.ajax.AjaxBehaviorListenerImpl.processArgListener(AjaxBehaviorListenerImpl.java:72)
	at org.primefaces.behavior.ajax.AjaxBehaviorListenerImpl.processAjaxBehavior(AjaxBehaviorListenerImpl.java:56)
	at org.primefaces.event.SelectEvent.processListener(SelectEvent.java:40)
	at javax.faces.component.behavior.BehaviorBase.broadcast(BehaviorBase.java:106)
	at javax.faces.component.UIComponentBase.broadcast(UIComponentBase.java:804)
	at javax.faces.component.UIData.broadcast(UIData.java:1086)
	at javax.faces.component.UIData.broadcast(UIData.java:1108)
	at javax.faces.component.UIViewRoot.broadcastEvents(UIViewRoot.java:790)
	at javax.faces.component.UIViewRoot.processApplication(UIViewRoot.java:1282)
	at com.sun.faces.lifecycle.InvokeApplicationPhase.execute(InvokeApplicationPhase.java:81)
	at com.sun.faces.lifecycle.Phase.doPhase(Phase.java:101)
	at com.sun.faces.lifecycle.LifecycleImpl.execute(LifecycleImpl.java:198)
	at javax.faces.webapp.FacesServlet.service(FacesServlet.java:646)
	at org.apache.catalina.core.ApplicationFilterChain.internalDoFilter(ApplicationFilterChain.java:290)
	at org.apache.catalina.core.ApplicationFilterChain.doFilter(ApplicationFilterChain.java:206)
	at org.apache.catalina.core.StandardWrapperValve.invoke(StandardWrapperValve.java:233)
	at org.apache.catalina.core.StandardContextValve.invoke(StandardContextValve.java:191)
	at org.apache.catalina.core.StandardHostValve.invoke(StandardHostValve.java:127)
	at org.apache.catalina.valves.ErrorReportValve.invoke(ErrorReportValve.java:102)
	at org.apache.catalina.core.StandardEngineValve.invoke(StandardEngineValve.java:109)
	at org.apache.catalina.connector.CoyoteAdapter.service(CoyoteAdapter.java:298)
	at org.apache.coyote.http11.Http11NioProcessor.process(Http11NioProcessor.java:886)
	at org.apache.coyote.http11.Http11NioProtocol$Http11ConnectionHandler.process(Http11NioProtocol.java:721)
	at org.apache.tomcat.util.net.NioEndpoint$SocketProcessor.run(NioEndpoint.java:2256)
	at java.util.concurrent.ThreadPoolExecutor.runWorker(Unknown Source)
	at java.util.concurrent.ThreadPoolExecutor$Worker.run(Unknown Source)
	at java.lang.Thread.run(Unknown Source)
Caused by: java.lang.NullPointerException
	at fr.osys.optima.tml.web.view.terminal.utils.TerminalUtils.instancieObjTerminal(TerminalUtils.java:12)
	at fr.osys.optima.tml.web.view.terminal.TerminalController.onRowSelect(TerminalController.java:404)
	at sun.reflect.NativeMethodAccessorImpl.invoke0(Native Method)
	at sun.reflect.NativeMethodAccessorImpl.invoke(Unknown Source)
	at sun.reflect.DelegatingMethodAccessorImpl.invoke(Unknown Source)
	at java.lang.reflect.Method.invoke(Unknown Source)
	at org.apache.el.parser.AstValue.invoke(AstValue.java:191)
	... 29 more
 
14:18:01.073 SEVERE [com.sun.faces.context.AjaxExceptionHandlerImpl handlePartialResponseError] - java.lang.NullPointerException
	at fr.osys.optima.tml.web.view.terminal.utils.TerminalUtils.instancieObjTerminal(TerminalUtils.java:12)
	at fr.osys.optima.tml.web.view.terminal.TerminalController.onRowSelect(TerminalController.java:404)
	at sun.reflect.NativeMethodAccessorImpl.invoke0(Native Method)
	at sun.reflect.NativeMethodAccessorImpl.invoke(Unknown Source)
	at sun.reflect.DelegatingMethodAccessorImpl.invoke(Unknown Source)
	at java.lang.reflect.Method.invoke(Unknown Source)
	at org.apache.el.parser.AstValue.invoke(AstValue.java:191)
	at org.apache.el.MethodExpressionImpl.invoke(MethodExpressionImpl.java:276)
	at org.primefaces.behavior.ajax.AjaxBehaviorListenerImpl.processCustomListener(AjaxBehaviorListenerImpl.java:87)
	at org.primefaces.behavior.ajax.AjaxBehaviorListenerImpl.processArgListener(AjaxBehaviorListenerImpl.java:72)
	at org.primefaces.behavior.ajax.AjaxBehaviorListenerImpl.processAjaxBehavior(AjaxBehaviorListenerImpl.java:56)
	at org.primefaces.event.SelectEvent.processListener(SelectEvent.java:40)
	at javax.faces.component.behavior.BehaviorBase.broadcast(BehaviorBase.java:106)
	at javax.faces.component.UIComponentBase.broadcast(UIComponentBase.java:804)
	at javax.faces.component.UIData.broadcast(UIData.java:1086)
	at javax.faces.component.UIData.broadcast(UIData.java:1108)
	at javax.faces.component.UIViewRoot.broadcastEvents(UIViewRoot.java:790)
	at javax.faces.component.UIViewRoot.processApplication(UIViewRoot.java:1282)
	at com.sun.faces.lifecycle.InvokeApplicationPhase.execute(InvokeApplicationPhase.java:81)
	at com.sun.faces.lifecycle.Phase.doPhase(Phase.java:101)
	at com.sun.faces.lifecycle.LifecycleImpl.execute(LifecycleImpl.java:198)
	at javax.faces.webapp.FacesServlet.service(FacesServlet.java:646)
	at org.apache.catalina.core.ApplicationFilterChain.internalDoFilter(ApplicationFilterChain.java:290)
	at org.apache.catalina.core.ApplicationFilterChain.doFilter(ApplicationFilterChain.java:206)
	at org.apache.catalina.core.StandardWrapperValve.invoke(StandardWrapperValve.java:233)
	at org.apache.catalina.core.StandardContextValve.invoke(StandardContextValve.java:191)
	at org.apache.catalina.core.StandardHostValve.invoke(StandardHostValve.java:127)
	at org.apache.catalina.valves.ErrorReportValve.invoke(ErrorReportValve.java:102)
	at org.apache.catalina.core.StandardEngineValve.invoke(StandardEngineValve.java:109)
	at org.apache.catalina.connector.CoyoteAdapter.service(CoyoteAdapter.java:298)
	at org.apache.coyote.http11.Http11NioProcessor.process(Http11NioProcessor.java:886)
	at org.apache.coyote.http11.Http11NioProtocol$Http11ConnectionHandler.process(Http11NioProtocol.java:721)
	at org.apache.tomcat.util.net.NioEndpoint$SocketProcessor.run(NioEndpoint.java:2256)
	at java.util.concurrent.ThreadPoolExecutor.runWorker(Unknown Source)
	at java.util.concurrent.ThreadPoolExecutor$Worker.run(Unknown Source)
	at java.lang.Thread.run(Unknown Source)
  
14:18:01.245 WARNING [com.sun.faces.lifecycle.InvokeApplicationPhase execute] - java.lang.NullPointerException 
javax.el.ELException: java.lang.NullPointerException
	at org.apache.el.parser.AstValue.invoke(AstValue.java:197)
	at org.apache.el.MethodExpressionImpl.invoke(MethodExpressionImpl.java:276)
	at org.primefaces.behavior.ajax.AjaxBehaviorListenerImpl.processCustomListener(AjaxBehaviorListenerImpl.java:87)
	at org.primefaces.behavior.ajax.AjaxBehaviorListenerImpl.processArgListener(AjaxBehaviorListenerImpl.java:72)
	at org.primefaces.behavior.ajax.AjaxBehaviorListenerImpl.processAjaxBehavior(AjaxBehaviorListenerImpl.java:56)
	at org.primefaces.event.SelectEvent.processListener(SelectEvent.java:40)
	at javax.faces.component.behavior.BehaviorBase.broadcast(BehaviorBase.java:106)
	at javax.faces.component.UIComponentBase.broadcast(UIComponentBase.java:804)
	at javax.faces.component.UIData.broadcast(UIData.java:1086)
	at javax.faces.component.UIData.broadcast(UIData.java:1108)
	at javax.faces.component.UIViewRoot.broadcastEvents(UIViewRoot.java:790)
	at javax.faces.component.UIViewRoot.processApplication(UIViewRoot.java:1282)
	at com.sun.faces.lifecycle.InvokeApplicationPhase.execute(InvokeApplicationPhase.java:81)
	at com.sun.faces.lifecycle.Phase.doPhase(Phase.java:101)
	at com.sun.faces.lifecycle.LifecycleImpl.execute(LifecycleImpl.java:198)
	at javax.faces.webapp.FacesServlet.service(FacesServlet.java:646)
	at org.apache.catalina.core.ApplicationFilterChain.internalDoFilter(ApplicationFilterChain.java:290)
	at org.apache.catalina.core.ApplicationFilterChain.doFilter(ApplicationFilterChain.java:206)
	at org.apache.catalina.core.StandardWrapperValve.invoke(StandardWrapperValve.java:233)
	at org.apache.catalina.core.StandardContextValve.invoke(StandardContextValve.java:191)
	at org.apache.catalina.core.StandardHostValve.invoke(StandardHostValve.java:127)
	at org.apache.catalina.valves.ErrorReportValve.invoke(ErrorReportValve.java:102)
	at org.apache.catalina.core.StandardEngineValve.invoke(StandardEngineValve.java:109)
	at org.apache.catalina.connector.CoyoteAdapter.service(CoyoteAdapter.java:298)
	at org.apache.coyote.http11.Http11NioProcessor.process(Http11NioProcessor.java:886)
	at org.apache.coyote.http11.Http11NioProtocol$Http11ConnectionHandler.process(Http11NioProtocol.java:721)
	at org.apache.tomcat.util.net.NioEndpoint$SocketProcessor.run(NioEndpoint.java:2256)
	at java.util.concurrent.ThreadPoolExecutor.runWorker(Unknown Source)
	at java.util.concurrent.ThreadPoolExecutor$Worker.run(Unknown Source)
	at java.lang.Thread.run(Unknown Source)
Caused by: java.lang.NullPointerException
	at fr.osys.optima.tml.web.view.terminal.utils.TerminalUtils.instancieObjTerminal(TerminalUtils.java:12)
	at fr.osys.optima.tml.web.view.terminal.TerminalController.onRowSelect(TerminalController.java:404)
	at sun.reflect.NativeMethodAccessorImpl.invoke0(Native Method)
	at sun.reflect.NativeMethodAccessorImpl.invoke(Unknown Source)
	at sun.reflect.DelegatingMethodAccessorImpl.invoke(Unknown Source)
	at java.lang.reflect.Method.invoke(Unknown Source)
	at org.apache.el.parser.AstValue.invoke(AstValue.java:191)
	... 29 more
 
14:18:01.245 SEVERE [com.sun.faces.context.AjaxExceptionHandlerImpl handlePartialResponseError] - java.lang.NullPointerException
	at fr.osys.optima.tml.web.view.terminal.utils.TerminalUtils.instancieObjTerminal(TerminalUtils.java:12)
	at fr.osys.optima.tml.web.view.terminal.TerminalController.onRowSelect(TerminalController.java:404)
	at sun.reflect.NativeMethodAccessorImpl.invoke0(Native Method)
	at sun.reflect.NativeMethodAccessorImpl.invoke(Unknown Source)
	at sun.reflect.DelegatingMethodAccessorImpl.invoke(Unknown Source)
	at java.lang.reflect.Method.invoke(Unknown Source)
	at org.apache.el.parser.AstValue.invoke(AstValue.java:191)
	at org.apache.el.MethodExpressionImpl.invoke(MethodExpressionImpl.java:276)
	at org.primefaces.behavior.ajax.AjaxBehaviorListenerImpl.processCustomListener(AjaxBehaviorListenerImpl.java:87)
	at org.primefaces.behavior.ajax.AjaxBehaviorListenerImpl.processArgListener(AjaxBehaviorListenerImpl.java:72)
	at org.primefaces.behavior.ajax.AjaxBehaviorListenerImpl.processAjaxBehavior(AjaxBehaviorListenerImpl.java:56)
	at org.primefaces.event.SelectEvent.processListener(SelectEvent.java:40)
	at javax.faces.component.behavior.BehaviorBase.broadcast(BehaviorBase.java:106)
	at javax.faces.component.UIComponentBase.broadcast(UIComponentBase.java:804)
	at javax.faces.component.UIData.broadcast(UIData.java:1086)
	at javax.faces.component.UIData.broadcast(UIData.java:1108)
	at javax.faces.component.UIViewRoot.broadcastEvents(UIViewRoot.java:790)
	at javax.faces.component.UIViewRoot.processApplication(UIViewRoot.java:1282)
	at com.sun.faces.lifecycle.InvokeApplicationPhase.execute(InvokeApplicationPhase.java:81)
	at com.sun.faces.lifecycle.Phase.doPhase(Phase.java:101)
	at com.sun.faces.lifecycle.LifecycleImpl.execute(LifecycleImpl.java:198)
	at javax.faces.webapp.FacesServlet.service(FacesServlet.java:646)
	at org.apache.catalina.core.ApplicationFilterChain.internalDoFilter(ApplicationFilterChain.java:290)
	at org.apache.catalina.core.ApplicationFilterChain.doFilter(ApplicationFilterChain.java:206)
	at org.apache.catalina.core.StandardWrapperValve.invoke(StandardWrapperValve.java:233)
	at org.apache.catalina.core.StandardContextValve.invoke(StandardContextValve.java:191)
	at org.apache.catalina.core.StandardHostValve.invoke(StandardHostValve.java:127)
	at org.apache.catalina.valves.ErrorReportValve.invoke(ErrorReportValve.java:102)
	at org.apache.catalina.core.StandardEngineValve.invoke(StandardEngineValve.java:109)
	at org.apache.catalina.connector.CoyoteAdapter.service(CoyoteAdapter.java:298)
	at org.apache.coyote.http11.Http11NioProcessor.process(Http11NioProcessor.java:886)
	at org.apache.coyote.http11.Http11NioProtocol$Http11ConnectionHandler.process(Http11NioProtocol.java:721)
	at org.apache.tomcat.util.net.NioEndpoint$SocketProcessor.run(NioEndpoint.java:2256)
	at java.util.concurrent.ThreadPoolExecutor.runWorker(Unknown Source)
	at java.util.concurrent.ThreadPoolExecutor$Worker.run(Unknown Source)
	at java.lang.Thread.run(Unknown Source)
  
14:18:20.621 WARNING [org.apache.tomcat.util.http.Parameters processParameters] - Parameters: Invalid chunk '' ignored.  
