10:10:22.105 AVERTISSEMENT [org.apache.tomcat.util.http.Parameters processParameters] - Parameters: Invalid chunk '' ignored.  
10:10:29.347 WARNING [org.apache.tomcat.util.http.Parameters processParameters] - Parameters: Invalid chunk '' ignored.  
10:13:00.713 WARNING [org.apache.tomcat.util.http.Parameters processParameters] - Parameters: Invalid chunk '' ignored.  
10:13:20.008 WARNING [org.apache.tomcat.util.http.Parameters processParameters] - Parameters: Invalid chunk '' ignored.  
10:13:20.045 WARNING [org.apache.tomcat.util.http.Parameters processParameters] - Parameters: Invalid chunk '' ignored.  
10:23:03.258 WARNING [org.apache.tomcat.util.http.Parameters processParameters] - Parameters: Invalid chunk '' ignored.  
10:23:03.281 WARNING [org.apache.tomcat.util.http.Parameters processParameters] - Parameters: Invalid chunk '' ignored.  
11:39:24.226 WARNING [com.sun.faces.lifecycle.InvokeApplicationPhase execute] - java.lang.NullPointerException 
javax.el.ELException: java.lang.NullPointerException
	at org.apache.el.parser.AstValue.invoke(AstValue.java:197)
	at org.apache.el.MethodExpressionImpl.invoke(MethodExpressionImpl.java:276)
	at org.primefaces.behavior.ajax.AjaxBehaviorListenerImpl.processCustomListener(AjaxBehaviorListenerImpl.java:87)
	at org.primefaces.behavior.ajax.AjaxBehaviorListenerImpl.processArgListener(AjaxBehaviorListenerImpl.java:72)
	at org.primefaces.behavior.ajax.AjaxBehaviorListenerImpl.processAjaxBehavior(AjaxBehaviorListenerImpl.java:56)
	at org.primefaces.event.SelectEvent.processListener(SelectEvent.java:40)
	at javax.faces.component.behavior.BehaviorBase.broadcast(BehaviorBase.java:106)
	at javax.faces.component.UIComponentBase.broadcast(UIComponentBase.java:804)
	at javax.faces.component.UIData.broadcast(UIData.java:1086)
	at javax.faces.component.UIData.broadcast(UIData.java:1108)
	at javax.faces.component.UIViewRoot.broadcastEvents(UIViewRoot.java:790)
	at javax.faces.component.UIViewRoot.processApplication(UIViewRoot.java:1282)
	at com.sun.faces.lifecycle.InvokeApplicationPhase.execute(InvokeApplicationPhase.java:81)
	at com.sun.faces.lifecycle.Phase.doPhase(Phase.java:101)
	at com.sun.faces.lifecycle.LifecycleImpl.execute(LifecycleImpl.java:198)
	at javax.faces.webapp.FacesServlet.service(FacesServlet.java:646)
	at org.apache.catalina.core.ApplicationFilterChain.internalDoFilter(ApplicationFilterChain.java:290)
	at org.apache.catalina.core.ApplicationFilterChain.doFilter(ApplicationFilterChain.java:206)
	at org.apache.catalina.core.StandardWrapperValve.invoke(StandardWrapperValve.java:233)
	at org.apache.catalina.core.StandardContextValve.invoke(StandardContextValve.java:191)
	at org.apache.catalina.core.StandardHostValve.invoke(StandardHostValve.java:127)
	at org.apache.catalina.valves.ErrorReportValve.invoke(ErrorReportValve.java:102)
	at org.apache.catalina.core.StandardEngineValve.invoke(StandardEngineValve.java:109)
	at org.apache.catalina.connector.CoyoteAdapter.service(CoyoteAdapter.java:298)
	at org.apache.coyote.http11.Http11NioProcessor.process(Http11NioProcessor.java:886)
	at org.apache.coyote.http11.Http11NioProtocol$Http11ConnectionHandler.process(Http11NioProtocol.java:721)
	at org.apache.tomcat.util.net.NioEndpoint$SocketProcessor.run(NioEndpoint.java:2256)
	at java.util.concurrent.ThreadPoolExecutor.runWorker(Unknown Source)
	at java.util.concurrent.ThreadPoolExecutor$Worker.run(Unknown Source)
	at java.lang.Thread.run(Unknown Source)
Caused by: java.lang.NullPointerException
	at fr.osys.optima.tml.web.view.terminal.utils.TerminalUtils.instancieObjTerminal(TerminalUtils.java:12)
	at fr.osys.optima.tml.web.view.terminal.TerminalController.onRowSelect(TerminalController.java:404)
	at sun.reflect.NativeMethodAccessorImpl.invoke0(Native Method)
	at sun.reflect.NativeMethodAccessorImpl.invoke(Unknown Source)
	at sun.reflect.DelegatingMethodAccessorImpl.invoke(Unknown Source)
	at java.lang.reflect.Method.invoke(Unknown Source)
	at org.apache.el.parser.AstValue.invoke(AstValue.java:191)
	... 29 more
 
11:39:24.235 SEVERE [com.sun.faces.context.AjaxExceptionHandlerImpl handlePartialResponseError] - java.lang.NullPointerException
	at fr.osys.optima.tml.web.view.terminal.utils.TerminalUtils.instancieObjTerminal(TerminalUtils.java:12)
	at fr.osys.optima.tml.web.view.terminal.TerminalController.onRowSelect(TerminalController.java:404)
	at sun.reflect.NativeMethodAccessorImpl.invoke0(Native Method)
	at sun.reflect.NativeMethodAccessorImpl.invoke(Unknown Source)
	at sun.reflect.DelegatingMethodAccessorImpl.invoke(Unknown Source)
	at java.lang.reflect.Method.invoke(Unknown Source)
	at org.apache.el.parser.AstValue.invoke(AstValue.java:191)
	at org.apache.el.MethodExpressionImpl.invoke(MethodExpressionImpl.java:276)
	at org.primefaces.behavior.ajax.AjaxBehaviorListenerImpl.processCustomListener(AjaxBehaviorListenerImpl.java:87)
	at org.primefaces.behavior.ajax.AjaxBehaviorListenerImpl.processArgListener(AjaxBehaviorListenerImpl.java:72)
	at org.primefaces.behavior.ajax.AjaxBehaviorListenerImpl.processAjaxBehavior(AjaxBehaviorListenerImpl.java:56)
	at org.primefaces.event.SelectEvent.processListener(SelectEvent.java:40)
	at javax.faces.component.behavior.BehaviorBase.broadcast(BehaviorBase.java:106)
	at javax.faces.component.UIComponentBase.broadcast(UIComponentBase.java:804)
	at javax.faces.component.UIData.broadcast(UIData.java:1086)
	at javax.faces.component.UIData.broadcast(UIData.java:1108)
	at javax.faces.component.UIViewRoot.broadcastEvents(UIViewRoot.java:790)
	at javax.faces.component.UIViewRoot.processApplication(UIViewRoot.java:1282)
	at com.sun.faces.lifecycle.InvokeApplicationPhase.execute(InvokeApplicationPhase.java:81)
	at com.sun.faces.lifecycle.Phase.doPhase(Phase.java:101)
	at com.sun.faces.lifecycle.LifecycleImpl.execute(LifecycleImpl.java:198)
	at javax.faces.webapp.FacesServlet.service(FacesServlet.java:646)
	at org.apache.catalina.core.ApplicationFilterChain.internalDoFilter(ApplicationFilterChain.java:290)
	at org.apache.catalina.core.ApplicationFilterChain.doFilter(ApplicationFilterChain.java:206)
	at org.apache.catalina.core.StandardWrapperValve.invoke(StandardWrapperValve.java:233)
	at org.apache.catalina.core.StandardContextValve.invoke(StandardContextValve.java:191)
	at org.apache.catalina.core.StandardHostValve.invoke(StandardHostValve.java:127)
	at org.apache.catalina.valves.ErrorReportValve.invoke(ErrorReportValve.java:102)
	at org.apache.catalina.core.StandardEngineValve.invoke(StandardEngineValve.java:109)
	at org.apache.catalina.connector.CoyoteAdapter.service(CoyoteAdapter.java:298)
	at org.apache.coyote.http11.Http11NioProcessor.process(Http11NioProcessor.java:886)
	at org.apache.coyote.http11.Http11NioProtocol$Http11ConnectionHandler.process(Http11NioProtocol.java:721)
	at org.apache.tomcat.util.net.NioEndpoint$SocketProcessor.run(NioEndpoint.java:2256)
	at java.util.concurrent.ThreadPoolExecutor.runWorker(Unknown Source)
	at java.util.concurrent.ThreadPoolExecutor$Worker.run(Unknown Source)
	at java.lang.Thread.run(Unknown Source)
  
11:39:24.266 WARNING [com.sun.faces.lifecycle.InvokeApplicationPhase execute] - java.lang.NullPointerException 
javax.el.ELException: java.lang.NullPointerException
	at org.apache.el.parser.AstValue.invoke(AstValue.java:197)
	at org.apache.el.MethodExpressionImpl.invoke(MethodExpressionImpl.java:276)
	at org.primefaces.behavior.ajax.AjaxBehaviorListenerImpl.processCustomListener(AjaxBehaviorListenerImpl.java:87)
	at org.primefaces.behavior.ajax.AjaxBehaviorListenerImpl.processArgListener(AjaxBehaviorListenerImpl.java:72)
	at org.primefaces.behavior.ajax.AjaxBehaviorListenerImpl.processAjaxBehavior(AjaxBehaviorListenerImpl.java:56)
	at org.primefaces.event.SelectEvent.processListener(SelectEvent.java:40)
	at javax.faces.component.behavior.BehaviorBase.broadcast(BehaviorBase.java:106)
	at javax.faces.component.UIComponentBase.broadcast(UIComponentBase.java:804)
	at javax.faces.component.UIData.broadcast(UIData.java:1086)
	at javax.faces.component.UIData.broadcast(UIData.java:1108)
	at javax.faces.component.UIViewRoot.broadcastEvents(UIViewRoot.java:790)
	at javax.faces.component.UIViewRoot.processApplication(UIViewRoot.java:1282)
	at com.sun.faces.lifecycle.InvokeApplicationPhase.execute(InvokeApplicationPhase.java:81)
	at com.sun.faces.lifecycle.Phase.doPhase(Phase.java:101)
	at com.sun.faces.lifecycle.LifecycleImpl.execute(LifecycleImpl.java:198)
	at javax.faces.webapp.FacesServlet.service(FacesServlet.java:646)
	at org.apache.catalina.core.ApplicationFilterChain.internalDoFilter(ApplicationFilterChain.java:290)
	at org.apache.catalina.core.ApplicationFilterChain.doFilter(ApplicationFilterChain.java:206)
	at org.apache.catalina.core.StandardWrapperValve.invoke(StandardWrapperValve.java:233)
	at org.apache.catalina.core.StandardContextValve.invoke(StandardContextValve.java:191)
	at org.apache.catalina.core.StandardHostValve.invoke(StandardHostValve.java:127)
	at org.apache.catalina.valves.ErrorReportValve.invoke(ErrorReportValve.java:102)
	at org.apache.catalina.core.StandardEngineValve.invoke(StandardEngineValve.java:109)
	at org.apache.catalina.connector.CoyoteAdapter.service(CoyoteAdapter.java:298)
	at org.apache.coyote.http11.Http11NioProcessor.process(Http11NioProcessor.java:886)
	at org.apache.coyote.http11.Http11NioProtocol$Http11ConnectionHandler.process(Http11NioProtocol.java:721)
	at org.apache.tomcat.util.net.NioEndpoint$SocketProcessor.run(NioEndpoint.java:2256)
	at java.util.concurrent.ThreadPoolExecutor.runWorker(Unknown Source)
	at java.util.concurrent.ThreadPoolExecutor$Worker.run(Unknown Source)
	at java.lang.Thread.run(Unknown Source)
Caused by: java.lang.NullPointerException
	at fr.osys.optima.tml.web.view.terminal.utils.TerminalUtils.instancieObjTerminal(TerminalUtils.java:12)
	at fr.osys.optima.tml.web.view.terminal.TerminalController.onRowSelect(TerminalController.java:404)
	at sun.reflect.NativeMethodAccessorImpl.invoke0(Native Method)
	at sun.reflect.NativeMethodAccessorImpl.invoke(Unknown Source)
	at sun.reflect.DelegatingMethodAccessorImpl.invoke(Unknown Source)
	at java.lang.reflect.Method.invoke(Unknown Source)
	at org.apache.el.parser.AstValue.invoke(AstValue.java:191)
	... 29 more
 
11:39:24.282 SEVERE [com.sun.faces.context.AjaxExceptionHandlerImpl handlePartialResponseError] - java.lang.NullPointerException
	at fr.osys.optima.tml.web.view.terminal.utils.TerminalUtils.instancieObjTerminal(TerminalUtils.java:12)
	at fr.osys.optima.tml.web.view.terminal.TerminalController.onRowSelect(TerminalController.java:404)
	at sun.reflect.NativeMethodAccessorImpl.invoke0(Native Method)
	at sun.reflect.NativeMethodAccessorImpl.invoke(Unknown Source)
	at sun.reflect.DelegatingMethodAccessorImpl.invoke(Unknown Source)
	at java.lang.reflect.Method.invoke(Unknown Source)
	at org.apache.el.parser.AstValue.invoke(AstValue.java:191)
	at org.apache.el.MethodExpressionImpl.invoke(MethodExpressionImpl.java:276)
	at org.primefaces.behavior.ajax.AjaxBehaviorListenerImpl.processCustomListener(AjaxBehaviorListenerImpl.java:87)
	at org.primefaces.behavior.ajax.AjaxBehaviorListenerImpl.processArgListener(AjaxBehaviorListenerImpl.java:72)
	at org.primefaces.behavior.ajax.AjaxBehaviorListenerImpl.processAjaxBehavior(AjaxBehaviorListenerImpl.java:56)
	at org.primefaces.event.SelectEvent.processListener(SelectEvent.java:40)
	at javax.faces.component.behavior.BehaviorBase.broadcast(BehaviorBase.java:106)
	at javax.faces.component.UIComponentBase.broadcast(UIComponentBase.java:804)
	at javax.faces.component.UIData.broadcast(UIData.java:1086)
	at javax.faces.component.UIData.broadcast(UIData.java:1108)
	at javax.faces.component.UIViewRoot.broadcastEvents(UIViewRoot.java:790)
	at javax.faces.component.UIViewRoot.processApplication(UIViewRoot.java:1282)
	at com.sun.faces.lifecycle.InvokeApplicationPhase.execute(InvokeApplicationPhase.java:81)
	at com.sun.faces.lifecycle.Phase.doPhase(Phase.java:101)
	at com.sun.faces.lifecycle.LifecycleImpl.execute(LifecycleImpl.java:198)
	at javax.faces.webapp.FacesServlet.service(FacesServlet.java:646)
	at org.apache.catalina.core.ApplicationFilterChain.internalDoFilter(ApplicationFilterChain.java:290)
	at org.apache.catalina.core.ApplicationFilterChain.doFilter(ApplicationFilterChain.java:206)
	at org.apache.catalina.core.StandardWrapperValve.invoke(StandardWrapperValve.java:233)
	at org.apache.catalina.core.StandardContextValve.invoke(StandardContextValve.java:191)
	at org.apache.catalina.core.StandardHostValve.invoke(StandardHostValve.java:127)
	at org.apache.catalina.valves.ErrorReportValve.invoke(ErrorReportValve.java:102)
	at org.apache.catalina.core.StandardEngineValve.invoke(StandardEngineValve.java:109)
	at org.apache.catalina.connector.CoyoteAdapter.service(CoyoteAdapter.java:298)
	at org.apache.coyote.http11.Http11NioProcessor.process(Http11NioProcessor.java:886)
	at org.apache.coyote.http11.Http11NioProtocol$Http11ConnectionHandler.process(Http11NioProtocol.java:721)
	at org.apache.tomcat.util.net.NioEndpoint$SocketProcessor.run(NioEndpoint.java:2256)
	at java.util.concurrent.ThreadPoolExecutor.runWorker(Unknown Source)
	at java.util.concurrent.ThreadPoolExecutor$Worker.run(Unknown Source)
	at java.lang.Thread.run(Unknown Source)
  
13:10:00.387 WARNING [org.apache.tomcat.util.http.Parameters processParameters] - Parameters: Invalid chunk '' ignored.  
13:11:14.786 WARNING [org.apache.tomcat.util.http.Parameters processParameters] - Parameters: Invalid chunk '' ignored.  
13:15:42.436 WARNING [org.apache.tomcat.util.http.Parameters processParameters] - Parameters: Invalid chunk '' ignored.  
15:45:44.720 WARNING [org.apache.tomcat.util.http.Parameters processParameters] - Parameters: Invalid chunk '' ignored.  
15:58:54.968 WARNING [org.apache.tomcat.util.http.Parameters processParameters] - Parameters: Invalid chunk '' ignored.  
15:59:24.303 INFO [org.apache.coyote.http11.Http11NioProtocol pause] - Suspension de Coyote HTTP/1.1 sur http-8383  
15:59:24.303 INFO [org.apache.coyote.ajp.AjpAprProtocol pause] - Pausing Coyote AJP/1.3 on ajp-8309  
15:59:25.304 INFO [org.apache.catalina.core.StandardService stop] - Arrêt du service Catalina  
15:59:25.335 SEVERE [org.apache.catalina.loader.WebappClassLoader clearReferencesJdbc] - The web application [/Quartis-OptimaTml] registered the JBDC driver [net.sourceforge.jtds.jdbc.Driver] but failed to unregister it when the web application was stopped. To prevent a memory leak, the JDBC Driver has been forcibly unregistered.  
15:59:25.335 SEVERE [org.apache.catalina.loader.WebappClassLoader clearReferencesThreads] - The web application [/Quartis-OptimaTml] appears to have started a thread named [schedulerBean_Worker-1] but has failed to stop it. This is very likely to create a memory leak.  
15:59:25.335 SEVERE [org.apache.catalina.loader.WebappClassLoader clearReferencesThreads] - The web application [/Quartis-OptimaTml] appears to have started a thread named [schedulerBean_Worker-2] but has failed to stop it. This is very likely to create a memory leak.  
15:59:25.335 SEVERE [org.apache.catalina.loader.WebappClassLoader clearReferencesThreads] - The web application [/Quartis-OptimaTml] appears to have started a thread named [schedulerBean_Worker-3] but has failed to stop it. This is very likely to create a memory leak.  
15:59:25.335 SEVERE [org.apache.catalina.loader.WebappClassLoader clearReferencesThreads] - The web application [/Quartis-OptimaTml] appears to have started a thread named [schedulerBean_Worker-4] but has failed to stop it. This is very likely to create a memory leak.  
15:59:25.335 SEVERE [org.apache.catalina.loader.WebappClassLoader clearReferencesThreads] - The web application [/Quartis-OptimaTml] appears to have started a thread named [schedulerBean_Worker-5] but has failed to stop it. This is very likely to create a memory leak.  
15:59:25.335 SEVERE [org.apache.catalina.loader.WebappClassLoader clearReferencesThreads] - The web application [/Quartis-OptimaTml] appears to have started a thread named [schedulerBean_Worker-6] but has failed to stop it. This is very likely to create a memory leak.  
15:59:25.335 SEVERE [org.apache.catalina.loader.WebappClassLoader clearReferencesThreads] - The web application [/Quartis-OptimaTml] appears to have started a thread named [schedulerBean_Worker-7] but has failed to stop it. This is very likely to create a memory leak.  
15:59:25.335 SEVERE [org.apache.catalina.loader.WebappClassLoader clearReferencesThreads] - The web application [/Quartis-OptimaTml] appears to have started a thread named [schedulerBean_Worker-8] but has failed to stop it. This is very likely to create a memory leak.  
15:59:25.335 SEVERE [org.apache.catalina.loader.WebappClassLoader clearReferencesThreads] - The web application [/Quartis-OptimaTml] appears to have started a thread named [schedulerBean_Worker-9] but has failed to stop it. This is very likely to create a memory leak.  
15:59:25.351 SEVERE [org.apache.catalina.loader.WebappClassLoader clearReferencesThreads] - The web application [/Quartis-OptimaTml] appears to have started a thread named [schedulerBean_Worker-10] but has failed to stop it. This is very likely to create a memory leak.  
15:59:25.351 SEVERE [org.apache.catalina.loader.WebappClassLoader clearThreadLocalMap] - The web application [/Quartis-OptimaTml] created a ThreadLocal with key of type [net.sourceforge.jtds.jdbc.DateTime$1] (value [net.sourceforge.jtds.jdbc.DateTime$1@433e0fdc]) and a value of type [java.util.GregorianCalendar] (value [java.util.GregorianCalendar[time=1535456664000,areFieldsSet=true,areAllFieldsSet=false,lenient=true,zone=sun.util.calendar.ZoneInfo[id="Europe/Paris",offset=3600000,dstSavings=3600000,useDaylight=true,transitions=184,lastRule=java.util.SimpleTimeZone[id=Europe/Paris,offset=3600000,dstSavings=3600000,useDaylight=true,startYear=0,startMode=2,startMonth=2,startDay=-1,startDayOfWeek=1,startTime=3600000,startTimeMode=2,endMode=2,endMonth=9,endDay=-1,endDayOfWeek=1,endTime=3600000,endTimeMode=2]],firstDayOfWeek=1,minimalDaysInFirstWeek=1,ERA=1,YEAR=2018,MONTH=7,WEEK_OF_YEAR=35,WEEK_OF_MONTH=5,DAY_OF_MONTH=28,DAY_OF_YEAR=240,DAY_OF_WEEK=3,DAY_OF_WEEK_IN_MONTH=4,AM_PM=1,HOUR=1,HOUR_OF_DAY=13,MINUTE=44,SECOND=24,MILLISECOND=0,ZONE_OFFSET=3600000,DST_OFFSET=3600000]]) but failed to remove it when the web application was stopped. This is very likely to create a memory leak.  
15:59:25.351 SEVERE [org.apache.catalina.loader.WebappClassLoader clearThreadLocalMap] - The web application [/Quartis-OptimaTml] created a ThreadLocal with key of type [net.sourceforge.jtds.jdbc.DateTime$1] (value [net.sourceforge.jtds.jdbc.DateTime$1@433e0fdc]) and a value of type [java.util.GregorianCalendar] (value [java.util.GregorianCalendar[time=1535456664000,areFieldsSet=true,areAllFieldsSet=false,lenient=true,zone=sun.util.calendar.ZoneInfo[id="Europe/Paris",offset=3600000,dstSavings=3600000,useDaylight=true,transitions=184,lastRule=java.util.SimpleTimeZone[id=Europe/Paris,offset=3600000,dstSavings=3600000,useDaylight=true,startYear=0,startMode=2,startMonth=2,startDay=-1,startDayOfWeek=1,startTime=3600000,startTimeMode=2,endMode=2,endMonth=9,endDay=-1,endDayOfWeek=1,endTime=3600000,endTimeMode=2]],firstDayOfWeek=1,minimalDaysInFirstWeek=1,ERA=1,YEAR=2018,MONTH=7,WEEK_OF_YEAR=35,WEEK_OF_MONTH=5,DAY_OF_MONTH=28,DAY_OF_YEAR=240,DAY_OF_WEEK=3,DAY_OF_WEEK_IN_MONTH=4,AM_PM=1,HOUR=1,HOUR_OF_DAY=13,MINUTE=44,SECOND=24,MILLISECOND=0,ZONE_OFFSET=3600000,DST_OFFSET=3600000]]) but failed to remove it when the web application was stopped. This is very likely to create a memory leak.  
15:59:25.351 SEVERE [org.apache.catalina.loader.WebappClassLoader clearThreadLocalMap] - The web application [/Quartis-OptimaTml] created a ThreadLocal with key of type [net.sourceforge.jtds.jdbc.DateTime$1] (value [net.sourceforge.jtds.jdbc.DateTime$1@433e0fdc]) and a value of type [java.util.GregorianCalendar] (value [java.util.GregorianCalendar[time=1535456664000,areFieldsSet=true,areAllFieldsSet=false,lenient=true,zone=sun.util.calendar.ZoneInfo[id="Europe/Paris",offset=3600000,dstSavings=3600000,useDaylight=true,transitions=184,lastRule=java.util.SimpleTimeZone[id=Europe/Paris,offset=3600000,dstSavings=3600000,useDaylight=true,startYear=0,startMode=2,startMonth=2,startDay=-1,startDayOfWeek=1,startTime=3600000,startTimeMode=2,endMode=2,endMonth=9,endDay=-1,endDayOfWeek=1,endTime=3600000,endTimeMode=2]],firstDayOfWeek=1,minimalDaysInFirstWeek=1,ERA=1,YEAR=2018,MONTH=7,WEEK_OF_YEAR=35,WEEK_OF_MONTH=5,DAY_OF_MONTH=28,DAY_OF_YEAR=240,DAY_OF_WEEK=3,DAY_OF_WEEK_IN_MONTH=4,AM_PM=1,HOUR=1,HOUR_OF_DAY=13,MINUTE=44,SECOND=24,MILLISECOND=0,ZONE_OFFSET=3600000,DST_OFFSET=3600000]]) but failed to remove it when the web application was stopped. This is very likely to create a memory leak.  
15:59:25.351 SEVERE [org.apache.catalina.loader.WebappClassLoader clearThreadLocalMap] - The web application [/Quartis-OptimaTml] created a ThreadLocal with key of type [net.sourceforge.jtds.jdbc.DateTime$1] (value [net.sourceforge.jtds.jdbc.DateTime$1@433e0fdc]) and a value of type [java.util.GregorianCalendar] (value [java.util.GregorianCalendar[time=1535456664000,areFieldsSet=true,areAllFieldsSet=false,lenient=true,zone=sun.util.calendar.ZoneInfo[id="Europe/Paris",offset=3600000,dstSavings=3600000,useDaylight=true,transitions=184,lastRule=java.util.SimpleTimeZone[id=Europe/Paris,offset=3600000,dstSavings=3600000,useDaylight=true,startYear=0,startMode=2,startMonth=2,startDay=-1,startDayOfWeek=1,startTime=3600000,startTimeMode=2,endMode=2,endMonth=9,endDay=-1,endDayOfWeek=1,endTime=3600000,endTimeMode=2]],firstDayOfWeek=1,minimalDaysInFirstWeek=1,ERA=1,YEAR=2018,MONTH=7,WEEK_OF_YEAR=35,WEEK_OF_MONTH=5,DAY_OF_MONTH=28,DAY_OF_YEAR=240,DAY_OF_WEEK=3,DAY_OF_WEEK_IN_MONTH=4,AM_PM=1,HOUR=1,HOUR_OF_DAY=13,MINUTE=44,SECOND=24,MILLISECOND=0,ZONE_OFFSET=3600000,DST_OFFSET=3600000]]) but failed to remove it when the web application was stopped. This is very likely to create a memory leak.  
15:59:25.351 SEVERE [org.apache.catalina.loader.WebappClassLoader clearThreadLocalMap] - The web application [/Quartis-OptimaTml] created a ThreadLocal with key of type [net.sourceforge.jtds.jdbc.DateTime$1] (value [net.sourceforge.jtds.jdbc.DateTime$1@433e0fdc]) and a value of type [java.util.GregorianCalendar] (value [java.util.GregorianCalendar[time=1535457504000,areFieldsSet=true,areAllFieldsSet=false,lenient=true,zone=sun.util.calendar.ZoneInfo[id="Europe/Paris",offset=3600000,dstSavings=3600000,useDaylight=true,transitions=184,lastRule=java.util.SimpleTimeZone[id=Europe/Paris,offset=3600000,dstSavings=3600000,useDaylight=true,startYear=0,startMode=2,startMonth=2,startDay=-1,startDayOfWeek=1,startTime=3600000,startTimeMode=2,endMode=2,endMonth=9,endDay=-1,endDayOfWeek=1,endTime=3600000,endTimeMode=2]],firstDayOfWeek=1,minimalDaysInFirstWeek=1,ERA=1,YEAR=2018,MONTH=7,WEEK_OF_YEAR=35,WEEK_OF_MONTH=5,DAY_OF_MONTH=28,DAY_OF_YEAR=240,DAY_OF_WEEK=3,DAY_OF_WEEK_IN_MONTH=4,AM_PM=1,HOUR=1,HOUR_OF_DAY=13,MINUTE=58,SECOND=24,MILLISECOND=0,ZONE_OFFSET=3600000,DST_OFFSET=3600000]]) but failed to remove it when the web application was stopped. This is very likely to create a memory leak.  
15:59:25.718 SEVERE [org.apache.catalina.loader.WebappClassLoader clearReferencesJdbc] - The web application [/Quartis-Web] registered the JBDC driver [net.sourceforge.jtds.jdbc.Driver] but failed to unregister it when the web application was stopped. To prevent a memory leak, the JDBC Driver has been forcibly unregistered.  
15:59:25.718 SEVERE [org.apache.catalina.loader.WebappClassLoader clearReferencesThreads] - The web application [/Quartis-Web] appears to have started a thread named [Timer-0] but has failed to stop it. This is very likely to create a memory leak.  
15:59:25.718 SEVERE [org.apache.catalina.loader.WebappClassLoader clearReferencesThreads] - The web application [/Quartis-Web] appears to have started a thread named [Batik CleanerThread] but has failed to stop it. This is very likely to create a memory leak.  
15:59:25.718 SEVERE [org.apache.catalina.loader.WebappClassLoader clearThreadLocalMap] - The web application [/Quartis-Web] created a ThreadLocal with key of type [null] (value [com.sun.jna.Structure$1@547d281f]) and a value of type [java.util.HashMap] (value [{}]) but failed to remove it when the web application was stopped. This is very likely to create a memory leak.  
15:59:25.718 SEVERE [org.apache.catalina.loader.WebappClassLoader clearThreadLocalMap] - The web application [/Quartis-Web] created a ThreadLocal with key of type [null] (value [com.sun.jna.Structure$2@64d5368e]) and a value of type [null] (value [[]]) but failed to remove it when the web application was stopped. This is very likely to create a memory leak.  
15:59:25.718 SEVERE [org.apache.catalina.loader.WebappClassLoader clearThreadLocalMap] - The web application [/Quartis-Web] created a ThreadLocal with key of type [null] (value [com.sun.jna.Structure$1@547d281f]) and a value of type [java.util.HashMap] (value [{}]) but failed to remove it when the web application was stopped. This is very likely to create a memory leak.  
15:59:25.718 SEVERE [org.apache.catalina.loader.WebappClassLoader clearThreadLocalMap] - The web application [/Quartis-Web] created a ThreadLocal with key of type [null] (value [com.sun.jna.Structure$2@64d5368e]) and a value of type [null] (value [[]]) but failed to remove it when the web application was stopped. This is very likely to create a memory leak.  
15:59:25.718 SEVERE [org.apache.catalina.loader.WebappClassLoader clearThreadLocalMap] - The web application [/Quartis-Web] created a ThreadLocal with key of type [null] (value [com.sun.jna.Structure$1@547d281f]) and a value of type [java.util.HashMap] (value [{}]) but failed to remove it when the web application was stopped. This is very likely to create a memory leak.  
15:59:25.718 SEVERE [org.apache.catalina.loader.WebappClassLoader clearThreadLocalMap] - The web application [/Quartis-Web] created a ThreadLocal with key of type [null] (value [com.sun.jna.Structure$2@64d5368e]) and a value of type [null] (value [[]]) but failed to remove it when the web application was stopped. This is very likely to create a memory leak.  
15:59:25.718 SEVERE [org.apache.catalina.loader.WebappClassLoader clearThreadLocalMap] - The web application [/Quartis-Web] created a ThreadLocal with key of type [null] (value [com.sun.jna.Structure$1@547d281f]) and a value of type [java.util.HashMap] (value [{}]) but failed to remove it when the web application was stopped. This is very likely to create a memory leak.  
15:59:25.733 SEVERE [org.apache.catalina.loader.WebappClassLoader clearThreadLocalMap] - The web application [/Quartis-Web] created a ThreadLocal with key of type [null] (value [com.sun.jna.Structure$2@64d5368e]) and a value of type [null] (value [[]]) but failed to remove it when the web application was stopped. This is very likely to create a memory leak.  
15:59:26.389 SEVERE [org.apache.catalina.loader.WebappClassLoader clearReferencesJdbc] - The web application [/Quartis-OptimaCjj] registered the JBDC driver [net.sourceforge.jtds.jdbc.Driver] but failed to unregister it when the web application was stopped. To prevent a memory leak, the JDBC Driver has been forcibly unregistered.  
15:59:26.389 SEVERE [org.apache.catalina.loader.WebappClassLoader clearReferencesThreads] - The web application [/Quartis-OptimaCjj] appears to have started a thread named [schedulerBean_Worker-1] but has failed to stop it. This is very likely to create a memory leak.  
15:59:26.389 SEVERE [org.apache.catalina.loader.WebappClassLoader clearReferencesThreads] - The web application [/Quartis-OptimaCjj] appears to have started a thread named [schedulerBean_Worker-2] but has failed to stop it. This is very likely to create a memory leak.  
15:59:26.389 SEVERE [org.apache.catalina.loader.WebappClassLoader clearReferencesThreads] - The web application [/Quartis-OptimaCjj] appears to have started a thread named [schedulerBean_Worker-3] but has failed to stop it. This is very likely to create a memory leak.  
15:59:26.389 SEVERE [org.apache.catalina.loader.WebappClassLoader clearReferencesThreads] - The web application [/Quartis-OptimaCjj] appears to have started a thread named [schedulerBean_Worker-4] but has failed to stop it. This is very likely to create a memory leak.  
15:59:26.389 SEVERE [org.apache.catalina.loader.WebappClassLoader clearReferencesThreads] - The web application [/Quartis-OptimaCjj] appears to have started a thread named [schedulerBean_Worker-5] but has failed to stop it. This is very likely to create a memory leak.  
15:59:26.389 SEVERE [org.apache.catalina.loader.WebappClassLoader clearReferencesThreads] - The web application [/Quartis-OptimaCjj] appears to have started a thread named [schedulerBean_Worker-6] but has failed to stop it. This is very likely to create a memory leak.  
15:59:26.389 SEVERE [org.apache.catalina.loader.WebappClassLoader clearReferencesThreads] - The web application [/Quartis-OptimaCjj] appears to have started a thread named [schedulerBean_Worker-7] but has failed to stop it. This is very likely to create a memory leak.  
15:59:26.404 SEVERE [org.apache.catalina.loader.WebappClassLoader clearReferencesThreads] - The web application [/Quartis-OptimaCjj] appears to have started a thread named [schedulerBean_Worker-8] but has failed to stop it. This is very likely to create a memory leak.  
15:59:26.404 SEVERE [org.apache.catalina.loader.WebappClassLoader clearReferencesThreads] - The web application [/Quartis-OptimaCjj] appears to have started a thread named [schedulerBean_Worker-9] but has failed to stop it. This is very likely to create a memory leak.  
15:59:26.404 SEVERE [org.apache.catalina.loader.WebappClassLoader clearReferencesThreads] - The web application [/Quartis-OptimaCjj] appears to have started a thread named [schedulerBean_Worker-10] but has failed to stop it. This is very likely to create a memory leak.  
15:59:26.716 SEVERE [org.apache.catalina.loader.WebappClassLoader clearReferencesThreads] - The web application [/Quartis-OptimaCorrection] appears to have started a thread named [Session Monitor] but has failed to stop it. This is very likely to create a memory leak.  
15:59:26.716 SEVERE [org.apache.catalina.loader.WebappClassLoader clearReferencesThreads] - The web application [/Quartis-OptimaCorrection] appears to have started a thread named [Monitor Runner] but has failed to stop it. This is very likely to create a memory leak.  
15:59:26.935 INFO [org.apache.coyote.http11.Http11NioProtocol destroy] - Arrêt de Coyote HTTP/1.1 sur http-8383  
15:59:28.043 INFO [org.apache.coyote.ajp.AjpAprProtocol destroy] - Stopping Coyote AJP/1.3 on ajp-8309  
15:59:28.918 INFOS [org.apache.catalina.core.AprLifecycleListener init] - Loaded APR based Apache Tomcat Native library 1.1.20.  
15:59:28.918 INFOS [org.apache.catalina.core.AprLifecycleListener init] - APR capabilities: IPv6 [true], sendfile [true], accept filters [false], random [true].  
15:59:29.401 INFOS [org.apache.tomcat.util.net.NioSelectorPool getSharedSelector] - Using a shared selector for servlet write/read  
15:59:29.401 INFOS [org.apache.coyote.http11.Http11NioProtocol init] - Initialisation de Coyote HTTP/1.1 sur http-8383  
15:59:29.417 INFOS [org.apache.coyote.ajp.AjpAprProtocol init] - Initializing Coyote AJP/1.3 on ajp-8309  
15:59:29.417 INFOS [org.apache.catalina.startup.Catalina load] - Initialization processed in 699 ms  
15:59:29.433 INFOS [org.apache.catalina.core.StandardService start] - Démarrage du service Catalina  
15:59:29.433 INFOS [org.apache.catalina.core.StandardEngine start] - Starting Servlet Engine: Apache Tomcat/6.0.29  
15:59:29.448 INFOS [org.apache.catalina.startup.HostConfig deployDescriptor] - Déploiement du descripteur de configuration host-manager.xml  
15:59:29.604 INFOS [org.apache.catalina.startup.HostConfig deployDescriptor] - Déploiement du descripteur de configuration manager.xml  
15:59:29.668 INFOS [org.apache.catalina.startup.HostConfig deployDescriptor] - Déploiement du descripteur de configuration Quartis-Dictionary.xml  
15:59:29.683 INFOS [org.apache.catalina.loader.WebappClassLoader validateJarFile] - validateJarFile(C:\Osys\QuartisTools\Tomcat\webapps\Quartis-Dictionary\WEB-INF\lib\servlet-api.jar) - jar not loaded. See Servlet Spec 2.3, section 9.7.2. Offending class: javax/servlet/Servlet.class  
15:59:29.730 INFOS [org.apache.catalina.startup.HostConfig deployDescriptor] - Déploiement du descripteur de configuration Quartis-LicenceWeb.xml  
15:59:29.761 INFOS [org.apache.catalina.startup.HostConfig deployDescriptor] - Déploiement du descripteur de configuration Quartis-OptimaCorrection.xml  
15:59:30.182 INFOS [com.sun.faces.config.ConfigureListener contextInitialized] - Initializing Sun's JavaServer Faces implementation (1.2_04-b20-p03) for context '/Quartis-OptimaCorrection'  
15:59:31.151 INFOS [org.apache.catalina.startup.HostConfig deployDescriptor] - Déploiement du descripteur de configuration Quartis-Web.xml  
15:59:32.768 INFOS [com.sun.faces.config.ConfigureListener contextInitialized] - Initializing Sun's JavaServer Faces implementation (1.2_04-b20-p03) for context '/Quartis-Web'  
15:59:35.032 INFOS [org.apache.catalina.startup.HostConfig deployWAR] - Déploiement de l'archive Quartis-OptimaCjj.war de l'application web  
15:59:35.173 INFOS [org.apache.catalina.core.StandardContext addApplicationListener] - The listener "com.sun.faces.config.ConfigureListener" is already configured for this context. The duplicate definition has been ignored.  
15:59:35.173 INFOS [org.apache.catalina.core.StandardContext addApplicationListener] - The listener "com.sun.faces.config.ConfigureListener" is already configured for this context. The duplicate definition has been ignored.  
15:59:35.235 INFOS [com.sun.faces.config.ConfigureListener contextInitialized] - Initialisation de Mojarra 2.2.4 ( 20131003-1354 https://svn.java.net/svn/mojarra~svn/tags/2.2.4@12574) pour le contexte «/Quartis-OptimaCjj»  
15:59:36.624 INFOS [org.primefaces.webapp.PostConstructApplicationEventListener processEvent] - Running on PrimeFaces 5.3  
15:59:36.624 INFOS [org.primefaces.extensions.application.PostConstructApplicationEventListener processEvent] - Running on PrimeFaces Extensions 4.0.0  
15:59:39.279 INFOS [org.apache.catalina.startup.HostConfig deployWAR] - Déploiement de l'archive Quartis-OptimaTml.war de l'application web  
15:59:39.420 INFOS [org.apache.catalina.core.StandardContext addApplicationListener] - The listener "com.sun.faces.config.ConfigureListener" is already configured for this context. The duplicate definition has been ignored.  
15:59:39.420 INFOS [org.apache.catalina.core.StandardContext addApplicationListener] - The listener "com.sun.faces.config.ConfigureListener" is already configured for this context. The duplicate definition has been ignored.  
15:59:39.578 GRAVE [org.apache.catalina.session.StandardManager start] - Exception au chargement des sessions depuis le stockage persistant (persistent storage) 
java.lang.IllegalStateException: Cannot deserialize BeanFactory with id org.springframework.web.context.WebApplicationContext:/Quartis-OptimaTml: no factory registered for this id
	at org.springframework.beans.factory.support.DefaultListableBeanFactory$SerializedBeanFactoryReference.readResolve(DefaultListableBeanFactory.java:981)
	at sun.reflect.NativeMethodAccessorImpl.invoke0(Native Method)
	at sun.reflect.NativeMethodAccessorImpl.invoke(Unknown Source)
	at sun.reflect.DelegatingMethodAccessorImpl.invoke(Unknown Source)
	at java.lang.reflect.Method.invoke(Unknown Source)
	at java.io.ObjectStreamClass.invokeReadResolve(Unknown Source)
	at java.io.ObjectInputStream.readOrdinaryObject(Unknown Source)
	at java.io.ObjectInputStream.readObject0(Unknown Source)
	at java.io.ObjectInputStream.defaultReadFields(Unknown Source)
	at java.io.ObjectInputStream.defaultReadObject(Unknown Source)
	at org.springframework.aop.support.AbstractBeanFactoryPointcutAdvisor.readObject(AbstractBeanFactoryPointcutAdvisor.java:103)
	at sun.reflect.NativeMethodAccessorImpl.invoke0(Native Method)
	at sun.reflect.NativeMethodAccessorImpl.invoke(Unknown Source)
	at sun.reflect.DelegatingMethodAccessorImpl.invoke(Unknown Source)
	at java.lang.reflect.Method.invoke(Unknown Source)
	at java.io.ObjectStreamClass.invokeReadObject(Unknown Source)
	at java.io.ObjectInputStream.readSerialData(Unknown Source)
	at java.io.ObjectInputStream.readOrdinaryObject(Unknown Source)
	at java.io.ObjectInputStream.readObject0(Unknown Source)
	at java.io.ObjectInputStream.readArray(Unknown Source)
	at java.io.ObjectInputStream.readObject0(Unknown Source)
	at java.io.ObjectInputStream.defaultReadFields(Unknown Source)
	at java.io.ObjectInputStream.defaultReadObject(Unknown Source)
	at org.springframework.aop.framework.AdvisedSupport.readObject(AdvisedSupport.java:550)
	at sun.reflect.NativeMethodAccessorImpl.invoke0(Native Method)
	at sun.reflect.NativeMethodAccessorImpl.invoke(Unknown Source)
	at sun.reflect.DelegatingMethodAccessorImpl.invoke(Unknown Source)
	at java.lang.reflect.Method.invoke(Unknown Source)
	at java.io.ObjectStreamClass.invokeReadObject(Unknown Source)
	at java.io.ObjectInputStream.readSerialData(Unknown Source)
	at java.io.ObjectInputStream.readOrdinaryObject(Unknown Source)
	at java.io.ObjectInputStream.readObject0(Unknown Source)
	at java.io.ObjectInputStream.defaultReadFields(Unknown Source)
	at java.io.ObjectInputStream.readSerialData(Unknown Source)
	at java.io.ObjectInputStream.readOrdinaryObject(Unknown Source)
	at java.io.ObjectInputStream.readObject0(Unknown Source)
	at java.io.ObjectInputStream.defaultReadFields(Unknown Source)
	at java.io.ObjectInputStream.readSerialData(Unknown Source)
	at java.io.ObjectInputStream.readOrdinaryObject(Unknown Source)
	at java.io.ObjectInputStream.readObject0(Unknown Source)
	at java.io.ObjectInputStream.defaultReadFields(Unknown Source)
	at java.io.ObjectInputStream.readSerialData(Unknown Source)
	at java.io.ObjectInputStream.readOrdinaryObject(Unknown Source)
	at java.io.ObjectInputStream.readObject0(Unknown Source)
	at java.io.ObjectInputStream.defaultReadFields(Unknown Source)
	at java.io.ObjectInputStream.readSerialData(Unknown Source)
	at java.io.ObjectInputStream.readOrdinaryObject(Unknown Source)
	at java.io.ObjectInputStream.readObject0(Unknown Source)
	at java.io.ObjectInputStream.readObject(Unknown Source)
	at org.apache.catalina.session.StandardSession.readObject(StandardSession.java:1475)
	at org.apache.catalina.session.StandardSession.readObjectData(StandardSession.java:977)
	at org.apache.catalina.session.StandardManager.doLoad(StandardManager.java:394)
	at org.apache.catalina.session.StandardManager.load(StandardManager.java:321)
	at org.apache.catalina.session.StandardManager.start(StandardManager.java:643)
	at org.apache.catalina.core.ContainerBase.setManager(ContainerBase.java:438)
	at org.apache.catalina.core.StandardContext.start(StandardContext.java:4559)
	at org.apache.catalina.core.ContainerBase.addChildInternal(ContainerBase.java:791)
	at org.apache.catalina.core.ContainerBase.addChild(ContainerBase.java:771)
	at org.apache.catalina.core.StandardHost.addChild(StandardHost.java:546)
	at org.apache.catalina.startup.HostConfig.deployWAR(HostConfig.java:905)
	at org.apache.catalina.startup.HostConfig.deployWARs(HostConfig.java:740)
	at org.apache.catalina.startup.HostConfig.deployApps(HostConfig.java:500)
	at org.apache.catalina.startup.HostConfig.start(HostConfig.java:1277)
	at org.apache.catalina.startup.HostConfig.lifecycleEvent(HostConfig.java:321)
	at org.apache.catalina.util.LifecycleSupport.fireLifecycleEvent(LifecycleSupport.java:119)
	at org.apache.catalina.core.ContainerBase.start(ContainerBase.java:1053)
	at org.apache.catalina.core.StandardHost.start(StandardHost.java:785)
	at org.apache.catalina.core.ContainerBase.start(ContainerBase.java:1045)
	at org.apache.catalina.core.StandardEngine.start(StandardEngine.java:445)
	at org.apache.catalina.core.StandardService.start(StandardService.java:519)
	at org.apache.catalina.core.StandardServer.start(StandardServer.java:710)
	at org.apache.catalina.startup.Catalina.start(Catalina.java:581)
	at sun.reflect.NativeMethodAccessorImpl.invoke0(Native Method)
	at sun.reflect.NativeMethodAccessorImpl.invoke(Unknown Source)
	at sun.reflect.DelegatingMethodAccessorImpl.invoke(Unknown Source)
	at java.lang.reflect.Method.invoke(Unknown Source)
	at org.apache.catalina.startup.Bootstrap.start(Bootstrap.java:289)
	at org.apache.catalina.startup.Bootstrap.main(Bootstrap.java:414)
 
15:59:39.640 INFOS [com.sun.faces.config.ConfigureListener contextInitialized] - Initialisation de Mojarra 2.2.4 ( 20131003-1354 https://svn.java.net/svn/mojarra~svn/tags/2.2.4@12574) pour le contexte «/Quartis-OptimaTml»  
15:59:40.515 INFOS [org.primefaces.webapp.PostConstructApplicationEventListener processEvent] - Running on PrimeFaces 5.0  
15:59:40.515 INFOS [org.primefaces.extensions.application.PostConstructApplicationEventListener processEvent] - Running on PrimeFaces Extensions 2.0.0  
15:59:42.278 INFOS [org.apache.catalina.startup.HostConfig deployDirectory] - Déploiement du répertoire docs de l'application web  
15:59:42.293 INFOS [org.apache.catalina.startup.HostConfig deployDirectory] - Déploiement du répertoire examples de l'application web  
15:59:42.340 INFOS [org.apache.catalina.startup.HostConfig deployDirectory] - Déploiement du répertoire ROOT de l'application web  
15:59:42.371 INFOS [org.apache.coyote.http11.Http11NioProtocol start] - Démarrage de Coyote HTTP/1.1 sur http-8383  
15:59:42.387 INFOS [org.apache.coyote.ajp.AjpAprProtocol start] - Starting Coyote AJP/1.3 on ajp-8309  
15:59:42.387 INFOS [org.apache.catalina.startup.Catalina start] - Server startup in 12979 ms  
16:02:23.705 AVERTISSEMENT [org.apache.tomcat.util.http.Parameters processParameters] - Parameters: Invalid chunk '' ignored.  
16:06:00.382 WARNING [org.apache.tomcat.util.http.Parameters processParameters] - Parameters: Invalid chunk '' ignored.  
16:45:24.126 SEVERE [javax.faces.event.MethodExpressionActionListener processAction] - Received 'java.lang.NullPointerException' when invoking action listener '#{formulairesManagedBean.updateData}' for component 'validateButton'  
16:45:24.128 SEVERE [javax.faces.event.MethodExpressionActionListener processAction] - java.lang.NullPointerException
	at quartisweb.jsf.managedBean.FormulairesManagedBean.updateData(FormulairesManagedBean.java:1171)
	at sun.reflect.GeneratedMethodAccessor1005.invoke(Unknown Source)
	at sun.reflect.DelegatingMethodAccessorImpl.invoke(Unknown Source)
	at java.lang.reflect.Method.invoke(Unknown Source)
	at org.apache.el.parser.AstValue.invoke(AstValue.java:191)
	at org.apache.el.MethodExpressionImpl.invoke(MethodExpressionImpl.java:276)
	at org.apache.jasper.el.JspMethodExpression.invoke(JspMethodExpression.java:68)
	at javax.faces.event.MethodExpressionActionListener.processAction(MethodExpressionActionListener.java:88)
	at javax.faces.event.ActionEvent.processListener(ActionEvent.java:77)
	at javax.faces.component.UIComponentBase.broadcast(UIComponentBase.java:746)
	at javax.faces.component.UICommand.broadcast(UICommand.java:368)
	at javax.faces.component.UIViewRoot.broadcastEvents(UIViewRoot.java:447)
	at javax.faces.component.UIViewRoot.processApplication(UIViewRoot.java:752)
	at com.sun.faces.lifecycle.InvokeApplicationPhase.execute(InvokeApplicationPhase.java:97)
	at com.sun.faces.lifecycle.LifecycleImpl.phase(LifecycleImpl.java:251)
	at com.sun.faces.lifecycle.LifecycleImpl.execute(LifecycleImpl.java:117)
	at javax.faces.webapp.FacesServlet.service(FacesServlet.java:244)
	at org.apache.catalina.core.ApplicationFilterChain.internalDoFilter(ApplicationFilterChain.java:290)
	at org.apache.catalina.core.ApplicationFilterChain.doFilter(ApplicationFilterChain.java:206)
	at net.bull.javamelody.MonitoringFilter.doFilter(MonitoringFilter.java:201)
	at net.bull.javamelody.MonitoringFilter.doFilter(MonitoringFilter.java:178)
	at org.apache.catalina.core.ApplicationFilterChain.internalDoFilter(ApplicationFilterChain.java:235)
	at org.apache.catalina.core.ApplicationFilterChain.doFilter(ApplicationFilterChain.java:206)
	at org.apache.logging.log4j.web.Log4jServletFilter.doFilter(Log4jServletFilter.java:71)
	at org.apache.catalina.core.ApplicationFilterChain.internalDoFilter(ApplicationFilterChain.java:235)
	at org.apache.catalina.core.ApplicationFilterChain.doFilter(ApplicationFilterChain.java:206)
	at quartisweb.filter.RepeteurFilter.doFilter(RepeteurFilter.java:104)
	at org.apache.catalina.core.ApplicationFilterChain.internalDoFilter(ApplicationFilterChain.java:235)
	at org.apache.catalina.core.ApplicationFilterChain.doFilter(ApplicationFilterChain.java:206)
	at quartisweb.servlet.EncodingFilter.doFilter(EncodingFilter.java:26)
	at org.apache.catalina.core.ApplicationFilterChain.internalDoFilter(ApplicationFilterChain.java:235)
	at org.apache.catalina.core.ApplicationFilterChain.doFilter(ApplicationFilterChain.java:206)
	at quartisweb.filter.FiltreSession.doFilter(FiltreSession.java:233)
	at org.apache.catalina.core.ApplicationFilterChain.internalDoFilter(ApplicationFilterChain.java:235)
	at org.apache.catalina.core.ApplicationFilterChain.doFilter(ApplicationFilterChain.java:206)
	at org.apache.catalina.core.StandardWrapperValve.invoke(StandardWrapperValve.java:233)
	at org.apache.catalina.core.StandardContextValve.invoke(StandardContextValve.java:191)
	at org.apache.catalina.core.StandardHostValve.invoke(StandardHostValve.java:127)
	at org.apache.catalina.valves.ErrorReportValve.invoke(ErrorReportValve.java:102)
	at org.apache.catalina.core.StandardEngineValve.invoke(StandardEngineValve.java:109)
	at org.apache.catalina.connector.CoyoteAdapter.service(CoyoteAdapter.java:298)
	at org.apache.coyote.http11.Http11NioProcessor.process(Http11NioProcessor.java:886)
	at org.apache.coyote.http11.Http11NioProtocol$Http11ConnectionHandler.process(Http11NioProtocol.java:721)
	at org.apache.tomcat.util.net.NioEndpoint$SocketProcessor.run(NioEndpoint.java:2256)
	at java.util.concurrent.ThreadPoolExecutor.runWorker(Unknown Source)
	at java.util.concurrent.ThreadPoolExecutor$Worker.run(Unknown Source)
	at java.lang.Thread.run(Unknown Source)
  
16:50:33.139 SEVERE [javax.faces.event.MethodExpressionActionListener processAction] - Received 'java.lang.NullPointerException' when invoking action listener '#{formulairesManagedBean.updateData}' for component 'validateButton'  
16:50:33.139 SEVERE [javax.faces.event.MethodExpressionActionListener processAction] - java.lang.NullPointerException
	at quartisweb.jsf.managedBean.FormulairesManagedBean.updateData(FormulairesManagedBean.java:1171)
	at sun.reflect.GeneratedMethodAccessor1005.invoke(Unknown Source)
	at sun.reflect.DelegatingMethodAccessorImpl.invoke(Unknown Source)
	at java.lang.reflect.Method.invoke(Unknown Source)
	at org.apache.el.parser.AstValue.invoke(AstValue.java:191)
	at org.apache.el.MethodExpressionImpl.invoke(MethodExpressionImpl.java:276)
	at org.apache.jasper.el.JspMethodExpression.invoke(JspMethodExpression.java:68)
	at javax.faces.event.MethodExpressionActionListener.processAction(MethodExpressionActionListener.java:88)
	at javax.faces.event.ActionEvent.processListener(ActionEvent.java:77)
	at javax.faces.component.UIComponentBase.broadcast(UIComponentBase.java:746)
	at javax.faces.component.UICommand.broadcast(UICommand.java:368)
	at javax.faces.component.UIViewRoot.broadcastEvents(UIViewRoot.java:447)
	at javax.faces.component.UIViewRoot.processApplication(UIViewRoot.java:752)
	at com.sun.faces.lifecycle.InvokeApplicationPhase.execute(InvokeApplicationPhase.java:97)
	at com.sun.faces.lifecycle.LifecycleImpl.phase(LifecycleImpl.java:251)
	at com.sun.faces.lifecycle.LifecycleImpl.execute(LifecycleImpl.java:117)
	at javax.faces.webapp.FacesServlet.service(FacesServlet.java:244)
	at org.apache.catalina.core.ApplicationFilterChain.internalDoFilter(ApplicationFilterChain.java:290)
	at org.apache.catalina.core.ApplicationFilterChain.doFilter(ApplicationFilterChain.java:206)
	at net.bull.javamelody.MonitoringFilter.doFilter(MonitoringFilter.java:201)
	at net.bull.javamelody.MonitoringFilter.doFilter(MonitoringFilter.java:178)
	at org.apache.catalina.core.ApplicationFilterChain.internalDoFilter(ApplicationFilterChain.java:235)
	at org.apache.catalina.core.ApplicationFilterChain.doFilter(ApplicationFilterChain.java:206)
	at org.apache.logging.log4j.web.Log4jServletFilter.doFilter(Log4jServletFilter.java:71)
	at org.apache.catalina.core.ApplicationFilterChain.internalDoFilter(ApplicationFilterChain.java:235)
	at org.apache.catalina.core.ApplicationFilterChain.doFilter(ApplicationFilterChain.java:206)
	at quartisweb.filter.RepeteurFilter.doFilter(RepeteurFilter.java:104)
	at org.apache.catalina.core.ApplicationFilterChain.internalDoFilter(ApplicationFilterChain.java:235)
	at org.apache.catalina.core.ApplicationFilterChain.doFilter(ApplicationFilterChain.java:206)
	at quartisweb.servlet.EncodingFilter.doFilter(EncodingFilter.java:26)
	at org.apache.catalina.core.ApplicationFilterChain.internalDoFilter(ApplicationFilterChain.java:235)
	at org.apache.catalina.core.ApplicationFilterChain.doFilter(ApplicationFilterChain.java:206)
	at quartisweb.filter.FiltreSession.doFilter(FiltreSession.java:233)
	at org.apache.catalina.core.ApplicationFilterChain.internalDoFilter(ApplicationFilterChain.java:235)
	at org.apache.catalina.core.ApplicationFilterChain.doFilter(ApplicationFilterChain.java:206)
	at org.apache.catalina.core.StandardWrapperValve.invoke(StandardWrapperValve.java:233)
	at org.apache.catalina.core.StandardContextValve.invoke(StandardContextValve.java:191)
	at org.apache.catalina.core.StandardHostValve.invoke(StandardHostValve.java:127)
	at org.apache.catalina.valves.ErrorReportValve.invoke(ErrorReportValve.java:102)
	at org.apache.catalina.core.StandardEngineValve.invoke(StandardEngineValve.java:109)
	at org.apache.catalina.connector.CoyoteAdapter.service(CoyoteAdapter.java:298)
	at org.apache.coyote.http11.Http11NioProcessor.process(Http11NioProcessor.java:886)
	at org.apache.coyote.http11.Http11NioProtocol$Http11ConnectionHandler.process(Http11NioProtocol.java:721)
	at org.apache.tomcat.util.net.NioEndpoint$SocketProcessor.run(NioEndpoint.java:2256)
	at java.util.concurrent.ThreadPoolExecutor.runWorker(Unknown Source)
	at java.util.concurrent.ThreadPoolExecutor$Worker.run(Unknown Source)
	at java.lang.Thread.run(Unknown Source)
  
16:51:28.910 SEVERE [javax.faces.event.MethodExpressionActionListener processAction] - Received 'java.lang.NullPointerException' when invoking action listener '#{formulairesManagedBean.updateData}' for component 'validateButton'  
16:51:28.911 SEVERE [javax.faces.event.MethodExpressionActionListener processAction] - java.lang.NullPointerException
	at quartisweb.jsf.managedBean.FormulairesManagedBean.updateData(FormulairesManagedBean.java:1171)
	at sun.reflect.GeneratedMethodAccessor1005.invoke(Unknown Source)
	at sun.reflect.DelegatingMethodAccessorImpl.invoke(Unknown Source)
	at java.lang.reflect.Method.invoke(Unknown Source)
	at org.apache.el.parser.AstValue.invoke(AstValue.java:191)
	at org.apache.el.MethodExpressionImpl.invoke(MethodExpressionImpl.java:276)
	at org.apache.jasper.el.JspMethodExpression.invoke(JspMethodExpression.java:68)
	at javax.faces.event.MethodExpressionActionListener.processAction(MethodExpressionActionListener.java:88)
	at javax.faces.event.ActionEvent.processListener(ActionEvent.java:77)
	at javax.faces.component.UIComponentBase.broadcast(UIComponentBase.java:746)
	at javax.faces.component.UICommand.broadcast(UICommand.java:368)
	at javax.faces.component.UIViewRoot.broadcastEvents(UIViewRoot.java:447)
	at javax.faces.component.UIViewRoot.processApplication(UIViewRoot.java:752)
	at com.sun.faces.lifecycle.InvokeApplicationPhase.execute(InvokeApplicationPhase.java:97)
	at com.sun.faces.lifecycle.LifecycleImpl.phase(LifecycleImpl.java:251)
	at com.sun.faces.lifecycle.LifecycleImpl.execute(LifecycleImpl.java:117)
	at javax.faces.webapp.FacesServlet.service(FacesServlet.java:244)
	at org.apache.catalina.core.ApplicationFilterChain.internalDoFilter(ApplicationFilterChain.java:290)
	at org.apache.catalina.core.ApplicationFilterChain.doFilter(ApplicationFilterChain.java:206)
	at net.bull.javamelody.MonitoringFilter.doFilter(MonitoringFilter.java:201)
	at net.bull.javamelody.MonitoringFilter.doFilter(MonitoringFilter.java:178)
	at org.apache.catalina.core.ApplicationFilterChain.internalDoFilter(ApplicationFilterChain.java:235)
	at org.apache.catalina.core.ApplicationFilterChain.doFilter(ApplicationFilterChain.java:206)
	at org.apache.logging.log4j.web.Log4jServletFilter.doFilter(Log4jServletFilter.java:71)
	at org.apache.catalina.core.ApplicationFilterChain.internalDoFilter(ApplicationFilterChain.java:235)
	at org.apache.catalina.core.ApplicationFilterChain.doFilter(ApplicationFilterChain.java:206)
	at quartisweb.filter.RepeteurFilter.doFilter(RepeteurFilter.java:104)
	at org.apache.catalina.core.ApplicationFilterChain.internalDoFilter(ApplicationFilterChain.java:235)
	at org.apache.catalina.core.ApplicationFilterChain.doFilter(ApplicationFilterChain.java:206)
	at quartisweb.servlet.EncodingFilter.doFilter(EncodingFilter.java:26)
	at org.apache.catalina.core.ApplicationFilterChain.internalDoFilter(ApplicationFilterChain.java:235)
	at org.apache.catalina.core.ApplicationFilterChain.doFilter(ApplicationFilterChain.java:206)
	at quartisweb.filter.FiltreSession.doFilter(FiltreSession.java:233)
	at org.apache.catalina.core.ApplicationFilterChain.internalDoFilter(ApplicationFilterChain.java:235)
	at org.apache.catalina.core.ApplicationFilterChain.doFilter(ApplicationFilterChain.java:206)
	at org.apache.catalina.core.StandardWrapperValve.invoke(StandardWrapperValve.java:233)
	at org.apache.catalina.core.StandardContextValve.invoke(StandardContextValve.java:191)
	at org.apache.catalina.core.StandardHostValve.invoke(StandardHostValve.java:127)
	at org.apache.catalina.valves.ErrorReportValve.invoke(ErrorReportValve.java:102)
	at org.apache.catalina.core.StandardEngineValve.invoke(StandardEngineValve.java:109)
	at org.apache.catalina.connector.CoyoteAdapter.service(CoyoteAdapter.java:298)
	at org.apache.coyote.http11.Http11NioProcessor.process(Http11NioProcessor.java:886)
	at org.apache.coyote.http11.Http11NioProtocol$Http11ConnectionHandler.process(Http11NioProtocol.java:721)
	at org.apache.tomcat.util.net.NioEndpoint$SocketProcessor.run(NioEndpoint.java:2256)
	at java.util.concurrent.ThreadPoolExecutor.runWorker(Unknown Source)
	at java.util.concurrent.ThreadPoolExecutor$Worker.run(Unknown Source)
	at java.lang.Thread.run(Unknown Source)
  
17:09:39.448 WARNING [org.apache.tomcat.util.http.Parameters processParameters] - Parameters: Invalid chunk '' ignored.  
17:13:05.670 INFO [org.apache.coyote.http11.Http11NioProtocol pause] - Suspension de Coyote HTTP/1.1 sur http-8383  
17:13:05.670 INFO [org.apache.coyote.ajp.AjpAprProtocol pause] - Pausing Coyote AJP/1.3 on ajp-8309  
17:13:06.671 INFO [org.apache.catalina.core.StandardService stop] - Arrêt du service Catalina  
17:13:06.702 SEVERE [org.apache.catalina.loader.WebappClassLoader clearReferencesJdbc] - The web application [/Quartis-OptimaTml] registered the JBDC driver [net.sourceforge.jtds.jdbc.Driver] but failed to unregister it when the web application was stopped. To prevent a memory leak, the JDBC Driver has been forcibly unregistered.  
17:13:06.702 SEVERE [org.apache.catalina.loader.WebappClassLoader clearReferencesThreads] - The web application [/Quartis-OptimaTml] appears to have started a thread named [schedulerBean_Worker-1] but has failed to stop it. This is very likely to create a memory leak.  
17:13:06.702 SEVERE [org.apache.catalina.loader.WebappClassLoader clearReferencesThreads] - The web application [/Quartis-OptimaTml] appears to have started a thread named [schedulerBean_Worker-2] but has failed to stop it. This is very likely to create a memory leak.  
17:13:06.702 SEVERE [org.apache.catalina.loader.WebappClassLoader clearReferencesThreads] - The web application [/Quartis-OptimaTml] appears to have started a thread named [schedulerBean_Worker-3] but has failed to stop it. This is very likely to create a memory leak.  
17:13:06.702 SEVERE [org.apache.catalina.loader.WebappClassLoader clearReferencesThreads] - The web application [/Quartis-OptimaTml] appears to have started a thread named [schedulerBean_Worker-4] but has failed to stop it. This is very likely to create a memory leak.  
17:13:06.702 SEVERE [org.apache.catalina.loader.WebappClassLoader clearReferencesThreads] - The web application [/Quartis-OptimaTml] appears to have started a thread named [schedulerBean_Worker-5] but has failed to stop it. This is very likely to create a memory leak.  
17:13:06.702 SEVERE [org.apache.catalina.loader.WebappClassLoader clearReferencesThreads] - The web application [/Quartis-OptimaTml] appears to have started a thread named [schedulerBean_Worker-6] but has failed to stop it. This is very likely to create a memory leak.  
17:13:06.702 SEVERE [org.apache.catalina.loader.WebappClassLoader clearReferencesThreads] - The web application [/Quartis-OptimaTml] appears to have started a thread named [schedulerBean_Worker-7] but has failed to stop it. This is very likely to create a memory leak.  
17:13:06.702 SEVERE [org.apache.catalina.loader.WebappClassLoader clearReferencesThreads] - The web application [/Quartis-OptimaTml] appears to have started a thread named [schedulerBean_Worker-8] but has failed to stop it. This is very likely to create a memory leak.  
17:13:06.702 SEVERE [org.apache.catalina.loader.WebappClassLoader clearReferencesThreads] - The web application [/Quartis-OptimaTml] appears to have started a thread named [schedulerBean_Worker-9] but has failed to stop it. This is very likely to create a memory leak.  
17:13:06.718 SEVERE [org.apache.catalina.loader.WebappClassLoader clearReferencesThreads] - The web application [/Quartis-OptimaTml] appears to have started a thread named [schedulerBean_Worker-10] but has failed to stop it. This is very likely to create a memory leak.  
17:13:06.718 SEVERE [org.apache.catalina.loader.WebappClassLoader clearThreadLocalMap] - The web application [/Quartis-OptimaTml] created a ThreadLocal with key of type [net.sourceforge.jtds.jdbc.DateTime$1] (value [net.sourceforge.jtds.jdbc.DateTime$1@307da956]) and a value of type [java.util.GregorianCalendar] (value [java.util.GregorianCalendar[time=1535461704000,areFieldsSet=true,areAllFieldsSet=false,lenient=true,zone=sun.util.calendar.ZoneInfo[id="Europe/Paris",offset=3600000,dstSavings=3600000,useDaylight=true,transitions=184,lastRule=java.util.SimpleTimeZone[id=Europe/Paris,offset=3600000,dstSavings=3600000,useDaylight=true,startYear=0,startMode=2,startMonth=2,startDay=-1,startDayOfWeek=1,startTime=3600000,startTimeMode=2,endMode=2,endMonth=9,endDay=-1,endDayOfWeek=1,endTime=3600000,endTimeMode=2]],firstDayOfWeek=1,minimalDaysInFirstWeek=1,ERA=1,YEAR=2018,MONTH=7,WEEK_OF_YEAR=35,WEEK_OF_MONTH=5,DAY_OF_MONTH=28,DAY_OF_YEAR=240,DAY_OF_WEEK=3,DAY_OF_WEEK_IN_MONTH=4,AM_PM=1,HOUR=3,HOUR_OF_DAY=15,MINUTE=8,SECOND=24,MILLISECOND=0,ZONE_OFFSET=3600000,DST_OFFSET=3600000]]) but failed to remove it when the web application was stopped. This is very likely to create a memory leak.  
17:13:06.718 SEVERE [org.apache.catalina.loader.WebappClassLoader clearThreadLocalMap] - The web application [/Quartis-OptimaTml] created a ThreadLocal with key of type [net.sourceforge.jtds.jdbc.DateTime$1] (value [net.sourceforge.jtds.jdbc.DateTime$1@307da956]) and a value of type [java.util.GregorianCalendar] (value [java.util.GregorianCalendar[time=1535461704000,areFieldsSet=true,areAllFieldsSet=false,lenient=true,zone=sun.util.calendar.ZoneInfo[id="Europe/Paris",offset=3600000,dstSavings=3600000,useDaylight=true,transitions=184,lastRule=java.util.SimpleTimeZone[id=Europe/Paris,offset=3600000,dstSavings=3600000,useDaylight=true,startYear=0,startMode=2,startMonth=2,startDay=-1,startDayOfWeek=1,startTime=3600000,startTimeMode=2,endMode=2,endMonth=9,endDay=-1,endDayOfWeek=1,endTime=3600000,endTimeMode=2]],firstDayOfWeek=1,minimalDaysInFirstWeek=1,ERA=1,YEAR=2018,MONTH=7,WEEK_OF_YEAR=35,WEEK_OF_MONTH=5,DAY_OF_MONTH=28,DAY_OF_YEAR=240,DAY_OF_WEEK=3,DAY_OF_WEEK_IN_MONTH=4,AM_PM=1,HOUR=3,HOUR_OF_DAY=15,MINUTE=8,SECOND=24,MILLISECOND=0,ZONE_OFFSET=3600000,DST_OFFSET=3600000]]) but failed to remove it when the web application was stopped. This is very likely to create a memory leak.  
17:13:06.718 SEVERE [org.apache.catalina.loader.WebappClassLoader clearThreadLocalMap] - The web application [/Quartis-OptimaTml] created a ThreadLocal with key of type [net.sourceforge.jtds.jdbc.DateTime$1] (value [net.sourceforge.jtds.jdbc.DateTime$1@307da956]) and a value of type [java.util.GregorianCalendar] (value [java.util.GregorianCalendar[time=1535457744000,areFieldsSet=true,areAllFieldsSet=false,lenient=true,zone=sun.util.calendar.ZoneInfo[id="Europe/Paris",offset=3600000,dstSavings=3600000,useDaylight=true,transitions=184,lastRule=java.util.SimpleTimeZone[id=Europe/Paris,offset=3600000,dstSavings=3600000,useDaylight=true,startYear=0,startMode=2,startMonth=2,startDay=-1,startDayOfWeek=1,startTime=3600000,startTimeMode=2,endMode=2,endMonth=9,endDay=-1,endDayOfWeek=1,endTime=3600000,endTimeMode=2]],firstDayOfWeek=1,minimalDaysInFirstWeek=1,ERA=1,YEAR=2018,MONTH=7,WEEK_OF_YEAR=35,WEEK_OF_MONTH=5,DAY_OF_MONTH=28,DAY_OF_YEAR=240,DAY_OF_WEEK=3,DAY_OF_WEEK_IN_MONTH=4,AM_PM=1,HOUR=2,HOUR_OF_DAY=14,MINUTE=2,SECOND=24,MILLISECOND=0,ZONE_OFFSET=3600000,DST_OFFSET=3600000]]) but failed to remove it when the web application was stopped. This is very likely to create a memory leak.  
17:13:06.718 SEVERE [org.apache.catalina.loader.WebappClassLoader clearThreadLocalMap] - The web application [/Quartis-OptimaTml] created a ThreadLocal with key of type [net.sourceforge.jtds.jdbc.DateTime$1] (value [net.sourceforge.jtds.jdbc.DateTime$1@307da956]) and a value of type [java.util.GregorianCalendar] (value [java.util.GregorianCalendar[time=1535461704000,areFieldsSet=true,areAllFieldsSet=false,lenient=true,zone=sun.util.calendar.ZoneInfo[id="Europe/Paris",offset=3600000,dstSavings=3600000,useDaylight=true,transitions=184,lastRule=java.util.SimpleTimeZone[id=Europe/Paris,offset=3600000,dstSavings=3600000,useDaylight=true,startYear=0,startMode=2,startMonth=2,startDay=-1,startDayOfWeek=1,startTime=3600000,startTimeMode=2,endMode=2,endMonth=9,endDay=-1,endDayOfWeek=1,endTime=3600000,endTimeMode=2]],firstDayOfWeek=1,minimalDaysInFirstWeek=1,ERA=1,YEAR=2018,MONTH=7,WEEK_OF_YEAR=35,WEEK_OF_MONTH=5,DAY_OF_MONTH=28,DAY_OF_YEAR=240,DAY_OF_WEEK=3,DAY_OF_WEEK_IN_MONTH=4,AM_PM=1,HOUR=3,HOUR_OF_DAY=15,MINUTE=8,SECOND=24,MILLISECOND=0,ZONE_OFFSET=3600000,DST_OFFSET=3600000]]) but failed to remove it when the web application was stopped. This is very likely to create a memory leak.  
17:13:06.718 SEVERE [org.apache.catalina.loader.WebappClassLoader clearThreadLocalMap] - The web application [/Quartis-OptimaTml] created a ThreadLocal with key of type [net.sourceforge.jtds.jdbc.DateTime$1] (value [net.sourceforge.jtds.jdbc.DateTime$1@307da956]) and a value of type [java.util.GregorianCalendar] (value [java.util.GregorianCalendar[time=1535457864000,areFieldsSet=true,areAllFieldsSet=false,lenient=true,zone=sun.util.calendar.ZoneInfo[id="Europe/Paris",offset=3600000,dstSavings=3600000,useDaylight=true,transitions=184,lastRule=java.util.SimpleTimeZone[id=Europe/Paris,offset=3600000,dstSavings=3600000,useDaylight=true,startYear=0,startMode=2,startMonth=2,startDay=-1,startDayOfWeek=1,startTime=3600000,startTimeMode=2,endMode=2,endMonth=9,endDay=-1,endDayOfWeek=1,endTime=3600000,endTimeMode=2]],firstDayOfWeek=1,minimalDaysInFirstWeek=1,ERA=1,YEAR=2018,MONTH=7,WEEK_OF_YEAR=35,WEEK_OF_MONTH=5,DAY_OF_MONTH=28,DAY_OF_YEAR=240,DAY_OF_WEEK=3,DAY_OF_WEEK_IN_MONTH=4,AM_PM=1,HOUR=2,HOUR_OF_DAY=14,MINUTE=4,SECOND=24,MILLISECOND=0,ZONE_OFFSET=3600000,DST_OFFSET=3600000]]) but failed to remove it when the web application was stopped. This is very likely to create a memory leak.  
17:13:07.115 SEVERE [org.apache.catalina.loader.WebappClassLoader clearReferencesJdbc] - The web application [/Quartis-Web] registered the JBDC driver [net.sourceforge.jtds.jdbc.Driver] but failed to unregister it when the web application was stopped. To prevent a memory leak, the JDBC Driver has been forcibly unregistered.  
17:13:07.115 SEVERE [org.apache.catalina.loader.WebappClassLoader clearReferencesThreads] - The web application [/Quartis-Web] appears to have started a thread named [Timer-0] but has failed to stop it. This is very likely to create a memory leak.  
17:13:07.115 SEVERE [org.apache.catalina.loader.WebappClassLoader clearReferencesThreads] - The web application [/Quartis-Web] appears to have started a thread named [Batik CleanerThread] but has failed to stop it. This is very likely to create a memory leak.  
17:13:08.036 SEVERE [org.apache.catalina.loader.WebappClassLoader clearReferencesJdbc] - The web application [/Quartis-OptimaCjj] registered the JBDC driver [net.sourceforge.jtds.jdbc.Driver] but failed to unregister it when the web application was stopped. To prevent a memory leak, the JDBC Driver has been forcibly unregistered.  
17:13:08.036 SEVERE [org.apache.catalina.loader.WebappClassLoader clearReferencesThreads] - The web application [/Quartis-OptimaCjj] appears to have started a thread named [schedulerBean_Worker-1] but has failed to stop it. This is very likely to create a memory leak.  
17:13:08.036 SEVERE [org.apache.catalina.loader.WebappClassLoader clearReferencesThreads] - The web application [/Quartis-OptimaCjj] appears to have started a thread named [schedulerBean_Worker-2] but has failed to stop it. This is very likely to create a memory leak.  
17:13:08.036 SEVERE [org.apache.catalina.loader.WebappClassLoader clearReferencesThreads] - The web application [/Quartis-OptimaCjj] appears to have started a thread named [schedulerBean_Worker-3] but has failed to stop it. This is very likely to create a memory leak.  
17:13:08.036 SEVERE [org.apache.catalina.loader.WebappClassLoader clearReferencesThreads] - The web application [/Quartis-OptimaCjj] appears to have started a thread named [schedulerBean_Worker-4] but has failed to stop it. This is very likely to create a memory leak.  
17:13:08.036 SEVERE [org.apache.catalina.loader.WebappClassLoader clearReferencesThreads] - The web application [/Quartis-OptimaCjj] appears to have started a thread named [schedulerBean_Worker-5] but has failed to stop it. This is very likely to create a memory leak.  
17:13:08.036 SEVERE [org.apache.catalina.loader.WebappClassLoader clearReferencesThreads] - The web application [/Quartis-OptimaCjj] appears to have started a thread named [schedulerBean_Worker-6] but has failed to stop it. This is very likely to create a memory leak.  
17:13:08.036 SEVERE [org.apache.catalina.loader.WebappClassLoader clearReferencesThreads] - The web application [/Quartis-OptimaCjj] appears to have started a thread named [schedulerBean_Worker-7] but has failed to stop it. This is very likely to create a memory leak.  
17:13:08.036 SEVERE [org.apache.catalina.loader.WebappClassLoader clearReferencesThreads] - The web application [/Quartis-OptimaCjj] appears to have started a thread named [schedulerBean_Worker-8] but has failed to stop it. This is very likely to create a memory leak.  
17:13:08.052 SEVERE [org.apache.catalina.loader.WebappClassLoader clearReferencesThreads] - The web application [/Quartis-OptimaCjj] appears to have started a thread named [schedulerBean_Worker-9] but has failed to stop it. This is very likely to create a memory leak.  
17:13:08.052 SEVERE [org.apache.catalina.loader.WebappClassLoader clearReferencesThreads] - The web application [/Quartis-OptimaCjj] appears to have started a thread named [schedulerBean_Worker-10] but has failed to stop it. This is very likely to create a memory leak.  
17:13:08.348 SEVERE [org.apache.catalina.loader.WebappClassLoader clearReferencesThreads] - The web application [/Quartis-OptimaCorrection] appears to have started a thread named [Session Monitor] but has failed to stop it. This is very likely to create a memory leak.  
17:13:08.348 SEVERE [org.apache.catalina.loader.WebappClassLoader clearReferencesThreads] - The web application [/Quartis-OptimaCorrection] appears to have started a thread named [Monitor Runner] but has failed to stop it. This is very likely to create a memory leak.  
17:13:08.520 INFO [org.apache.coyote.http11.Http11NioProtocol destroy] - Arrêt de Coyote HTTP/1.1 sur http-8383  
17:13:09.625 INFO [org.apache.coyote.ajp.AjpAprProtocol destroy] - Stopping Coyote AJP/1.3 on ajp-8309  
17:13:10.193 INFOS [org.apache.catalina.core.AprLifecycleListener init] - Loaded APR based Apache Tomcat Native library 1.1.20.  
17:13:10.209 INFOS [org.apache.catalina.core.AprLifecycleListener init] - APR capabilities: IPv6 [true], sendfile [true], accept filters [false], random [true].  
17:13:10.707 INFOS [org.apache.tomcat.util.net.NioSelectorPool getSharedSelector] - Using a shared selector for servlet write/read  
17:13:10.712 INFOS [org.apache.coyote.http11.Http11NioProtocol init] - Initialisation de Coyote HTTP/1.1 sur http-8383  
17:13:10.715 INFOS [org.apache.coyote.ajp.AjpAprProtocol init] - Initializing Coyote AJP/1.3 on ajp-8309  
17:13:10.716 INFOS [org.apache.catalina.startup.Catalina load] - Initialization processed in 709 ms  
17:13:10.742 INFOS [org.apache.catalina.core.StandardService start] - Démarrage du service Catalina  
17:13:10.743 INFOS [org.apache.catalina.core.StandardEngine start] - Starting Servlet Engine: Apache Tomcat/6.0.29  
17:13:10.748 INFOS [org.apache.catalina.startup.HostConfig deployDescriptor] - Déploiement du descripteur de configuration host-manager.xml  
17:13:10.908 INFOS [org.apache.catalina.startup.HostConfig deployDescriptor] - Déploiement du descripteur de configuration manager.xml  
17:13:10.972 INFOS [org.apache.catalina.startup.HostConfig deployDescriptor] - Déploiement du descripteur de configuration Quartis-Dictionary.xml  
17:13:10.995 INFOS [org.apache.catalina.loader.WebappClassLoader validateJarFile] - validateJarFile(C:\Osys\QuartisTools\Tomcat\webapps\Quartis-Dictionary\WEB-INF\lib\servlet-api.jar) - jar not loaded. See Servlet Spec 2.3, section 9.7.2. Offending class: javax/servlet/Servlet.class  
17:13:11.026 INFOS [org.apache.catalina.startup.HostConfig deployDescriptor] - Déploiement du descripteur de configuration Quartis-LicenceWeb.xml  
17:13:11.073 INFOS [org.apache.catalina.startup.HostConfig deployDescriptor] - Déploiement du descripteur de configuration Quartis-OptimaCorrection.xml  
17:13:11.495 INFOS [com.sun.faces.config.ConfigureListener contextInitialized] - Initializing Sun's JavaServer Faces implementation (1.2_04-b20-p03) for context '/Quartis-OptimaCorrection'  
17:13:12.290 INFOS [org.apache.catalina.startup.HostConfig deployDescriptor] - Déploiement du descripteur de configuration Quartis-Web.xml  
17:13:13.874 INFOS [com.sun.faces.config.ConfigureListener contextInitialized] - Initializing Sun's JavaServer Faces implementation (1.2_04-b20-p03) for context '/Quartis-Web'  
17:13:16.204 INFOS [org.apache.catalina.startup.HostConfig deployWAR] - Déploiement de l'archive Quartis-OptimaCjj.war de l'application web  
17:13:16.329 INFOS [org.apache.catalina.core.StandardContext addApplicationListener] - The listener "com.sun.faces.config.ConfigureListener" is already configured for this context. The duplicate definition has been ignored.  
17:13:16.329 INFOS [org.apache.catalina.core.StandardContext addApplicationListener] - The listener "com.sun.faces.config.ConfigureListener" is already configured for this context. The duplicate definition has been ignored.  
17:13:16.391 INFOS [com.sun.faces.config.ConfigureListener contextInitialized] - Initialisation de Mojarra 2.2.4 ( 20131003-1354 https://svn.java.net/svn/mojarra~svn/tags/2.2.4@12574) pour le contexte «/Quartis-OptimaCjj»  
17:13:17.771 INFOS [org.primefaces.webapp.PostConstructApplicationEventListener processEvent] - Running on PrimeFaces 5.3  
17:13:17.771 INFOS [org.primefaces.extensions.application.PostConstructApplicationEventListener processEvent] - Running on PrimeFaces Extensions 4.0.0  
17:13:20.410 INFOS [org.apache.catalina.startup.HostConfig deployWAR] - Déploiement de l'archive Quartis-OptimaTml.war de l'application web  
17:13:20.535 INFOS [org.apache.catalina.core.StandardContext addApplicationListener] - The listener "com.sun.faces.config.ConfigureListener" is already configured for this context. The duplicate definition has been ignored.  
17:13:20.535 INFOS [org.apache.catalina.core.StandardContext addApplicationListener] - The listener "com.sun.faces.config.ConfigureListener" is already configured for this context. The duplicate definition has been ignored.  
17:13:20.691 GRAVE [org.apache.catalina.session.StandardManager start] - Exception au chargement des sessions depuis le stockage persistant (persistent storage) 
java.lang.IllegalStateException: Cannot deserialize BeanFactory with id org.springframework.web.context.WebApplicationContext:/Quartis-OptimaTml: no factory registered for this id
	at org.springframework.beans.factory.support.DefaultListableBeanFactory$SerializedBeanFactoryReference.readResolve(DefaultListableBeanFactory.java:981)
	at sun.reflect.NativeMethodAccessorImpl.invoke0(Native Method)
	at sun.reflect.NativeMethodAccessorImpl.invoke(Unknown Source)
	at sun.reflect.DelegatingMethodAccessorImpl.invoke(Unknown Source)
	at java.lang.reflect.Method.invoke(Unknown Source)
	at java.io.ObjectStreamClass.invokeReadResolve(Unknown Source)
	at java.io.ObjectInputStream.readOrdinaryObject(Unknown Source)
	at java.io.ObjectInputStream.readObject0(Unknown Source)
	at java.io.ObjectInputStream.defaultReadFields(Unknown Source)
	at java.io.ObjectInputStream.defaultReadObject(Unknown Source)
	at org.springframework.aop.support.AbstractBeanFactoryPointcutAdvisor.readObject(AbstractBeanFactoryPointcutAdvisor.java:103)
	at sun.reflect.NativeMethodAccessorImpl.invoke0(Native Method)
	at sun.reflect.NativeMethodAccessorImpl.invoke(Unknown Source)
	at sun.reflect.DelegatingMethodAccessorImpl.invoke(Unknown Source)
	at java.lang.reflect.Method.invoke(Unknown Source)
	at java.io.ObjectStreamClass.invokeReadObject(Unknown Source)
	at java.io.ObjectInputStream.readSerialData(Unknown Source)
	at java.io.ObjectInputStream.readOrdinaryObject(Unknown Source)
	at java.io.ObjectInputStream.readObject0(Unknown Source)
	at java.io.ObjectInputStream.readArray(Unknown Source)
	at java.io.ObjectInputStream.readObject0(Unknown Source)
	at java.io.ObjectInputStream.defaultReadFields(Unknown Source)
	at java.io.ObjectInputStream.defaultReadObject(Unknown Source)
	at org.springframework.aop.framework.AdvisedSupport.readObject(AdvisedSupport.java:550)
	at sun.reflect.NativeMethodAccessorImpl.invoke0(Native Method)
	at sun.reflect.NativeMethodAccessorImpl.invoke(Unknown Source)
	at sun.reflect.DelegatingMethodAccessorImpl.invoke(Unknown Source)
	at java.lang.reflect.Method.invoke(Unknown Source)
	at java.io.ObjectStreamClass.invokeReadObject(Unknown Source)
	at java.io.ObjectInputStream.readSerialData(Unknown Source)
	at java.io.ObjectInputStream.readOrdinaryObject(Unknown Source)
	at java.io.ObjectInputStream.readObject0(Unknown Source)
	at java.io.ObjectInputStream.defaultReadFields(Unknown Source)
	at java.io.ObjectInputStream.readSerialData(Unknown Source)
	at java.io.ObjectInputStream.readOrdinaryObject(Unknown Source)
	at java.io.ObjectInputStream.readObject0(Unknown Source)
	at java.io.ObjectInputStream.defaultReadFields(Unknown Source)
	at java.io.ObjectInputStream.readSerialData(Unknown Source)
	at java.io.ObjectInputStream.readOrdinaryObject(Unknown Source)
	at java.io.ObjectInputStream.readObject0(Unknown Source)
	at java.io.ObjectInputStream.defaultReadFields(Unknown Source)
	at java.io.ObjectInputStream.readSerialData(Unknown Source)
	at java.io.ObjectInputStream.readOrdinaryObject(Unknown Source)
	at java.io.ObjectInputStream.readObject0(Unknown Source)
	at java.io.ObjectInputStream.defaultReadFields(Unknown Source)
	at java.io.ObjectInputStream.readSerialData(Unknown Source)
	at java.io.ObjectInputStream.readOrdinaryObject(Unknown Source)
	at java.io.ObjectInputStream.readObject0(Unknown Source)
	at java.io.ObjectInputStream.readObject(Unknown Source)
	at org.apache.catalina.session.StandardSession.readObject(StandardSession.java:1475)
	at org.apache.catalina.session.StandardSession.readObjectData(StandardSession.java:977)
	at org.apache.catalina.session.StandardManager.doLoad(StandardManager.java:394)
	at org.apache.catalina.session.StandardManager.load(StandardManager.java:321)
	at org.apache.catalina.session.StandardManager.start(StandardManager.java:643)
	at org.apache.catalina.core.ContainerBase.setManager(ContainerBase.java:438)
	at org.apache.catalina.core.StandardContext.start(StandardContext.java:4559)
	at org.apache.catalina.core.ContainerBase.addChildInternal(ContainerBase.java:791)
	at org.apache.catalina.core.ContainerBase.addChild(ContainerBase.java:771)
	at org.apache.catalina.core.StandardHost.addChild(StandardHost.java:546)
	at org.apache.catalina.startup.HostConfig.deployWAR(HostConfig.java:905)
	at org.apache.catalina.startup.HostConfig.deployWARs(HostConfig.java:740)
	at org.apache.catalina.startup.HostConfig.deployApps(HostConfig.java:500)
	at org.apache.catalina.startup.HostConfig.start(HostConfig.java:1277)
	at org.apache.catalina.startup.HostConfig.lifecycleEvent(HostConfig.java:321)
	at org.apache.catalina.util.LifecycleSupport.fireLifecycleEvent(LifecycleSupport.java:119)
	at org.apache.catalina.core.ContainerBase.start(ContainerBase.java:1053)
	at org.apache.catalina.core.StandardHost.start(StandardHost.java:785)
	at org.apache.catalina.core.ContainerBase.start(ContainerBase.java:1045)
	at org.apache.catalina.core.StandardEngine.start(StandardEngine.java:445)
	at org.apache.catalina.core.StandardService.start(StandardService.java:519)
	at org.apache.catalina.core.StandardServer.start(StandardServer.java:710)
	at org.apache.catalina.startup.Catalina.start(Catalina.java:581)
	at sun.reflect.NativeMethodAccessorImpl.invoke0(Native Method)
	at sun.reflect.NativeMethodAccessorImpl.invoke(Unknown Source)
	at sun.reflect.DelegatingMethodAccessorImpl.invoke(Unknown Source)
	at java.lang.reflect.Method.invoke(Unknown Source)
	at org.apache.catalina.startup.Bootstrap.start(Bootstrap.java:289)
	at org.apache.catalina.startup.Bootstrap.main(Bootstrap.java:414)
 
17:13:20.754 INFOS [com.sun.faces.config.ConfigureListener contextInitialized] - Initialisation de Mojarra 2.2.4 ( 20131003-1354 https://svn.java.net/svn/mojarra~svn/tags/2.2.4@12574) pour le contexte «/Quartis-OptimaTml»  
17:13:21.582 INFOS [org.primefaces.webapp.PostConstructApplicationEventListener processEvent] - Running on PrimeFaces 5.0  
17:13:21.582 INFOS [org.primefaces.extensions.application.PostConstructApplicationEventListener processEvent] - Running on PrimeFaces Extensions 2.0.0  
17:13:23.342 INFOS [org.apache.catalina.startup.HostConfig deployDirectory] - Déploiement du répertoire docs de l'application web  
17:13:23.358 INFOS [org.apache.catalina.startup.HostConfig deployDirectory] - Déploiement du répertoire examples de l'application web  
17:13:23.405 INFOS [org.apache.catalina.startup.HostConfig deployDirectory] - Déploiement du répertoire ROOT de l'application web  
17:13:23.436 INFOS [org.apache.coyote.http11.Http11NioProtocol start] - Démarrage de Coyote HTTP/1.1 sur http-8383  
17:13:23.452 INFOS [org.apache.coyote.ajp.AjpAprProtocol start] - Starting Coyote AJP/1.3 on ajp-8309  
17:13:23.452 INFOS [org.apache.catalina.startup.Catalina start] - Server startup in 12742 ms  
17:33:57.656 AVERTISSEMENT [org.apache.tomcat.util.http.Parameters processParameters] - Parameters: Invalid chunk '' ignored.  
17:55:06.026 WARNING [org.apache.tomcat.util.http.Parameters processParameters] - Parameters: Invalid chunk '' ignored.  
18:29:07.045 WARNING [org.apache.tomcat.util.http.Parameters processParameters] - Parameters: Invalid chunk '' ignored.  
18:53:31.330 WARNING [org.apache.tomcat.util.http.Parameters processParameters] - Parameters: Invalid chunk '' ignored.  
18:59:55.196 WARNING [org.apache.tomcat.util.http.Parameters processParameters] - Parameters: Invalid chunk '' ignored.  
19:34:37.952 WARNING [org.apache.tomcat.util.http.Parameters processParameters] - Parameters: Invalid chunk '' ignored.  
19:40:35.076 WARNING [org.apache.tomcat.util.http.Parameters processParameters] - Parameters: Invalid chunk '' ignored.  
