09:18:17.154 INFOS [org.apache.catalina.core.AprLifecycleListener init] - Loaded APR based Apache Tomcat Native library 1.1.20.  
09:18:17.154 INFOS [org.apache.catalina.core.AprLifecycleListener init] - APR capabilities: IPv6 [true], sendfile [true], accept filters [false], random [true].  
09:18:17.637 INFOS [org.apache.tomcat.util.net.NioSelectorPool getSharedSelector] - Using a shared selector for servlet write/read  
09:18:17.637 INFOS [org.apache.coyote.http11.Http11NioProtocol init] - Initialisation de Coyote HTTP/1.1 sur http-8383  
09:18:17.637 INFOS [org.apache.coyote.ajp.AjpAprProtocol init] - Initializing Coyote AJP/1.3 on ajp-8309  
09:18:17.653 INFOS [org.apache.catalina.startup.Catalina load] - Initialization processed in 930 ms  
09:18:17.668 INFOS [org.apache.catalina.core.StandardService start] - Démarrage du service Catalina  
09:18:17.668 INFOS [org.apache.catalina.core.StandardEngine start] - Starting Servlet Engine: Apache Tomcat/6.0.29  
09:18:17.684 INFOS [org.apache.catalina.startup.HostConfig deployDescriptor] - Déploiement du descripteur de configuration host-manager.xml  
09:18:17.856 INFOS [org.apache.catalina.startup.HostConfig deployDescriptor] - Déploiement du descripteur de configuration manager.xml  
09:18:17.918 INFOS [org.apache.catalina.startup.HostConfig deployDescriptor] - Déploiement du descripteur de configuration Quartis-Dictionary.xml  
09:18:27.964 INFOS [org.apache.catalina.loader.WebappClassLoader validateJarFile] - validateJarFile(C:\Osys\QuartisTools\Tomcat\webapps\Quartis-Dictionary\WEB-INF\lib\servlet-api.jar) - jar not loaded. See Servlet Spec 2.3, section 9.7.2. Offending class: javax/servlet/Servlet.class  
09:18:28.386 INFOS [org.apache.catalina.startup.HostConfig deployDescriptor] - Déploiement du descripteur de configuration Quartis-LicenceWeb.xml  
09:18:29.088 INFOS [org.apache.catalina.startup.HostConfig deployDescriptor] - Déploiement du descripteur de configuration Quartis-OptimaCorrection.xml  
09:18:32.052 INFOS [com.sun.faces.config.ConfigureListener contextInitialized] - Initializing Sun's JavaServer Faces implementation (1.2_04-b20-p03) for context '/Quartis-OptimaCorrection'  
09:18:35.374 INFOS [org.apache.catalina.startup.HostConfig deployDescriptor] - Déploiement du descripteur de configuration Quartis-Web.xml  
09:18:40.164 INFOS [com.sun.faces.config.ConfigureListener contextInitialized] - Initializing Sun's JavaServer Faces implementation (1.2_04-b20-p03) for context '/Quartis-Web'  
09:18:44.922 INFOS [org.apache.catalina.startup.HostConfig deployWAR] - Déploiement de l'archive Quartis-OptimaCjj.war de l'application web  
09:18:46.107 INFOS [org.apache.catalina.core.StandardContext addApplicationListener] - The listener "com.sun.faces.config.ConfigureListener" is already configured for this context. The duplicate definition has been ignored.  
09:18:46.107 INFOS [org.apache.catalina.core.StandardContext addApplicationListener] - The listener "com.sun.faces.config.ConfigureListener" is already configured for this context. The duplicate definition has been ignored.  
09:18:46.279 INFOS [com.sun.faces.config.ConfigureListener contextInitialized] - Initialisation de Mojarra 2.2.4 ( 20131003-1354 https://svn.java.net/svn/mojarra~svn/tags/2.2.4@12574) pour le contexte «/Quartis-OptimaCjj»  
09:18:49.040 INFOS [org.primefaces.webapp.PostConstructApplicationEventListener processEvent] - Running on PrimeFaces 5.3  
09:18:49.056 INFOS [org.primefaces.extensions.application.PostConstructApplicationEventListener processEvent] - Running on PrimeFaces Extensions 4.0.0  
09:18:53.580 INFOS [org.apache.catalina.startup.HostConfig deployWAR] - Déploiement de l'archive Quartis-OptimaTml.war de l'application web  
09:18:54.562 INFOS [org.apache.catalina.core.StandardContext addApplicationListener] - The listener "com.sun.faces.config.ConfigureListener" is already configured for this context. The duplicate definition has been ignored.  
09:18:54.562 INFOS [org.apache.catalina.core.StandardContext addApplicationListener] - The listener "com.sun.faces.config.ConfigureListener" is already configured for this context. The duplicate definition has been ignored.  
09:18:54.656 INFOS [com.sun.faces.config.ConfigureListener contextInitialized] - Initialisation de Mojarra 2.2.4 ( 20131003-1354 https://svn.java.net/svn/mojarra~svn/tags/2.2.4@12574) pour le contexte «/Quartis-OptimaTml»  
09:18:56.341 INFOS [org.primefaces.webapp.PostConstructApplicationEventListener processEvent] - Running on PrimeFaces 5.0  
09:18:56.341 INFOS [org.primefaces.extensions.application.PostConstructApplicationEventListener processEvent] - Running on PrimeFaces Extensions 2.0.0  
09:18:58.618 INFOS [org.apache.catalina.startup.HostConfig deployDirectory] - Déploiement du répertoire docs de l'application web  
09:18:58.665 INFOS [org.apache.catalina.startup.HostConfig deployDirectory] - Déploiement du répertoire examples de l'application web  
09:18:58.821 INFOS [org.apache.catalina.startup.HostConfig deployDirectory] - Déploiement du répertoire ROOT de l'application web  
09:18:58.930 INFOS [org.apache.coyote.http11.Http11NioProtocol start] - Démarrage de Coyote HTTP/1.1 sur http-8383  
09:18:58.962 INFOS [org.apache.coyote.ajp.AjpAprProtocol start] - Starting Coyote AJP/1.3 on ajp-8309  
09:18:58.977 INFOS [org.apache.catalina.startup.Catalina start] - Server startup in 41326 ms  
