13:26:58.718 WARNING [org.apache.tomcat.util.http.Parameters processParameters] - Parameters: Invalid chunk '' ignored.  
19:07:11.580 SEVERE [javax.faces.event.MethodExpressionActionListener processAction] - Received 'java.lang.NullPointerException' when invoking action listener '#{formulairesManagedBean.updateData}' for component 'validateButton'  
19:07:11.580 SEVERE [javax.faces.event.MethodExpressionActionListener processAction] - java.lang.NullPointerException
	at quartisweb.jsf.managedBean.FormulairesManagedBean.updateData(FormulairesManagedBean.java:1171)
	at sun.reflect.NativeMethodAccessorImpl.invoke0(Native Method)
	at sun.reflect.NativeMethodAccessorImpl.invoke(Unknown Source)
	at sun.reflect.DelegatingMethodAccessorImpl.invoke(Unknown Source)
	at java.lang.reflect.Method.invoke(Unknown Source)
	at org.apache.el.parser.AstValue.invoke(AstValue.java:191)
	at org.apache.el.MethodExpressionImpl.invoke(MethodExpressionImpl.java:276)
	at org.apache.jasper.el.JspMethodExpression.invoke(JspMethodExpression.java:68)
	at javax.faces.event.MethodExpressionActionListener.processAction(MethodExpressionActionListener.java:88)
	at javax.faces.event.ActionEvent.processListener(ActionEvent.java:77)
	at javax.faces.component.UIComponentBase.broadcast(UIComponentBase.java:746)
	at javax.faces.component.UICommand.broadcast(UICommand.java:368)
	at javax.faces.component.UIViewRoot.broadcastEvents(UIViewRoot.java:447)
	at javax.faces.component.UIViewRoot.processApplication(UIViewRoot.java:752)
	at com.sun.faces.lifecycle.InvokeApplicationPhase.execute(InvokeApplicationPhase.java:97)
	at com.sun.faces.lifecycle.LifecycleImpl.phase(LifecycleImpl.java:251)
	at com.sun.faces.lifecycle.LifecycleImpl.execute(LifecycleImpl.java:117)
	at javax.faces.webapp.FacesServlet.service(FacesServlet.java:244)
	at org.apache.catalina.core.ApplicationFilterChain.internalDoFilter(ApplicationFilterChain.java:290)
	at org.apache.catalina.core.ApplicationFilterChain.doFilter(ApplicationFilterChain.java:206)
	at net.bull.javamelody.MonitoringFilter.doFilter(MonitoringFilter.java:201)
	at net.bull.javamelody.MonitoringFilter.doFilter(MonitoringFilter.java:178)
	at org.apache.catalina.core.ApplicationFilterChain.internalDoFilter(ApplicationFilterChain.java:235)
	at org.apache.catalina.core.ApplicationFilterChain.doFilter(ApplicationFilterChain.java:206)
	at org.apache.logging.log4j.web.Log4jServletFilter.doFilter(Log4jServletFilter.java:71)
	at org.apache.catalina.core.ApplicationFilterChain.internalDoFilter(ApplicationFilterChain.java:235)
	at org.apache.catalina.core.ApplicationFilterChain.doFilter(ApplicationFilterChain.java:206)
	at quartisweb.filter.RepeteurFilter.doFilter(RepeteurFilter.java:104)
	at org.apache.catalina.core.ApplicationFilterChain.internalDoFilter(ApplicationFilterChain.java:235)
	at org.apache.catalina.core.ApplicationFilterChain.doFilter(ApplicationFilterChain.java:206)
	at quartisweb.servlet.EncodingFilter.doFilter(EncodingFilter.java:26)
	at org.apache.catalina.core.ApplicationFilterChain.internalDoFilter(ApplicationFilterChain.java:235)
	at org.apache.catalina.core.ApplicationFilterChain.doFilter(ApplicationFilterChain.java:206)
	at quartisweb.filter.FiltreSession.doFilter(FiltreSession.java:233)
	at org.apache.catalina.core.ApplicationFilterChain.internalDoFilter(ApplicationFilterChain.java:235)
	at org.apache.catalina.core.ApplicationFilterChain.doFilter(ApplicationFilterChain.java:206)
	at org.apache.catalina.core.StandardWrapperValve.invoke(StandardWrapperValve.java:233)
	at org.apache.catalina.core.StandardContextValve.invoke(StandardContextValve.java:191)
	at org.apache.catalina.core.StandardHostValve.invoke(StandardHostValve.java:127)
	at org.apache.catalina.valves.ErrorReportValve.invoke(ErrorReportValve.java:102)
	at org.apache.catalina.core.StandardEngineValve.invoke(StandardEngineValve.java:109)
	at org.apache.catalina.connector.CoyoteAdapter.service(CoyoteAdapter.java:298)
	at org.apache.coyote.http11.Http11NioProcessor.process(Http11NioProcessor.java:886)
	at org.apache.coyote.http11.Http11NioProtocol$Http11ConnectionHandler.process(Http11NioProtocol.java:721)
	at org.apache.tomcat.util.net.NioEndpoint$SocketProcessor.run(NioEndpoint.java:2256)
	at java.util.concurrent.ThreadPoolExecutor.runWorker(Unknown Source)
	at java.util.concurrent.ThreadPoolExecutor$Worker.run(Unknown Source)
	at java.lang.Thread.run(Unknown Source)
  
11:03:12.462 INFOS [org.apache.coyote.http11.Http11NioProtocol pause] - Suspension de Coyote HTTP/1.1 sur http-8383  
11:03:12.477 INFOS [org.apache.coyote.ajp.AjpAprProtocol pause] - Pausing Coyote AJP/1.3 on ajp-8309  
11:03:13.478 INFOS [org.apache.catalina.core.StandardService stop] - Arrêt du service Catalina  
11:03:13.575 GRAVE [org.apache.catalina.loader.WebappClassLoader clearReferencesJdbc] - The web application [/Quartis-OptimaTml] registered the JBDC driver [net.sourceforge.jtds.jdbc.Driver] but failed to unregister it when the web application was stopped. To prevent a memory leak, the JDBC Driver has been forcibly unregistered.  
11:03:13.577 GRAVE [org.apache.catalina.loader.WebappClassLoader clearReferencesThreads] - The web application [/Quartis-OptimaTml] appears to have started a thread named [schedulerBean_Worker-1] but has failed to stop it. This is very likely to create a memory leak.  
11:03:13.577 GRAVE [org.apache.catalina.loader.WebappClassLoader clearReferencesThreads] - The web application [/Quartis-OptimaTml] appears to have started a thread named [schedulerBean_Worker-2] but has failed to stop it. This is very likely to create a memory leak.  
11:03:13.578 GRAVE [org.apache.catalina.loader.WebappClassLoader clearReferencesThreads] - The web application [/Quartis-OptimaTml] appears to have started a thread named [schedulerBean_Worker-3] but has failed to stop it. This is very likely to create a memory leak.  
11:03:13.579 GRAVE [org.apache.catalina.loader.WebappClassLoader clearReferencesThreads] - The web application [/Quartis-OptimaTml] appears to have started a thread named [schedulerBean_Worker-4] but has failed to stop it. This is very likely to create a memory leak.  
11:03:13.579 GRAVE [org.apache.catalina.loader.WebappClassLoader clearReferencesThreads] - The web application [/Quartis-OptimaTml] appears to have started a thread named [schedulerBean_Worker-5] but has failed to stop it. This is very likely to create a memory leak.  
11:03:13.580 GRAVE [org.apache.catalina.loader.WebappClassLoader clearReferencesThreads] - The web application [/Quartis-OptimaTml] appears to have started a thread named [schedulerBean_Worker-6] but has failed to stop it. This is very likely to create a memory leak.  
11:03:13.581 GRAVE [org.apache.catalina.loader.WebappClassLoader clearReferencesThreads] - The web application [/Quartis-OptimaTml] appears to have started a thread named [schedulerBean_Worker-7] but has failed to stop it. This is very likely to create a memory leak.  
11:03:13.582 GRAVE [org.apache.catalina.loader.WebappClassLoader clearReferencesThreads] - The web application [/Quartis-OptimaTml] appears to have started a thread named [schedulerBean_Worker-8] but has failed to stop it. This is very likely to create a memory leak.  
11:03:13.582 GRAVE [org.apache.catalina.loader.WebappClassLoader clearReferencesThreads] - The web application [/Quartis-OptimaTml] appears to have started a thread named [schedulerBean_Worker-9] but has failed to stop it. This is very likely to create a memory leak.  
11:03:13.583 GRAVE [org.apache.catalina.loader.WebappClassLoader clearReferencesThreads] - The web application [/Quartis-OptimaTml] appears to have started a thread named [schedulerBean_Worker-10] but has failed to stop it. This is very likely to create a memory leak.  
11:03:14.380 GRAVE [org.apache.catalina.loader.WebappClassLoader clearReferencesJdbc] - The web application [/Quartis-Web] registered the JBDC driver [net.sourceforge.jtds.jdbc.Driver] but failed to unregister it when the web application was stopped. To prevent a memory leak, the JDBC Driver has been forcibly unregistered.  
11:03:14.381 GRAVE [org.apache.catalina.loader.WebappClassLoader clearReferencesThreads] - The web application [/Quartis-Web] appears to have started a thread named [Timer-0] but has failed to stop it. This is very likely to create a memory leak.  
11:03:15.538 GRAVE [org.apache.catalina.loader.WebappClassLoader clearReferencesJdbc] - The web application [/Quartis-OptimaCjj] registered the JBDC driver [net.sourceforge.jtds.jdbc.Driver] but failed to unregister it when the web application was stopped. To prevent a memory leak, the JDBC Driver has been forcibly unregistered.  
11:03:15.539 GRAVE [org.apache.catalina.loader.WebappClassLoader clearReferencesThreads] - The web application [/Quartis-OptimaCjj] appears to have started a thread named [schedulerBean_Worker-1] but has failed to stop it. This is very likely to create a memory leak.  
11:03:15.539 GRAVE [org.apache.catalina.loader.WebappClassLoader clearReferencesThreads] - The web application [/Quartis-OptimaCjj] appears to have started a thread named [schedulerBean_Worker-2] but has failed to stop it. This is very likely to create a memory leak.  
11:03:15.540 GRAVE [org.apache.catalina.loader.WebappClassLoader clearReferencesThreads] - The web application [/Quartis-OptimaCjj] appears to have started a thread named [schedulerBean_Worker-3] but has failed to stop it. This is very likely to create a memory leak.  
11:03:15.540 GRAVE [org.apache.catalina.loader.WebappClassLoader clearReferencesThreads] - The web application [/Quartis-OptimaCjj] appears to have started a thread named [schedulerBean_Worker-4] but has failed to stop it. This is very likely to create a memory leak.  
11:03:15.541 GRAVE [org.apache.catalina.loader.WebappClassLoader clearReferencesThreads] - The web application [/Quartis-OptimaCjj] appears to have started a thread named [schedulerBean_Worker-5] but has failed to stop it. This is very likely to create a memory leak.  
11:03:15.542 GRAVE [org.apache.catalina.loader.WebappClassLoader clearReferencesThreads] - The web application [/Quartis-OptimaCjj] appears to have started a thread named [schedulerBean_Worker-6] but has failed to stop it. This is very likely to create a memory leak.  
11:03:15.542 GRAVE [org.apache.catalina.loader.WebappClassLoader clearReferencesThreads] - The web application [/Quartis-OptimaCjj] appears to have started a thread named [schedulerBean_Worker-7] but has failed to stop it. This is very likely to create a memory leak.  
11:03:15.543 GRAVE [org.apache.catalina.loader.WebappClassLoader clearReferencesThreads] - The web application [/Quartis-OptimaCjj] appears to have started a thread named [schedulerBean_Worker-8] but has failed to stop it. This is very likely to create a memory leak.  
11:03:15.544 GRAVE [org.apache.catalina.loader.WebappClassLoader clearReferencesThreads] - The web application [/Quartis-OptimaCjj] appears to have started a thread named [schedulerBean_Worker-9] but has failed to stop it. This is very likely to create a memory leak.  
11:03:15.544 GRAVE [org.apache.catalina.loader.WebappClassLoader clearReferencesThreads] - The web application [/Quartis-OptimaCjj] appears to have started a thread named [schedulerBean_Worker-10] but has failed to stop it. This is very likely to create a memory leak.  
11:03:16.152 GRAVE [org.apache.catalina.loader.WebappClassLoader clearReferencesThreads] - The web application [/Quartis-OptimaCorrection] appears to have started a thread named [Session Monitor] but has failed to stop it. This is very likely to create a memory leak.  
11:03:16.153 GRAVE [org.apache.catalina.loader.WebappClassLoader clearReferencesThreads] - The web application [/Quartis-OptimaCorrection] appears to have started a thread named [Monitor Runner] but has failed to stop it. This is very likely to create a memory leak.  
11:03:16.660 INFOS [org.apache.coyote.http11.Http11NioProtocol destroy] - Arrêt de Coyote HTTP/1.1 sur http-8383  
11:03:17.781 INFOS [org.apache.coyote.ajp.AjpAprProtocol destroy] - Stopping Coyote AJP/1.3 on ajp-8309  
11:03:19.713 INFOS [org.apache.catalina.core.AprLifecycleListener init] - Loaded APR based Apache Tomcat Native library 1.1.20.  
11:03:19.715 INFOS [org.apache.catalina.core.AprLifecycleListener init] - APR capabilities: IPv6 [true], sendfile [true], accept filters [false], random [true].  
11:03:20.510 INFOS [org.apache.tomcat.util.net.NioSelectorPool getSharedSelector] - Using a shared selector for servlet write/read  
11:03:20.516 INFOS [org.apache.coyote.http11.Http11NioProtocol init] - Initialisation de Coyote HTTP/1.1 sur http-8383  
11:03:20.519 INFOS [org.apache.coyote.ajp.AjpAprProtocol init] - Initializing Coyote AJP/1.3 on ajp-8309  
11:03:20.520 INFOS [org.apache.catalina.startup.Catalina load] - Initialization processed in 1179 ms  
11:03:20.563 INFOS [org.apache.catalina.core.StandardService start] - Démarrage du service Catalina  
11:03:20.564 INFOS [org.apache.catalina.core.StandardEngine start] - Starting Servlet Engine: Apache Tomcat/6.0.29  
11:03:20.569 INFOS [org.apache.catalina.startup.HostConfig deployDescriptor] - Déploiement du descripteur de configuration host-manager.xml  
11:03:20.954 INFOS [org.apache.catalina.startup.HostConfig deployDescriptor] - Déploiement du descripteur de configuration manager.xml  
11:03:21.026 INFOS [org.apache.catalina.startup.HostConfig deployDescriptor] - Déploiement du descripteur de configuration Quartis-Dictionary.xml  
11:03:21.063 INFOS [org.apache.catalina.loader.WebappClassLoader validateJarFile] - validateJarFile(C:\Osys\QuartisTools\Tomcat\webapps\Quartis-Dictionary\WEB-INF\lib\servlet-api.jar) - jar not loaded. See Servlet Spec 2.3, section 9.7.2. Offending class: javax/servlet/Servlet.class  
11:03:21.127 INFOS [org.apache.catalina.startup.HostConfig deployDescriptor] - Déploiement du descripteur de configuration Quartis-LicenceWeb.xml  
11:03:21.213 INFOS [org.apache.catalina.startup.HostConfig deployDescriptor] - Déploiement du descripteur de configuration Quartis-OptimaCorrection.xml  
11:03:21.900 INFOS [com.sun.faces.config.ConfigureListener contextInitialized] - Initializing Sun's JavaServer Faces implementation (1.2_04-b20-p03) for context '/Quartis-OptimaCorrection'  
11:03:23.331 INFOS [org.apache.catalina.startup.HostConfig deployDescriptor] - Déploiement du descripteur de configuration Quartis-Web.xml  
11:03:26.227 INFOS [com.sun.faces.config.ConfigureListener contextInitialized] - Initializing Sun's JavaServer Faces implementation (1.2_04-b20-p03) for context '/Quartis-Web'  
11:03:28.442 INFOS [org.apache.catalina.startup.HostConfig deployWAR] - Déploiement de l'archive Quartis-OptimaCjj.war de l'application web  
11:03:28.591 INFOS [org.apache.catalina.core.StandardContext addApplicationListener] - The listener "com.sun.faces.config.ConfigureListener" is already configured for this context. The duplicate definition has been ignored.  
11:03:28.591 INFOS [org.apache.catalina.core.StandardContext addApplicationListener] - The listener "com.sun.faces.config.ConfigureListener" is already configured for this context. The duplicate definition has been ignored.  
11:03:28.689 INFOS [com.sun.faces.config.ConfigureListener contextInitialized] - Initialisation de Mojarra 2.2.4 ( 20131003-1354 https://svn.java.net/svn/mojarra~svn/tags/2.2.4@12574) pour le contexte «/Quartis-OptimaCjj»  
11:03:30.921 INFOS [org.primefaces.webapp.PostConstructApplicationEventListener processEvent] - Running on PrimeFaces 5.3  
11:03:30.921 INFOS [org.primefaces.extensions.application.PostConstructApplicationEventListener processEvent] - Running on PrimeFaces Extensions 4.0.0  
11:03:33.822 INFOS [org.apache.catalina.startup.HostConfig deployWAR] - Déploiement de l'archive Quartis-OptimaTml.war de l'application web  
11:03:33.943 INFOS [org.apache.catalina.core.StandardContext addApplicationListener] - The listener "com.sun.faces.config.ConfigureListener" is already configured for this context. The duplicate definition has been ignored.  
11:03:33.944 INFOS [org.apache.catalina.core.StandardContext addApplicationListener] - The listener "com.sun.faces.config.ConfigureListener" is already configured for this context. The duplicate definition has been ignored.  
11:03:34.011 INFOS [com.sun.faces.config.ConfigureListener contextInitialized] - Initialisation de Mojarra 2.2.4 ( 20131003-1354 https://svn.java.net/svn/mojarra~svn/tags/2.2.4@12574) pour le contexte «/Quartis-OptimaTml»  
11:03:35.126 INFOS [org.primefaces.webapp.PostConstructApplicationEventListener processEvent] - Running on PrimeFaces 5.0  
11:03:35.127 INFOS [org.primefaces.extensions.application.PostConstructApplicationEventListener processEvent] - Running on PrimeFaces Extensions 2.0.0  
11:03:37.056 INFOS [org.apache.catalina.startup.HostConfig deployDirectory] - Déploiement du répertoire docs de l'application web  
11:03:37.070 INFOS [org.apache.catalina.startup.HostConfig deployDirectory] - Déploiement du répertoire examples de l'application web  
11:03:37.120 INFOS [org.apache.catalina.startup.HostConfig deployDirectory] - Déploiement du répertoire ROOT de l'application web  
11:03:37.406 INFOS [org.apache.coyote.http11.Http11NioProtocol start] - Démarrage de Coyote HTTP/1.1 sur http-8383  
11:03:37.420 INFOS [org.apache.coyote.ajp.AjpAprProtocol start] - Starting Coyote AJP/1.3 on ajp-8309  
11:03:37.426 INFOS [org.apache.catalina.startup.Catalina start] - Server startup in 16904 ms  
11:09:57.283 INFOS [org.apache.coyote.http11.Http11NioProtocol pause] - Suspension de Coyote HTTP/1.1 sur http-8383  
11:09:57.284 INFOS [org.apache.coyote.ajp.AjpAprProtocol pause] - Pausing Coyote AJP/1.3 on ajp-8309  
11:09:58.284 INFOS [org.apache.catalina.core.StandardService stop] - Arrêt du service Catalina  
11:09:58.324 GRAVE [org.apache.catalina.loader.WebappClassLoader clearReferencesJdbc] - The web application [/Quartis-OptimaTml] registered the JBDC driver [net.sourceforge.jtds.jdbc.Driver] but failed to unregister it when the web application was stopped. To prevent a memory leak, the JDBC Driver has been forcibly unregistered.  
11:09:58.325 GRAVE [org.apache.catalina.loader.WebappClassLoader clearReferencesThreads] - The web application [/Quartis-OptimaTml] appears to have started a thread named [schedulerBean_Worker-1] but has failed to stop it. This is very likely to create a memory leak.  
11:09:58.326 GRAVE [org.apache.catalina.loader.WebappClassLoader clearReferencesThreads] - The web application [/Quartis-OptimaTml] appears to have started a thread named [schedulerBean_Worker-2] but has failed to stop it. This is very likely to create a memory leak.  
11:09:58.326 GRAVE [org.apache.catalina.loader.WebappClassLoader clearReferencesThreads] - The web application [/Quartis-OptimaTml] appears to have started a thread named [schedulerBean_Worker-3] but has failed to stop it. This is very likely to create a memory leak.  
11:09:58.327 GRAVE [org.apache.catalina.loader.WebappClassLoader clearReferencesThreads] - The web application [/Quartis-OptimaTml] appears to have started a thread named [schedulerBean_Worker-4] but has failed to stop it. This is very likely to create a memory leak.  
11:09:58.327 GRAVE [org.apache.catalina.loader.WebappClassLoader clearReferencesThreads] - The web application [/Quartis-OptimaTml] appears to have started a thread named [schedulerBean_Worker-5] but has failed to stop it. This is very likely to create a memory leak.  
11:09:58.328 GRAVE [org.apache.catalina.loader.WebappClassLoader clearReferencesThreads] - The web application [/Quartis-OptimaTml] appears to have started a thread named [schedulerBean_Worker-6] but has failed to stop it. This is very likely to create a memory leak.  
11:09:58.329 GRAVE [org.apache.catalina.loader.WebappClassLoader clearReferencesThreads] - The web application [/Quartis-OptimaTml] appears to have started a thread named [schedulerBean_Worker-7] but has failed to stop it. This is very likely to create a memory leak.  
11:09:58.329 GRAVE [org.apache.catalina.loader.WebappClassLoader clearReferencesThreads] - The web application [/Quartis-OptimaTml] appears to have started a thread named [schedulerBean_Worker-8] but has failed to stop it. This is very likely to create a memory leak.  
11:09:58.330 GRAVE [org.apache.catalina.loader.WebappClassLoader clearReferencesThreads] - The web application [/Quartis-OptimaTml] appears to have started a thread named [schedulerBean_Worker-9] but has failed to stop it. This is very likely to create a memory leak.  
11:09:58.330 GRAVE [org.apache.catalina.loader.WebappClassLoader clearReferencesThreads] - The web application [/Quartis-OptimaTml] appears to have started a thread named [schedulerBean_Worker-10] but has failed to stop it. This is very likely to create a memory leak.  
11:09:58.793 GRAVE [org.apache.catalina.loader.WebappClassLoader clearReferencesJdbc] - The web application [/Quartis-Web] registered the JBDC driver [net.sourceforge.jtds.jdbc.Driver] but failed to unregister it when the web application was stopped. To prevent a memory leak, the JDBC Driver has been forcibly unregistered.  
11:09:58.794 GRAVE [org.apache.catalina.loader.WebappClassLoader clearReferencesThreads] - The web application [/Quartis-Web] appears to have started a thread named [Timer-0] but has failed to stop it. This is very likely to create a memory leak.  
11:09:59.182 GRAVE [org.apache.catalina.loader.WebappClassLoader clearReferencesJdbc] - The web application [/Quartis-OptimaCjj] registered the JBDC driver [net.sourceforge.jtds.jdbc.Driver] but failed to unregister it when the web application was stopped. To prevent a memory leak, the JDBC Driver has been forcibly unregistered.  
11:09:59.183 GRAVE [org.apache.catalina.loader.WebappClassLoader clearReferencesThreads] - The web application [/Quartis-OptimaCjj] appears to have started a thread named [schedulerBean_Worker-1] but has failed to stop it. This is very likely to create a memory leak.  
11:09:59.183 GRAVE [org.apache.catalina.loader.WebappClassLoader clearReferencesThreads] - The web application [/Quartis-OptimaCjj] appears to have started a thread named [schedulerBean_Worker-2] but has failed to stop it. This is very likely to create a memory leak.  
11:09:59.184 GRAVE [org.apache.catalina.loader.WebappClassLoader clearReferencesThreads] - The web application [/Quartis-OptimaCjj] appears to have started a thread named [schedulerBean_Worker-3] but has failed to stop it. This is very likely to create a memory leak.  
11:09:59.184 GRAVE [org.apache.catalina.loader.WebappClassLoader clearReferencesThreads] - The web application [/Quartis-OptimaCjj] appears to have started a thread named [schedulerBean_Worker-4] but has failed to stop it. This is very likely to create a memory leak.  
11:09:59.185 GRAVE [org.apache.catalina.loader.WebappClassLoader clearReferencesThreads] - The web application [/Quartis-OptimaCjj] appears to have started a thread named [schedulerBean_Worker-5] but has failed to stop it. This is very likely to create a memory leak.  
11:09:59.186 GRAVE [org.apache.catalina.loader.WebappClassLoader clearReferencesThreads] - The web application [/Quartis-OptimaCjj] appears to have started a thread named [schedulerBean_Worker-6] but has failed to stop it. This is very likely to create a memory leak.  
11:09:59.186 GRAVE [org.apache.catalina.loader.WebappClassLoader clearReferencesThreads] - The web application [/Quartis-OptimaCjj] appears to have started a thread named [schedulerBean_Worker-7] but has failed to stop it. This is very likely to create a memory leak.  
11:09:59.187 GRAVE [org.apache.catalina.loader.WebappClassLoader clearReferencesThreads] - The web application [/Quartis-OptimaCjj] appears to have started a thread named [schedulerBean_Worker-8] but has failed to stop it. This is very likely to create a memory leak.  
11:09:59.187 GRAVE [org.apache.catalina.loader.WebappClassLoader clearReferencesThreads] - The web application [/Quartis-OptimaCjj] appears to have started a thread named [schedulerBean_Worker-9] but has failed to stop it. This is very likely to create a memory leak.  
11:09:59.188 GRAVE [org.apache.catalina.loader.WebappClassLoader clearReferencesThreads] - The web application [/Quartis-OptimaCjj] appears to have started a thread named [schedulerBean_Worker-10] but has failed to stop it. This is very likely to create a memory leak.  
11:09:59.464 GRAVE [org.apache.catalina.loader.WebappClassLoader clearReferencesThreads] - The web application [/Quartis-OptimaCorrection] appears to have started a thread named [Session Monitor] but has failed to stop it. This is very likely to create a memory leak.  
11:09:59.465 GRAVE [org.apache.catalina.loader.WebappClassLoader clearReferencesThreads] - The web application [/Quartis-OptimaCorrection] appears to have started a thread named [Monitor Runner] but has failed to stop it. This is very likely to create a memory leak.  
11:09:59.623 INFOS [org.apache.coyote.http11.Http11NioProtocol destroy] - Arrêt de Coyote HTTP/1.1 sur http-8383  
11:10:00.724 INFOS [org.apache.coyote.ajp.AjpAprProtocol destroy] - Stopping Coyote AJP/1.3 on ajp-8309  
11:11:32.460 INFOS [org.apache.catalina.core.AprLifecycleListener init] - Loaded APR based Apache Tomcat Native library 1.1.20.  
11:11:32.462 INFOS [org.apache.catalina.core.AprLifecycleListener init] - APR capabilities: IPv6 [true], sendfile [true], accept filters [false], random [true].  
11:11:32.983 INFOS [org.apache.tomcat.util.net.NioSelectorPool getSharedSelector] - Using a shared selector for servlet write/read  
11:11:32.988 INFOS [org.apache.coyote.http11.Http11NioProtocol init] - Initialisation de Coyote HTTP/1.1 sur http-8383  
11:11:32.990 INFOS [org.apache.coyote.ajp.AjpAprProtocol init] - Initializing Coyote AJP/1.3 on ajp-8309  
11:11:32.991 INFOS [org.apache.catalina.startup.Catalina load] - Initialization processed in 732 ms  
11:11:33.016 INFOS [org.apache.catalina.core.StandardService start] - Démarrage du service Catalina  
11:11:33.017 INFOS [org.apache.catalina.core.StandardEngine start] - Starting Servlet Engine: Apache Tomcat/6.0.29  
11:11:33.022 INFOS [org.apache.catalina.startup.HostConfig deployDescriptor] - Déploiement du descripteur de configuration host-manager.xml  
11:11:33.186 INFOS [org.apache.catalina.startup.HostConfig deployDescriptor] - Déploiement du descripteur de configuration manager.xml  
11:11:33.252 INFOS [org.apache.catalina.startup.HostConfig deployDescriptor] - Déploiement du descripteur de configuration Quartis-Dictionary.xml  
11:11:33.277 INFOS [org.apache.catalina.loader.WebappClassLoader validateJarFile] - validateJarFile(C:\Osys\QuartisTools\Tomcat\webapps\Quartis-Dictionary\WEB-INF\lib\servlet-api.jar) - jar not loaded. See Servlet Spec 2.3, section 9.7.2. Offending class: javax/servlet/Servlet.class  
11:11:33.317 INFOS [org.apache.catalina.startup.HostConfig deployDescriptor] - Déploiement du descripteur de configuration Quartis-LicenceWeb.xml  
11:11:33.361 INFOS [org.apache.catalina.startup.HostConfig deployDescriptor] - Déploiement du descripteur de configuration Quartis-OptimaCorrection.xml  
11:11:33.776 INFOS [com.sun.faces.config.ConfigureListener contextInitialized] - Initializing Sun's JavaServer Faces implementation (1.2_04-b20-p03) for context '/Quartis-OptimaCorrection'  
11:11:34.581 INFOS [org.apache.catalina.startup.HostConfig deployDescriptor] - Déploiement du descripteur de configuration Quartis-Web.xml  
11:11:36.256 INFOS [com.sun.faces.config.ConfigureListener contextInitialized] - Initializing Sun's JavaServer Faces implementation (1.2_04-b20-p03) for context '/Quartis-Web'  
11:11:37.867 INFOS [org.apache.catalina.startup.HostConfig deployWAR] - Déploiement de l'archive Quartis-OptimaCjj.war de l'application web  
11:11:38.001 INFOS [org.apache.catalina.core.StandardContext addApplicationListener] - The listener "com.sun.faces.config.ConfigureListener" is already configured for this context. The duplicate definition has been ignored.  
11:11:38.002 INFOS [org.apache.catalina.core.StandardContext addApplicationListener] - The listener "com.sun.faces.config.ConfigureListener" is already configured for this context. The duplicate definition has been ignored.  
11:11:38.073 INFOS [com.sun.faces.config.ConfigureListener contextInitialized] - Initialisation de Mojarra 2.2.4 ( 20131003-1354 https://svn.java.net/svn/mojarra~svn/tags/2.2.4@12574) pour le contexte «/Quartis-OptimaCjj»  
11:11:39.724 INFOS [org.primefaces.webapp.PostConstructApplicationEventListener processEvent] - Running on PrimeFaces 5.3  
11:11:39.725 INFOS [org.primefaces.extensions.application.PostConstructApplicationEventListener processEvent] - Running on PrimeFaces Extensions 4.0.0  
11:11:42.416 INFOS [org.apache.catalina.startup.HostConfig deployWAR] - Déploiement de l'archive Quartis-OptimaTml.war de l'application web  
11:11:42.551 INFOS [org.apache.catalina.core.StandardContext addApplicationListener] - The listener "com.sun.faces.config.ConfigureListener" is already configured for this context. The duplicate definition has been ignored.  
11:11:42.552 INFOS [org.apache.catalina.core.StandardContext addApplicationListener] - The listener "com.sun.faces.config.ConfigureListener" is already configured for this context. The duplicate definition has been ignored.  
11:11:42.618 INFOS [com.sun.faces.config.ConfigureListener contextInitialized] - Initialisation de Mojarra 2.2.4 ( 20131003-1354 https://svn.java.net/svn/mojarra~svn/tags/2.2.4@12574) pour le contexte «/Quartis-OptimaTml»  
11:11:43.626 INFOS [org.primefaces.webapp.PostConstructApplicationEventListener processEvent] - Running on PrimeFaces 5.0  
11:11:43.627 INFOS [org.primefaces.extensions.application.PostConstructApplicationEventListener processEvent] - Running on PrimeFaces Extensions 2.0.0  
11:11:45.485 INFOS [org.apache.catalina.startup.HostConfig deployDirectory] - Déploiement du répertoire docs de l'application web  
11:11:45.500 INFOS [org.apache.catalina.startup.HostConfig deployDirectory] - Déploiement du répertoire examples de l'application web  
11:11:45.549 INFOS [org.apache.catalina.startup.HostConfig deployDirectory] - Déploiement du répertoire ROOT de l'application web  
11:11:45.572 INFOS [org.apache.coyote.http11.Http11NioProtocol start] - Démarrage de Coyote HTTP/1.1 sur http-8383  
11:11:45.587 INFOS [org.apache.coyote.ajp.AjpAprProtocol start] - Starting Coyote AJP/1.3 on ajp-8309  
11:11:45.592 INFOS [org.apache.catalina.startup.Catalina start] - Server startup in 12600 ms  
12:50:06.697 INFOS [org.apache.coyote.http11.Http11NioProtocol pause] - Suspension de Coyote HTTP/1.1 sur http-8383  
12:50:06.697 INFOS [org.apache.coyote.ajp.AjpAprProtocol pause] - Pausing Coyote AJP/1.3 on ajp-8309  
12:50:07.711 INFOS [org.apache.catalina.core.StandardService stop] - Arrêt du service Catalina  
12:50:07.727 GRAVE [org.apache.catalina.loader.WebappClassLoader clearReferencesJdbc] - The web application [/Quartis-OptimaTml] registered the JBDC driver [net.sourceforge.jtds.jdbc.Driver] but failed to unregister it when the web application was stopped. To prevent a memory leak, the JDBC Driver has been forcibly unregistered.  
12:50:07.742 GRAVE [org.apache.catalina.loader.WebappClassLoader clearReferencesThreads] - The web application [/Quartis-OptimaTml] appears to have started a thread named [schedulerBean_Worker-1] but has failed to stop it. This is very likely to create a memory leak.  
12:50:07.742 GRAVE [org.apache.catalina.loader.WebappClassLoader clearReferencesThreads] - The web application [/Quartis-OptimaTml] appears to have started a thread named [schedulerBean_Worker-2] but has failed to stop it. This is very likely to create a memory leak.  
12:50:07.742 GRAVE [org.apache.catalina.loader.WebappClassLoader clearReferencesThreads] - The web application [/Quartis-OptimaTml] appears to have started a thread named [schedulerBean_Worker-3] but has failed to stop it. This is very likely to create a memory leak.  
12:50:07.742 GRAVE [org.apache.catalina.loader.WebappClassLoader clearReferencesThreads] - The web application [/Quartis-OptimaTml] appears to have started a thread named [schedulerBean_Worker-4] but has failed to stop it. This is very likely to create a memory leak.  
12:50:07.742 GRAVE [org.apache.catalina.loader.WebappClassLoader clearReferencesThreads] - The web application [/Quartis-OptimaTml] appears to have started a thread named [schedulerBean_Worker-5] but has failed to stop it. This is very likely to create a memory leak.  
12:50:07.742 GRAVE [org.apache.catalina.loader.WebappClassLoader clearReferencesThreads] - The web application [/Quartis-OptimaTml] appears to have started a thread named [schedulerBean_Worker-6] but has failed to stop it. This is very likely to create a memory leak.  
12:50:07.742 GRAVE [org.apache.catalina.loader.WebappClassLoader clearReferencesThreads] - The web application [/Quartis-OptimaTml] appears to have started a thread named [schedulerBean_Worker-7] but has failed to stop it. This is very likely to create a memory leak.  
12:50:07.742 GRAVE [org.apache.catalina.loader.WebappClassLoader clearReferencesThreads] - The web application [/Quartis-OptimaTml] appears to have started a thread named [schedulerBean_Worker-8] but has failed to stop it. This is very likely to create a memory leak.  
12:50:07.742 GRAVE [org.apache.catalina.loader.WebappClassLoader clearReferencesThreads] - The web application [/Quartis-OptimaTml] appears to have started a thread named [schedulerBean_Worker-9] but has failed to stop it. This is very likely to create a memory leak.  
12:50:07.742 GRAVE [org.apache.catalina.loader.WebappClassLoader clearReferencesThreads] - The web application [/Quartis-OptimaTml] appears to have started a thread named [schedulerBean_Worker-10] but has failed to stop it. This is very likely to create a memory leak.  
12:50:08.179 GRAVE [org.apache.catalina.loader.WebappClassLoader clearReferencesJdbc] - The web application [/Quartis-Web] registered the JBDC driver [net.sourceforge.jtds.jdbc.Driver] but failed to unregister it when the web application was stopped. To prevent a memory leak, the JDBC Driver has been forcibly unregistered.  
12:50:08.179 GRAVE [org.apache.catalina.loader.WebappClassLoader clearReferencesThreads] - The web application [/Quartis-Web] appears to have started a thread named [Timer-0] but has failed to stop it. This is very likely to create a memory leak.  
12:50:08.569 GRAVE [org.apache.catalina.loader.WebappClassLoader clearReferencesJdbc] - The web application [/Quartis-OptimaCjj] registered the JBDC driver [net.sourceforge.jtds.jdbc.Driver] but failed to unregister it when the web application was stopped. To prevent a memory leak, the JDBC Driver has been forcibly unregistered.  
12:50:08.569 GRAVE [org.apache.catalina.loader.WebappClassLoader clearReferencesThreads] - The web application [/Quartis-OptimaCjj] appears to have started a thread named [schedulerBean_Worker-1] but has failed to stop it. This is very likely to create a memory leak.  
12:50:08.569 GRAVE [org.apache.catalina.loader.WebappClassLoader clearReferencesThreads] - The web application [/Quartis-OptimaCjj] appears to have started a thread named [schedulerBean_Worker-2] but has failed to stop it. This is very likely to create a memory leak.  
12:50:08.569 GRAVE [org.apache.catalina.loader.WebappClassLoader clearReferencesThreads] - The web application [/Quartis-OptimaCjj] appears to have started a thread named [schedulerBean_Worker-3] but has failed to stop it. This is very likely to create a memory leak.  
12:50:08.569 GRAVE [org.apache.catalina.loader.WebappClassLoader clearReferencesThreads] - The web application [/Quartis-OptimaCjj] appears to have started a thread named [schedulerBean_Worker-4] but has failed to stop it. This is very likely to create a memory leak.  
12:50:08.569 GRAVE [org.apache.catalina.loader.WebappClassLoader clearReferencesThreads] - The web application [/Quartis-OptimaCjj] appears to have started a thread named [schedulerBean_Worker-5] but has failed to stop it. This is very likely to create a memory leak.  
12:50:08.585 GRAVE [org.apache.catalina.loader.WebappClassLoader clearReferencesThreads] - The web application [/Quartis-OptimaCjj] appears to have started a thread named [schedulerBean_Worker-6] but has failed to stop it. This is very likely to create a memory leak.  
12:50:08.585 GRAVE [org.apache.catalina.loader.WebappClassLoader clearReferencesThreads] - The web application [/Quartis-OptimaCjj] appears to have started a thread named [schedulerBean_Worker-7] but has failed to stop it. This is very likely to create a memory leak.  
12:50:08.585 GRAVE [org.apache.catalina.loader.WebappClassLoader clearReferencesThreads] - The web application [/Quartis-OptimaCjj] appears to have started a thread named [schedulerBean_Worker-8] but has failed to stop it. This is very likely to create a memory leak.  
12:50:08.585 GRAVE [org.apache.catalina.loader.WebappClassLoader clearReferencesThreads] - The web application [/Quartis-OptimaCjj] appears to have started a thread named [schedulerBean_Worker-9] but has failed to stop it. This is very likely to create a memory leak.  
12:50:08.585 GRAVE [org.apache.catalina.loader.WebappClassLoader clearReferencesThreads] - The web application [/Quartis-OptimaCjj] appears to have started a thread named [schedulerBean_Worker-10] but has failed to stop it. This is very likely to create a memory leak.  
12:50:08.881 GRAVE [org.apache.catalina.loader.WebappClassLoader clearReferencesThreads] - The web application [/Quartis-OptimaCorrection] appears to have started a thread named [Session Monitor] but has failed to stop it. This is very likely to create a memory leak.  
12:50:08.881 GRAVE [org.apache.catalina.loader.WebappClassLoader clearReferencesThreads] - The web application [/Quartis-OptimaCorrection] appears to have started a thread named [Monitor Runner] but has failed to stop it. This is very likely to create a memory leak.  
12:50:09.037 INFOS [org.apache.coyote.http11.Http11NioProtocol destroy] - Arrêt de Coyote HTTP/1.1 sur http-8383  
12:50:10.145 INFOS [org.apache.coyote.ajp.AjpAprProtocol destroy] - Stopping Coyote AJP/1.3 on ajp-8309  
12:51:12.407 INFOS [org.apache.catalina.core.AprLifecycleListener init] - Loaded APR based Apache Tomcat Native library 1.1.20.  
12:51:12.454 INFOS [org.apache.catalina.core.AprLifecycleListener init] - APR capabilities: IPv6 [true], sendfile [true], accept filters [false], random [true].  
12:51:13.562 INFOS [org.apache.tomcat.util.net.NioSelectorPool getSharedSelector] - Using a shared selector for servlet write/read  
12:51:13.608 INFOS [org.apache.coyote.http11.Http11NioProtocol init] - Initialisation de Coyote HTTP/1.1 sur http-8383  
12:51:13.608 INFOS [org.apache.coyote.ajp.AjpAprProtocol init] - Initializing Coyote AJP/1.3 on ajp-8309  
12:51:13.608 INFOS [org.apache.catalina.startup.Catalina load] - Initialization processed in 2358 ms  
12:51:13.764 INFOS [org.apache.catalina.core.StandardService start] - Démarrage du service Catalina  
12:51:13.764 INFOS [org.apache.catalina.core.StandardEngine start] - Starting Servlet Engine: Apache Tomcat/6.0.29  
12:51:13.764 INFOS [org.apache.catalina.startup.HostConfig deployDescriptor] - Déploiement du descripteur de configuration host-manager.xml  
12:51:14.342 INFOS [org.apache.catalina.startup.HostConfig deployDescriptor] - Déploiement du descripteur de configuration manager.xml  
12:51:14.420 INFOS [org.apache.catalina.startup.HostConfig deployDescriptor] - Déploiement du descripteur de configuration Quartis-Dictionary.xml  
12:51:22.928 INFOS [org.apache.catalina.loader.WebappClassLoader validateJarFile] - validateJarFile(C:\Osys\QuartisTools\Tomcat\webapps\Quartis-Dictionary\WEB-INF\lib\servlet-api.jar) - jar not loaded. See Servlet Spec 2.3, section 9.7.2. Offending class: javax/servlet/Servlet.class  
12:51:23.006 INFOS [org.apache.catalina.startup.HostConfig deployDescriptor] - Déploiement du descripteur de configuration Quartis-LicenceWeb.xml  
12:51:23.349 INFOS [org.apache.catalina.startup.HostConfig deployDescriptor] - Déploiement du descripteur de configuration Quartis-OptimaCorrection.xml  
12:51:28.715 INFOS [com.sun.faces.config.ConfigureListener contextInitialized] - Initializing Sun's JavaServer Faces implementation (1.2_04-b20-p03) for context '/Quartis-OptimaCorrection'  
12:51:38.793 INFOS [org.apache.catalina.startup.HostConfig deployDescriptor] - Déploiement du descripteur de configuration Quartis-Web.xml  
12:51:59.666 INFOS [com.sun.faces.config.ConfigureListener contextInitialized] - Initializing Sun's JavaServer Faces implementation (1.2_04-b20-p03) for context '/Quartis-Web'  
12:52:04.736 INFOS [org.apache.catalina.startup.HostConfig deployWAR] - Déploiement de l'archive Quartis-OptimaCjj.war de l'application web  
12:52:05.734 INFOS [org.apache.catalina.core.StandardContext addApplicationListener] - The listener "com.sun.faces.config.ConfigureListener" is already configured for this context. The duplicate definition has been ignored.  
12:52:05.734 INFOS [org.apache.catalina.core.StandardContext addApplicationListener] - The listener "com.sun.faces.config.ConfigureListener" is already configured for this context. The duplicate definition has been ignored.  
12:52:05.874 INFOS [com.sun.faces.config.ConfigureListener contextInitialized] - Initialisation de Mojarra 2.2.4 ( 20131003-1354 https://svn.java.net/svn/mojarra~svn/tags/2.2.4@12574) pour le contexte «/Quartis-OptimaCjj»  
12:52:08.760 INFOS [org.primefaces.webapp.PostConstructApplicationEventListener processEvent] - Running on PrimeFaces 5.3  
12:52:08.760 INFOS [org.primefaces.extensions.application.PostConstructApplicationEventListener processEvent] - Running on PrimeFaces Extensions 4.0.0  
12:52:13.300 INFOS [org.apache.catalina.startup.HostConfig deployWAR] - Déploiement de l'archive Quartis-OptimaTml.war de l'application web  
12:52:14.517 INFOS [org.apache.catalina.core.StandardContext addApplicationListener] - The listener "com.sun.faces.config.ConfigureListener" is already configured for this context. The duplicate definition has been ignored.  
12:52:14.517 INFOS [org.apache.catalina.core.StandardContext addApplicationListener] - The listener "com.sun.faces.config.ConfigureListener" is already configured for this context. The duplicate definition has been ignored.  
12:52:14.673 INFOS [com.sun.faces.config.ConfigureListener contextInitialized] - Initialisation de Mojarra 2.2.4 ( 20131003-1354 https://svn.java.net/svn/mojarra~svn/tags/2.2.4@12574) pour le contexte «/Quartis-OptimaTml»  
12:52:16.373 INFOS [org.primefaces.webapp.PostConstructApplicationEventListener processEvent] - Running on PrimeFaces 5.0  
12:52:16.373 INFOS [org.primefaces.extensions.application.PostConstructApplicationEventListener processEvent] - Running on PrimeFaces Extensions 2.0.0  
12:52:18.682 INFOS [org.apache.catalina.startup.HostConfig deployDirectory] - Déploiement du répertoire docs de l'application web  
12:52:18.744 INFOS [org.apache.catalina.startup.HostConfig deployDirectory] - Déploiement du répertoire examples de l'application web  
12:52:18.885 INFOS [org.apache.catalina.startup.HostConfig deployDirectory] - Déploiement du répertoire ROOT de l'application web  
12:52:18.963 INFOS [org.apache.coyote.http11.Http11NioProtocol start] - Démarrage de Coyote HTTP/1.1 sur http-8383  
12:52:18.978 INFOS [org.apache.coyote.ajp.AjpAprProtocol start] - Starting Coyote AJP/1.3 on ajp-8309  
12:52:18.994 INFOS [org.apache.catalina.startup.Catalina start] - Server startup in 65375 ms  
