12:17:02.338 SEVERE [javax.faces.event.MethodExpressionActionListener processAction] - Received 'java.lang.NullPointerException' when invoking action listener '#{formulairesManagedBean.updateData}' for component 'validateButton'  
12:17:02.340 SEVERE [javax.faces.event.MethodExpressionActionListener processAction] - java.lang.NullPointerException
	at quartisweb.jsf.managedBean.FormulairesManagedBean.updateData(FormulairesManagedBean.java:1171)
	at sun.reflect.NativeMethodAccessorImpl.invoke0(Native Method)
	at sun.reflect.NativeMethodAccessorImpl.invoke(Unknown Source)
	at sun.reflect.DelegatingMethodAccessorImpl.invoke(Unknown Source)
	at java.lang.reflect.Method.invoke(Unknown Source)
	at org.apache.el.parser.AstValue.invoke(AstValue.java:191)
	at org.apache.el.MethodExpressionImpl.invoke(MethodExpressionImpl.java:276)
	at org.apache.jasper.el.JspMethodExpression.invoke(JspMethodExpression.java:68)
	at javax.faces.event.MethodExpressionActionListener.processAction(MethodExpressionActionListener.java:88)
	at javax.faces.event.ActionEvent.processListener(ActionEvent.java:77)
	at javax.faces.component.UIComponentBase.broadcast(UIComponentBase.java:746)
	at javax.faces.component.UICommand.broadcast(UICommand.java:368)
	at javax.faces.component.UIViewRoot.broadcastEvents(UIViewRoot.java:447)
	at javax.faces.component.UIViewRoot.processApplication(UIViewRoot.java:752)
	at com.sun.faces.lifecycle.InvokeApplicationPhase.execute(InvokeApplicationPhase.java:97)
	at com.sun.faces.lifecycle.LifecycleImpl.phase(LifecycleImpl.java:251)
	at com.sun.faces.lifecycle.LifecycleImpl.execute(LifecycleImpl.java:117)
	at javax.faces.webapp.FacesServlet.service(FacesServlet.java:244)
	at org.apache.catalina.core.ApplicationFilterChain.internalDoFilter(ApplicationFilterChain.java:290)
	at org.apache.catalina.core.ApplicationFilterChain.doFilter(ApplicationFilterChain.java:206)
	at net.bull.javamelody.MonitoringFilter.doFilter(MonitoringFilter.java:201)
	at net.bull.javamelody.MonitoringFilter.doFilter(MonitoringFilter.java:178)
	at org.apache.catalina.core.ApplicationFilterChain.internalDoFilter(ApplicationFilterChain.java:235)
	at org.apache.catalina.core.ApplicationFilterChain.doFilter(ApplicationFilterChain.java:206)
	at org.apache.logging.log4j.web.Log4jServletFilter.doFilter(Log4jServletFilter.java:71)
	at org.apache.catalina.core.ApplicationFilterChain.internalDoFilter(ApplicationFilterChain.java:235)
	at org.apache.catalina.core.ApplicationFilterChain.doFilter(ApplicationFilterChain.java:206)
	at quartisweb.filter.RepeteurFilter.doFilter(RepeteurFilter.java:104)
	at org.apache.catalina.core.ApplicationFilterChain.internalDoFilter(ApplicationFilterChain.java:235)
	at org.apache.catalina.core.ApplicationFilterChain.doFilter(ApplicationFilterChain.java:206)
	at quartisweb.servlet.EncodingFilter.doFilter(EncodingFilter.java:26)
	at org.apache.catalina.core.ApplicationFilterChain.internalDoFilter(ApplicationFilterChain.java:235)
	at org.apache.catalina.core.ApplicationFilterChain.doFilter(ApplicationFilterChain.java:206)
	at quartisweb.filter.FiltreSession.doFilter(FiltreSession.java:233)
	at org.apache.catalina.core.ApplicationFilterChain.internalDoFilter(ApplicationFilterChain.java:235)
	at org.apache.catalina.core.ApplicationFilterChain.doFilter(ApplicationFilterChain.java:206)
	at org.apache.catalina.core.StandardWrapperValve.invoke(StandardWrapperValve.java:233)
	at org.apache.catalina.core.StandardContextValve.invoke(StandardContextValve.java:191)
	at org.apache.catalina.core.StandardHostValve.invoke(StandardHostValve.java:127)
	at org.apache.catalina.valves.ErrorReportValve.invoke(ErrorReportValve.java:102)
	at org.apache.catalina.core.StandardEngineValve.invoke(StandardEngineValve.java:109)
	at org.apache.catalina.connector.CoyoteAdapter.service(CoyoteAdapter.java:298)
	at org.apache.coyote.http11.Http11NioProcessor.process(Http11NioProcessor.java:886)
	at org.apache.coyote.http11.Http11NioProtocol$Http11ConnectionHandler.process(Http11NioProtocol.java:721)
	at org.apache.tomcat.util.net.NioEndpoint$SocketProcessor.run(NioEndpoint.java:2256)
	at java.util.concurrent.ThreadPoolExecutor.runWorker(Unknown Source)
	at java.util.concurrent.ThreadPoolExecutor$Worker.run(Unknown Source)
	at java.lang.Thread.run(Unknown Source)
  
