07:49:55.456 INFOS [org.apache.catalina.core.AprLifecycleListener init] - Loaded APR based Apache Tomcat Native library 1.1.20.  
07:49:55.518 INFOS [org.apache.catalina.core.AprLifecycleListener init] - APR capabilities: IPv6 [true], sendfile [true], accept filters [false], random [true].  
07:49:59.699 INFOS [org.apache.tomcat.util.net.NioSelectorPool getSharedSelector] - Using a shared selector for servlet write/read  
07:50:00.026 INFOS [org.apache.coyote.http11.Http11NioProtocol init] - Initialisation de Coyote HTTP/1.1 sur http-8383  
07:50:00.042 INFOS [org.apache.coyote.ajp.AjpAprProtocol init] - Initializing Coyote AJP/1.3 on ajp-8309  
07:50:00.042 INFOS [org.apache.catalina.startup.Catalina load] - Initialization processed in 6902 ms  
07:50:00.916 INFOS [org.apache.catalina.core.StandardService start] - Démarrage du service Catalina  
07:50:00.916 INFOS [org.apache.catalina.core.StandardEngine start] - Starting Servlet Engine: Apache Tomcat/6.0.29  
07:50:00.962 INFOS [org.apache.catalina.startup.HostConfig deployDescriptor] - Déploiement du descripteur de configuration host-manager.xml  
07:50:03.458 INFOS [org.apache.catalina.startup.HostConfig deployDescriptor] - Déploiement du descripteur de configuration manager.xml  
07:50:03.661 INFOS [org.apache.catalina.startup.HostConfig deployDescriptor] - Déploiement du descripteur de configuration Quartis-Dictionary.xml  
07:50:04.660 INFOS [org.apache.catalina.loader.WebappClassLoader validateJarFile] - validateJarFile(C:\Osys\QuartisTools\Tomcat\webapps\Quartis-Dictionary\WEB-INF\lib\servlet-api.jar) - jar not loaded. See Servlet Spec 2.3, section 9.7.2. Offending class: javax/servlet/Servlet.class  
07:50:04.847 INFOS [org.apache.catalina.startup.HostConfig deployDescriptor] - Déploiement du descripteur de configuration Quartis-LicenceWeb.xml  
07:50:05.362 INFOS [org.apache.catalina.startup.HostConfig deployDescriptor] - Déploiement du descripteur de configuration Quartis-OptimaCorrection.xml  
07:50:10.915 INFOS [com.sun.faces.config.ConfigureListener contextInitialized] - Initializing Sun's JavaServer Faces implementation (1.2_04-b20-p03) for context '/Quartis-OptimaCorrection'  
07:50:25.455 INFOS [org.apache.catalina.startup.HostConfig deployDescriptor] - Déploiement du descripteur de configuration Quartis-Web.xml  
07:50:44.627 INFOS [com.sun.faces.config.ConfigureListener contextInitialized] - Initializing Sun's JavaServer Faces implementation (1.2_04-b20-p03) for context '/Quartis-Web'  
07:51:08.223 INFOS [org.apache.catalina.startup.HostConfig deployWAR] - Déploiement de l'archive Quartis-OptimaCjj.war de l'application web  
07:51:23.105 INFOS [org.apache.catalina.core.StandardContext addApplicationListener] - The listener "com.sun.faces.config.ConfigureListener" is already configured for this context. The duplicate definition has been ignored.  
07:51:23.105 INFOS [org.apache.catalina.core.StandardContext addApplicationListener] - The listener "com.sun.faces.config.ConfigureListener" is already configured for this context. The duplicate definition has been ignored.  
07:51:24.337 INFOS [com.sun.faces.config.ConfigureListener contextInitialized] - Initialisation de Mojarra 2.2.4 ( 20131003-1354 https://svn.java.net/svn/mojarra~svn/tags/2.2.4@12574) pour le contexte «/Quartis-OptimaCjj»  
07:51:47.004 INFOS [org.primefaces.webapp.PostConstructApplicationEventListener processEvent] - Running on PrimeFaces 5.3  
07:51:47.004 INFOS [org.primefaces.extensions.application.PostConstructApplicationEventListener processEvent] - Running on PrimeFaces Extensions 4.0.0  
07:52:00.701 INFOS [org.apache.catalina.startup.HostConfig deployWAR] - Déploiement de l'archive Quartis-OptimaTml.war de l'application web  
07:52:01.980 INFOS [org.apache.catalina.core.StandardContext addApplicationListener] - The listener "com.sun.faces.config.ConfigureListener" is already configured for this context. The duplicate definition has been ignored.  
07:52:01.996 INFOS [org.apache.catalina.core.StandardContext addApplicationListener] - The listener "com.sun.faces.config.ConfigureListener" is already configured for this context. The duplicate definition has been ignored.  
07:52:02.323 INFOS [com.sun.faces.config.ConfigureListener contextInitialized] - Initialisation de Mojarra 2.2.4 ( 20131003-1354 https://svn.java.net/svn/mojarra~svn/tags/2.2.4@12574) pour le contexte «/Quartis-OptimaTml»  
07:52:06.489 INFOS [org.primefaces.webapp.PostConstructApplicationEventListener processEvent] - Running on PrimeFaces 5.0  
07:52:06.489 INFOS [org.primefaces.extensions.application.PostConstructApplicationEventListener processEvent] - Running on PrimeFaces Extensions 2.0.0  
07:52:13.321 INFOS [org.apache.catalina.startup.HostConfig deployDirectory] - Déploiement du répertoire docs de l'application web  
07:52:13.399 INFOS [org.apache.catalina.startup.HostConfig deployDirectory] - Déploiement du répertoire examples de l'application web  
07:52:13.961 INFOS [org.apache.catalina.startup.HostConfig deployDirectory] - Déploiement du répertoire ROOT de l'application web  
07:52:14.039 INFOS [org.apache.coyote.http11.Http11NioProtocol start] - Démarrage de Coyote HTTP/1.1 sur http-8383  
07:52:14.101 INFOS [org.apache.coyote.ajp.AjpAprProtocol start] - Starting Coyote AJP/1.3 on ajp-8309  
07:52:14.117 INFOS [org.apache.catalina.startup.Catalina start] - Server startup in 134078 ms  
