10:21:40.642 INFOS [org.apache.catalina.core.AprLifecycleListener init] - Loaded APR based Apache Tomcat Native library 1.1.20.  
10:21:40.642 INFOS [org.apache.catalina.core.AprLifecycleListener init] - APR capabilities: IPv6 [true], sendfile [true], accept filters [false], random [true].  
10:21:42.124 INFOS [org.apache.tomcat.util.net.NioSelectorPool getSharedSelector] - Using a shared selector for servlet write/read  
10:21:42.139 INFOS [org.apache.coyote.http11.Http11NioProtocol init] - Initialisation de Coyote HTTP/1.1 sur http-8383  
10:21:42.155 INFOS [org.apache.coyote.ajp.AjpAprProtocol init] - Initializing Coyote AJP/1.3 on ajp-8309  
10:21:42.155 INFOS [org.apache.catalina.startup.Catalina load] - Initialization processed in 2093 ms  
10:21:42.233 INFOS [org.apache.catalina.core.StandardService start] - Démarrage du service Catalina  
10:21:42.233 INFOS [org.apache.catalina.core.StandardEngine start] - Starting Servlet Engine: Apache Tomcat/6.0.29  
10:21:42.264 INFOS [org.apache.catalina.startup.HostConfig deployWAR] - Déploiement de l'archive Quartis-Dictionary.war de l'application web  
10:21:43.621 INFOS [org.apache.catalina.loader.WebappClassLoader validateJarFile] - validateJarFile(C:\Osys\QuartisTools\Tomcat\webapps\Quartis-Dictionary\WEB-INF\lib\servlet-api.jar) - jar not loaded. See Servlet Spec 2.3, section 9.7.2. Offending class: javax/servlet/Servlet.class  
10:21:43.965 INFOS [org.apache.catalina.startup.HostConfig deployWAR] - Déploiement de l'archive Quartis-LicenceWeb.war de l'application web  
10:21:44.121 INFOS [org.apache.catalina.startup.HostConfig deployWAR] - Déploiement de l'archive Quartis-OptimaCjj.war de l'application web  
10:21:46.180 INFOS [org.apache.catalina.core.StandardContext addApplicationListener] - The listener "com.sun.faces.config.ConfigureListener" is already configured for this context. The duplicate definition has been ignored.  
10:21:46.180 INFOS [org.apache.catalina.core.StandardContext addApplicationListener] - The listener "com.sun.faces.config.ConfigureListener" is already configured for this context. The duplicate definition has been ignored.  
10:21:46.351 INFOS [com.sun.faces.config.ConfigureListener contextInitialized] - Initialisation de Mojarra 2.2.4 ( 20131003-1354 https://svn.java.net/svn/mojarra~svn/tags/2.2.4@12574) pour le contexte «/Quartis-OptimaCjj»  
10:21:51.609 INFOS [org.primefaces.webapp.PostConstructApplicationEventListener processEvent] - Running on PrimeFaces 5.3  
10:21:51.609 INFOS [org.primefaces.extensions.application.PostConstructApplicationEventListener processEvent] - Running on PrimeFaces Extensions 4.0.0  
10:21:56.164 GRAVE [org.apache.catalina.core.StandardContext start] - Error listenerStart  
10:21:56.164 GRAVE [org.apache.catalina.core.StandardContext start] - Erreur de démarrage du contexte [/Quartis-OptimaCjj] suite aux erreurs précédentes  
10:21:56.179 GRAVE [org.apache.catalina.loader.WebappClassLoader clearReferencesJdbc] - The web application [/Quartis-OptimaCjj] registered the JBDC driver [net.sourceforge.jtds.jdbc.Driver] but failed to unregister it when the web application was stopped. To prevent a memory leak, the JDBC Driver has been forcibly unregistered.  
10:21:56.710 INFOS [org.apache.catalina.startup.HostConfig deployWAR] - Déploiement de l'archive Quartis-OptimaCorrection.war de l'application web  
10:22:00.657 INFOS [com.sun.faces.config.ConfigureListener contextInitialized] - Initializing Sun's JavaServer Faces implementation (1.2_04-b20-p03) for context '/Quartis-OptimaCorrection'  
10:22:02.264 INFOS [org.apache.catalina.startup.HostConfig deployWAR] - Déploiement de l'archive Quartis-OptimaTml.war de l'application web  
10:22:03.980 INFOS [org.apache.catalina.core.StandardContext addApplicationListener] - The listener "com.sun.faces.config.ConfigureListener" is already configured for this context. The duplicate definition has been ignored.  
10:22:03.980 INFOS [org.apache.catalina.core.StandardContext addApplicationListener] - The listener "com.sun.faces.config.ConfigureListener" is already configured for this context. The duplicate definition has been ignored.  
10:22:04.120 INFOS [com.sun.faces.config.ConfigureListener contextInitialized] - Initialisation de Mojarra 2.2.4 ( 20131003-1354 https://svn.java.net/svn/mojarra~svn/tags/2.2.4@12574) pour le contexte «/Quartis-OptimaTml»  
10:22:06.304 INFOS [org.primefaces.webapp.PostConstructApplicationEventListener processEvent] - Running on PrimeFaces 5.0  
10:22:06.304 INFOS [org.primefaces.extensions.application.PostConstructApplicationEventListener processEvent] - Running on PrimeFaces Extensions 2.0.0  
10:22:10.547 INFOS [org.apache.catalina.startup.HostConfig deployWAR] - Déploiement de l'archive Quartis-Web.war de l'application web  
10:22:17.427 INFOS [com.sun.faces.config.ConfigureListener contextInitialized] - Initializing Sun's JavaServer Faces implementation (1.2_04-b20-p03) for context '/Quartis-Web'  
10:22:22.668 INFOS [org.apache.catalina.startup.HostConfig deployDirectory] - Déploiement du répertoire docs de l'application web  
10:22:22.700 INFOS [org.apache.catalina.startup.HostConfig deployDirectory] - Déploiement du répertoire examples de l'application web  
10:22:22.965 INFOS [org.apache.catalina.startup.HostConfig deployDirectory] - Déploiement du répertoire host-manager de l'application web  
10:22:23.027 INFOS [org.apache.catalina.startup.HostConfig deployDirectory] - Déploiement du répertoire manager de l'application web  
10:22:23.090 INFOS [org.apache.catalina.startup.HostConfig deployDirectory] - Déploiement du répertoire ROOT de l'application web  
10:22:23.168 INFOS [org.apache.coyote.http11.Http11NioProtocol start] - Démarrage de Coyote HTTP/1.1 sur http-8383  
10:22:23.199 INFOS [org.apache.coyote.ajp.AjpAprProtocol start] - Starting Coyote AJP/1.3 on ajp-8309  
10:22:23.214 INFOS [org.apache.catalina.startup.Catalina start] - Server startup in 41060 ms  
10:22:31.326 INFOS [org.apache.coyote.http11.Http11NioProtocol pause] - Suspension de Coyote HTTP/1.1 sur http-8383  
10:22:31.326 INFOS [org.apache.coyote.ajp.AjpAprProtocol pause] - Pausing Coyote AJP/1.3 on ajp-8309  
10:22:32.340 INFOS [org.apache.catalina.core.StandardService stop] - Arrêt du service Catalina  
10:22:32.418 GRAVE [org.apache.catalina.loader.WebappClassLoader clearReferencesJdbc] - The web application [/Quartis-OptimaTml] registered the JBDC driver [net.sourceforge.jtds.jdbc.Driver] but failed to unregister it when the web application was stopped. To prevent a memory leak, the JDBC Driver has been forcibly unregistered.  
10:22:32.418 GRAVE [org.apache.catalina.loader.WebappClassLoader clearReferencesThreads] - The web application [/Quartis-OptimaTml] appears to have started a thread named [schedulerBean_Worker-1] but has failed to stop it. This is very likely to create a memory leak.  
10:22:32.418 GRAVE [org.apache.catalina.loader.WebappClassLoader clearReferencesThreads] - The web application [/Quartis-OptimaTml] appears to have started a thread named [schedulerBean_Worker-2] but has failed to stop it. This is very likely to create a memory leak.  
10:22:32.418 GRAVE [org.apache.catalina.loader.WebappClassLoader clearReferencesThreads] - The web application [/Quartis-OptimaTml] appears to have started a thread named [schedulerBean_Worker-3] but has failed to stop it. This is very likely to create a memory leak.  
10:22:32.418 GRAVE [org.apache.catalina.loader.WebappClassLoader clearReferencesThreads] - The web application [/Quartis-OptimaTml] appears to have started a thread named [schedulerBean_Worker-4] but has failed to stop it. This is very likely to create a memory leak.  
10:22:32.418 GRAVE [org.apache.catalina.loader.WebappClassLoader clearReferencesThreads] - The web application [/Quartis-OptimaTml] appears to have started a thread named [schedulerBean_Worker-5] but has failed to stop it. This is very likely to create a memory leak.  
10:22:32.434 GRAVE [org.apache.catalina.loader.WebappClassLoader clearReferencesThreads] - The web application [/Quartis-OptimaTml] appears to have started a thread named [schedulerBean_Worker-6] but has failed to stop it. This is very likely to create a memory leak.  
10:22:32.434 GRAVE [org.apache.catalina.loader.WebappClassLoader clearReferencesThreads] - The web application [/Quartis-OptimaTml] appears to have started a thread named [schedulerBean_Worker-7] but has failed to stop it. This is very likely to create a memory leak.  
10:22:32.434 GRAVE [org.apache.catalina.loader.WebappClassLoader clearReferencesThreads] - The web application [/Quartis-OptimaTml] appears to have started a thread named [schedulerBean_Worker-8] but has failed to stop it. This is very likely to create a memory leak.  
10:22:32.434 GRAVE [org.apache.catalina.loader.WebappClassLoader clearReferencesThreads] - The web application [/Quartis-OptimaTml] appears to have started a thread named [schedulerBean_Worker-9] but has failed to stop it. This is very likely to create a memory leak.  
10:22:32.434 GRAVE [org.apache.catalina.loader.WebappClassLoader clearReferencesThreads] - The web application [/Quartis-OptimaTml] appears to have started a thread named [schedulerBean_Worker-10] but has failed to stop it. This is very likely to create a memory leak.  
10:22:35.414 GRAVE [org.apache.catalina.loader.WebappClassLoader clearReferencesJdbc] - The web application [/Quartis-Web] registered the JBDC driver [net.sourceforge.jtds.jdbc.Driver] but failed to unregister it when the web application was stopped. To prevent a memory leak, the JDBC Driver has been forcibly unregistered.  
10:22:35.414 GRAVE [org.apache.catalina.loader.WebappClassLoader clearReferencesThreads] - The web application [/Quartis-Web] appears to have started a thread named [Timer-0] but has failed to stop it. This is very likely to create a memory leak.  
10:22:37.254 GRAVE [org.apache.catalina.loader.WebappClassLoader clearReferencesThreads] - The web application [/Quartis-OptimaCorrection] appears to have started a thread named [Session Monitor] but has failed to stop it. This is very likely to create a memory leak.  
10:22:37.270 GRAVE [org.apache.catalina.loader.WebappClassLoader clearReferencesThreads] - The web application [/Quartis-OptimaCorrection] appears to have started a thread named [Monitor Runner] but has failed to stop it. This is very likely to create a memory leak.  
10:22:37.925 INFOS [org.apache.coyote.http11.Http11NioProtocol destroy] - Arrêt de Coyote HTTP/1.1 sur http-8383  
10:22:39.048 INFOS [org.apache.coyote.ajp.AjpAprProtocol destroy] - Stopping Coyote AJP/1.3 on ajp-8309  
10:39:31.662 INFOS [org.apache.catalina.core.AprLifecycleListener init] - Loaded APR based Apache Tomcat Native library 1.1.20.  
10:39:31.662 INFOS [org.apache.catalina.core.AprLifecycleListener init] - APR capabilities: IPv6 [true], sendfile [true], accept filters [false], random [true].  
10:39:32.910 INFOS [org.apache.tomcat.util.net.NioSelectorPool getSharedSelector] - Using a shared selector for servlet write/read  
10:39:32.926 INFOS [org.apache.coyote.http11.Http11NioProtocol init] - Initialisation de Coyote HTTP/1.1 sur http-8383  
10:39:32.941 INFOS [org.apache.coyote.ajp.AjpAprProtocol init] - Initializing Coyote AJP/1.3 on ajp-8309  
10:39:32.941 INFOS [org.apache.catalina.startup.Catalina load] - Initialization processed in 1699 ms  
10:39:33.004 INFOS [org.apache.catalina.core.StandardService start] - Démarrage du service Catalina  
10:39:33.004 INFOS [org.apache.catalina.core.StandardEngine start] - Starting Servlet Engine: Apache Tomcat/6.0.29  
10:39:33.019 INFOS [org.apache.catalina.startup.HostConfig deployDescriptor] - Déploiement du descripteur de configuration host-manager.xml  
10:39:33.472 INFOS [org.apache.catalina.startup.HostConfig deployDescriptor] - Déploiement du descripteur de configuration manager.xml  
10:39:33.597 INFOS [org.apache.catalina.startup.HostConfig deployDescriptor] - Déploiement du descripteur de configuration Quartis-Dictionary.xml  
10:39:33.924 INFOS [org.apache.catalina.loader.WebappClassLoader validateJarFile] - validateJarFile(C:\Osys\QuartisTools\Tomcat\webapps\Quartis-Dictionary\WEB-INF\lib\servlet-api.jar) - jar not loaded. See Servlet Spec 2.3, section 9.7.2. Offending class: javax/servlet/Servlet.class  
10:39:34.033 INFOS [org.apache.catalina.startup.HostConfig deployDescriptor] - Déploiement du descripteur de configuration Quartis-LicenceWeb.xml  
10:39:34.564 INFOS [org.apache.catalina.startup.HostConfig deployDescriptor] - Déploiement du descripteur de configuration Quartis-OptimaCorrection.xml  
10:39:35.547 INFOS [com.sun.faces.config.ConfigureListener contextInitialized] - Initializing Sun's JavaServer Faces implementation (1.2_04-b20-p03) for context '/Quartis-OptimaCorrection'  
10:39:37.606 INFOS [org.apache.catalina.startup.HostConfig deployDescriptor] - Déploiement du descripteur de configuration Quartis-Web.xml  
10:39:43.113 INFOS [com.sun.faces.config.ConfigureListener contextInitialized] - Initializing Sun's JavaServer Faces implementation (1.2_04-b20-p03) for context '/Quartis-Web'  
10:39:47.437 INFOS [org.apache.catalina.startup.HostConfig deployWAR] - Déploiement de l'archive Quartis-OptimaCjj.war de l'application web  
10:39:47.655 INFOS [org.apache.catalina.core.StandardContext addApplicationListener] - The listener "com.sun.faces.config.ConfigureListener" is already configured for this context. The duplicate definition has been ignored.  
10:39:47.655 INFOS [org.apache.catalina.core.StandardContext addApplicationListener] - The listener "com.sun.faces.config.ConfigureListener" is already configured for this context. The duplicate definition has been ignored.  
10:39:47.780 INFOS [com.sun.faces.config.ConfigureListener contextInitialized] - Initialisation de Mojarra 2.2.4 ( 20131003-1354 https://svn.java.net/svn/mojarra~svn/tags/2.2.4@12574) pour le contexte «/Quartis-OptimaCjj»  
10:39:50.510 INFOS [org.primefaces.webapp.PostConstructApplicationEventListener processEvent] - Running on PrimeFaces 5.3  
10:39:50.510 INFOS [org.primefaces.extensions.application.PostConstructApplicationEventListener processEvent] - Running on PrimeFaces Extensions 4.0.0  
10:40:12.793 INFOS [org.apache.catalina.startup.HostConfig deployWAR] - Déploiement de l'archive Quartis-OptimaTml.war de l'application web  
10:40:15.882 INFOS [org.apache.catalina.core.StandardContext addApplicationListener] - The listener "com.sun.faces.config.ConfigureListener" is already configured for this context. The duplicate definition has been ignored.  
10:40:15.882 INFOS [org.apache.catalina.core.StandardContext addApplicationListener] - The listener "com.sun.faces.config.ConfigureListener" is already configured for this context. The duplicate definition has been ignored.  
10:40:16.007 INFOS [com.sun.faces.config.ConfigureListener contextInitialized] - Initialisation de Mojarra 2.2.4 ( 20131003-1354 https://svn.java.net/svn/mojarra~svn/tags/2.2.4@12574) pour le contexte «/Quartis-OptimaTml»  
10:40:17.972 INFOS [org.primefaces.webapp.PostConstructApplicationEventListener processEvent] - Running on PrimeFaces 5.0  
10:40:17.988 INFOS [org.primefaces.extensions.application.PostConstructApplicationEventListener processEvent] - Running on PrimeFaces Extensions 2.0.0  
10:40:22.449 INFOS [org.apache.catalina.startup.HostConfig deployDirectory] - Déploiement du répertoire docs de l'application web  
10:40:22.481 INFOS [org.apache.catalina.startup.HostConfig deployDirectory] - Déploiement du répertoire examples de l'application web  
10:40:22.590 INFOS [org.apache.catalina.startup.HostConfig deployDirectory] - Déploiement du répertoire ROOT de l'application web  
10:40:22.637 INFOS [org.apache.coyote.http11.Http11NioProtocol start] - Démarrage de Coyote HTTP/1.1 sur http-8383  
10:40:22.668 INFOS [org.apache.coyote.ajp.AjpAprProtocol start] - Starting Coyote AJP/1.3 on ajp-8309  
10:40:22.683 INFOS [org.apache.catalina.startup.Catalina start] - Server startup in 49736 ms  
11:29:23.729 AVERTISSEMENT [org.apache.tomcat.util.http.Parameters processParameters] - Parameters: Invalid chunk '' ignored.  
