[2018-07-27 10:39:44] [info] Commons Daemon procrun (1.0.2.0) started
[2018-07-27 10:39:44] [info] Running Service...
[2018-07-27 10:39:44] [info] Starting service...
[2018-07-27 10:39:45] [info] Service started in 1092 ms.
[2018-07-27 10:50:15] [info] Stopping service...
[2018-07-27 10:50:18] [info] Service stopped.
[2018-07-27 10:50:18] [info] Run service finished.
[2018-07-27 10:50:18] [info] Commons Daemon procrun finished.
[2018-07-27 10:50:39] [info] Commons Daemon procrun (1.0.2.0) started
[2018-07-27 10:50:39] [info] Running Service...
[2018-07-27 10:50:39] [info] Starting service...
[2018-07-27 10:50:40] [info] Service started in 1078 ms.
[2018-07-27 13:02:28] [info] Commons Daemon procrun (1.0.2.0) started
[2018-07-27 13:02:28] [info] Running Service...
[2018-07-27 13:02:28] [info] Starting service...
[2018-07-27 13:02:35] [info] Service started in 6679 ms.
[2018-07-27 13:04:36] [info] Console SHUTDOWN event signaled
[2018-07-27 13:04:36] [info] Stopping service...
[2018-07-27 13:18:25] [info] Commons Daemon procrun (1.0.2.0) started
[2018-07-27 13:18:25] [info] Running Service...
[2018-07-27 13:18:25] [info] Starting service...
[2018-07-27 13:18:31] [info] Service started in 6414 ms.
[2018-07-27 13:22:36] [info] Stopping service...
[2018-07-27 13:22:40] [info] Service stopped.
[2018-07-27 13:22:40] [info] Run service finished.
[2018-07-27 13:22:40] [info] Commons Daemon procrun finished.
[2018-07-27 13:24:06] [info] Commons Daemon procrun (1.0.2.0) started
[2018-07-27 13:24:06] [info] Running Service...
[2018-07-27 13:24:06] [info] Starting service...
[2018-07-27 13:24:07] [info] Service started in 1092 ms.
