[2018-10-01 15:50:46] [info] Commons Daemon procrun (1.0.2.0) started
[2018-10-01 15:50:46] [info] Running Service...
[2018-10-01 15:50:46] [info] Starting service...
[2018-10-01 15:50:48] [info] Service started in 2324 ms.
[2018-10-01 16:14:47] [info] Stopping service...
[2018-10-01 16:14:54] [info] Service stopped.
[2018-10-01 16:14:54] [info] Run service finished.
[2018-10-01 16:14:55] [info] Commons Daemon procrun finished.
[2018-10-01 16:14:55] [info] Commons Daemon procrun (1.0.2.0) started
[2018-10-01 16:14:55] [info] Running Service...
[2018-10-01 16:14:55] [info] Starting service...
[2018-10-01 16:14:56] [info] Service started in 1092 ms.
[2018-10-01 18:38:36] [info] Commons Daemon procrun (1.0.2.0) started
[2018-10-01 18:38:36] [info] Running Service...
[2018-10-01 18:38:36] [info] Starting service...
[2018-10-01 18:38:38] [info] Service started in 2028 ms.
[2018-10-01 18:52:28] [info] Stopping service...
[2018-10-01 18:52:32] [info] Service stopped.
[2018-10-01 18:52:32] [info] Run service finished.
[2018-10-01 18:52:32] [info] Commons Daemon procrun finished.
[2018-10-01 18:53:28] [info] Commons Daemon procrun (1.0.2.0) started
[2018-10-01 18:53:28] [info] Running Service...
[2018-10-01 18:53:28] [info] Starting service...
[2018-10-01 18:53:29] [info] Service started in 1080 ms.
[2018-10-01 19:00:22] [info] Stopping service...
[2018-10-01 19:00:25] [info] Service stopped.
[2018-10-01 19:00:25] [info] Run service finished.
[2018-10-01 19:00:25] [info] Commons Daemon procrun finished.
[2018-10-01 19:00:26] [info] Commons Daemon procrun (1.0.2.0) started
[2018-10-01 19:00:26] [info] Running Service...
[2018-10-01 19:00:26] [info] Starting service...
[2018-10-01 19:00:27] [info] Service started in 1092 ms.
[2018-10-02 09:59:03] [info] Stopping service...
[2018-10-02 09:59:07] [info] Service stopped.
[2018-10-02 09:59:07] [info] Run service finished.
[2018-10-02 09:59:07] [info] Commons Daemon procrun finished.
[2018-10-01 16:43:31] [info] Commons Daemon procrun (1.0.2.0) started
[2018-10-01 16:43:31] [info] Running Service...
[2018-10-01 16:43:31] [info] Starting service...
[2018-10-01 16:43:32] [info] Service started in 1095 ms.
[2018-10-01 16:45:00] [info] Stopping service...
[2018-10-01 16:45:04] [info] Service stopped.
[2018-10-01 16:45:04] [info] Run service finished.
[2018-10-01 16:45:04] [info] Commons Daemon procrun finished.
[2018-10-01 16:45:27] [info] Commons Daemon procrun (1.0.2.0) started
[2018-10-01 16:45:27] [info] Running Service...
[2018-10-01 16:45:27] [info] Starting service...
[2018-10-01 16:45:29] [info] Service started in 1116 ms.
[2018-11-14 10:08:53] [info] Stopping service...
[2018-11-14 10:09:09] [info] Service stopped.
[2018-11-14 10:09:09] [info] Run service finished.
[2018-11-14 10:09:09] [info] Commons Daemon procrun finished.
