[2019-02-28 09:57:59] [info] Commons Daemon procrun (1.0.2.0) started
[2019-02-28 09:57:59] [info] Service QuartisTomcat name Apache Tomcat QuartisTomcat
[2019-02-28 09:57:59] [info] Service QuartisTomcat installed
[2019-02-28 09:57:59] [info] Commons Daemon procrun finished.
[2019-02-28 09:57:59] [info] Commons Daemon procrun (1.0.2.0) started
[2019-02-28 09:57:59] [info] Updating service...
[2019-02-28 09:57:59] [info] Service QuartisTomcat updated
[2019-02-28 09:57:59] [info] Update service finished.
[2019-02-28 09:57:59] [info] Commons Daemon procrun finished.
[2019-02-28 09:58:00] [info] Commons Daemon procrun (1.0.2.0) started
[2019-02-28 09:58:00] [info] Updating service...
[2019-02-28 09:58:00] [info] Service QuartisTomcat updated
[2019-02-28 09:58:00] [info] Update service finished.
[2019-02-28 09:58:00] [info] Commons Daemon procrun finished.
[2019-02-28 10:21:35] [info] Commons Daemon procrun (1.0.2.0) started
[2019-02-28 10:21:35] [info] Running Service...
[2019-02-28 10:21:35] [info] Starting service...
[2019-02-28 10:21:37] [info] Service started in 1840 ms.
[2019-02-28 10:22:31] [info] Stopping service...
[2019-02-28 10:22:39] [info] Service stopped.
[2019-02-28 10:22:39] [info] Run service finished.
[2019-02-28 10:22:39] [info] Commons Daemon procrun finished.
[2019-02-28 10:39:30] [info] Commons Daemon procrun (1.0.2.0) started
[2019-02-28 10:39:30] [info] Running Service...
[2019-02-28 10:39:30] [info] Starting service...
[2019-02-28 10:39:32] [info] Service started in 1232 ms.
[2019-03-02 12:00:43] [info] Console SHUTDOWN event signaled
[2019-03-02 12:00:43] [info] Stopping service...
[2019-03-02 12:01:16] [info] Service stopped.
[2019-03-02 12:01:16] [info] Run service finished.
[2019-03-02 12:01:17] [info] Commons Daemon procrun finished.
