[2019-02-25 15:23:09] [info] Commons Daemon procrun (1.0.2.0) started
[2019-02-25 15:23:09] [info] Running Service...
[2019-02-25 15:23:09] [info] Starting service...
[2019-02-25 15:23:10] [info] Service started in 1092 ms.
[2019-02-25 15:48:49] [info] Stopping service...
[2019-02-25 15:48:53] [info] Service stopped.
[2019-02-25 15:48:53] [info] Run service finished.
[2019-02-25 15:48:53] [info] Commons Daemon procrun finished.
[2019-02-25 15:58:52] [info] Commons Daemon procrun (1.0.2.0) started
[2019-02-25 15:58:52] [info] Running Service...
[2019-02-25 15:58:52] [info] Starting service...
[2019-02-25 15:58:53] [info] Service started in 1099 ms.
[2019-02-25 17:28:59] [info] Stopping service...
[2019-02-25 17:29:13] [info] Service stopped.
[2019-02-25 17:29:13] [info] Run service finished.
[2019-02-25 17:29:13] [info] Commons Daemon procrun finished.
[2019-02-25 17:29:14] [info] Commons Daemon procrun (1.0.2.0) started
[2019-02-25 17:29:14] [info] Running Service...
[2019-02-25 17:29:14] [info] Starting service...
[2019-02-25 17:29:15] [info] Service started in 1092 ms.
[2019-02-26 09:10:40] [info] Stopping service...
[2019-02-26 09:10:46] [info] Service stopped.
[2019-02-26 09:10:46] [info] Run service finished.
[2019-02-26 09:10:46] [info] Commons Daemon procrun finished.
