[2018-10-11 11:22:21] [info] Commons Daemon procrun (1.0.2.0) started
[2018-10-11 11:22:21] [info] Running Service...
[2018-10-11 11:22:22] [info] Starting service...
[2018-10-11 11:22:29] [info] Service started in 7415 ms.
[2018-10-11 11:32:12] [info] Commons Daemon procrun (1.0.2.0) started
[2018-10-11 11:32:12] [info] Running Service...
[2018-10-11 11:32:12] [info] Starting service...
[2018-10-11 11:32:13] [info] Service started in 1419 ms.
[2018-10-11 11:42:47] [info] Commons Daemon procrun (1.0.2.0) started
[2018-10-11 11:42:47] [info] Running Service...
[2018-10-11 11:42:47] [info] Starting service...
[2018-10-11 11:42:49] [info] Service started in 1388 ms.
[2018-10-11 18:27:42] [info] Console SHUTDOWN event signaled
[2018-10-11 18:27:42] [info] Stopping service...
[2018-10-11 18:27:54] [info] Service stopped.
[2018-10-11 18:27:54] [info] Run service finished.
[2018-10-11 18:27:54] [info] Commons Daemon procrun finished.
[2018-10-11 18:29:24] [info] Commons Daemon procrun (1.0.2.0) started
[2018-10-11 18:29:24] [info] Running Service...
[2018-10-11 18:29:24] [info] Starting service...
[2018-10-11 18:29:31] [info] Service started in 6270 ms.
