[2019-03-29 16:03:00] [info] Commons Daemon procrun (1.0.2.0) started
[2019-03-29 16:03:00] [info] Running Service...
[2019-03-29 16:03:00] [info] Starting service...
[2019-03-29 16:03:10] [info] Service started in 10202 ms.
[2019-03-29 16:07:03] [info] Stopping service...
[2019-03-29 16:07:12] [info] Service stopped.
[2019-03-29 16:07:12] [info] Run service finished.
[2019-03-29 16:07:12] [info] Commons Daemon procrun finished.
[2019-03-29 16:07:51] [info] Commons Daemon procrun (1.0.2.0) started
[2019-03-29 16:07:51] [info] Running Service...
[2019-03-29 16:07:51] [info] Starting service...
[2019-03-29 16:07:53] [info] Service started in 1248 ms.
[2019-03-29 16:22:00] [info] Stopping service...
[2019-03-29 16:22:07] [info] Service stopped.
[2019-03-29 16:22:07] [info] Run service finished.
[2019-03-29 16:22:07] [info] Commons Daemon procrun finished.
[2019-03-29 16:22:35] [info] Commons Daemon procrun (1.0.2.0) started
[2019-03-29 16:22:35] [info] Running Service...
[2019-03-29 16:22:35] [info] Starting service...
[2019-03-29 16:22:37] [info] Service started in 1248 ms.
[2019-03-30 12:00:39] [info] Console SHUTDOWN event signaled
[2019-03-30 12:00:39] [info] Stopping service...
[2019-03-30 12:01:03] [info] Service stopped.
[2019-03-30 12:01:04] [info] Run service finished.
[2019-03-30 12:01:04] [info] Commons Daemon procrun finished.
