[2018-10-29 14:38:33] [info] Commons Daemon procrun (1.0.2.0) started
[2018-10-29 14:38:33] [info] Running Service...
[2018-10-29 14:38:33] [info] Starting service...
[2018-10-29 14:38:34] [info] Service started in 1079 ms.
[2018-10-29 14:48:29] [info] Stopping service...
[2018-10-29 14:48:32] [info] Service stopped.
[2018-10-29 14:48:32] [info] Run service finished.
[2018-10-29 14:48:32] [info] Commons Daemon procrun finished.
[2018-10-29 14:48:33] [info] Commons Daemon procrun (1.0.2.0) started
[2018-10-29 14:48:33] [info] Running Service...
[2018-10-29 14:48:33] [info] Starting service...
[2018-10-29 14:48:34] [info] Service started in 1079 ms.
[2018-10-29 16:56:48] [info] Commons Daemon procrun (1.0.2.0) started
[2018-10-29 16:56:48] [info] Running Service...
[2018-10-29 16:56:48] [info] Starting service...
[2018-10-29 16:56:53] [info] Service started in 4617 ms.
[2018-10-29 17:32:43] [info] Stopping service...
[2018-10-29 17:32:50] [info] Service stopped.
[2018-10-29 17:32:51] [info] Run service finished.
[2018-10-29 17:32:51] [info] Commons Daemon procrun finished.
[2018-10-29 17:32:52] [info] Commons Daemon procrun (1.0.2.0) started
[2018-10-29 17:32:52] [info] Running Service...
[2018-10-29 17:32:52] [info] Starting service...
[2018-10-29 17:32:53] [info] Service started in 1079 ms.
[2018-10-29 17:57:41] [info] Stopping service...
[2018-10-29 17:57:49] [info] Service stopped.
[2018-10-29 17:57:49] [info] Run service finished.
[2018-10-29 17:57:49] [info] Commons Daemon procrun finished.
[2018-10-29 18:00:34] [info] Commons Daemon procrun (1.0.2.0) started
[2018-10-29 18:00:34] [info] Running Service...
[2018-10-29 18:00:34] [info] Starting service...
[2018-10-29 18:00:35] [info] Service started in 1083 ms.
[2018-10-29 16:36:28] [info] Commons Daemon procrun (1.0.2.0) started
[2018-10-29 16:36:28] [info] Running Service...
[2018-10-29 16:36:28] [info] Starting service...
[2018-10-29 16:36:29] [info] Service started in 1083 ms.
[2018-10-29 16:37:27] [info] Stopping service...
[2018-10-29 16:37:31] [info] Service stopped.
[2018-10-29 16:37:31] [info] Run service finished.
[2018-10-29 16:37:31] [info] Commons Daemon procrun finished.
[2018-10-29 16:38:19] [info] Commons Daemon procrun (1.0.2.0) started
[2018-10-29 16:38:19] [info] Running Service...
[2018-10-29 16:38:19] [info] Starting service...
[2018-10-29 16:38:21] [info] Service started in 1332 ms.
[2018-10-29 16:42:49] [info] Stopping service...
[2018-10-29 16:42:53] [info] Service stopped.
[2018-10-29 16:42:53] [info] Run service finished.
[2018-10-29 16:42:53] [info] Commons Daemon procrun finished.
