[2019-03-08 12:14:59] [info] Commons Daemon procrun (1.0.2.0) started
[2019-03-08 12:14:59] [info] Running Service...
[2019-03-08 12:14:59] [info] Starting service...
[2019-03-08 12:15:07] [info] Service started in 8130 ms.
[2019-03-08 12:20:39] [info] Console SHUTDOWN event signaled
[2019-03-08 12:20:39] [info] Stopping service...
[2019-03-08 12:20:45] [info] Service stopped.
[2019-03-08 12:20:45] [info] Run service finished.
[2019-03-08 12:20:46] [info] Commons Daemon procrun finished.
[2019-03-08 12:24:28] [info] Commons Daemon procrun (1.0.2.0) started
[2019-03-08 12:24:29] [info] Running Service...
[2019-03-08 12:24:29] [info] Starting service...
[2019-03-08 12:24:36] [info] Service started in 7647 ms.
[2019-03-08 12:27:26] [info] Stopping service...
[2019-03-08 12:27:31] [info] Service stopped.
[2019-03-08 12:27:31] [info] Run service finished.
[2019-03-08 12:27:31] [info] Commons Daemon procrun finished.
[2019-03-08 12:27:32] [info] Commons Daemon procrun (1.0.2.0) started
[2019-03-08 12:27:32] [info] Running Service...
[2019-03-08 12:27:32] [info] Starting service...
[2019-03-08 12:27:33] [info] Service started in 1079 ms.
[2019-03-08 12:28:58] [info] Console SHUTDOWN event signaled
[2019-03-08 12:28:58] [info] Stopping service...
[2019-03-08 12:29:03] [info] Service stopped.
[2019-03-08 12:29:03] [info] Run service finished.
[2019-03-08 12:29:03] [info] Commons Daemon procrun finished.
[2019-03-08 12:31:02] [info] Commons Daemon procrun (1.0.2.0) started
[2019-03-08 12:31:02] [info] Running Service...
[2019-03-08 12:31:02] [info] Starting service...
[2019-03-08 12:31:16] [info] Service started in 14367 ms.
[2019-03-08 12:34:04] [info] Stopping service...
[2019-03-08 12:34:09] [info] Service stopped.
[2019-03-08 12:34:09] [info] Run service finished.
[2019-03-08 12:34:09] [info] Commons Daemon procrun finished.
[2019-03-08 12:34:09] [info] Commons Daemon procrun (1.0.2.0) started
[2019-03-08 12:34:09] [info] Running Service...
[2019-03-08 12:34:09] [info] Starting service...
[2019-03-08 12:34:11] [info] Service started in 1080 ms.
[2019-03-08 12:34:16] [info] Stopping service...
[2019-03-08 12:34:26] [info] Commons Daemon procrun (1.0.2.0) started
[2019-03-08 12:34:26] [info] Running Service...
[2019-03-08 12:34:26] [info] Starting service...
[2019-03-08 12:34:27] [info] Service started in 1080 ms.
[2019-03-08 12:45:37] [info] Stopping service...
[2019-03-08 12:45:41] [info] Service stopped.
[2019-03-08 12:45:41] [info] Run service finished.
[2019-03-08 12:45:41] [info] Commons Daemon procrun finished.
[2019-03-08 12:45:41] [info] Commons Daemon procrun (1.0.2.0) started
[2019-03-08 12:45:41] [info] Running Service...
[2019-03-08 12:45:41] [info] Starting service...
[2019-03-08 12:45:42] [info] Service started in 1079 ms.
[2019-03-08 14:47:01] [info] Stopping service...
[2019-03-08 14:47:04] [info] Service stopped.
[2019-03-08 14:47:04] [info] Run service finished.
[2019-03-08 14:47:04] [info] Commons Daemon procrun finished.
[2019-03-08 14:47:05] [info] Commons Daemon procrun (1.0.2.0) started
[2019-03-08 14:47:05] [info] Running Service...
[2019-03-08 14:47:05] [info] Starting service...
[2019-03-08 14:47:06] [info] Service started in 1080 ms.
