[2019-03-11 09:09:41] [info] Commons Daemon procrun (1.0.2.0) started
[2019-03-11 09:09:41] [info] Running Service...
[2019-03-11 09:09:41] [info] Starting service...
[2019-03-11 09:09:53] [info] Service started in 10782 ms.
[2019-03-11 09:24:06] [info] Stopping service...
[2019-03-11 09:24:11] [info] Service stopped.
[2019-03-11 09:24:11] [info] Run service finished.
[2019-03-11 09:24:11] [info] Commons Daemon procrun finished.
[2019-03-11 09:28:42] [info] Commons Daemon procrun (1.0.2.0) started
[2019-03-11 09:28:42] [info] Running Service...
[2019-03-11 09:28:42] [info] Starting service...
[2019-03-11 09:28:43] [info] Service started in 1081 ms.
[2019-03-11 09:43:45] [info] Stopping service...
[2019-03-11 09:43:48] [info] Service stopped.
[2019-03-11 09:43:48] [info] Run service finished.
[2019-03-11 09:43:48] [info] Commons Daemon procrun finished.
[2019-03-11 09:50:57] [info] Commons Daemon procrun (1.0.2.0) started
[2019-03-11 09:50:57] [info] Running Service...
[2019-03-11 09:50:57] [info] Starting service...
[2019-03-11 09:50:59] [info] Service started in 1081 ms.
[2019-03-11 10:05:25] [info] Stopping service...
[2019-03-11 10:05:29] [info] Service stopped.
[2019-03-11 10:05:29] [info] Run service finished.
[2019-03-11 10:05:29] [info] Commons Daemon procrun finished.
[2019-03-11 10:13:34] [info] Commons Daemon procrun (1.0.2.0) started
[2019-03-11 10:13:34] [info] Running Service...
[2019-03-11 10:13:34] [info] Starting service...
[2019-03-11 10:13:35] [info] Service started in 1080 ms.
[2019-03-11 16:00:45] [info] Stopping service...
[2019-03-11 16:00:49] [info] Service stopped.
[2019-03-11 16:00:49] [info] Run service finished.
[2019-03-11 16:00:49] [info] Commons Daemon procrun finished.
[2019-03-11 16:14:47] [info] Commons Daemon procrun (1.0.2.0) started
[2019-03-11 16:14:47] [info] Running Service...
[2019-03-11 16:14:47] [info] Starting service...
[2019-03-11 16:14:48] [info] Service started in 1082 ms.
[2019-03-11 16:15:50] [info] Stopping service...
[2019-03-11 16:15:53] [info] Service stopped.
[2019-03-11 16:15:54] [info] Run service finished.
[2019-03-11 16:15:54] [info] Commons Daemon procrun finished.
[2019-03-11 16:22:27] [info] Commons Daemon procrun (1.0.2.0) started
[2019-03-11 16:22:28] [info] Running Service...
[2019-03-11 16:22:28] [info] Starting service...
[2019-03-11 16:22:37] [info] Service started in 8848 ms.
[2019-03-11 16:35:26] [info] Stopping service...
[2019-03-11 16:35:30] [info] Service stopped.
[2019-03-11 16:35:30] [info] Run service finished.
[2019-03-11 16:35:30] [info] Commons Daemon procrun finished.
[2019-03-11 16:35:41] [info] Commons Daemon procrun (1.0.2.0) started
[2019-03-11 16:35:41] [info] Running Service...
[2019-03-11 16:35:41] [info] Starting service...
[2019-03-11 16:35:42] [info] Service started in 1081 ms.
[2019-03-11 16:38:02] [info] Stopping service...
[2019-03-11 16:38:05] [info] Service stopped.
[2019-03-11 16:38:05] [info] Run service finished.
[2019-03-11 16:38:05] [info] Commons Daemon procrun finished.
[2019-03-11 17:45:55] [info] Commons Daemon procrun (1.0.2.0) started
[2019-03-11 17:45:55] [info] Running Service...
[2019-03-11 17:45:55] [info] Starting service...
[2019-03-11 17:45:56] [info] Service started in 1079 ms.
[2019-03-11 17:49:04] [info] Stopping service...
[2019-03-11 17:49:08] [info] Service stopped.
[2019-03-11 17:49:08] [info] Run service finished.
[2019-03-11 17:49:08] [info] Commons Daemon procrun finished.
[2019-03-11 17:51:53] [info] Commons Daemon procrun (1.0.2.0) started
[2019-03-11 17:51:53] [info] Running Service...
[2019-03-11 17:51:53] [info] Starting service...
[2019-03-11 17:51:54] [info] Service started in 1085 ms.
[2019-03-11 17:53:54] [info] Stopping service...
[2019-03-11 17:53:58] [info] Service stopped.
[2019-03-11 17:53:58] [info] Run service finished.
[2019-03-11 17:53:58] [info] Commons Daemon procrun finished.
[2019-03-11 18:12:00] [info] Commons Daemon procrun (1.0.2.0) started
[2019-03-11 18:12:00] [info] Running Service...
[2019-03-11 18:12:00] [info] Starting service...
[2019-03-11 18:12:02] [info] Service started in 1084 ms.
[2019-03-11 18:14:08] [info] Stopping service...
[2019-03-11 18:14:12] [info] Service stopped.
[2019-03-11 18:14:12] [info] Run service finished.
[2019-03-11 18:14:12] [info] Commons Daemon procrun finished.
[2019-03-11 18:31:05] [info] Commons Daemon procrun (1.0.2.0) started
[2019-03-11 18:31:05] [info] Running Service...
[2019-03-11 18:31:05] [info] Starting service...
[2019-03-11 18:31:06] [info] Service started in 1087 ms.
[2019-03-11 18:40:27] [info] Stopping service...
[2019-03-11 18:40:31] [info] Service stopped.
[2019-03-11 18:40:31] [info] Run service finished.
[2019-03-11 18:40:31] [info] Commons Daemon procrun finished.
[2019-03-11 18:43:45] [info] Commons Daemon procrun (1.0.2.0) started
[2019-03-11 18:43:45] [info] Running Service...
[2019-03-11 18:43:45] [info] Starting service...
[2019-03-11 18:43:46] [info] Service started in 1080 ms.
[2019-03-12 09:16:07] [info] Stopping service...
[2019-03-12 09:16:12] [info] Service stopped.
[2019-03-12 09:16:12] [info] Run service finished.
[2019-03-12 09:16:12] [info] Commons Daemon procrun finished.
