[2018-10-08 11:03:18] [info] Commons Daemon procrun (1.0.2.0) started
[2018-10-08 11:03:18] [info] Running Service...
[2018-10-08 11:03:18] [info] Starting service...
[2018-10-08 11:03:20] [info] Service started in 1825 ms.
[2018-10-08 11:09:57] [info] Stopping service...
[2018-10-08 11:10:00] [info] Service stopped.
[2018-10-08 11:10:00] [info] Run service finished.
[2018-10-08 11:10:00] [info] Commons Daemon procrun finished.
[2018-10-08 11:11:32] [info] Commons Daemon procrun (1.0.2.0) started
[2018-10-08 11:11:32] [info] Running Service...
[2018-10-08 11:11:32] [info] Starting service...
[2018-10-08 11:11:33] [info] Service started in 1078 ms.
[2018-10-08 12:50:06] [info] Console SHUTDOWN event signaled
[2018-10-08 12:50:06] [info] Stopping service...
[2018-10-08 12:50:10] [info] Service stopped.
[2018-10-08 12:50:10] [info] Run service finished.
[2018-10-08 12:50:10] [info] Commons Daemon procrun finished.
[2018-10-08 12:51:01] [info] Commons Daemon procrun (1.0.2.0) started
[2018-10-08 12:51:01] [info] Running Service...
[2018-10-08 12:51:01] [info] Starting service...
[2018-10-08 12:51:10] [info] Service started in 8333 ms.
[2018-10-29 14:38:25] [info] Stopping service...
[2018-10-29 14:38:33] [info] Service stopped.
[2018-10-29 14:38:33] [info] Run service finished.
[2018-10-29 14:38:33] [info] Commons Daemon procrun finished.
