[2019-03-20 11:25:15] [info] Commons Daemon procrun (1.0.2.0) started
[2019-03-20 11:25:16] [info] Running Service...
[2019-03-20 11:25:16] [info] Starting service...
[2019-03-20 11:25:19] [info] Service started in 2917 ms.
[2019-03-20 11:40:12] [info] Stopping service...
[2019-03-20 11:40:21] [info] Service stopped.
[2019-03-20 11:40:21] [info] Run service finished.
[2019-03-20 11:40:21] [info] Commons Daemon procrun finished.
[2019-03-20 11:45:02] [info] Commons Daemon procrun (1.0.2.0) started
[2019-03-20 11:45:02] [info] Running Service...
[2019-03-20 11:45:02] [info] Starting service...
[2019-03-20 11:45:04] [info] Service started in 1279 ms.
[2019-03-20 14:43:27] [info] Stopping service...
[2019-03-20 14:43:39] [info] Service stopped.
[2019-03-20 14:43:39] [info] Run service finished.
[2019-03-20 14:43:39] [info] Commons Daemon procrun finished.
[2019-03-20 14:43:39] [info] Commons Daemon procrun (1.0.2.0) started
[2019-03-20 14:43:39] [info] Running Service...
[2019-03-20 14:43:39] [info] Starting service...
[2019-03-20 14:43:42] [info] Service started in 2808 ms.
[2019-03-20 14:59:41] [info] Stopping service...
[2019-03-20 14:59:51] [info] Service stopped.
[2019-03-20 14:59:51] [info] Run service finished.
[2019-03-20 14:59:51] [info] Commons Daemon procrun finished.
[2019-03-20 14:59:51] [info] Commons Daemon procrun (1.0.2.0) started
[2019-03-20 14:59:51] [info] Running Service...
[2019-03-20 14:59:51] [info] Starting service...
[2019-03-20 14:59:53] [info] Service started in 1172 ms.
[2019-03-20 15:07:34] [info] Stopping service...
[2019-03-20 15:07:42] [info] Service stopped.
[2019-03-20 15:07:42] [info] Run service finished.
[2019-03-20 15:07:42] [info] Commons Daemon procrun finished.
[2019-03-20 15:07:42] [info] Commons Daemon procrun (1.0.2.0) started
[2019-03-20 15:07:42] [info] Running Service...
[2019-03-20 15:07:42] [info] Starting service...
[2019-03-20 15:07:44] [info] Service started in 1201 ms.
[2019-03-20 16:18:57] [info] Stopping service...
[2019-03-20 16:19:06] [info] Service stopped.
[2019-03-20 16:19:06] [info] Run service finished.
[2019-03-20 16:19:06] [info] Commons Daemon procrun finished.
[2019-03-20 16:19:07] [info] Commons Daemon procrun (1.0.2.0) started
[2019-03-20 16:19:07] [info] Running Service...
[2019-03-20 16:19:07] [info] Starting service...
[2019-03-20 16:19:08] [info] Service started in 1185 ms.
[2019-03-23 12:00:50] [info] Console SHUTDOWN event signaled
[2019-03-23 12:00:51] [info] Stopping service...
[2019-03-23 12:01:28] [info] Service stopped.
[2019-03-23 12:01:28] [info] Run service finished.
[2019-03-23 12:01:28] [info] Commons Daemon procrun finished.
