[2019-03-19 13:53:09] [info] Commons Daemon procrun (1.0.2.0) started
[2019-03-19 13:53:09] [info] Running Service...
[2019-03-19 13:53:09] [info] Starting service...
[2019-03-19 13:53:12] [info] Service started in 3224 ms.
[2019-03-19 14:00:27] [info] Stopping service...
[2019-03-19 14:00:34] [info] Service stopped.
[2019-03-19 14:00:34] [info] Run service finished.
[2019-03-19 14:00:34] [info] Commons Daemon procrun finished.
[2019-03-19 14:25:09] [info] Commons Daemon procrun (1.0.2.0) started
[2019-03-19 14:25:09] [info] Running Service...
[2019-03-19 14:25:09] [info] Starting service...
[2019-03-19 14:25:10] [info] Service started in 1259 ms.
[2019-03-19 14:40:07] [info] Console SHUTDOWN event signaled
[2019-03-19 14:40:07] [info] Stopping service...
[2019-03-19 14:40:12] [info] Service stopped.
[2019-03-19 14:40:12] [info] Run service finished.
[2019-03-19 14:40:13] [info] Commons Daemon procrun finished.
[2019-03-19 14:45:09] [info] Commons Daemon procrun (1.0.2.0) started
[2019-03-19 14:45:09] [info] Running Service...
[2019-03-19 14:45:09] [info] Starting service...
[2019-03-19 14:45:20] [info] Service started in 11169 ms.
[2019-03-20 11:24:57] [info] Stopping service...
[2019-03-20 11:25:15] [info] Service stopped.
[2019-03-20 11:25:15] [info] Run service finished.
[2019-03-20 11:25:15] [info] Commons Daemon procrun finished.
