14:38:28.806 INFOS [org.apache.catalina.core.ApplicationContext log] - Closing Spring root WebApplicationContext  
14:38:31.380 INFOS [org.apache.catalina.core.ApplicationContext log] - SessionListener: contextDestroyed()  
14:38:31.380 INFOS [org.apache.catalina.core.ApplicationContext log] - ContextListener: contextDestroyed()  
14:38:31.388 INFOS [org.apache.catalina.core.ApplicationContext log] - Closing Spring root WebApplicationContext  
14:38:41.552 INFOS [org.apache.catalina.core.ApplicationContext log] - Initializing Spring root WebApplicationContext  
14:38:45.461 INFOS [org.apache.catalina.core.ApplicationContext log] - Initializing Spring root WebApplicationContext  
14:38:47.358 INFOS [org.apache.catalina.core.ApplicationContext log] - ContextListener: contextInitialized()  
14:38:47.358 INFOS [org.apache.catalina.core.ApplicationContext log] - SessionListener: contextInitialized()  
14:48:30.288 INFOS [org.apache.catalina.core.ApplicationContext log] - Closing Spring root WebApplicationContext  
14:48:31.205 INFOS [org.apache.catalina.core.ApplicationContext log] - SessionListener: contextDestroyed()  
14:48:31.205 INFOS [org.apache.catalina.core.ApplicationContext log] - ContextListener: contextDestroyed()  
14:48:31.218 INFOS [org.apache.catalina.core.ApplicationContext log] - Closing Spring root WebApplicationContext  
14:48:42.876 INFOS [org.apache.catalina.core.ApplicationContext log] - Initializing Spring root WebApplicationContext  
14:48:47.153 INFOS [org.apache.catalina.core.ApplicationContext log] - Initializing Spring root WebApplicationContext  
14:48:49.107 INFOS [org.apache.catalina.core.ApplicationContext log] - ContextListener: contextInitialized()  
14:48:49.107 INFOS [org.apache.catalina.core.ApplicationContext log] - SessionListener: contextInitialized()  
16:58:11.988 INFOS [org.apache.catalina.core.ApplicationContext log] - Initializing Spring root WebApplicationContext  
16:58:21.270 INFOS [org.apache.catalina.core.ApplicationContext log] - Initializing Spring root WebApplicationContext  
16:58:30.820 INFOS [org.apache.catalina.core.ApplicationContext log] - ContextListener: contextInitialized()  
16:58:30.821 INFOS [org.apache.catalina.core.ApplicationContext log] - SessionListener: contextInitialized()  
17:32:45.504 INFOS [org.apache.catalina.core.ApplicationContext log] - Closing Spring root WebApplicationContext  
17:32:48.660 INFOS [org.apache.catalina.core.ApplicationContext log] - SessionListener: contextDestroyed()  
17:32:48.660 INFOS [org.apache.catalina.core.ApplicationContext log] - ContextListener: contextDestroyed()  
17:32:48.671 INFOS [org.apache.catalina.core.ApplicationContext log] - Closing Spring root WebApplicationContext  
17:33:05.748 INFOS [org.apache.catalina.core.ApplicationContext log] - Initializing Spring root WebApplicationContext  
17:33:09.830 INFOS [org.apache.catalina.core.ApplicationContext log] - Initializing Spring root WebApplicationContext  
17:33:11.742 INFOS [org.apache.catalina.core.ApplicationContext log] - ContextListener: contextInitialized()  
17:33:11.743 INFOS [org.apache.catalina.core.ApplicationContext log] - SessionListener: contextInitialized()  
17:57:42.638 INFOS [org.apache.catalina.core.ApplicationContext log] - Closing Spring root WebApplicationContext  
17:57:46.483 INFOS [org.apache.catalina.core.ApplicationContext log] - SessionListener: contextDestroyed()  
17:57:46.483 INFOS [org.apache.catalina.core.ApplicationContext log] - ContextListener: contextDestroyed()  
17:57:46.491 INFOS [org.apache.catalina.core.ApplicationContext log] - Closing Spring root WebApplicationContext  
18:00:43.178 INFOS [org.apache.catalina.core.ApplicationContext log] - Initializing Spring root WebApplicationContext  
18:00:53.094 INFOS [org.apache.catalina.core.ApplicationContext log] - Initializing Spring root WebApplicationContext  
18:00:56.215 INFOS [org.apache.catalina.core.ApplicationContext log] - ContextListener: contextInitialized()  
18:00:56.215 INFOS [org.apache.catalina.core.ApplicationContext log] - SessionListener: contextInitialized()  
18:15:37.327 GRAVE [org.apache.catalina.core.StandardWrapperValve invoke] - "Servlet.service()" pour la servlet ActionServlet a généré une exception 
java.lang.IllegalStateException: "getOutputStream()" a déjà été appelé pour cette réponse
	at org.apache.catalina.connector.Response.getWriter(Response.java:611)
	at org.apache.catalina.connector.ResponseFacade.getWriter(ResponseFacade.java:198)
	at quartisweb.filter.FiltreSession.doFilter(FiltreSession.java:333)
	at org.apache.catalina.core.ApplicationFilterChain.internalDoFilter(ApplicationFilterChain.java:235)
	at org.apache.catalina.core.ApplicationFilterChain.doFilter(ApplicationFilterChain.java:206)
	at org.apache.catalina.core.StandardWrapperValve.invoke(StandardWrapperValve.java:233)
	at org.apache.catalina.core.StandardContextValve.invoke(StandardContextValve.java:191)
	at org.apache.catalina.core.StandardHostValve.invoke(StandardHostValve.java:127)
	at org.apache.catalina.valves.ErrorReportValve.invoke(ErrorReportValve.java:102)
	at org.apache.catalina.core.StandardEngineValve.invoke(StandardEngineValve.java:109)
	at org.apache.catalina.connector.CoyoteAdapter.service(CoyoteAdapter.java:298)
	at org.apache.coyote.http11.Http11NioProcessor.process(Http11NioProcessor.java:886)
	at org.apache.coyote.http11.Http11NioProtocol$Http11ConnectionHandler.process(Http11NioProtocol.java:721)
	at org.apache.tomcat.util.net.NioEndpoint$SocketProcessor.run(NioEndpoint.java:2256)
	at java.util.concurrent.ThreadPoolExecutor.runWorker(Unknown Source)
	at java.util.concurrent.ThreadPoolExecutor$Worker.run(Unknown Source)
	at java.lang.Thread.run(Unknown Source)
 
16:36:24.523 INFOS [org.apache.catalina.core.ApplicationContext log] - Closing Spring root WebApplicationContext  
16:36:26.300 INFOS [org.apache.catalina.core.ApplicationContext log] - SessionListener: contextDestroyed()  
16:36:26.301 INFOS [org.apache.catalina.core.ApplicationContext log] - ContextListener: contextDestroyed()  
16:36:26.346 INFOS [org.apache.catalina.core.ApplicationContext log] - Closing Spring root WebApplicationContext  
16:36:36.015 INFOS [org.apache.catalina.core.ApplicationContext log] - Initializing Spring root WebApplicationContext  
16:36:40.636 INFOS [org.apache.catalina.core.ApplicationContext log] - Initializing Spring root WebApplicationContext  
16:36:42.521 INFOS [org.apache.catalina.core.ApplicationContext log] - ContextListener: contextInitialized()  
16:36:42.522 INFOS [org.apache.catalina.core.ApplicationContext log] - SessionListener: contextInitialized()  
16:37:28.892 INFOS [org.apache.catalina.core.ApplicationContext log] - Closing Spring root WebApplicationContext  
16:37:29.787 INFOS [org.apache.catalina.core.ApplicationContext log] - SessionListener: contextDestroyed()  
16:37:29.787 INFOS [org.apache.catalina.core.ApplicationContext log] - ContextListener: contextDestroyed()  
16:37:29.795 INFOS [org.apache.catalina.core.ApplicationContext log] - Closing Spring root WebApplicationContext  
16:38:29.224 INFOS [org.apache.catalina.core.ApplicationContext log] - Initializing Spring root WebApplicationContext  
16:38:33.261 INFOS [org.apache.catalina.core.ApplicationContext log] - Initializing Spring root WebApplicationContext  
16:38:35.157 INFOS [org.apache.catalina.core.ApplicationContext log] - ContextListener: contextInitialized()  
16:38:35.157 INFOS [org.apache.catalina.core.ApplicationContext log] - SessionListener: contextInitialized()  
16:42:50.993 WARNING [org.apache.catalina.session.StandardSession writeObject] - Impossible de sérialiser l'attribut de session serviceManager pour la session BBD994F62AA9B2B6690CBF1499E3DDF4 
java.io.NotSerializableException: fr.osys.optima.core.tml.services.productionmanagement.impl.MachineServicesImpl
	at java.io.ObjectOutputStream.writeObject0(Unknown Source)
	at java.io.ObjectOutputStream.defaultWriteFields(Unknown Source)
	at java.io.ObjectOutputStream.writeSerialData(Unknown Source)
	at java.io.ObjectOutputStream.writeOrdinaryObject(Unknown Source)
	at java.io.ObjectOutputStream.writeObject0(Unknown Source)
	at java.io.ObjectOutputStream.defaultWriteFields(Unknown Source)
	at java.io.ObjectOutputStream.writeSerialData(Unknown Source)
	at java.io.ObjectOutputStream.writeOrdinaryObject(Unknown Source)
	at java.io.ObjectOutputStream.writeObject0(Unknown Source)
	at java.io.ObjectOutputStream.defaultWriteFields(Unknown Source)
	at java.io.ObjectOutputStream.writeSerialData(Unknown Source)
	at java.io.ObjectOutputStream.writeOrdinaryObject(Unknown Source)
	at java.io.ObjectOutputStream.writeObject0(Unknown Source)
	at java.io.ObjectOutputStream.defaultWriteFields(Unknown Source)
	at java.io.ObjectOutputStream.writeSerialData(Unknown Source)
	at java.io.ObjectOutputStream.writeOrdinaryObject(Unknown Source)
	at java.io.ObjectOutputStream.writeObject0(Unknown Source)
	at java.io.ObjectOutputStream.defaultWriteFields(Unknown Source)
	at java.io.ObjectOutputStream.writeSerialData(Unknown Source)
	at java.io.ObjectOutputStream.writeOrdinaryObject(Unknown Source)
	at java.io.ObjectOutputStream.writeObject0(Unknown Source)
	at java.io.ObjectOutputStream.defaultWriteFields(Unknown Source)
	at java.io.ObjectOutputStream.writeSerialData(Unknown Source)
	at java.io.ObjectOutputStream.writeOrdinaryObject(Unknown Source)
	at java.io.ObjectOutputStream.writeObject0(Unknown Source)
	at java.io.ObjectOutputStream.writeObject(Unknown Source)
	at org.apache.catalina.session.StandardSession.writeObject(StandardSession.java:1551)
	at org.apache.catalina.session.StandardSession.writeObjectData(StandardSession.java:994)
	at org.apache.catalina.session.StandardManager.doUnload(StandardManager.java:523)
	at org.apache.catalina.session.StandardManager.unload(StandardManager.java:469)
	at org.apache.catalina.session.StandardManager.stop(StandardManager.java:673)
	at org.apache.catalina.core.StandardContext.stop(StandardContext.java:4774)
	at org.apache.catalina.core.ContainerBase.removeChild(ContainerBase.java:924)
	at org.apache.catalina.startup.HostConfig.undeployApps(HostConfig.java:1319)
	at org.apache.catalina.startup.HostConfig.stop(HostConfig.java:1290)
	at org.apache.catalina.startup.HostConfig.lifecycleEvent(HostConfig.java:323)
	at org.apache.catalina.util.LifecycleSupport.fireLifecycleEvent(LifecycleSupport.java:119)
	at org.apache.catalina.core.ContainerBase.stop(ContainerBase.java:1086)
	at org.apache.catalina.core.ContainerBase.stop(ContainerBase.java:1098)
	at org.apache.catalina.core.StandardEngine.stop(StandardEngine.java:450)
	at org.apache.catalina.core.StandardService.stop(StandardService.java:587)
	at org.apache.catalina.core.StandardServer.stop(StandardServer.java:744)
	at org.apache.catalina.startup.Catalina.stop(Catalina.java:648)
	at org.apache.catalina.startup.Catalina.start(Catalina.java:615)
	at sun.reflect.NativeMethodAccessorImpl.invoke0(Native Method)
	at sun.reflect.NativeMethodAccessorImpl.invoke(Unknown Source)
	at sun.reflect.DelegatingMethodAccessorImpl.invoke(Unknown Source)
	at java.lang.reflect.Method.invoke(Unknown Source)
	at org.apache.catalina.startup.Bootstrap.start(Bootstrap.java:289)
	at org.apache.catalina.startup.Bootstrap.main(Bootstrap.java:414)
 
16:42:50.994 INFO [org.apache.catalina.core.ApplicationContext log] - Closing Spring root WebApplicationContext  
16:42:52.300 INFO [org.apache.catalina.core.ApplicationContext log] - SessionListener: contextDestroyed()  
16:42:52.301 INFO [org.apache.catalina.core.ApplicationContext log] - ContextListener: contextDestroyed()  
16:42:52.310 INFO [org.apache.catalina.core.ApplicationContext log] - Closing Spring root WebApplicationContext  
