10:33:01.289 SEVERE [org.apache.catalina.core.StandardWrapperValve invoke] - "Servlet.service()" pour la servlet RequestTranslation a généré une exception 
java.lang.NullPointerException
	at org.apache.coyote.http11.InternalNioOutputBuffer.addToBB(InternalNioOutputBuffer.java:621)
	at org.apache.coyote.http11.InternalNioOutputBuffer.commit(InternalNioOutputBuffer.java:612)
	at org.apache.coyote.http11.Http11NioProcessor.action(Http11NioProcessor.java:1036)
	at org.apache.coyote.Response.action(Response.java:181)
	at org.apache.coyote.http11.InternalNioOutputBuffer.doWrite(InternalNioOutputBuffer.java:583)
	at org.apache.coyote.Response.doWrite(Response.java:560)
	at org.apache.catalina.connector.OutputBuffer.realWriteBytes(OutputBuffer.java:353)
	at org.apache.tomcat.util.buf.ByteChunk.append(ByteChunk.java:323)
	at org.apache.tomcat.util.buf.IntermediateOutputStream.write(C2BConverter.java:242)
	at sun.nio.cs.StreamEncoder.writeBytes(Unknown Source)
	at sun.nio.cs.StreamEncoder.implWrite(Unknown Source)
	at sun.nio.cs.StreamEncoder.write(Unknown Source)
	at sun.nio.cs.StreamEncoder.write(Unknown Source)
	at java.io.OutputStreamWriter.write(Unknown Source)
	at org.apache.tomcat.util.buf.C2BConverter.convert(C2BConverter.java:87)
	at org.apache.catalina.connector.OutputBuffer.write(OutputBuffer.java:457)
	at org.apache.catalina.connector.CoyoteWriter.write(CoyoteWriter.java:162)
	at org.apache.catalina.connector.CoyoteWriter.write(CoyoteWriter.java:171)
	at org.apache.catalina.connector.CoyoteWriter.print(CoyoteWriter.java:221)
	at org.apache.catalina.connector.CoyoteWriter.println(CoyoteWriter.java:278)
	at RequestTranslation.doGet(RequestTranslation.java:242)
	at RequestTranslation.doPost(RequestTranslation.java:68)
	at javax.servlet.http.HttpServlet.service(HttpServlet.java:637)
	at javax.servlet.http.HttpServlet.service(HttpServlet.java:717)
	at org.apache.catalina.core.ApplicationFilterChain.internalDoFilter(ApplicationFilterChain.java:290)
	at org.apache.catalina.core.ApplicationFilterChain.doFilter(ApplicationFilterChain.java:206)
	at org.apache.catalina.core.StandardWrapperValve.invoke(StandardWrapperValve.java:233)
	at org.apache.catalina.core.StandardContextValve.invoke(StandardContextValve.java:191)
	at org.apache.catalina.core.StandardHostValve.invoke(StandardHostValve.java:127)
	at org.apache.catalina.valves.ErrorReportValve.invoke(ErrorReportValve.java:102)
	at org.apache.catalina.core.StandardEngineValve.invoke(StandardEngineValve.java:109)
	at org.apache.catalina.connector.CoyoteAdapter.service(CoyoteAdapter.java:298)
	at org.apache.coyote.http11.Http11NioProcessor.process(Http11NioProcessor.java:886)
	at org.apache.coyote.http11.Http11NioProtocol$Http11ConnectionHandler.process(Http11NioProtocol.java:721)
	at org.apache.tomcat.util.net.NioEndpoint$SocketProcessor.run(NioEndpoint.java:2256)
	at java.util.concurrent.ThreadPoolExecutor.runWorker(Unknown Source)
	at java.util.concurrent.ThreadPoolExecutor$Worker.run(Unknown Source)
	at java.lang.Thread.run(Unknown Source)
 
