13:54:19.808 INFOS [org.apache.catalina.core.ApplicationContext log] - Initializing Spring root WebApplicationContext  
13:54:25.629 GRAVE [org.apache.catalina.core.StandardContext listenerStart] - Exception lors de l'envoi de l'évènement contexte initialisé (context initialized) à l'instance de classe d'écoute (listener) org.springframework.web.context.ContextLoaderListener 
org.springframework.beans.factory.BeanCreationException: Error creating bean with name 'evtGanttServices' defined in URL [jar:file:/C:/Osys/QuartisTools/Tomcat/webapps/Quartis-OptimaCjj/WEB-INF/lib/Quartis-OptimaCjj-core.jar!/spring/optimaCjjCoreContext.xml]: Invocation of init method failed; nested exception is org.springframework.transaction.CannotCreateTransactionException: Could not open Hibernate Session for transaction; nested exception is org.hibernate.exception.GenericJDBCException: Could not open connection
	at org.springframework.beans.factory.support.AbstractAutowireCapableBeanFactory.initializeBean(AbstractAutowireCapableBeanFactory.java:1455)
	at org.springframework.beans.factory.support.AbstractAutowireCapableBeanFactory.doCreateBean(AbstractAutowireCapableBeanFactory.java:519)
	at org.springframework.beans.factory.support.AbstractAutowireCapableBeanFactory.createBean(AbstractAutowireCapableBeanFactory.java:456)
	at org.springframework.beans.factory.support.AbstractBeanFactory$1.getObject(AbstractBeanFactory.java:294)
	at org.springframework.beans.factory.support.DefaultSingletonBeanRegistry.getSingleton(DefaultSingletonBeanRegistry.java:225)
	at org.springframework.beans.factory.support.AbstractBeanFactory.doGetBean(AbstractBeanFactory.java:291)
	at org.springframework.beans.factory.support.AbstractBeanFactory.getBean(AbstractBeanFactory.java:193)
	at org.springframework.beans.factory.support.DefaultListableBeanFactory.preInstantiateSingletons(DefaultListableBeanFactory.java:585)
	at org.springframework.context.support.AbstractApplicationContext.finishBeanFactoryInitialization(AbstractApplicationContext.java:913)
	at org.springframework.context.support.AbstractApplicationContext.refresh(AbstractApplicationContext.java:464)
	at org.springframework.web.context.ContextLoader.configureAndRefreshWebApplicationContext(ContextLoader.java:385)
	at org.springframework.web.context.ContextLoader.initWebApplicationContext(ContextLoader.java:284)
	at org.springframework.web.context.ContextLoaderListener.contextInitialized(ContextLoaderListener.java:111)
	at org.apache.catalina.core.StandardContext.listenerStart(StandardContext.java:4135)
	at org.apache.catalina.core.StandardContext.start(StandardContext.java:4630)
	at org.apache.catalina.core.ContainerBase.addChildInternal(ContainerBase.java:791)
	at org.apache.catalina.core.ContainerBase.addChild(ContainerBase.java:771)
	at org.apache.catalina.core.StandardHost.addChild(StandardHost.java:546)
	at org.apache.catalina.startup.HostConfig.deployWAR(HostConfig.java:905)
	at org.apache.catalina.startup.HostConfig.deployWARs(HostConfig.java:740)
	at org.apache.catalina.startup.HostConfig.deployApps(HostConfig.java:500)
	at org.apache.catalina.startup.HostConfig.start(HostConfig.java:1277)
	at org.apache.catalina.startup.HostConfig.lifecycleEvent(HostConfig.java:321)
	at org.apache.catalina.util.LifecycleSupport.fireLifecycleEvent(LifecycleSupport.java:119)
	at org.apache.catalina.core.ContainerBase.start(ContainerBase.java:1053)
	at org.apache.catalina.core.StandardHost.start(StandardHost.java:785)
	at org.apache.catalina.core.ContainerBase.start(ContainerBase.java:1045)
	at org.apache.catalina.core.StandardEngine.start(StandardEngine.java:445)
	at org.apache.catalina.core.StandardService.start(StandardService.java:519)
	at org.apache.catalina.core.StandardServer.start(StandardServer.java:710)
	at org.apache.catalina.startup.Catalina.start(Catalina.java:581)
	at sun.reflect.NativeMethodAccessorImpl.invoke0(Native Method)
	at sun.reflect.NativeMethodAccessorImpl.invoke(Unknown Source)
	at sun.reflect.DelegatingMethodAccessorImpl.invoke(Unknown Source)
	at java.lang.reflect.Method.invoke(Unknown Source)
	at org.apache.catalina.startup.Bootstrap.start(Bootstrap.java:289)
	at org.apache.catalina.startup.Bootstrap.main(Bootstrap.java:414)
Caused by: org.springframework.transaction.CannotCreateTransactionException: Could not open Hibernate Session for transaction; nested exception is org.hibernate.exception.GenericJDBCException: Could not open connection
	at org.springframework.orm.hibernate4.HibernateTransactionManager.doBegin(HibernateTransactionManager.java:440)
	at org.springframework.transaction.support.AbstractPlatformTransactionManager.getTransaction(AbstractPlatformTransactionManager.java:371)
	at org.springframework.transaction.interceptor.TransactionAspectSupport.createTransactionIfNecessary(TransactionAspectSupport.java:335)
	at org.springframework.transaction.interceptor.TransactionInterceptor.invoke(TransactionInterceptor.java:105)
	at org.springframework.aop.framework.ReflectiveMethodInvocation.proceed(ReflectiveMethodInvocation.java:172)
	at org.springframework.aop.framework.JdkDynamicAopProxy.invoke(JdkDynamicAopProxy.java:202)
	at com.sun.proxy.$Proxy70.findBySiteConstHeureChangementDate(Unknown Source)
	at fr.osys.optima.core.cjj.manager.eventgantt.services.impl.EventGanttPersServicesImpl.findBySiteConstHeureChangementDate(EventGanttPersServicesImpl.java:216)
	at fr.osys.optima.core.cjj.manager.eventgantt.GestionEventGanttPers.findMapConstHeureChangeDate(GestionEventGanttPers.java:1699)
	at fr.osys.optima.core.cjj.services.correctionmanagement.impl.EvtGanttServicesImpl.init(EvtGanttServicesImpl.java:106)
	at sun.reflect.NativeMethodAccessorImpl.invoke0(Native Method)
	at sun.reflect.NativeMethodAccessorImpl.invoke(Unknown Source)
	at sun.reflect.DelegatingMethodAccessorImpl.invoke(Unknown Source)
	at java.lang.reflect.Method.invoke(Unknown Source)
	at org.springframework.beans.factory.support.AbstractAutowireCapableBeanFactory.invokeCustomInitMethod(AbstractAutowireCapableBeanFactory.java:1581)
	at org.springframework.beans.factory.support.AbstractAutowireCapableBeanFactory.invokeInitMethods(AbstractAutowireCapableBeanFactory.java:1522)
	at org.springframework.beans.factory.support.AbstractAutowireCapableBeanFactory.initializeBean(AbstractAutowireCapableBeanFactory.java:1452)
	... 36 more
Caused by: org.hibernate.exception.GenericJDBCException: Could not open connection
	at org.hibernate.exception.internal.StandardSQLExceptionConverter.convert(StandardSQLExceptionConverter.java:54)
	at org.hibernate.engine.jdbc.spi.SqlExceptionHelper.convert(SqlExceptionHelper.java:125)
	at org.hibernate.engine.jdbc.spi.SqlExceptionHelper.convert(SqlExceptionHelper.java:110)
	at org.hibernate.engine.jdbc.internal.LogicalConnectionImpl.obtainConnection(LogicalConnectionImpl.java:304)
	at org.hibernate.engine.jdbc.internal.LogicalConnectionImpl.getConnection(LogicalConnectionImpl.java:169)
	at org.hibernate.engine.transaction.internal.jdbc.JdbcTransaction.doBegin(JdbcTransaction.java:67)
	at org.hibernate.engine.transaction.spi.AbstractTransactionImpl.begin(AbstractTransactionImpl.java:160)
	at org.hibernate.internal.SessionImpl.beginTransaction(SessionImpl.java:1395)
	at org.springframework.orm.hibernate4.HibernateTransactionManager.doBegin(HibernateTransactionManager.java:399)
	... 52 more
Caused by: java.sql.SQLException: Échec de l'ouverture de session de l'utilisateur 'sa'.
	at net.sourceforge.jtds.jdbc.SQLDiagnostic.addDiagnostic(SQLDiagnostic.java:368)
	at net.sourceforge.jtds.jdbc.TdsCore.tdsErrorToken(TdsCore.java:2820)
	at net.sourceforge.jtds.jdbc.TdsCore.nextToken(TdsCore.java:2258)
	at net.sourceforge.jtds.jdbc.TdsCore.login(TdsCore.java:603)
	at net.sourceforge.jtds.jdbc.ConnectionJDBC2.<init>(ConnectionJDBC2.java:345)
	at net.sourceforge.jtds.jdbc.ConnectionJDBC3.<init>(ConnectionJDBC3.java:50)
	at net.sourceforge.jtds.jdbc.Driver.connect(Driver.java:184)
	at java.sql.DriverManager.getConnection(Unknown Source)
	at java.sql.DriverManager.getConnection(Unknown Source)
	at org.springframework.jdbc.datasource.DriverManagerDataSource.getConnectionFromDriverManager(DriverManagerDataSource.java:173)
	at org.springframework.jdbc.datasource.DriverManagerDataSource.getConnectionFromDriver(DriverManagerDataSource.java:164)
	at org.springframework.jdbc.datasource.AbstractDriverBasedDataSource.getConnectionFromDriver(AbstractDriverBasedDataSource.java:149)
	at org.springframework.jdbc.datasource.AbstractDriverBasedDataSource.getConnection(AbstractDriverBasedDataSource.java:128)
	at org.hibernate.service.jdbc.connections.internal.DatasourceConnectionProviderImpl.getConnection(DatasourceConnectionProviderImpl.java:141)
	at org.hibernate.internal.AbstractSessionImpl$NonContextualJdbcConnectionAccess.obtainConnection(AbstractSessionImpl.java:292)
	at org.hibernate.engine.jdbc.internal.LogicalConnectionImpl.obtainConnection(LogicalConnectionImpl.java:297)
	... 57 more
 
13:54:25.638 INFOS [org.apache.catalina.core.ApplicationContext log] - Closing Spring root WebApplicationContext  
13:54:38.339 INFOS [org.apache.catalina.core.ApplicationContext log] - Initializing Spring root WebApplicationContext  
13:54:43.204 INFOS [org.apache.catalina.core.ApplicationContext log] - ContextListener: contextInitialized()  
13:54:43.206 INFOS [org.apache.catalina.core.ApplicationContext log] - SessionListener: contextInitialized()  
14:00:28.631 INFOS [org.apache.catalina.core.ApplicationContext log] - Closing Spring root WebApplicationContext  
14:00:32.071 INFOS [org.apache.catalina.core.ApplicationContext log] - SessionListener: contextDestroyed()  
14:00:32.072 INFOS [org.apache.catalina.core.ApplicationContext log] - ContextListener: contextDestroyed()  
14:25:31.390 INFOS [org.apache.catalina.core.ApplicationContext log] - Initializing Spring root WebApplicationContext  
14:25:49.059 INFOS [org.apache.catalina.core.ApplicationContext log] - Initializing Spring root WebApplicationContext  
14:25:54.369 INFOS [org.apache.catalina.core.ApplicationContext log] - ContextListener: contextInitialized()  
14:25:54.370 INFOS [org.apache.catalina.core.ApplicationContext log] - SessionListener: contextInitialized()  
14:40:08.441 WARNING [org.apache.catalina.session.StandardSession writeObject] - Impossible de sérialiser l'attribut de session serviceManager pour la session 115A7C4C0A95218473950DB119BA650C 
java.io.NotSerializableException: fr.osys.optima.core.tml.services.productionmanagement.impl.MachineServicesImpl
	at java.io.ObjectOutputStream.writeObject0(Unknown Source)
	at java.io.ObjectOutputStream.defaultWriteFields(Unknown Source)
	at java.io.ObjectOutputStream.writeSerialData(Unknown Source)
	at java.io.ObjectOutputStream.writeOrdinaryObject(Unknown Source)
	at java.io.ObjectOutputStream.writeObject0(Unknown Source)
	at java.io.ObjectOutputStream.defaultWriteFields(Unknown Source)
	at java.io.ObjectOutputStream.writeSerialData(Unknown Source)
	at java.io.ObjectOutputStream.writeOrdinaryObject(Unknown Source)
	at java.io.ObjectOutputStream.writeObject0(Unknown Source)
	at java.io.ObjectOutputStream.defaultWriteFields(Unknown Source)
	at java.io.ObjectOutputStream.writeSerialData(Unknown Source)
	at java.io.ObjectOutputStream.writeOrdinaryObject(Unknown Source)
	at java.io.ObjectOutputStream.writeObject0(Unknown Source)
	at java.io.ObjectOutputStream.defaultWriteFields(Unknown Source)
	at java.io.ObjectOutputStream.writeSerialData(Unknown Source)
	at java.io.ObjectOutputStream.writeOrdinaryObject(Unknown Source)
	at java.io.ObjectOutputStream.writeObject0(Unknown Source)
	at java.io.ObjectOutputStream.defaultWriteFields(Unknown Source)
	at java.io.ObjectOutputStream.writeSerialData(Unknown Source)
	at java.io.ObjectOutputStream.writeOrdinaryObject(Unknown Source)
	at java.io.ObjectOutputStream.writeObject0(Unknown Source)
	at java.io.ObjectOutputStream.defaultWriteFields(Unknown Source)
	at java.io.ObjectOutputStream.writeSerialData(Unknown Source)
	at java.io.ObjectOutputStream.writeOrdinaryObject(Unknown Source)
	at java.io.ObjectOutputStream.writeObject0(Unknown Source)
	at java.io.ObjectOutputStream.writeObject(Unknown Source)
	at org.apache.catalina.session.StandardSession.writeObject(StandardSession.java:1551)
	at org.apache.catalina.session.StandardSession.writeObjectData(StandardSession.java:994)
	at org.apache.catalina.session.StandardManager.doUnload(StandardManager.java:523)
	at org.apache.catalina.session.StandardManager.unload(StandardManager.java:469)
	at org.apache.catalina.session.StandardManager.stop(StandardManager.java:673)
	at org.apache.catalina.core.StandardContext.stop(StandardContext.java:4774)
	at org.apache.catalina.core.ContainerBase.removeChild(ContainerBase.java:924)
	at org.apache.catalina.startup.HostConfig.undeployApps(HostConfig.java:1319)
	at org.apache.catalina.startup.HostConfig.stop(HostConfig.java:1290)
	at org.apache.catalina.startup.HostConfig.lifecycleEvent(HostConfig.java:323)
	at org.apache.catalina.util.LifecycleSupport.fireLifecycleEvent(LifecycleSupport.java:119)
	at org.apache.catalina.core.ContainerBase.stop(ContainerBase.java:1086)
	at org.apache.catalina.core.ContainerBase.stop(ContainerBase.java:1098)
	at org.apache.catalina.core.StandardEngine.stop(StandardEngine.java:450)
	at org.apache.catalina.core.StandardService.stop(StandardService.java:587)
	at org.apache.catalina.core.StandardServer.stop(StandardServer.java:744)
	at org.apache.catalina.startup.Catalina.stop(Catalina.java:648)
	at org.apache.catalina.startup.Catalina.start(Catalina.java:615)
	at sun.reflect.NativeMethodAccessorImpl.invoke0(Native Method)
	at sun.reflect.NativeMethodAccessorImpl.invoke(Unknown Source)
	at sun.reflect.DelegatingMethodAccessorImpl.invoke(Unknown Source)
	at java.lang.reflect.Method.invoke(Unknown Source)
	at org.apache.catalina.startup.Bootstrap.start(Bootstrap.java:289)
	at org.apache.catalina.startup.Bootstrap.main(Bootstrap.java:414)
 
14:40:08.441 INFO [org.apache.catalina.core.ApplicationContext log] - Closing Spring root WebApplicationContext  
14:40:10.484 INFO [org.apache.catalina.core.ApplicationContext log] - SessionListener: contextDestroyed()  
14:40:10.484 INFO [org.apache.catalina.core.ApplicationContext log] - ContextListener: contextDestroyed()  
14:40:10.500 INFO [org.apache.catalina.core.ApplicationContext log] - Closing Spring root WebApplicationContext  
14:46:20.261 INFOS [org.apache.catalina.core.ApplicationContext log] - Initializing Spring root WebApplicationContext  
14:46:46.734 INFOS [org.apache.catalina.core.ApplicationContext log] - Initializing Spring root WebApplicationContext  
14:46:51.570 INFOS [org.apache.catalina.core.ApplicationContext log] - ContextListener: contextInitialized()  
14:46:51.570 INFOS [org.apache.catalina.core.ApplicationContext log] - SessionListener: contextInitialized()  
