11:04:28.705 INFOS [org.apache.catalina.core.ApplicationContext log] - Initializing Spring root WebApplicationContext  
11:04:36.957 INFOS [org.apache.catalina.core.ApplicationContext log] - Initializing Spring root WebApplicationContext  
11:04:39.734 INFOS [org.apache.catalina.core.ApplicationContext log] - ContextListener: contextInitialized()  
11:04:39.734 INFOS [org.apache.catalina.core.ApplicationContext log] - SessionListener: contextInitialized()  
11:45:27.186 INFOS [org.apache.catalina.core.ApplicationContext log] - Closing Spring root WebApplicationContext  
11:45:28.683 INFOS [org.apache.catalina.core.ApplicationContext log] - SessionListener: contextDestroyed()  
11:45:28.683 INFOS [org.apache.catalina.core.ApplicationContext log] - ContextListener: contextDestroyed()  
11:45:28.699 INFOS [org.apache.catalina.core.ApplicationContext log] - Closing Spring root WebApplicationContext  
11:46:25.086 INFOS [org.apache.catalina.core.ApplicationContext log] - Initializing Spring root WebApplicationContext  
11:46:29.173 INFOS [org.apache.catalina.core.ApplicationContext log] - Initializing Spring root WebApplicationContext  
11:46:31.279 INFOS [org.apache.catalina.core.ApplicationContext log] - ContextListener: contextInitialized()  
11:46:31.279 INFOS [org.apache.catalina.core.ApplicationContext log] - SessionListener: contextInitialized()  
16:14:44.811 GRAVE [org.apache.catalina.core.StandardWrapperValve invoke] - "Servlet.service()" pour la servlet ActionServlet a généré une exception 
java.lang.IllegalStateException: "getOutputStream()" a déjà été appelé pour cette réponse
	at org.apache.catalina.connector.Response.getWriter(Response.java:611)
	at org.apache.catalina.connector.ResponseFacade.getWriter(ResponseFacade.java:198)
	at quartisweb.filter.FiltreSession.doFilter(FiltreSession.java:333)
	at org.apache.catalina.core.ApplicationFilterChain.internalDoFilter(ApplicationFilterChain.java:235)
	at org.apache.catalina.core.ApplicationFilterChain.doFilter(ApplicationFilterChain.java:206)
	at org.apache.catalina.core.StandardWrapperValve.invoke(StandardWrapperValve.java:233)
	at org.apache.catalina.core.StandardContextValve.invoke(StandardContextValve.java:191)
	at org.apache.catalina.core.StandardHostValve.invoke(StandardHostValve.java:127)
	at org.apache.catalina.valves.ErrorReportValve.invoke(ErrorReportValve.java:102)
	at org.apache.catalina.core.StandardEngineValve.invoke(StandardEngineValve.java:109)
	at org.apache.catalina.connector.CoyoteAdapter.service(CoyoteAdapter.java:298)
	at org.apache.coyote.http11.Http11NioProcessor.process(Http11NioProcessor.java:886)
	at org.apache.coyote.http11.Http11NioProtocol$Http11ConnectionHandler.process(Http11NioProtocol.java:721)
	at org.apache.tomcat.util.net.NioEndpoint$SocketProcessor.run(NioEndpoint.java:2256)
	at java.util.concurrent.ThreadPoolExecutor.runWorker(Unknown Source)
	at java.util.concurrent.ThreadPoolExecutor$Worker.run(Unknown Source)
	at java.lang.Thread.run(Unknown Source)
 
16:14:49.600 GRAVE [org.apache.catalina.core.StandardWrapperValve invoke] - "Servlet.service()" pour la servlet ActionServlet a généré une exception 
java.lang.IllegalStateException: "getOutputStream()" a déjà été appelé pour cette réponse
	at org.apache.catalina.connector.Response.getWriter(Response.java:611)
	at org.apache.catalina.connector.ResponseFacade.getWriter(ResponseFacade.java:198)
	at quartisweb.filter.FiltreSession.doFilter(FiltreSession.java:333)
	at org.apache.catalina.core.ApplicationFilterChain.internalDoFilter(ApplicationFilterChain.java:235)
	at org.apache.catalina.core.ApplicationFilterChain.doFilter(ApplicationFilterChain.java:206)
	at org.apache.catalina.core.StandardWrapperValve.invoke(StandardWrapperValve.java:233)
	at org.apache.catalina.core.StandardContextValve.invoke(StandardContextValve.java:191)
	at org.apache.catalina.core.StandardHostValve.invoke(StandardHostValve.java:127)
	at org.apache.catalina.valves.ErrorReportValve.invoke(ErrorReportValve.java:102)
	at org.apache.catalina.core.StandardEngineValve.invoke(StandardEngineValve.java:109)
	at org.apache.catalina.connector.CoyoteAdapter.service(CoyoteAdapter.java:298)
	at org.apache.coyote.http11.Http11NioProcessor.process(Http11NioProcessor.java:886)
	at org.apache.coyote.http11.Http11NioProtocol$Http11ConnectionHandler.process(Http11NioProtocol.java:721)
	at org.apache.tomcat.util.net.NioEndpoint$SocketProcessor.run(NioEndpoint.java:2256)
	at java.util.concurrent.ThreadPoolExecutor.runWorker(Unknown Source)
	at java.util.concurrent.ThreadPoolExecutor$Worker.run(Unknown Source)
	at java.lang.Thread.run(Unknown Source)
 
