11:23:06.752 INFOS [org.apache.catalina.core.ApplicationContext log] - Initializing Spring root WebApplicationContext  
11:23:13.382 INFOS [org.apache.catalina.core.ApplicationContext log] - Initializing Spring root WebApplicationContext  
11:23:15.317 INFOS [org.apache.catalina.core.ApplicationContext log] - ContextListener: contextInitialized()  
11:23:15.317 INFOS [org.apache.catalina.core.ApplicationContext log] - SessionListener: contextInitialized()  
14:04:51.100 GRAVE [org.apache.catalina.core.StandardWrapperValve invoke] - "Servlet.service()" pour la servlet ActionServlet a généré une exception 
java.lang.IllegalStateException: "getOutputStream()" a déjà été appelé pour cette réponse
	at org.apache.catalina.connector.Response.getWriter(Response.java:611)
	at org.apache.catalina.connector.ResponseFacade.getWriter(ResponseFacade.java:198)
	at quartisweb.filter.FiltreSession.doFilter(FiltreSession.java:333)
	at org.apache.catalina.core.ApplicationFilterChain.internalDoFilter(ApplicationFilterChain.java:235)
	at org.apache.catalina.core.ApplicationFilterChain.doFilter(ApplicationFilterChain.java:206)
	at org.apache.catalina.core.StandardWrapperValve.invoke(StandardWrapperValve.java:233)
	at org.apache.catalina.core.StandardContextValve.invoke(StandardContextValve.java:191)
	at org.apache.catalina.core.StandardHostValve.invoke(StandardHostValve.java:127)
	at org.apache.catalina.valves.ErrorReportValve.invoke(ErrorReportValve.java:102)
	at org.apache.catalina.core.StandardEngineValve.invoke(StandardEngineValve.java:109)
	at org.apache.catalina.connector.CoyoteAdapter.service(CoyoteAdapter.java:298)
	at org.apache.coyote.http11.Http11NioProcessor.process(Http11NioProcessor.java:886)
	at org.apache.coyote.http11.Http11NioProtocol$Http11ConnectionHandler.process(Http11NioProtocol.java:721)
	at org.apache.tomcat.util.net.NioEndpoint$SocketProcessor.run(NioEndpoint.java:2256)
	at java.util.concurrent.ThreadPoolExecutor.runWorker(Unknown Source)
	at java.util.concurrent.ThreadPoolExecutor$Worker.run(Unknown Source)
	at java.lang.Thread.run(Unknown Source)
 
11:33:26.177 INFOS [org.apache.catalina.core.ApplicationContext log] - Initializing Spring root WebApplicationContext  
11:33:38.564 INFOS [org.apache.catalina.core.ApplicationContext log] - Initializing Spring root WebApplicationContext  
11:33:40.966 INFOS [org.apache.catalina.core.ApplicationContext log] - ContextListener: contextInitialized()  
11:33:40.966 INFOS [org.apache.catalina.core.ApplicationContext log] - SessionListener: contextInitialized()  
11:43:37.026 INFOS [org.apache.catalina.core.ApplicationContext log] - Initializing Spring root WebApplicationContext  
11:43:46.121 INFOS [org.apache.catalina.core.ApplicationContext log] - Initializing Spring root WebApplicationContext  
11:43:48.664 INFOS [org.apache.catalina.core.ApplicationContext log] - ContextListener: contextInitialized()  
11:43:48.664 INFOS [org.apache.catalina.core.ApplicationContext log] - SessionListener: contextInitialized()  
18:27:44.021 INFO [org.apache.catalina.core.ApplicationContext log] - Closing Spring root WebApplicationContext  
18:27:50.557 INFO [org.apache.catalina.core.ApplicationContext log] - SessionListener: contextDestroyed()  
18:27:50.557 INFO [org.apache.catalina.core.ApplicationContext log] - ContextListener: contextDestroyed()  
18:27:50.604 INFO [org.apache.catalina.core.ApplicationContext log] - Closing Spring root WebApplicationContext  
18:30:27.913 INFOS [org.apache.catalina.core.ApplicationContext log] - Initializing Spring root WebApplicationContext  
18:30:36.524 INFOS [org.apache.catalina.core.ApplicationContext log] - Initializing Spring root WebApplicationContext  
18:30:38.880 INFOS [org.apache.catalina.core.ApplicationContext log] - ContextListener: contextInitialized()  
18:30:38.880 INFOS [org.apache.catalina.core.ApplicationContext log] - SessionListener: contextInitialized()  
