08:38:38.410 DEBUG - AuthManagedBean autoconnect - Tentative de connexion SSO... 
08:38:38.458 DEBUG - ConnexionManagedBean User renseigné par filtre SSO LDAP : null 
08:38:38.459 DEBUG - ConnexionManagedBean ldapActive = false 
08:38:38.459 DEBUG - AuthManagedBean autoconnect - Echec de la connexion par SSO. 
08:39:26.487 DEBUG - LoginManagedBean user.id = administrateur, connecté par login/mdp Osys 
08:39:26.901 DEBUG - QTConnector connect - Connecting... 
08:39:26.904 DEBUG - QTConnector connect - Connected. 
08:39:26.905 DEBUG - QTConnector executeQuery - Sending 'USER @ID0 [] serveur_web SERVEUR-WEB'... 
08:39:26.905 DEBUG - QTConnector executeQuery - Sent. 
08:39:26.905 DEBUG - QTConnector executeQuery - Reading response... 
08:39:26.906 DEBUG - QTConnector readResponse - starting to listen... 
08:39:26.906 DEBUG - QTConnector readResponse - read trame : ACK 263172 
08:39:26.906 DEBUG - QTConnector executeQuery - Read: 'ACK 263172'. 
08:39:26.906 DEBUG - QTInternalCommunicator send_IdentifyOsysConsoleWeb - QTools returned : 263172 
08:39:26.906 DEBUG - QTConnector executeQuery - Sending 'LST_USER_CONNECT'... 
08:39:26.907 DEBUG - QTConnector executeQuery - Sent. 
08:39:26.907 DEBUG - QTConnector executeQuery - Reading response... 
08:39:26.907 DEBUG - QTConnector readResponse - starting to listen... 
08:39:26.908 DEBUG - QTConnector readResponse - read trame : <lstuserconnect max="3" connect="0" />\x0a 
08:39:26.908 DEBUG - QTConnector executeQuery - Read: '<lstuserconnect max="3" connect="0" />\x0a'. 
08:39:26.908 DEBUG - QTConnector disconnect - Déconnexion... 
08:39:26.909 DEBUG - QTConnector disconnect - Déconnecté. 
08:39:26.932 DEBUG - QuartisToolsServiceImpl createOrUpdateUser - username : 'administrateur', groupName : 'Administrateurs'... 
08:39:26.932 DEBUG - QTConnector connect - Connecting... 
08:39:26.933 DEBUG - QTConnector connect - Connected. 
08:39:26.934 DEBUG - QTConnector executeQuery - Sending 'USER @ID0 [] serveur_web SERVEUR-WEB'... 
08:39:26.934 DEBUG - QTConnector executeQuery - Sent. 
08:39:26.934 DEBUG - QTConnector executeQuery - Reading response... 
08:39:26.934 DEBUG - QTConnector readResponse - starting to listen... 
08:39:26.934 DEBUG - QTConnector readResponse - read trame : ACK 263172 
08:39:26.934 DEBUG - QTConnector executeQuery - Read: 'ACK 263172'. 
08:39:26.935 DEBUG - QTSrvCommunicator send_IdentifyOsysConsoleWeb - QTools returned : 263172 
08:39:26.935 DEBUG - QTSrvCommunicator send_CreateUserQuartisTools - message =  USR USER OBJ ADD [administrateur] [Administrateurs]
 {
 PASSWORD []
 }
 
08:39:26.935 DEBUG - QTConnector executeQuery - Sending ' USR USER OBJ ADD [administrateur] [Administrateurs]
 {
 PASSWORD []
 }
'... 
08:39:26.935 DEBUG - QTConnector executeQuery - Sent. 
08:39:26.935 DEBUG - QTConnector executeQuery - Reading response... 
08:39:26.935 DEBUG - QTConnector readResponse - starting to listen... 
08:39:26.935 DEBUG - QTConnector readResponse - read trame : ACK -10 
08:39:26.936 DEBUG - QTConnector executeQuery - Read: 'ACK -10'. 
08:39:26.936 DEBUG - QTSrvCommunicator send_CreateUserQuartisTools - QTools returned : -10 
08:39:26.936 DEBUG - QTSrvCommunicator send_UpdateUserQuartisTools - message :  USR USER OBJ SET [administrateur] [Administrateurs]
 {
 PASSWORD []
 }
 
08:39:26.936 DEBUG - QTConnector executeQuery - Sending ' USR USER OBJ SET [administrateur] [Administrateurs]
 {
 PASSWORD []
 }
'... 
08:39:26.936 DEBUG - QTConnector executeQuery - Sent. 
08:39:26.936 DEBUG - QTConnector executeQuery - Reading response... 
08:39:26.936 DEBUG - QTConnector readResponse - starting to listen... 
08:39:26.938 DEBUG - QTConnector readResponse - read trame : ACK 0 
08:39:26.939 DEBUG - QTConnector executeQuery - Read: 'ACK 0'. 
08:39:26.939 DEBUG - QTSrvCommunicator send_UpdateUserQuartisTools - QTools returned : 0 
08:39:26.939 DEBUG - QTConnector disconnect - Déconnexion... 
08:39:26.939 DEBUG - QTConnector disconnect - Déconnecté. 
08:39:26.940  INFO - QuartisToolsServiceImpl Mise à jour du user QuartisTools 'administrateur' dans le groupe 'Administrateurs' réussie. 
08:39:38.235 DEBUG - TableDivTransformer createFileName ()--> Nom du fichier export = _Personnel_Activite_EnCours_Liste_1 
08:39:38.236 DEBUG - TableExcelTransformer actionPerformed - Ecriture dans le fichier 'C:\Osys\QuartisTools\Tomcat\webapps\Quartis-Web\.\work\_0.0.0.0.0.0.0.1-administrateur\_Personnel_Activite_EnCours_Liste_1\_Personnel_Activite_EnCours_Liste_1.xls'... 
08:39:38.236 DEBUG - TableExcelTransformer actionPerformed - Ecriture dans le fichier 'C:\Osys\QuartisTools\Tomcat\webapps\Quartis-Web\.\work\_0.0.0.0.0.0.0.1-administrateur\_Personnel_Activite_EnCours_Liste_1\_Personnel_Activite_EnCours_Liste_1.xls'... 
08:39:38.249 DEBUG - TableDivTransformer createFileName ()--> Nom du fichier export = _Personnel_Activite_EnCours_Liste_1 
08:39:38.249 DEBUG - TableExcelTransformer actionPerformed - Ecriture dans le fichier 'C:\Osys\QuartisTools\Tomcat\webapps\Quartis-Web\.\work\_0.0.0.0.0.0.0.1-administrateur\_Personnel_Activite_EnCours_Liste_1\_Personnel_Activite_EnCours_Liste_1.xls'... 
08:39:38.249 DEBUG - TableExcelTransformer actionPerformed - Ecriture dans le fichier 'C:\Osys\QuartisTools\Tomcat\webapps\Quartis-Web\.\work\_0.0.0.0.0.0.0.1-administrateur\_Personnel_Activite_EnCours_Liste_1\_Personnel_Activite_EnCours_Liste_1.xls'... 
08:39:38.259 DEBUG - TableExcelTransformer actionPerformed - Fin de l'écriture dans le fichier. 
08:39:38.271 DEBUG - TableExcelTransformer actionPerformed - Fin de l'écriture dans le fichier. 
08:39:45.189 DEBUG - GSqlQueryGeneratorSqlServer --->table =SERVICE query =set rowcount 3000  SELECT CODE_SERV_SITE  , CODE_SERV  , dbo.OPTIMA_TRADUCTION(DESI_SERV,'fr') +'@KEYLANG_'+DESI_SERV AS DESI_SERV  , CODE_SITE  , FLAG_SUPP FROM SERVICE  WHERE ( CODE_SITE = 'FAB')  ORDER BY CODE_SERV_SITE ASC  
08:39:55.962 DEBUG - GSqlQueryGeneratorSqlServer --->table =FAMILLE_ETAT_PERS query =set rowcount 3000  SELECT CODE_FAMI_ETAT_SITE  , CODE_FAMI_ETAT  , dbo.OPTIMA_TRADUCTION(DESI_FAMI_ETAT,'fr') +'@KEYLANG_'+DESI_FAMI_ETAT AS DESI_FAMI_ETAT  , NUME_COLO  , CODE_SITE  FROM FAMILLE_ETAT_PERS  WHERE ( CODE_SITE = 'FAB')  ORDER BY CODE_FAMI_ETAT_SITE ASC  
08:40:00.063 DEBUG - GSqlQueryGeneratorSqlServer --->table =ETAT_PERSONNEL query =set rowcount 3000  SELECT CODE_ETAT_PERS_SITE  , CODE_ETAT_PERS  , COUL_SUPE  , dbo.OPTIMA_TRADUCTION(DESI_ETAT_PERS,'fr') +'@KEYLANG_'+DESI_ETAT_PERS AS DESI_ETAT_PERS  , CODE_FAMI_ETAT  , CODE_SECT_ANAL  , CODE_TACH  , FLAG_PROD  , LOGO_ETAT  , CODE_SITE  , FLAG_SUPP FROM ETAT_PERSONNEL  WHERE ( CODE_SITE = 'FAB')  ORDER BY CODE_ETAT_PERS_SITE ASC  
08:40:05.497 DEBUG - GSqlQueryGeneratorSqlServer --->table =PERSONNEL query =set rowcount 3000  SELECT MATR_SITE  , MATR  , CODE_BADG  , FLAG_INTE  , NOM  , PREN  , ADRE_TELE  , ADRE_MAIL  , FLAG_BADG_BLOQ  , NOMB_ACTI_MAXI  , FLAG_SUIV_POIN  , KELI_KEY  , FLAG_GEST_PLAN  , FLAG_KELI_IMPO  , LIEN_IMAG  , CODE_HORA_1  , CODE_SERV  , CODE_EQUI_DEFA  , CODE_ATEL  , CODE_ATEL_DEFA  , CODE_SECT_GEOG  , CODE_SECT_GEOG_DEFA  , CODE_ETAT_PERS_DEFA  , CONVERT(NVARCHAR, DATEADD(SECOND, DELT_HEUR_UTC,DATE_DERN_POIN), 103) +' '+CONVERT(NVARCHAR, DATEADD(SECOND, DELT_HEUR_UTC,DATE_DERN_POIN), 108) AS DATE_DERN_POIN  , CODE_SITE  , DELT_HEUR_UTC  , CONVERT(NVARCHAR, DATEADD(SECOND, DELT_HEUR_UTC,DATE_EXPO_DIMO), 103) +' '+CONVERT(NVARCHAR, DATEADD(SECOND, DELT_HEUR_UTC,DATE_EXPO_DIMO), 108) AS DATE_EXPO_DIMO  , FLAG_HABI_MACH  , FLAG_SUPP FROM PERSONNEL  WHERE ( CODE_SITE = 'FAB')  ORDER BY MATR_SITE ASC  
08:40:12.165 DEBUG - GSqlQueryGeneratorSqlServer --->table =SERVICE query =set rowcount 3000  SELECT CODE_SERV_SITE  , CODE_SERV  , dbo.OPTIMA_TRADUCTION(DESI_SERV,'fr') +'@KEYLANG_'+DESI_SERV AS DESI_SERV  , CODE_SITE  , FLAG_SUPP FROM SERVICE  WHERE ( CODE_SITE = 'FAB')  ORDER BY CODE_SERV_SITE ASC  
08:40:47.341 DEBUG - GSqlQueryGeneratorSqlServer --->table =SERVICE query =set rowcount 3000  SELECT CODE_SERV_SITE  , CODE_SERV  , dbo.OPTIMA_TRADUCTION(DESI_SERV,'fr') +'@KEYLANG_'+DESI_SERV AS DESI_SERV  , CODE_SITE  , FLAG_SUPP FROM SERVICE  WHERE ( CODE_SITE = 'FAB')  ORDER BY CODE_SERV_SITE ASC  
08:41:45.125 DEBUG - GSqlQueryGeneratorSqlServer --->table =FAMILLE_ETAT_PERS query =set rowcount 3000  SELECT CODE_FAMI_ETAT_SITE  , CODE_FAMI_ETAT  , dbo.OPTIMA_TRADUCTION(DESI_FAMI_ETAT,'fr') +'@KEYLANG_'+DESI_FAMI_ETAT AS DESI_FAMI_ETAT  , NUME_COLO  , CODE_SITE  FROM FAMILLE_ETAT_PERS  WHERE ( CODE_SITE = 'FAB')  ORDER BY CODE_FAMI_ETAT_SITE ASC  
08:42:25.975 DEBUG - GSqlQueryGeneratorSqlServer --->table =HABILITATION_MACH query =set rowcount 3000  SELECT MATR  , CODE_MACH  , CODE_SITE  FROM HABILITATION_MACH  WHERE ( CODE_SITE = 'FAB')  ORDER BY MATR ASC  
08:42:28.659 DEBUG - GSqlQueryGeneratorSqlServer --->table =HABILITATION_SCEN query =set rowcount 3000  SELECT MATR  , CODE_SCEN  , CODE_SITE  FROM HABILITATION_SCEN  WHERE ( CODE_SITE = 'FAB')  ORDER BY MATR ASC  
08:42:36.092 DEBUG - TableDivTransformer createFileName ()--> Nom du fichier export = _Personnel_Activite_EnCours_Liste_1 
08:42:36.092 DEBUG - TableExcelTransformer actionPerformed - Ecriture dans le fichier 'C:\Osys\QuartisTools\Tomcat\webapps\Quartis-Web\.\work\_0.0.0.0.0.0.0.1-administrateur\_Personnel_Activite_EnCours_Liste_1\_Personnel_Activite_EnCours_Liste_1.xls'... 
08:42:36.092 DEBUG - TableExcelTransformer actionPerformed - Ecriture dans le fichier 'C:\Osys\QuartisTools\Tomcat\webapps\Quartis-Web\.\work\_0.0.0.0.0.0.0.1-administrateur\_Personnel_Activite_EnCours_Liste_1\_Personnel_Activite_EnCours_Liste_1.xls'... 
08:42:36.111 DEBUG - TableDivTransformer createFileName ()--> Nom du fichier export = _Personnel_Activite_EnCours_Liste_1 
08:42:36.112 DEBUG - TableExcelTransformer actionPerformed - Ecriture dans le fichier 'C:\Osys\QuartisTools\Tomcat\webapps\Quartis-Web\.\work\_0.0.0.0.0.0.0.1-administrateur\_Personnel_Activite_EnCours_Liste_1\_Personnel_Activite_EnCours_Liste_1.xls'... 
08:42:36.112 DEBUG - TableExcelTransformer actionPerformed - Ecriture dans le fichier 'C:\Osys\QuartisTools\Tomcat\webapps\Quartis-Web\.\work\_0.0.0.0.0.0.0.1-administrateur\_Personnel_Activite_EnCours_Liste_1\_Personnel_Activite_EnCours_Liste_1.xls'... 
08:42:36.113 DEBUG - TableExcelTransformer actionPerformed - Fin de l'écriture dans le fichier. 
08:42:36.133 DEBUG - TableExcelTransformer actionPerformed - Fin de l'écriture dans le fichier. 
08:42:44.606 DEBUG - GSqlQueryGeneratorSqlServer --->table =FAMILLE_ETAT_PERS query =set rowcount 3000  SELECT CODE_FAMI_ETAT_SITE  , CODE_FAMI_ETAT  , dbo.OPTIMA_TRADUCTION(DESI_FAMI_ETAT,'fr') +'@KEYLANG_'+DESI_FAMI_ETAT AS DESI_FAMI_ETAT  , NUME_COLO  , CODE_SITE  FROM FAMILLE_ETAT_PERS  WHERE ( CODE_SITE = 'FAB')  ORDER BY CODE_FAMI_ETAT_SITE ASC  
10:23:11.743 DEBUG - FiltreSession doFilter - UCS indique que l'utilisateur n'est pas connecté 
10:23:11.759 DEBUG - FiltreSession Requête pour page non login (http://localhost:8383/Quartis-Web/xxx.cas?action=deconnexion&userID=administrateur) mais pas de user en session. 
