10:18:27.907 DEBUG - AuthManagedBean autoconnect - Tentative de connexion SSO... 
10:18:27.985 DEBUG - ConnexionManagedBean User renseigné par filtre SSO LDAP : null 
10:18:27.985 DEBUG - ConnexionManagedBean ldapActive = false 
10:18:27.985 DEBUG - AuthManagedBean autoconnect - Echec de la connexion par SSO. 
10:19:06.205 DEBUG - LoginManagedBean user.id = administrateur, connecté par login/mdp Osys 
10:19:06.673 DEBUG - QTConnector connect - Connecting... 
10:19:06.673 DEBUG - QTConnector connect - Connected. 
10:19:06.673 DEBUG - QTConnector executeQuery - Sending 'USER @ID0 [] serveur_web SERVEUR-WEB'... 
10:19:06.673 DEBUG - QTConnector executeQuery - Sent. 
10:19:06.673 DEBUG - QTConnector executeQuery - Reading response... 
10:19:06.673 DEBUG - QTConnector readResponse - starting to listen... 
10:19:06.689 DEBUG - QTConnector readResponse - read trame : ACK 263172 
10:19:06.689 DEBUG - QTConnector executeQuery - Read: 'ACK 263172'. 
10:19:06.689 DEBUG - QTInternalCommunicator send_IdentifyOsysConsoleWeb - QTools returned : 263172 
10:19:06.689 DEBUG - QTConnector executeQuery - Sending 'LST_USER_CONNECT'... 
10:19:06.689 DEBUG - QTConnector executeQuery - Sent. 
10:19:06.689 DEBUG - QTConnector executeQuery - Reading response... 
10:19:06.689 DEBUG - QTConnector readResponse - starting to listen... 
10:19:06.689 DEBUG - QTConnector readResponse - read trame : <lstuserconnect max="3" connect="3" />\x0a 
10:19:06.689 DEBUG - QTConnector executeQuery - Read: '<lstuserconnect max="3" connect="3" />\x0a'. 
10:19:06.689 DEBUG - QTConnector disconnect - Déconnexion... 
10:19:06.689 DEBUG - QTConnector disconnect - Déconnecté. 
10:19:06.720 DEBUG - QuartisToolsServiceImpl createOrUpdateUser - username : 'administrateur', groupName : 'Administrateurs'... 
10:19:06.720 DEBUG - QTConnector connect - Connecting... 
10:19:06.720 DEBUG - QTConnector connect - Connected. 
10:19:06.720 DEBUG - QTConnector executeQuery - Sending 'USER @ID0 [] serveur_web SERVEUR-WEB'... 
10:19:06.720 DEBUG - QTConnector executeQuery - Sent. 
10:19:06.720 DEBUG - QTConnector executeQuery - Reading response... 
10:19:06.720 DEBUG - QTConnector readResponse - starting to listen... 
10:19:06.767 DEBUG - QTConnector readResponse - read trame : ACK 263172 
10:19:06.767 DEBUG - QTConnector executeQuery - Read: 'ACK 263172'. 
10:19:06.767 DEBUG - QTSrvCommunicator send_IdentifyOsysConsoleWeb - QTools returned : 263172 
10:19:06.767 DEBUG - QTSrvCommunicator send_CreateUserQuartisTools - message =  USR USER OBJ ADD [administrateur] [Administrateurs]
 {
 PASSWORD []
 }
 
10:19:06.767 DEBUG - QTConnector executeQuery - Sending ' USR USER OBJ ADD [administrateur] [Administrateurs]
 {
 PASSWORD []
 }
'... 
10:19:06.767 DEBUG - QTConnector executeQuery - Sent. 
10:19:06.767 DEBUG - QTConnector executeQuery - Reading response... 
10:19:06.767 DEBUG - QTConnector readResponse - starting to listen... 
10:19:06.767 DEBUG - QTConnector readResponse - read trame : ACK -10 
10:19:06.767 DEBUG - QTConnector executeQuery - Read: 'ACK -10'. 
10:19:06.767 DEBUG - QTSrvCommunicator send_CreateUserQuartisTools - QTools returned : -10 
10:19:06.767 DEBUG - QTSrvCommunicator send_UpdateUserQuartisTools - message :  USR USER OBJ SET [administrateur] [Administrateurs]
 {
 PASSWORD []
 }
 
10:19:06.767 DEBUG - QTConnector executeQuery - Sending ' USR USER OBJ SET [administrateur] [Administrateurs]
 {
 PASSWORD []
 }
'... 
10:19:06.767 DEBUG - QTConnector executeQuery - Sent. 
10:19:06.767 DEBUG - QTConnector executeQuery - Reading response... 
10:19:06.767 DEBUG - QTConnector readResponse - starting to listen... 
10:19:06.814 DEBUG - QTConnector readResponse - read trame : ACK 0 
10:19:06.814 DEBUG - QTConnector executeQuery - Read: 'ACK 0'. 
10:19:06.814 DEBUG - QTSrvCommunicator send_UpdateUserQuartisTools - QTools returned : 0 
10:19:06.814 DEBUG - QTConnector disconnect - Déconnexion... 
10:19:06.814 DEBUG - QTConnector disconnect - Déconnecté. 
10:19:06.814  INFO - QuartisToolsServiceImpl Mise à jour du user QuartisTools 'administrateur' dans le groupe 'Administrateurs' réussie. 
10:19:14.161 ERROR - FormulairesManagedBean Pas de droits pour le profil : ADMIN - Administrateur 
10:19:17.379 ERROR - FormulairesManagedBean Pas de droits pour le profil : ADMIN - Administrateur 
10:19:20.906 ERROR - FormulairesManagedBean Pas de droits pour le profil : ADMIN - Administrateur 
10:19:26.302 DEBUG - TableDivTransformer createFileName ()--> Nom du fichier export = _Personnel_Activite_EnCours_Liste_1 
10:19:26.318 DEBUG - TableDivTransformer createFileName ()--> Nom du fichier export = _Personnel_Activite_EnCours_Liste_1 
10:19:26.318 DEBUG - TableExcelTransformer actionPerformed - Ecriture dans le fichier 'C:\Osys\QuartisTools\Tomcat\webapps\Quartis-Web\.\work\_0.0.0.0.0.0.0.1-administrateur\_Personnel_Activite_EnCours_Liste_1\_Personnel_Activite_EnCours_Liste_1.xls'... 
10:19:26.318 DEBUG - TableExcelTransformer actionPerformed - Ecriture dans le fichier 'C:\Osys\QuartisTools\Tomcat\webapps\Quartis-Web\.\work\_0.0.0.0.0.0.0.1-administrateur\_Personnel_Activite_EnCours_Liste_1\_Personnel_Activite_EnCours_Liste_1.xls'... 
10:19:26.318 DEBUG - TableExcelTransformer actionPerformed - Ecriture dans le fichier 'C:\Osys\QuartisTools\Tomcat\webapps\Quartis-Web\.\work\_0.0.0.0.0.0.0.1-administrateur\_Personnel_Activite_EnCours_Liste_1\_Personnel_Activite_EnCours_Liste_1.xls'... 
10:19:26.318 DEBUG - TableExcelTransformer actionPerformed - Ecriture dans le fichier 'C:\Osys\QuartisTools\Tomcat\webapps\Quartis-Web\.\work\_0.0.0.0.0.0.0.1-administrateur\_Personnel_Activite_EnCours_Liste_1\_Personnel_Activite_EnCours_Liste_1.xls'... 
10:19:26.334 DEBUG - TableExcelTransformer actionPerformed - Fin de l'écriture dans le fichier. 
10:19:26.334 DEBUG - TableExcelTransformer actionPerformed - Fin de l'écriture dans le fichier. 
10:19:32.967 DEBUG - GSqlQueryGeneratorSqlServer --->table =PERSONNEL query =set rowcount 3000  SELECT MATR_SITE  , MATR  , CODE_BADG  , FLAG_INTE  , NOM  , PREN  , ADRE_TELE  , ADRE_MAIL  , FLAG_BADG_BLOQ  , NOMB_ACTI_MAXI  , FLAG_SUIV_POIN  , KELI_KEY  , FLAG_GEST_PLAN  , FLAG_KELI_IMPO  , LIEN_IMAG  , CODE_HORA_1  , CODE_SERV  , CODE_EQUI_DEFA  , CODE_ATEL  , CODE_ATEL_DEFA  , CODE_SECT_GEOG  , CODE_SECT_GEOG_DEFA  , CODE_ETAT_PERS_DEFA  , CONVERT(NVARCHAR, DATEADD(SECOND, DELT_HEUR_UTC,DATE_DERN_POIN), 103) +' '+CONVERT(NVARCHAR, DATEADD(SECOND, DELT_HEUR_UTC,DATE_DERN_POIN), 108) AS DATE_DERN_POIN  , CODE_SITE  , DELT_HEUR_UTC  , CONVERT(NVARCHAR, DATEADD(SECOND, DELT_HEUR_UTC,DATE_EXPO_DIMO), 103) +' '+CONVERT(NVARCHAR, DATEADD(SECOND, DELT_HEUR_UTC,DATE_EXPO_DIMO), 108) AS DATE_EXPO_DIMO  , FLAG_HABI_MACH  , FLAG_SUPP FROM PERSONNEL  WHERE ( CODE_SITE = 'FAB')  ORDER BY MATR_SITE ASC  
10:20:54.439 DEBUG - GSqlQueryGeneratorSqlServer --->table =PERSONNEL query =set rowcount 3000  SELECT MATR_SITE  , MATR  , CODE_BADG  , FLAG_INTE  , NOM  , PREN  , ADRE_TELE  , ADRE_MAIL  , FLAG_BADG_BLOQ  , NOMB_ACTI_MAXI  , FLAG_SUIV_POIN  , KELI_KEY  , FLAG_GEST_PLAN  , FLAG_KELI_IMPO  , LIEN_IMAG  , CODE_HORA_1  , CODE_SERV  , CODE_EQUI_DEFA  , CODE_ATEL  , CODE_ATEL_DEFA  , CODE_SECT_GEOG  , CODE_SECT_GEOG_DEFA  , CODE_ETAT_PERS_DEFA  , CONVERT(NVARCHAR, DATEADD(SECOND, DELT_HEUR_UTC,DATE_DERN_POIN), 103) +' '+CONVERT(NVARCHAR, DATEADD(SECOND, DELT_HEUR_UTC,DATE_DERN_POIN), 108) AS DATE_DERN_POIN  , CODE_SITE  , DELT_HEUR_UTC  , CONVERT(NVARCHAR, DATEADD(SECOND, DELT_HEUR_UTC,DATE_EXPO_DIMO), 103) +' '+CONVERT(NVARCHAR, DATEADD(SECOND, DELT_HEUR_UTC,DATE_EXPO_DIMO), 108) AS DATE_EXPO_DIMO  , FLAG_HABI_MACH  , FLAG_SUPP FROM PERSONNEL  WHERE ( CODE_SITE = 'FAB')  AND ( FLAG_BADG_BLOQ LIKE  '%'  OR FLAG_BADG_BLOQ IS NULL  )  ORDER BY MATR_SITE ASC  
10:21:07.091 DEBUG - GSqlQueryGeneratorSqlServer --->table =PERSONNEL query =set rowcount 3000  SELECT MATR_SITE  , MATR  , CODE_BADG  , FLAG_INTE  , NOM  , PREN  , ADRE_TELE  , ADRE_MAIL  , FLAG_BADG_BLOQ  , NOMB_ACTI_MAXI  , FLAG_SUIV_POIN  , KELI_KEY  , FLAG_GEST_PLAN  , FLAG_KELI_IMPO  , LIEN_IMAG  , CODE_HORA_1  , CODE_SERV  , CODE_EQUI_DEFA  , CODE_ATEL  , CODE_ATEL_DEFA  , CODE_SECT_GEOG  , CODE_SECT_GEOG_DEFA  , CODE_ETAT_PERS_DEFA  , CONVERT(NVARCHAR, DATEADD(SECOND, DELT_HEUR_UTC,DATE_DERN_POIN), 103) +' '+CONVERT(NVARCHAR, DATEADD(SECOND, DELT_HEUR_UTC,DATE_DERN_POIN), 108) AS DATE_DERN_POIN  , CODE_SITE  , DELT_HEUR_UTC  , CONVERT(NVARCHAR, DATEADD(SECOND, DELT_HEUR_UTC,DATE_EXPO_DIMO), 103) +' '+CONVERT(NVARCHAR, DATEADD(SECOND, DELT_HEUR_UTC,DATE_EXPO_DIMO), 108) AS DATE_EXPO_DIMO  , FLAG_HABI_MACH  , FLAG_SUPP FROM PERSONNEL  WHERE ( CODE_SITE = 'FAB')  AND ( FLAG_BADG_BLOQ LIKE  '%'  OR FLAG_BADG_BLOQ IS NULL  )  ORDER BY MATR_SITE ASC  
12:03:41.979 DEBUG - FiltreSession doFilter - UCS indique que l'utilisateur n'est pas connecté 
12:03:41.979 DEBUG - FiltreSession Requête pour page non login (http://localhost:8383/Quartis-Web/moduleChange.ajx?moduleID=OPTIMA_Standard&userID=administrateur) mais pas de user en session. 
12:03:43.695 DEBUG - FiltreSession doFilter - UCS indique que l'utilisateur n'est pas connecté 
12:03:44.631 DEBUG - FiltreSession doFilter - UCS indique que l'utilisateur n'est pas connecté 
12:03:44.631 DEBUG - FiltreSession Requête pour page non login (http://localhost:8383/Quartis-Web/xxx.cas?action=deconnexion&userID=administrateur) mais pas de user en session. 
12:03:44.740 DEBUG - FiltreSession doFilter - UCS indique que l'utilisateur n'est pas connecté 
12:03:44.818 DEBUG - FiltreSession doFilter - UCS indique que l'utilisateur n'est pas connecté 
12:03:53.862 DEBUG - FiltreSession doFilter - UCS indique que l'utilisateur n'est pas connecté 
12:03:53.893 DEBUG - LoginManagedBean user.id = administrateur, connecté par login/mdp Osys 
12:03:54.486 DEBUG - QTConnector connect - Connecting... 
12:03:54.501 DEBUG - QTConnector connect - Connected. 
12:03:54.501 DEBUG - QTConnector executeQuery - Sending 'USER @ID0 [] serveur_web SERVEUR-WEB'... 
12:03:54.501 DEBUG - QTConnector executeQuery - Sent. 
12:03:54.501 DEBUG - QTConnector executeQuery - Reading response... 
12:03:54.501 DEBUG - QTConnector readResponse - starting to listen... 
12:03:54.501 DEBUG - QTConnector readResponse - read trame : ACK 263172 
12:03:54.501 DEBUG - QTConnector executeQuery - Read: 'ACK 263172'. 
12:03:54.501 DEBUG - QTInternalCommunicator send_IdentifyOsysConsoleWeb - QTools returned : 263172 
12:03:54.501 DEBUG - QTConnector executeQuery - Sending 'LST_USER_CONNECT'... 
12:03:54.501 DEBUG - QTConnector executeQuery - Sent. 
12:03:54.501 DEBUG - QTConnector executeQuery - Reading response... 
12:03:54.501 DEBUG - QTConnector readResponse - starting to listen... 
12:03:54.501 DEBUG - QTConnector readResponse - read trame : <lstuserconnect max="3" connect="2" />\x0a 
12:03:54.501 DEBUG - QTConnector executeQuery - Read: '<lstuserconnect max="3" connect="2" />\x0a'. 
12:03:54.501 DEBUG - QTConnector disconnect - Déconnexion... 
12:03:54.501 DEBUG - QTConnector disconnect - Déconnecté. 
12:03:54.532 DEBUG - QuartisToolsServiceImpl createOrUpdateUser - username : 'administrateur', groupName : 'Administrateurs'... 
12:03:54.532 DEBUG - QTConnector connect - Connecting... 
12:03:54.532 DEBUG - QTConnector connect - Connected. 
12:03:54.532 DEBUG - QTConnector executeQuery - Sending 'USER @ID0 [] serveur_web SERVEUR-WEB'... 
12:03:54.532 DEBUG - QTConnector executeQuery - Sent. 
12:03:54.532 DEBUG - QTConnector executeQuery - Reading response... 
12:03:54.532 DEBUG - QTConnector readResponse - starting to listen... 
12:03:54.532 DEBUG - QTConnector readResponse - read trame : ACK 263172 
12:03:54.532 DEBUG - QTConnector executeQuery - Read: 'ACK 263172'. 
12:03:54.532 DEBUG - QTSrvCommunicator send_IdentifyOsysConsoleWeb - QTools returned : 263172 
12:03:54.532 DEBUG - QTSrvCommunicator send_CreateUserQuartisTools - message =  USR USER OBJ ADD [administrateur] [Administrateurs]
 {
 PASSWORD []
 }
 
12:03:54.532 DEBUG - QTConnector executeQuery - Sending ' USR USER OBJ ADD [administrateur] [Administrateurs]
 {
 PASSWORD []
 }
'... 
12:03:54.532 DEBUG - QTConnector executeQuery - Sent. 
12:03:54.532 DEBUG - QTConnector executeQuery - Reading response... 
12:03:54.532 DEBUG - QTConnector readResponse - starting to listen... 
12:03:54.532 DEBUG - QTConnector readResponse - read trame : ACK -10 
12:03:54.532 DEBUG - QTConnector executeQuery - Read: 'ACK -10'. 
12:03:54.532 DEBUG - QTSrvCommunicator send_CreateUserQuartisTools - QTools returned : -10 
12:03:54.532 DEBUG - QTSrvCommunicator send_UpdateUserQuartisTools - message :  USR USER OBJ SET [administrateur] [Administrateurs]
 {
 PASSWORD []
 }
 
12:03:54.532 DEBUG - QTConnector executeQuery - Sending ' USR USER OBJ SET [administrateur] [Administrateurs]
 {
 PASSWORD []
 }
'... 
12:03:54.532 DEBUG - QTConnector executeQuery - Sent. 
12:03:54.532 DEBUG - QTConnector executeQuery - Reading response... 
12:03:54.532 DEBUG - QTConnector readResponse - starting to listen... 
12:03:54.548 DEBUG - QTConnector readResponse - read trame : ACK 0 
12:03:54.548 DEBUG - QTConnector executeQuery - Read: 'ACK 0'. 
12:03:54.548 DEBUG - QTSrvCommunicator send_UpdateUserQuartisTools - QTools returned : 0 
12:03:54.548 DEBUG - QTConnector disconnect - Déconnexion... 
12:03:54.548 DEBUG - QTConnector disconnect - Déconnecté. 
12:03:54.548  INFO - QuartisToolsServiceImpl Mise à jour du user QuartisTools 'administrateur' dans le groupe 'Administrateurs' réussie. 
12:04:01.526 DEBUG - TableDivTransformer createFileName ()--> Nom du fichier export = _Standard_System_Event_List 
12:04:01.526 DEBUG - TableExcelTransformer actionPerformed - Ecriture dans le fichier 'C:\Osys\QuartisTools\Tomcat\webapps\Quartis-Web\.\work\_0.0.0.0.0.0.0.1-administrateur\_Standard_System_Event_List\_Standard_System_Event_List.xls'... 
12:04:01.526 DEBUG - TableExcelTransformer actionPerformed - Ecriture dans le fichier 'C:\Osys\QuartisTools\Tomcat\webapps\Quartis-Web\.\work\_0.0.0.0.0.0.0.1-administrateur\_Standard_System_Event_List\_Standard_System_Event_List.xls'... 
12:04:01.542 DEBUG - TableDivTransformer createFileName ()--> Nom du fichier export = _Standard_System_Event_List 
12:04:01.542 DEBUG - TableExcelTransformer actionPerformed - Ecriture dans le fichier 'C:\Osys\QuartisTools\Tomcat\webapps\Quartis-Web\.\work\_0.0.0.0.0.0.0.1-administrateur\_Standard_System_Event_List\_Standard_System_Event_List.xls'... 
12:04:01.542 DEBUG - TableExcelTransformer actionPerformed - Ecriture dans le fichier 'C:\Osys\QuartisTools\Tomcat\webapps\Quartis-Web\.\work\_0.0.0.0.0.0.0.1-administrateur\_Standard_System_Event_List\_Standard_System_Event_List.xls'... 
12:04:01.667 DEBUG - TableExcelTransformer actionPerformed - Fin de l'écriture dans le fichier. 
12:04:01.667 DEBUG - TableExcelTransformer actionPerformed - Fin de l'écriture dans le fichier. 
14:01:40.788 DEBUG - FiltreSession doFilter - UCS indique que l'utilisateur n'est pas connecté 
14:01:40.804 DEBUG - FiltreSession Requête pour page non login (http://localhost:8383/Quartis-Web/moduleChange.ajx?moduleID=OPTIMA_Standard&userID=administrateur) mais pas de user en session. 
14:01:42.738 DEBUG - FiltreSession doFilter - UCS indique que l'utilisateur n'est pas connecté 
14:01:43.799 DEBUG - FiltreSession doFilter - UCS indique que l'utilisateur n'est pas connecté 
14:01:43.799 DEBUG - FiltreSession Requête pour page non login (http://localhost:8383/Quartis-Web/xxx.cas?action=deconnexion&userID=administrateur) mais pas de user en session. 
14:01:43.939 DEBUG - FiltreSession doFilter - UCS indique que l'utilisateur n'est pas connecté 
14:01:44.002 DEBUG - FiltreSession doFilter - UCS indique que l'utilisateur n'est pas connecté 
14:01:52.763 DEBUG - FiltreSession doFilter - UCS indique que l'utilisateur n'est pas connecté 
14:01:52.778 DEBUG - LoginManagedBean user.id = administrateur, connecté par login/mdp Osys 
14:01:55.493 DEBUG - QTConnector connect - Connecting... 
14:01:55.508 DEBUG - QTConnector connect - Connected. 
14:01:55.508 DEBUG - QTConnector executeQuery - Sending 'USER @ID0 [] serveur_web SERVEUR-WEB'... 
14:01:55.508 DEBUG - QTConnector executeQuery - Sent. 
14:01:55.508 DEBUG - QTConnector executeQuery - Reading response... 
14:01:55.508 DEBUG - QTConnector readResponse - starting to listen... 
14:01:55.508 DEBUG - QTConnector readResponse - read trame : ACK 263172 
14:01:55.508 DEBUG - QTConnector executeQuery - Read: 'ACK 263172'. 
14:01:55.508 DEBUG - QTInternalCommunicator send_IdentifyOsysConsoleWeb - QTools returned : 263172 
14:01:55.508 DEBUG - QTConnector executeQuery - Sending 'LST_USER_CONNECT'... 
14:01:55.508 DEBUG - QTConnector executeQuery - Sent. 
14:01:55.508 DEBUG - QTConnector executeQuery - Reading response... 
14:01:55.508 DEBUG - QTConnector readResponse - starting to listen... 
14:01:55.508 DEBUG - QTConnector readResponse - read trame : <lstuserconnect max="3" connect="0" />\x0a 
14:01:55.508 DEBUG - QTConnector executeQuery - Read: '<lstuserconnect max="3" connect="0" />\x0a'. 
14:01:55.508 DEBUG - QTConnector disconnect - Déconnexion... 
14:01:55.508 DEBUG - QTConnector disconnect - Déconnecté. 
14:01:55.524 DEBUG - QuartisToolsServiceImpl createOrUpdateUser - username : 'administrateur', groupName : 'Administrateurs'... 
14:01:55.524 DEBUG - QTConnector connect - Connecting... 
14:01:55.524 DEBUG - QTConnector connect - Connected. 
14:01:55.524 DEBUG - QTConnector executeQuery - Sending 'USER @ID0 [] serveur_web SERVEUR-WEB'... 
14:01:55.524 DEBUG - QTConnector executeQuery - Sent. 
14:01:55.524 DEBUG - QTConnector executeQuery - Reading response... 
14:01:55.524 DEBUG - QTConnector readResponse - starting to listen... 
14:01:55.524 DEBUG - QTConnector readResponse - read trame : ACK 263172 
14:01:55.524 DEBUG - QTConnector executeQuery - Read: 'ACK 263172'. 
14:01:55.524 DEBUG - QTSrvCommunicator send_IdentifyOsysConsoleWeb - QTools returned : 263172 
14:01:55.524 DEBUG - QTSrvCommunicator send_CreateUserQuartisTools - message =  USR USER OBJ ADD [administrateur] [Administrateurs]
 {
 PASSWORD []
 }
 
14:01:55.524 DEBUG - QTConnector executeQuery - Sending ' USR USER OBJ ADD [administrateur] [Administrateurs]
 {
 PASSWORD []
 }
'... 
14:01:55.524 DEBUG - QTConnector executeQuery - Sent. 
14:01:55.540 DEBUG - QTConnector executeQuery - Reading response... 
14:01:55.540 DEBUG - QTConnector readResponse - starting to listen... 
14:01:55.540 DEBUG - QTConnector readResponse - read trame : ACK -10 
14:01:55.540 DEBUG - QTConnector executeQuery - Read: 'ACK -10'. 
14:01:55.540 DEBUG - QTSrvCommunicator send_CreateUserQuartisTools - QTools returned : -10 
14:01:55.540 DEBUG - QTSrvCommunicator send_UpdateUserQuartisTools - message :  USR USER OBJ SET [administrateur] [Administrateurs]
 {
 PASSWORD []
 }
 
14:01:55.540 DEBUG - QTConnector executeQuery - Sending ' USR USER OBJ SET [administrateur] [Administrateurs]
 {
 PASSWORD []
 }
'... 
14:01:55.540 DEBUG - QTConnector executeQuery - Sent. 
14:01:55.540 DEBUG - QTConnector executeQuery - Reading response... 
14:01:55.540 DEBUG - QTConnector readResponse - starting to listen... 
14:01:55.540 DEBUG - QTConnector readResponse - read trame : ACK 0 
14:01:55.540 DEBUG - QTConnector executeQuery - Read: 'ACK 0'. 
14:01:55.540 DEBUG - QTSrvCommunicator send_UpdateUserQuartisTools - QTools returned : 0 
14:01:55.540 DEBUG - QTConnector disconnect - Déconnexion... 
14:01:55.540 DEBUG - QTConnector disconnect - Déconnecté. 
14:01:55.540  INFO - QuartisToolsServiceImpl Mise à jour du user QuartisTools 'administrateur' dans le groupe 'Administrateurs' réussie. 
14:02:02.393 DEBUG - TableDivTransformer createFileName ()--> Nom du fichier export = _Standard_System_Event_List 
14:02:02.393 DEBUG - TableDivTransformer createFileName ()--> Nom du fichier export = _Standard_System_Event_List 
14:02:02.396 DEBUG - TableExcelTransformer actionPerformed - Ecriture dans le fichier 'C:\Osys\QuartisTools\Tomcat\webapps\Quartis-Web\.\work\_0.0.0.0.0.0.0.1-administrateur\_Standard_System_Event_List\_Standard_System_Event_List.xls'... 
14:02:02.396 DEBUG - TableExcelTransformer actionPerformed - Ecriture dans le fichier 'C:\Osys\QuartisTools\Tomcat\webapps\Quartis-Web\.\work\_0.0.0.0.0.0.0.1-administrateur\_Standard_System_Event_List\_Standard_System_Event_List.xls'... 
14:02:02.396 DEBUG - TableExcelTransformer actionPerformed - Ecriture dans le fichier 'C:\Osys\QuartisTools\Tomcat\webapps\Quartis-Web\.\work\_0.0.0.0.0.0.0.1-administrateur\_Standard_System_Event_List\_Standard_System_Event_List.xls'... 
14:02:02.396 DEBUG - TableExcelTransformer actionPerformed - Ecriture dans le fichier 'C:\Osys\QuartisTools\Tomcat\webapps\Quartis-Web\.\work\_0.0.0.0.0.0.0.1-administrateur\_Standard_System_Event_List\_Standard_System_Event_List.xls'... 
14:02:02.552 DEBUG - TableExcelTransformer actionPerformed - Fin de l'écriture dans le fichier. 
14:02:02.552 DEBUG - TableExcelTransformer actionPerformed - Fin de l'écriture dans le fichier. 
15:47:34.759 DEBUG - FiltreSession doFilter - UCS indique que l'utilisateur n'est pas connecté 
15:47:34.759 DEBUG - FiltreSession Requête pour page non login (http://localhost:8383/Quartis-Web/xxx.cas?action=deconnexion&userID=administrateur) mais pas de user en session. 
15:57:16.187  INFO - PropertiesDelegate Destruction du properties manager ! 
16:03:45.848 DEBUG - TomcatListener contextInitialized - servletContext.realPath : C:\Osys\QuartisTools\Tomcat\webapps\Quartis-Web 
16:03:45.895  INFO - PropertiesDelegate Ouverture du fichier de configuration à l'emplacement : C:\Osys\QuartisTools\Tomcat/conf/quartis-web.properties 
16:03:46.160  INFO - TomcatListener -----> Supression des fichier temporaires 
16:03:50.765  INFO - TomcatListener Ouverture du fichier indiquant la base de données : C:\Osys\QuartisTools\Tomcat/conf/datasources.xml... 
16:03:54.088  INFO - DataSourceManager Création de la datasource : QuartisWeb-PU 
16:07:06.917  INFO - PropertiesDelegate Destruction du properties manager ! 
16:07:59.536 DEBUG - TomcatListener contextInitialized - servletContext.realPath : C:\Osys\QuartisTools\Tomcat\webapps\Quartis-Web 
16:07:59.552  INFO - PropertiesDelegate Ouverture du fichier de configuration à l'emplacement : C:\Osys\QuartisTools\Tomcat/conf/quartis-web.properties 
16:07:59.599  INFO - TomcatListener -----> Supression des fichier temporaires 
16:07:59.755  INFO - TomcatListener Ouverture du fichier indiquant la base de données : C:\Osys\QuartisTools\Tomcat/conf/datasources.xml... 
16:07:59.864  INFO - DataSourceManager Création de la datasource : QuartisWeb-PU 
16:22:02.429  INFO - PropertiesDelegate Destruction du properties manager ! 
16:22:43.613 DEBUG - TomcatListener contextInitialized - servletContext.realPath : C:\Osys\QuartisTools\Tomcat\webapps\Quartis-Web 
16:22:43.644  INFO - PropertiesDelegate Ouverture du fichier de configuration à l'emplacement : C:\Osys\QuartisTools\Tomcat/conf/quartis-web.properties 
16:22:43.706  INFO - TomcatListener -----> Supression des fichier temporaires 
16:22:43.987  INFO - TomcatListener Ouverture du fichier indiquant la base de données : C:\Osys\QuartisTools\Tomcat/conf/datasources.xml... 
16:22:44.143  INFO - DataSourceManager Création de la datasource : QuartisWeb-PU 
16:24:28.389 DEBUG - AuthManagedBean autoconnect - Tentative de connexion SSO... 
16:24:28.392 DEBUG - ConnexionManagedBean User renseigné par filtre SSO LDAP : null 
16:24:28.392 DEBUG - ConnexionManagedBean ldapActive = false 
16:24:28.393 DEBUG - AuthManagedBean autoconnect - Echec de la connexion par SSO. 
16:24:33.289 DEBUG - LoginManagedBean user.id = administrateur, connecté par login/mdp Osys 
16:24:33.423 DEBUG - QTConnector connect - Connecting... 
16:24:33.426 DEBUG - QTConnector connect - Connected. 
16:24:33.429 DEBUG - QTConnector executeQuery - Sending 'USER @ID0 [] serveur_web SERVEUR-WEB'... 
16:24:33.429 DEBUG - QTConnector executeQuery - Sent. 
16:24:33.430 DEBUG - QTConnector executeQuery - Reading response... 
16:24:33.430 DEBUG - QTConnector readResponse - starting to listen... 
16:24:33.430 DEBUG - QTConnector readResponse - read trame : ACK 263172 
16:24:33.431 DEBUG - QTConnector executeQuery - Read: 'ACK 263172'. 
16:24:33.432 DEBUG - QTInternalCommunicator send_IdentifyOsysConsoleWeb - QTools returned : 263172 
16:24:33.433 DEBUG - QTConnector executeQuery - Sending 'LST_USER_CONNECT'... 
16:24:33.434 DEBUG - QTConnector executeQuery - Sent. 
16:24:33.434 DEBUG - QTConnector executeQuery - Reading response... 
16:24:33.434 DEBUG - QTConnector readResponse - starting to listen... 
16:24:33.435 DEBUG - QTConnector readResponse - read trame : <lstuserconnect max="3" connect="1" />\x0a 
16:24:33.435 DEBUG - QTConnector executeQuery - Read: '<lstuserconnect max="3" connect="1" />\x0a'. 
16:24:33.436 DEBUG - QTConnector disconnect - Déconnexion... 
16:24:33.436 DEBUG - QTConnector disconnect - Déconnecté. 
16:24:33.559 DEBUG - QuartisToolsServiceImpl createOrUpdateUser - username : 'administrateur', groupName : 'Administrateurs'... 
16:24:33.562 DEBUG - QTConnector connect - Connecting... 
16:24:33.564 DEBUG - QTConnector connect - Connected. 
16:24:33.565 DEBUG - QTConnector executeQuery - Sending 'USER @ID0 [] serveur_web SERVEUR-WEB'... 
16:24:33.565 DEBUG - QTConnector executeQuery - Sent. 
16:24:33.566 DEBUG - QTConnector executeQuery - Reading response... 
16:24:33.566 DEBUG - QTConnector readResponse - starting to listen... 
16:24:33.566 DEBUG - QTConnector readResponse - read trame : ACK 263172 
16:24:33.567 DEBUG - QTConnector executeQuery - Read: 'ACK 263172'. 
16:24:33.567 DEBUG - QTSrvCommunicator send_IdentifyOsysConsoleWeb - QTools returned : 263172 
16:24:33.567 DEBUG - QTSrvCommunicator send_CreateUserQuartisTools - message =  USR USER OBJ ADD [administrateur] [Administrateurs]
 {
 PASSWORD []
 }
 
16:24:33.567 DEBUG - QTConnector executeQuery - Sending ' USR USER OBJ ADD [administrateur] [Administrateurs]
 {
 PASSWORD []
 }
'... 
16:24:33.568 DEBUG - QTConnector executeQuery - Sent. 
16:24:33.568 DEBUG - QTConnector executeQuery - Reading response... 
16:24:33.568 DEBUG - QTConnector readResponse - starting to listen... 
16:24:33.569 DEBUG - QTConnector readResponse - read trame : ACK -10 
16:24:33.570 DEBUG - QTConnector executeQuery - Read: 'ACK -10'. 
16:24:33.570 DEBUG - QTSrvCommunicator send_CreateUserQuartisTools - QTools returned : -10 
16:24:33.570 DEBUG - QTSrvCommunicator send_UpdateUserQuartisTools - message :  USR USER OBJ SET [administrateur] [Administrateurs]
 {
 PASSWORD []
 }
 
16:24:33.570 DEBUG - QTConnector executeQuery - Sending ' USR USER OBJ SET [administrateur] [Administrateurs]
 {
 PASSWORD []
 }
'... 
16:24:33.571 DEBUG - QTConnector executeQuery - Sent. 
16:24:33.571 DEBUG - QTConnector executeQuery - Reading response... 
16:24:33.571 DEBUG - QTConnector readResponse - starting to listen... 
16:24:33.573 DEBUG - QTConnector readResponse - read trame : ACK 0 
16:24:33.573 DEBUG - QTConnector executeQuery - Read: 'ACK 0'. 
16:24:33.573 DEBUG - QTSrvCommunicator send_UpdateUserQuartisTools - QTools returned : 0 
16:24:33.573 DEBUG - QTConnector disconnect - Déconnexion... 
16:24:33.574 DEBUG - QTConnector disconnect - Déconnecté. 
16:24:33.574  INFO - QuartisToolsServiceImpl Mise à jour du user QuartisTools 'administrateur' dans le groupe 'Administrateurs' réussie. 
16:24:37.266 DEBUG - TransfertFile copyFile (pls) - Copie de 18 fichiers vers 'C:\Osys\QUARTIS_PRO\quartis-pro-web\users\administrateur\language.properties'... 
16:24:37.267 DEBUG - TransfertFile copyFile (pls) - Copie du fichier 0/18 : 'C:\Osys\QUARTIS_PRO\quartis-pro-web\Standard\OPTIMA_00_Standard\language.properties'. 
16:24:37.268 DEBUG - TransfertFile copyFile (fileChannel) - Copie de 'C:\Osys\QUARTIS_PRO\quartis-pro-web\Standard\OPTIMA_00_Standard\language.properties'... 
16:24:37.291 DEBUG - TransfertFile copyFile (fileChannel) - Fin de la copie. 
16:24:37.291 DEBUG - TransfertFile copyFile (pls) - Copie du fichier 1/18 : 'C:\Osys\QUARTIS_PRO\quartis-pro-web\Standard\OPTIMA_10_Personnel\language.properties'. 
16:24:37.291 DEBUG - TransfertFile copyFile (fileChannel) - Copie de 'C:\Osys\QUARTIS_PRO\quartis-pro-web\Standard\OPTIMA_10_Personnel\language.properties'... 
16:24:37.306 DEBUG - TransfertFile copyFile (fileChannel) - Fin de la copie. 
16:24:37.306 DEBUG - TransfertFile copyFile (pls) - Copie du fichier 2/18 : 'C:\Osys\QUARTIS_PRO\quartis-pro-web\Standard\OPTIMA_15_Equipement\language.properties'. 
16:24:37.307 DEBUG - TransfertFile copyFile (fileChannel) - Copie de 'C:\Osys\QUARTIS_PRO\quartis-pro-web\Standard\OPTIMA_15_Equipement\language.properties'... 
16:24:37.322 DEBUG - TransfertFile copyFile (fileChannel) - Fin de la copie. 
16:24:37.322 DEBUG - TransfertFile copyFile (pls) - Copie du fichier 3/18 : 'C:\Osys\QUARTIS_PRO\quartis-pro-web\Standard\OPTIMA_20_Production\language.properties'. 
16:24:37.322 DEBUG - TransfertFile copyFile (fileChannel) - Copie de 'C:\Osys\QUARTIS_PRO\quartis-pro-web\Standard\OPTIMA_20_Production\language.properties'... 
16:24:37.330 DEBUG - TransfertFile copyFile (fileChannel) - Fin de la copie. 
16:24:37.330 DEBUG - TransfertFile copyFile (pls) - Copie du fichier 4/18 : 'C:\Osys\QUARTIS_PRO\quartis-pro-web\Standard\OPTIMA_30_Outil\language.properties'. 
16:24:37.330 DEBUG - TransfertFile copyFile (fileChannel) - Copie de 'C:\Osys\QUARTIS_PRO\quartis-pro-web\Standard\OPTIMA_30_Outil\language.properties'... 
16:24:37.338 DEBUG - TransfertFile copyFile (fileChannel) - Fin de la copie. 
16:24:37.338 DEBUG - TransfertFile copyFile (pls) - Copie du fichier 5/18 : 'C:\Osys\QUARTIS_PRO\quartis-pro-web\Standard\OPTIMA_40_Maintenance\language.properties'. 
16:24:37.339 DEBUG - TransfertFile copyFile (fileChannel) - Copie de 'C:\Osys\QUARTIS_PRO\quartis-pro-web\Standard\OPTIMA_40_Maintenance\language.properties'... 
16:24:37.350 DEBUG - TransfertFile copyFile (fileChannel) - Fin de la copie. 
16:24:37.350 DEBUG - TransfertFile copyFile (pls) - Copie du fichier 6/18 : 'C:\Osys\QUARTIS_PRO\quartis-pro-web\Standard\OPTIMA_45_Controle\language.properties'. 
16:24:37.351 DEBUG - TransfertFile copyFile (fileChannel) - Copie de 'C:\Osys\QUARTIS_PRO\quartis-pro-web\Standard\OPTIMA_45_Controle\language.properties'... 
16:24:37.384 DEBUG - TransfertFile copyFile (fileChannel) - Fin de la copie. 
16:24:37.384 DEBUG - TransfertFile copyFile (pls) - Copie du fichier 7/18 : 'C:\Osys\QUARTIS_PRO\quartis-pro-web\Standard\OPTIMA_50_GF\language.properties'. 
16:24:37.385 DEBUG - TransfertFile copyFile (fileChannel) - Copie de 'C:\Osys\QUARTIS_PRO\quartis-pro-web\Standard\OPTIMA_50_GF\language.properties'... 
16:24:37.395 DEBUG - TransfertFile copyFile (fileChannel) - Fin de la copie. 
16:24:37.396 DEBUG - TransfertFile copyFile (pls) - Copie du fichier 8/18 : 'C:\Osys\QUARTIS_PRO\quartis-pro-web\Standard\OPTIMA_60_Tiers\language.properties'. 
16:24:37.396 DEBUG - TransfertFile copyFile (fileChannel) - Copie de 'C:\Osys\QUARTIS_PRO\quartis-pro-web\Standard\OPTIMA_60_Tiers\language.properties'... 
16:24:37.403 DEBUG - TransfertFile copyFile (fileChannel) - Fin de la copie. 
16:24:37.404 DEBUG - TransfertFile copyFile (pls) - Copie du fichier 9/18 : 'C:\Osys\QUARTIS_PRO\quartis-pro-web\Standard\OPTIMA_70_Tracabilite\language.properties'. 
16:24:37.404 DEBUG - TransfertFile copyFile (fileChannel) - Copie de 'C:\Osys\QUARTIS_PRO\quartis-pro-web\Standard\OPTIMA_70_Tracabilite\language.properties'... 
16:24:37.416 DEBUG - TransfertFile copyFile (fileChannel) - Fin de la copie. 
16:24:37.416 DEBUG - TransfertFile copyFile (pls) - Copie du fichier 10/18 : 'C:\Osys\QUARTIS_PRO\quartis-pro-web\Standard\OPTIMA_80_Documents\language.properties'. 
16:24:37.416 DEBUG - TransfertFile copyFile (fileChannel) - Copie de 'C:\Osys\QUARTIS_PRO\quartis-pro-web\Standard\OPTIMA_80_Documents\language.properties'... 
16:24:37.425 DEBUG - TransfertFile copyFile (fileChannel) - Fin de la copie. 
16:24:37.425 DEBUG - TransfertFile copyFile (pls) - Copie du fichier 11/18 : 'C:\Osys\QUARTIS_PRO\quartis-pro-web\Standard\OPTIMA_90_GDT\language.properties'. 
16:24:37.425 DEBUG - TransfertFile copyFile (fileChannel) - Copie de 'C:\Osys\QUARTIS_PRO\quartis-pro-web\Standard\OPTIMA_90_GDT\language.properties'... 
16:24:37.433 DEBUG - TransfertFile copyFile (fileChannel) - Fin de la copie. 
16:24:37.433 DEBUG - TransfertFile copyFile (pls) - Copie du fichier 12/18 : 'C:\Osys\QUARTIS_PRO\quartis-pro-web\Standard\OPTIMA_98_About\language.properties'. 
16:24:37.433 DEBUG - TransfertFile copyFile (fileChannel) - Copie de 'C:\Osys\QUARTIS_PRO\quartis-pro-web\Standard\OPTIMA_98_About\language.properties'... 
16:24:37.435 DEBUG - TransfertFile copyFile (fileChannel) - Fin de la copie. 
16:24:37.436 DEBUG - TransfertFile copyFile (pls) - Copie du fichier 13/18 : 'C:\Osys\QUARTIS_PRO\quartis-pro-web\Standard\restrictions\language.properties'. 
16:24:37.436 DEBUG - TransfertFile copyFile (fileChannel) - Copie de 'C:\Osys\QUARTIS_PRO\quartis-pro-web\Standard\restrictions\language.properties'... 
16:24:37.438 DEBUG - TransfertFile copyFile (fileChannel) - Fin de la copie. 
16:24:37.438 DEBUG - TransfertFile copyFile (pls) - Copie du fichier 14/18 : 'C:\Osys\QUARTIS_PRO\quartis-pro-web\Standard\templates\pdf-footer\language.properties'. 
16:24:37.439 DEBUG - TransfertFile copyFile (fileChannel) - Copie de 'C:\Osys\QUARTIS_PRO\quartis-pro-web\Standard\templates\pdf-footer\language.properties'... 
16:24:37.441 DEBUG - TransfertFile copyFile (fileChannel) - Fin de la copie. 
16:24:37.441 DEBUG - TransfertFile copyFile (pls) - Copie du fichier 15/18 : 'C:\Osys\QUARTIS_PRO\quartis-pro-web\Standard\templates\pdf-header\language.properties'. 
16:24:37.442 DEBUG - TransfertFile copyFile (fileChannel) - Copie de 'C:\Osys\QUARTIS_PRO\quartis-pro-web\Standard\templates\pdf-header\language.properties'... 
16:24:37.445 DEBUG - TransfertFile copyFile (fileChannel) - Fin de la copie. 
16:24:37.445 DEBUG - TransfertFile copyFile (pls) - Copie du fichier 16/18 : 'C:\Osys\QUARTIS_PRO\quartis-pro-web\Specifiques\templates\pdf-footer\language.properties'. 
16:24:37.445 DEBUG - TransfertFile copyFile (fileChannel) - Copie de 'C:\Osys\QUARTIS_PRO\quartis-pro-web\Specifiques\templates\pdf-footer\language.properties'... 
16:24:37.447 DEBUG - TransfertFile copyFile (fileChannel) - Fin de la copie. 
16:24:37.448 DEBUG - TransfertFile copyFile (pls) - Copie du fichier 17/18 : 'C:\Osys\QUARTIS_PRO\quartis-pro-web\Specifiques\templates\pdf-header\language.properties'. 
16:24:37.448 DEBUG - TransfertFile copyFile (fileChannel) - Copie de 'C:\Osys\QUARTIS_PRO\quartis-pro-web\Specifiques\templates\pdf-header\language.properties'... 
16:24:37.450 DEBUG - TransfertFile copyFile (fileChannel) - Fin de la copie. 
16:24:37.450 DEBUG - TransfertFile copyFile (pls) - Fin de la copie. 
16:24:38.148 DEBUG - TransfertFile copyFile (pls) - Copie de 18 fichiers vers 'C:\Osys\QUARTIS_PRO\quartis-pro-web\users\administrateur\language_fr.properties'... 
16:24:38.150 DEBUG - TransfertFile copyFile (pls) - Copie du fichier 0/18 : 'C:\Osys\QUARTIS_PRO\quartis-pro-web\Standard\OPTIMA_00_Standard\language_fr.properties'. 
16:24:38.150 DEBUG - TransfertFile copyFile (fileChannel) - Copie de 'C:\Osys\QUARTIS_PRO\quartis-pro-web\Standard\OPTIMA_00_Standard\language_fr.properties'... 
16:24:38.157 DEBUG - TransfertFile copyFile (fileChannel) - Fin de la copie. 
16:24:38.157 DEBUG - TransfertFile copyFile (pls) - Copie du fichier 1/18 : 'C:\Osys\QUARTIS_PRO\quartis-pro-web\Standard\OPTIMA_10_Personnel\language_fr.properties'. 
16:24:38.157 DEBUG - TransfertFile copyFile (fileChannel) - Copie de 'C:\Osys\QUARTIS_PRO\quartis-pro-web\Standard\OPTIMA_10_Personnel\language_fr.properties'... 
16:24:38.164 DEBUG - TransfertFile copyFile (fileChannel) - Fin de la copie. 
16:24:38.164 DEBUG - TransfertFile copyFile (pls) - Copie du fichier 2/18 : 'C:\Osys\QUARTIS_PRO\quartis-pro-web\Standard\OPTIMA_15_Equipement\language_fr.properties'. 
16:24:38.165 DEBUG - TransfertFile copyFile (fileChannel) - Copie de 'C:\Osys\QUARTIS_PRO\quartis-pro-web\Standard\OPTIMA_15_Equipement\language_fr.properties'... 
16:24:38.174 DEBUG - TransfertFile copyFile (fileChannel) - Fin de la copie. 
16:24:38.175 DEBUG - TransfertFile copyFile (pls) - Copie du fichier 3/18 : 'C:\Osys\QUARTIS_PRO\quartis-pro-web\Standard\OPTIMA_20_Production\language_fr.properties'. 
16:24:38.175 DEBUG - TransfertFile copyFile (fileChannel) - Copie de 'C:\Osys\QUARTIS_PRO\quartis-pro-web\Standard\OPTIMA_20_Production\language_fr.properties'... 
16:24:38.185 DEBUG - TransfertFile copyFile (fileChannel) - Fin de la copie. 
16:24:38.186 DEBUG - TransfertFile copyFile (pls) - Copie du fichier 4/18 : 'C:\Osys\QUARTIS_PRO\quartis-pro-web\Standard\OPTIMA_30_Outil\language_fr.properties'. 
16:24:38.186 DEBUG - TransfertFile copyFile (fileChannel) - Copie de 'C:\Osys\QUARTIS_PRO\quartis-pro-web\Standard\OPTIMA_30_Outil\language_fr.properties'... 
16:24:38.193 DEBUG - TransfertFile copyFile (fileChannel) - Fin de la copie. 
16:24:38.194 DEBUG - TransfertFile copyFile (pls) - Copie du fichier 5/18 : 'C:\Osys\QUARTIS_PRO\quartis-pro-web\Standard\OPTIMA_40_Maintenance\language_fr.properties'. 
16:24:38.194 DEBUG - TransfertFile copyFile (fileChannel) - Copie de 'C:\Osys\QUARTIS_PRO\quartis-pro-web\Standard\OPTIMA_40_Maintenance\language_fr.properties'... 
16:24:38.200 DEBUG - TransfertFile copyFile (fileChannel) - Fin de la copie. 
16:24:38.201 DEBUG - TransfertFile copyFile (pls) - Copie du fichier 6/18 : 'C:\Osys\QUARTIS_PRO\quartis-pro-web\Standard\OPTIMA_45_Controle\language_fr.properties'. 
16:24:38.201 DEBUG - TransfertFile copyFile (fileChannel) - Copie de 'C:\Osys\QUARTIS_PRO\quartis-pro-web\Standard\OPTIMA_45_Controle\language_fr.properties'... 
16:24:38.205 DEBUG - TransfertFile copyFile (fileChannel) - Fin de la copie. 
16:24:38.205 DEBUG - TransfertFile copyFile (pls) - Copie du fichier 7/18 : 'C:\Osys\QUARTIS_PRO\quartis-pro-web\Standard\OPTIMA_50_GF\language_fr.properties'. 
16:24:38.205 DEBUG - TransfertFile copyFile (fileChannel) - Copie de 'C:\Osys\QUARTIS_PRO\quartis-pro-web\Standard\OPTIMA_50_GF\language_fr.properties'... 
16:24:38.208 DEBUG - TransfertFile copyFile (fileChannel) - Fin de la copie. 
16:24:38.209 DEBUG - TransfertFile copyFile (pls) - Copie du fichier 8/18 : 'C:\Osys\QUARTIS_PRO\quartis-pro-web\Standard\OPTIMA_60_Tiers\language_fr.properties'. 
16:24:38.209 DEBUG - TransfertFile copyFile (fileChannel) - Copie de 'C:\Osys\QUARTIS_PRO\quartis-pro-web\Standard\OPTIMA_60_Tiers\language_fr.properties'... 
16:24:38.217 DEBUG - TransfertFile copyFile (fileChannel) - Fin de la copie. 
16:24:38.218 DEBUG - TransfertFile copyFile (pls) - Copie du fichier 9/18 : 'C:\Osys\QUARTIS_PRO\quartis-pro-web\Standard\OPTIMA_70_Tracabilite\language_fr.properties'. 
16:24:38.219 DEBUG - TransfertFile copyFile (fileChannel) - Copie de 'C:\Osys\QUARTIS_PRO\quartis-pro-web\Standard\OPTIMA_70_Tracabilite\language_fr.properties'... 
16:24:38.225 DEBUG - TransfertFile copyFile (fileChannel) - Fin de la copie. 
16:24:38.225 DEBUG - TransfertFile copyFile (pls) - Copie du fichier 10/18 : 'C:\Osys\QUARTIS_PRO\quartis-pro-web\Standard\OPTIMA_80_Documents\language_fr.properties'. 
16:24:38.226 DEBUG - TransfertFile copyFile (fileChannel) - Copie de 'C:\Osys\QUARTIS_PRO\quartis-pro-web\Standard\OPTIMA_80_Documents\language_fr.properties'... 
16:24:38.231 DEBUG - TransfertFile copyFile (fileChannel) - Fin de la copie. 
16:24:38.232 DEBUG - TransfertFile copyFile (pls) - Copie du fichier 11/18 : 'C:\Osys\QUARTIS_PRO\quartis-pro-web\Standard\OPTIMA_90_GDT\language_fr.properties'. 
16:24:38.232 DEBUG - TransfertFile copyFile (fileChannel) - Copie de 'C:\Osys\QUARTIS_PRO\quartis-pro-web\Standard\OPTIMA_90_GDT\language_fr.properties'... 
16:24:38.235 DEBUG - TransfertFile copyFile (fileChannel) - Fin de la copie. 
16:24:38.235 DEBUG - TransfertFile copyFile (pls) - Copie du fichier 12/18 : 'C:\Osys\QUARTIS_PRO\quartis-pro-web\Standard\OPTIMA_98_About\language_fr.properties'. 
16:24:38.236 DEBUG - TransfertFile copyFile (fileChannel) - Copie de 'C:\Osys\QUARTIS_PRO\quartis-pro-web\Standard\OPTIMA_98_About\language_fr.properties'... 
16:24:38.237 DEBUG - TransfertFile copyFile (fileChannel) - Fin de la copie. 
16:24:38.238 DEBUG - TransfertFile copyFile (pls) - Copie du fichier 13/18 : 'C:\Osys\QUARTIS_PRO\quartis-pro-web\Standard\restrictions\language_fr.properties'. 
16:24:38.238 DEBUG - TransfertFile copyFile (fileChannel) - Copie de 'C:\Osys\QUARTIS_PRO\quartis-pro-web\Standard\restrictions\language_fr.properties'... 
16:24:38.240 DEBUG - TransfertFile copyFile (fileChannel) - Fin de la copie. 
16:24:38.240 DEBUG - TransfertFile copyFile (pls) - Copie du fichier 14/18 : 'C:\Osys\QUARTIS_PRO\quartis-pro-web\Standard\templates\pdf-footer\language_fr.properties'. 
16:24:38.241 DEBUG - TransfertFile copyFile (fileChannel) - Copie de 'C:\Osys\QUARTIS_PRO\quartis-pro-web\Standard\templates\pdf-footer\language_fr.properties'... 
16:24:38.242 DEBUG - TransfertFile copyFile (fileChannel) - Fin de la copie. 
16:24:38.243 DEBUG - TransfertFile copyFile (pls) - Copie du fichier 15/18 : 'C:\Osys\QUARTIS_PRO\quartis-pro-web\Standard\templates\pdf-header\language_fr.properties'. 
16:24:38.244 DEBUG - TransfertFile copyFile (fileChannel) - Copie de 'C:\Osys\QUARTIS_PRO\quartis-pro-web\Standard\templates\pdf-header\language_fr.properties'... 
16:24:38.246 DEBUG - TransfertFile copyFile (fileChannel) - Fin de la copie. 
16:24:38.246 DEBUG - TransfertFile copyFile (pls) - Copie du fichier 16/18 : 'C:\Osys\QUARTIS_PRO\quartis-pro-web\Specifiques\templates\pdf-footer\language_fr.properties'. 
16:24:38.246 DEBUG - TransfertFile copyFile (fileChannel) - Copie de 'C:\Osys\QUARTIS_PRO\quartis-pro-web\Specifiques\templates\pdf-footer\language_fr.properties'... 
16:24:38.248 DEBUG - TransfertFile copyFile (fileChannel) - Fin de la copie. 
16:24:38.248 DEBUG - TransfertFile copyFile (pls) - Copie du fichier 17/18 : 'C:\Osys\QUARTIS_PRO\quartis-pro-web\Specifiques\templates\pdf-header\language_fr.properties'. 
16:24:38.248 DEBUG - TransfertFile copyFile (fileChannel) - Copie de 'C:\Osys\QUARTIS_PRO\quartis-pro-web\Specifiques\templates\pdf-header\language_fr.properties'... 
16:24:38.250 DEBUG - TransfertFile copyFile (fileChannel) - Fin de la copie. 
16:24:38.250 DEBUG - TransfertFile copyFile (pls) - Fin de la copie. 
16:24:38.251 DEBUG - LanguageFileManager buildPropertiesGen - Création de 'C:\Osys\QUARTIS_PRO\quartis-pro-web\users\administrateur\language_fr.properties'... 
16:24:38.366 DEBUG - LanguageFileManager buildPropertiesGen - Fin de la création. 
16:24:46.828 DEBUG - TableDivTransformer createFileName ()--> Nom du fichier export = _Standard_System_Event_List 
16:24:46.851 DEBUG - TableExcelTransformer actionPerformed - Ecriture dans le fichier 'C:\Osys\QuartisTools\Tomcat\webapps\Quartis-Web\.\work\_0.0.0.0.0.0.0.1-administrateur\_Standard_System_Event_List\_Standard_System_Event_List.xls'... 
16:24:46.851 DEBUG - TableExcelTransformer actionPerformed - Ecriture dans le fichier 'C:\Osys\QuartisTools\Tomcat\webapps\Quartis-Web\.\work\_0.0.0.0.0.0.0.1-administrateur\_Standard_System_Event_List\_Standard_System_Event_List.xls'... 
16:24:46.854 DEBUG - TableDivTransformer createFileName ()--> Nom du fichier export = _Standard_System_Event_List 
16:24:46.854 DEBUG - TableExcelTransformer actionPerformed - Ecriture dans le fichier 'C:\Osys\QuartisTools\Tomcat\webapps\Quartis-Web\.\work\_0.0.0.0.0.0.0.1-administrateur\_Standard_System_Event_List\_Standard_System_Event_List.xls'... 
16:24:46.854 DEBUG - TableExcelTransformer actionPerformed - Ecriture dans le fichier 'C:\Osys\QuartisTools\Tomcat\webapps\Quartis-Web\.\work\_0.0.0.0.0.0.0.1-administrateur\_Standard_System_Event_List\_Standard_System_Event_List.xls'... 
16:24:48.222 DEBUG - TableExcelTransformer actionPerformed - Fin de l'écriture dans le fichier. 
16:24:48.222 DEBUG - TableExcelTransformer actionPerformed - Fin de l'écriture dans le fichier. 
16:50:43.370 DEBUG - ConnexionManagedBean Déconnexion de : administrateur (ADMINISTRATEUR ADMINISTRATEUR) 
16:51:38.380 DEBUG - LoginManagedBean user.id = administrateur, connecté par login/mdp Osys 
16:51:38.498 DEBUG - QTConnector connect - Connecting... 
16:51:38.501 DEBUG - QTConnector connect - Connected. 
16:51:38.501 DEBUG - QTConnector executeQuery - Sending 'USER @ID0 [] serveur_web SERVEUR-WEB'... 
16:51:38.501 DEBUG - QTConnector executeQuery - Sent. 
16:51:38.502 DEBUG - QTConnector executeQuery - Reading response... 
16:51:38.502 DEBUG - QTConnector readResponse - starting to listen... 
16:51:38.502 DEBUG - QTConnector readResponse - read trame : ACK 263172 
16:51:38.503 DEBUG - QTConnector executeQuery - Read: 'ACK 263172'. 
16:51:38.503 DEBUG - QTInternalCommunicator send_IdentifyOsysConsoleWeb - QTools returned : 263172 
16:51:38.503 DEBUG - QTConnector executeQuery - Sending 'LST_USER_CONNECT'... 
16:51:38.503 DEBUG - QTConnector executeQuery - Sent. 
16:51:38.504 DEBUG - QTConnector executeQuery - Reading response... 
16:51:38.504 DEBUG - QTConnector readResponse - starting to listen... 
16:51:38.505 DEBUG - QTConnector readResponse - read trame : <lstuserconnect max="3" connect="2" />\x0a 
16:51:38.505 DEBUG - QTConnector executeQuery - Read: '<lstuserconnect max="3" connect="2" />\x0a'. 
16:51:38.505 DEBUG - QTConnector disconnect - Déconnexion... 
16:51:38.506 DEBUG - QTConnector disconnect - Déconnecté. 
16:51:38.531 DEBUG - QuartisToolsServiceImpl createOrUpdateUser - username : 'administrateur', groupName : 'Administrateurs'... 
16:51:38.532 DEBUG - QTConnector connect - Connecting... 
16:51:38.534 DEBUG - QTConnector connect - Connected. 
16:51:38.534 DEBUG - QTConnector executeQuery - Sending 'USER @ID0 [] serveur_web SERVEUR-WEB'... 
16:51:38.534 DEBUG - QTConnector executeQuery - Sent. 
16:51:38.535 DEBUG - QTConnector executeQuery - Reading response... 
16:51:38.535 DEBUG - QTConnector readResponse - starting to listen... 
16:51:38.535 DEBUG - QTConnector readResponse - read trame : ACK 263172 
16:51:38.535 DEBUG - QTConnector executeQuery - Read: 'ACK 263172'. 
16:51:38.536 DEBUG - QTSrvCommunicator send_IdentifyOsysConsoleWeb - QTools returned : 263172 
16:51:38.536 DEBUG - QTSrvCommunicator send_CreateUserQuartisTools - message =  USR USER OBJ ADD [administrateur] [Administrateurs]
 {
 PASSWORD []
 }
 
16:51:38.536 DEBUG - QTConnector executeQuery - Sending ' USR USER OBJ ADD [administrateur] [Administrateurs]
 {
 PASSWORD []
 }
'... 
16:51:38.537 DEBUG - QTConnector executeQuery - Sent. 
16:51:38.537 DEBUG - QTConnector executeQuery - Reading response... 
16:51:38.537 DEBUG - QTConnector readResponse - starting to listen... 
16:51:38.537 DEBUG - QTConnector readResponse - read trame : ACK -10 
16:51:38.538 DEBUG - QTConnector executeQuery - Read: 'ACK -10'. 
16:51:38.538 DEBUG - QTSrvCommunicator send_CreateUserQuartisTools - QTools returned : -10 
16:51:38.538 DEBUG - QTSrvCommunicator send_UpdateUserQuartisTools - message :  USR USER OBJ SET [administrateur] [Administrateurs]
 {
 PASSWORD []
 }
 
16:51:38.539 DEBUG - QTConnector executeQuery - Sending ' USR USER OBJ SET [administrateur] [Administrateurs]
 {
 PASSWORD []
 }
'... 
16:51:38.539 DEBUG - QTConnector executeQuery - Sent. 
16:51:38.539 DEBUG - QTConnector executeQuery - Reading response... 
16:51:38.540 DEBUG - QTConnector readResponse - starting to listen... 
16:51:38.541 DEBUG - QTConnector readResponse - read trame : ACK 0 
16:51:38.542 DEBUG - QTConnector executeQuery - Read: 'ACK 0'. 
16:51:38.542 DEBUG - QTSrvCommunicator send_UpdateUserQuartisTools - QTools returned : 0 
16:51:38.542 DEBUG - QTConnector disconnect - Déconnexion... 
16:51:38.543 DEBUG - QTConnector disconnect - Déconnecté. 
16:51:38.543  INFO - QuartisToolsServiceImpl Mise à jour du user QuartisTools 'administrateur' dans le groupe 'Administrateurs' réussie. 
16:52:25.245 DEBUG - ConnexionManagedBean Déconnexion de : administrateur (ADMINISTRATEUR ADMINISTRATEUR) 
16:53:14.024 DEBUG - LoginManagedBean user.id = administrateur, connecté par login/mdp Osys 
16:53:14.137 DEBUG - QTConnector connect - Connecting... 
16:53:14.140 DEBUG - QTConnector connect - Connected. 
16:53:14.141 DEBUG - QTConnector executeQuery - Sending 'USER @ID0 [] serveur_web SERVEUR-WEB'... 
16:53:14.141 DEBUG - QTConnector executeQuery - Sent. 
16:53:14.142 DEBUG - QTConnector executeQuery - Reading response... 
16:53:14.142 DEBUG - QTConnector readResponse - starting to listen... 
16:53:14.142 DEBUG - QTConnector readResponse - read trame : ACK 263172 
16:53:14.142 DEBUG - QTConnector executeQuery - Read: 'ACK 263172'. 
16:53:14.143 DEBUG - QTInternalCommunicator send_IdentifyOsysConsoleWeb - QTools returned : 263172 
16:53:14.143 DEBUG - QTConnector executeQuery - Sending 'LST_USER_CONNECT'... 
16:53:14.143 DEBUG - QTConnector executeQuery - Sent. 
16:53:14.144 DEBUG - QTConnector executeQuery - Reading response... 
16:53:14.145 DEBUG - QTConnector readResponse - starting to listen... 
16:53:14.145 DEBUG - QTConnector readResponse - read trame : <lstuserconnect max="3" connect="3" />\x0a 
16:53:14.146 DEBUG - QTConnector executeQuery - Read: '<lstuserconnect max="3" connect="3" />\x0a'. 
16:53:14.146 DEBUG - QTConnector disconnect - Déconnexion... 
16:53:14.146 DEBUG - QTConnector disconnect - Déconnecté. 
16:53:14.172 DEBUG - QuartisToolsServiceImpl createOrUpdateUser - username : 'administrateur', groupName : 'Administrateurs'... 
16:53:14.172 DEBUG - QTConnector connect - Connecting... 
16:53:14.174 DEBUG - QTConnector connect - Connected. 
16:53:14.174 DEBUG - QTConnector executeQuery - Sending 'USER @ID0 [] serveur_web SERVEUR-WEB'... 
16:53:14.175 DEBUG - QTConnector executeQuery - Sent. 
16:53:14.175 DEBUG - QTConnector executeQuery - Reading response... 
16:53:14.175 DEBUG - QTConnector readResponse - starting to listen... 
16:53:14.175 DEBUG - QTConnector readResponse - read trame : ACK 263172 
16:53:14.176 DEBUG - QTConnector executeQuery - Read: 'ACK 263172'. 
16:53:14.176 DEBUG - QTSrvCommunicator send_IdentifyOsysConsoleWeb - QTools returned : 263172 
16:53:14.176 DEBUG - QTSrvCommunicator send_CreateUserQuartisTools - message =  USR USER OBJ ADD [administrateur] [Administrateurs]
 {
 PASSWORD []
 }
 
16:53:14.176 DEBUG - QTConnector executeQuery - Sending ' USR USER OBJ ADD [administrateur] [Administrateurs]
 {
 PASSWORD []
 }
'... 
16:53:14.177 DEBUG - QTConnector executeQuery - Sent. 
16:53:14.177 DEBUG - QTConnector executeQuery - Reading response... 
16:53:14.177 DEBUG - QTConnector readResponse - starting to listen... 
16:53:14.177 DEBUG - QTConnector readResponse - read trame : ACK -10 
16:53:14.178 DEBUG - QTConnector executeQuery - Read: 'ACK -10'. 
16:53:14.178 DEBUG - QTSrvCommunicator send_CreateUserQuartisTools - QTools returned : -10 
16:53:14.178 DEBUG - QTSrvCommunicator send_UpdateUserQuartisTools - message :  USR USER OBJ SET [administrateur] [Administrateurs]
 {
 PASSWORD []
 }
 
16:53:14.178 DEBUG - QTConnector executeQuery - Sending ' USR USER OBJ SET [administrateur] [Administrateurs]
 {
 PASSWORD []
 }
'... 
16:53:14.179 DEBUG - QTConnector executeQuery - Sent. 
16:53:14.179 DEBUG - QTConnector executeQuery - Reading response... 
16:53:14.179 DEBUG - QTConnector readResponse - starting to listen... 
16:53:14.181 DEBUG - QTConnector readResponse - read trame : ACK 0 
16:53:14.181 DEBUG - QTConnector executeQuery - Read: 'ACK 0'. 
16:53:14.181 DEBUG - QTSrvCommunicator send_UpdateUserQuartisTools - QTools returned : 0 
16:53:14.181 DEBUG - QTConnector disconnect - Déconnexion... 
16:53:14.182 DEBUG - QTConnector disconnect - Déconnecté. 
16:53:14.182  INFO - QuartisToolsServiceImpl Mise à jour du user QuartisTools 'administrateur' dans le groupe 'Administrateurs' réussie. 
16:53:25.549 DEBUG - ConnexionManagedBean Déconnexion de : administrateur (ADMINISTRATEUR ADMINISTRATEUR) 
16:53:47.265 DEBUG - LoginManagedBean user.id = administrateur, connecté par login/mdp Osys 
16:53:47.380 DEBUG - QTConnector connect - Connecting... 
16:53:47.383 DEBUG - QTConnector connect - Connected. 
16:53:47.383 DEBUG - QTConnector executeQuery - Sending 'USER @ID0 [] serveur_web SERVEUR-WEB'... 
16:53:47.384 DEBUG - QTConnector executeQuery - Sent. 
16:53:47.384 DEBUG - QTConnector executeQuery - Reading response... 
16:53:47.384 DEBUG - QTConnector readResponse - starting to listen... 
16:53:47.385 DEBUG - QTConnector readResponse - read trame : ACK 263172 
16:53:47.385 DEBUG - QTConnector executeQuery - Read: 'ACK 263172'. 
16:53:47.385 DEBUG - QTInternalCommunicator send_IdentifyOsysConsoleWeb - QTools returned : 263172 
16:53:47.385 DEBUG - QTConnector executeQuery - Sending 'LST_USER_CONNECT'... 
16:53:47.386 DEBUG - QTConnector executeQuery - Sent. 
16:53:47.386 DEBUG - QTConnector executeQuery - Reading response... 
16:53:47.386 DEBUG - QTConnector readResponse - starting to listen... 
16:53:47.387 DEBUG - QTConnector readResponse - read trame : <lstuserconnect max="3" connect="3" />\x0a 
16:53:47.387 DEBUG - QTConnector executeQuery - Read: '<lstuserconnect max="3" connect="3" />\x0a'. 
16:53:47.388 DEBUG - QTConnector disconnect - Déconnexion... 
16:53:47.388 DEBUG - QTConnector disconnect - Déconnecté. 
16:53:47.415 DEBUG - QuartisToolsServiceImpl createOrUpdateUser - username : 'administrateur', groupName : 'Administrateurs'... 
16:53:47.416 DEBUG - QTConnector connect - Connecting... 
16:53:47.417 DEBUG - QTConnector connect - Connected. 
16:53:47.418 DEBUG - QTConnector executeQuery - Sending 'USER @ID0 [] serveur_web SERVEUR-WEB'... 
16:53:47.418 DEBUG - QTConnector executeQuery - Sent. 
16:53:47.418 DEBUG - QTConnector executeQuery - Reading response... 
16:53:47.419 DEBUG - QTConnector readResponse - starting to listen... 
16:53:47.420 DEBUG - QTConnector readResponse - read trame : ACK 263172 
16:53:47.420 DEBUG - QTConnector executeQuery - Read: 'ACK 263172'. 
16:53:47.420 DEBUG - QTSrvCommunicator send_IdentifyOsysConsoleWeb - QTools returned : 263172 
16:53:47.421 DEBUG - QTSrvCommunicator send_CreateUserQuartisTools - message =  USR USER OBJ ADD [administrateur] [Administrateurs]
 {
 PASSWORD []
 }
 
16:53:47.421 DEBUG - QTConnector executeQuery - Sending ' USR USER OBJ ADD [administrateur] [Administrateurs]
 {
 PASSWORD []
 }
'... 
16:53:47.421 DEBUG - QTConnector executeQuery - Sent. 
16:53:47.421 DEBUG - QTConnector executeQuery - Reading response... 
16:53:47.422 DEBUG - QTConnector readResponse - starting to listen... 
16:53:47.422 DEBUG - QTConnector readResponse - read trame : ACK -10 
16:53:47.422 DEBUG - QTConnector executeQuery - Read: 'ACK -10'. 
16:53:47.422 DEBUG - QTSrvCommunicator send_CreateUserQuartisTools - QTools returned : -10 
16:53:47.423 DEBUG - QTSrvCommunicator send_UpdateUserQuartisTools - message :  USR USER OBJ SET [administrateur] [Administrateurs]
 {
 PASSWORD []
 }
 
16:53:47.423 DEBUG - QTConnector executeQuery - Sending ' USR USER OBJ SET [administrateur] [Administrateurs]
 {
 PASSWORD []
 }
'... 
16:53:47.423 DEBUG - QTConnector executeQuery - Sent. 
16:53:47.424 DEBUG - QTConnector executeQuery - Reading response... 
16:53:47.424 DEBUG - QTConnector readResponse - starting to listen... 
16:53:47.425 DEBUG - QTConnector readResponse - read trame : ACK 0 
16:53:47.426 DEBUG - QTConnector executeQuery - Read: 'ACK 0'. 
16:53:47.426 DEBUG - QTSrvCommunicator send_UpdateUserQuartisTools - QTools returned : 0 
16:53:47.426 DEBUG - QTConnector disconnect - Déconnexion... 
16:53:47.427 DEBUG - QTConnector disconnect - Déconnecté. 
16:53:47.427  INFO - QuartisToolsServiceImpl Mise à jour du user QuartisTools 'administrateur' dans le groupe 'Administrateurs' réussie. 
16:53:50.325 DEBUG - ConnexionManagedBean Déconnexion de : administrateur (ADMINISTRATEUR ADMINISTRATEUR) 
