17:16:14.443 DEBUG - LoginManagedBean user.id = administrateur, connecté par login/mdp Osys 
17:16:15.769 DEBUG - TransfertFile copyFile (pls) - Copie de 18 fichiers vers 'C:\Osys\QUARTIS_PRO\quartis-pro-web\users\administrateur\language.properties'... 
17:16:15.769 DEBUG - TransfertFile copyFile (pls) - Copie du fichier 0/18 : 'C:\Osys\QUARTIS_PRO\quartis-pro-web\Standard\OPTIMA_00_Standard\language.properties'. 
17:16:15.769 DEBUG - TransfertFile copyFile (fileChannel) - Copie de 'C:\Osys\QUARTIS_PRO\quartis-pro-web\Standard\OPTIMA_00_Standard\language.properties'... 
17:16:15.784 DEBUG - TransfertFile copyFile (fileChannel) - Fin de la copie. 
17:16:15.784 DEBUG - TransfertFile copyFile (pls) - Copie du fichier 1/18 : 'C:\Osys\QUARTIS_PRO\quartis-pro-web\Standard\OPTIMA_10_Personnel\language.properties'. 
17:16:15.784 DEBUG - TransfertFile copyFile (fileChannel) - Copie de 'C:\Osys\QUARTIS_PRO\quartis-pro-web\Standard\OPTIMA_10_Personnel\language.properties'... 
17:16:15.784 DEBUG - TransfertFile copyFile (fileChannel) - Fin de la copie. 
17:16:15.784 DEBUG - TransfertFile copyFile (pls) - Copie du fichier 2/18 : 'C:\Osys\QUARTIS_PRO\quartis-pro-web\Standard\OPTIMA_15_Equipement\language.properties'. 
17:16:15.784 DEBUG - TransfertFile copyFile (fileChannel) - Copie de 'C:\Osys\QUARTIS_PRO\quartis-pro-web\Standard\OPTIMA_15_Equipement\language.properties'... 
17:16:15.784 DEBUG - TransfertFile copyFile (fileChannel) - Fin de la copie. 
17:16:15.784 DEBUG - TransfertFile copyFile (pls) - Copie du fichier 3/18 : 'C:\Osys\QUARTIS_PRO\quartis-pro-web\Standard\OPTIMA_20_Production\language.properties'. 
17:16:15.784 DEBUG - TransfertFile copyFile (fileChannel) - Copie de 'C:\Osys\QUARTIS_PRO\quartis-pro-web\Standard\OPTIMA_20_Production\language.properties'... 
17:16:15.784 DEBUG - TransfertFile copyFile (fileChannel) - Fin de la copie. 
17:16:15.784 DEBUG - TransfertFile copyFile (pls) - Copie du fichier 4/18 : 'C:\Osys\QUARTIS_PRO\quartis-pro-web\Standard\OPTIMA_30_Outil\language.properties'. 
17:16:15.784 DEBUG - TransfertFile copyFile (fileChannel) - Copie de 'C:\Osys\QUARTIS_PRO\quartis-pro-web\Standard\OPTIMA_30_Outil\language.properties'... 
17:16:15.784 DEBUG - TransfertFile copyFile (fileChannel) - Fin de la copie. 
17:16:15.784 DEBUG - TransfertFile copyFile (pls) - Copie du fichier 5/18 : 'C:\Osys\QUARTIS_PRO\quartis-pro-web\Standard\OPTIMA_40_Maintenance\language.properties'. 
17:16:15.784 DEBUG - TransfertFile copyFile (fileChannel) - Copie de 'C:\Osys\QUARTIS_PRO\quartis-pro-web\Standard\OPTIMA_40_Maintenance\language.properties'... 
17:16:15.800 DEBUG - TransfertFile copyFile (fileChannel) - Fin de la copie. 
17:16:15.800 DEBUG - TransfertFile copyFile (pls) - Copie du fichier 6/18 : 'C:\Osys\QUARTIS_PRO\quartis-pro-web\Standard\OPTIMA_45_Controle\language.properties'. 
17:16:15.800 DEBUG - TransfertFile copyFile (fileChannel) - Copie de 'C:\Osys\QUARTIS_PRO\quartis-pro-web\Standard\OPTIMA_45_Controle\language.properties'... 
17:16:15.800 DEBUG - TransfertFile copyFile (fileChannel) - Fin de la copie. 
17:16:15.800 DEBUG - TransfertFile copyFile (pls) - Copie du fichier 7/18 : 'C:\Osys\QUARTIS_PRO\quartis-pro-web\Standard\OPTIMA_50_GF\language.properties'. 
17:16:15.800 DEBUG - TransfertFile copyFile (fileChannel) - Copie de 'C:\Osys\QUARTIS_PRO\quartis-pro-web\Standard\OPTIMA_50_GF\language.properties'... 
17:16:15.816 DEBUG - TransfertFile copyFile (fileChannel) - Fin de la copie. 
17:16:15.816 DEBUG - TransfertFile copyFile (pls) - Copie du fichier 8/18 : 'C:\Osys\QUARTIS_PRO\quartis-pro-web\Standard\OPTIMA_60_Tiers\language.properties'. 
17:16:15.816 DEBUG - TransfertFile copyFile (fileChannel) - Copie de 'C:\Osys\QUARTIS_PRO\quartis-pro-web\Standard\OPTIMA_60_Tiers\language.properties'... 
17:16:15.831 DEBUG - TransfertFile copyFile (fileChannel) - Fin de la copie. 
17:16:15.831 DEBUG - TransfertFile copyFile (pls) - Copie du fichier 9/18 : 'C:\Osys\QUARTIS_PRO\quartis-pro-web\Standard\OPTIMA_70_Tracabilite\language.properties'. 
17:16:15.831 DEBUG - TransfertFile copyFile (fileChannel) - Copie de 'C:\Osys\QUARTIS_PRO\quartis-pro-web\Standard\OPTIMA_70_Tracabilite\language.properties'... 
17:16:15.831 DEBUG - TransfertFile copyFile (fileChannel) - Fin de la copie. 
17:16:15.831 DEBUG - TransfertFile copyFile (pls) - Copie du fichier 10/18 : 'C:\Osys\QUARTIS_PRO\quartis-pro-web\Standard\OPTIMA_80_Documents\language.properties'. 
17:16:15.831 DEBUG - TransfertFile copyFile (fileChannel) - Copie de 'C:\Osys\QUARTIS_PRO\quartis-pro-web\Standard\OPTIMA_80_Documents\language.properties'... 
17:16:15.831 DEBUG - TransfertFile copyFile (fileChannel) - Fin de la copie. 
17:16:15.831 DEBUG - TransfertFile copyFile (pls) - Copie du fichier 11/18 : 'C:\Osys\QUARTIS_PRO\quartis-pro-web\Standard\OPTIMA_90_GDT\language.properties'. 
17:16:15.831 DEBUG - TransfertFile copyFile (fileChannel) - Copie de 'C:\Osys\QUARTIS_PRO\quartis-pro-web\Standard\OPTIMA_90_GDT\language.properties'... 
17:16:15.831 DEBUG - TransfertFile copyFile (fileChannel) - Fin de la copie. 
17:16:15.831 DEBUG - TransfertFile copyFile (pls) - Copie du fichier 12/18 : 'C:\Osys\QUARTIS_PRO\quartis-pro-web\Standard\OPTIMA_98_About\language.properties'. 
17:16:15.831 DEBUG - TransfertFile copyFile (fileChannel) - Copie de 'C:\Osys\QUARTIS_PRO\quartis-pro-web\Standard\OPTIMA_98_About\language.properties'... 
17:16:15.831 DEBUG - TransfertFile copyFile (fileChannel) - Fin de la copie. 
17:16:15.831 DEBUG - TransfertFile copyFile (pls) - Copie du fichier 13/18 : 'C:\Osys\QUARTIS_PRO\quartis-pro-web\Standard\restrictions\language.properties'. 
17:16:15.831 DEBUG - TransfertFile copyFile (fileChannel) - Copie de 'C:\Osys\QUARTIS_PRO\quartis-pro-web\Standard\restrictions\language.properties'... 
17:16:15.831 DEBUG - TransfertFile copyFile (fileChannel) - Fin de la copie. 
17:16:15.831 DEBUG - TransfertFile copyFile (pls) - Copie du fichier 14/18 : 'C:\Osys\QUARTIS_PRO\quartis-pro-web\Standard\templates\pdf-footer\language.properties'. 
17:16:15.831 DEBUG - TransfertFile copyFile (fileChannel) - Copie de 'C:\Osys\QUARTIS_PRO\quartis-pro-web\Standard\templates\pdf-footer\language.properties'... 
17:16:15.831 DEBUG - TransfertFile copyFile (fileChannel) - Fin de la copie. 
17:16:15.831 DEBUG - TransfertFile copyFile (pls) - Copie du fichier 15/18 : 'C:\Osys\QUARTIS_PRO\quartis-pro-web\Standard\templates\pdf-header\language.properties'. 
17:16:15.831 DEBUG - TransfertFile copyFile (fileChannel) - Copie de 'C:\Osys\QUARTIS_PRO\quartis-pro-web\Standard\templates\pdf-header\language.properties'... 
17:16:15.831 DEBUG - TransfertFile copyFile (fileChannel) - Fin de la copie. 
17:16:15.831 DEBUG - TransfertFile copyFile (pls) - Copie du fichier 16/18 : 'C:\Osys\QUARTIS_PRO\quartis-pro-web\Specifiques\templates\pdf-footer\language.properties'. 
17:16:15.831 DEBUG - TransfertFile copyFile (fileChannel) - Copie de 'C:\Osys\QUARTIS_PRO\quartis-pro-web\Specifiques\templates\pdf-footer\language.properties'... 
17:16:15.831 DEBUG - TransfertFile copyFile (fileChannel) - Fin de la copie. 
17:16:15.831 DEBUG - TransfertFile copyFile (pls) - Copie du fichier 17/18 : 'C:\Osys\QUARTIS_PRO\quartis-pro-web\Specifiques\templates\pdf-header\language.properties'. 
17:16:15.831 DEBUG - TransfertFile copyFile (fileChannel) - Copie de 'C:\Osys\QUARTIS_PRO\quartis-pro-web\Specifiques\templates\pdf-header\language.properties'... 
17:16:15.831 DEBUG - TransfertFile copyFile (fileChannel) - Fin de la copie. 
17:16:15.831 DEBUG - TransfertFile copyFile (pls) - Fin de la copie. 
17:16:16.081 DEBUG - TransfertFile copyFile (pls) - Copie de 18 fichiers vers 'C:\Osys\QUARTIS_PRO\quartis-pro-web\users\administrateur\language_fr.properties'... 
17:16:16.081 DEBUG - TransfertFile copyFile (pls) - Copie du fichier 0/18 : 'C:\Osys\QUARTIS_PRO\quartis-pro-web\Standard\OPTIMA_00_Standard\language_fr.properties'. 
17:16:16.081 DEBUG - TransfertFile copyFile (fileChannel) - Copie de 'C:\Osys\QUARTIS_PRO\quartis-pro-web\Standard\OPTIMA_00_Standard\language_fr.properties'... 
17:16:16.081 DEBUG - TransfertFile copyFile (fileChannel) - Fin de la copie. 
17:16:16.081 DEBUG - TransfertFile copyFile (pls) - Copie du fichier 1/18 : 'C:\Osys\QUARTIS_PRO\quartis-pro-web\Standard\OPTIMA_10_Personnel\language_fr.properties'. 
17:16:16.081 DEBUG - TransfertFile copyFile (fileChannel) - Copie de 'C:\Osys\QUARTIS_PRO\quartis-pro-web\Standard\OPTIMA_10_Personnel\language_fr.properties'... 
17:16:16.081 DEBUG - TransfertFile copyFile (fileChannel) - Fin de la copie. 
17:16:16.081 DEBUG - TransfertFile copyFile (pls) - Copie du fichier 2/18 : 'C:\Osys\QUARTIS_PRO\quartis-pro-web\Standard\OPTIMA_15_Equipement\language_fr.properties'. 
17:16:16.081 DEBUG - TransfertFile copyFile (fileChannel) - Copie de 'C:\Osys\QUARTIS_PRO\quartis-pro-web\Standard\OPTIMA_15_Equipement\language_fr.properties'... 
17:16:16.081 DEBUG - TransfertFile copyFile (fileChannel) - Fin de la copie. 
17:16:16.081 DEBUG - TransfertFile copyFile (pls) - Copie du fichier 3/18 : 'C:\Osys\QUARTIS_PRO\quartis-pro-web\Standard\OPTIMA_20_Production\language_fr.properties'. 
17:16:16.081 DEBUG - TransfertFile copyFile (fileChannel) - Copie de 'C:\Osys\QUARTIS_PRO\quartis-pro-web\Standard\OPTIMA_20_Production\language_fr.properties'... 
17:16:16.081 DEBUG - TransfertFile copyFile (fileChannel) - Fin de la copie. 
17:16:16.081 DEBUG - TransfertFile copyFile (pls) - Copie du fichier 4/18 : 'C:\Osys\QUARTIS_PRO\quartis-pro-web\Standard\OPTIMA_30_Outil\language_fr.properties'. 
17:16:16.081 DEBUG - TransfertFile copyFile (fileChannel) - Copie de 'C:\Osys\QUARTIS_PRO\quartis-pro-web\Standard\OPTIMA_30_Outil\language_fr.properties'... 
17:16:16.096 DEBUG - TransfertFile copyFile (fileChannel) - Fin de la copie. 
17:16:16.096 DEBUG - TransfertFile copyFile (pls) - Copie du fichier 5/18 : 'C:\Osys\QUARTIS_PRO\quartis-pro-web\Standard\OPTIMA_40_Maintenance\language_fr.properties'. 
17:16:16.096 DEBUG - TransfertFile copyFile (fileChannel) - Copie de 'C:\Osys\QUARTIS_PRO\quartis-pro-web\Standard\OPTIMA_40_Maintenance\language_fr.properties'... 
17:16:16.096 DEBUG - TransfertFile copyFile (fileChannel) - Fin de la copie. 
17:16:16.096 DEBUG - TransfertFile copyFile (pls) - Copie du fichier 6/18 : 'C:\Osys\QUARTIS_PRO\quartis-pro-web\Standard\OPTIMA_45_Controle\language_fr.properties'. 
17:16:16.096 DEBUG - TransfertFile copyFile (fileChannel) - Copie de 'C:\Osys\QUARTIS_PRO\quartis-pro-web\Standard\OPTIMA_45_Controle\language_fr.properties'... 
17:16:16.112 DEBUG - TransfertFile copyFile (fileChannel) - Fin de la copie. 
17:16:16.112 DEBUG - TransfertFile copyFile (pls) - Copie du fichier 7/18 : 'C:\Osys\QUARTIS_PRO\quartis-pro-web\Standard\OPTIMA_50_GF\language_fr.properties'. 
17:16:16.112 DEBUG - TransfertFile copyFile (fileChannel) - Copie de 'C:\Osys\QUARTIS_PRO\quartis-pro-web\Standard\OPTIMA_50_GF\language_fr.properties'... 
17:16:16.112 DEBUG - TransfertFile copyFile (fileChannel) - Fin de la copie. 
17:16:16.112 DEBUG - TransfertFile copyFile (pls) - Copie du fichier 8/18 : 'C:\Osys\QUARTIS_PRO\quartis-pro-web\Standard\OPTIMA_60_Tiers\language_fr.properties'. 
17:16:16.112 DEBUG - TransfertFile copyFile (fileChannel) - Copie de 'C:\Osys\QUARTIS_PRO\quartis-pro-web\Standard\OPTIMA_60_Tiers\language_fr.properties'... 
17:16:16.128 DEBUG - TransfertFile copyFile (fileChannel) - Fin de la copie. 
17:16:16.128 DEBUG - TransfertFile copyFile (pls) - Copie du fichier 9/18 : 'C:\Osys\QUARTIS_PRO\quartis-pro-web\Standard\OPTIMA_70_Tracabilite\language_fr.properties'. 
17:16:16.128 DEBUG - TransfertFile copyFile (fileChannel) - Copie de 'C:\Osys\QUARTIS_PRO\quartis-pro-web\Standard\OPTIMA_70_Tracabilite\language_fr.properties'... 
17:16:16.128 DEBUG - TransfertFile copyFile (fileChannel) - Fin de la copie. 
17:16:16.128 DEBUG - TransfertFile copyFile (pls) - Copie du fichier 10/18 : 'C:\Osys\QUARTIS_PRO\quartis-pro-web\Standard\OPTIMA_80_Documents\language_fr.properties'. 
17:16:16.128 DEBUG - TransfertFile copyFile (fileChannel) - Copie de 'C:\Osys\QUARTIS_PRO\quartis-pro-web\Standard\OPTIMA_80_Documents\language_fr.properties'... 
17:16:16.128 DEBUG - TransfertFile copyFile (fileChannel) - Fin de la copie. 
17:16:16.128 DEBUG - TransfertFile copyFile (pls) - Copie du fichier 11/18 : 'C:\Osys\QUARTIS_PRO\quartis-pro-web\Standard\OPTIMA_90_GDT\language_fr.properties'. 
17:16:16.128 DEBUG - TransfertFile copyFile (fileChannel) - Copie de 'C:\Osys\QUARTIS_PRO\quartis-pro-web\Standard\OPTIMA_90_GDT\language_fr.properties'... 
17:16:16.128 DEBUG - TransfertFile copyFile (fileChannel) - Fin de la copie. 
17:16:16.128 DEBUG - TransfertFile copyFile (pls) - Copie du fichier 12/18 : 'C:\Osys\QUARTIS_PRO\quartis-pro-web\Standard\OPTIMA_98_About\language_fr.properties'. 
17:16:16.128 DEBUG - TransfertFile copyFile (fileChannel) - Copie de 'C:\Osys\QUARTIS_PRO\quartis-pro-web\Standard\OPTIMA_98_About\language_fr.properties'... 
17:16:16.128 DEBUG - TransfertFile copyFile (fileChannel) - Fin de la copie. 
17:16:16.128 DEBUG - TransfertFile copyFile (pls) - Copie du fichier 13/18 : 'C:\Osys\QUARTIS_PRO\quartis-pro-web\Standard\restrictions\language_fr.properties'. 
17:16:16.128 DEBUG - TransfertFile copyFile (fileChannel) - Copie de 'C:\Osys\QUARTIS_PRO\quartis-pro-web\Standard\restrictions\language_fr.properties'... 
17:16:16.128 DEBUG - TransfertFile copyFile (fileChannel) - Fin de la copie. 
17:16:16.128 DEBUG - TransfertFile copyFile (pls) - Copie du fichier 14/18 : 'C:\Osys\QUARTIS_PRO\quartis-pro-web\Standard\templates\pdf-footer\language_fr.properties'. 
17:16:16.128 DEBUG - TransfertFile copyFile (fileChannel) - Copie de 'C:\Osys\QUARTIS_PRO\quartis-pro-web\Standard\templates\pdf-footer\language_fr.properties'... 
17:16:16.128 DEBUG - TransfertFile copyFile (fileChannel) - Fin de la copie. 
17:16:16.128 DEBUG - TransfertFile copyFile (pls) - Copie du fichier 15/18 : 'C:\Osys\QUARTIS_PRO\quartis-pro-web\Standard\templates\pdf-header\language_fr.properties'. 
17:16:16.128 DEBUG - TransfertFile copyFile (fileChannel) - Copie de 'C:\Osys\QUARTIS_PRO\quartis-pro-web\Standard\templates\pdf-header\language_fr.properties'... 
17:16:16.128 DEBUG - TransfertFile copyFile (fileChannel) - Fin de la copie. 
17:16:16.128 DEBUG - TransfertFile copyFile (pls) - Copie du fichier 16/18 : 'C:\Osys\QUARTIS_PRO\quartis-pro-web\Specifiques\templates\pdf-footer\language_fr.properties'. 
17:16:16.128 DEBUG - TransfertFile copyFile (fileChannel) - Copie de 'C:\Osys\QUARTIS_PRO\quartis-pro-web\Specifiques\templates\pdf-footer\language_fr.properties'... 
17:16:16.128 DEBUG - TransfertFile copyFile (fileChannel) - Fin de la copie. 
17:16:16.128 DEBUG - TransfertFile copyFile (pls) - Copie du fichier 17/18 : 'C:\Osys\QUARTIS_PRO\quartis-pro-web\Specifiques\templates\pdf-header\language_fr.properties'. 
17:16:16.128 DEBUG - TransfertFile copyFile (fileChannel) - Copie de 'C:\Osys\QUARTIS_PRO\quartis-pro-web\Specifiques\templates\pdf-header\language_fr.properties'... 
17:16:16.128 DEBUG - TransfertFile copyFile (fileChannel) - Fin de la copie. 
17:16:16.128 DEBUG - TransfertFile copyFile (pls) - Fin de la copie. 
17:16:16.128 DEBUG - LanguageFileManager buildPropertiesGen - Création de 'C:\Osys\QUARTIS_PRO\quartis-pro-web\users\administrateur\language_fr.properties'... 
17:16:16.159 DEBUG - LanguageFileManager buildPropertiesGen - Fin de la création. 
17:22:20.812 ERROR - AjaxAction  quartisspv.action.ActionException: Erreur : transformation XML du superviseur impossible.
	at quartisspv.action.level1.Level1RefreshAction.processPerformed(Level1RefreshAction.java:74)
	at quartisspv.action.AjaxAction.actionPerformed(AjaxAction.java:33)
	at quartisspv.action.AbstractAction.run(AbstractAction.java:94)
	at quartisspv.servlet.ActionServlet.processRequest(ActionServlet.java:76)
	at quartisspv.servlet.ActionServlet.doPost(ActionServlet.java:117)
	at javax.servlet.http.HttpServlet.service(HttpServlet.java:637)
	at javax.servlet.http.HttpServlet.service(HttpServlet.java:717)
	at org.apache.catalina.core.ApplicationFilterChain.internalDoFilter(ApplicationFilterChain.java:290)
	at org.apache.catalina.core.ApplicationFilterChain.doFilter(ApplicationFilterChain.java:206)
	at net.bull.javamelody.MonitoringFilter.doFilter(MonitoringFilter.java:201)
	at net.bull.javamelody.MonitoringFilter.doFilter(MonitoringFilter.java:178)
	at org.apache.catalina.core.ApplicationFilterChain.internalDoFilter(ApplicationFilterChain.java:235)
	at org.apache.catalina.core.ApplicationFilterChain.doFilter(ApplicationFilterChain.java:206)
	at org.apache.logging.log4j.web.Log4jServletFilter.doFilter(Log4jServletFilter.java:71)
	at org.apache.catalina.core.ApplicationFilterChain.internalDoFilter(ApplicationFilterChain.java:235)
	at org.apache.catalina.core.ApplicationFilterChain.doFilter(ApplicationFilterChain.java:206)
	at quartisweb.servlet.EncodingFilter.doFilter(EncodingFilter.java:26)
	at org.apache.catalina.core.ApplicationFilterChain.internalDoFilter(ApplicationFilterChain.java:235)
	at org.apache.catalina.core.ApplicationFilterChain.doFilter(ApplicationFilterChain.java:206)
	at quartisweb.filter.FiltreSession.doFilter(FiltreSession.java:151)
	at org.apache.catalina.core.ApplicationFilterChain.internalDoFilter(ApplicationFilterChain.java:235)
	at org.apache.catalina.core.ApplicationFilterChain.doFilter(ApplicationFilterChain.java:206)
	at org.apache.catalina.core.StandardWrapperValve.invoke(StandardWrapperValve.java:233)
	at org.apache.catalina.core.StandardContextValve.invoke(StandardContextValve.java:191)
	at org.apache.catalina.core.StandardHostValve.invoke(StandardHostValve.java:127)
	at org.apache.catalina.valves.ErrorReportValve.invoke(ErrorReportValve.java:102)
	at org.apache.catalina.core.StandardEngineValve.invoke(StandardEngineValve.java:109)
	at org.apache.catalina.connector.CoyoteAdapter.service(CoyoteAdapter.java:298)
	at org.apache.coyote.http11.Http11NioProcessor.process(Http11NioProcessor.java:886)
	at org.apache.coyote.http11.Http11NioProtocol$Http11ConnectionHandler.process(Http11NioProtocol.java:721)
	at org.apache.tomcat.util.net.NioEndpoint$SocketProcessor.run(NioEndpoint.java:2256)
	at java.util.concurrent.ThreadPoolExecutor.runWorker(Unknown Source)
	at java.util.concurrent.ThreadPoolExecutor$Worker.run(Unknown Source)
	at java.lang.Thread.run(Unknown Source)
Caused by: javax.xml.transform.TransformerException: org.xml.sax.SAXException
ClientAbortException:  java.io.IOException: Une connexion existante a dû être fermée par l’hôte distant
	at org.apache.xalan.transformer.TransformerIdentityImpl.transform(TransformerIdentityImpl.java:400)
	at quartisspv.action.level1.Level1RefreshAction.processPerformed(Level1RefreshAction.java:69)
	... 33 more
Caused by: org.xml.sax.SAXException
ClientAbortException:  java.io.IOException: Une connexion existante a dû être fermée par l’hôte distant
	at org.apache.xml.serializer.ToStream.endElement(ToStream.java:2253)
	at org.apache.xalan.transformer.TransformerIdentityImpl.endElement(TransformerIdentityImpl.java:1101)
	at org.apache.xml.serializer.TreeWalker.endNode(TreeWalker.java:460)
	at org.apache.xml.serializer.TreeWalker.traverse(TreeWalker.java:151)
	at org.apache.xalan.transformer.TransformerIdentityImpl.transform(TransformerIdentityImpl.java:389)
	... 34 more
Caused by: ClientAbortException:  java.io.IOException: Une connexion existante a dû être fermée par l’hôte distant
	at org.apache.catalina.connector.OutputBuffer.realWriteBytes(OutputBuffer.java:358)
	at org.apache.tomcat.util.buf.ByteChunk.append(ByteChunk.java:323)
	at org.apache.catalina.connector.OutputBuffer.writeBytes(OutputBuffer.java:381)
	at org.apache.catalina.connector.OutputBuffer.write(OutputBuffer.java:370)
	at org.apache.catalina.connector.CoyoteOutputStream.write(CoyoteOutputStream.java:89)
	at net.bull.javamelody.FilterServletOutputStream.write(FilterServletOutputStream.java:88)
	at net.bull.javamelody.CounterResponseStream.write(CounterResponseStream.java:82)
	at sun.nio.cs.StreamEncoder.writeBytes(Unknown Source)
	at sun.nio.cs.StreamEncoder.implWrite(Unknown Source)
	at sun.nio.cs.StreamEncoder.write(Unknown Source)
	at sun.nio.cs.StreamEncoder.write(Unknown Source)
	at java.io.OutputStreamWriter.write(Unknown Source)
	at org.apache.xml.serializer.ToStream.writeAttrString(ToStream.java:2155)
	at org.apache.xml.serializer.ToStream.processAttributes(ToStream.java:2079)
	at org.apache.xml.serializer.ToStream.endElement(ToStream.java:2224)
	... 38 more
Caused by: java.io.IOException: Une connexion existante a dû être fermée par l’hôte distant
	at sun.nio.ch.SocketDispatcher.write0(Native Method)
	at sun.nio.ch.SocketDispatcher.write(Unknown Source)
	at sun.nio.ch.IOUtil.writeFromNativeBuffer(Unknown Source)
	at sun.nio.ch.IOUtil.write(Unknown Source)
	at sun.nio.ch.SocketChannelImpl.write(Unknown Source)
	at org.apache.tomcat.util.net.NioChannel.write(NioChannel.java:116)
	at org.apache.tomcat.util.net.NioBlockingSelector.write(NioBlockingSelector.java:93)
	at org.apache.tomcat.util.net.NioSelectorPool.write(NioSelectorPool.java:156)
	at org.apache.coyote.http11.InternalNioOutputBuffer.writeToSocket(InternalNioOutputBuffer.java:440)
	at org.apache.coyote.http11.InternalNioOutputBuffer.flushBuffer(InternalNioOutputBuffer.java:784)
	at org.apache.coyote.http11.InternalNioOutputBuffer.addToBB(InternalNioOutputBuffer.java:624)
	at org.apache.coyote.http11.InternalNioOutputBuffer.access$000(InternalNioOutputBuffer.java:46)
	at org.apache.coyote.http11.InternalNioOutputBuffer$SocketOutputBuffer.doWrite(InternalNioOutputBuffer.java:809)
	at org.apache.coyote.http11.filters.ChunkedOutputFilter.doWrite(ChunkedOutputFilter.java:126)
	at org.apache.coyote.http11.InternalNioOutputBuffer.doWrite(InternalNioOutputBuffer.java:590)
	at org.apache.coyote.Response.doWrite(Response.java:560)
	at org.apache.catalina.connector.OutputBuffer.realWriteBytes(OutputBuffer.java:353)
	... 52 more

17:22:20.816 ERROR - FiltreSession Erreur relevée par le filtre général : null ClientAbortException:  java.io.IOException: Une connexion existante a dû être fermée par l’hôte distant
	at org.apache.catalina.connector.OutputBuffer.doFlush(OutputBuffer.java:319)
	at org.apache.catalina.connector.OutputBuffer.flush(OutputBuffer.java:288)
	at org.apache.catalina.connector.CoyoteOutputStream.flush(CoyoteOutputStream.java:98)
	at net.bull.javamelody.FilterServletOutputStream.flush(FilterServletOutputStream.java:69)
	at sun.nio.cs.StreamEncoder.implFlush(Unknown Source)
	at sun.nio.cs.StreamEncoder.flush(Unknown Source)
	at java.io.OutputStreamWriter.flush(Unknown Source)
	at quartisspv.action.AjaxAction.actionPerformed(AjaxAction.java:41)
	at quartisspv.action.AbstractAction.run(AbstractAction.java:94)
	at quartisspv.servlet.ActionServlet.processRequest(ActionServlet.java:76)
	at quartisspv.servlet.ActionServlet.doPost(ActionServlet.java:117)
	at javax.servlet.http.HttpServlet.service(HttpServlet.java:637)
	at javax.servlet.http.HttpServlet.service(HttpServlet.java:717)
	at org.apache.catalina.core.ApplicationFilterChain.internalDoFilter(ApplicationFilterChain.java:290)
	at org.apache.catalina.core.ApplicationFilterChain.doFilter(ApplicationFilterChain.java:206)
	at net.bull.javamelody.MonitoringFilter.doFilter(MonitoringFilter.java:201)
	at net.bull.javamelody.MonitoringFilter.doFilter(MonitoringFilter.java:178)
	at org.apache.catalina.core.ApplicationFilterChain.internalDoFilter(ApplicationFilterChain.java:235)
	at org.apache.catalina.core.ApplicationFilterChain.doFilter(ApplicationFilterChain.java:206)
	at org.apache.logging.log4j.web.Log4jServletFilter.doFilter(Log4jServletFilter.java:71)
	at org.apache.catalina.core.ApplicationFilterChain.internalDoFilter(ApplicationFilterChain.java:235)
	at org.apache.catalina.core.ApplicationFilterChain.doFilter(ApplicationFilterChain.java:206)
	at quartisweb.servlet.EncodingFilter.doFilter(EncodingFilter.java:26)
	at org.apache.catalina.core.ApplicationFilterChain.internalDoFilter(ApplicationFilterChain.java:235)
	at org.apache.catalina.core.ApplicationFilterChain.doFilter(ApplicationFilterChain.java:206)
	at quartisweb.filter.FiltreSession.doFilter(FiltreSession.java:151)
	at org.apache.catalina.core.ApplicationFilterChain.internalDoFilter(ApplicationFilterChain.java:235)
	at org.apache.catalina.core.ApplicationFilterChain.doFilter(ApplicationFilterChain.java:206)
	at org.apache.catalina.core.StandardWrapperValve.invoke(StandardWrapperValve.java:233)
	at org.apache.catalina.core.StandardContextValve.invoke(StandardContextValve.java:191)
	at org.apache.catalina.core.StandardHostValve.invoke(StandardHostValve.java:127)
	at org.apache.catalina.valves.ErrorReportValve.invoke(ErrorReportValve.java:102)
	at org.apache.catalina.core.StandardEngineValve.invoke(StandardEngineValve.java:109)
	at org.apache.catalina.connector.CoyoteAdapter.service(CoyoteAdapter.java:298)
	at org.apache.coyote.http11.Http11NioProcessor.process(Http11NioProcessor.java:886)
	at org.apache.coyote.http11.Http11NioProtocol$Http11ConnectionHandler.process(Http11NioProtocol.java:721)
	at org.apache.tomcat.util.net.NioEndpoint$SocketProcessor.run(NioEndpoint.java:2256)
	at java.util.concurrent.ThreadPoolExecutor.runWorker(Unknown Source)
	at java.util.concurrent.ThreadPoolExecutor$Worker.run(Unknown Source)
	at java.lang.Thread.run(Unknown Source)
Caused by: java.io.IOException: Une connexion existante a dû être fermée par l’hôte distant
	at sun.nio.ch.SocketDispatcher.write0(Native Method)
	at sun.nio.ch.SocketDispatcher.write(Unknown Source)
	at sun.nio.ch.IOUtil.writeFromNativeBuffer(Unknown Source)
	at sun.nio.ch.IOUtil.write(Unknown Source)
	at sun.nio.ch.SocketChannelImpl.write(Unknown Source)
	at org.apache.tomcat.util.net.NioChannel.write(NioChannel.java:116)
	at org.apache.tomcat.util.net.NioBlockingSelector.write(NioBlockingSelector.java:93)
	at org.apache.tomcat.util.net.NioSelectorPool.write(NioSelectorPool.java:156)
	at org.apache.coyote.http11.InternalNioOutputBuffer.writeToSocket(InternalNioOutputBuffer.java:440)
	at org.apache.coyote.http11.InternalNioOutputBuffer.flushBuffer(InternalNioOutputBuffer.java:784)
	at org.apache.coyote.http11.InternalNioOutputBuffer.flush(InternalNioOutputBuffer.java:300)
	at org.apache.coyote.http11.Http11NioProcessor.action(Http11NioProcessor.java:1063)
	at org.apache.coyote.Response.action(Response.java:183)
	at org.apache.catalina.connector.OutputBuffer.doFlush(OutputBuffer.java:314)
	... 39 more

17:23:44.479  INFO - PropertiesDelegate Destruction du properties manager ! 
17:24:23.738 DEBUG - TomcatListener contextInitialized - servletContext.realPath : C:\Osys\QuartisTools\Tomcat\webapps\Quartis-Web 
17:24:23.751  INFO - PropertiesDelegate Ouverture du fichier de configuration à l'emplacement : C:\Osys\QuartisTools\Tomcat/conf/quartis-web.properties 
17:24:23.780  INFO - TomcatListener -----> Supression des fichier temporaires 
17:24:23.902  INFO - TomcatListener Ouverture du fichier indiquant la base de données : C:\Osys\QuartisTools\Tomcat/conf/datasources.xml... 
17:24:23.963  INFO - DataSourceManager Création de la datasource : QuartisWeb-PU 
17:29:06.704 DEBUG - FiltreSession doFilter - UCS indique que l'utilisateur n'est pas connecté 
17:29:22.494 DEBUG - FiltreSession doFilter - UCS indique que l'utilisateur n'est pas connecté 
17:29:22.519 DEBUG - LoginManagedBean user.id = administrateur, connecté par login/mdp Osys 
17:29:23.482 DEBUG - TransfertFile copyFile (pls) - Copie de 18 fichiers vers 'C:\Osys\QUARTIS_PRO\quartis-pro-web\users\administrateur\language.properties'... 
17:29:23.482 DEBUG - TransfertFile copyFile (pls) - Copie du fichier 0/18 : 'C:\Osys\QUARTIS_PRO\quartis-pro-web\Standard\OPTIMA_00_Standard\language.properties'. 
17:29:23.482 DEBUG - TransfertFile copyFile (fileChannel) - Copie de 'C:\Osys\QUARTIS_PRO\quartis-pro-web\Standard\OPTIMA_00_Standard\language.properties'... 
17:29:23.483 DEBUG - TransfertFile copyFile (fileChannel) - Fin de la copie. 
17:29:23.483 DEBUG - TransfertFile copyFile (pls) - Copie du fichier 1/18 : 'C:\Osys\QUARTIS_PRO\quartis-pro-web\Standard\OPTIMA_10_Personnel\language.properties'. 
17:29:23.483 DEBUG - TransfertFile copyFile (fileChannel) - Copie de 'C:\Osys\QUARTIS_PRO\quartis-pro-web\Standard\OPTIMA_10_Personnel\language.properties'... 
17:29:23.484 DEBUG - TransfertFile copyFile (fileChannel) - Fin de la copie. 
17:29:23.484 DEBUG - TransfertFile copyFile (pls) - Copie du fichier 2/18 : 'C:\Osys\QUARTIS_PRO\quartis-pro-web\Standard\OPTIMA_15_Equipement\language.properties'. 
17:29:23.484 DEBUG - TransfertFile copyFile (fileChannel) - Copie de 'C:\Osys\QUARTIS_PRO\quartis-pro-web\Standard\OPTIMA_15_Equipement\language.properties'... 
17:29:23.484 DEBUG - TransfertFile copyFile (fileChannel) - Fin de la copie. 
17:29:23.484 DEBUG - TransfertFile copyFile (pls) - Copie du fichier 3/18 : 'C:\Osys\QUARTIS_PRO\quartis-pro-web\Standard\OPTIMA_20_Production\language.properties'. 
17:29:23.484 DEBUG - TransfertFile copyFile (fileChannel) - Copie de 'C:\Osys\QUARTIS_PRO\quartis-pro-web\Standard\OPTIMA_20_Production\language.properties'... 
17:29:23.484 DEBUG - TransfertFile copyFile (fileChannel) - Fin de la copie. 
17:29:23.484 DEBUG - TransfertFile copyFile (pls) - Copie du fichier 4/18 : 'C:\Osys\QUARTIS_PRO\quartis-pro-web\Standard\OPTIMA_30_Outil\language.properties'. 
17:29:23.485 DEBUG - TransfertFile copyFile (fileChannel) - Copie de 'C:\Osys\QUARTIS_PRO\quartis-pro-web\Standard\OPTIMA_30_Outil\language.properties'... 
17:29:23.485 DEBUG - TransfertFile copyFile (fileChannel) - Fin de la copie. 
17:29:23.485 DEBUG - TransfertFile copyFile (pls) - Copie du fichier 5/18 : 'C:\Osys\QUARTIS_PRO\quartis-pro-web\Standard\OPTIMA_40_Maintenance\language.properties'. 
17:29:23.485 DEBUG - TransfertFile copyFile (fileChannel) - Copie de 'C:\Osys\QUARTIS_PRO\quartis-pro-web\Standard\OPTIMA_40_Maintenance\language.properties'... 
17:29:23.485 DEBUG - TransfertFile copyFile (fileChannel) - Fin de la copie. 
17:29:23.485 DEBUG - TransfertFile copyFile (pls) - Copie du fichier 6/18 : 'C:\Osys\QUARTIS_PRO\quartis-pro-web\Standard\OPTIMA_45_Controle\language.properties'. 
17:29:23.485 DEBUG - TransfertFile copyFile (fileChannel) - Copie de 'C:\Osys\QUARTIS_PRO\quartis-pro-web\Standard\OPTIMA_45_Controle\language.properties'... 
17:29:23.485 DEBUG - TransfertFile copyFile (fileChannel) - Fin de la copie. 
17:29:23.485 DEBUG - TransfertFile copyFile (pls) - Copie du fichier 7/18 : 'C:\Osys\QUARTIS_PRO\quartis-pro-web\Standard\OPTIMA_50_GF\language.properties'. 
17:29:23.485 DEBUG - TransfertFile copyFile (fileChannel) - Copie de 'C:\Osys\QUARTIS_PRO\quartis-pro-web\Standard\OPTIMA_50_GF\language.properties'... 
17:29:23.486 DEBUG - TransfertFile copyFile (fileChannel) - Fin de la copie. 
17:29:23.486 DEBUG - TransfertFile copyFile (pls) - Copie du fichier 8/18 : 'C:\Osys\QUARTIS_PRO\quartis-pro-web\Standard\OPTIMA_60_Tiers\language.properties'. 
17:29:23.486 DEBUG - TransfertFile copyFile (fileChannel) - Copie de 'C:\Osys\QUARTIS_PRO\quartis-pro-web\Standard\OPTIMA_60_Tiers\language.properties'... 
17:29:23.486 DEBUG - TransfertFile copyFile (fileChannel) - Fin de la copie. 
17:29:23.486 DEBUG - TransfertFile copyFile (pls) - Copie du fichier 9/18 : 'C:\Osys\QUARTIS_PRO\quartis-pro-web\Standard\OPTIMA_70_Tracabilite\language.properties'. 
17:29:23.486 DEBUG - TransfertFile copyFile (fileChannel) - Copie de 'C:\Osys\QUARTIS_PRO\quartis-pro-web\Standard\OPTIMA_70_Tracabilite\language.properties'... 
17:29:23.486 DEBUG - TransfertFile copyFile (fileChannel) - Fin de la copie. 
17:29:23.486 DEBUG - TransfertFile copyFile (pls) - Copie du fichier 10/18 : 'C:\Osys\QUARTIS_PRO\quartis-pro-web\Standard\OPTIMA_80_Documents\language.properties'. 
17:29:23.486 DEBUG - TransfertFile copyFile (fileChannel) - Copie de 'C:\Osys\QUARTIS_PRO\quartis-pro-web\Standard\OPTIMA_80_Documents\language.properties'... 
17:29:23.487 DEBUG - TransfertFile copyFile (fileChannel) - Fin de la copie. 
17:29:23.487 DEBUG - TransfertFile copyFile (pls) - Copie du fichier 11/18 : 'C:\Osys\QUARTIS_PRO\quartis-pro-web\Standard\OPTIMA_90_GDT\language.properties'. 
17:29:23.487 DEBUG - TransfertFile copyFile (fileChannel) - Copie de 'C:\Osys\QUARTIS_PRO\quartis-pro-web\Standard\OPTIMA_90_GDT\language.properties'... 
17:29:23.487 DEBUG - TransfertFile copyFile (fileChannel) - Fin de la copie. 
17:29:23.487 DEBUG - TransfertFile copyFile (pls) - Copie du fichier 12/18 : 'C:\Osys\QUARTIS_PRO\quartis-pro-web\Standard\OPTIMA_98_About\language.properties'. 
17:29:23.487 DEBUG - TransfertFile copyFile (fileChannel) - Copie de 'C:\Osys\QUARTIS_PRO\quartis-pro-web\Standard\OPTIMA_98_About\language.properties'... 
17:29:23.487 DEBUG - TransfertFile copyFile (fileChannel) - Fin de la copie. 
17:29:23.487 DEBUG - TransfertFile copyFile (pls) - Copie du fichier 13/18 : 'C:\Osys\QUARTIS_PRO\quartis-pro-web\Standard\restrictions\language.properties'. 
17:29:23.487 DEBUG - TransfertFile copyFile (fileChannel) - Copie de 'C:\Osys\QUARTIS_PRO\quartis-pro-web\Standard\restrictions\language.properties'... 
17:29:23.487 DEBUG - TransfertFile copyFile (fileChannel) - Fin de la copie. 
17:29:23.488 DEBUG - TransfertFile copyFile (pls) - Copie du fichier 14/18 : 'C:\Osys\QUARTIS_PRO\quartis-pro-web\Standard\templates\pdf-footer\language.properties'. 
17:29:23.488 DEBUG - TransfertFile copyFile (fileChannel) - Copie de 'C:\Osys\QUARTIS_PRO\quartis-pro-web\Standard\templates\pdf-footer\language.properties'... 
17:29:23.488 DEBUG - TransfertFile copyFile (fileChannel) - Fin de la copie. 
17:29:23.488 DEBUG - TransfertFile copyFile (pls) - Copie du fichier 15/18 : 'C:\Osys\QUARTIS_PRO\quartis-pro-web\Standard\templates\pdf-header\language.properties'. 
17:29:23.488 DEBUG - TransfertFile copyFile (fileChannel) - Copie de 'C:\Osys\QUARTIS_PRO\quartis-pro-web\Standard\templates\pdf-header\language.properties'... 
17:29:23.488 DEBUG - TransfertFile copyFile (fileChannel) - Fin de la copie. 
17:29:23.488 DEBUG - TransfertFile copyFile (pls) - Copie du fichier 16/18 : 'C:\Osys\QUARTIS_PRO\quartis-pro-web\Specifiques\templates\pdf-footer\language.properties'. 
17:29:23.489 DEBUG - TransfertFile copyFile (fileChannel) - Copie de 'C:\Osys\QUARTIS_PRO\quartis-pro-web\Specifiques\templates\pdf-footer\language.properties'... 
17:29:23.489 DEBUG - TransfertFile copyFile (fileChannel) - Fin de la copie. 
17:29:23.489 DEBUG - TransfertFile copyFile (pls) - Copie du fichier 17/18 : 'C:\Osys\QUARTIS_PRO\quartis-pro-web\Specifiques\templates\pdf-header\language.properties'. 
17:29:23.489 DEBUG - TransfertFile copyFile (fileChannel) - Copie de 'C:\Osys\QUARTIS_PRO\quartis-pro-web\Specifiques\templates\pdf-header\language.properties'... 
17:29:23.489 DEBUG - TransfertFile copyFile (fileChannel) - Fin de la copie. 
17:29:23.489 DEBUG - TransfertFile copyFile (pls) - Fin de la copie. 
17:29:23.744 DEBUG - TransfertFile copyFile (pls) - Copie de 18 fichiers vers 'C:\Osys\QUARTIS_PRO\quartis-pro-web\users\administrateur\language_fr.properties'... 
17:29:23.744 DEBUG - TransfertFile copyFile (pls) - Copie du fichier 0/18 : 'C:\Osys\QUARTIS_PRO\quartis-pro-web\Standard\OPTIMA_00_Standard\language_fr.properties'. 
17:29:23.745 DEBUG - TransfertFile copyFile (fileChannel) - Copie de 'C:\Osys\QUARTIS_PRO\quartis-pro-web\Standard\OPTIMA_00_Standard\language_fr.properties'... 
17:29:23.745 DEBUG - TransfertFile copyFile (fileChannel) - Fin de la copie. 
17:29:23.745 DEBUG - TransfertFile copyFile (pls) - Copie du fichier 1/18 : 'C:\Osys\QUARTIS_PRO\quartis-pro-web\Standard\OPTIMA_10_Personnel\language_fr.properties'. 
17:29:23.745 DEBUG - TransfertFile copyFile (fileChannel) - Copie de 'C:\Osys\QUARTIS_PRO\quartis-pro-web\Standard\OPTIMA_10_Personnel\language_fr.properties'... 
17:29:23.745 DEBUG - TransfertFile copyFile (fileChannel) - Fin de la copie. 
17:29:23.745 DEBUG - TransfertFile copyFile (pls) - Copie du fichier 2/18 : 'C:\Osys\QUARTIS_PRO\quartis-pro-web\Standard\OPTIMA_15_Equipement\language_fr.properties'. 
17:29:23.745 DEBUG - TransfertFile copyFile (fileChannel) - Copie de 'C:\Osys\QUARTIS_PRO\quartis-pro-web\Standard\OPTIMA_15_Equipement\language_fr.properties'... 
17:29:23.746 DEBUG - TransfertFile copyFile (fileChannel) - Fin de la copie. 
17:29:23.746 DEBUG - TransfertFile copyFile (pls) - Copie du fichier 3/18 : 'C:\Osys\QUARTIS_PRO\quartis-pro-web\Standard\OPTIMA_20_Production\language_fr.properties'. 
17:29:23.746 DEBUG - TransfertFile copyFile (fileChannel) - Copie de 'C:\Osys\QUARTIS_PRO\quartis-pro-web\Standard\OPTIMA_20_Production\language_fr.properties'... 
17:29:23.746 DEBUG - TransfertFile copyFile (fileChannel) - Fin de la copie. 
17:29:23.746 DEBUG - TransfertFile copyFile (pls) - Copie du fichier 4/18 : 'C:\Osys\QUARTIS_PRO\quartis-pro-web\Standard\OPTIMA_30_Outil\language_fr.properties'. 
17:29:23.746 DEBUG - TransfertFile copyFile (fileChannel) - Copie de 'C:\Osys\QUARTIS_PRO\quartis-pro-web\Standard\OPTIMA_30_Outil\language_fr.properties'... 
17:29:23.746 DEBUG - TransfertFile copyFile (fileChannel) - Fin de la copie. 
17:29:23.746 DEBUG - TransfertFile copyFile (pls) - Copie du fichier 5/18 : 'C:\Osys\QUARTIS_PRO\quartis-pro-web\Standard\OPTIMA_40_Maintenance\language_fr.properties'. 
17:29:23.746 DEBUG - TransfertFile copyFile (fileChannel) - Copie de 'C:\Osys\QUARTIS_PRO\quartis-pro-web\Standard\OPTIMA_40_Maintenance\language_fr.properties'... 
17:29:23.747 DEBUG - TransfertFile copyFile (fileChannel) - Fin de la copie. 
17:29:23.747 DEBUG - TransfertFile copyFile (pls) - Copie du fichier 6/18 : 'C:\Osys\QUARTIS_PRO\quartis-pro-web\Standard\OPTIMA_45_Controle\language_fr.properties'. 
17:29:23.747 DEBUG - TransfertFile copyFile (fileChannel) - Copie de 'C:\Osys\QUARTIS_PRO\quartis-pro-web\Standard\OPTIMA_45_Controle\language_fr.properties'... 
17:29:23.747 DEBUG - TransfertFile copyFile (fileChannel) - Fin de la copie. 
17:29:23.747 DEBUG - TransfertFile copyFile (pls) - Copie du fichier 7/18 : 'C:\Osys\QUARTIS_PRO\quartis-pro-web\Standard\OPTIMA_50_GF\language_fr.properties'. 
17:29:23.747 DEBUG - TransfertFile copyFile (fileChannel) - Copie de 'C:\Osys\QUARTIS_PRO\quartis-pro-web\Standard\OPTIMA_50_GF\language_fr.properties'... 
17:29:23.747 DEBUG - TransfertFile copyFile (fileChannel) - Fin de la copie. 
17:29:23.747 DEBUG - TransfertFile copyFile (pls) - Copie du fichier 8/18 : 'C:\Osys\QUARTIS_PRO\quartis-pro-web\Standard\OPTIMA_60_Tiers\language_fr.properties'. 
17:29:23.747 DEBUG - TransfertFile copyFile (fileChannel) - Copie de 'C:\Osys\QUARTIS_PRO\quartis-pro-web\Standard\OPTIMA_60_Tiers\language_fr.properties'... 
17:29:23.747 DEBUG - TransfertFile copyFile (fileChannel) - Fin de la copie. 
17:29:23.748 DEBUG - TransfertFile copyFile (pls) - Copie du fichier 9/18 : 'C:\Osys\QUARTIS_PRO\quartis-pro-web\Standard\OPTIMA_70_Tracabilite\language_fr.properties'. 
17:29:23.748 DEBUG - TransfertFile copyFile (fileChannel) - Copie de 'C:\Osys\QUARTIS_PRO\quartis-pro-web\Standard\OPTIMA_70_Tracabilite\language_fr.properties'... 
17:29:23.748 DEBUG - TransfertFile copyFile (fileChannel) - Fin de la copie. 
17:29:23.748 DEBUG - TransfertFile copyFile (pls) - Copie du fichier 10/18 : 'C:\Osys\QUARTIS_PRO\quartis-pro-web\Standard\OPTIMA_80_Documents\language_fr.properties'. 
17:29:23.748 DEBUG - TransfertFile copyFile (fileChannel) - Copie de 'C:\Osys\QUARTIS_PRO\quartis-pro-web\Standard\OPTIMA_80_Documents\language_fr.properties'... 
17:29:23.748 DEBUG - TransfertFile copyFile (fileChannel) - Fin de la copie. 
17:29:23.748 DEBUG - TransfertFile copyFile (pls) - Copie du fichier 11/18 : 'C:\Osys\QUARTIS_PRO\quartis-pro-web\Standard\OPTIMA_90_GDT\language_fr.properties'. 
17:29:23.748 DEBUG - TransfertFile copyFile (fileChannel) - Copie de 'C:\Osys\QUARTIS_PRO\quartis-pro-web\Standard\OPTIMA_90_GDT\language_fr.properties'... 
17:29:23.748 DEBUG - TransfertFile copyFile (fileChannel) - Fin de la copie. 
17:29:23.748 DEBUG - TransfertFile copyFile (pls) - Copie du fichier 12/18 : 'C:\Osys\QUARTIS_PRO\quartis-pro-web\Standard\OPTIMA_98_About\language_fr.properties'. 
17:29:23.749 DEBUG - TransfertFile copyFile (fileChannel) - Copie de 'C:\Osys\QUARTIS_PRO\quartis-pro-web\Standard\OPTIMA_98_About\language_fr.properties'... 
17:29:23.749 DEBUG - TransfertFile copyFile (fileChannel) - Fin de la copie. 
17:29:23.749 DEBUG - TransfertFile copyFile (pls) - Copie du fichier 13/18 : 'C:\Osys\QUARTIS_PRO\quartis-pro-web\Standard\restrictions\language_fr.properties'. 
17:29:23.749 DEBUG - TransfertFile copyFile (fileChannel) - Copie de 'C:\Osys\QUARTIS_PRO\quartis-pro-web\Standard\restrictions\language_fr.properties'... 
17:29:23.749 DEBUG - TransfertFile copyFile (fileChannel) - Fin de la copie. 
17:29:23.749 DEBUG - TransfertFile copyFile (pls) - Copie du fichier 14/18 : 'C:\Osys\QUARTIS_PRO\quartis-pro-web\Standard\templates\pdf-footer\language_fr.properties'. 
17:29:23.749 DEBUG - TransfertFile copyFile (fileChannel) - Copie de 'C:\Osys\QUARTIS_PRO\quartis-pro-web\Standard\templates\pdf-footer\language_fr.properties'... 
17:29:23.749 DEBUG - TransfertFile copyFile (fileChannel) - Fin de la copie. 
17:29:23.749 DEBUG - TransfertFile copyFile (pls) - Copie du fichier 15/18 : 'C:\Osys\QUARTIS_PRO\quartis-pro-web\Standard\templates\pdf-header\language_fr.properties'. 
17:29:23.750 DEBUG - TransfertFile copyFile (fileChannel) - Copie de 'C:\Osys\QUARTIS_PRO\quartis-pro-web\Standard\templates\pdf-header\language_fr.properties'... 
17:29:23.750 DEBUG - TransfertFile copyFile (fileChannel) - Fin de la copie. 
17:29:23.750 DEBUG - TransfertFile copyFile (pls) - Copie du fichier 16/18 : 'C:\Osys\QUARTIS_PRO\quartis-pro-web\Specifiques\templates\pdf-footer\language_fr.properties'. 
17:29:23.750 DEBUG - TransfertFile copyFile (fileChannel) - Copie de 'C:\Osys\QUARTIS_PRO\quartis-pro-web\Specifiques\templates\pdf-footer\language_fr.properties'... 
17:29:23.750 DEBUG - TransfertFile copyFile (fileChannel) - Fin de la copie. 
17:29:23.750 DEBUG - TransfertFile copyFile (pls) - Copie du fichier 17/18 : 'C:\Osys\QUARTIS_PRO\quartis-pro-web\Specifiques\templates\pdf-header\language_fr.properties'. 
17:29:23.750 DEBUG - TransfertFile copyFile (fileChannel) - Copie de 'C:\Osys\QUARTIS_PRO\quartis-pro-web\Specifiques\templates\pdf-header\language_fr.properties'... 
17:29:23.750 DEBUG - TransfertFile copyFile (fileChannel) - Fin de la copie. 
17:29:23.750 DEBUG - TransfertFile copyFile (pls) - Fin de la copie. 
17:29:23.751 DEBUG - LanguageFileManager buildPropertiesGen - Création de 'C:\Osys\QUARTIS_PRO\quartis-pro-web\users\administrateur\language_fr.properties'... 
17:29:23.795 DEBUG - LanguageFileManager buildPropertiesGen - Fin de la création. 
17:29:29.470 DEBUG - FiltreSession Requête pour page non login (http://192.168.1.38:8383/Quartis-Web/moduleChange.ajx?moduleID=OPTIMA_Standard&userID=administrateur) mais pas de user en session. 
17:29:30.817 DEBUG - FiltreSession Requête pour page non login (http://192.168.1.38:8383/Quartis-Web/xxx.cas?action=deconnexion&userID=administrateur) mais pas de user en session. 
17:29:34.480 ERROR - AjaxAction  quartisspv.action.ActionException: Erreur : transformation XML du superviseur impossible.
	at quartisspv.action.level1.Level1RefreshAction.processPerformed(Level1RefreshAction.java:74)
	at quartisspv.action.AjaxAction.actionPerformed(AjaxAction.java:33)
	at quartisspv.action.AbstractAction.run(AbstractAction.java:94)
	at quartisspv.servlet.ActionServlet.processRequest(ActionServlet.java:76)
	at quartisspv.servlet.ActionServlet.doPost(ActionServlet.java:117)
	at javax.servlet.http.HttpServlet.service(HttpServlet.java:637)
	at javax.servlet.http.HttpServlet.service(HttpServlet.java:717)
	at org.apache.catalina.core.ApplicationFilterChain.internalDoFilter(ApplicationFilterChain.java:290)
	at org.apache.catalina.core.ApplicationFilterChain.doFilter(ApplicationFilterChain.java:206)
	at net.bull.javamelody.MonitoringFilter.doFilter(MonitoringFilter.java:201)
	at net.bull.javamelody.MonitoringFilter.doFilter(MonitoringFilter.java:178)
	at org.apache.catalina.core.ApplicationFilterChain.internalDoFilter(ApplicationFilterChain.java:235)
	at org.apache.catalina.core.ApplicationFilterChain.doFilter(ApplicationFilterChain.java:206)
	at org.apache.logging.log4j.web.Log4jServletFilter.doFilter(Log4jServletFilter.java:71)
	at org.apache.catalina.core.ApplicationFilterChain.internalDoFilter(ApplicationFilterChain.java:235)
	at org.apache.catalina.core.ApplicationFilterChain.doFilter(ApplicationFilterChain.java:206)
	at quartisweb.servlet.EncodingFilter.doFilter(EncodingFilter.java:26)
	at org.apache.catalina.core.ApplicationFilterChain.internalDoFilter(ApplicationFilterChain.java:235)
	at org.apache.catalina.core.ApplicationFilterChain.doFilter(ApplicationFilterChain.java:206)
	at quartisweb.filter.FiltreSession.doFilter(FiltreSession.java:151)
	at org.apache.catalina.core.ApplicationFilterChain.internalDoFilter(ApplicationFilterChain.java:235)
	at org.apache.catalina.core.ApplicationFilterChain.doFilter(ApplicationFilterChain.java:206)
	at org.apache.catalina.core.StandardWrapperValve.invoke(StandardWrapperValve.java:233)
	at org.apache.catalina.core.StandardContextValve.invoke(StandardContextValve.java:191)
	at org.apache.catalina.core.StandardHostValve.invoke(StandardHostValve.java:127)
	at org.apache.catalina.valves.ErrorReportValve.invoke(ErrorReportValve.java:102)
	at org.apache.catalina.core.StandardEngineValve.invoke(StandardEngineValve.java:109)
	at org.apache.catalina.connector.CoyoteAdapter.service(CoyoteAdapter.java:298)
	at org.apache.coyote.http11.Http11NioProcessor.process(Http11NioProcessor.java:886)
	at org.apache.coyote.http11.Http11NioProtocol$Http11ConnectionHandler.process(Http11NioProtocol.java:721)
	at org.apache.tomcat.util.net.NioEndpoint$SocketProcessor.run(NioEndpoint.java:2256)
	at java.util.concurrent.ThreadPoolExecutor.runWorker(Unknown Source)
	at java.util.concurrent.ThreadPoolExecutor$Worker.run(Unknown Source)
	at java.lang.Thread.run(Unknown Source)
Caused by: javax.xml.transform.TransformerException: org.xml.sax.SAXException
ClientAbortException:  java.io.IOException: Une connexion établie a été abandonnée par un logiciel de votre ordinateur hôte
	at org.apache.xalan.transformer.TransformerIdentityImpl.transform(TransformerIdentityImpl.java:400)
	at quartisspv.action.level1.Level1RefreshAction.processPerformed(Level1RefreshAction.java:69)
	... 33 more
Caused by: org.xml.sax.SAXException
ClientAbortException:  java.io.IOException: Une connexion établie a été abandonnée par un logiciel de votre ordinateur hôte
	at org.apache.xml.serializer.ToStream.endElement(ToStream.java:2253)
	at org.apache.xalan.transformer.TransformerIdentityImpl.endElement(TransformerIdentityImpl.java:1101)
	at org.apache.xml.serializer.TreeWalker.endNode(TreeWalker.java:460)
	at org.apache.xml.serializer.TreeWalker.traverse(TreeWalker.java:151)
	at org.apache.xalan.transformer.TransformerIdentityImpl.transform(TransformerIdentityImpl.java:389)
	... 34 more
Caused by: ClientAbortException:  java.io.IOException: Une connexion établie a été abandonnée par un logiciel de votre ordinateur hôte
	at org.apache.catalina.connector.OutputBuffer.realWriteBytes(OutputBuffer.java:358)
	at org.apache.tomcat.util.buf.ByteChunk.append(ByteChunk.java:323)
	at org.apache.catalina.connector.OutputBuffer.writeBytes(OutputBuffer.java:381)
	at org.apache.catalina.connector.OutputBuffer.write(OutputBuffer.java:370)
	at org.apache.catalina.connector.CoyoteOutputStream.write(CoyoteOutputStream.java:89)
	at net.bull.javamelody.FilterServletOutputStream.write(FilterServletOutputStream.java:88)
	at net.bull.javamelody.CounterResponseStream.write(CounterResponseStream.java:82)
	at sun.nio.cs.StreamEncoder.writeBytes(Unknown Source)
	at sun.nio.cs.StreamEncoder.implWrite(Unknown Source)
	at sun.nio.cs.StreamEncoder.write(Unknown Source)
	at sun.nio.cs.StreamEncoder.write(Unknown Source)
	at java.io.OutputStreamWriter.write(Unknown Source)
	at org.apache.xml.serializer.ToStream.writeAttrString(ToStream.java:2155)
	at org.apache.xml.serializer.ToStream.processAttributes(ToStream.java:2079)
	at org.apache.xml.serializer.ToStream.endElement(ToStream.java:2224)
	... 38 more
Caused by: java.io.IOException: Une connexion établie a été abandonnée par un logiciel de votre ordinateur hôte
	at sun.nio.ch.SocketDispatcher.write0(Native Method)
	at sun.nio.ch.SocketDispatcher.write(Unknown Source)
	at sun.nio.ch.IOUtil.writeFromNativeBuffer(Unknown Source)
	at sun.nio.ch.IOUtil.write(Unknown Source)
	at sun.nio.ch.SocketChannelImpl.write(Unknown Source)
	at org.apache.tomcat.util.net.NioChannel.write(NioChannel.java:116)
	at org.apache.tomcat.util.net.NioBlockingSelector.write(NioBlockingSelector.java:93)
	at org.apache.tomcat.util.net.NioSelectorPool.write(NioSelectorPool.java:156)
	at org.apache.coyote.http11.InternalNioOutputBuffer.writeToSocket(InternalNioOutputBuffer.java:440)
	at org.apache.coyote.http11.InternalNioOutputBuffer.flushBuffer(InternalNioOutputBuffer.java:784)
	at org.apache.coyote.http11.InternalNioOutputBuffer.addToBB(InternalNioOutputBuffer.java:624)
	at org.apache.coyote.http11.InternalNioOutputBuffer.access$000(InternalNioOutputBuffer.java:46)
	at org.apache.coyote.http11.InternalNioOutputBuffer$SocketOutputBuffer.doWrite(InternalNioOutputBuffer.java:809)
	at org.apache.coyote.http11.filters.ChunkedOutputFilter.doWrite(ChunkedOutputFilter.java:126)
	at org.apache.coyote.http11.InternalNioOutputBuffer.doWrite(InternalNioOutputBuffer.java:590)
	at org.apache.coyote.Response.doWrite(Response.java:560)
	at org.apache.catalina.connector.OutputBuffer.realWriteBytes(OutputBuffer.java:353)
	... 52 more

17:29:34.483 ERROR - FiltreSession Erreur relevée par le filtre général : null ClientAbortException:  java.io.IOException: Une connexion établie a été abandonnée par un logiciel de votre ordinateur hôte
	at org.apache.catalina.connector.OutputBuffer.doFlush(OutputBuffer.java:319)
	at org.apache.catalina.connector.OutputBuffer.flush(OutputBuffer.java:288)
	at org.apache.catalina.connector.CoyoteOutputStream.flush(CoyoteOutputStream.java:98)
	at net.bull.javamelody.FilterServletOutputStream.flush(FilterServletOutputStream.java:69)
	at sun.nio.cs.StreamEncoder.implFlush(Unknown Source)
	at sun.nio.cs.StreamEncoder.flush(Unknown Source)
	at java.io.OutputStreamWriter.flush(Unknown Source)
	at quartisspv.action.AjaxAction.actionPerformed(AjaxAction.java:41)
	at quartisspv.action.AbstractAction.run(AbstractAction.java:94)
	at quartisspv.servlet.ActionServlet.processRequest(ActionServlet.java:76)
	at quartisspv.servlet.ActionServlet.doPost(ActionServlet.java:117)
	at javax.servlet.http.HttpServlet.service(HttpServlet.java:637)
	at javax.servlet.http.HttpServlet.service(HttpServlet.java:717)
	at org.apache.catalina.core.ApplicationFilterChain.internalDoFilter(ApplicationFilterChain.java:290)
	at org.apache.catalina.core.ApplicationFilterChain.doFilter(ApplicationFilterChain.java:206)
	at net.bull.javamelody.MonitoringFilter.doFilter(MonitoringFilter.java:201)
	at net.bull.javamelody.MonitoringFilter.doFilter(MonitoringFilter.java:178)
	at org.apache.catalina.core.ApplicationFilterChain.internalDoFilter(ApplicationFilterChain.java:235)
	at org.apache.catalina.core.ApplicationFilterChain.doFilter(ApplicationFilterChain.java:206)
	at org.apache.logging.log4j.web.Log4jServletFilter.doFilter(Log4jServletFilter.java:71)
	at org.apache.catalina.core.ApplicationFilterChain.internalDoFilter(ApplicationFilterChain.java:235)
	at org.apache.catalina.core.ApplicationFilterChain.doFilter(ApplicationFilterChain.java:206)
	at quartisweb.servlet.EncodingFilter.doFilter(EncodingFilter.java:26)
	at org.apache.catalina.core.ApplicationFilterChain.internalDoFilter(ApplicationFilterChain.java:235)
	at org.apache.catalina.core.ApplicationFilterChain.doFilter(ApplicationFilterChain.java:206)
	at quartisweb.filter.FiltreSession.doFilter(FiltreSession.java:151)
	at org.apache.catalina.core.ApplicationFilterChain.internalDoFilter(ApplicationFilterChain.java:235)
	at org.apache.catalina.core.ApplicationFilterChain.doFilter(ApplicationFilterChain.java:206)
	at org.apache.catalina.core.StandardWrapperValve.invoke(StandardWrapperValve.java:233)
	at org.apache.catalina.core.StandardContextValve.invoke(StandardContextValve.java:191)
	at org.apache.catalina.core.StandardHostValve.invoke(StandardHostValve.java:127)
	at org.apache.catalina.valves.ErrorReportValve.invoke(ErrorReportValve.java:102)
	at org.apache.catalina.core.StandardEngineValve.invoke(StandardEngineValve.java:109)
	at org.apache.catalina.connector.CoyoteAdapter.service(CoyoteAdapter.java:298)
	at org.apache.coyote.http11.Http11NioProcessor.process(Http11NioProcessor.java:886)
	at org.apache.coyote.http11.Http11NioProtocol$Http11ConnectionHandler.process(Http11NioProtocol.java:721)
	at org.apache.tomcat.util.net.NioEndpoint$SocketProcessor.run(NioEndpoint.java:2256)
	at java.util.concurrent.ThreadPoolExecutor.runWorker(Unknown Source)
	at java.util.concurrent.ThreadPoolExecutor$Worker.run(Unknown Source)
	at java.lang.Thread.run(Unknown Source)
Caused by: java.io.IOException: Une connexion établie a été abandonnée par un logiciel de votre ordinateur hôte
	at sun.nio.ch.SocketDispatcher.write0(Native Method)
	at sun.nio.ch.SocketDispatcher.write(Unknown Source)
	at sun.nio.ch.IOUtil.writeFromNativeBuffer(Unknown Source)
	at sun.nio.ch.IOUtil.write(Unknown Source)
	at sun.nio.ch.SocketChannelImpl.write(Unknown Source)
	at org.apache.tomcat.util.net.NioChannel.write(NioChannel.java:116)
	at org.apache.tomcat.util.net.NioBlockingSelector.write(NioBlockingSelector.java:93)
	at org.apache.tomcat.util.net.NioSelectorPool.write(NioSelectorPool.java:156)
	at org.apache.coyote.http11.InternalNioOutputBuffer.writeToSocket(InternalNioOutputBuffer.java:440)
	at org.apache.coyote.http11.InternalNioOutputBuffer.flushBuffer(InternalNioOutputBuffer.java:784)
	at org.apache.coyote.http11.InternalNioOutputBuffer.flush(InternalNioOutputBuffer.java:300)
	at org.apache.coyote.http11.Http11NioProcessor.action(Http11NioProcessor.java:1063)
	at org.apache.coyote.Response.action(Response.java:183)
	at org.apache.catalina.connector.OutputBuffer.doFlush(OutputBuffer.java:314)
	... 39 more

17:29:36.150 DEBUG - LoginManagedBean user.id = administrateur, connecté par login/mdp Osys 
17:29:36.170  WARN - ConnexionManagedBean L'utilisateur administrateur a tente de se connecter depuis l'IP 192.168.1.43 alors qu'il(elle) est deja connecte(e) : null. 
17:29:49.866 DEBUG - LoginManagedBean user.id = tech, connecté par login/mdp Osys 
17:29:50.264 DEBUG - TransfertFile copyFile (pls) - Copie de 18 fichiers vers 'C:\Osys\QUARTIS_PRO\quartis-pro-web\users\tech\language.properties'... 
17:29:50.265 DEBUG - TransfertFile copyFile (pls) - Copie du fichier 0/18 : 'C:\Osys\QUARTIS_PRO\quartis-pro-web\Standard\OPTIMA_00_Standard\language.properties'. 
17:29:50.265 DEBUG - TransfertFile copyFile (fileChannel) - Copie de 'C:\Osys\QUARTIS_PRO\quartis-pro-web\Standard\OPTIMA_00_Standard\language.properties'... 
17:29:50.265 DEBUG - TransfertFile copyFile (fileChannel) - Fin de la copie. 
17:29:50.265 DEBUG - TransfertFile copyFile (pls) - Copie du fichier 1/18 : 'C:\Osys\QUARTIS_PRO\quartis-pro-web\Standard\OPTIMA_10_Personnel\language.properties'. 
17:29:50.265 DEBUG - TransfertFile copyFile (fileChannel) - Copie de 'C:\Osys\QUARTIS_PRO\quartis-pro-web\Standard\OPTIMA_10_Personnel\language.properties'... 
17:29:50.265 DEBUG - TransfertFile copyFile (fileChannel) - Fin de la copie. 
17:29:50.265 DEBUG - TransfertFile copyFile (pls) - Copie du fichier 2/18 : 'C:\Osys\QUARTIS_PRO\quartis-pro-web\Standard\OPTIMA_15_Equipement\language.properties'. 
17:29:50.265 DEBUG - TransfertFile copyFile (fileChannel) - Copie de 'C:\Osys\QUARTIS_PRO\quartis-pro-web\Standard\OPTIMA_15_Equipement\language.properties'... 
17:29:50.266 DEBUG - TransfertFile copyFile (fileChannel) - Fin de la copie. 
17:29:50.266 DEBUG - TransfertFile copyFile (pls) - Copie du fichier 3/18 : 'C:\Osys\QUARTIS_PRO\quartis-pro-web\Standard\OPTIMA_20_Production\language.properties'. 
17:29:50.266 DEBUG - TransfertFile copyFile (fileChannel) - Copie de 'C:\Osys\QUARTIS_PRO\quartis-pro-web\Standard\OPTIMA_20_Production\language.properties'... 
17:29:50.266 DEBUG - TransfertFile copyFile (fileChannel) - Fin de la copie. 
17:29:50.266 DEBUG - TransfertFile copyFile (pls) - Copie du fichier 4/18 : 'C:\Osys\QUARTIS_PRO\quartis-pro-web\Standard\OPTIMA_30_Outil\language.properties'. 
17:29:50.266 DEBUG - TransfertFile copyFile (fileChannel) - Copie de 'C:\Osys\QUARTIS_PRO\quartis-pro-web\Standard\OPTIMA_30_Outil\language.properties'... 
17:29:50.266 DEBUG - TransfertFile copyFile (fileChannel) - Fin de la copie. 
17:29:50.266 DEBUG - TransfertFile copyFile (pls) - Copie du fichier 5/18 : 'C:\Osys\QUARTIS_PRO\quartis-pro-web\Standard\OPTIMA_40_Maintenance\language.properties'. 
17:29:50.266 DEBUG - TransfertFile copyFile (fileChannel) - Copie de 'C:\Osys\QUARTIS_PRO\quartis-pro-web\Standard\OPTIMA_40_Maintenance\language.properties'... 
17:29:50.267 DEBUG - TransfertFile copyFile (fileChannel) - Fin de la copie. 
17:29:50.267 DEBUG - TransfertFile copyFile (pls) - Copie du fichier 6/18 : 'C:\Osys\QUARTIS_PRO\quartis-pro-web\Standard\OPTIMA_45_Controle\language.properties'. 
17:29:50.267 DEBUG - TransfertFile copyFile (fileChannel) - Copie de 'C:\Osys\QUARTIS_PRO\quartis-pro-web\Standard\OPTIMA_45_Controle\language.properties'... 
17:29:50.267 DEBUG - TransfertFile copyFile (fileChannel) - Fin de la copie. 
17:29:50.267 DEBUG - TransfertFile copyFile (pls) - Copie du fichier 7/18 : 'C:\Osys\QUARTIS_PRO\quartis-pro-web\Standard\OPTIMA_50_GF\language.properties'. 
17:29:50.267 DEBUG - TransfertFile copyFile (fileChannel) - Copie de 'C:\Osys\QUARTIS_PRO\quartis-pro-web\Standard\OPTIMA_50_GF\language.properties'... 
17:29:50.267 DEBUG - TransfertFile copyFile (fileChannel) - Fin de la copie. 
17:29:50.267 DEBUG - TransfertFile copyFile (pls) - Copie du fichier 8/18 : 'C:\Osys\QUARTIS_PRO\quartis-pro-web\Standard\OPTIMA_60_Tiers\language.properties'. 
17:29:50.267 DEBUG - TransfertFile copyFile (fileChannel) - Copie de 'C:\Osys\QUARTIS_PRO\quartis-pro-web\Standard\OPTIMA_60_Tiers\language.properties'... 
17:29:50.268 DEBUG - TransfertFile copyFile (fileChannel) - Fin de la copie. 
17:29:50.268 DEBUG - TransfertFile copyFile (pls) - Copie du fichier 9/18 : 'C:\Osys\QUARTIS_PRO\quartis-pro-web\Standard\OPTIMA_70_Tracabilite\language.properties'. 
17:29:50.268 DEBUG - TransfertFile copyFile (fileChannel) - Copie de 'C:\Osys\QUARTIS_PRO\quartis-pro-web\Standard\OPTIMA_70_Tracabilite\language.properties'... 
17:29:50.268 DEBUG - TransfertFile copyFile (fileChannel) - Fin de la copie. 
17:29:50.268 DEBUG - TransfertFile copyFile (pls) - Copie du fichier 10/18 : 'C:\Osys\QUARTIS_PRO\quartis-pro-web\Standard\OPTIMA_80_Documents\language.properties'. 
17:29:50.268 DEBUG - TransfertFile copyFile (fileChannel) - Copie de 'C:\Osys\QUARTIS_PRO\quartis-pro-web\Standard\OPTIMA_80_Documents\language.properties'... 
17:29:50.268 DEBUG - TransfertFile copyFile (fileChannel) - Fin de la copie. 
17:29:50.268 DEBUG - TransfertFile copyFile (pls) - Copie du fichier 11/18 : 'C:\Osys\QUARTIS_PRO\quartis-pro-web\Standard\OPTIMA_90_GDT\language.properties'. 
17:29:50.268 DEBUG - TransfertFile copyFile (fileChannel) - Copie de 'C:\Osys\QUARTIS_PRO\quartis-pro-web\Standard\OPTIMA_90_GDT\language.properties'... 
17:29:50.268 DEBUG - TransfertFile copyFile (fileChannel) - Fin de la copie. 
17:29:50.269 DEBUG - TransfertFile copyFile (pls) - Copie du fichier 12/18 : 'C:\Osys\QUARTIS_PRO\quartis-pro-web\Standard\OPTIMA_98_About\language.properties'. 
17:29:50.269 DEBUG - TransfertFile copyFile (fileChannel) - Copie de 'C:\Osys\QUARTIS_PRO\quartis-pro-web\Standard\OPTIMA_98_About\language.properties'... 
17:29:50.269 DEBUG - TransfertFile copyFile (fileChannel) - Fin de la copie. 
17:29:50.269 DEBUG - TransfertFile copyFile (pls) - Copie du fichier 13/18 : 'C:\Osys\QUARTIS_PRO\quartis-pro-web\Standard\restrictions\language.properties'. 
17:29:50.269 DEBUG - TransfertFile copyFile (fileChannel) - Copie de 'C:\Osys\QUARTIS_PRO\quartis-pro-web\Standard\restrictions\language.properties'... 
17:29:50.269 DEBUG - TransfertFile copyFile (fileChannel) - Fin de la copie. 
17:29:50.269 DEBUG - TransfertFile copyFile (pls) - Copie du fichier 14/18 : 'C:\Osys\QUARTIS_PRO\quartis-pro-web\Standard\templates\pdf-footer\language.properties'. 
17:29:50.269 DEBUG - TransfertFile copyFile (fileChannel) - Copie de 'C:\Osys\QUARTIS_PRO\quartis-pro-web\Standard\templates\pdf-footer\language.properties'... 
17:29:50.269 DEBUG - TransfertFile copyFile (fileChannel) - Fin de la copie. 
17:29:50.269 DEBUG - TransfertFile copyFile (pls) - Copie du fichier 15/18 : 'C:\Osys\QUARTIS_PRO\quartis-pro-web\Standard\templates\pdf-header\language.properties'. 
17:29:50.270 DEBUG - TransfertFile copyFile (fileChannel) - Copie de 'C:\Osys\QUARTIS_PRO\quartis-pro-web\Standard\templates\pdf-header\language.properties'... 
17:29:50.270 DEBUG - TransfertFile copyFile (fileChannel) - Fin de la copie. 
17:29:50.270 DEBUG - TransfertFile copyFile (pls) - Copie du fichier 16/18 : 'C:\Osys\QUARTIS_PRO\quartis-pro-web\Specifiques\templates\pdf-footer\language.properties'. 
17:29:50.270 DEBUG - TransfertFile copyFile (fileChannel) - Copie de 'C:\Osys\QUARTIS_PRO\quartis-pro-web\Specifiques\templates\pdf-footer\language.properties'... 
17:29:50.270 DEBUG - TransfertFile copyFile (fileChannel) - Fin de la copie. 
17:29:50.270 DEBUG - TransfertFile copyFile (pls) - Copie du fichier 17/18 : 'C:\Osys\QUARTIS_PRO\quartis-pro-web\Specifiques\templates\pdf-header\language.properties'. 
17:29:50.270 DEBUG - TransfertFile copyFile (fileChannel) - Copie de 'C:\Osys\QUARTIS_PRO\quartis-pro-web\Specifiques\templates\pdf-header\language.properties'... 
17:29:50.270 DEBUG - TransfertFile copyFile (fileChannel) - Fin de la copie. 
17:29:50.270 DEBUG - TransfertFile copyFile (pls) - Fin de la copie. 
17:29:50.521 DEBUG - TransfertFile copyFile (pls) - Copie de 18 fichiers vers 'C:\Osys\QUARTIS_PRO\quartis-pro-web\users\tech\language_fr.properties'... 
17:29:50.521 DEBUG - TransfertFile copyFile (pls) - Copie du fichier 0/18 : 'C:\Osys\QUARTIS_PRO\quartis-pro-web\Standard\OPTIMA_00_Standard\language_fr.properties'. 
17:29:50.522 DEBUG - TransfertFile copyFile (fileChannel) - Copie de 'C:\Osys\QUARTIS_PRO\quartis-pro-web\Standard\OPTIMA_00_Standard\language_fr.properties'... 
17:29:50.522 DEBUG - TransfertFile copyFile (fileChannel) - Fin de la copie. 
17:29:50.522 DEBUG - TransfertFile copyFile (pls) - Copie du fichier 1/18 : 'C:\Osys\QUARTIS_PRO\quartis-pro-web\Standard\OPTIMA_10_Personnel\language_fr.properties'. 
17:29:50.522 DEBUG - TransfertFile copyFile (fileChannel) - Copie de 'C:\Osys\QUARTIS_PRO\quartis-pro-web\Standard\OPTIMA_10_Personnel\language_fr.properties'... 
17:29:50.522 DEBUG - TransfertFile copyFile (fileChannel) - Fin de la copie. 
17:29:50.522 DEBUG - TransfertFile copyFile (pls) - Copie du fichier 2/18 : 'C:\Osys\QUARTIS_PRO\quartis-pro-web\Standard\OPTIMA_15_Equipement\language_fr.properties'. 
17:29:50.522 DEBUG - TransfertFile copyFile (fileChannel) - Copie de 'C:\Osys\QUARTIS_PRO\quartis-pro-web\Standard\OPTIMA_15_Equipement\language_fr.properties'... 
17:29:50.523 DEBUG - TransfertFile copyFile (fileChannel) - Fin de la copie. 
17:29:50.523 DEBUG - TransfertFile copyFile (pls) - Copie du fichier 3/18 : 'C:\Osys\QUARTIS_PRO\quartis-pro-web\Standard\OPTIMA_20_Production\language_fr.properties'. 
17:29:50.523 DEBUG - TransfertFile copyFile (fileChannel) - Copie de 'C:\Osys\QUARTIS_PRO\quartis-pro-web\Standard\OPTIMA_20_Production\language_fr.properties'... 
17:29:50.523 DEBUG - TransfertFile copyFile (fileChannel) - Fin de la copie. 
17:29:50.523 DEBUG - TransfertFile copyFile (pls) - Copie du fichier 4/18 : 'C:\Osys\QUARTIS_PRO\quartis-pro-web\Standard\OPTIMA_30_Outil\language_fr.properties'. 
17:29:50.523 DEBUG - TransfertFile copyFile (fileChannel) - Copie de 'C:\Osys\QUARTIS_PRO\quartis-pro-web\Standard\OPTIMA_30_Outil\language_fr.properties'... 
17:29:50.523 DEBUG - TransfertFile copyFile (fileChannel) - Fin de la copie. 
17:29:50.523 DEBUG - TransfertFile copyFile (pls) - Copie du fichier 5/18 : 'C:\Osys\QUARTIS_PRO\quartis-pro-web\Standard\OPTIMA_40_Maintenance\language_fr.properties'. 
17:29:50.523 DEBUG - TransfertFile copyFile (fileChannel) - Copie de 'C:\Osys\QUARTIS_PRO\quartis-pro-web\Standard\OPTIMA_40_Maintenance\language_fr.properties'... 
17:29:50.524 DEBUG - TransfertFile copyFile (fileChannel) - Fin de la copie. 
17:29:50.524 DEBUG - TransfertFile copyFile (pls) - Copie du fichier 6/18 : 'C:\Osys\QUARTIS_PRO\quartis-pro-web\Standard\OPTIMA_45_Controle\language_fr.properties'. 
17:29:50.524 DEBUG - TransfertFile copyFile (fileChannel) - Copie de 'C:\Osys\QUARTIS_PRO\quartis-pro-web\Standard\OPTIMA_45_Controle\language_fr.properties'... 
17:29:50.524 DEBUG - TransfertFile copyFile (fileChannel) - Fin de la copie. 
17:29:50.524 DEBUG - TransfertFile copyFile (pls) - Copie du fichier 7/18 : 'C:\Osys\QUARTIS_PRO\quartis-pro-web\Standard\OPTIMA_50_GF\language_fr.properties'. 
17:29:50.524 DEBUG - TransfertFile copyFile (fileChannel) - Copie de 'C:\Osys\QUARTIS_PRO\quartis-pro-web\Standard\OPTIMA_50_GF\language_fr.properties'... 
17:29:50.524 DEBUG - TransfertFile copyFile (fileChannel) - Fin de la copie. 
17:29:50.524 DEBUG - TransfertFile copyFile (pls) - Copie du fichier 8/18 : 'C:\Osys\QUARTIS_PRO\quartis-pro-web\Standard\OPTIMA_60_Tiers\language_fr.properties'. 
17:29:50.524 DEBUG - TransfertFile copyFile (fileChannel) - Copie de 'C:\Osys\QUARTIS_PRO\quartis-pro-web\Standard\OPTIMA_60_Tiers\language_fr.properties'... 
17:29:50.524 DEBUG - TransfertFile copyFile (fileChannel) - Fin de la copie. 
17:29:50.525 DEBUG - TransfertFile copyFile (pls) - Copie du fichier 9/18 : 'C:\Osys\QUARTIS_PRO\quartis-pro-web\Standard\OPTIMA_70_Tracabilite\language_fr.properties'. 
17:29:50.525 DEBUG - TransfertFile copyFile (fileChannel) - Copie de 'C:\Osys\QUARTIS_PRO\quartis-pro-web\Standard\OPTIMA_70_Tracabilite\language_fr.properties'... 
17:29:50.525 DEBUG - TransfertFile copyFile (fileChannel) - Fin de la copie. 
17:29:50.525 DEBUG - TransfertFile copyFile (pls) - Copie du fichier 10/18 : 'C:\Osys\QUARTIS_PRO\quartis-pro-web\Standard\OPTIMA_80_Documents\language_fr.properties'. 
17:29:50.525 DEBUG - TransfertFile copyFile (fileChannel) - Copie de 'C:\Osys\QUARTIS_PRO\quartis-pro-web\Standard\OPTIMA_80_Documents\language_fr.properties'... 
17:29:50.525 DEBUG - TransfertFile copyFile (fileChannel) - Fin de la copie. 
17:29:50.525 DEBUG - TransfertFile copyFile (pls) - Copie du fichier 11/18 : 'C:\Osys\QUARTIS_PRO\quartis-pro-web\Standard\OPTIMA_90_GDT\language_fr.properties'. 
17:29:50.525 DEBUG - TransfertFile copyFile (fileChannel) - Copie de 'C:\Osys\QUARTIS_PRO\quartis-pro-web\Standard\OPTIMA_90_GDT\language_fr.properties'... 
17:29:50.525 DEBUG - TransfertFile copyFile (fileChannel) - Fin de la copie. 
17:29:50.525 DEBUG - TransfertFile copyFile (pls) - Copie du fichier 12/18 : 'C:\Osys\QUARTIS_PRO\quartis-pro-web\Standard\OPTIMA_98_About\language_fr.properties'. 
17:29:50.525 DEBUG - TransfertFile copyFile (fileChannel) - Copie de 'C:\Osys\QUARTIS_PRO\quartis-pro-web\Standard\OPTIMA_98_About\language_fr.properties'... 
17:29:50.526 DEBUG - TransfertFile copyFile (fileChannel) - Fin de la copie. 
17:29:50.526 DEBUG - TransfertFile copyFile (pls) - Copie du fichier 13/18 : 'C:\Osys\QUARTIS_PRO\quartis-pro-web\Standard\restrictions\language_fr.properties'. 
17:29:50.526 DEBUG - TransfertFile copyFile (fileChannel) - Copie de 'C:\Osys\QUARTIS_PRO\quartis-pro-web\Standard\restrictions\language_fr.properties'... 
17:29:50.526 DEBUG - TransfertFile copyFile (fileChannel) - Fin de la copie. 
17:29:50.526 DEBUG - TransfertFile copyFile (pls) - Copie du fichier 14/18 : 'C:\Osys\QUARTIS_PRO\quartis-pro-web\Standard\templates\pdf-footer\language_fr.properties'. 
17:29:50.526 DEBUG - TransfertFile copyFile (fileChannel) - Copie de 'C:\Osys\QUARTIS_PRO\quartis-pro-web\Standard\templates\pdf-footer\language_fr.properties'... 
17:29:50.526 DEBUG - TransfertFile copyFile (fileChannel) - Fin de la copie. 
17:29:50.526 DEBUG - TransfertFile copyFile (pls) - Copie du fichier 15/18 : 'C:\Osys\QUARTIS_PRO\quartis-pro-web\Standard\templates\pdf-header\language_fr.properties'. 
17:29:50.526 DEBUG - TransfertFile copyFile (fileChannel) - Copie de 'C:\Osys\QUARTIS_PRO\quartis-pro-web\Standard\templates\pdf-header\language_fr.properties'... 
17:29:50.527 DEBUG - TransfertFile copyFile (fileChannel) - Fin de la copie. 
17:29:50.527 DEBUG - TransfertFile copyFile (pls) - Copie du fichier 16/18 : 'C:\Osys\QUARTIS_PRO\quartis-pro-web\Specifiques\templates\pdf-footer\language_fr.properties'. 
17:29:50.527 DEBUG - TransfertFile copyFile (fileChannel) - Copie de 'C:\Osys\QUARTIS_PRO\quartis-pro-web\Specifiques\templates\pdf-footer\language_fr.properties'... 
17:29:50.527 DEBUG - TransfertFile copyFile (fileChannel) - Fin de la copie. 
17:29:50.527 DEBUG - TransfertFile copyFile (pls) - Copie du fichier 17/18 : 'C:\Osys\QUARTIS_PRO\quartis-pro-web\Specifiques\templates\pdf-header\language_fr.properties'. 
17:29:50.527 DEBUG - TransfertFile copyFile (fileChannel) - Copie de 'C:\Osys\QUARTIS_PRO\quartis-pro-web\Specifiques\templates\pdf-header\language_fr.properties'... 
17:29:50.527 DEBUG - TransfertFile copyFile (fileChannel) - Fin de la copie. 
17:29:50.527 DEBUG - TransfertFile copyFile (pls) - Fin de la copie. 
17:29:50.527 DEBUG - LanguageFileManager buildPropertiesGen - Création de 'C:\Osys\QUARTIS_PRO\quartis-pro-web\users\tech\language_fr.properties'... 
17:29:50.538 DEBUG - LanguageFileManager buildPropertiesGen - Fin de la création. 
17:29:56.831 DEBUG - TableDivTransformer createFileName ()--> Nom du fichier export = _Standard_System_Event_List 
17:29:56.842 DEBUG - TableExcelTransformer actionPerformed - Ecriture dans le fichier 'C:\Osys\QuartisTools\Tomcat\webapps\Quartis-Web\.\work\_192.168.1.43-administrateur\_Standard_System_Event_List\_Standard_System_Event_List.xls'... 
17:29:56.842 DEBUG - TableExcelTransformer actionPerformed - Ecriture dans le fichier 'C:\Osys\QuartisTools\Tomcat\webapps\Quartis-Web\.\work\_192.168.1.43-administrateur\_Standard_System_Event_List\_Standard_System_Event_List.xls'... 
17:29:56.843 DEBUG - TableDivTransformer createFileName ()--> Nom du fichier export = _Standard_System_Event_List 
17:29:56.843 DEBUG - TableExcelTransformer actionPerformed - Ecriture dans le fichier 'C:\Osys\QuartisTools\Tomcat\webapps\Quartis-Web\.\work\_192.168.1.43-administrateur\_Standard_System_Event_List\_Standard_System_Event_List.xls'... 
17:29:56.843 DEBUG - TableExcelTransformer actionPerformed - Ecriture dans le fichier 'C:\Osys\QuartisTools\Tomcat\webapps\Quartis-Web\.\work\_192.168.1.43-administrateur\_Standard_System_Event_List\_Standard_System_Event_List.xls'... 
17:29:57.037 DEBUG - TableExcelTransformer actionPerformed - Fin de l'écriture dans le fichier. 
17:29:57.037 DEBUG - TableExcelTransformer actionPerformed - Fin de l'écriture dans le fichier. 
