08:10:37.869 DEBUG - AuthManagedBean autoconnect - Tentative de connexion SSO... 
08:10:37.916 DEBUG - ConnexionManagedBean User renseigné par filtre SSO LDAP : null 
08:10:37.916 DEBUG - ConnexionManagedBean ldapActive = false 
08:10:37.916 DEBUG - AuthManagedBean autoconnect - Echec de la connexion par SSO. 
08:10:43.631 DEBUG - LoginManagedBean user.id = administrateur, connecté par login/mdp Osys 
08:10:44.427 DEBUG - QTConnector connect - Connecting... 
08:10:44.442 DEBUG - QTConnector connect - Connected. 
08:10:44.442 DEBUG - QTConnector executeQuery - Sending 'USER @ID0 [] serveur_web SERVEUR-WEB'... 
08:10:44.442 DEBUG - QTConnector executeQuery - Sent. 
08:10:44.442 DEBUG - QTConnector executeQuery - Reading response... 
08:10:44.442 DEBUG - QTConnector readResponse - starting to listen... 
08:10:44.442 DEBUG - QTConnector readResponse - read trame : ACK 263172 
08:10:44.442 DEBUG - QTConnector executeQuery - Read: 'ACK 263172'. 
08:10:44.442 DEBUG - QTInternalCommunicator send_IdentifyOsysConsoleWeb - QTools returned : 263172 
08:10:44.442 DEBUG - QTConnector executeQuery - Sending 'LST_USER_CONNECT'... 
08:10:44.442 DEBUG - QTConnector executeQuery - Sent. 
08:10:44.442 DEBUG - QTConnector executeQuery - Reading response... 
08:10:44.442 DEBUG - QTConnector readResponse - starting to listen... 
08:10:44.442 DEBUG - QTConnector readResponse - read trame : <lstuserconnect max="3" connect="3" />\x0a 
08:10:44.442 DEBUG - QTConnector executeQuery - Read: '<lstuserconnect max="3" connect="3" />\x0a'. 
08:10:44.442 DEBUG - QTConnector disconnect - Déconnexion... 
08:10:44.442 DEBUG - QTConnector disconnect - Déconnecté. 
08:10:44.551 DEBUG - QuartisToolsServiceImpl createOrUpdateUser - username : 'administrateur', groupName : 'Administrateurs'... 
08:10:44.551 DEBUG - QTConnector connect - Connecting... 
08:10:44.551 DEBUG - QTConnector connect - Connected. 
08:10:44.551 DEBUG - QTConnector executeQuery - Sending 'USER @ID0 [] serveur_web SERVEUR-WEB'... 
08:10:44.551 DEBUG - QTConnector executeQuery - Sent. 
08:10:44.551 DEBUG - QTConnector executeQuery - Reading response... 
08:10:44.551 DEBUG - QTConnector readResponse - starting to listen... 
08:10:44.583 DEBUG - QTConnector readResponse - read trame : ACK 263172 
08:10:44.583 DEBUG - QTConnector executeQuery - Read: 'ACK 263172'. 
08:10:44.583 DEBUG - QTSrvCommunicator send_IdentifyOsysConsoleWeb - QTools returned : 263172 
08:10:44.583 DEBUG - QTSrvCommunicator send_CreateUserQuartisTools - message =  USR USER OBJ ADD [administrateur] [Administrateurs]
 {
 PASSWORD []
 }
 
08:10:44.583 DEBUG - QTConnector executeQuery - Sending ' USR USER OBJ ADD [administrateur] [Administrateurs]
 {
 PASSWORD []
 }
'... 
08:10:44.583 DEBUG - QTConnector executeQuery - Sent. 
08:10:44.583 DEBUG - QTConnector executeQuery - Reading response... 
08:10:44.583 DEBUG - QTConnector readResponse - starting to listen... 
08:10:44.583 DEBUG - QTConnector readResponse - read trame : ACK -10 
08:10:44.583 DEBUG - QTConnector executeQuery - Read: 'ACK -10'. 
08:10:44.583 DEBUG - QTSrvCommunicator send_CreateUserQuartisTools - QTools returned : -10 
08:10:44.583 DEBUG - QTSrvCommunicator send_UpdateUserQuartisTools - message :  USR USER OBJ SET [administrateur] [Administrateurs]
 {
 PASSWORD []
 }
 
08:10:44.583 DEBUG - QTConnector executeQuery - Sending ' USR USER OBJ SET [administrateur] [Administrateurs]
 {
 PASSWORD []
 }
'... 
08:10:44.583 DEBUG - QTConnector executeQuery - Sent. 
08:10:44.583 DEBUG - QTConnector executeQuery - Reading response... 
08:10:44.583 DEBUG - QTConnector readResponse - starting to listen... 
08:10:44.598 DEBUG - QTConnector readResponse - read trame : ACK 0 
08:10:44.598 DEBUG - QTConnector executeQuery - Read: 'ACK 0'. 
08:10:44.598 DEBUG - QTSrvCommunicator send_UpdateUserQuartisTools - QTools returned : 0 
08:10:44.598 DEBUG - QTConnector disconnect - Déconnexion... 
08:10:44.598 DEBUG - QTConnector disconnect - Déconnecté. 
08:10:44.598  INFO - QuartisToolsServiceImpl Mise à jour du user QuartisTools 'administrateur' dans le groupe 'Administrateurs' réussie. 
08:10:56.361 DEBUG - TableDivTransformer createFileName ()--> Nom du fichier export = _Personnel_Activite_EnCours_Liste_1 
08:10:56.407 DEBUG - TableExcelTransformer actionPerformed - Ecriture dans le fichier 'C:\Osys\QuartisTools\Tomcat\webapps\Quartis-Web\.\work\_0.0.0.0.0.0.0.1-administrateur\_Personnel_Activite_EnCours_Liste_1\_Personnel_Activite_EnCours_Liste_1.xls'... 
08:10:56.407 DEBUG - TableExcelTransformer actionPerformed - Ecriture dans le fichier 'C:\Osys\QuartisTools\Tomcat\webapps\Quartis-Web\.\work\_0.0.0.0.0.0.0.1-administrateur\_Personnel_Activite_EnCours_Liste_1\_Personnel_Activite_EnCours_Liste_1.xls'... 
08:10:56.407 DEBUG - TableDivTransformer createFileName ()--> Nom du fichier export = _Personnel_Activite_EnCours_Liste_1 
08:10:56.407 DEBUG - TableExcelTransformer actionPerformed - Ecriture dans le fichier 'C:\Osys\QuartisTools\Tomcat\webapps\Quartis-Web\.\work\_0.0.0.0.0.0.0.1-administrateur\_Personnel_Activite_EnCours_Liste_1\_Personnel_Activite_EnCours_Liste_1.xls'... 
08:10:56.407 DEBUG - TableExcelTransformer actionPerformed - Ecriture dans le fichier 'C:\Osys\QuartisTools\Tomcat\webapps\Quartis-Web\.\work\_0.0.0.0.0.0.0.1-administrateur\_Personnel_Activite_EnCours_Liste_1\_Personnel_Activite_EnCours_Liste_1.xls'... 
08:10:56.595 DEBUG - TableExcelTransformer actionPerformed - Fin de l'écriture dans le fichier. 
08:10:56.595 DEBUG - TableExcelTransformer actionPerformed - Fin de l'écriture dans le fichier. 
08:11:05.487 DEBUG - TableDivTransformer createFileName ()--> Nom du fichier export = _Personnel_Activite_EnCours_Liste_1 
08:11:05.487 DEBUG - TableExcelTransformer actionPerformed - Ecriture dans le fichier 'C:\Osys\QuartisTools\Tomcat\webapps\Quartis-Web\.\work\_0.0.0.0.0.0.0.1-administrateur\_Personnel_Activite_EnCours_Liste_1\_Personnel_Activite_EnCours_Liste_1.xls'... 
08:11:05.487 DEBUG - TableExcelTransformer actionPerformed - Ecriture dans le fichier 'C:\Osys\QuartisTools\Tomcat\webapps\Quartis-Web\.\work\_0.0.0.0.0.0.0.1-administrateur\_Personnel_Activite_EnCours_Liste_1\_Personnel_Activite_EnCours_Liste_1.xls'... 
08:11:05.518 DEBUG - TableExcelTransformer actionPerformed - Fin de l'écriture dans le fichier. 
08:11:14.753 DEBUG - TableDivTransformer createFileName ()--> Nom du fichier export = _Personnel_Activite_EnCours_Liste_1 
08:11:14.753 DEBUG - TableExcelTransformer actionPerformed - Ecriture dans le fichier 'C:\Osys\QuartisTools\Tomcat\webapps\Quartis-Web\.\work\_0.0.0.0.0.0.0.1-administrateur\_Personnel_Activite_EnCours_Liste_1\_Personnel_Activite_EnCours_Liste_1.xls'... 
08:11:14.753 DEBUG - TableExcelTransformer actionPerformed - Ecriture dans le fichier 'C:\Osys\QuartisTools\Tomcat\webapps\Quartis-Web\.\work\_0.0.0.0.0.0.0.1-administrateur\_Personnel_Activite_EnCours_Liste_1\_Personnel_Activite_EnCours_Liste_1.xls'... 
08:11:14.753 DEBUG - TableExcelTransformer actionPerformed - Fin de l'écriture dans le fichier. 
08:11:24.706 DEBUG - TableDivTransformer createFileName ()--> Nom du fichier export = _Personnel_Activite_EnCours_Liste_1 
08:11:24.706 DEBUG - TableExcelTransformer actionPerformed - Ecriture dans le fichier 'C:\Osys\QuartisTools\Tomcat\webapps\Quartis-Web\.\work\_0.0.0.0.0.0.0.1-administrateur\_Personnel_Activite_EnCours_Liste_1\_Personnel_Activite_EnCours_Liste_1.xls'... 
08:11:24.706 DEBUG - TableExcelTransformer actionPerformed - Ecriture dans le fichier 'C:\Osys\QuartisTools\Tomcat\webapps\Quartis-Web\.\work\_0.0.0.0.0.0.0.1-administrateur\_Personnel_Activite_EnCours_Liste_1\_Personnel_Activite_EnCours_Liste_1.xls'... 
08:11:24.721 DEBUG - TableExcelTransformer actionPerformed - Fin de l'écriture dans le fichier. 
08:11:59.346 DEBUG - GSqlQueryGeneratorSqlServer --->table =SERVICE query =set rowcount 3000  SELECT CODE_SERV_SITE  , CODE_SERV  , dbo.OPTIMA_TRADUCTION(DESI_SERV,'fr') +'@KEYLANG_'+DESI_SERV AS DESI_SERV  , CODE_SITE  , FLAG_SUPP FROM SERVICE  WHERE ( CODE_SITE = 'FAB')  ORDER BY CODE_SERV_SITE ASC  
08:12:03.711 DEBUG - GSqlQueryGeneratorSqlServer --->table =FAMILLE_ETAT_PERS query =set rowcount 3000  SELECT CODE_FAMI_ETAT_SITE  , CODE_FAMI_ETAT  , dbo.OPTIMA_TRADUCTION(DESI_FAMI_ETAT,'fr') +'@KEYLANG_'+DESI_FAMI_ETAT AS DESI_FAMI_ETAT  , NUME_COLO  , CODE_SITE  FROM FAMILLE_ETAT_PERS  WHERE ( CODE_SITE = 'FAB')  ORDER BY CODE_FAMI_ETAT_SITE ASC  
08:12:14.009 DEBUG - GSqlQueryGeneratorSqlServer --->table =HABILITATION_ETAT query =set rowcount 3000  SELECT MATR  , CODE_ETAT_MACH  , CODE_SITE  FROM HABILITATION_ETAT  WHERE ( CODE_SITE = 'FAB')  ORDER BY MATR ASC  
08:12:17.138 DEBUG - GSqlQueryGeneratorSqlServer --->table =HABILITATION_MACH query =set rowcount 3000  SELECT MATR  , CODE_MACH  , CODE_SITE  FROM HABILITATION_MACH  WHERE ( CODE_SITE = 'FAB')  ORDER BY MATR ASC  
08:12:20.887 DEBUG - GSqlQueryGeneratorSqlServer --->table =HABILITATION_SCEN query =set rowcount 3000  SELECT MATR  , CODE_SCEN  , CODE_SITE  FROM HABILITATION_SCEN  WHERE ( CODE_SITE = 'FAB')  ORDER BY MATR ASC  
08:12:25.140 DEBUG - TableDivTransformer createFileName ()--> Nom du fichier export = _Personnel_Activite_EnCours_Liste_1 
08:12:25.140 DEBUG - TableExcelTransformer actionPerformed - Ecriture dans le fichier 'C:\Osys\QuartisTools\Tomcat\webapps\Quartis-Web\.\work\_0.0.0.0.0.0.0.1-administrateur\_Personnel_Activite_EnCours_Liste_1\_Personnel_Activite_EnCours_Liste_1.xls'... 
08:12:25.140 DEBUG - TableExcelTransformer actionPerformed - Ecriture dans le fichier 'C:\Osys\QuartisTools\Tomcat\webapps\Quartis-Web\.\work\_0.0.0.0.0.0.0.1-administrateur\_Personnel_Activite_EnCours_Liste_1\_Personnel_Activite_EnCours_Liste_1.xls'... 
08:12:25.156 DEBUG - TableExcelTransformer actionPerformed - Fin de l'écriture dans le fichier. 
08:12:25.452 DEBUG - TableDivTransformer createFileName ()--> Nom du fichier export = _Personnel_Activite_EnCours_Liste_1 
08:12:25.452 DEBUG - TableExcelTransformer actionPerformed - Ecriture dans le fichier 'C:\Osys\QuartisTools\Tomcat\webapps\Quartis-Web\.\work\_0.0.0.0.0.0.0.1-administrateur\_Personnel_Activite_EnCours_Liste_1\_Personnel_Activite_EnCours_Liste_1.xls'... 
08:12:25.452 DEBUG - TableExcelTransformer actionPerformed - Ecriture dans le fichier 'C:\Osys\QuartisTools\Tomcat\webapps\Quartis-Web\.\work\_0.0.0.0.0.0.0.1-administrateur\_Personnel_Activite_EnCours_Liste_1\_Personnel_Activite_EnCours_Liste_1.xls'... 
08:12:25.468 DEBUG - TableExcelTransformer actionPerformed - Fin de l'écriture dans le fichier. 
08:12:34.500 DEBUG - TableDivTransformer createFileName ()--> Nom du fichier export = _Production_OF_EnCours_2 
08:12:34.500 DEBUG - TableExcelTransformer actionPerformed - Ecriture dans le fichier 'C:\Osys\QuartisTools\Tomcat\webapps\Quartis-Web\.\work\_0.0.0.0.0.0.0.1-administrateur\_Production_OF_EnCours_2\_Production_OF_EnCours_2.xls'... 
08:12:34.500 DEBUG - TableExcelTransformer actionPerformed - Ecriture dans le fichier 'C:\Osys\QuartisTools\Tomcat\webapps\Quartis-Web\.\work\_0.0.0.0.0.0.0.1-administrateur\_Production_OF_EnCours_2\_Production_OF_EnCours_2.xls'... 
08:12:34.516 DEBUG - TableExcelTransformer actionPerformed - Fin de l'écriture dans le fichier. 
08:12:34.578 DEBUG - TableDivTransformer createFileName ()--> Nom du fichier export = _Production_OF_EnCours_2 
08:12:34.578 DEBUG - TableExcelTransformer actionPerformed - Ecriture dans le fichier 'C:\Osys\QuartisTools\Tomcat\webapps\Quartis-Web\.\work\_0.0.0.0.0.0.0.1-administrateur\_Production_OF_EnCours_2\_Production_OF_EnCours_2.xls'... 
08:12:34.578 DEBUG - TableExcelTransformer actionPerformed - Ecriture dans le fichier 'C:\Osys\QuartisTools\Tomcat\webapps\Quartis-Web\.\work\_0.0.0.0.0.0.0.1-administrateur\_Production_OF_EnCours_2\_Production_OF_EnCours_2.xls'... 
08:12:34.578 DEBUG - TableExcelTransformer actionPerformed - Fin de l'écriture dans le fichier. 
08:12:43.299 DEBUG - TableDivTransformer createFileName ()--> Nom du fichier export = _Production_OF_EnCours_2 
08:12:43.299 DEBUG - TableExcelTransformer actionPerformed - Ecriture dans le fichier 'C:\Osys\QuartisTools\Tomcat\webapps\Quartis-Web\.\work\_0.0.0.0.0.0.0.1-administrateur\_Production_OF_EnCours_2\_Production_OF_EnCours_2.xls'... 
08:12:43.299 DEBUG - TableExcelTransformer actionPerformed - Ecriture dans le fichier 'C:\Osys\QuartisTools\Tomcat\webapps\Quartis-Web\.\work\_0.0.0.0.0.0.0.1-administrateur\_Production_OF_EnCours_2\_Production_OF_EnCours_2.xls'... 
08:12:43.314 DEBUG - TableExcelTransformer actionPerformed - Fin de l'écriture dans le fichier. 
08:12:53.298 DEBUG - TableDivTransformer createFileName ()--> Nom du fichier export = _Production_OF_EnCours_2 
08:12:53.298 DEBUG - TableExcelTransformer actionPerformed - Ecriture dans le fichier 'C:\Osys\QuartisTools\Tomcat\webapps\Quartis-Web\.\work\_0.0.0.0.0.0.0.1-administrateur\_Production_OF_EnCours_2\_Production_OF_EnCours_2.xls'... 
08:12:53.298 DEBUG - TableExcelTransformer actionPerformed - Ecriture dans le fichier 'C:\Osys\QuartisTools\Tomcat\webapps\Quartis-Web\.\work\_0.0.0.0.0.0.0.1-administrateur\_Production_OF_EnCours_2\_Production_OF_EnCours_2.xls'... 
08:12:53.314 DEBUG - TableExcelTransformer actionPerformed - Fin de l'écriture dans le fichier. 
08:13:09.046 DEBUG - GSqlQueryGeneratorSqlServer --->table =OF_LISTE query =set rowcount 3000  SELECT CODE_OF_SITE  , CODE_OF  , dbo.OPTIMA_TRADUCTION(DESI_OF,'fr') +'@KEYLANG_'+DESI_OF AS DESI_OF  , CODE_CLIE  , NUME_COMM  , CONVERT(NVARCHAR, DATE_LIVR, 103) AS DATE_LIVR  , CONVERT(NVARCHAR, DATE_LANC, 103) AS DATE_LANC  , CHAM_LIBR_1  , CHAM_LIBR_2  , CHAM_LIBR_3  , QUAN_LANC  , QUAN_STOC_AFFE  , NOMB_ARTI  , CODE_ETAT_AVAN  , CONVERT(NVARCHAR, DATEADD(SECOND, DELT_HEUR_UTC_DEBU_REEL,DATE_DEBU_REEL), 103) +' '+CONVERT(NVARCHAR, DATEADD(SECOND, DELT_HEUR_UTC_DEBU_REEL,DATE_DEBU_REEL), 108) AS DATE_DEBU_REEL  , DELT_HEUR_UTC_DEBU_REEL  , CONVERT(NVARCHAR, DATEADD(SECOND, DELT_HEUR_UTC_FIN_REEL,DATE_FIN_REEL), 103) +' '+CONVERT(NVARCHAR, DATEADD(SECOND, DELT_HEUR_UTC_FIN_REEL,DATE_FIN_REEL), 108) AS DATE_FIN_REEL  , DELT_HEUR_UTC_FIN_REEL  , CONVERT(NVARCHAR, DATEADD(SECOND, DELT_HEUR_UTC,DATE_IMPO), 103) +' '+CONVERT(NVARCHAR, DATEADD(SECOND, DELT_HEUR_UTC,DATE_IMPO), 108) AS DATE_IMPO  , CODE_OF_SIMP  , CODE_ARTI  , CODE_SITE  , DELT_HEUR_UTC  , FLAG_SUPP FROM OF_LISTE  WHERE ( CODE_SITE = 'FAB')  AND ( CODE_OF_SITE LIKE  '%'  OR CODE_OF_SITE IS NULL  )  ORDER BY CODE_OF_SITE ASC  
08:13:32.452 DEBUG - GSqlQueryGeneratorSqlServer --->table =OF_OPERATION query =set rowcount 3000  SELECT CODE_OF  , CODE_OPER_TYPE  , CODE_OPER  , dbo.OPTIMA_TRADUCTION(DESI_OPER,'fr') +'@KEYLANG_'+DESI_OPER AS DESI_OPER  , CADE_THEO  , TEMP_PREP  , QUAN_PREV  , QUAN_STOC_AFFE  , UNIT_OPER  , TEMP_FABR  , NOMB_ARTI  , NOMB_OPER_THEO  , FLAG_DERN_OPER  , FLAG_EXPO_PLAN  , CODE_MACH  , CODE_FAMI_MACH  , CODE_MACH_PLAN  , CODE_ATEL  , CODE_SECT_GEOG  , CODE_SECT_ANAL  , CODE_ETAT_AVAN  , CODE_FOND_PAGE  , dbo.OPTIMA_TRADUCTION(COMM_OPER,'fr') +'@KEYLANG_'+COMM_OPER AS COMM_OPER  , CHAM_LIBR_1  , CHAM_LIBR_2  , CHAM_LIBR_3  , CONVERT(NVARCHAR, DATEADD(SECOND, DELT_HEUR_UTC_DEBU_PREV,DATE_DEBU_PREV), 103) +' '+CONVERT(NVARCHAR, DATEADD(SECOND, DELT_HEUR_UTC_DEBU_PREV,DATE_DEBU_PREV), 108) AS DATE_DEBU_PREV  , DELT_HEUR_UTC_DEBU_PREV  , CONVERT(NVARCHAR, DATEADD(SECOND, DELT_HEUR_UTC_FIN_PREV,DATE_FIN_PREV), 103) +' '+CONVERT(NVARCHAR, DATEADD(SECOND, DELT_HEUR_UTC_FIN_PREV,DATE_FIN_PREV), 108) AS DATE_FIN_PREV  , DELT_HEUR_UTC_FIN_PREV  , CONVERT(NVARCHAR, DATEADD(SECOND, DELT_HEUR_UTC_DEBU_PLAN,DATE_DEBU_PLAN), 103) +' '+CONVERT(NVARCHAR, DATEADD(SECOND, DELT_HEUR_UTC_DEBU_PLAN,DATE_DEBU_PLAN), 108) AS DATE_DEBU_PLAN  , DELT_HEUR_UTC_DEBU_PLAN  , CONVERT(NVARCHAR, DATEADD(SECOND, DELT_HEUR_UTC_FIN_PLAN,DATE_FIN_PLAN), 103) +' '+CONVERT(NVARCHAR, DATEADD(SECOND, DELT_HEUR_UTC_FIN_PLAN,DATE_FIN_PLAN), 108) AS DATE_FIN_PLAN  , DELT_HEUR_UTC_FIN_PLAN  , CONVERT(NVARCHAR, DATEADD(SECOND, DELT_HEUR_UTC_DEBU_REEL,DATE_DEBU_REEL), 103) +' '+CONVERT(NVARCHAR, DATEADD(SECOND, DELT_HEUR_UTC_DEBU_REEL,DATE_DEBU_REEL), 108) AS DATE_DEBU_REEL  , DELT_HEUR_UTC_DEBU_REEL  , CONVERT(NVARCHAR, DATEADD(SECOND, DELT_HEUR_UTC_FIN_REEL,DATE_FIN_REEL), 103) +' '+CONVERT(NVARCHAR, DATEADD(SECOND, DELT_HEUR_UTC_FIN_REEL,DATE_FIN_REEL), 108) AS DATE_FIN_REEL  , DELT_HEUR_UTC_FIN_REEL  , CONVERT(NVARCHAR, DATEADD(SECOND, DELT_HEUR_UTC,DATE_DEBU_ACTU), 103) +' '+CONVERT(NVARCHAR, DATEADD(SECOND, DELT_HEUR_UTC,DATE_DEBU_ACTU), 108) AS DATE_DEBU_ACTU  , CONVERT(NVARCHAR, DATEADD(SECOND, DELT_HEUR_UTC,DATE_IMPO), 103) +' '+CONVERT(NVARCHAR, DATEADD(SECOND, DELT_HEUR_UTC,DATE_IMPO), 108) AS DATE_IMPO  , COUL_PLAN_HEX  , CODE_BT  , TECH_AVAN_THEO  , COUT_UNIT  , CODE_SITE  , DELT_HEUR_UTC  , FLAG_SUPP FROM OF_OPERATION  WHERE ( CODE_SITE = 'FAB')  ORDER BY CODE_OF ASC  
08:18:29.964 DEBUG - TableDivTransformer createFileName ()--> Nom du fichier export = _Production_OF_EnCours_2 
08:18:29.964 DEBUG - TableExcelTransformer actionPerformed - Ecriture dans le fichier 'C:\Osys\QuartisTools\Tomcat\webapps\Quartis-Web\.\work\_0.0.0.0.0.0.0.1-administrateur\_Production_OF_EnCours_2\_Production_OF_EnCours_2.xls'... 
08:18:29.964 DEBUG - TableExcelTransformer actionPerformed - Ecriture dans le fichier 'C:\Osys\QuartisTools\Tomcat\webapps\Quartis-Web\.\work\_0.0.0.0.0.0.0.1-administrateur\_Production_OF_EnCours_2\_Production_OF_EnCours_2.xls'... 
08:18:29.980 DEBUG - TableExcelTransformer actionPerformed - Fin de l'écriture dans le fichier. 
08:18:30.027 DEBUG - TableDivTransformer createFileName ()--> Nom du fichier export = _Production_OF_EnCours_2 
08:18:30.027 DEBUG - TableExcelTransformer actionPerformed - Ecriture dans le fichier 'C:\Osys\QuartisTools\Tomcat\webapps\Quartis-Web\.\work\_0.0.0.0.0.0.0.1-administrateur\_Production_OF_EnCours_2\_Production_OF_EnCours_2.xls'... 
08:18:30.027 DEBUG - TableExcelTransformer actionPerformed - Ecriture dans le fichier 'C:\Osys\QuartisTools\Tomcat\webapps\Quartis-Web\.\work\_0.0.0.0.0.0.0.1-administrateur\_Production_OF_EnCours_2\_Production_OF_EnCours_2.xls'... 
08:18:30.042 DEBUG - TableExcelTransformer actionPerformed - Fin de l'écriture dans le fichier. 
08:18:35.066 DEBUG - TableDivTransformer createFileName ()--> Nom du fichier export = _Production_Indicateurs_Equipement 
08:18:35.066 DEBUG - TableExcelTransformer actionPerformed - Ecriture dans le fichier 'C:\Osys\QuartisTools\Tomcat\webapps\Quartis-Web\.\work\_0.0.0.0.0.0.0.1-administrateur\_Production_Indicateurs_Equipement\_Production_Indicateurs_Equipement.xls'... 
08:18:35.066 DEBUG - TableExcelTransformer actionPerformed - Ecriture dans le fichier 'C:\Osys\QuartisTools\Tomcat\webapps\Quartis-Web\.\work\_0.0.0.0.0.0.0.1-administrateur\_Production_Indicateurs_Equipement\_Production_Indicateurs_Equipement.xls'... 
08:18:35.066 DEBUG - TableDivTransformer createFileName ()--> Nom du fichier export = _Production_Indicateurs_Equipement 
08:18:35.066 DEBUG - TableExcelTransformer actionPerformed - Ecriture dans le fichier 'C:\Osys\QuartisTools\Tomcat\webapps\Quartis-Web\.\work\_0.0.0.0.0.0.0.1-administrateur\_Production_Indicateurs_Equipement\_Production_Indicateurs_Equipement.xls'... 
08:18:35.066 DEBUG - TableExcelTransformer actionPerformed - Ecriture dans le fichier 'C:\Osys\QuartisTools\Tomcat\webapps\Quartis-Web\.\work\_0.0.0.0.0.0.0.1-administrateur\_Production_Indicateurs_Equipement\_Production_Indicateurs_Equipement.xls'... 
08:18:35.190 DEBUG - TableExcelTransformer actionPerformed - Fin de l'écriture dans le fichier. 
08:18:35.190 DEBUG - TableExcelTransformer actionPerformed - Fin de l'écriture dans le fichier. 
08:18:37.468 DEBUG - TableDivTransformer createFileName ()--> Nom du fichier export = _Production_Bilan_OF_1 
08:18:37.468 DEBUG - TableExcelTransformer actionPerformed - Ecriture dans le fichier 'C:\Osys\QuartisTools\Tomcat\webapps\Quartis-Web\.\work\_0.0.0.0.0.0.0.1-administrateur\_Production_Bilan_OF_1\_Production_Bilan_OF_1.xls'... 
08:18:37.468 DEBUG - TableExcelTransformer actionPerformed - Ecriture dans le fichier 'C:\Osys\QuartisTools\Tomcat\webapps\Quartis-Web\.\work\_0.0.0.0.0.0.0.1-administrateur\_Production_Bilan_OF_1\_Production_Bilan_OF_1.xls'... 
08:18:37.499 DEBUG - TableExcelTransformer actionPerformed - Fin de l'écriture dans le fichier. 
08:18:37.515 DEBUG - TableDivTransformer createFileName ()--> Nom du fichier export = _Production_Bilan_OF_1 
08:18:37.515 DEBUG - TableExcelTransformer actionPerformed - Ecriture dans le fichier 'C:\Osys\QuartisTools\Tomcat\webapps\Quartis-Web\.\work\_0.0.0.0.0.0.0.1-administrateur\_Production_Bilan_OF_1\_Production_Bilan_OF_1.xls'... 
08:18:37.515 DEBUG - TableExcelTransformer actionPerformed - Ecriture dans le fichier 'C:\Osys\QuartisTools\Tomcat\webapps\Quartis-Web\.\work\_0.0.0.0.0.0.0.1-administrateur\_Production_Bilan_OF_1\_Production_Bilan_OF_1.xls'... 
08:18:37.530 DEBUG - TableExcelTransformer actionPerformed - Fin de l'écriture dans le fichier. 
08:18:39.980 DEBUG - TableDivTransformer createFileName ()--> Nom du fichier export = _Production_Cadence_Synthese_1 
08:18:39.995 DEBUG - TableExcelTransformer actionPerformed - Ecriture dans le fichier 'C:\Osys\QuartisTools\Tomcat\webapps\Quartis-Web\.\work\_0.0.0.0.0.0.0.1-administrateur\_Production_Cadence_Synthese_1\_Production_Cadence_Synthese_1.xls'... 
08:18:39.995 DEBUG - TableExcelTransformer actionPerformed - Ecriture dans le fichier 'C:\Osys\QuartisTools\Tomcat\webapps\Quartis-Web\.\work\_0.0.0.0.0.0.0.1-administrateur\_Production_Cadence_Synthese_1\_Production_Cadence_Synthese_1.xls'... 
08:18:40.011 DEBUG - TableDivTransformer createFileName ()--> Nom du fichier export = _Production_Cadence_Synthese_1 
08:18:40.011 DEBUG - TableExcelTransformer actionPerformed - Ecriture dans le fichier 'C:\Osys\QuartisTools\Tomcat\webapps\Quartis-Web\.\work\_0.0.0.0.0.0.0.1-administrateur\_Production_Cadence_Synthese_1\_Production_Cadence_Synthese_1.xls'... 
08:18:40.011 DEBUG - TableExcelTransformer actionPerformed - Ecriture dans le fichier 'C:\Osys\QuartisTools\Tomcat\webapps\Quartis-Web\.\work\_0.0.0.0.0.0.0.1-administrateur\_Production_Cadence_Synthese_1\_Production_Cadence_Synthese_1.xls'... 
08:18:40.011 DEBUG - TableExcelTransformer actionPerformed - Fin de l'écriture dans le fichier. 
08:18:40.011 DEBUG - TableExcelTransformer actionPerformed - Fin de l'écriture dans le fichier. 
08:18:54.160 DEBUG - TableDivTransformer createFileName ()--> Nom du fichier export = _Production_Avancement_OF 
08:18:54.160 DEBUG - TableExcelTransformer actionPerformed - Ecriture dans le fichier 'C:\Osys\QuartisTools\Tomcat\webapps\Quartis-Web\.\work\_0.0.0.0.0.0.0.1-administrateur\_Production_Avancement_OF\_Production_Avancement_OF.xls'... 
08:18:54.160 DEBUG - TableExcelTransformer actionPerformed - Ecriture dans le fichier 'C:\Osys\QuartisTools\Tomcat\webapps\Quartis-Web\.\work\_0.0.0.0.0.0.0.1-administrateur\_Production_Avancement_OF\_Production_Avancement_OF.xls'... 
08:18:54.269 DEBUG - TableDivTransformer createFileName ()--> Nom du fichier export = _Production_Avancement_OF 
08:18:54.269 DEBUG - TableExcelTransformer actionPerformed - Ecriture dans le fichier 'C:\Osys\QuartisTools\Tomcat\webapps\Quartis-Web\.\work\_0.0.0.0.0.0.0.1-administrateur\_Production_Avancement_OF\_Production_Avancement_OF.xls'... 
08:18:54.269 DEBUG - TableExcelTransformer actionPerformed - Ecriture dans le fichier 'C:\Osys\QuartisTools\Tomcat\webapps\Quartis-Web\.\work\_0.0.0.0.0.0.0.1-administrateur\_Production_Avancement_OF\_Production_Avancement_OF.xls'... 
08:18:54.488 DEBUG - TableExcelTransformer actionPerformed - Fin de l'écriture dans le fichier. 
08:18:54.503 DEBUG - TableExcelTransformer actionPerformed - Fin de l'écriture dans le fichier. 
08:18:55.658 DEBUG - TableDivTransformer createFileName ()--> Nom du fichier export = _Production_Avancement_OF 
08:18:55.658 DEBUG - TableExcelTransformer actionPerformed - Ecriture dans le fichier 'C:\Osys\QuartisTools\Tomcat\webapps\Quartis-Web\.\work\_0.0.0.0.0.0.0.1-administrateur\_Production_Avancement_OF\_Production_Avancement_OF.xls'... 
08:18:55.658 DEBUG - TableExcelTransformer actionPerformed - Ecriture dans le fichier 'C:\Osys\QuartisTools\Tomcat\webapps\Quartis-Web\.\work\_0.0.0.0.0.0.0.1-administrateur\_Production_Avancement_OF\_Production_Avancement_OF.xls'... 
08:18:55.751 DEBUG - TableDivTransformer createFileName ()--> Nom du fichier export = _Production_Avancement_OF 
08:18:55.751 DEBUG - TableExcelTransformer actionPerformed - Ecriture dans le fichier 'C:\Osys\QuartisTools\Tomcat\webapps\Quartis-Web\.\work\_0.0.0.0.0.0.0.1-administrateur\_Production_Avancement_OF\_Production_Avancement_OF.xls'... 
08:18:55.751 DEBUG - TableExcelTransformer actionPerformed - Ecriture dans le fichier 'C:\Osys\QuartisTools\Tomcat\webapps\Quartis-Web\.\work\_0.0.0.0.0.0.0.1-administrateur\_Production_Avancement_OF\_Production_Avancement_OF.xls'... 
08:18:55.767 DEBUG - TableExcelTransformer actionPerformed - Fin de l'écriture dans le fichier. 
08:18:55.845 DEBUG - TableExcelTransformer actionPerformed - Fin de l'écriture dans le fichier. 
08:19:28.654 DEBUG - TableDivTransformer createFileName ()--> Nom du fichier export = _Personnel_Activite_EnCours_Liste_1 
08:19:28.654 DEBUG - TableExcelTransformer actionPerformed - Ecriture dans le fichier 'C:\Osys\QuartisTools\Tomcat\webapps\Quartis-Web\.\work\_0.0.0.0.0.0.0.1-administrateur\_Personnel_Activite_EnCours_Liste_1\_Personnel_Activite_EnCours_Liste_1.xls'... 
08:19:28.654 DEBUG - TableExcelTransformer actionPerformed - Ecriture dans le fichier 'C:\Osys\QuartisTools\Tomcat\webapps\Quartis-Web\.\work\_0.0.0.0.0.0.0.1-administrateur\_Personnel_Activite_EnCours_Liste_1\_Personnel_Activite_EnCours_Liste_1.xls'... 
08:19:28.669 DEBUG - TableExcelTransformer actionPerformed - Fin de l'écriture dans le fichier. 
08:19:28.685 DEBUG - TableDivTransformer createFileName ()--> Nom du fichier export = _Personnel_Activite_EnCours_Liste_1 
08:19:28.685 DEBUG - TableExcelTransformer actionPerformed - Ecriture dans le fichier 'C:\Osys\QuartisTools\Tomcat\webapps\Quartis-Web\.\work\_0.0.0.0.0.0.0.1-administrateur\_Personnel_Activite_EnCours_Liste_1\_Personnel_Activite_EnCours_Liste_1.xls'... 
08:19:28.685 DEBUG - TableExcelTransformer actionPerformed - Ecriture dans le fichier 'C:\Osys\QuartisTools\Tomcat\webapps\Quartis-Web\.\work\_0.0.0.0.0.0.0.1-administrateur\_Personnel_Activite_EnCours_Liste_1\_Personnel_Activite_EnCours_Liste_1.xls'... 
08:19:28.700 DEBUG - TableExcelTransformer actionPerformed - Fin de l'écriture dans le fichier. 
08:19:38.560 DEBUG - TableDivTransformer createFileName ()--> Nom du fichier export = _Personnel_Activite_EnCours_Liste_1 
08:19:38.560 DEBUG - TableExcelTransformer actionPerformed - Ecriture dans le fichier 'C:\Osys\QuartisTools\Tomcat\webapps\Quartis-Web\.\work\_0.0.0.0.0.0.0.1-administrateur\_Personnel_Activite_EnCours_Liste_1\_Personnel_Activite_EnCours_Liste_1.xls'... 
08:19:38.560 DEBUG - TableExcelTransformer actionPerformed - Ecriture dans le fichier 'C:\Osys\QuartisTools\Tomcat\webapps\Quartis-Web\.\work\_0.0.0.0.0.0.0.1-administrateur\_Personnel_Activite_EnCours_Liste_1\_Personnel_Activite_EnCours_Liste_1.xls'... 
08:19:38.622 DEBUG - TableExcelTransformer actionPerformed - Fin de l'écriture dans le fichier. 
08:19:48.575 DEBUG - TableDivTransformer createFileName ()--> Nom du fichier export = _Personnel_Activite_EnCours_Liste_1 
08:19:48.575 DEBUG - TableExcelTransformer actionPerformed - Ecriture dans le fichier 'C:\Osys\QuartisTools\Tomcat\webapps\Quartis-Web\.\work\_0.0.0.0.0.0.0.1-administrateur\_Personnel_Activite_EnCours_Liste_1\_Personnel_Activite_EnCours_Liste_1.xls'... 
08:19:48.575 DEBUG - TableExcelTransformer actionPerformed - Ecriture dans le fichier 'C:\Osys\QuartisTools\Tomcat\webapps\Quartis-Web\.\work\_0.0.0.0.0.0.0.1-administrateur\_Personnel_Activite_EnCours_Liste_1\_Personnel_Activite_EnCours_Liste_1.xls'... 
08:19:48.590 DEBUG - TableExcelTransformer actionPerformed - Fin de l'écriture dans le fichier. 
08:19:58.559 DEBUG - TableDivTransformer createFileName ()--> Nom du fichier export = _Personnel_Activite_EnCours_Liste_1 
08:19:58.559 DEBUG - TableExcelTransformer actionPerformed - Ecriture dans le fichier 'C:\Osys\QuartisTools\Tomcat\webapps\Quartis-Web\.\work\_0.0.0.0.0.0.0.1-administrateur\_Personnel_Activite_EnCours_Liste_1\_Personnel_Activite_EnCours_Liste_1.xls'... 
08:19:58.559 DEBUG - TableExcelTransformer actionPerformed - Ecriture dans le fichier 'C:\Osys\QuartisTools\Tomcat\webapps\Quartis-Web\.\work\_0.0.0.0.0.0.0.1-administrateur\_Personnel_Activite_EnCours_Liste_1\_Personnel_Activite_EnCours_Liste_1.xls'... 
08:19:58.575 DEBUG - TableExcelTransformer actionPerformed - Fin de l'écriture dans le fichier. 
08:20:04.973 DEBUG - TableDivTransformer createFileName ()--> Nom du fichier export = _Personnel_Activite_EnCours_Liste_1 
08:20:04.973 DEBUG - TableExcelTransformer actionPerformed - Ecriture dans le fichier 'C:\Osys\QuartisTools\Tomcat\webapps\Quartis-Web\.\work\_0.0.0.0.0.0.0.1-administrateur\_Personnel_Activite_EnCours_Liste_1\_Personnel_Activite_EnCours_Liste_1.xls'... 
08:20:04.973 DEBUG - TableExcelTransformer actionPerformed - Ecriture dans le fichier 'C:\Osys\QuartisTools\Tomcat\webapps\Quartis-Web\.\work\_0.0.0.0.0.0.0.1-administrateur\_Personnel_Activite_EnCours_Liste_1\_Personnel_Activite_EnCours_Liste_1.xls'... 
08:20:04.989 DEBUG - TableExcelTransformer actionPerformed - Fin de l'écriture dans le fichier. 
08:20:05.035 DEBUG - TableDivTransformer createFileName ()--> Nom du fichier export = _Personnel_Activite_EnCours_Liste_1 
08:20:05.035 DEBUG - TableExcelTransformer actionPerformed - Ecriture dans le fichier 'C:\Osys\QuartisTools\Tomcat\webapps\Quartis-Web\.\work\_0.0.0.0.0.0.0.1-administrateur\_Personnel_Activite_EnCours_Liste_1\_Personnel_Activite_EnCours_Liste_1.xls'... 
08:20:05.035 DEBUG - TableExcelTransformer actionPerformed - Ecriture dans le fichier 'C:\Osys\QuartisTools\Tomcat\webapps\Quartis-Web\.\work\_0.0.0.0.0.0.0.1-administrateur\_Personnel_Activite_EnCours_Liste_1\_Personnel_Activite_EnCours_Liste_1.xls'... 
08:20:05.035 DEBUG - TableExcelTransformer actionPerformed - Fin de l'écriture dans le fichier. 
08:20:15.097 DEBUG - TableDivTransformer createFileName ()--> Nom du fichier export = _Personnel_Activite_EnCours_Liste_1 
08:20:15.097 DEBUG - TableExcelTransformer actionPerformed - Ecriture dans le fichier 'C:\Osys\QuartisTools\Tomcat\webapps\Quartis-Web\.\work\_0.0.0.0.0.0.0.1-administrateur\_Personnel_Activite_EnCours_Liste_1\_Personnel_Activite_EnCours_Liste_1.xls'... 
08:20:15.097 DEBUG - TableExcelTransformer actionPerformed - Ecriture dans le fichier 'C:\Osys\QuartisTools\Tomcat\webapps\Quartis-Web\.\work\_0.0.0.0.0.0.0.1-administrateur\_Personnel_Activite_EnCours_Liste_1\_Personnel_Activite_EnCours_Liste_1.xls'... 
08:20:15.113 DEBUG - TableExcelTransformer actionPerformed - Fin de l'écriture dans le fichier. 
08:20:25.066 DEBUG - TableDivTransformer createFileName ()--> Nom du fichier export = _Personnel_Activite_EnCours_Liste_1 
08:20:25.066 DEBUG - TableExcelTransformer actionPerformed - Ecriture dans le fichier 'C:\Osys\QuartisTools\Tomcat\webapps\Quartis-Web\.\work\_0.0.0.0.0.0.0.1-administrateur\_Personnel_Activite_EnCours_Liste_1\_Personnel_Activite_EnCours_Liste_1.xls'... 
08:20:25.066 DEBUG - TableExcelTransformer actionPerformed - Ecriture dans le fichier 'C:\Osys\QuartisTools\Tomcat\webapps\Quartis-Web\.\work\_0.0.0.0.0.0.0.1-administrateur\_Personnel_Activite_EnCours_Liste_1\_Personnel_Activite_EnCours_Liste_1.xls'... 
08:20:25.066 DEBUG - TableExcelTransformer actionPerformed - Fin de l'écriture dans le fichier. 
08:20:35.003 DEBUG - TableDivTransformer createFileName ()--> Nom du fichier export = _Personnel_Activite_EnCours_Liste_1 
08:20:35.003 DEBUG - TableExcelTransformer actionPerformed - Ecriture dans le fichier 'C:\Osys\QuartisTools\Tomcat\webapps\Quartis-Web\.\work\_0.0.0.0.0.0.0.1-administrateur\_Personnel_Activite_EnCours_Liste_1\_Personnel_Activite_EnCours_Liste_1.xls'... 
08:20:35.003 DEBUG - TableExcelTransformer actionPerformed - Ecriture dans le fichier 'C:\Osys\QuartisTools\Tomcat\webapps\Quartis-Web\.\work\_0.0.0.0.0.0.0.1-administrateur\_Personnel_Activite_EnCours_Liste_1\_Personnel_Activite_EnCours_Liste_1.xls'... 
08:20:35.003 DEBUG - TableExcelTransformer actionPerformed - Fin de l'écriture dans le fichier. 
08:20:44.987 DEBUG - TableDivTransformer createFileName ()--> Nom du fichier export = _Personnel_Activite_EnCours_Liste_1 
08:20:45.003 DEBUG - TableExcelTransformer actionPerformed - Ecriture dans le fichier 'C:\Osys\QuartisTools\Tomcat\webapps\Quartis-Web\.\work\_0.0.0.0.0.0.0.1-administrateur\_Personnel_Activite_EnCours_Liste_1\_Personnel_Activite_EnCours_Liste_1.xls'... 
08:20:45.003 DEBUG - TableExcelTransformer actionPerformed - Ecriture dans le fichier 'C:\Osys\QuartisTools\Tomcat\webapps\Quartis-Web\.\work\_0.0.0.0.0.0.0.1-administrateur\_Personnel_Activite_EnCours_Liste_1\_Personnel_Activite_EnCours_Liste_1.xls'... 
08:20:45.003 DEBUG - TableExcelTransformer actionPerformed - Fin de l'écriture dans le fichier. 
08:20:54.987 DEBUG - TableDivTransformer createFileName ()--> Nom du fichier export = _Personnel_Activite_EnCours_Liste_1 
08:20:54.987 DEBUG - TableExcelTransformer actionPerformed - Ecriture dans le fichier 'C:\Osys\QuartisTools\Tomcat\webapps\Quartis-Web\.\work\_0.0.0.0.0.0.0.1-administrateur\_Personnel_Activite_EnCours_Liste_1\_Personnel_Activite_EnCours_Liste_1.xls'... 
08:20:54.987 DEBUG - TableExcelTransformer actionPerformed - Ecriture dans le fichier 'C:\Osys\QuartisTools\Tomcat\webapps\Quartis-Web\.\work\_0.0.0.0.0.0.0.1-administrateur\_Personnel_Activite_EnCours_Liste_1\_Personnel_Activite_EnCours_Liste_1.xls'... 
08:20:55.002 DEBUG - TableExcelTransformer actionPerformed - Fin de l'écriture dans le fichier. 
08:21:05.002 DEBUG - TableDivTransformer createFileName ()--> Nom du fichier export = _Personnel_Activite_EnCours_Liste_1 
08:21:05.002 DEBUG - TableExcelTransformer actionPerformed - Ecriture dans le fichier 'C:\Osys\QuartisTools\Tomcat\webapps\Quartis-Web\.\work\_0.0.0.0.0.0.0.1-administrateur\_Personnel_Activite_EnCours_Liste_1\_Personnel_Activite_EnCours_Liste_1.xls'... 
08:21:05.002 DEBUG - TableExcelTransformer actionPerformed - Ecriture dans le fichier 'C:\Osys\QuartisTools\Tomcat\webapps\Quartis-Web\.\work\_0.0.0.0.0.0.0.1-administrateur\_Personnel_Activite_EnCours_Liste_1\_Personnel_Activite_EnCours_Liste_1.xls'... 
08:21:05.002 DEBUG - TableExcelTransformer actionPerformed - Fin de l'écriture dans le fichier. 
08:21:15.002 DEBUG - TableDivTransformer createFileName ()--> Nom du fichier export = _Personnel_Activite_EnCours_Liste_1 
08:21:15.002 DEBUG - TableExcelTransformer actionPerformed - Ecriture dans le fichier 'C:\Osys\QuartisTools\Tomcat\webapps\Quartis-Web\.\work\_0.0.0.0.0.0.0.1-administrateur\_Personnel_Activite_EnCours_Liste_1\_Personnel_Activite_EnCours_Liste_1.xls'... 
08:21:15.002 DEBUG - TableExcelTransformer actionPerformed - Ecriture dans le fichier 'C:\Osys\QuartisTools\Tomcat\webapps\Quartis-Web\.\work\_0.0.0.0.0.0.0.1-administrateur\_Personnel_Activite_EnCours_Liste_1\_Personnel_Activite_EnCours_Liste_1.xls'... 
08:21:15.002 DEBUG - TableExcelTransformer actionPerformed - Fin de l'écriture dans le fichier. 
08:21:25.126 DEBUG - TableDivTransformer createFileName ()--> Nom du fichier export = _Personnel_Activite_EnCours_Liste_1 
08:21:25.126 DEBUG - TableExcelTransformer actionPerformed - Ecriture dans le fichier 'C:\Osys\QuartisTools\Tomcat\webapps\Quartis-Web\.\work\_0.0.0.0.0.0.0.1-administrateur\_Personnel_Activite_EnCours_Liste_1\_Personnel_Activite_EnCours_Liste_1.xls'... 
08:21:25.126 DEBUG - TableExcelTransformer actionPerformed - Ecriture dans le fichier 'C:\Osys\QuartisTools\Tomcat\webapps\Quartis-Web\.\work\_0.0.0.0.0.0.0.1-administrateur\_Personnel_Activite_EnCours_Liste_1\_Personnel_Activite_EnCours_Liste_1.xls'... 
08:21:25.142 DEBUG - TableExcelTransformer actionPerformed - Fin de l'écriture dans le fichier. 
08:21:35.016 DEBUG - TableDivTransformer createFileName ()--> Nom du fichier export = _Personnel_Activite_EnCours_Liste_1 
08:21:35.016 DEBUG - TableExcelTransformer actionPerformed - Ecriture dans le fichier 'C:\Osys\QuartisTools\Tomcat\webapps\Quartis-Web\.\work\_0.0.0.0.0.0.0.1-administrateur\_Personnel_Activite_EnCours_Liste_1\_Personnel_Activite_EnCours_Liste_1.xls'... 
08:21:35.016 DEBUG - TableExcelTransformer actionPerformed - Ecriture dans le fichier 'C:\Osys\QuartisTools\Tomcat\webapps\Quartis-Web\.\work\_0.0.0.0.0.0.0.1-administrateur\_Personnel_Activite_EnCours_Liste_1\_Personnel_Activite_EnCours_Liste_1.xls'... 
08:21:35.032 DEBUG - TableExcelTransformer actionPerformed - Fin de l'écriture dans le fichier. 
08:21:45.000 DEBUG - TableDivTransformer createFileName ()--> Nom du fichier export = _Personnel_Activite_EnCours_Liste_1 
08:21:45.000 DEBUG - TableExcelTransformer actionPerformed - Ecriture dans le fichier 'C:\Osys\QuartisTools\Tomcat\webapps\Quartis-Web\.\work\_0.0.0.0.0.0.0.1-administrateur\_Personnel_Activite_EnCours_Liste_1\_Personnel_Activite_EnCours_Liste_1.xls'... 
08:21:45.000 DEBUG - TableExcelTransformer actionPerformed - Ecriture dans le fichier 'C:\Osys\QuartisTools\Tomcat\webapps\Quartis-Web\.\work\_0.0.0.0.0.0.0.1-administrateur\_Personnel_Activite_EnCours_Liste_1\_Personnel_Activite_EnCours_Liste_1.xls'... 
08:21:45.016 DEBUG - TableExcelTransformer actionPerformed - Fin de l'écriture dans le fichier. 
08:21:55.000 DEBUG - TableDivTransformer createFileName ()--> Nom du fichier export = _Personnel_Activite_EnCours_Liste_1 
08:21:55.016 DEBUG - TableExcelTransformer actionPerformed - Ecriture dans le fichier 'C:\Osys\QuartisTools\Tomcat\webapps\Quartis-Web\.\work\_0.0.0.0.0.0.0.1-administrateur\_Personnel_Activite_EnCours_Liste_1\_Personnel_Activite_EnCours_Liste_1.xls'... 
08:21:55.016 DEBUG - TableExcelTransformer actionPerformed - Ecriture dans le fichier 'C:\Osys\QuartisTools\Tomcat\webapps\Quartis-Web\.\work\_0.0.0.0.0.0.0.1-administrateur\_Personnel_Activite_EnCours_Liste_1\_Personnel_Activite_EnCours_Liste_1.xls'... 
08:21:55.016 DEBUG - TableExcelTransformer actionPerformed - Fin de l'écriture dans le fichier. 
08:22:04.984 DEBUG - TableDivTransformer createFileName ()--> Nom du fichier export = _Personnel_Activite_EnCours_Liste_1 
08:22:04.984 DEBUG - TableExcelTransformer actionPerformed - Ecriture dans le fichier 'C:\Osys\QuartisTools\Tomcat\webapps\Quartis-Web\.\work\_0.0.0.0.0.0.0.1-administrateur\_Personnel_Activite_EnCours_Liste_1\_Personnel_Activite_EnCours_Liste_1.xls'... 
08:22:04.984 DEBUG - TableExcelTransformer actionPerformed - Ecriture dans le fichier 'C:\Osys\QuartisTools\Tomcat\webapps\Quartis-Web\.\work\_0.0.0.0.0.0.0.1-administrateur\_Personnel_Activite_EnCours_Liste_1\_Personnel_Activite_EnCours_Liste_1.xls'... 
08:22:05.000 DEBUG - TableExcelTransformer actionPerformed - Fin de l'écriture dans le fichier. 
08:22:15.015 DEBUG - TableDivTransformer createFileName ()--> Nom du fichier export = _Personnel_Activite_EnCours_Liste_1 
08:22:15.015 DEBUG - TableExcelTransformer actionPerformed - Ecriture dans le fichier 'C:\Osys\QuartisTools\Tomcat\webapps\Quartis-Web\.\work\_0.0.0.0.0.0.0.1-administrateur\_Personnel_Activite_EnCours_Liste_1\_Personnel_Activite_EnCours_Liste_1.xls'... 
08:22:15.015 DEBUG - TableExcelTransformer actionPerformed - Ecriture dans le fichier 'C:\Osys\QuartisTools\Tomcat\webapps\Quartis-Web\.\work\_0.0.0.0.0.0.0.1-administrateur\_Personnel_Activite_EnCours_Liste_1\_Personnel_Activite_EnCours_Liste_1.xls'... 
08:22:15.015 DEBUG - TableExcelTransformer actionPerformed - Fin de l'écriture dans le fichier. 
08:22:24.999 DEBUG - TableDivTransformer createFileName ()--> Nom du fichier export = _Personnel_Activite_EnCours_Liste_1 
08:22:24.999 DEBUG - TableExcelTransformer actionPerformed - Ecriture dans le fichier 'C:\Osys\QuartisTools\Tomcat\webapps\Quartis-Web\.\work\_0.0.0.0.0.0.0.1-administrateur\_Personnel_Activite_EnCours_Liste_1\_Personnel_Activite_EnCours_Liste_1.xls'... 
08:22:24.999 DEBUG - TableExcelTransformer actionPerformed - Ecriture dans le fichier 'C:\Osys\QuartisTools\Tomcat\webapps\Quartis-Web\.\work\_0.0.0.0.0.0.0.1-administrateur\_Personnel_Activite_EnCours_Liste_1\_Personnel_Activite_EnCours_Liste_1.xls'... 
08:22:25.014 DEBUG - TableExcelTransformer actionPerformed - Fin de l'écriture dans le fichier. 
08:22:35.045 DEBUG - TableDivTransformer createFileName ()--> Nom du fichier export = _Personnel_Activite_EnCours_Liste_1 
08:22:35.045 DEBUG - TableExcelTransformer actionPerformed - Ecriture dans le fichier 'C:\Osys\QuartisTools\Tomcat\webapps\Quartis-Web\.\work\_0.0.0.0.0.0.0.1-administrateur\_Personnel_Activite_EnCours_Liste_1\_Personnel_Activite_EnCours_Liste_1.xls'... 
08:22:35.045 DEBUG - TableExcelTransformer actionPerformed - Ecriture dans le fichier 'C:\Osys\QuartisTools\Tomcat\webapps\Quartis-Web\.\work\_0.0.0.0.0.0.0.1-administrateur\_Personnel_Activite_EnCours_Liste_1\_Personnel_Activite_EnCours_Liste_1.xls'... 
08:22:35.061 DEBUG - TableExcelTransformer actionPerformed - Fin de l'écriture dans le fichier. 
08:22:44.998 DEBUG - TableDivTransformer createFileName ()--> Nom du fichier export = _Personnel_Activite_EnCours_Liste_1 
08:22:44.998 DEBUG - TableExcelTransformer actionPerformed - Ecriture dans le fichier 'C:\Osys\QuartisTools\Tomcat\webapps\Quartis-Web\.\work\_0.0.0.0.0.0.0.1-administrateur\_Personnel_Activite_EnCours_Liste_1\_Personnel_Activite_EnCours_Liste_1.xls'... 
08:22:44.998 DEBUG - TableExcelTransformer actionPerformed - Ecriture dans le fichier 'C:\Osys\QuartisTools\Tomcat\webapps\Quartis-Web\.\work\_0.0.0.0.0.0.0.1-administrateur\_Personnel_Activite_EnCours_Liste_1\_Personnel_Activite_EnCours_Liste_1.xls'... 
08:22:44.998 DEBUG - TableExcelTransformer actionPerformed - Fin de l'écriture dans le fichier. 
08:22:54.982 DEBUG - TableDivTransformer createFileName ()--> Nom du fichier export = _Personnel_Activite_EnCours_Liste_1 
08:22:54.982 DEBUG - TableExcelTransformer actionPerformed - Ecriture dans le fichier 'C:\Osys\QuartisTools\Tomcat\webapps\Quartis-Web\.\work\_0.0.0.0.0.0.0.1-administrateur\_Personnel_Activite_EnCours_Liste_1\_Personnel_Activite_EnCours_Liste_1.xls'... 
08:22:54.982 DEBUG - TableExcelTransformer actionPerformed - Ecriture dans le fichier 'C:\Osys\QuartisTools\Tomcat\webapps\Quartis-Web\.\work\_0.0.0.0.0.0.0.1-administrateur\_Personnel_Activite_EnCours_Liste_1\_Personnel_Activite_EnCours_Liste_1.xls'... 
08:22:54.998 DEBUG - TableExcelTransformer actionPerformed - Fin de l'écriture dans le fichier. 
08:23:04.997 DEBUG - TableDivTransformer createFileName ()--> Nom du fichier export = _Personnel_Activite_EnCours_Liste_1 
08:23:04.997 DEBUG - TableExcelTransformer actionPerformed - Ecriture dans le fichier 'C:\Osys\QuartisTools\Tomcat\webapps\Quartis-Web\.\work\_0.0.0.0.0.0.0.1-administrateur\_Personnel_Activite_EnCours_Liste_1\_Personnel_Activite_EnCours_Liste_1.xls'... 
08:23:04.997 DEBUG - TableExcelTransformer actionPerformed - Ecriture dans le fichier 'C:\Osys\QuartisTools\Tomcat\webapps\Quartis-Web\.\work\_0.0.0.0.0.0.0.1-administrateur\_Personnel_Activite_EnCours_Liste_1\_Personnel_Activite_EnCours_Liste_1.xls'... 
08:23:05.013 DEBUG - TableExcelTransformer actionPerformed - Fin de l'écriture dans le fichier. 
08:23:14.981 DEBUG - TableDivTransformer createFileName ()--> Nom du fichier export = _Personnel_Activite_EnCours_Liste_1 
08:23:14.981 DEBUG - TableExcelTransformer actionPerformed - Ecriture dans le fichier 'C:\Osys\QuartisTools\Tomcat\webapps\Quartis-Web\.\work\_0.0.0.0.0.0.0.1-administrateur\_Personnel_Activite_EnCours_Liste_1\_Personnel_Activite_EnCours_Liste_1.xls'... 
08:23:14.981 DEBUG - TableExcelTransformer actionPerformed - Ecriture dans le fichier 'C:\Osys\QuartisTools\Tomcat\webapps\Quartis-Web\.\work\_0.0.0.0.0.0.0.1-administrateur\_Personnel_Activite_EnCours_Liste_1\_Personnel_Activite_EnCours_Liste_1.xls'... 
08:23:14.997 DEBUG - TableExcelTransformer actionPerformed - Fin de l'écriture dans le fichier. 
08:23:24.997 DEBUG - TableDivTransformer createFileName ()--> Nom du fichier export = _Personnel_Activite_EnCours_Liste_1 
08:23:24.997 DEBUG - TableExcelTransformer actionPerformed - Ecriture dans le fichier 'C:\Osys\QuartisTools\Tomcat\webapps\Quartis-Web\.\work\_0.0.0.0.0.0.0.1-administrateur\_Personnel_Activite_EnCours_Liste_1\_Personnel_Activite_EnCours_Liste_1.xls'... 
08:23:24.997 DEBUG - TableExcelTransformer actionPerformed - Ecriture dans le fichier 'C:\Osys\QuartisTools\Tomcat\webapps\Quartis-Web\.\work\_0.0.0.0.0.0.0.1-administrateur\_Personnel_Activite_EnCours_Liste_1\_Personnel_Activite_EnCours_Liste_1.xls'... 
08:23:25.012 DEBUG - TableExcelTransformer actionPerformed - Fin de l'écriture dans le fichier. 
08:23:35.027 DEBUG - TableDivTransformer createFileName ()--> Nom du fichier export = _Personnel_Activite_EnCours_Liste_1 
08:23:35.027 DEBUG - TableExcelTransformer actionPerformed - Ecriture dans le fichier 'C:\Osys\QuartisTools\Tomcat\webapps\Quartis-Web\.\work\_0.0.0.0.0.0.0.1-administrateur\_Personnel_Activite_EnCours_Liste_1\_Personnel_Activite_EnCours_Liste_1.xls'... 
08:23:35.027 DEBUG - TableExcelTransformer actionPerformed - Ecriture dans le fichier 'C:\Osys\QuartisTools\Tomcat\webapps\Quartis-Web\.\work\_0.0.0.0.0.0.0.1-administrateur\_Personnel_Activite_EnCours_Liste_1\_Personnel_Activite_EnCours_Liste_1.xls'... 
08:23:35.027 DEBUG - TableExcelTransformer actionPerformed - Fin de l'écriture dans le fichier. 
08:23:45.105 DEBUG - TableDivTransformer createFileName ()--> Nom du fichier export = _Personnel_Activite_EnCours_Liste_1 
08:23:45.105 DEBUG - TableExcelTransformer actionPerformed - Ecriture dans le fichier 'C:\Osys\QuartisTools\Tomcat\webapps\Quartis-Web\.\work\_0.0.0.0.0.0.0.1-administrateur\_Personnel_Activite_EnCours_Liste_1\_Personnel_Activite_EnCours_Liste_1.xls'... 
08:23:45.105 DEBUG - TableExcelTransformer actionPerformed - Ecriture dans le fichier 'C:\Osys\QuartisTools\Tomcat\webapps\Quartis-Web\.\work\_0.0.0.0.0.0.0.1-administrateur\_Personnel_Activite_EnCours_Liste_1\_Personnel_Activite_EnCours_Liste_1.xls'... 
08:23:45.105 DEBUG - TableExcelTransformer actionPerformed - Fin de l'écriture dans le fichier. 
08:23:54.980 DEBUG - TableDivTransformer createFileName ()--> Nom du fichier export = _Personnel_Activite_EnCours_Liste_1 
08:23:54.980 DEBUG - TableExcelTransformer actionPerformed - Ecriture dans le fichier 'C:\Osys\QuartisTools\Tomcat\webapps\Quartis-Web\.\work\_0.0.0.0.0.0.0.1-administrateur\_Personnel_Activite_EnCours_Liste_1\_Personnel_Activite_EnCours_Liste_1.xls'... 
08:23:54.995 DEBUG - TableExcelTransformer actionPerformed - Ecriture dans le fichier 'C:\Osys\QuartisTools\Tomcat\webapps\Quartis-Web\.\work\_0.0.0.0.0.0.0.1-administrateur\_Personnel_Activite_EnCours_Liste_1\_Personnel_Activite_EnCours_Liste_1.xls'... 
08:23:55.011 DEBUG - TableExcelTransformer actionPerformed - Fin de l'écriture dans le fichier. 
08:24:04.995 DEBUG - TableDivTransformer createFileName ()--> Nom du fichier export = _Personnel_Activite_EnCours_Liste_1 
08:24:04.995 DEBUG - TableExcelTransformer actionPerformed - Ecriture dans le fichier 'C:\Osys\QuartisTools\Tomcat\webapps\Quartis-Web\.\work\_0.0.0.0.0.0.0.1-administrateur\_Personnel_Activite_EnCours_Liste_1\_Personnel_Activite_EnCours_Liste_1.xls'... 
08:24:04.995 DEBUG - TableExcelTransformer actionPerformed - Ecriture dans le fichier 'C:\Osys\QuartisTools\Tomcat\webapps\Quartis-Web\.\work\_0.0.0.0.0.0.0.1-administrateur\_Personnel_Activite_EnCours_Liste_1\_Personnel_Activite_EnCours_Liste_1.xls'... 
08:24:05.011 DEBUG - TableExcelTransformer actionPerformed - Fin de l'écriture dans le fichier. 
08:24:14.995 DEBUG - TableDivTransformer createFileName ()--> Nom du fichier export = _Personnel_Activite_EnCours_Liste_1 
08:24:14.995 DEBUG - TableExcelTransformer actionPerformed - Ecriture dans le fichier 'C:\Osys\QuartisTools\Tomcat\webapps\Quartis-Web\.\work\_0.0.0.0.0.0.0.1-administrateur\_Personnel_Activite_EnCours_Liste_1\_Personnel_Activite_EnCours_Liste_1.xls'... 
08:24:14.995 DEBUG - TableExcelTransformer actionPerformed - Ecriture dans le fichier 'C:\Osys\QuartisTools\Tomcat\webapps\Quartis-Web\.\work\_0.0.0.0.0.0.0.1-administrateur\_Personnel_Activite_EnCours_Liste_1\_Personnel_Activite_EnCours_Liste_1.xls'... 
08:24:14.995 DEBUG - TableExcelTransformer actionPerformed - Fin de l'écriture dans le fichier. 
08:24:24.994 DEBUG - TableDivTransformer createFileName ()--> Nom du fichier export = _Personnel_Activite_EnCours_Liste_1 
08:24:24.994 DEBUG - TableExcelTransformer actionPerformed - Ecriture dans le fichier 'C:\Osys\QuartisTools\Tomcat\webapps\Quartis-Web\.\work\_0.0.0.0.0.0.0.1-administrateur\_Personnel_Activite_EnCours_Liste_1\_Personnel_Activite_EnCours_Liste_1.xls'... 
08:24:24.994 DEBUG - TableExcelTransformer actionPerformed - Ecriture dans le fichier 'C:\Osys\QuartisTools\Tomcat\webapps\Quartis-Web\.\work\_0.0.0.0.0.0.0.1-administrateur\_Personnel_Activite_EnCours_Liste_1\_Personnel_Activite_EnCours_Liste_1.xls'... 
08:24:24.994 DEBUG - TableExcelTransformer actionPerformed - Fin de l'écriture dans le fichier. 
08:24:35.009 DEBUG - TableDivTransformer createFileName ()--> Nom du fichier export = _Personnel_Activite_EnCours_Liste_1 
08:24:35.009 DEBUG - TableExcelTransformer actionPerformed - Ecriture dans le fichier 'C:\Osys\QuartisTools\Tomcat\webapps\Quartis-Web\.\work\_0.0.0.0.0.0.0.1-administrateur\_Personnel_Activite_EnCours_Liste_1\_Personnel_Activite_EnCours_Liste_1.xls'... 
08:24:35.009 DEBUG - TableExcelTransformer actionPerformed - Ecriture dans le fichier 'C:\Osys\QuartisTools\Tomcat\webapps\Quartis-Web\.\work\_0.0.0.0.0.0.0.1-administrateur\_Personnel_Activite_EnCours_Liste_1\_Personnel_Activite_EnCours_Liste_1.xls'... 
08:24:35.025 DEBUG - TableExcelTransformer actionPerformed - Fin de l'écriture dans le fichier. 
08:24:45.056 DEBUG - TableDivTransformer createFileName ()--> Nom du fichier export = _Personnel_Activite_EnCours_Liste_1 
08:24:45.056 DEBUG - TableExcelTransformer actionPerformed - Ecriture dans le fichier 'C:\Osys\QuartisTools\Tomcat\webapps\Quartis-Web\.\work\_0.0.0.0.0.0.0.1-administrateur\_Personnel_Activite_EnCours_Liste_1\_Personnel_Activite_EnCours_Liste_1.xls'... 
08:24:45.056 DEBUG - TableExcelTransformer actionPerformed - Ecriture dans le fichier 'C:\Osys\QuartisTools\Tomcat\webapps\Quartis-Web\.\work\_0.0.0.0.0.0.0.1-administrateur\_Personnel_Activite_EnCours_Liste_1\_Personnel_Activite_EnCours_Liste_1.xls'... 
08:24:45.072 DEBUG - TableExcelTransformer actionPerformed - Fin de l'écriture dans le fichier. 
08:24:55.024 DEBUG - TableDivTransformer createFileName ()--> Nom du fichier export = _Personnel_Activite_EnCours_Liste_1 
08:24:55.024 DEBUG - TableExcelTransformer actionPerformed - Ecriture dans le fichier 'C:\Osys\QuartisTools\Tomcat\webapps\Quartis-Web\.\work\_0.0.0.0.0.0.0.1-administrateur\_Personnel_Activite_EnCours_Liste_1\_Personnel_Activite_EnCours_Liste_1.xls'... 
08:24:55.024 DEBUG - TableExcelTransformer actionPerformed - Ecriture dans le fichier 'C:\Osys\QuartisTools\Tomcat\webapps\Quartis-Web\.\work\_0.0.0.0.0.0.0.1-administrateur\_Personnel_Activite_EnCours_Liste_1\_Personnel_Activite_EnCours_Liste_1.xls'... 
08:24:55.040 DEBUG - TableExcelTransformer actionPerformed - Fin de l'écriture dans le fichier. 
08:25:04.993 DEBUG - TableDivTransformer createFileName ()--> Nom du fichier export = _Personnel_Activite_EnCours_Liste_1 
08:25:04.993 DEBUG - TableExcelTransformer actionPerformed - Ecriture dans le fichier 'C:\Osys\QuartisTools\Tomcat\webapps\Quartis-Web\.\work\_0.0.0.0.0.0.0.1-administrateur\_Personnel_Activite_EnCours_Liste_1\_Personnel_Activite_EnCours_Liste_1.xls'... 
08:25:04.993 DEBUG - TableExcelTransformer actionPerformed - Ecriture dans le fichier 'C:\Osys\QuartisTools\Tomcat\webapps\Quartis-Web\.\work\_0.0.0.0.0.0.0.1-administrateur\_Personnel_Activite_EnCours_Liste_1\_Personnel_Activite_EnCours_Liste_1.xls'... 
08:25:05.008 DEBUG - TableExcelTransformer actionPerformed - Fin de l'écriture dans le fichier. 
08:25:15.008 DEBUG - TableDivTransformer createFileName ()--> Nom du fichier export = _Personnel_Activite_EnCours_Liste_1 
08:25:15.008 DEBUG - TableExcelTransformer actionPerformed - Ecriture dans le fichier 'C:\Osys\QuartisTools\Tomcat\webapps\Quartis-Web\.\work\_0.0.0.0.0.0.0.1-administrateur\_Personnel_Activite_EnCours_Liste_1\_Personnel_Activite_EnCours_Liste_1.xls'... 
08:25:15.008 DEBUG - TableExcelTransformer actionPerformed - Ecriture dans le fichier 'C:\Osys\QuartisTools\Tomcat\webapps\Quartis-Web\.\work\_0.0.0.0.0.0.0.1-administrateur\_Personnel_Activite_EnCours_Liste_1\_Personnel_Activite_EnCours_Liste_1.xls'... 
08:25:15.024 DEBUG - TableExcelTransformer actionPerformed - Fin de l'écriture dans le fichier. 
08:25:25.008 DEBUG - TableDivTransformer createFileName ()--> Nom du fichier export = _Personnel_Activite_EnCours_Liste_1 
08:25:25.008 DEBUG - TableExcelTransformer actionPerformed - Ecriture dans le fichier 'C:\Osys\QuartisTools\Tomcat\webapps\Quartis-Web\.\work\_0.0.0.0.0.0.0.1-administrateur\_Personnel_Activite_EnCours_Liste_1\_Personnel_Activite_EnCours_Liste_1.xls'... 
08:25:25.008 DEBUG - TableExcelTransformer actionPerformed - Ecriture dans le fichier 'C:\Osys\QuartisTools\Tomcat\webapps\Quartis-Web\.\work\_0.0.0.0.0.0.0.1-administrateur\_Personnel_Activite_EnCours_Liste_1\_Personnel_Activite_EnCours_Liste_1.xls'... 
08:25:25.023 DEBUG - TableExcelTransformer actionPerformed - Fin de l'écriture dans le fichier. 
08:25:34.992 DEBUG - TableDivTransformer createFileName ()--> Nom du fichier export = _Personnel_Activite_EnCours_Liste_1 
08:25:34.992 DEBUG - TableExcelTransformer actionPerformed - Ecriture dans le fichier 'C:\Osys\QuartisTools\Tomcat\webapps\Quartis-Web\.\work\_0.0.0.0.0.0.0.1-administrateur\_Personnel_Activite_EnCours_Liste_1\_Personnel_Activite_EnCours_Liste_1.xls'... 
08:25:34.992 DEBUG - TableExcelTransformer actionPerformed - Ecriture dans le fichier 'C:\Osys\QuartisTools\Tomcat\webapps\Quartis-Web\.\work\_0.0.0.0.0.0.0.1-administrateur\_Personnel_Activite_EnCours_Liste_1\_Personnel_Activite_EnCours_Liste_1.xls'... 
08:25:35.007 DEBUG - TableExcelTransformer actionPerformed - Fin de l'écriture dans le fichier. 
08:25:45.490 DEBUG - TableDivTransformer createFileName ()--> Nom du fichier export = _Personnel_Activite_EnCours_Liste_1 
08:25:45.490 DEBUG - TableExcelTransformer actionPerformed - Ecriture dans le fichier 'C:\Osys\QuartisTools\Tomcat\webapps\Quartis-Web\.\work\_0.0.0.0.0.0.0.1-administrateur\_Personnel_Activite_EnCours_Liste_1\_Personnel_Activite_EnCours_Liste_1.xls'... 
08:25:45.490 DEBUG - TableExcelTransformer actionPerformed - Ecriture dans le fichier 'C:\Osys\QuartisTools\Tomcat\webapps\Quartis-Web\.\work\_0.0.0.0.0.0.0.1-administrateur\_Personnel_Activite_EnCours_Liste_1\_Personnel_Activite_EnCours_Liste_1.xls'... 
08:25:45.506 DEBUG - TableExcelTransformer actionPerformed - Fin de l'écriture dans le fichier. 
08:25:55.443 DEBUG - TableDivTransformer createFileName ()--> Nom du fichier export = _Personnel_Activite_EnCours_Liste_1 
08:25:55.443 DEBUG - TableExcelTransformer actionPerformed - Ecriture dans le fichier 'C:\Osys\QuartisTools\Tomcat\webapps\Quartis-Web\.\work\_0.0.0.0.0.0.0.1-administrateur\_Personnel_Activite_EnCours_Liste_1\_Personnel_Activite_EnCours_Liste_1.xls'... 
08:25:55.443 DEBUG - TableExcelTransformer actionPerformed - Ecriture dans le fichier 'C:\Osys\QuartisTools\Tomcat\webapps\Quartis-Web\.\work\_0.0.0.0.0.0.0.1-administrateur\_Personnel_Activite_EnCours_Liste_1\_Personnel_Activite_EnCours_Liste_1.xls'... 
08:25:55.490 DEBUG - TableExcelTransformer actionPerformed - Fin de l'écriture dans le fichier. 
08:26:00.014 DEBUG - LoginManagedBean user.id = administrateur, connecté par login/mdp Osys 
08:26:00.529 ERROR - FiltreSession Erreur relevée par le filtre général : #{loginManagedBean.authenticate}: com.bodetosys.quartis.tomcat.exception.UserAlreadyConnectedException javax.servlet.ServletException: #{loginManagedBean.authenticate}: com.bodetosys.quartis.tomcat.exception.UserAlreadyConnectedException
	at javax.faces.webapp.FacesServlet.service(FacesServlet.java:256)
	at org.apache.catalina.core.ApplicationFilterChain.internalDoFilter(ApplicationFilterChain.java:290)
	at org.apache.catalina.core.ApplicationFilterChain.doFilter(ApplicationFilterChain.java:206)
	at net.bull.javamelody.MonitoringFilter.doFilter(MonitoringFilter.java:201)
	at net.bull.javamelody.MonitoringFilter.doFilter(MonitoringFilter.java:178)
	at org.apache.catalina.core.ApplicationFilterChain.internalDoFilter(ApplicationFilterChain.java:235)
	at org.apache.catalina.core.ApplicationFilterChain.doFilter(ApplicationFilterChain.java:206)
	at org.apache.logging.log4j.web.Log4jServletFilter.doFilter(Log4jServletFilter.java:71)
	at org.apache.catalina.core.ApplicationFilterChain.internalDoFilter(ApplicationFilterChain.java:235)
	at org.apache.catalina.core.ApplicationFilterChain.doFilter(ApplicationFilterChain.java:206)
	at quartisweb.servlet.EncodingFilter.doFilter(EncodingFilter.java:26)
	at org.apache.catalina.core.ApplicationFilterChain.internalDoFilter(ApplicationFilterChain.java:235)
	at org.apache.catalina.core.ApplicationFilterChain.doFilter(ApplicationFilterChain.java:206)
	at quartisweb.filter.FiltreSession.doFilter(FiltreSession.java:270)
	at org.apache.catalina.core.ApplicationFilterChain.internalDoFilter(ApplicationFilterChain.java:235)
	at org.apache.catalina.core.ApplicationFilterChain.doFilter(ApplicationFilterChain.java:206)
	at org.apache.catalina.core.StandardWrapperValve.invoke(StandardWrapperValve.java:233)
	at org.apache.catalina.core.StandardContextValve.invoke(StandardContextValve.java:191)
	at org.apache.catalina.core.StandardHostValve.invoke(StandardHostValve.java:127)
	at org.apache.catalina.valves.ErrorReportValve.invoke(ErrorReportValve.java:102)
	at org.apache.catalina.core.StandardEngineValve.invoke(StandardEngineValve.java:109)
	at org.apache.catalina.connector.CoyoteAdapter.service(CoyoteAdapter.java:298)
	at org.apache.coyote.http11.Http11NioProcessor.process(Http11NioProcessor.java:886)
	at org.apache.coyote.http11.Http11NioProtocol$Http11ConnectionHandler.process(Http11NioProtocol.java:721)
	at org.apache.tomcat.util.net.NioEndpoint$SocketProcessor.run(NioEndpoint.java:2256)
	at java.util.concurrent.ThreadPoolExecutor.runWorker(Unknown Source)
	at java.util.concurrent.ThreadPoolExecutor$Worker.run(Unknown Source)
	at java.lang.Thread.run(Unknown Source)
Caused by: javax.faces.FacesException: #{loginManagedBean.authenticate}: com.bodetosys.quartis.tomcat.exception.UserAlreadyConnectedException
	at com.sun.faces.application.ActionListenerImpl.processAction(ActionListenerImpl.java:107)
	at javax.faces.component.UICommand.broadcast(UICommand.java:383)
	at javax.faces.component.UIViewRoot.broadcastEvents(UIViewRoot.java:447)
	at javax.faces.component.UIViewRoot.processApplication(UIViewRoot.java:752)
	at com.sun.faces.lifecycle.InvokeApplicationPhase.execute(InvokeApplicationPhase.java:97)
	at com.sun.faces.lifecycle.LifecycleImpl.phase(LifecycleImpl.java:251)
	at com.sun.faces.lifecycle.LifecycleImpl.execute(LifecycleImpl.java:117)
	at javax.faces.webapp.FacesServlet.service(FacesServlet.java:244)
	... 27 more
Caused by: javax.faces.el.EvaluationException: com.bodetosys.quartis.tomcat.exception.UserAlreadyConnectedException
	at javax.faces.component.MethodBindingMethodExpressionAdapter.invoke(MethodBindingMethodExpressionAdapter.java:91)
	at com.sun.faces.application.ActionListenerImpl.processAction(ActionListenerImpl.java:91)
	... 34 more
Caused by: com.bodetosys.quartis.tomcat.exception.UserAlreadyConnectedException
	at com.bodetosys.quartis.tomcat.quartisweb.UserConnectSingleton.connect(UserConnectSingleton.java:249)
	at quartisweb.jsf.managedBean.ConnexionManagedBean.connexion(ConnexionManagedBean.java:332)
	at quartisweb.jsf.managedBean.LoginManagedBean.authenticate(LoginManagedBean.java:121)
	at sun.reflect.NativeMethodAccessorImpl.invoke0(Native Method)
	at sun.reflect.NativeMethodAccessorImpl.invoke(Unknown Source)
	at sun.reflect.DelegatingMethodAccessorImpl.invoke(Unknown Source)
	at java.lang.reflect.Method.invoke(Unknown Source)
	at org.apache.el.parser.AstValue.invoke(AstValue.java:191)
	at org.apache.el.MethodExpressionImpl.invoke(MethodExpressionImpl.java:276)
	at org.apache.jasper.el.JspMethodExpression.invoke(JspMethodExpression.java:68)
	at javax.faces.component.MethodBindingMethodExpressionAdapter.invoke(MethodBindingMethodExpressionAdapter.java:77)
	... 35 more

08:26:05.396 DEBUG - TableDivTransformer createFileName ()--> Nom du fichier export = _Personnel_Activite_EnCours_Liste_1 
08:26:05.396 DEBUG - TableExcelTransformer actionPerformed - Ecriture dans le fichier 'C:\Osys\QuartisTools\Tomcat\webapps\Quartis-Web\.\work\_0.0.0.0.0.0.0.1-administrateur\_Personnel_Activite_EnCours_Liste_1\_Personnel_Activite_EnCours_Liste_1.xls'... 
08:26:05.396 DEBUG - TableExcelTransformer actionPerformed - Ecriture dans le fichier 'C:\Osys\QuartisTools\Tomcat\webapps\Quartis-Web\.\work\_0.0.0.0.0.0.0.1-administrateur\_Personnel_Activite_EnCours_Liste_1\_Personnel_Activite_EnCours_Liste_1.xls'... 
08:26:05.412 DEBUG - TableExcelTransformer actionPerformed - Fin de l'écriture dans le fichier. 
08:26:15.380 DEBUG - TableDivTransformer createFileName ()--> Nom du fichier export = _Personnel_Activite_EnCours_Liste_1 
08:26:15.380 DEBUG - TableExcelTransformer actionPerformed - Ecriture dans le fichier 'C:\Osys\QuartisTools\Tomcat\webapps\Quartis-Web\.\work\_0.0.0.0.0.0.0.1-administrateur\_Personnel_Activite_EnCours_Liste_1\_Personnel_Activite_EnCours_Liste_1.xls'... 
08:26:15.380 DEBUG - TableExcelTransformer actionPerformed - Ecriture dans le fichier 'C:\Osys\QuartisTools\Tomcat\webapps\Quartis-Web\.\work\_0.0.0.0.0.0.0.1-administrateur\_Personnel_Activite_EnCours_Liste_1\_Personnel_Activite_EnCours_Liste_1.xls'... 
08:26:15.396 DEBUG - TableExcelTransformer actionPerformed - Fin de l'écriture dans le fichier. 
08:26:16.831 DEBUG - DisconnectDispatcher Déconnexion demandée pour : administrateur, session ID : #1CEEC5D4F2B5A98F6BA474058E65BCF5 
08:27:44.222 DEBUG - LoginManagedBean user.id = administrateur, connecté par login/mdp Osys 
08:27:44.347 DEBUG - QTConnector connect - Connecting... 
08:27:44.347 DEBUG - QTConnector connect - Connected. 
08:27:44.347 DEBUG - QTConnector executeQuery - Sending 'USER @ID0 [] serveur_web SERVEUR-WEB'... 
08:27:44.363 DEBUG - QTConnector executeQuery - Sent. 
08:27:44.363 DEBUG - QTConnector executeQuery - Reading response... 
08:27:44.363 DEBUG - QTConnector readResponse - starting to listen... 
08:27:44.363 DEBUG - QTConnector readResponse - read trame : ACK 263172 
08:27:44.363 DEBUG - QTConnector executeQuery - Read: 'ACK 263172'. 
08:27:44.363 DEBUG - QTInternalCommunicator send_IdentifyOsysConsoleWeb - QTools returned : 263172 
08:27:44.363 DEBUG - QTConnector executeQuery - Sending 'LST_USER_CONNECT'... 
08:27:44.363 DEBUG - QTConnector executeQuery - Sent. 
08:27:44.363 DEBUG - QTConnector executeQuery - Reading response... 
08:27:44.363 DEBUG - QTConnector readResponse - starting to listen... 
08:27:44.363 DEBUG - QTConnector readResponse - read trame : <lstuserconnect max="3" connect="3" />\x0a 
08:27:44.363 DEBUG - QTConnector executeQuery - Read: '<lstuserconnect max="3" connect="3" />\x0a'. 
08:27:44.363 DEBUG - QTConnector disconnect - Déconnexion... 
08:27:44.363 DEBUG - QTConnector disconnect - Déconnecté. 
08:27:44.378 DEBUG - QuartisToolsServiceImpl createOrUpdateUser - username : 'administrateur', groupName : 'Administrateurs'... 
08:27:44.378 DEBUG - QTConnector connect - Connecting... 
08:27:44.394 DEBUG - QTConnector connect - Connected. 
08:27:44.394 DEBUG - QTConnector executeQuery - Sending 'USER @ID0 [] serveur_web SERVEUR-WEB'... 
08:27:44.394 DEBUG - QTConnector executeQuery - Sent. 
08:27:44.394 DEBUG - QTConnector executeQuery - Reading response... 
08:27:44.394 DEBUG - QTConnector readResponse - starting to listen... 
08:27:44.394 DEBUG - QTConnector readResponse - read trame : ACK 263172 
08:27:44.394 DEBUG - QTConnector executeQuery - Read: 'ACK 263172'. 
08:27:44.394 DEBUG - QTSrvCommunicator send_IdentifyOsysConsoleWeb - QTools returned : 263172 
08:27:44.394 DEBUG - QTSrvCommunicator send_CreateUserQuartisTools - message =  USR USER OBJ ADD [administrateur] [Administrateurs]
 {
 PASSWORD []
 }
 
08:27:44.394 DEBUG - QTConnector executeQuery - Sending ' USR USER OBJ ADD [administrateur] [Administrateurs]
 {
 PASSWORD []
 }
'... 
08:27:44.394 DEBUG - QTConnector executeQuery - Sent. 
08:27:44.394 DEBUG - QTConnector executeQuery - Reading response... 
08:27:44.394 DEBUG - QTConnector readResponse - starting to listen... 
08:27:44.394 DEBUG - QTConnector readResponse - read trame : ACK -10 
08:27:44.394 DEBUG - QTConnector executeQuery - Read: 'ACK -10'. 
08:27:44.394 DEBUG - QTSrvCommunicator send_CreateUserQuartisTools - QTools returned : -10 
08:27:44.394 DEBUG - QTSrvCommunicator send_UpdateUserQuartisTools - message :  USR USER OBJ SET [administrateur] [Administrateurs]
 {
 PASSWORD []
 }
 
08:27:44.394 DEBUG - QTConnector executeQuery - Sending ' USR USER OBJ SET [administrateur] [Administrateurs]
 {
 PASSWORD []
 }
'... 
08:27:44.394 DEBUG - QTConnector executeQuery - Sent. 
08:27:44.394 DEBUG - QTConnector executeQuery - Reading response... 
08:27:44.394 DEBUG - QTConnector readResponse - starting to listen... 
08:27:44.394 DEBUG - QTConnector readResponse - read trame : ACK 0 
08:27:44.394 DEBUG - QTConnector executeQuery - Read: 'ACK 0'. 
08:27:44.394 DEBUG - QTSrvCommunicator send_UpdateUserQuartisTools - QTools returned : 0 
08:27:44.394 DEBUG - QTConnector disconnect - Déconnexion... 
08:27:44.394 DEBUG - QTConnector disconnect - Déconnecté. 
08:27:44.394  INFO - QuartisToolsServiceImpl Mise à jour du user QuartisTools 'administrateur' dans le groupe 'Administrateurs' réussie. 
08:28:12.692 DEBUG - DisconnectDispatcher Déconnexion demandée pour : administrateur, session ID : #971B027507281E7B656B0BB12668486B 
09:28:41.883 DEBUG - AuthManagedBean autoconnect - Tentative de connexion SSO... 
09:28:41.883 DEBUG - ConnexionManagedBean User renseigné par filtre SSO LDAP : null 
09:28:41.883 DEBUG - ConnexionManagedBean ldapActive = false 
09:28:41.883 DEBUG - AuthManagedBean autoconnect - Echec de la connexion par SSO. 
09:28:47.938 DEBUG - LoginManagedBean user.id = administrateur, connecté par login/mdp Osys 
09:28:48.391 DEBUG - QTConnector connect - Connecting... 
09:28:48.391 DEBUG - QTConnector connect - Connected. 
09:28:48.391 DEBUG - QTConnector executeQuery - Sending 'USER @ID0 [] serveur_web SERVEUR-WEB'... 
09:28:48.391 DEBUG - QTConnector executeQuery - Sent. 
09:28:48.391 DEBUG - QTConnector executeQuery - Reading response... 
09:28:48.391 DEBUG - QTConnector readResponse - starting to listen... 
09:28:48.391 DEBUG - QTConnector readResponse - read trame : ACK 263172 
09:28:48.406 DEBUG - QTConnector executeQuery - Read: 'ACK 263172'. 
09:28:48.406 DEBUG - QTInternalCommunicator send_IdentifyOsysConsoleWeb - QTools returned : 263172 
09:28:48.406 DEBUG - QTConnector executeQuery - Sending 'LST_USER_CONNECT'... 
09:28:48.406 DEBUG - QTConnector executeQuery - Sent. 
09:28:48.406 DEBUG - QTConnector executeQuery - Reading response... 
09:28:48.406 DEBUG - QTConnector readResponse - starting to listen... 
09:28:48.406 DEBUG - QTConnector readResponse - read trame : <lstuserconnect max="3" connect="3" />\x0a 
09:28:48.406 DEBUG - QTConnector executeQuery - Read: '<lstuserconnect max="3" connect="3" />\x0a'. 
09:28:48.406 DEBUG - QTConnector disconnect - Déconnexion... 
09:28:48.406 DEBUG - QTConnector disconnect - Déconnecté. 
09:28:48.422 DEBUG - QuartisToolsServiceImpl createOrUpdateUser - username : 'administrateur', groupName : 'Administrateurs'... 
09:28:48.422 DEBUG - QTConnector connect - Connecting... 
09:28:48.422 DEBUG - QTConnector connect - Connected. 
09:28:48.422 DEBUG - QTConnector executeQuery - Sending 'USER @ID0 [] serveur_web SERVEUR-WEB'... 
09:28:48.422 DEBUG - QTConnector executeQuery - Sent. 
09:28:48.422 DEBUG - QTConnector executeQuery - Reading response... 
09:28:48.422 DEBUG - QTConnector readResponse - starting to listen... 
09:28:48.437 DEBUG - QTConnector readResponse - read trame : ACK 263172 
09:28:48.437 DEBUG - QTConnector executeQuery - Read: 'ACK 263172'. 
09:28:48.437 DEBUG - QTSrvCommunicator send_IdentifyOsysConsoleWeb - QTools returned : 263172 
09:28:48.437 DEBUG - QTSrvCommunicator send_CreateUserQuartisTools - message =  USR USER OBJ ADD [administrateur] [Administrateurs]
 {
 PASSWORD []
 }
 
09:28:48.437 DEBUG - QTConnector executeQuery - Sending ' USR USER OBJ ADD [administrateur] [Administrateurs]
 {
 PASSWORD []
 }
'... 
09:28:48.437 DEBUG - QTConnector executeQuery - Sent. 
09:28:48.437 DEBUG - QTConnector executeQuery - Reading response... 
09:28:48.437 DEBUG - QTConnector readResponse - starting to listen... 
09:28:48.437 DEBUG - QTConnector readResponse - read trame : ACK -10 
09:28:48.437 DEBUG - QTConnector executeQuery - Read: 'ACK -10'. 
09:28:48.437 DEBUG - QTSrvCommunicator send_CreateUserQuartisTools - QTools returned : -10 
09:28:48.437 DEBUG - QTSrvCommunicator send_UpdateUserQuartisTools - message :  USR USER OBJ SET [administrateur] [Administrateurs]
 {
 PASSWORD []
 }
 
09:28:48.437 DEBUG - QTConnector executeQuery - Sending ' USR USER OBJ SET [administrateur] [Administrateurs]
 {
 PASSWORD []
 }
'... 
09:28:48.437 DEBUG - QTConnector executeQuery - Sent. 
09:28:48.437 DEBUG - QTConnector executeQuery - Reading response... 
09:28:48.437 DEBUG - QTConnector readResponse - starting to listen... 
09:28:48.469 DEBUG - QTConnector readResponse - read trame : ACK 0 
09:28:48.469 DEBUG - QTConnector executeQuery - Read: 'ACK 0'. 
09:28:48.469 DEBUG - QTSrvCommunicator send_UpdateUserQuartisTools - QTools returned : 0 
09:28:48.469 DEBUG - QTConnector disconnect - Déconnexion... 
09:28:48.469 DEBUG - QTConnector disconnect - Déconnecté. 
09:28:48.469  INFO - QuartisToolsServiceImpl Mise à jour du user QuartisTools 'administrateur' dans le groupe 'Administrateurs' réussie. 
09:28:58.421 DEBUG - TableDivTransformer createFileName ()--> Nom du fichier export = _Personnel_Activite_EnCours_Liste_1 
09:28:58.421 DEBUG - TableDivTransformer createFileName ()--> Nom du fichier export = _Personnel_Activite_EnCours_Liste_1 
09:28:58.421 DEBUG - TableExcelTransformer actionPerformed - Ecriture dans le fichier 'C:\Osys\QuartisTools\Tomcat\webapps\Quartis-Web\.\work\_0.0.0.0.0.0.0.1-administrateur\_Personnel_Activite_EnCours_Liste_1\_Personnel_Activite_EnCours_Liste_1.xls'... 
09:28:58.421 DEBUG - TableExcelTransformer actionPerformed - Ecriture dans le fichier 'C:\Osys\QuartisTools\Tomcat\webapps\Quartis-Web\.\work\_0.0.0.0.0.0.0.1-administrateur\_Personnel_Activite_EnCours_Liste_1\_Personnel_Activite_EnCours_Liste_1.xls'... 
09:28:58.421 DEBUG - TableExcelTransformer actionPerformed - Ecriture dans le fichier 'C:\Osys\QuartisTools\Tomcat\webapps\Quartis-Web\.\work\_0.0.0.0.0.0.0.1-administrateur\_Personnel_Activite_EnCours_Liste_1\_Personnel_Activite_EnCours_Liste_1.xls'... 
09:28:58.421 DEBUG - TableExcelTransformer actionPerformed - Ecriture dans le fichier 'C:\Osys\QuartisTools\Tomcat\webapps\Quartis-Web\.\work\_0.0.0.0.0.0.0.1-administrateur\_Personnel_Activite_EnCours_Liste_1\_Personnel_Activite_EnCours_Liste_1.xls'... 
09:28:58.453 DEBUG - TableExcelTransformer actionPerformed - Fin de l'écriture dans le fichier. 
09:28:58.453 DEBUG - TableExcelTransformer actionPerformed - Fin de l'écriture dans le fichier. 
09:29:04.127 DEBUG - TableDivTransformer createFileName ()--> Nom du fichier export = _Personnel_Activite_EnCours_Liste_1 
09:29:04.127 DEBUG - TableExcelTransformer actionPerformed - Ecriture dans le fichier 'C:\Osys\QuartisTools\Tomcat\webapps\Quartis-Web\.\work\_0.0.0.0.0.0.0.1-administrateur\_Personnel_Activite_EnCours_Liste_1\_Personnel_Activite_EnCours_Liste_1.xls'... 
09:29:04.127 DEBUG - TableExcelTransformer actionPerformed - Ecriture dans le fichier 'C:\Osys\QuartisTools\Tomcat\webapps\Quartis-Web\.\work\_0.0.0.0.0.0.0.1-administrateur\_Personnel_Activite_EnCours_Liste_1\_Personnel_Activite_EnCours_Liste_1.xls'... 
09:29:04.143 DEBUG - TableExcelTransformer actionPerformed - Fin de l'écriture dans le fichier. 
09:29:04.205 DEBUG - TableDivTransformer createFileName ()--> Nom du fichier export = _Personnel_Activite_EnCours_Liste_1 
09:29:04.205 DEBUG - TableExcelTransformer actionPerformed - Ecriture dans le fichier 'C:\Osys\QuartisTools\Tomcat\webapps\Quartis-Web\.\work\_0.0.0.0.0.0.0.1-administrateur\_Personnel_Activite_EnCours_Liste_1\_Personnel_Activite_EnCours_Liste_1.xls'... 
09:29:04.205 DEBUG - TableExcelTransformer actionPerformed - Ecriture dans le fichier 'C:\Osys\QuartisTools\Tomcat\webapps\Quartis-Web\.\work\_0.0.0.0.0.0.0.1-administrateur\_Personnel_Activite_EnCours_Liste_1\_Personnel_Activite_EnCours_Liste_1.xls'... 
09:29:04.205 DEBUG - TableExcelTransformer actionPerformed - Fin de l'écriture dans le fichier. 
09:29:14.143 DEBUG - TableDivTransformer createFileName ()--> Nom du fichier export = _Personnel_Activite_EnCours_Liste_1 
09:29:14.143 DEBUG - TableExcelTransformer actionPerformed - Ecriture dans le fichier 'C:\Osys\QuartisTools\Tomcat\webapps\Quartis-Web\.\work\_0.0.0.0.0.0.0.1-administrateur\_Personnel_Activite_EnCours_Liste_1\_Personnel_Activite_EnCours_Liste_1.xls'... 
09:29:14.143 DEBUG - TableExcelTransformer actionPerformed - Ecriture dans le fichier 'C:\Osys\QuartisTools\Tomcat\webapps\Quartis-Web\.\work\_0.0.0.0.0.0.0.1-administrateur\_Personnel_Activite_EnCours_Liste_1\_Personnel_Activite_EnCours_Liste_1.xls'... 
09:29:14.158 DEBUG - TableExcelTransformer actionPerformed - Fin de l'écriture dans le fichier. 
09:29:17.400 DEBUG - GSqlQueryGeneratorSqlServer --->table =PERSONNEL query =set rowcount 3000  SELECT MATR_SITE  , MATR  , CODE_BADG  , FLAG_INTE  , NOM  , PREN  , ADRE_TELE  , ADRE_MAIL  , FLAG_BADG_BLOQ  , NOMB_ACTI_MAXI  , FLAG_SUIV_POIN  , KELI_KEY  , FLAG_GEST_PLAN  , FLAG_KELI_IMPO  , LIEN_IMAG  , CODE_HORA_1  , CODE_SERV  , CODE_EQUI_DEFA  , CODE_ATEL  , CODE_ATEL_DEFA  , CODE_SECT_GEOG  , CODE_SECT_GEOG_DEFA  , CODE_ETAT_PERS_DEFA  , CONVERT(NVARCHAR, DATEADD(SECOND, DELT_HEUR_UTC,DATE_DERN_POIN), 103) +' '+CONVERT(NVARCHAR, DATEADD(SECOND, DELT_HEUR_UTC,DATE_DERN_POIN), 108) AS DATE_DERN_POIN  , CODE_SITE  , DELT_HEUR_UTC  , CONVERT(NVARCHAR, DATEADD(SECOND, DELT_HEUR_UTC,DATE_EXPO_DIMO), 103) +' '+CONVERT(NVARCHAR, DATEADD(SECOND, DELT_HEUR_UTC,DATE_EXPO_DIMO), 108) AS DATE_EXPO_DIMO  , FLAG_HABI_MACH  , FLAG_SUPP FROM PERSONNEL  WHERE ( CODE_SITE = 'FAB')  ORDER BY MATR_SITE ASC  
09:31:23.211 DEBUG - GSqlQueryGeneratorSqlServer --->table =PERSONNEL query =set rowcount 3000  SELECT MATR_SITE  , MATR  , CODE_BADG  , FLAG_INTE  , NOM  , PREN  , ADRE_TELE  , ADRE_MAIL  , FLAG_BADG_BLOQ  , NOMB_ACTI_MAXI  , FLAG_SUIV_POIN  , KELI_KEY  , FLAG_GEST_PLAN  , FLAG_KELI_IMPO  , LIEN_IMAG  , CODE_HORA_1  , CODE_SERV  , CODE_EQUI_DEFA  , CODE_ATEL  , CODE_ATEL_DEFA  , CODE_SECT_GEOG  , CODE_SECT_GEOG_DEFA  , CODE_ETAT_PERS_DEFA  , CONVERT(NVARCHAR, DATEADD(SECOND, DELT_HEUR_UTC,DATE_DERN_POIN), 103) +' '+CONVERT(NVARCHAR, DATEADD(SECOND, DELT_HEUR_UTC,DATE_DERN_POIN), 108) AS DATE_DERN_POIN  , CODE_SITE  , DELT_HEUR_UTC  , CONVERT(NVARCHAR, DATEADD(SECOND, DELT_HEUR_UTC,DATE_EXPO_DIMO), 103) +' '+CONVERT(NVARCHAR, DATEADD(SECOND, DELT_HEUR_UTC,DATE_EXPO_DIMO), 108) AS DATE_EXPO_DIMO  , FLAG_HABI_MACH  , FLAG_SUPP FROM PERSONNEL  WHERE ( CODE_SITE = 'FAB')  AND ( FLAG_BADG_BLOQ LIKE  '%'  OR FLAG_BADG_BLOQ IS NULL  )  ORDER BY MATR_SITE ASC  
09:31:52.799 DEBUG - GSqlQueryGeneratorSqlServer --->table =PERSONNEL query =set rowcount 3000  SELECT MATR_SITE  , MATR  , CODE_BADG  , FLAG_INTE  , NOM  , PREN  , ADRE_TELE  , ADRE_MAIL  , FLAG_BADG_BLOQ  , NOMB_ACTI_MAXI  , FLAG_SUIV_POIN  , KELI_KEY  , FLAG_GEST_PLAN  , FLAG_KELI_IMPO  , LIEN_IMAG  , CODE_HORA_1  , CODE_SERV  , CODE_EQUI_DEFA  , CODE_ATEL  , CODE_ATEL_DEFA  , CODE_SECT_GEOG  , CODE_SECT_GEOG_DEFA  , CODE_ETAT_PERS_DEFA  , CONVERT(NVARCHAR, DATEADD(SECOND, DELT_HEUR_UTC,DATE_DERN_POIN), 103) +' '+CONVERT(NVARCHAR, DATEADD(SECOND, DELT_HEUR_UTC,DATE_DERN_POIN), 108) AS DATE_DERN_POIN  , CODE_SITE  , DELT_HEUR_UTC  , CONVERT(NVARCHAR, DATEADD(SECOND, DELT_HEUR_UTC,DATE_EXPO_DIMO), 103) +' '+CONVERT(NVARCHAR, DATEADD(SECOND, DELT_HEUR_UTC,DATE_EXPO_DIMO), 108) AS DATE_EXPO_DIMO  , FLAG_HABI_MACH  , FLAG_SUPP FROM PERSONNEL  WHERE ( CODE_SITE = 'FAB')  AND ( FLAG_BADG_BLOQ LIKE  '%'  OR FLAG_BADG_BLOQ IS NULL  )  ORDER BY MATR_SITE ASC  
09:53:43.546 DEBUG - DisconnectDispatcher Déconnexion demandée pour : administrateur, session ID : #0D9902AAC3AD0792F8A9EB38E53AF9A8 
