09:14:38.424 DEBUG - FiltreSession doFilter - UCS indique que l'utilisateur n'est pas connecté 
09:14:38.454 DEBUG - FiltreSession Requête pour page non login (http://localhost:8383/Quartis-Web/xxx.cas?action=deconnexion&userID=administrateur) mais pas de user en session. 
17:57:29.917 DEBUG - FiltreSession doFilter - UCS indique que l'utilisateur n'est pas connecté 
17:57:29.917 DEBUG - FiltreSession Requête pour page non login (http://localhost:8383/Quartis-Web/moduleChange.ajx?moduleID=OPTIMA_Standard&userID=administrateur) mais pas de user en session. 
17:57:29.923 DEBUG - FiltreSession doFilter - UCS indique que l'utilisateur n'est pas connecté 
17:57:29.959 DEBUG - FiltreSession doFilter - UCS indique que l'utilisateur n'est pas connecté 
17:57:29.959 DEBUG - FiltreSession Requête pour page non login (http://localhost:8383/Quartis-Web/xxx.cas?action=deconnexion&userID=administrateur) mais pas de user en session. 
17:57:29.961 DEBUG - FiltreSession doFilter - UCS indique que l'utilisateur n'est pas connecté 
17:57:29.988 DEBUG - FiltreSession doFilter - UCS indique que l'utilisateur n'est pas connecté 
17:57:32.133 DEBUG - FiltreSession doFilter - UCS indique que l'utilisateur n'est pas connecté 
17:57:32.138 DEBUG - LoginManagedBean user.id = administrateur, connecté par login/mdp Osys 
17:57:37.195 DEBUG - TableDivTransformer createFileName ()--> Nom du fichier export = _Standard_System_Event_List 
17:57:37.196 DEBUG - TableDivTransformer createFileName ()--> Nom du fichier export = _Standard_System_Event_List 
17:57:37.196 DEBUG - TableExcelTransformer actionPerformed - Ecriture dans le fichier 'C:\Osys\QuartisTools\Tomcat\webapps\Quartis-Web\.\work\_0.0.0.0.0.0.0.1-administrateur\_Standard_System_Event_List\_Standard_System_Event_List.xls'... 
17:57:37.196 DEBUG - TableExcelTransformer actionPerformed - Ecriture dans le fichier 'C:\Osys\QuartisTools\Tomcat\webapps\Quartis-Web\.\work\_0.0.0.0.0.0.0.1-administrateur\_Standard_System_Event_List\_Standard_System_Event_List.xls'... 
17:57:37.196 DEBUG - TableExcelTransformer actionPerformed - Ecriture dans le fichier 'C:\Osys\QuartisTools\Tomcat\webapps\Quartis-Web\.\work\_0.0.0.0.0.0.0.1-administrateur\_Standard_System_Event_List\_Standard_System_Event_List.xls'... 
17:57:37.196 DEBUG - TableExcelTransformer actionPerformed - Ecriture dans le fichier 'C:\Osys\QuartisTools\Tomcat\webapps\Quartis-Web\.\work\_0.0.0.0.0.0.0.1-administrateur\_Standard_System_Event_List\_Standard_System_Event_List.xls'... 
17:57:37.237 DEBUG - TableExcelTransformer actionPerformed - Fin de l'écriture dans le fichier. 
17:57:37.237 DEBUG - TableExcelTransformer actionPerformed - Fin de l'écriture dans le fichier. 
17:57:47.689 DEBUG - TableDivTransformer createFileName ()--> Nom du fichier export = _Standard_System_Event_List 
17:57:47.689 DEBUG - TableExcelTransformer actionPerformed - Ecriture dans le fichier 'C:\Osys\QuartisTools\Tomcat\webapps\Quartis-Web\.\work\_0.0.0.0.0.0.0.1-administrateur\_Standard_System_Event_List\_Standard_System_Event_List.xls'... 
17:57:47.689 DEBUG - TableExcelTransformer actionPerformed - Ecriture dans le fichier 'C:\Osys\QuartisTools\Tomcat\webapps\Quartis-Web\.\work\_0.0.0.0.0.0.0.1-administrateur\_Standard_System_Event_List\_Standard_System_Event_List.xls'... 
17:57:47.723 DEBUG - TableExcelTransformer actionPerformed - Fin de l'écriture dans le fichier. 
17:57:55.006 DEBUG - GSqlQueryGeneratorSqlServer --->table =CONSTANTES_APPLICATION query =set rowcount 3000  SELECT CODE_CONS  , dbo.OPTIMA_TRADUCTION(DESI_CONS,'fr') +'@KEYLANG_'+DESI_CONS AS DESI_CONS  , VALE_CONS  FROM CONSTANTES_APPLICATION  ORDER BY CODE_CONS ASC  
17:58:01.487 DEBUG - GSqlQueryGeneratorSqlServer --->table =CONSTANTES_APPLICATION query =set rowcount 3000  SELECT CODE_CONS  , dbo.OPTIMA_TRADUCTION(DESI_CONS,'fr') +'@KEYLANG_'+DESI_CONS AS DESI_CONS  , VALE_CONS  FROM CONSTANTES_APPLICATION  WHERE ( CODE_CONS LIKE  'RepTravail'  )  ORDER BY CODE_CONS ASC  
18:00:13.764 DEBUG - GSqlQueryGeneratorSqlServer --->table =CONSTANTES_APPLICATION query =set rowcount 3000  SELECT CODE_CONS  , dbo.OPTIMA_TRADUCTION(DESI_CONS,'fr') +'@KEYLANG_'+DESI_CONS AS DESI_CONS  , VALE_CONS  FROM CONSTANTES_APPLICATION  WHERE ( CODE_CONS LIKE  'RepTravail'  )  ORDER BY CODE_CONS ASC  
18:00:19.267 DEBUG - GSqlQueryGeneratorSqlServer --->table =CONSTANTES_APPLICATION query =set rowcount 3000  SELECT CODE_CONS  , dbo.OPTIMA_TRADUCTION(DESI_CONS,'fr') +'@KEYLANG_'+DESI_CONS AS DESI_CONS  , VALE_CONS  FROM CONSTANTES_APPLICATION  WHERE ( CODE_CONS LIKE  'RepImportPersonnel'  )  ORDER BY CODE_CONS ASC  
18:12:25.165 DEBUG - GSqlQueryGeneratorSqlServer --->table =CONSTANTES_APPLICATION query =set rowcount 3000  SELECT CODE_CONS  , dbo.OPTIMA_TRADUCTION(DESI_CONS,'fr') +'@KEYLANG_'+DESI_CONS AS DESI_CONS  , VALE_CONS  FROM CONSTANTES_APPLICATION  WHERE ( CODE_CONS LIKE  'RepImportPersonnel'  )  ORDER BY CODE_CONS ASC  
18:12:44.687 DEBUG - GSqlQueryGeneratorSqlServer --->table =CONSTANTES_APPLICATION query =set rowcount 3000  SELECT CODE_CONS  , dbo.OPTIMA_TRADUCTION(DESI_CONS,'fr') +'@KEYLANG_'+DESI_CONS AS DESI_CONS  , VALE_CONS  FROM CONSTANTES_APPLICATION  WHERE ( CODE_CONS LIKE  'RepImport'  )  ORDER BY CODE_CONS ASC  
18:15:02.499 DEBUG - GSqlQueryGeneratorSqlServer --->table =CONSTANTES_APPLICATION query =set rowcount 3000  SELECT CODE_CONS  , dbo.OPTIMA_TRADUCTION(DESI_CONS,'fr') +'@KEYLANG_'+DESI_CONS AS DESI_CONS  , VALE_CONS  FROM CONSTANTES_APPLICATION  WHERE ( CODE_CONS LIKE  'RepImport'  )  ORDER BY CODE_CONS ASC  
18:15:43.307 DEBUG - GSqlQueryGeneratorSqlServer --->table =CONSTANTES_APPLICATION query =set rowcount 3000  SELECT CODE_CONS  , dbo.OPTIMA_TRADUCTION(DESI_CONS,'fr') +'@KEYLANG_'+DESI_CONS AS DESI_CONS  , VALE_CONS  FROM CONSTANTES_APPLICATION  WHERE ( CODE_CONS LIKE  'Archivage'  )  ORDER BY CODE_CONS ASC  
18:16:58.396 DEBUG - GSqlQueryGeneratorSqlServer --->table =CONSTANTES_APPLICATION query =set rowcount 3000  SELECT CODE_CONS  , dbo.OPTIMA_TRADUCTION(DESI_CONS,'fr') +'@KEYLANG_'+DESI_CONS AS DESI_CONS  , VALE_CONS  FROM CONSTANTES_APPLICATION  WHERE ( CODE_CONS LIKE  'Archivage'  )  ORDER BY CODE_CONS ASC  
18:24:09.737 DEBUG - GSqlQueryGeneratorSqlServer --->table =CONSTANTES_APPLICATION query =set rowcount 3000  SELECT CODE_CONS  , dbo.OPTIMA_TRADUCTION(DESI_CONS,'fr') +'@KEYLANG_'+DESI_CONS AS DESI_CONS  , VALE_CONS  FROM CONSTANTES_APPLICATION  WHERE ( CODE_CONS LIKE  'RepImport'  )  ORDER BY CODE_CONS ASC  
18:29:00.987 DEBUG - TableDivTransformer createFileName ()--> Nom du fichier export = _Standard_System_Event_List 
18:29:00.987 DEBUG - TableExcelTransformer actionPerformed - Ecriture dans le fichier 'C:\Osys\QuartisTools\Tomcat\webapps\Quartis-Web\.\work\_0.0.0.0.0.0.0.1-administrateur\_Standard_System_Event_List\_Standard_System_Event_List.xls'... 
18:29:00.987 DEBUG - TableExcelTransformer actionPerformed - Ecriture dans le fichier 'C:\Osys\QuartisTools\Tomcat\webapps\Quartis-Web\.\work\_0.0.0.0.0.0.0.1-administrateur\_Standard_System_Event_List\_Standard_System_Event_List.xls'... 
18:29:01.007 DEBUG - TableDivTransformer createFileName ()--> Nom du fichier export = _Standard_System_Event_List 
18:29:01.008 DEBUG - TableExcelTransformer actionPerformed - Ecriture dans le fichier 'C:\Osys\QuartisTools\Tomcat\webapps\Quartis-Web\.\work\_0.0.0.0.0.0.0.1-administrateur\_Standard_System_Event_List\_Standard_System_Event_List.xls'... 
18:29:01.008 DEBUG - TableExcelTransformer actionPerformed - Ecriture dans le fichier 'C:\Osys\QuartisTools\Tomcat\webapps\Quartis-Web\.\work\_0.0.0.0.0.0.0.1-administrateur\_Standard_System_Event_List\_Standard_System_Event_List.xls'... 
18:29:01.022 DEBUG - TableExcelTransformer actionPerformed - Fin de l'écriture dans le fichier. 
18:29:01.048 DEBUG - TableExcelTransformer actionPerformed - Fin de l'écriture dans le fichier. 
18:29:45.264 DEBUG - GSqlQueryGeneratorSqlServer --->table =SCENARIO query =set rowcount 3000  SELECT CODE_SCEN  , dbo.OPTIMA_TRADUCTION(DESI_SCEN,'fr') +'@KEYLANG_'+DESI_SCEN AS DESI_SCEN  , dbo.OPTIMA_TRADUCTION(DESC_SCEN,'fr') +'@KEYLANG_'+DESC_SCEN AS DESC_SCEN  , NOM_SCEN  , FLAG_HABI_ACTI  , CODE_DECL  , dbo.OPTIMA_TRADUCTION(DESI_SCEN_COUR,'fr') +'@KEYLANG_'+DESI_SCEN_COUR AS DESI_SCEN_COUR  , COUL_SCEN  , LOGO_SCEN  , FLAG_SUPP FROM SCENARIO  ORDER BY CODE_SCEN ASC  
18:31:19.558 DEBUG - GSqlQueryGeneratorSqlServer --->table =SCENARIO query =set rowcount 3000  SELECT CODE_SCEN  , dbo.OPTIMA_TRADUCTION(DESI_SCEN,'fr') +'@KEYLANG_'+DESI_SCEN AS DESI_SCEN  , dbo.OPTIMA_TRADUCTION(DESC_SCEN,'fr') +'@KEYLANG_'+DESC_SCEN AS DESC_SCEN  , NOM_SCEN  , FLAG_HABI_ACTI  , CODE_DECL  , dbo.OPTIMA_TRADUCTION(DESI_SCEN_COUR,'fr') +'@KEYLANG_'+DESI_SCEN_COUR AS DESI_SCEN_COUR  , COUL_SCEN  , LOGO_SCEN  , FLAG_SUPP FROM SCENARIO  ORDER BY CODE_SCEN ASC  
18:36:07.038 DEBUG - GSqlQueryGeneratorSqlServer --->table =SCENARIO query =set rowcount 3000  SELECT CODE_SCEN  , dbo.OPTIMA_TRADUCTION(DESI_SCEN,'fr') +'@KEYLANG_'+DESI_SCEN AS DESI_SCEN  , dbo.OPTIMA_TRADUCTION(DESC_SCEN,'fr') +'@KEYLANG_'+DESC_SCEN AS DESC_SCEN  , NOM_SCEN  , FLAG_HABI_ACTI  , CODE_DECL  , dbo.OPTIMA_TRADUCTION(DESI_SCEN_COUR,'fr') +'@KEYLANG_'+DESI_SCEN_COUR AS DESI_SCEN_COUR  , COUL_SCEN  , LOGO_SCEN  , FLAG_SUPP FROM SCENARIO  ORDER BY CODE_SCEN ASC  
18:36:12.816 DEBUG - GSqlQueryGeneratorSqlServer --->table =SCENARIO query =set rowcount 3000  SELECT CODE_SCEN  , dbo.OPTIMA_TRADUCTION(DESI_SCEN,'fr') +'@KEYLANG_'+DESI_SCEN AS DESI_SCEN  , dbo.OPTIMA_TRADUCTION(DESC_SCEN,'fr') +'@KEYLANG_'+DESC_SCEN AS DESC_SCEN  , NOM_SCEN  , FLAG_HABI_ACTI  , CODE_DECL  , dbo.OPTIMA_TRADUCTION(DESI_SCEN_COUR,'fr') +'@KEYLANG_'+DESI_SCEN_COUR AS DESI_SCEN_COUR  , COUL_SCEN  , LOGO_SCEN  , FLAG_SUPP FROM SCENARIO  WHERE ( CODE_SCEN LIKE  'COM_Import_Pers'  )  ORDER BY CODE_SCEN ASC  
