07:50:35.517 DEBUG - TomcatListener contextInitialized - servletContext.realPath : C:\Osys\QuartisTools\Tomcat\webapps\Quartis-Web 
07:50:35.610  INFO - PropertiesDelegate Ouverture du fichier de configuration à l'emplacement : C:\Osys\QuartisTools\Tomcat/conf/quartis-web.properties 
07:50:35.860  INFO - TomcatListener -----> Supression des fichier temporaires 
07:50:39.370  INFO - TomcatListener Ouverture du fichier indiquant la base de données : C:\Osys\QuartisTools\Tomcat/conf/datasources.xml... 
07:50:40.337  INFO - DataSourceManager Création de la datasource : QuartisWeb-PU 
14:58:23.325 DEBUG - AuthManagedBean autoconnect - Tentative de connexion SSO... 
14:58:23.325 DEBUG - ConnexionManagedBean User renseigné par filtre SSO LDAP : null 
14:58:23.325 DEBUG - ConnexionManagedBean ldapActive = false 
14:58:23.325 DEBUG - AuthManagedBean autoconnect - Echec de la connexion par SSO. 
14:58:45.914 DEBUG - LoginManagedBean user.id = administrateur, connecté par login/mdp Osys 
14:58:46.085 DEBUG - QTConnector connect - Connecting... 
14:58:46.101 DEBUG - QTConnector connect - Connected. 
14:58:46.101 DEBUG - QTConnector executeQuery - Sending 'USER @ID0 [] serveur_web SERVEUR-WEB'... 
14:58:46.101 DEBUG - QTConnector executeQuery - Sent. 
14:58:46.101 DEBUG - QTConnector executeQuery - Reading response... 
14:58:46.101 DEBUG - QTConnector readResponse - starting to listen... 
14:58:46.101 DEBUG - QTConnector readResponse - read trame : ACK 263172 
14:58:46.101 DEBUG - QTConnector executeQuery - Read: 'ACK 263172'. 
14:58:46.101 DEBUG - QTInternalCommunicator send_IdentifyOsysConsoleWeb - QTools returned : 263172 
14:58:46.101 DEBUG - QTConnector executeQuery - Sending 'LST_USER_CONNECT'... 
14:58:46.101 DEBUG - QTConnector executeQuery - Sent. 
14:58:46.101 DEBUG - QTConnector executeQuery - Reading response... 
14:58:46.101 DEBUG - QTConnector readResponse - starting to listen... 
14:58:46.101 DEBUG - QTConnector readResponse - read trame : <lstuserconnect max="6" connect="2" />\x0a 
14:58:46.101 DEBUG - QTConnector executeQuery - Read: '<lstuserconnect max="6" connect="2" />\x0a'. 
14:58:46.101 DEBUG - QTConnector disconnect - Déconnexion... 
14:58:46.101 DEBUG - QTConnector disconnect - Déconnecté. 
14:58:46.241 DEBUG - QuartisToolsServiceImpl createOrUpdateUser - username : 'administrateur', groupName : 'Administrateurs'... 
14:58:46.241 DEBUG - QTConnector connect - Connecting... 
14:58:46.241 DEBUG - QTConnector connect - Connected. 
14:58:46.241 DEBUG - QTConnector executeQuery - Sending 'USER @ID0 [] serveur_web SERVEUR-WEB'... 
14:58:46.241 DEBUG - QTConnector executeQuery - Sent. 
14:58:46.241 DEBUG - QTConnector executeQuery - Reading response... 
14:58:46.241 DEBUG - QTConnector readResponse - starting to listen... 
14:58:46.241 DEBUG - QTConnector readResponse - read trame : ACK 263172 
14:58:46.241 DEBUG - QTConnector executeQuery - Read: 'ACK 263172'. 
14:58:46.241 DEBUG - QTSrvCommunicator send_IdentifyOsysConsoleWeb - QTools returned : 263172 
14:58:46.241 DEBUG - QTSrvCommunicator send_CreateUserQuartisTools - message =  USR USER OBJ ADD [administrateur] [Administrateurs]
 {
 PASSWORD [%$%-%(),!-%*-,]
 }
 
14:58:46.241 DEBUG - QTConnector executeQuery - Sending ' USR USER OBJ ADD [administrateur] [Administrateurs]
 {
 PASSWORD [%$%-%(),!-%*-,]
 }
'... 
14:58:46.241 DEBUG - QTConnector executeQuery - Sent. 
14:58:46.241 DEBUG - QTConnector executeQuery - Reading response... 
14:58:46.241 DEBUG - QTConnector readResponse - starting to listen... 
14:58:46.241 DEBUG - QTConnector readResponse - read trame : ACK -10 
14:58:46.241 DEBUG - QTConnector executeQuery - Read: 'ACK -10'. 
14:58:46.241 DEBUG - QTSrvCommunicator send_CreateUserQuartisTools - QTools returned : -10 
14:58:46.241 DEBUG - QTSrvCommunicator send_UpdateUserQuartisTools - message :  USR USER OBJ SET [administrateur] [Administrateurs]
 {
 PASSWORD [%$%-%(),!-%*-,]
 }
 
14:58:46.241 DEBUG - QTConnector executeQuery - Sending ' USR USER OBJ SET [administrateur] [Administrateurs]
 {
 PASSWORD [%$%-%(),!-%*-,]
 }
'... 
14:58:46.241 DEBUG - QTConnector executeQuery - Sent. 
14:58:46.241 DEBUG - QTConnector executeQuery - Reading response... 
14:58:46.241 DEBUG - QTConnector readResponse - starting to listen... 
14:58:46.241 DEBUG - QTConnector readResponse - read trame : ACK 0 
14:58:46.241 DEBUG - QTConnector executeQuery - Read: 'ACK 0'. 
14:58:46.241 DEBUG - QTSrvCommunicator send_UpdateUserQuartisTools - QTools returned : 0 
14:58:46.241 DEBUG - QTConnector disconnect - Déconnexion... 
14:58:46.241 DEBUG - QTConnector disconnect - Déconnecté. 
14:58:46.241  INFO - QuartisToolsServiceImpl Mise à jour du user QuartisTools 'administrateur' dans le groupe 'Administrateurs' réussie. 
14:58:50.843 DEBUG - TransfertFile copyFile (pls) - Copie de 18 fichiers vers 'C:\Osys\QUARTIS_PRO\quartis-pro-web\users\administrateur\language.properties'... 
14:58:50.843 DEBUG - TransfertFile copyFile (pls) - Copie du fichier 0/18 : 'C:\Osys\QUARTIS_PRO\quartis-pro-web\Standard\OPTIMA_00_Standard\language.properties'. 
14:58:50.843 DEBUG - TransfertFile copyFile (fileChannel) - Copie de 'C:\Osys\QUARTIS_PRO\quartis-pro-web\Standard\OPTIMA_00_Standard\language.properties'... 
14:58:50.875 DEBUG - TransfertFile copyFile (fileChannel) - Fin de la copie. 
14:58:50.875 DEBUG - TransfertFile copyFile (pls) - Copie du fichier 1/18 : 'C:\Osys\QUARTIS_PRO\quartis-pro-web\Standard\OPTIMA_10_Personnel\language.properties'. 
14:58:50.875 DEBUG - TransfertFile copyFile (fileChannel) - Copie de 'C:\Osys\QUARTIS_PRO\quartis-pro-web\Standard\OPTIMA_10_Personnel\language.properties'... 
14:58:50.890 DEBUG - TransfertFile copyFile (fileChannel) - Fin de la copie. 
14:58:50.890 DEBUG - TransfertFile copyFile (pls) - Copie du fichier 2/18 : 'C:\Osys\QUARTIS_PRO\quartis-pro-web\Standard\OPTIMA_15_Equipement\language.properties'. 
14:58:50.890 DEBUG - TransfertFile copyFile (fileChannel) - Copie de 'C:\Osys\QUARTIS_PRO\quartis-pro-web\Standard\OPTIMA_15_Equipement\language.properties'... 
14:58:50.890 DEBUG - TransfertFile copyFile (fileChannel) - Fin de la copie. 
14:58:50.890 DEBUG - TransfertFile copyFile (pls) - Copie du fichier 3/18 : 'C:\Osys\QUARTIS_PRO\quartis-pro-web\Standard\OPTIMA_20_Production\language.properties'. 
14:58:50.890 DEBUG - TransfertFile copyFile (fileChannel) - Copie de 'C:\Osys\QUARTIS_PRO\quartis-pro-web\Standard\OPTIMA_20_Production\language.properties'... 
14:58:50.906 DEBUG - TransfertFile copyFile (fileChannel) - Fin de la copie. 
14:58:50.906 DEBUG - TransfertFile copyFile (pls) - Copie du fichier 4/18 : 'C:\Osys\QUARTIS_PRO\quartis-pro-web\Standard\OPTIMA_30_Outil\language.properties'. 
14:58:50.906 DEBUG - TransfertFile copyFile (fileChannel) - Copie de 'C:\Osys\QUARTIS_PRO\quartis-pro-web\Standard\OPTIMA_30_Outil\language.properties'... 
14:58:50.921 DEBUG - TransfertFile copyFile (fileChannel) - Fin de la copie. 
14:58:50.921 DEBUG - TransfertFile copyFile (pls) - Copie du fichier 5/18 : 'C:\Osys\QUARTIS_PRO\quartis-pro-web\Standard\OPTIMA_40_Maintenance\language.properties'. 
14:58:50.921 DEBUG - TransfertFile copyFile (fileChannel) - Copie de 'C:\Osys\QUARTIS_PRO\quartis-pro-web\Standard\OPTIMA_40_Maintenance\language.properties'... 
14:58:50.921 DEBUG - TransfertFile copyFile (fileChannel) - Fin de la copie. 
14:58:50.921 DEBUG - TransfertFile copyFile (pls) - Copie du fichier 6/18 : 'C:\Osys\QUARTIS_PRO\quartis-pro-web\Standard\OPTIMA_45_Controle\language.properties'. 
14:58:50.921 DEBUG - TransfertFile copyFile (fileChannel) - Copie de 'C:\Osys\QUARTIS_PRO\quartis-pro-web\Standard\OPTIMA_45_Controle\language.properties'... 
14:58:50.937 DEBUG - TransfertFile copyFile (fileChannel) - Fin de la copie. 
14:58:50.937 DEBUG - TransfertFile copyFile (pls) - Copie du fichier 7/18 : 'C:\Osys\QUARTIS_PRO\quartis-pro-web\Standard\OPTIMA_50_GF\language.properties'. 
14:58:50.937 DEBUG - TransfertFile copyFile (fileChannel) - Copie de 'C:\Osys\QUARTIS_PRO\quartis-pro-web\Standard\OPTIMA_50_GF\language.properties'... 
14:58:50.937 DEBUG - TransfertFile copyFile (fileChannel) - Fin de la copie. 
14:58:50.937 DEBUG - TransfertFile copyFile (pls) - Copie du fichier 8/18 : 'C:\Osys\QUARTIS_PRO\quartis-pro-web\Standard\OPTIMA_60_Tiers\language.properties'. 
14:58:50.937 DEBUG - TransfertFile copyFile (fileChannel) - Copie de 'C:\Osys\QUARTIS_PRO\quartis-pro-web\Standard\OPTIMA_60_Tiers\language.properties'... 
14:58:50.937 DEBUG - TransfertFile copyFile (fileChannel) - Fin de la copie. 
14:58:50.937 DEBUG - TransfertFile copyFile (pls) - Copie du fichier 9/18 : 'C:\Osys\QUARTIS_PRO\quartis-pro-web\Standard\OPTIMA_70_Tracabilite\language.properties'. 
14:58:50.937 DEBUG - TransfertFile copyFile (fileChannel) - Copie de 'C:\Osys\QUARTIS_PRO\quartis-pro-web\Standard\OPTIMA_70_Tracabilite\language.properties'... 
14:58:50.953 DEBUG - TransfertFile copyFile (fileChannel) - Fin de la copie. 
14:58:50.953 DEBUG - TransfertFile copyFile (pls) - Copie du fichier 10/18 : 'C:\Osys\QUARTIS_PRO\quartis-pro-web\Standard\OPTIMA_80_Documents\language.properties'. 
14:58:50.953 DEBUG - TransfertFile copyFile (fileChannel) - Copie de 'C:\Osys\QUARTIS_PRO\quartis-pro-web\Standard\OPTIMA_80_Documents\language.properties'... 
14:58:50.953 DEBUG - TransfertFile copyFile (fileChannel) - Fin de la copie. 
14:58:50.953 DEBUG - TransfertFile copyFile (pls) - Copie du fichier 11/18 : 'C:\Osys\QUARTIS_PRO\quartis-pro-web\Standard\OPTIMA_90_GDT\language.properties'. 
14:58:50.953 DEBUG - TransfertFile copyFile (fileChannel) - Copie de 'C:\Osys\QUARTIS_PRO\quartis-pro-web\Standard\OPTIMA_90_GDT\language.properties'... 
14:58:50.953 DEBUG - TransfertFile copyFile (fileChannel) - Fin de la copie. 
14:58:50.953 DEBUG - TransfertFile copyFile (pls) - Copie du fichier 12/18 : 'C:\Osys\QUARTIS_PRO\quartis-pro-web\Standard\OPTIMA_98_About\language.properties'. 
14:58:50.953 DEBUG - TransfertFile copyFile (fileChannel) - Copie de 'C:\Osys\QUARTIS_PRO\quartis-pro-web\Standard\OPTIMA_98_About\language.properties'... 
14:58:50.968 DEBUG - TransfertFile copyFile (fileChannel) - Fin de la copie. 
14:58:50.968 DEBUG - TransfertFile copyFile (pls) - Copie du fichier 13/18 : 'C:\Osys\QUARTIS_PRO\quartis-pro-web\Standard\restrictions\language.properties'. 
14:58:50.968 DEBUG - TransfertFile copyFile (fileChannel) - Copie de 'C:\Osys\QUARTIS_PRO\quartis-pro-web\Standard\restrictions\language.properties'... 
14:58:50.968 DEBUG - TransfertFile copyFile (fileChannel) - Fin de la copie. 
14:58:50.968 DEBUG - TransfertFile copyFile (pls) - Copie du fichier 14/18 : 'C:\Osys\QUARTIS_PRO\quartis-pro-web\Standard\templates\pdf-footer\language.properties'. 
14:58:50.968 DEBUG - TransfertFile copyFile (fileChannel) - Copie de 'C:\Osys\QUARTIS_PRO\quartis-pro-web\Standard\templates\pdf-footer\language.properties'... 
14:58:50.968 DEBUG - TransfertFile copyFile (fileChannel) - Fin de la copie. 
14:58:50.968 DEBUG - TransfertFile copyFile (pls) - Copie du fichier 15/18 : 'C:\Osys\QUARTIS_PRO\quartis-pro-web\Standard\templates\pdf-header\language.properties'. 
14:58:50.968 DEBUG - TransfertFile copyFile (fileChannel) - Copie de 'C:\Osys\QUARTIS_PRO\quartis-pro-web\Standard\templates\pdf-header\language.properties'... 
14:58:50.968 DEBUG - TransfertFile copyFile (fileChannel) - Fin de la copie. 
14:58:50.968 DEBUG - TransfertFile copyFile (pls) - Copie du fichier 16/18 : 'C:\Osys\QUARTIS_PRO\quartis-pro-web\Specifiques\templates\pdf-footer\language.properties'. 
14:58:50.968 DEBUG - TransfertFile copyFile (fileChannel) - Copie de 'C:\Osys\QUARTIS_PRO\quartis-pro-web\Specifiques\templates\pdf-footer\language.properties'... 
14:58:50.984 DEBUG - TransfertFile copyFile (fileChannel) - Fin de la copie. 
14:58:50.984 DEBUG - TransfertFile copyFile (pls) - Copie du fichier 17/18 : 'C:\Osys\QUARTIS_PRO\quartis-pro-web\Specifiques\templates\pdf-header\language.properties'. 
14:58:50.984 DEBUG - TransfertFile copyFile (fileChannel) - Copie de 'C:\Osys\QUARTIS_PRO\quartis-pro-web\Specifiques\templates\pdf-header\language.properties'... 
14:58:50.984 DEBUG - TransfertFile copyFile (fileChannel) - Fin de la copie. 
14:58:50.984 DEBUG - TransfertFile copyFile (pls) - Fin de la copie. 
14:58:51.639 DEBUG - TransfertFile copyFile (pls) - Copie de 18 fichiers vers 'C:\Osys\QUARTIS_PRO\quartis-pro-web\users\administrateur\language_fr.properties'... 
14:58:51.639 DEBUG - TransfertFile copyFile (pls) - Copie du fichier 0/18 : 'C:\Osys\QUARTIS_PRO\quartis-pro-web\Standard\OPTIMA_00_Standard\language_fr.properties'. 
14:58:51.639 DEBUG - TransfertFile copyFile (fileChannel) - Copie de 'C:\Osys\QUARTIS_PRO\quartis-pro-web\Standard\OPTIMA_00_Standard\language_fr.properties'... 
14:58:51.670 DEBUG - TransfertFile copyFile (fileChannel) - Fin de la copie. 
14:58:51.670 DEBUG - TransfertFile copyFile (pls) - Copie du fichier 1/18 : 'C:\Osys\QUARTIS_PRO\quartis-pro-web\Standard\OPTIMA_10_Personnel\language_fr.properties'. 
14:58:51.670 DEBUG - TransfertFile copyFile (fileChannel) - Copie de 'C:\Osys\QUARTIS_PRO\quartis-pro-web\Standard\OPTIMA_10_Personnel\language_fr.properties'... 
14:58:51.670 DEBUG - TransfertFile copyFile (fileChannel) - Fin de la copie. 
14:58:51.670 DEBUG - TransfertFile copyFile (pls) - Copie du fichier 2/18 : 'C:\Osys\QUARTIS_PRO\quartis-pro-web\Standard\OPTIMA_15_Equipement\language_fr.properties'. 
14:58:51.670 DEBUG - TransfertFile copyFile (fileChannel) - Copie de 'C:\Osys\QUARTIS_PRO\quartis-pro-web\Standard\OPTIMA_15_Equipement\language_fr.properties'... 
14:58:51.686 DEBUG - TransfertFile copyFile (fileChannel) - Fin de la copie. 
14:58:51.686 DEBUG - TransfertFile copyFile (pls) - Copie du fichier 3/18 : 'C:\Osys\QUARTIS_PRO\quartis-pro-web\Standard\OPTIMA_20_Production\language_fr.properties'. 
14:58:51.686 DEBUG - TransfertFile copyFile (fileChannel) - Copie de 'C:\Osys\QUARTIS_PRO\quartis-pro-web\Standard\OPTIMA_20_Production\language_fr.properties'... 
14:58:51.701 DEBUG - TransfertFile copyFile (fileChannel) - Fin de la copie. 
14:58:51.701 DEBUG - TransfertFile copyFile (pls) - Copie du fichier 4/18 : 'C:\Osys\QUARTIS_PRO\quartis-pro-web\Standard\OPTIMA_30_Outil\language_fr.properties'. 
14:58:51.701 DEBUG - TransfertFile copyFile (fileChannel) - Copie de 'C:\Osys\QUARTIS_PRO\quartis-pro-web\Standard\OPTIMA_30_Outil\language_fr.properties'... 
14:58:51.701 DEBUG - TransfertFile copyFile (fileChannel) - Fin de la copie. 
14:58:51.701 DEBUG - TransfertFile copyFile (pls) - Copie du fichier 5/18 : 'C:\Osys\QUARTIS_PRO\quartis-pro-web\Standard\OPTIMA_40_Maintenance\language_fr.properties'. 
14:58:51.701 DEBUG - TransfertFile copyFile (fileChannel) - Copie de 'C:\Osys\QUARTIS_PRO\quartis-pro-web\Standard\OPTIMA_40_Maintenance\language_fr.properties'... 
14:58:51.717 DEBUG - TransfertFile copyFile (fileChannel) - Fin de la copie. 
14:58:51.717 DEBUG - TransfertFile copyFile (pls) - Copie du fichier 6/18 : 'C:\Osys\QUARTIS_PRO\quartis-pro-web\Standard\OPTIMA_45_Controle\language_fr.properties'. 
14:58:51.717 DEBUG - TransfertFile copyFile (fileChannel) - Copie de 'C:\Osys\QUARTIS_PRO\quartis-pro-web\Standard\OPTIMA_45_Controle\language_fr.properties'... 
14:58:51.717 DEBUG - TransfertFile copyFile (fileChannel) - Fin de la copie. 
14:58:51.717 DEBUG - TransfertFile copyFile (pls) - Copie du fichier 7/18 : 'C:\Osys\QUARTIS_PRO\quartis-pro-web\Standard\OPTIMA_50_GF\language_fr.properties'. 
14:58:51.717 DEBUG - TransfertFile copyFile (fileChannel) - Copie de 'C:\Osys\QUARTIS_PRO\quartis-pro-web\Standard\OPTIMA_50_GF\language_fr.properties'... 
14:58:51.733 DEBUG - TransfertFile copyFile (fileChannel) - Fin de la copie. 
14:58:51.733 DEBUG - TransfertFile copyFile (pls) - Copie du fichier 8/18 : 'C:\Osys\QUARTIS_PRO\quartis-pro-web\Standard\OPTIMA_60_Tiers\language_fr.properties'. 
14:58:51.733 DEBUG - TransfertFile copyFile (fileChannel) - Copie de 'C:\Osys\QUARTIS_PRO\quartis-pro-web\Standard\OPTIMA_60_Tiers\language_fr.properties'... 
14:58:51.733 DEBUG - TransfertFile copyFile (fileChannel) - Fin de la copie. 
14:58:51.733 DEBUG - TransfertFile copyFile (pls) - Copie du fichier 9/18 : 'C:\Osys\QUARTIS_PRO\quartis-pro-web\Standard\OPTIMA_70_Tracabilite\language_fr.properties'. 
14:58:51.733 DEBUG - TransfertFile copyFile (fileChannel) - Copie de 'C:\Osys\QUARTIS_PRO\quartis-pro-web\Standard\OPTIMA_70_Tracabilite\language_fr.properties'... 
14:58:51.748 DEBUG - TransfertFile copyFile (fileChannel) - Fin de la copie. 
14:58:51.748 DEBUG - TransfertFile copyFile (pls) - Copie du fichier 10/18 : 'C:\Osys\QUARTIS_PRO\quartis-pro-web\Standard\OPTIMA_80_Documents\language_fr.properties'. 
14:58:51.748 DEBUG - TransfertFile copyFile (fileChannel) - Copie de 'C:\Osys\QUARTIS_PRO\quartis-pro-web\Standard\OPTIMA_80_Documents\language_fr.properties'... 
14:58:51.748 DEBUG - TransfertFile copyFile (fileChannel) - Fin de la copie. 
14:58:51.748 DEBUG - TransfertFile copyFile (pls) - Copie du fichier 11/18 : 'C:\Osys\QUARTIS_PRO\quartis-pro-web\Standard\OPTIMA_90_GDT\language_fr.properties'. 
14:58:51.748 DEBUG - TransfertFile copyFile (fileChannel) - Copie de 'C:\Osys\QUARTIS_PRO\quartis-pro-web\Standard\OPTIMA_90_GDT\language_fr.properties'... 
14:58:51.764 DEBUG - TransfertFile copyFile (fileChannel) - Fin de la copie. 
14:58:51.764 DEBUG - TransfertFile copyFile (pls) - Copie du fichier 12/18 : 'C:\Osys\QUARTIS_PRO\quartis-pro-web\Standard\OPTIMA_98_About\language_fr.properties'. 
14:58:51.764 DEBUG - TransfertFile copyFile (fileChannel) - Copie de 'C:\Osys\QUARTIS_PRO\quartis-pro-web\Standard\OPTIMA_98_About\language_fr.properties'... 
14:58:51.764 DEBUG - TransfertFile copyFile (fileChannel) - Fin de la copie. 
14:58:51.764 DEBUG - TransfertFile copyFile (pls) - Copie du fichier 13/18 : 'C:\Osys\QUARTIS_PRO\quartis-pro-web\Standard\restrictions\language_fr.properties'. 
14:58:51.764 DEBUG - TransfertFile copyFile (fileChannel) - Copie de 'C:\Osys\QUARTIS_PRO\quartis-pro-web\Standard\restrictions\language_fr.properties'... 
14:58:51.764 DEBUG - TransfertFile copyFile (fileChannel) - Fin de la copie. 
14:58:51.764 DEBUG - TransfertFile copyFile (pls) - Copie du fichier 14/18 : 'C:\Osys\QUARTIS_PRO\quartis-pro-web\Standard\templates\pdf-footer\language_fr.properties'. 
14:58:51.764 DEBUG - TransfertFile copyFile (fileChannel) - Copie de 'C:\Osys\QUARTIS_PRO\quartis-pro-web\Standard\templates\pdf-footer\language_fr.properties'... 
14:58:51.764 DEBUG - TransfertFile copyFile (fileChannel) - Fin de la copie. 
14:58:51.764 DEBUG - TransfertFile copyFile (pls) - Copie du fichier 15/18 : 'C:\Osys\QUARTIS_PRO\quartis-pro-web\Standard\templates\pdf-header\language_fr.properties'. 
14:58:51.764 DEBUG - TransfertFile copyFile (fileChannel) - Copie de 'C:\Osys\QUARTIS_PRO\quartis-pro-web\Standard\templates\pdf-header\language_fr.properties'... 
14:58:51.779 DEBUG - TransfertFile copyFile (fileChannel) - Fin de la copie. 
14:58:51.779 DEBUG - TransfertFile copyFile (pls) - Copie du fichier 16/18 : 'C:\Osys\QUARTIS_PRO\quartis-pro-web\Specifiques\templates\pdf-footer\language_fr.properties'. 
14:58:51.779 DEBUG - TransfertFile copyFile (fileChannel) - Copie de 'C:\Osys\QUARTIS_PRO\quartis-pro-web\Specifiques\templates\pdf-footer\language_fr.properties'... 
14:58:51.779 DEBUG - TransfertFile copyFile (fileChannel) - Fin de la copie. 
14:58:51.779 DEBUG - TransfertFile copyFile (pls) - Copie du fichier 17/18 : 'C:\Osys\QUARTIS_PRO\quartis-pro-web\Specifiques\templates\pdf-header\language_fr.properties'. 
14:58:51.779 DEBUG - TransfertFile copyFile (fileChannel) - Copie de 'C:\Osys\QUARTIS_PRO\quartis-pro-web\Specifiques\templates\pdf-header\language_fr.properties'... 
14:58:51.779 DEBUG - TransfertFile copyFile (fileChannel) - Fin de la copie. 
14:58:51.779 DEBUG - TransfertFile copyFile (pls) - Fin de la copie. 
14:58:51.779 DEBUG - LanguageFileManager buildPropertiesGen - Création de 'C:\Osys\QUARTIS_PRO\quartis-pro-web\users\administrateur\language_fr.properties'... 
14:58:51.857 DEBUG - LanguageFileManager buildPropertiesGen - Fin de la création. 
14:59:02.497 DEBUG - TableDivTransformer createFileName ()--> Nom du fichier export = _Personnel_Activite_EnCours_Liste_1 
14:59:02.497 DEBUG - TableDivTransformer createFileName ()--> Nom du fichier export = _Personnel_Activite_EnCours_Liste_1 
14:59:02.528 DEBUG - TableExcelTransformer actionPerformed - Ecriture dans le fichier 'C:\Osys\QuartisTools\Tomcat\webapps\Quartis-Web\.\work\_0.0.0.0.0.0.0.1-administrateur\_Personnel_Activite_EnCours_Liste_1\_Personnel_Activite_EnCours_Liste_1.xls'... 
14:59:02.528 DEBUG - TableExcelTransformer actionPerformed - Ecriture dans le fichier 'C:\Osys\QuartisTools\Tomcat\webapps\Quartis-Web\.\work\_0.0.0.0.0.0.0.1-administrateur\_Personnel_Activite_EnCours_Liste_1\_Personnel_Activite_EnCours_Liste_1.xls'... 
14:59:02.528 DEBUG - TableExcelTransformer actionPerformed - Ecriture dans le fichier 'C:\Osys\QuartisTools\Tomcat\webapps\Quartis-Web\.\work\_0.0.0.0.0.0.0.1-administrateur\_Personnel_Activite_EnCours_Liste_1\_Personnel_Activite_EnCours_Liste_1.xls'... 
14:59:02.544 DEBUG - TableExcelTransformer actionPerformed - Ecriture dans le fichier 'C:\Osys\QuartisTools\Tomcat\webapps\Quartis-Web\.\work\_0.0.0.0.0.0.0.1-administrateur\_Personnel_Activite_EnCours_Liste_1\_Personnel_Activite_EnCours_Liste_1.xls'... 
14:59:04.587 DEBUG - TableExcelTransformer actionPerformed - Fin de l'écriture dans le fichier. 
14:59:04.587 DEBUG - TableExcelTransformer actionPerformed - Fin de l'écriture dans le fichier. 
14:59:10.702 DEBUG - TableDivTransformer createFileName ()--> Nom du fichier export = _Personnel_Activite_EnCours_Liste_1 
14:59:10.702 DEBUG - TableExcelTransformer actionPerformed - Ecriture dans le fichier 'C:\Osys\QuartisTools\Tomcat\webapps\Quartis-Web\.\work\_0.0.0.0.0.0.0.1-administrateur\_Personnel_Activite_EnCours_Liste_1\_Personnel_Activite_EnCours_Liste_1.xls'... 
14:59:10.702 DEBUG - TableExcelTransformer actionPerformed - Ecriture dans le fichier 'C:\Osys\QuartisTools\Tomcat\webapps\Quartis-Web\.\work\_0.0.0.0.0.0.0.1-administrateur\_Personnel_Activite_EnCours_Liste_1\_Personnel_Activite_EnCours_Liste_1.xls'... 
14:59:10.718 DEBUG - TableExcelTransformer actionPerformed - Fin de l'écriture dans le fichier. 
14:59:10.734 DEBUG - TableDivTransformer createFileName ()--> Nom du fichier export = _Personnel_Activite_EnCours_Liste_1 
14:59:10.734 DEBUG - TableExcelTransformer actionPerformed - Ecriture dans le fichier 'C:\Osys\QuartisTools\Tomcat\webapps\Quartis-Web\.\work\_0.0.0.0.0.0.0.1-administrateur\_Personnel_Activite_EnCours_Liste_1\_Personnel_Activite_EnCours_Liste_1.xls'... 
14:59:10.734 DEBUG - TableExcelTransformer actionPerformed - Ecriture dans le fichier 'C:\Osys\QuartisTools\Tomcat\webapps\Quartis-Web\.\work\_0.0.0.0.0.0.0.1-administrateur\_Personnel_Activite_EnCours_Liste_1\_Personnel_Activite_EnCours_Liste_1.xls'... 
14:59:10.765 DEBUG - TableExcelTransformer actionPerformed - Fin de l'écriture dans le fichier. 
14:59:18.421 DEBUG - GSqlQueryGeneratorSqlServer --->table =PERSONNEL query =set rowcount 3000  SELECT MATR_SITE  , MATR  , CODE_BADG  , FLAG_INTE  , NOM  , PREN  , ADRE_TELE  , ADRE_MAIL  , FLAG_BADG_BLOQ  , NOMB_ACTI_MAXI  , FLAG_SUIV_POIN  , KELI_KEY  , FLAG_GEST_PLAN  , FLAG_KELI_IMPO  , LIEN_IMAG  , CODE_HORA_1  , CODE_SERV  , CODE_EQUI_DEFA  , CODE_ATEL  , CODE_ATEL_DEFA  , CODE_SECT_GEOG  , CODE_SECT_GEOG_DEFA  , CODE_ETAT_PERS_DEFA  , CONVERT(NVARCHAR, DATEADD(SECOND, DELT_HEUR_UTC,DATE_DERN_POIN), 103) +' '+CONVERT(NVARCHAR, DATEADD(SECOND, DELT_HEUR_UTC,DATE_DERN_POIN), 108) AS DATE_DERN_POIN  , CODE_SITE  , DELT_HEUR_UTC  , CONVERT(NVARCHAR, DATEADD(SECOND, DELT_HEUR_UTC,DATE_EXPO_DIMO), 103) +' '+CONVERT(NVARCHAR, DATEADD(SECOND, DELT_HEUR_UTC,DATE_EXPO_DIMO), 108) AS DATE_EXPO_DIMO  , FLAG_HABI_MACH  , FLAG_SUPP FROM PERSONNEL  WHERE ( CODE_SITE = 'FAB')  ORDER BY MATR_SITE ASC  
14:59:20.558 DEBUG - TableDivTransformer createFileName ()--> Nom du fichier export = _Personnel_Activite_EnCours_Liste_1 
14:59:20.558 DEBUG - TableExcelTransformer actionPerformed - Ecriture dans le fichier 'C:\Osys\QuartisTools\Tomcat\webapps\Quartis-Web\.\work\_0.0.0.0.0.0.0.1-administrateur\_Personnel_Activite_EnCours_Liste_1\_Personnel_Activite_EnCours_Liste_1.xls'... 
14:59:20.558 DEBUG - TableExcelTransformer actionPerformed - Ecriture dans le fichier 'C:\Osys\QuartisTools\Tomcat\webapps\Quartis-Web\.\work\_0.0.0.0.0.0.0.1-administrateur\_Personnel_Activite_EnCours_Liste_1\_Personnel_Activite_EnCours_Liste_1.xls'... 
14:59:20.573 DEBUG - TableExcelTransformer actionPerformed - Fin de l'écriture dans le fichier. 
14:59:20.589 ERROR - AjaxAction  quartisspv.action.ActionException: Erreur : transformation XML du superviseur impossible.
	at quartisspv.action.level2.Level2TableRefreshAction.processPerformed(Level2TableRefreshAction.java:111)
	at quartisspv.action.AjaxAction.actionPerformed(AjaxAction.java:33)
	at quartisspv.action.AbstractAction.run(AbstractAction.java:94)
	at quartisspv.servlet.ActionServlet.processRequest(ActionServlet.java:76)
	at quartisspv.servlet.ActionServlet.doPost(ActionServlet.java:117)
	at javax.servlet.http.HttpServlet.service(HttpServlet.java:637)
	at javax.servlet.http.HttpServlet.service(HttpServlet.java:717)
	at org.apache.catalina.core.ApplicationFilterChain.internalDoFilter(ApplicationFilterChain.java:290)
	at org.apache.catalina.core.ApplicationFilterChain.doFilter(ApplicationFilterChain.java:206)
	at net.bull.javamelody.MonitoringFilter.doFilter(MonitoringFilter.java:201)
	at net.bull.javamelody.MonitoringFilter.doFilter(MonitoringFilter.java:178)
	at org.apache.catalina.core.ApplicationFilterChain.internalDoFilter(ApplicationFilterChain.java:235)
	at org.apache.catalina.core.ApplicationFilterChain.doFilter(ApplicationFilterChain.java:206)
	at org.apache.logging.log4j.web.Log4jServletFilter.doFilter(Log4jServletFilter.java:71)
	at org.apache.catalina.core.ApplicationFilterChain.internalDoFilter(ApplicationFilterChain.java:235)
	at org.apache.catalina.core.ApplicationFilterChain.doFilter(ApplicationFilterChain.java:206)
	at quartisweb.servlet.EncodingFilter.doFilter(EncodingFilter.java:26)
	at org.apache.catalina.core.ApplicationFilterChain.internalDoFilter(ApplicationFilterChain.java:235)
	at org.apache.catalina.core.ApplicationFilterChain.doFilter(ApplicationFilterChain.java:206)
	at quartisweb.filter.FiltreSession.doFilter(FiltreSession.java:151)
	at org.apache.catalina.core.ApplicationFilterChain.internalDoFilter(ApplicationFilterChain.java:235)
	at org.apache.catalina.core.ApplicationFilterChain.doFilter(ApplicationFilterChain.java:206)
	at org.apache.catalina.core.StandardWrapperValve.invoke(StandardWrapperValve.java:233)
	at org.apache.catalina.core.StandardContextValve.invoke(StandardContextValve.java:191)
	at org.apache.catalina.core.StandardHostValve.invoke(StandardHostValve.java:127)
	at org.apache.catalina.valves.ErrorReportValve.invoke(ErrorReportValve.java:102)
	at org.apache.catalina.core.StandardEngineValve.invoke(StandardEngineValve.java:109)
	at org.apache.catalina.connector.CoyoteAdapter.service(CoyoteAdapter.java:298)
	at org.apache.coyote.http11.Http11NioProcessor.process(Http11NioProcessor.java:886)
	at org.apache.coyote.http11.Http11NioProtocol$Http11ConnectionHandler.process(Http11NioProtocol.java:721)
	at org.apache.tomcat.util.net.NioEndpoint$SocketProcessor.run(NioEndpoint.java:2256)
	at java.util.concurrent.ThreadPoolExecutor.runWorker(Unknown Source)
	at java.util.concurrent.ThreadPoolExecutor$Worker.run(Unknown Source)
	at java.lang.Thread.run(Unknown Source)
Caused by: javax.xml.transform.TransformerException: org.xml.sax.SAXException
ClientAbortException:  java.io.IOException: Une connexion existante a dû être fermée par l’hôte distant
	at org.apache.xalan.transformer.TransformerIdentityImpl.transform(TransformerIdentityImpl.java:400)
	at quartisspv.action.level2.Level2TableRefreshAction.processPerformed(Level2TableRefreshAction.java:105)
	... 33 more
Caused by: org.xml.sax.SAXException
ClientAbortException:  java.io.IOException: Une connexion existante a dû être fermée par l’hôte distant
	at org.apache.xml.serializer.ToStream.endElement(ToStream.java:2253)
	at org.apache.xalan.transformer.TransformerIdentityImpl.endElement(TransformerIdentityImpl.java:1101)
	at org.apache.xml.serializer.TreeWalker.endNode(TreeWalker.java:460)
	at org.apache.xml.serializer.TreeWalker.traverse(TreeWalker.java:151)
	at org.apache.xalan.transformer.TransformerIdentityImpl.transform(TransformerIdentityImpl.java:389)
	... 34 more
Caused by: ClientAbortException:  java.io.IOException: Une connexion existante a dû être fermée par l’hôte distant
	at org.apache.catalina.connector.OutputBuffer.realWriteBytes(OutputBuffer.java:358)
	at org.apache.tomcat.util.buf.ByteChunk.append(ByteChunk.java:323)
	at org.apache.catalina.connector.OutputBuffer.writeBytes(OutputBuffer.java:381)
	at org.apache.catalina.connector.OutputBuffer.write(OutputBuffer.java:370)
	at org.apache.catalina.connector.CoyoteOutputStream.write(CoyoteOutputStream.java:89)
	at net.bull.javamelody.FilterServletOutputStream.write(FilterServletOutputStream.java:88)
	at net.bull.javamelody.CounterResponseStream.write(CounterResponseStream.java:82)
	at sun.nio.cs.StreamEncoder.writeBytes(Unknown Source)
	at sun.nio.cs.StreamEncoder.implWrite(Unknown Source)
	at sun.nio.cs.StreamEncoder.write(Unknown Source)
	at sun.nio.cs.StreamEncoder.write(Unknown Source)
	at java.io.OutputStreamWriter.write(Unknown Source)
	at org.apache.xml.serializer.ToStream.writeAttrString(ToStream.java:2155)
	at org.apache.xml.serializer.ToStream.processAttributes(ToStream.java:2079)
	at org.apache.xml.serializer.ToStream.endElement(ToStream.java:2224)
	... 38 more
Caused by: java.io.IOException: Une connexion existante a dû être fermée par l’hôte distant
	at sun.nio.ch.SocketDispatcher.write0(Native Method)
	at sun.nio.ch.SocketDispatcher.write(Unknown Source)
	at sun.nio.ch.IOUtil.writeFromNativeBuffer(Unknown Source)
	at sun.nio.ch.IOUtil.write(Unknown Source)
	at sun.nio.ch.SocketChannelImpl.write(Unknown Source)
	at org.apache.tomcat.util.net.NioChannel.write(NioChannel.java:116)
	at org.apache.tomcat.util.net.NioBlockingSelector.write(NioBlockingSelector.java:93)
	at org.apache.tomcat.util.net.NioSelectorPool.write(NioSelectorPool.java:156)
	at org.apache.coyote.http11.InternalNioOutputBuffer.writeToSocket(InternalNioOutputBuffer.java:440)
	at org.apache.coyote.http11.InternalNioOutputBuffer.flushBuffer(InternalNioOutputBuffer.java:784)
	at org.apache.coyote.http11.InternalNioOutputBuffer.addToBB(InternalNioOutputBuffer.java:624)
	at org.apache.coyote.http11.InternalNioOutputBuffer.access$000(InternalNioOutputBuffer.java:46)
	at org.apache.coyote.http11.InternalNioOutputBuffer$SocketOutputBuffer.doWrite(InternalNioOutputBuffer.java:809)
	at org.apache.coyote.http11.filters.ChunkedOutputFilter.doWrite(ChunkedOutputFilter.java:126)
	at org.apache.coyote.http11.InternalNioOutputBuffer.doWrite(InternalNioOutputBuffer.java:590)
	at org.apache.coyote.Response.doWrite(Response.java:560)
	at org.apache.catalina.connector.OutputBuffer.realWriteBytes(OutputBuffer.java:353)
	... 52 more

14:59:20.605 ERROR - FiltreSession Erreur relevée par le filtre général : null ClientAbortException:  java.io.IOException: Une connexion existante a dû être fermée par l’hôte distant
	at org.apache.catalina.connector.OutputBuffer.doFlush(OutputBuffer.java:319)
	at org.apache.catalina.connector.OutputBuffer.flush(OutputBuffer.java:288)
	at org.apache.catalina.connector.CoyoteOutputStream.flush(CoyoteOutputStream.java:98)
	at net.bull.javamelody.FilterServletOutputStream.flush(FilterServletOutputStream.java:69)
	at sun.nio.cs.StreamEncoder.implFlush(Unknown Source)
	at sun.nio.cs.StreamEncoder.flush(Unknown Source)
	at java.io.OutputStreamWriter.flush(Unknown Source)
	at quartisspv.action.AjaxAction.actionPerformed(AjaxAction.java:41)
	at quartisspv.action.AbstractAction.run(AbstractAction.java:94)
	at quartisspv.servlet.ActionServlet.processRequest(ActionServlet.java:76)
	at quartisspv.servlet.ActionServlet.doPost(ActionServlet.java:117)
	at javax.servlet.http.HttpServlet.service(HttpServlet.java:637)
	at javax.servlet.http.HttpServlet.service(HttpServlet.java:717)
	at org.apache.catalina.core.ApplicationFilterChain.internalDoFilter(ApplicationFilterChain.java:290)
	at org.apache.catalina.core.ApplicationFilterChain.doFilter(ApplicationFilterChain.java:206)
	at net.bull.javamelody.MonitoringFilter.doFilter(MonitoringFilter.java:201)
	at net.bull.javamelody.MonitoringFilter.doFilter(MonitoringFilter.java:178)
	at org.apache.catalina.core.ApplicationFilterChain.internalDoFilter(ApplicationFilterChain.java:235)
	at org.apache.catalina.core.ApplicationFilterChain.doFilter(ApplicationFilterChain.java:206)
	at org.apache.logging.log4j.web.Log4jServletFilter.doFilter(Log4jServletFilter.java:71)
	at org.apache.catalina.core.ApplicationFilterChain.internalDoFilter(ApplicationFilterChain.java:235)
	at org.apache.catalina.core.ApplicationFilterChain.doFilter(ApplicationFilterChain.java:206)
	at quartisweb.servlet.EncodingFilter.doFilter(EncodingFilter.java:26)
	at org.apache.catalina.core.ApplicationFilterChain.internalDoFilter(ApplicationFilterChain.java:235)
	at org.apache.catalina.core.ApplicationFilterChain.doFilter(ApplicationFilterChain.java:206)
	at quartisweb.filter.FiltreSession.doFilter(FiltreSession.java:151)
	at org.apache.catalina.core.ApplicationFilterChain.internalDoFilter(ApplicationFilterChain.java:235)
	at org.apache.catalina.core.ApplicationFilterChain.doFilter(ApplicationFilterChain.java:206)
	at org.apache.catalina.core.StandardWrapperValve.invoke(StandardWrapperValve.java:233)
	at org.apache.catalina.core.StandardContextValve.invoke(StandardContextValve.java:191)
	at org.apache.catalina.core.StandardHostValve.invoke(StandardHostValve.java:127)
	at org.apache.catalina.valves.ErrorReportValve.invoke(ErrorReportValve.java:102)
	at org.apache.catalina.core.StandardEngineValve.invoke(StandardEngineValve.java:109)
	at org.apache.catalina.connector.CoyoteAdapter.service(CoyoteAdapter.java:298)
	at org.apache.coyote.http11.Http11NioProcessor.process(Http11NioProcessor.java:886)
	at org.apache.coyote.http11.Http11NioProtocol$Http11ConnectionHandler.process(Http11NioProtocol.java:721)
	at org.apache.tomcat.util.net.NioEndpoint$SocketProcessor.run(NioEndpoint.java:2256)
	at java.util.concurrent.ThreadPoolExecutor.runWorker(Unknown Source)
	at java.util.concurrent.ThreadPoolExecutor$Worker.run(Unknown Source)
	at java.lang.Thread.run(Unknown Source)
Caused by: java.io.IOException: Une connexion existante a dû être fermée par l’hôte distant
	at sun.nio.ch.SocketDispatcher.write0(Native Method)
	at sun.nio.ch.SocketDispatcher.write(Unknown Source)
	at sun.nio.ch.IOUtil.writeFromNativeBuffer(Unknown Source)
	at sun.nio.ch.IOUtil.write(Unknown Source)
	at sun.nio.ch.SocketChannelImpl.write(Unknown Source)
	at org.apache.tomcat.util.net.NioChannel.write(NioChannel.java:116)
	at org.apache.tomcat.util.net.NioBlockingSelector.write(NioBlockingSelector.java:93)
	at org.apache.tomcat.util.net.NioSelectorPool.write(NioSelectorPool.java:156)
	at org.apache.coyote.http11.InternalNioOutputBuffer.writeToSocket(InternalNioOutputBuffer.java:440)
	at org.apache.coyote.http11.InternalNioOutputBuffer.flushBuffer(InternalNioOutputBuffer.java:784)
	at org.apache.coyote.http11.InternalNioOutputBuffer.flush(InternalNioOutputBuffer.java:300)
	at org.apache.coyote.http11.Http11NioProcessor.action(Http11NioProcessor.java:1063)
	at org.apache.coyote.Response.action(Response.java:183)
	at org.apache.catalina.connector.OutputBuffer.doFlush(OutputBuffer.java:314)
	... 39 more

