08:41:18.525 DEBUG - AuthManagedBean autoconnect - Tentative de connexion SSO... 
08:41:18.525 DEBUG - ConnexionManagedBean User renseigné par filtre SSO LDAP : null 
08:41:18.525 DEBUG - ConnexionManagedBean ldapActive = false 
08:41:18.525 DEBUG - AuthManagedBean autoconnect - Echec de la connexion par SSO. 
08:41:26.274 DEBUG - LoginManagedBean user.id = administrateur, connecté par login/mdp Osys 
08:41:26.477 DEBUG - QTConnector connect - Connecting... 
08:41:26.477 DEBUG - QTConnector connect - Connected. 
08:41:26.477 DEBUG - QTConnector executeQuery - Sending 'USER @ID0 [] serveur_web SERVEUR-WEB'... 
08:41:26.477 DEBUG - QTConnector executeQuery - Sent. 
08:41:26.477 DEBUG - QTConnector executeQuery - Reading response... 
08:41:26.477 DEBUG - QTConnector readResponse - starting to listen... 
08:41:26.477 DEBUG - QTConnector readResponse - read trame : ACK 263172 
08:41:26.508 DEBUG - QTConnector executeQuery - Read: 'ACK 263172'. 
08:41:26.508 DEBUG - QTInternalCommunicator send_IdentifyOsysConsoleWeb - QTools returned : 263172 
08:41:26.508 DEBUG - QTConnector executeQuery - Sending 'LST_USER_CONNECT'... 
08:41:26.508 DEBUG - QTConnector executeQuery - Sent. 
08:41:26.508 DEBUG - QTConnector executeQuery - Reading response... 
08:41:26.508 DEBUG - QTConnector readResponse - starting to listen... 
08:41:26.508 DEBUG - QTConnector readResponse - read trame : <lstuserconnect max="3" connect="1" />\x0a 
08:41:26.508 DEBUG - QTConnector executeQuery - Read: '<lstuserconnect max="3" connect="1" />\x0a'. 
08:41:26.508 DEBUG - QTConnector disconnect - Déconnexion... 
08:41:26.508 DEBUG - QTConnector disconnect - Déconnecté. 
08:41:26.680 DEBUG - QuartisToolsServiceImpl createOrUpdateUser - username : 'administrateur', groupName : 'Administrateurs'... 
08:41:26.680 DEBUG - QTConnector connect - Connecting... 
08:41:26.680 DEBUG - QTConnector connect - Connected. 
08:41:26.680 DEBUG - QTConnector executeQuery - Sending 'USER @ID0 [] serveur_web SERVEUR-WEB'... 
08:41:26.680 DEBUG - QTConnector executeQuery - Sent. 
08:41:26.680 DEBUG - QTConnector executeQuery - Reading response... 
08:41:26.680 DEBUG - QTConnector readResponse - starting to listen... 
08:41:26.696 DEBUG - QTConnector readResponse - read trame : ACK 263172 
08:41:26.696 DEBUG - QTConnector executeQuery - Read: 'ACK 263172'. 
08:41:26.696 DEBUG - QTSrvCommunicator send_IdentifyOsysConsoleWeb - QTools returned : 263172 
08:41:26.696 DEBUG - QTSrvCommunicator send_CreateUserQuartisTools - message =  USR USER OBJ ADD [administrateur] [Administrateurs]
 {
 PASSWORD []
 }
 
08:41:26.696 DEBUG - QTConnector executeQuery - Sending ' USR USER OBJ ADD [administrateur] [Administrateurs]
 {
 PASSWORD []
 }
'... 
08:41:26.696 DEBUG - QTConnector executeQuery - Sent. 
08:41:26.696 DEBUG - QTConnector executeQuery - Reading response... 
08:41:26.696 DEBUG - QTConnector readResponse - starting to listen... 
08:41:26.696 DEBUG - QTConnector readResponse - read trame : ACK -10 
08:41:26.696 DEBUG - QTConnector executeQuery - Read: 'ACK -10'. 
08:41:26.696 DEBUG - QTSrvCommunicator send_CreateUserQuartisTools - QTools returned : -10 
08:41:26.696 DEBUG - QTSrvCommunicator send_UpdateUserQuartisTools - message :  USR USER OBJ SET [administrateur] [Administrateurs]
 {
 PASSWORD []
 }
 
08:41:26.696 DEBUG - QTConnector executeQuery - Sending ' USR USER OBJ SET [administrateur] [Administrateurs]
 {
 PASSWORD []
 }
'... 
08:41:26.696 DEBUG - QTConnector executeQuery - Sent. 
08:41:26.696 DEBUG - QTConnector executeQuery - Reading response... 
08:41:26.696 DEBUG - QTConnector readResponse - starting to listen... 
08:41:26.696 DEBUG - QTConnector readResponse - read trame : ACK 0 
08:41:26.696 DEBUG - QTConnector executeQuery - Read: 'ACK 0'. 
08:41:26.696 DEBUG - QTSrvCommunicator send_UpdateUserQuartisTools - QTools returned : 0 
08:41:26.696 DEBUG - QTConnector disconnect - Déconnexion... 
08:41:26.696 DEBUG - QTConnector disconnect - Déconnecté. 
08:41:26.696  INFO - QuartisToolsServiceImpl Mise à jour du user QuartisTools 'administrateur' dans le groupe 'Administrateurs' réussie. 
08:41:34.808 DEBUG - TransfertFile copyFile (pls) - Copie de 18 fichiers vers 'C:\Osys\QUARTIS_PRO\quartis-pro-web\users\administrateur\language.properties'... 
08:41:34.808 DEBUG - TransfertFile copyFile (pls) - Copie du fichier 0/18 : 'C:\Osys\QUARTIS_PRO\quartis-pro-web\Standard\OPTIMA_00_Standard\language.properties'. 
08:41:34.808 DEBUG - TransfertFile copyFile (fileChannel) - Copie de 'C:\Osys\QUARTIS_PRO\quartis-pro-web\Standard\OPTIMA_00_Standard\language.properties'... 
08:41:34.839 DEBUG - TransfertFile copyFile (fileChannel) - Fin de la copie. 
08:41:34.839 DEBUG - TransfertFile copyFile (pls) - Copie du fichier 1/18 : 'C:\Osys\QUARTIS_PRO\quartis-pro-web\Standard\OPTIMA_10_Personnel\language.properties'. 
08:41:34.839 DEBUG - TransfertFile copyFile (fileChannel) - Copie de 'C:\Osys\QUARTIS_PRO\quartis-pro-web\Standard\OPTIMA_10_Personnel\language.properties'... 
08:41:34.854 DEBUG - TransfertFile copyFile (fileChannel) - Fin de la copie. 
08:41:34.854 DEBUG - TransfertFile copyFile (pls) - Copie du fichier 2/18 : 'C:\Osys\QUARTIS_PRO\quartis-pro-web\Standard\OPTIMA_15_Equipement\language.properties'. 
08:41:34.854 DEBUG - TransfertFile copyFile (fileChannel) - Copie de 'C:\Osys\QUARTIS_PRO\quartis-pro-web\Standard\OPTIMA_15_Equipement\language.properties'... 
08:41:34.870 DEBUG - TransfertFile copyFile (fileChannel) - Fin de la copie. 
08:41:34.870 DEBUG - TransfertFile copyFile (pls) - Copie du fichier 3/18 : 'C:\Osys\QUARTIS_PRO\quartis-pro-web\Standard\OPTIMA_20_Production\language.properties'. 
08:41:34.870 DEBUG - TransfertFile copyFile (fileChannel) - Copie de 'C:\Osys\QUARTIS_PRO\quartis-pro-web\Standard\OPTIMA_20_Production\language.properties'... 
08:41:34.870 DEBUG - TransfertFile copyFile (fileChannel) - Fin de la copie. 
08:41:34.870 DEBUG - TransfertFile copyFile (pls) - Copie du fichier 4/18 : 'C:\Osys\QUARTIS_PRO\quartis-pro-web\Standard\OPTIMA_30_Outil\language.properties'. 
08:41:34.870 DEBUG - TransfertFile copyFile (fileChannel) - Copie de 'C:\Osys\QUARTIS_PRO\quartis-pro-web\Standard\OPTIMA_30_Outil\language.properties'... 
08:41:34.886 DEBUG - TransfertFile copyFile (fileChannel) - Fin de la copie. 
08:41:34.886 DEBUG - TransfertFile copyFile (pls) - Copie du fichier 5/18 : 'C:\Osys\QUARTIS_PRO\quartis-pro-web\Standard\OPTIMA_40_Maintenance\language.properties'. 
08:41:34.886 DEBUG - TransfertFile copyFile (fileChannel) - Copie de 'C:\Osys\QUARTIS_PRO\quartis-pro-web\Standard\OPTIMA_40_Maintenance\language.properties'... 
08:41:34.886 DEBUG - TransfertFile copyFile (fileChannel) - Fin de la copie. 
08:41:34.886 DEBUG - TransfertFile copyFile (pls) - Copie du fichier 6/18 : 'C:\Osys\QUARTIS_PRO\quartis-pro-web\Standard\OPTIMA_45_Controle\language.properties'. 
08:41:34.886 DEBUG - TransfertFile copyFile (fileChannel) - Copie de 'C:\Osys\QUARTIS_PRO\quartis-pro-web\Standard\OPTIMA_45_Controle\language.properties'... 
08:41:34.901 DEBUG - TransfertFile copyFile (fileChannel) - Fin de la copie. 
08:41:34.901 DEBUG - TransfertFile copyFile (pls) - Copie du fichier 7/18 : 'C:\Osys\QUARTIS_PRO\quartis-pro-web\Standard\OPTIMA_50_GF\language.properties'. 
08:41:34.901 DEBUG - TransfertFile copyFile (fileChannel) - Copie de 'C:\Osys\QUARTIS_PRO\quartis-pro-web\Standard\OPTIMA_50_GF\language.properties'... 
08:41:34.901 DEBUG - TransfertFile copyFile (fileChannel) - Fin de la copie. 
08:41:34.901 DEBUG - TransfertFile copyFile (pls) - Copie du fichier 8/18 : 'C:\Osys\QUARTIS_PRO\quartis-pro-web\Standard\OPTIMA_60_Tiers\language.properties'. 
08:41:34.901 DEBUG - TransfertFile copyFile (fileChannel) - Copie de 'C:\Osys\QUARTIS_PRO\quartis-pro-web\Standard\OPTIMA_60_Tiers\language.properties'... 
08:41:34.901 DEBUG - TransfertFile copyFile (fileChannel) - Fin de la copie. 
08:41:34.901 DEBUG - TransfertFile copyFile (pls) - Copie du fichier 9/18 : 'C:\Osys\QUARTIS_PRO\quartis-pro-web\Standard\OPTIMA_70_Tracabilite\language.properties'. 
08:41:34.901 DEBUG - TransfertFile copyFile (fileChannel) - Copie de 'C:\Osys\QUARTIS_PRO\quartis-pro-web\Standard\OPTIMA_70_Tracabilite\language.properties'... 
08:41:34.917 DEBUG - TransfertFile copyFile (fileChannel) - Fin de la copie. 
08:41:34.917 DEBUG - TransfertFile copyFile (pls) - Copie du fichier 10/18 : 'C:\Osys\QUARTIS_PRO\quartis-pro-web\Standard\OPTIMA_80_Documents\language.properties'. 
08:41:34.917 DEBUG - TransfertFile copyFile (fileChannel) - Copie de 'C:\Osys\QUARTIS_PRO\quartis-pro-web\Standard\OPTIMA_80_Documents\language.properties'... 
08:41:34.917 DEBUG - TransfertFile copyFile (fileChannel) - Fin de la copie. 
08:41:34.917 DEBUG - TransfertFile copyFile (pls) - Copie du fichier 11/18 : 'C:\Osys\QUARTIS_PRO\quartis-pro-web\Standard\OPTIMA_90_GDT\language.properties'. 
08:41:34.917 DEBUG - TransfertFile copyFile (fileChannel) - Copie de 'C:\Osys\QUARTIS_PRO\quartis-pro-web\Standard\OPTIMA_90_GDT\language.properties'... 
08:41:34.932 DEBUG - TransfertFile copyFile (fileChannel) - Fin de la copie. 
08:41:34.932 DEBUG - TransfertFile copyFile (pls) - Copie du fichier 12/18 : 'C:\Osys\QUARTIS_PRO\quartis-pro-web\Standard\OPTIMA_98_About\language.properties'. 
08:41:34.932 DEBUG - TransfertFile copyFile (fileChannel) - Copie de 'C:\Osys\QUARTIS_PRO\quartis-pro-web\Standard\OPTIMA_98_About\language.properties'... 
08:41:34.932 DEBUG - TransfertFile copyFile (fileChannel) - Fin de la copie. 
08:41:34.932 DEBUG - TransfertFile copyFile (pls) - Copie du fichier 13/18 : 'C:\Osys\QUARTIS_PRO\quartis-pro-web\Standard\restrictions\language.properties'. 
08:41:34.932 DEBUG - TransfertFile copyFile (fileChannel) - Copie de 'C:\Osys\QUARTIS_PRO\quartis-pro-web\Standard\restrictions\language.properties'... 
08:41:34.932 DEBUG - TransfertFile copyFile (fileChannel) - Fin de la copie. 
08:41:34.932 DEBUG - TransfertFile copyFile (pls) - Copie du fichier 14/18 : 'C:\Osys\QUARTIS_PRO\quartis-pro-web\Standard\templates\pdf-footer\language.properties'. 
08:41:34.932 DEBUG - TransfertFile copyFile (fileChannel) - Copie de 'C:\Osys\QUARTIS_PRO\quartis-pro-web\Standard\templates\pdf-footer\language.properties'... 
08:41:34.932 DEBUG - TransfertFile copyFile (fileChannel) - Fin de la copie. 
08:41:34.932 DEBUG - TransfertFile copyFile (pls) - Copie du fichier 15/18 : 'C:\Osys\QUARTIS_PRO\quartis-pro-web\Standard\templates\pdf-header\language.properties'. 
08:41:34.932 DEBUG - TransfertFile copyFile (fileChannel) - Copie de 'C:\Osys\QUARTIS_PRO\quartis-pro-web\Standard\templates\pdf-header\language.properties'... 
08:41:34.948 DEBUG - TransfertFile copyFile (fileChannel) - Fin de la copie. 
08:41:34.948 DEBUG - TransfertFile copyFile (pls) - Copie du fichier 16/18 : 'C:\Osys\QUARTIS_PRO\quartis-pro-web\Specifiques\templates\pdf-footer\language.properties'. 
08:41:34.948 DEBUG - TransfertFile copyFile (fileChannel) - Copie de 'C:\Osys\QUARTIS_PRO\quartis-pro-web\Specifiques\templates\pdf-footer\language.properties'... 
08:41:34.948 DEBUG - TransfertFile copyFile (fileChannel) - Fin de la copie. 
08:41:34.948 DEBUG - TransfertFile copyFile (pls) - Copie du fichier 17/18 : 'C:\Osys\QUARTIS_PRO\quartis-pro-web\Specifiques\templates\pdf-header\language.properties'. 
08:41:34.948 DEBUG - TransfertFile copyFile (fileChannel) - Copie de 'C:\Osys\QUARTIS_PRO\quartis-pro-web\Specifiques\templates\pdf-header\language.properties'... 
08:41:34.948 DEBUG - TransfertFile copyFile (fileChannel) - Fin de la copie. 
08:41:34.948 DEBUG - TransfertFile copyFile (pls) - Fin de la copie. 
08:41:35.650 DEBUG - TransfertFile copyFile (pls) - Copie de 18 fichiers vers 'C:\Osys\QUARTIS_PRO\quartis-pro-web\users\administrateur\language_fr.properties'... 
08:41:35.650 DEBUG - TransfertFile copyFile (pls) - Copie du fichier 0/18 : 'C:\Osys\QUARTIS_PRO\quartis-pro-web\Standard\OPTIMA_00_Standard\language_fr.properties'. 
08:41:35.650 DEBUG - TransfertFile copyFile (fileChannel) - Copie de 'C:\Osys\QUARTIS_PRO\quartis-pro-web\Standard\OPTIMA_00_Standard\language_fr.properties'... 
08:41:35.650 DEBUG - TransfertFile copyFile (fileChannel) - Fin de la copie. 
08:41:35.650 DEBUG - TransfertFile copyFile (pls) - Copie du fichier 1/18 : 'C:\Osys\QUARTIS_PRO\quartis-pro-web\Standard\OPTIMA_10_Personnel\language_fr.properties'. 
08:41:35.650 DEBUG - TransfertFile copyFile (fileChannel) - Copie de 'C:\Osys\QUARTIS_PRO\quartis-pro-web\Standard\OPTIMA_10_Personnel\language_fr.properties'... 
08:41:35.666 DEBUG - TransfertFile copyFile (fileChannel) - Fin de la copie. 
08:41:35.666 DEBUG - TransfertFile copyFile (pls) - Copie du fichier 2/18 : 'C:\Osys\QUARTIS_PRO\quartis-pro-web\Standard\OPTIMA_15_Equipement\language_fr.properties'. 
08:41:35.666 DEBUG - TransfertFile copyFile (fileChannel) - Copie de 'C:\Osys\QUARTIS_PRO\quartis-pro-web\Standard\OPTIMA_15_Equipement\language_fr.properties'... 
08:41:35.666 DEBUG - TransfertFile copyFile (fileChannel) - Fin de la copie. 
08:41:35.666 DEBUG - TransfertFile copyFile (pls) - Copie du fichier 3/18 : 'C:\Osys\QUARTIS_PRO\quartis-pro-web\Standard\OPTIMA_20_Production\language_fr.properties'. 
08:41:35.666 DEBUG - TransfertFile copyFile (fileChannel) - Copie de 'C:\Osys\QUARTIS_PRO\quartis-pro-web\Standard\OPTIMA_20_Production\language_fr.properties'... 
08:41:35.681 DEBUG - TransfertFile copyFile (fileChannel) - Fin de la copie. 
08:41:35.681 DEBUG - TransfertFile copyFile (pls) - Copie du fichier 4/18 : 'C:\Osys\QUARTIS_PRO\quartis-pro-web\Standard\OPTIMA_30_Outil\language_fr.properties'. 
08:41:35.681 DEBUG - TransfertFile copyFile (fileChannel) - Copie de 'C:\Osys\QUARTIS_PRO\quartis-pro-web\Standard\OPTIMA_30_Outil\language_fr.properties'... 
08:41:35.681 DEBUG - TransfertFile copyFile (fileChannel) - Fin de la copie. 
08:41:35.681 DEBUG - TransfertFile copyFile (pls) - Copie du fichier 5/18 : 'C:\Osys\QUARTIS_PRO\quartis-pro-web\Standard\OPTIMA_40_Maintenance\language_fr.properties'. 
08:41:35.681 DEBUG - TransfertFile copyFile (fileChannel) - Copie de 'C:\Osys\QUARTIS_PRO\quartis-pro-web\Standard\OPTIMA_40_Maintenance\language_fr.properties'... 
08:41:35.697 DEBUG - TransfertFile copyFile (fileChannel) - Fin de la copie. 
08:41:35.697 DEBUG - TransfertFile copyFile (pls) - Copie du fichier 6/18 : 'C:\Osys\QUARTIS_PRO\quartis-pro-web\Standard\OPTIMA_45_Controle\language_fr.properties'. 
08:41:35.697 DEBUG - TransfertFile copyFile (fileChannel) - Copie de 'C:\Osys\QUARTIS_PRO\quartis-pro-web\Standard\OPTIMA_45_Controle\language_fr.properties'... 
08:41:35.697 DEBUG - TransfertFile copyFile (fileChannel) - Fin de la copie. 
08:41:35.697 DEBUG - TransfertFile copyFile (pls) - Copie du fichier 7/18 : 'C:\Osys\QUARTIS_PRO\quartis-pro-web\Standard\OPTIMA_50_GF\language_fr.properties'. 
08:41:35.697 DEBUG - TransfertFile copyFile (fileChannel) - Copie de 'C:\Osys\QUARTIS_PRO\quartis-pro-web\Standard\OPTIMA_50_GF\language_fr.properties'... 
08:41:35.712 DEBUG - TransfertFile copyFile (fileChannel) - Fin de la copie. 
08:41:35.712 DEBUG - TransfertFile copyFile (pls) - Copie du fichier 8/18 : 'C:\Osys\QUARTIS_PRO\quartis-pro-web\Standard\OPTIMA_60_Tiers\language_fr.properties'. 
08:41:35.712 DEBUG - TransfertFile copyFile (fileChannel) - Copie de 'C:\Osys\QUARTIS_PRO\quartis-pro-web\Standard\OPTIMA_60_Tiers\language_fr.properties'... 
08:41:35.712 DEBUG - TransfertFile copyFile (fileChannel) - Fin de la copie. 
08:41:35.712 DEBUG - TransfertFile copyFile (pls) - Copie du fichier 9/18 : 'C:\Osys\QUARTIS_PRO\quartis-pro-web\Standard\OPTIMA_70_Tracabilite\language_fr.properties'. 
08:41:35.712 DEBUG - TransfertFile copyFile (fileChannel) - Copie de 'C:\Osys\QUARTIS_PRO\quartis-pro-web\Standard\OPTIMA_70_Tracabilite\language_fr.properties'... 
08:41:35.728 DEBUG - TransfertFile copyFile (fileChannel) - Fin de la copie. 
08:41:35.728 DEBUG - TransfertFile copyFile (pls) - Copie du fichier 10/18 : 'C:\Osys\QUARTIS_PRO\quartis-pro-web\Standard\OPTIMA_80_Documents\language_fr.properties'. 
08:41:35.728 DEBUG - TransfertFile copyFile (fileChannel) - Copie de 'C:\Osys\QUARTIS_PRO\quartis-pro-web\Standard\OPTIMA_80_Documents\language_fr.properties'... 
08:41:35.728 DEBUG - TransfertFile copyFile (fileChannel) - Fin de la copie. 
08:41:35.728 DEBUG - TransfertFile copyFile (pls) - Copie du fichier 11/18 : 'C:\Osys\QUARTIS_PRO\quartis-pro-web\Standard\OPTIMA_90_GDT\language_fr.properties'. 
08:41:35.728 DEBUG - TransfertFile copyFile (fileChannel) - Copie de 'C:\Osys\QUARTIS_PRO\quartis-pro-web\Standard\OPTIMA_90_GDT\language_fr.properties'... 
08:41:35.744 DEBUG - TransfertFile copyFile (fileChannel) - Fin de la copie. 
08:41:35.744 DEBUG - TransfertFile copyFile (pls) - Copie du fichier 12/18 : 'C:\Osys\QUARTIS_PRO\quartis-pro-web\Standard\OPTIMA_98_About\language_fr.properties'. 
08:41:35.744 DEBUG - TransfertFile copyFile (fileChannel) - Copie de 'C:\Osys\QUARTIS_PRO\quartis-pro-web\Standard\OPTIMA_98_About\language_fr.properties'... 
08:41:35.744 DEBUG - TransfertFile copyFile (fileChannel) - Fin de la copie. 
08:41:35.744 DEBUG - TransfertFile copyFile (pls) - Copie du fichier 13/18 : 'C:\Osys\QUARTIS_PRO\quartis-pro-web\Standard\restrictions\language_fr.properties'. 
08:41:35.744 DEBUG - TransfertFile copyFile (fileChannel) - Copie de 'C:\Osys\QUARTIS_PRO\quartis-pro-web\Standard\restrictions\language_fr.properties'... 
08:41:35.744 DEBUG - TransfertFile copyFile (fileChannel) - Fin de la copie. 
08:41:35.744 DEBUG - TransfertFile copyFile (pls) - Copie du fichier 14/18 : 'C:\Osys\QUARTIS_PRO\quartis-pro-web\Standard\templates\pdf-footer\language_fr.properties'. 
08:41:35.744 DEBUG - TransfertFile copyFile (fileChannel) - Copie de 'C:\Osys\QUARTIS_PRO\quartis-pro-web\Standard\templates\pdf-footer\language_fr.properties'... 
08:41:35.744 DEBUG - TransfertFile copyFile (fileChannel) - Fin de la copie. 
08:41:35.744 DEBUG - TransfertFile copyFile (pls) - Copie du fichier 15/18 : 'C:\Osys\QUARTIS_PRO\quartis-pro-web\Standard\templates\pdf-header\language_fr.properties'. 
08:41:35.744 DEBUG - TransfertFile copyFile (fileChannel) - Copie de 'C:\Osys\QUARTIS_PRO\quartis-pro-web\Standard\templates\pdf-header\language_fr.properties'... 
08:41:35.759 DEBUG - TransfertFile copyFile (fileChannel) - Fin de la copie. 
08:41:35.759 DEBUG - TransfertFile copyFile (pls) - Copie du fichier 16/18 : 'C:\Osys\QUARTIS_PRO\quartis-pro-web\Specifiques\templates\pdf-footer\language_fr.properties'. 
08:41:35.759 DEBUG - TransfertFile copyFile (fileChannel) - Copie de 'C:\Osys\QUARTIS_PRO\quartis-pro-web\Specifiques\templates\pdf-footer\language_fr.properties'... 
08:41:35.759 DEBUG - TransfertFile copyFile (fileChannel) - Fin de la copie. 
08:41:35.759 DEBUG - TransfertFile copyFile (pls) - Copie du fichier 17/18 : 'C:\Osys\QUARTIS_PRO\quartis-pro-web\Specifiques\templates\pdf-header\language_fr.properties'. 
08:41:35.759 DEBUG - TransfertFile copyFile (fileChannel) - Copie de 'C:\Osys\QUARTIS_PRO\quartis-pro-web\Specifiques\templates\pdf-header\language_fr.properties'... 
08:41:35.759 DEBUG - TransfertFile copyFile (fileChannel) - Fin de la copie. 
08:41:35.759 DEBUG - TransfertFile copyFile (pls) - Fin de la copie. 
08:41:35.759 DEBUG - LanguageFileManager buildPropertiesGen - Création de 'C:\Osys\QUARTIS_PRO\quartis-pro-web\users\administrateur\language_fr.properties'... 
08:41:35.822 DEBUG - LanguageFileManager buildPropertiesGen - Fin de la création. 
08:41:46.960 DEBUG - TableDivTransformer createFileName ()--> Nom du fichier export = _Personnel_Activite_EnCours_Liste_1 
08:41:46.960 DEBUG - TableDivTransformer createFileName ()--> Nom du fichier export = _Personnel_Activite_EnCours_Liste_1 
08:41:46.991 DEBUG - TableExcelTransformer actionPerformed - Ecriture dans le fichier 'C:\Osys\QuartisTools\Tomcat\webapps\Quartis-Web\.\work\_0.0.0.0.0.0.0.1-administrateur\_Personnel_Activite_EnCours_Liste_1\_Personnel_Activite_EnCours_Liste_1.xls'... 
08:41:46.991 DEBUG - TableExcelTransformer actionPerformed - Ecriture dans le fichier 'C:\Osys\QuartisTools\Tomcat\webapps\Quartis-Web\.\work\_0.0.0.0.0.0.0.1-administrateur\_Personnel_Activite_EnCours_Liste_1\_Personnel_Activite_EnCours_Liste_1.xls'... 
08:41:46.991 DEBUG - TableExcelTransformer actionPerformed - Ecriture dans le fichier 'C:\Osys\QuartisTools\Tomcat\webapps\Quartis-Web\.\work\_0.0.0.0.0.0.0.1-administrateur\_Personnel_Activite_EnCours_Liste_1\_Personnel_Activite_EnCours_Liste_1.xls'... 
08:41:46.991 DEBUG - TableExcelTransformer actionPerformed - Ecriture dans le fichier 'C:\Osys\QuartisTools\Tomcat\webapps\Quartis-Web\.\work\_0.0.0.0.0.0.0.1-administrateur\_Personnel_Activite_EnCours_Liste_1\_Personnel_Activite_EnCours_Liste_1.xls'... 
08:41:48.333 DEBUG - TableExcelTransformer actionPerformed - Fin de l'écriture dans le fichier. 
08:41:48.333 DEBUG - TableExcelTransformer actionPerformed - Fin de l'écriture dans le fichier. 
08:41:51.188 DEBUG - TableDivTransformer createFileName ()--> Nom du fichier export = _Personnel_Activite_EnCours_Liste_1 
08:41:51.188 DEBUG - TableExcelTransformer actionPerformed - Ecriture dans le fichier 'C:\Osys\QuartisTools\Tomcat\webapps\Quartis-Web\.\work\_0.0.0.0.0.0.0.1-administrateur\_Personnel_Activite_EnCours_Liste_1\_Personnel_Activite_EnCours_Liste_1.xls'... 
08:41:51.188 DEBUG - TableExcelTransformer actionPerformed - Ecriture dans le fichier 'C:\Osys\QuartisTools\Tomcat\webapps\Quartis-Web\.\work\_0.0.0.0.0.0.0.1-administrateur\_Personnel_Activite_EnCours_Liste_1\_Personnel_Activite_EnCours_Liste_1.xls'... 
08:41:51.219 DEBUG - TableExcelTransformer actionPerformed - Fin de l'écriture dans le fichier. 
08:41:55.277 DEBUG - TableDivTransformer createFileName ()--> Nom du fichier export = _Personnel_Activite_EnCours_Liste_1 
08:41:55.277 DEBUG - TableExcelTransformer actionPerformed - Ecriture dans le fichier 'C:\Osys\QuartisTools\Tomcat\webapps\Quartis-Web\.\work\_0.0.0.0.0.0.0.1-administrateur\_Personnel_Activite_EnCours_Liste_1\_Personnel_Activite_EnCours_Liste_1.xls'... 
08:41:55.277 DEBUG - TableExcelTransformer actionPerformed - Ecriture dans le fichier 'C:\Osys\QuartisTools\Tomcat\webapps\Quartis-Web\.\work\_0.0.0.0.0.0.0.1-administrateur\_Personnel_Activite_EnCours_Liste_1\_Personnel_Activite_EnCours_Liste_1.xls'... 
08:41:55.308 DEBUG - TableExcelTransformer actionPerformed - Fin de l'écriture dans le fichier. 
08:41:59.099 DEBUG - GSqlQueryGeneratorSqlServer --->table =PERSONNEL query =set rowcount 3000  SELECT MATR_SITE  , MATR  , CODE_BADG  , FLAG_INTE  , NOM  , PREN  , ADRE_TELE  , ADRE_MAIL  , FLAG_BADG_BLOQ  , NOMB_ACTI_MAXI  , FLAG_SUIV_POIN  , KELI_KEY  , FLAG_GEST_PLAN  , FLAG_KELI_IMPO  , LIEN_IMAG  , CODE_HORA_1  , CODE_SERV  , CODE_EQUI_DEFA  , CODE_ATEL  , CODE_ATEL_DEFA  , CODE_SECT_GEOG  , CODE_SECT_GEOG_DEFA  , CODE_ETAT_PERS_DEFA  , CONVERT(NVARCHAR, DATEADD(SECOND, DELT_HEUR_UTC,DATE_DERN_POIN), 103) +' '+CONVERT(NVARCHAR, DATEADD(SECOND, DELT_HEUR_UTC,DATE_DERN_POIN), 108) AS DATE_DERN_POIN  , CODE_SITE  , DELT_HEUR_UTC  , CONVERT(NVARCHAR, DATEADD(SECOND, DELT_HEUR_UTC,DATE_EXPO_DIMO), 103) +' '+CONVERT(NVARCHAR, DATEADD(SECOND, DELT_HEUR_UTC,DATE_EXPO_DIMO), 108) AS DATE_EXPO_DIMO  , FLAG_HABI_MACH  , FLAG_SUPP FROM PERSONNEL  WHERE ( CODE_SITE = 'FAB')  ORDER BY MATR_SITE ASC  
08:42:30.197 ERROR - FormulairesManagedBean null 
08:42:30.197 ERROR - FormulairesManagedBean null 
08:42:30.197 ERROR - FormulairesManagedBean null 
08:42:30.197 ERROR - FormulairesManagedBean null 
08:42:30.197 ERROR - FormulairesManagedBean null 
08:42:30.197 ERROR - FormulairesManagedBean null 
08:42:30.197 ERROR - FormulairesManagedBean null 
08:42:30.197 ERROR - FormulairesManagedBean null 
08:42:30.197 ERROR - FormulairesManagedBean null 
08:42:30.197 ERROR - FormulairesManagedBean null 
08:42:30.197 ERROR - FormulairesManagedBean null 
08:52:46.983 DEBUG - GSqlQueryGeneratorSqlServer --->table =PERSONNEL query =set rowcount 3000  SELECT MATR_SITE  , MATR  , CODE_BADG  , FLAG_INTE  , NOM  , PREN  , ADRE_TELE  , ADRE_MAIL  , FLAG_BADG_BLOQ  , NOMB_ACTI_MAXI  , FLAG_SUIV_POIN  , KELI_KEY  , FLAG_GEST_PLAN  , FLAG_KELI_IMPO  , LIEN_IMAG  , CODE_HORA_1  , CODE_SERV  , CODE_EQUI_DEFA  , CODE_ATEL  , CODE_ATEL_DEFA  , CODE_SECT_GEOG  , CODE_SECT_GEOG_DEFA  , CODE_ETAT_PERS_DEFA  , CONVERT(NVARCHAR, DATEADD(SECOND, DELT_HEUR_UTC,DATE_DERN_POIN), 103) +' '+CONVERT(NVARCHAR, DATEADD(SECOND, DELT_HEUR_UTC,DATE_DERN_POIN), 108) AS DATE_DERN_POIN  , CODE_SITE  , DELT_HEUR_UTC  , CONVERT(NVARCHAR, DATEADD(SECOND, DELT_HEUR_UTC,DATE_EXPO_DIMO), 103) +' '+CONVERT(NVARCHAR, DATEADD(SECOND, DELT_HEUR_UTC,DATE_EXPO_DIMO), 108) AS DATE_EXPO_DIMO  , FLAG_HABI_MACH  , FLAG_SUPP FROM PERSONNEL  WHERE ( CODE_SITE = 'FAB')  AND ( FLAG_BADG_BLOQ LIKE  '%'  OR FLAG_BADG_BLOQ IS NULL  )  ORDER BY MATR_SITE ASC  
08:52:56.566 DEBUG - GSqlQueryGeneratorSqlServer --->table =FAMILLE_ETAT_PERS query =set rowcount 3000  SELECT CODE_FAMI_ETAT_SITE  , CODE_FAMI_ETAT  , dbo.OPTIMA_TRADUCTION(DESI_FAMI_ETAT,'fr') +'@KEYLANG_'+DESI_FAMI_ETAT AS DESI_FAMI_ETAT  , NUME_COLO  , CODE_SITE  FROM FAMILLE_ETAT_PERS  WHERE ( CODE_SITE = 'FAB')  ORDER BY CODE_FAMI_ETAT_SITE ASC  
08:52:58.342 DEBUG - GSqlQueryGeneratorSqlServer --->table =PERSONNEL query =set rowcount 3000  SELECT MATR_SITE  , MATR  , CODE_BADG  , FLAG_INTE  , NOM  , PREN  , ADRE_TELE  , ADRE_MAIL  , FLAG_BADG_BLOQ  , NOMB_ACTI_MAXI  , FLAG_SUIV_POIN  , KELI_KEY  , FLAG_GEST_PLAN  , FLAG_KELI_IMPO  , LIEN_IMAG  , CODE_HORA_1  , CODE_SERV  , CODE_EQUI_DEFA  , CODE_ATEL  , CODE_ATEL_DEFA  , CODE_SECT_GEOG  , CODE_SECT_GEOG_DEFA  , CODE_ETAT_PERS_DEFA  , CONVERT(NVARCHAR, DATEADD(SECOND, DELT_HEUR_UTC,DATE_DERN_POIN), 103) +' '+CONVERT(NVARCHAR, DATEADD(SECOND, DELT_HEUR_UTC,DATE_DERN_POIN), 108) AS DATE_DERN_POIN  , CODE_SITE  , DELT_HEUR_UTC  , CONVERT(NVARCHAR, DATEADD(SECOND, DELT_HEUR_UTC,DATE_EXPO_DIMO), 103) +' '+CONVERT(NVARCHAR, DATEADD(SECOND, DELT_HEUR_UTC,DATE_EXPO_DIMO), 108) AS DATE_EXPO_DIMO  , FLAG_HABI_MACH  , FLAG_SUPP FROM PERSONNEL  WHERE ( CODE_SITE = 'FAB')  ORDER BY MATR_SITE ASC  
08:53:07.949 DEBUG - GSqlQueryGeneratorSqlServer --->table =PERSONNEL query =set rowcount 3000  SELECT MATR_SITE  , MATR  , CODE_BADG  , FLAG_INTE  , NOM  , PREN  , ADRE_TELE  , ADRE_MAIL  , FLAG_BADG_BLOQ  , NOMB_ACTI_MAXI  , FLAG_SUIV_POIN  , KELI_KEY  , FLAG_GEST_PLAN  , FLAG_KELI_IMPO  , LIEN_IMAG  , CODE_HORA_1  , CODE_SERV  , CODE_EQUI_DEFA  , CODE_ATEL  , CODE_ATEL_DEFA  , CODE_SECT_GEOG  , CODE_SECT_GEOG_DEFA  , CODE_ETAT_PERS_DEFA  , CONVERT(NVARCHAR, DATEADD(SECOND, DELT_HEUR_UTC,DATE_DERN_POIN), 103) +' '+CONVERT(NVARCHAR, DATEADD(SECOND, DELT_HEUR_UTC,DATE_DERN_POIN), 108) AS DATE_DERN_POIN  , CODE_SITE  , DELT_HEUR_UTC  , CONVERT(NVARCHAR, DATEADD(SECOND, DELT_HEUR_UTC,DATE_EXPO_DIMO), 103) +' '+CONVERT(NVARCHAR, DATEADD(SECOND, DELT_HEUR_UTC,DATE_EXPO_DIMO), 108) AS DATE_EXPO_DIMO  , FLAG_HABI_MACH  , FLAG_SUPP FROM PERSONNEL  WHERE ( CODE_SITE = 'FAB')  AND ( MATR_SITE LIKE  '1003'  )  AND ( FLAG_BADG_BLOQ LIKE  '%'  OR FLAG_BADG_BLOQ IS NULL  )  ORDER BY MATR_SITE ASC  
08:53:18.783 DEBUG - GSqlQueryGeneratorSqlServer --->table =PERSONNEL query =set rowcount 3000  SELECT MATR_SITE  , MATR  , CODE_BADG  , FLAG_INTE  , NOM  , PREN  , ADRE_TELE  , ADRE_MAIL  , FLAG_BADG_BLOQ  , NOMB_ACTI_MAXI  , FLAG_SUIV_POIN  , KELI_KEY  , FLAG_GEST_PLAN  , FLAG_KELI_IMPO  , LIEN_IMAG  , CODE_HORA_1  , CODE_SERV  , CODE_EQUI_DEFA  , CODE_ATEL  , CODE_ATEL_DEFA  , CODE_SECT_GEOG  , CODE_SECT_GEOG_DEFA  , CODE_ETAT_PERS_DEFA  , CONVERT(NVARCHAR, DATEADD(SECOND, DELT_HEUR_UTC,DATE_DERN_POIN), 103) +' '+CONVERT(NVARCHAR, DATEADD(SECOND, DELT_HEUR_UTC,DATE_DERN_POIN), 108) AS DATE_DERN_POIN  , CODE_SITE  , DELT_HEUR_UTC  , CONVERT(NVARCHAR, DATEADD(SECOND, DELT_HEUR_UTC,DATE_EXPO_DIMO), 103) +' '+CONVERT(NVARCHAR, DATEADD(SECOND, DELT_HEUR_UTC,DATE_EXPO_DIMO), 108) AS DATE_EXPO_DIMO  , FLAG_HABI_MACH  , FLAG_SUPP FROM PERSONNEL  WHERE ( CODE_SITE = 'FAB')  AND ( MATR_SITE LIKE  '1003'  )  AND ( FLAG_BADG_BLOQ LIKE  '%'  OR FLAG_BADG_BLOQ IS NULL  )  ORDER BY MATR_SITE ASC  
08:53:23.433 DEBUG - GSqlQueryGeneratorSqlServer --->table =PERSONNEL query =set rowcount 3000  SELECT MATR_SITE  , MATR  , CODE_BADG  , FLAG_INTE  , NOM  , PREN  , ADRE_TELE  , ADRE_MAIL  , FLAG_BADG_BLOQ  , NOMB_ACTI_MAXI  , FLAG_SUIV_POIN  , KELI_KEY  , FLAG_GEST_PLAN  , FLAG_KELI_IMPO  , LIEN_IMAG  , CODE_HORA_1  , CODE_SERV  , CODE_EQUI_DEFA  , CODE_ATEL  , CODE_ATEL_DEFA  , CODE_SECT_GEOG  , CODE_SECT_GEOG_DEFA  , CODE_ETAT_PERS_DEFA  , CONVERT(NVARCHAR, DATEADD(SECOND, DELT_HEUR_UTC,DATE_DERN_POIN), 103) +' '+CONVERT(NVARCHAR, DATEADD(SECOND, DELT_HEUR_UTC,DATE_DERN_POIN), 108) AS DATE_DERN_POIN  , CODE_SITE  , DELT_HEUR_UTC  , CONVERT(NVARCHAR, DATEADD(SECOND, DELT_HEUR_UTC,DATE_EXPO_DIMO), 103) +' '+CONVERT(NVARCHAR, DATEADD(SECOND, DELT_HEUR_UTC,DATE_EXPO_DIMO), 108) AS DATE_EXPO_DIMO  , FLAG_HABI_MACH  , FLAG_SUPP FROM PERSONNEL  WHERE ( CODE_SITE = 'FAB')  ORDER BY MATR_SITE ASC  
08:55:51.111 DEBUG - GSqlQueryGeneratorSqlServer --->table =PERSONNEL query =set rowcount 3000  SELECT MATR_SITE  , MATR  , CODE_BADG  , FLAG_INTE  , NOM  , PREN  , ADRE_TELE  , ADRE_MAIL  , FLAG_BADG_BLOQ  , NOMB_ACTI_MAXI  , FLAG_SUIV_POIN  , KELI_KEY  , FLAG_GEST_PLAN  , FLAG_KELI_IMPO  , LIEN_IMAG  , CODE_HORA_1  , CODE_SERV  , CODE_EQUI_DEFA  , CODE_ATEL  , CODE_ATEL_DEFA  , CODE_SECT_GEOG  , CODE_SECT_GEOG_DEFA  , CODE_ETAT_PERS_DEFA  , CONVERT(NVARCHAR, DATEADD(SECOND, DELT_HEUR_UTC,DATE_DERN_POIN), 103) +' '+CONVERT(NVARCHAR, DATEADD(SECOND, DELT_HEUR_UTC,DATE_DERN_POIN), 108) AS DATE_DERN_POIN  , CODE_SITE  , DELT_HEUR_UTC  , CONVERT(NVARCHAR, DATEADD(SECOND, DELT_HEUR_UTC,DATE_EXPO_DIMO), 103) +' '+CONVERT(NVARCHAR, DATEADD(SECOND, DELT_HEUR_UTC,DATE_EXPO_DIMO), 108) AS DATE_EXPO_DIMO  , FLAG_HABI_MACH  , FLAG_SUPP FROM PERSONNEL  WHERE ( CODE_SITE = 'FAB')  AND ( FLAG_BADG_BLOQ LIKE  '%'  OR FLAG_BADG_BLOQ IS NULL  )  ORDER BY MATR_SITE ASC  
08:56:07.096 DEBUG - ConnexionManagedBean Déconnexion de : administrateur (ADMINISTRATEUR ADMINISTRATEUR) 
08:56:12.034 DEBUG - LoginManagedBean user.id = administrateur, connecté par login/mdp Osys 
08:56:12.143 DEBUG - QTConnector connect - Connecting... 
08:56:12.159 DEBUG - QTConnector connect - Connected. 
08:56:12.159 DEBUG - QTConnector executeQuery - Sending 'USER @ID0 [] serveur_web SERVEUR-WEB'... 
08:56:12.159 DEBUG - QTConnector executeQuery - Sent. 
08:56:12.159 DEBUG - QTConnector executeQuery - Reading response... 
08:56:12.159 DEBUG - QTConnector readResponse - starting to listen... 
08:56:12.159 DEBUG - QTConnector readResponse - read trame : ACK 263172 
08:56:12.159 DEBUG - QTConnector executeQuery - Read: 'ACK 263172'. 
08:56:12.159 DEBUG - QTInternalCommunicator send_IdentifyOsysConsoleWeb - QTools returned : 263172 
08:56:12.159 DEBUG - QTConnector executeQuery - Sending 'LST_USER_CONNECT'... 
08:56:12.159 DEBUG - QTConnector executeQuery - Sent. 
08:56:12.159 DEBUG - QTConnector executeQuery - Reading response... 
08:56:12.159 DEBUG - QTConnector readResponse - starting to listen... 
08:56:12.159 DEBUG - QTConnector readResponse - read trame : <lstuserconnect max="3" connect="1" />\x0a 
08:56:12.159 DEBUG - QTConnector executeQuery - Read: '<lstuserconnect max="3" connect="1" />\x0a'. 
08:56:12.159 DEBUG - QTConnector disconnect - Déconnexion... 
08:56:12.159 DEBUG - QTConnector disconnect - Déconnecté. 
08:56:12.190 DEBUG - QuartisToolsServiceImpl createOrUpdateUser - username : 'administrateur', groupName : 'Administrateurs'... 
08:56:12.190 DEBUG - QTConnector connect - Connecting... 
08:56:12.190 DEBUG - QTConnector connect - Connected. 
08:56:12.190 DEBUG - QTConnector executeQuery - Sending 'USER @ID0 [] serveur_web SERVEUR-WEB'... 
08:56:12.190 DEBUG - QTConnector executeQuery - Sent. 
08:56:12.190 DEBUG - QTConnector executeQuery - Reading response... 
08:56:12.190 DEBUG - QTConnector readResponse - starting to listen... 
08:56:12.190 DEBUG - QTConnector readResponse - read trame : ACK 263172 
08:56:12.190 DEBUG - QTConnector executeQuery - Read: 'ACK 263172'. 
08:56:12.190 DEBUG - QTSrvCommunicator send_IdentifyOsysConsoleWeb - QTools returned : 263172 
08:56:12.190 DEBUG - QTSrvCommunicator send_CreateUserQuartisTools - message =  USR USER OBJ ADD [administrateur] [Administrateurs]
 {
 PASSWORD []
 }
 
08:56:12.190 DEBUG - QTConnector executeQuery - Sending ' USR USER OBJ ADD [administrateur] [Administrateurs]
 {
 PASSWORD []
 }
'... 
08:56:12.190 DEBUG - QTConnector executeQuery - Sent. 
08:56:12.190 DEBUG - QTConnector executeQuery - Reading response... 
08:56:12.190 DEBUG - QTConnector readResponse - starting to listen... 
08:56:12.190 DEBUG - QTConnector readResponse - read trame : ACK -10 
08:56:12.190 DEBUG - QTConnector executeQuery - Read: 'ACK -10'. 
08:56:12.190 DEBUG - QTSrvCommunicator send_CreateUserQuartisTools - QTools returned : -10 
08:56:12.190 DEBUG - QTSrvCommunicator send_UpdateUserQuartisTools - message :  USR USER OBJ SET [administrateur] [Administrateurs]
 {
 PASSWORD []
 }
 
08:56:12.190 DEBUG - QTConnector executeQuery - Sending ' USR USER OBJ SET [administrateur] [Administrateurs]
 {
 PASSWORD []
 }
'... 
08:56:12.190 DEBUG - QTConnector executeQuery - Sent. 
08:56:12.190 DEBUG - QTConnector executeQuery - Reading response... 
08:56:12.190 DEBUG - QTConnector readResponse - starting to listen... 
08:56:12.190 DEBUG - QTConnector readResponse - read trame : ACK 0 
08:56:12.190 DEBUG - QTConnector executeQuery - Read: 'ACK 0'. 
08:56:12.190 DEBUG - QTSrvCommunicator send_UpdateUserQuartisTools - QTools returned : 0 
08:56:12.190 DEBUG - QTConnector disconnect - Déconnexion... 
08:56:12.190 DEBUG - QTConnector disconnect - Déconnecté. 
08:56:12.190  INFO - QuartisToolsServiceImpl Mise à jour du user QuartisTools 'administrateur' dans le groupe 'Administrateurs' réussie. 
08:56:23.640 DEBUG - TableDivTransformer createFileName ()--> Nom du fichier export = _Personnel_Activite_EnCours_Liste_1 
08:56:23.640 DEBUG - TableExcelTransformer actionPerformed - Ecriture dans le fichier 'C:\Osys\QuartisTools\Tomcat\webapps\Quartis-Web\.\work\_0.0.0.0.0.0.0.1-administrateur\_Personnel_Activite_EnCours_Liste_1\_Personnel_Activite_EnCours_Liste_1.xls'... 
08:56:23.640 DEBUG - TableExcelTransformer actionPerformed - Ecriture dans le fichier 'C:\Osys\QuartisTools\Tomcat\webapps\Quartis-Web\.\work\_0.0.0.0.0.0.0.1-administrateur\_Personnel_Activite_EnCours_Liste_1\_Personnel_Activite_EnCours_Liste_1.xls'... 
08:56:23.671 DEBUG - TableExcelTransformer actionPerformed - Fin de l'écriture dans le fichier. 
08:56:23.686 DEBUG - TableDivTransformer createFileName ()--> Nom du fichier export = _Personnel_Activite_EnCours_Liste_1 
08:56:23.686 DEBUG - TableExcelTransformer actionPerformed - Ecriture dans le fichier 'C:\Osys\QuartisTools\Tomcat\webapps\Quartis-Web\.\work\_0.0.0.0.0.0.0.1-administrateur\_Personnel_Activite_EnCours_Liste_1\_Personnel_Activite_EnCours_Liste_1.xls'... 
08:56:23.686 DEBUG - TableExcelTransformer actionPerformed - Ecriture dans le fichier 'C:\Osys\QuartisTools\Tomcat\webapps\Quartis-Web\.\work\_0.0.0.0.0.0.0.1-administrateur\_Personnel_Activite_EnCours_Liste_1\_Personnel_Activite_EnCours_Liste_1.xls'... 
08:56:23.702 DEBUG - TableExcelTransformer actionPerformed - Fin de l'écriture dans le fichier. 
08:56:29.450 DEBUG - GSqlQueryGeneratorSqlServer --->table =PERSONNEL query =set rowcount 3000  SELECT MATR_SITE  , MATR  , CODE_BADG  , FLAG_INTE  , NOM  , PREN  , ADRE_TELE  , ADRE_MAIL  , FLAG_BADG_BLOQ  , NOMB_ACTI_MAXI  , FLAG_SUIV_POIN  , KELI_KEY  , FLAG_GEST_PLAN  , FLAG_KELI_IMPO  , LIEN_IMAG  , CODE_HORA_1  , CODE_SERV  , CODE_EQUI_DEFA  , CODE_ATEL  , CODE_ATEL_DEFA  , CODE_SECT_GEOG  , CODE_SECT_GEOG_DEFA  , CODE_ETAT_PERS_DEFA  , CONVERT(NVARCHAR, DATEADD(SECOND, DELT_HEUR_UTC,DATE_DERN_POIN), 103) +' '+CONVERT(NVARCHAR, DATEADD(SECOND, DELT_HEUR_UTC,DATE_DERN_POIN), 108) AS DATE_DERN_POIN  , CODE_SITE  , DELT_HEUR_UTC  , CONVERT(NVARCHAR, DATEADD(SECOND, DELT_HEUR_UTC,DATE_EXPO_DIMO), 103) +' '+CONVERT(NVARCHAR, DATEADD(SECOND, DELT_HEUR_UTC,DATE_EXPO_DIMO), 108) AS DATE_EXPO_DIMO  , FLAG_HABI_MACH  , FLAG_SUPP FROM PERSONNEL  WHERE ( CODE_SITE = 'FAB')  ORDER BY MATR_SITE ASC  
08:58:05.140 DEBUG - GSqlQueryGeneratorSqlServer --->table =PERSONNEL query =set rowcount 3000  SELECT MATR_SITE  , MATR  , CODE_BADG  , FLAG_INTE  , NOM  , PREN  , ADRE_TELE  , ADRE_MAIL  , FLAG_BADG_BLOQ  , NOMB_ACTI_MAXI  , FLAG_SUIV_POIN  , KELI_KEY  , FLAG_GEST_PLAN  , FLAG_KELI_IMPO  , LIEN_IMAG  , CODE_HORA_1  , CODE_SERV  , CODE_EQUI_DEFA  , CODE_ATEL  , CODE_ATEL_DEFA  , CODE_SECT_GEOG  , CODE_SECT_GEOG_DEFA  , CODE_ETAT_PERS_DEFA  , CONVERT(NVARCHAR, DATEADD(SECOND, DELT_HEUR_UTC,DATE_DERN_POIN), 103) +' '+CONVERT(NVARCHAR, DATEADD(SECOND, DELT_HEUR_UTC,DATE_DERN_POIN), 108) AS DATE_DERN_POIN  , CODE_SITE  , DELT_HEUR_UTC  , CONVERT(NVARCHAR, DATEADD(SECOND, DELT_HEUR_UTC,DATE_EXPO_DIMO), 103) +' '+CONVERT(NVARCHAR, DATEADD(SECOND, DELT_HEUR_UTC,DATE_EXPO_DIMO), 108) AS DATE_EXPO_DIMO  , FLAG_HABI_MACH  , FLAG_SUPP FROM PERSONNEL  WHERE ( CODE_SITE = 'FAB')  AND ( MATR_SITE LIKE  '%'  OR MATR_SITE IS NULL  )  AND ( FLAG_BADG_BLOQ LIKE  '%'  OR FLAG_BADG_BLOQ IS NULL  )  ORDER BY MATR_SITE ASC  
