13:25:40.438 DEBUG - AuthManagedBean autoconnect - Tentative de connexion SSO... 
13:25:40.469 DEBUG - ConnexionManagedBean User renseigné par filtre SSO LDAP : null 
13:25:40.469 DEBUG - ConnexionManagedBean ldapActive = false 
13:25:40.469 DEBUG - AuthManagedBean autoconnect - Echec de la connexion par SSO. 
14:16:23.874 DEBUG - LoginManagedBean user.id = administrateur, connecté par login/mdp Osys 
14:16:24.092 DEBUG - QTConnector connect - Connecting... 
14:16:24.108 DEBUG - QTConnector connect - Connected. 
14:16:24.108 DEBUG - QTConnector executeQuery - Sending 'USER @ID0 [] serveur_web SERVEUR-WEB'... 
14:16:24.108 DEBUG - QTConnector executeQuery - Sent. 
14:16:24.108 DEBUG - QTConnector executeQuery - Reading response... 
14:16:24.108 DEBUG - QTConnector readResponse - starting to listen... 
14:16:24.108 DEBUG - QTConnector readResponse - read trame : ACK 263172 
14:16:24.108 DEBUG - QTConnector executeQuery - Read: 'ACK 263172'. 
14:16:24.108 DEBUG - QTInternalCommunicator send_IdentifyOsysConsoleWeb - QTools returned : 263172 
14:16:24.108 DEBUG - QTConnector executeQuery - Sending 'LST_USER_CONNECT'... 
14:16:24.108 DEBUG - QTConnector executeQuery - Sent. 
14:16:24.108 DEBUG - QTConnector executeQuery - Reading response... 
14:16:24.108 DEBUG - QTConnector readResponse - starting to listen... 
14:16:24.108 DEBUG - QTConnector readResponse - read trame : <lstuserconnect max="6" connect="4" />\x0a 
14:16:24.108 DEBUG - QTConnector executeQuery - Read: '<lstuserconnect max="6" connect="4" />\x0a'. 
14:16:24.108 DEBUG - QTConnector disconnect - Déconnexion... 
14:16:24.108 DEBUG - QTConnector disconnect - Déconnecté. 
14:16:24.123 DEBUG - QuartisToolsServiceImpl createOrUpdateUser - username : 'administrateur', groupName : 'Administrateurs'... 
14:16:24.123 DEBUG - QTConnector connect - Connecting... 
14:16:24.123 DEBUG - QTConnector connect - Connected. 
14:16:24.123 DEBUG - QTConnector executeQuery - Sending 'USER @ID0 [] serveur_web SERVEUR-WEB'... 
14:16:24.123 DEBUG - QTConnector executeQuery - Sent. 
14:16:24.123 DEBUG - QTConnector executeQuery - Reading response... 
14:16:24.123 DEBUG - QTConnector readResponse - starting to listen... 
14:16:24.123 DEBUG - QTConnector readResponse - read trame : ACK 263172 
14:16:24.123 DEBUG - QTConnector executeQuery - Read: 'ACK 263172'. 
14:16:24.123 DEBUG - QTSrvCommunicator send_IdentifyOsysConsoleWeb - QTools returned : 263172 
14:16:24.139 DEBUG - QTSrvCommunicator send_CreateUserQuartisTools - message =  USR USER OBJ ADD [administrateur] [Administrateurs]
 {
 PASSWORD [%$%-%(),!-%*-,]
 }
 
14:16:24.139 DEBUG - QTConnector executeQuery - Sending ' USR USER OBJ ADD [administrateur] [Administrateurs]
 {
 PASSWORD [%$%-%(),!-%*-,]
 }
'... 
14:16:24.139 DEBUG - QTConnector executeQuery - Sent. 
14:16:24.139 DEBUG - QTConnector executeQuery - Reading response... 
14:16:24.139 DEBUG - QTConnector readResponse - starting to listen... 
14:16:24.139 DEBUG - QTConnector readResponse - read trame : ACK -10 
14:16:24.139 DEBUG - QTConnector executeQuery - Read: 'ACK -10'. 
14:16:24.139 DEBUG - QTSrvCommunicator send_CreateUserQuartisTools - QTools returned : -10 
14:16:24.139 DEBUG - QTSrvCommunicator send_UpdateUserQuartisTools - message :  USR USER OBJ SET [administrateur] [Administrateurs]
 {
 PASSWORD [%$%-%(),!-%*-,]
 }
 
14:16:24.139 DEBUG - QTConnector executeQuery - Sending ' USR USER OBJ SET [administrateur] [Administrateurs]
 {
 PASSWORD [%$%-%(),!-%*-,]
 }
'... 
14:16:24.139 DEBUG - QTConnector executeQuery - Sent. 
14:16:24.139 DEBUG - QTConnector executeQuery - Reading response... 
14:16:24.139 DEBUG - QTConnector readResponse - starting to listen... 
14:16:24.139 DEBUG - QTConnector readResponse - read trame : ACK 0 
14:16:24.139 DEBUG - QTConnector executeQuery - Read: 'ACK 0'. 
14:16:24.139 DEBUG - QTSrvCommunicator send_UpdateUserQuartisTools - QTools returned : 0 
14:16:24.139 DEBUG - QTConnector disconnect - Déconnexion... 
14:16:24.139 DEBUG - QTConnector disconnect - Déconnecté. 
14:16:24.139  INFO - QuartisToolsServiceImpl Mise à jour du user QuartisTools 'administrateur' dans le groupe 'Administrateurs' réussie. 
14:16:40.004 DEBUG - TableDivTransformer createFileName ()--> Nom du fichier export = _Standard_System_Event_List 
14:16:40.004 DEBUG - TableExcelTransformer actionPerformed - Ecriture dans le fichier 'C:\Osys\QuartisTools\Tomcat\webapps\Quartis-Web\.\work\_0.0.0.0.0.0.0.1-administrateur\_Standard_System_Event_List\_Standard_System_Event_List.xls'... 
14:16:40.004 DEBUG - TableExcelTransformer actionPerformed - Ecriture dans le fichier 'C:\Osys\QuartisTools\Tomcat\webapps\Quartis-Web\.\work\_0.0.0.0.0.0.0.1-administrateur\_Standard_System_Event_List\_Standard_System_Event_List.xls'... 
14:16:40.020 DEBUG - TableExcelTransformer actionPerformed - Fin de l'écriture dans le fichier. 
14:16:40.051 DEBUG - TableDivTransformer createFileName ()--> Nom du fichier export = _Standard_System_Event_List 
14:16:40.051 DEBUG - TableExcelTransformer actionPerformed - Ecriture dans le fichier 'C:\Osys\QuartisTools\Tomcat\webapps\Quartis-Web\.\work\_0.0.0.0.0.0.0.1-administrateur\_Standard_System_Event_List\_Standard_System_Event_List.xls'... 
14:16:40.051 DEBUG - TableExcelTransformer actionPerformed - Ecriture dans le fichier 'C:\Osys\QuartisTools\Tomcat\webapps\Quartis-Web\.\work\_0.0.0.0.0.0.0.1-administrateur\_Standard_System_Event_List\_Standard_System_Event_List.xls'... 
14:16:40.067 DEBUG - TableExcelTransformer actionPerformed - Fin de l'écriture dans le fichier. 
14:16:50.784 DEBUG - TableDivTransformer createFileName ()--> Nom du fichier export = _Production_OF_EnCours_2 
14:16:50.784 DEBUG - TableExcelTransformer actionPerformed - Ecriture dans le fichier 'C:\Osys\QuartisTools\Tomcat\webapps\Quartis-Web\.\work\_0.0.0.0.0.0.0.1-administrateur\_Production_OF_EnCours_2\_Production_OF_EnCours_2.xls'... 
14:16:50.784 DEBUG - TableExcelTransformer actionPerformed - Ecriture dans le fichier 'C:\Osys\QuartisTools\Tomcat\webapps\Quartis-Web\.\work\_0.0.0.0.0.0.0.1-administrateur\_Production_OF_EnCours_2\_Production_OF_EnCours_2.xls'... 
14:16:50.831 DEBUG - TableDivTransformer createFileName ()--> Nom du fichier export = _Production_OF_EnCours_2 
14:16:50.831 DEBUG - TableExcelTransformer actionPerformed - Ecriture dans le fichier 'C:\Osys\QuartisTools\Tomcat\webapps\Quartis-Web\.\work\_0.0.0.0.0.0.0.1-administrateur\_Production_OF_EnCours_2\_Production_OF_EnCours_2.xls'... 
14:16:50.831 DEBUG - TableExcelTransformer actionPerformed - Ecriture dans le fichier 'C:\Osys\QuartisTools\Tomcat\webapps\Quartis-Web\.\work\_0.0.0.0.0.0.0.1-administrateur\_Production_OF_EnCours_2\_Production_OF_EnCours_2.xls'... 
14:16:50.846 DEBUG - TableExcelTransformer actionPerformed - Fin de l'écriture dans le fichier. 
14:16:50.878 DEBUG - TableExcelTransformer actionPerformed - Fin de l'écriture dans le fichier. 
14:17:00.784 DEBUG - TableDivTransformer createFileName ()--> Nom du fichier export = _Production_OF_EnCours_2 
14:17:00.784 DEBUG - TableExcelTransformer actionPerformed - Ecriture dans le fichier 'C:\Osys\QuartisTools\Tomcat\webapps\Quartis-Web\.\work\_0.0.0.0.0.0.0.1-administrateur\_Production_OF_EnCours_2\_Production_OF_EnCours_2.xls'... 
14:17:00.784 DEBUG - TableExcelTransformer actionPerformed - Ecriture dans le fichier 'C:\Osys\QuartisTools\Tomcat\webapps\Quartis-Web\.\work\_0.0.0.0.0.0.0.1-administrateur\_Production_OF_EnCours_2\_Production_OF_EnCours_2.xls'... 
14:17:00.830 DEBUG - TableExcelTransformer actionPerformed - Fin de l'écriture dans le fichier. 
14:17:10.846 DEBUG - TableDivTransformer createFileName ()--> Nom du fichier export = _Production_OF_EnCours_2 
14:17:10.846 DEBUG - TableExcelTransformer actionPerformed - Ecriture dans le fichier 'C:\Osys\QuartisTools\Tomcat\webapps\Quartis-Web\.\work\_0.0.0.0.0.0.0.1-administrateur\_Production_OF_EnCours_2\_Production_OF_EnCours_2.xls'... 
14:17:10.846 DEBUG - TableExcelTransformer actionPerformed - Ecriture dans le fichier 'C:\Osys\QuartisTools\Tomcat\webapps\Quartis-Web\.\work\_0.0.0.0.0.0.0.1-administrateur\_Production_OF_EnCours_2\_Production_OF_EnCours_2.xls'... 
14:17:10.908 DEBUG - TableExcelTransformer actionPerformed - Fin de l'écriture dans le fichier. 
14:17:20.803 DEBUG - TableDivTransformer createFileName ()--> Nom du fichier export = _Production_OF_EnCours_2 
14:17:20.803 DEBUG - TableExcelTransformer actionPerformed - Ecriture dans le fichier 'C:\Osys\QuartisTools\Tomcat\webapps\Quartis-Web\.\work\_0.0.0.0.0.0.0.1-administrateur\_Production_OF_EnCours_2\_Production_OF_EnCours_2.xls'... 
14:17:20.803 DEBUG - TableExcelTransformer actionPerformed - Ecriture dans le fichier 'C:\Osys\QuartisTools\Tomcat\webapps\Quartis-Web\.\work\_0.0.0.0.0.0.0.1-administrateur\_Production_OF_EnCours_2\_Production_OF_EnCours_2.xls'... 
14:17:20.865 DEBUG - TableExcelTransformer actionPerformed - Fin de l'écriture dans le fichier. 
14:17:33.297 DEBUG - GSqlQueryGeneratorSqlServer --->table =OF_LISTE query =set rowcount 3000  SELECT CODE_OF_SITE  , CODE_OF  , dbo.OPTIMA_TRADUCTION(DESI_OF,'fr') +'@KEYLANG_'+DESI_OF AS DESI_OF  , CODE_CLIE  , NUME_COMM  , CONVERT(NVARCHAR, DATE_LIVR, 103) AS DATE_LIVR  , CONVERT(NVARCHAR, DATE_LANC, 103) AS DATE_LANC  , CHAM_LIBR_1  , CHAM_LIBR_2  , CHAM_LIBR_3  , QUAN_LANC  , QUAN_STOC_AFFE  , NOMB_ARTI  , CODE_ETAT_AVAN  , CONVERT(NVARCHAR, DATEADD(SECOND, DELT_HEUR_UTC_DEBU_REEL,DATE_DEBU_REEL), 103) +' '+CONVERT(NVARCHAR, DATEADD(SECOND, DELT_HEUR_UTC_DEBU_REEL,DATE_DEBU_REEL), 108) AS DATE_DEBU_REEL  , DELT_HEUR_UTC_DEBU_REEL  , CONVERT(NVARCHAR, DATEADD(SECOND, DELT_HEUR_UTC_FIN_REEL,DATE_FIN_REEL), 103) +' '+CONVERT(NVARCHAR, DATEADD(SECOND, DELT_HEUR_UTC_FIN_REEL,DATE_FIN_REEL), 108) AS DATE_FIN_REEL  , DELT_HEUR_UTC_FIN_REEL  , CONVERT(NVARCHAR, DATEADD(SECOND, DELT_HEUR_UTC,DATE_IMPO), 103) +' '+CONVERT(NVARCHAR, DATEADD(SECOND, DELT_HEUR_UTC,DATE_IMPO), 108) AS DATE_IMPO  , CODE_OF_SIMP  , CODE_ARTI  , CODE_SITE  , DELT_HEUR_UTC  , FLAG_SUPP FROM OF_LISTE  WHERE ( CODE_SITE = 'FAB')  AND ( CODE_OF_SITE LIKE  '%'  OR CODE_OF_SITE IS NULL  )  ORDER BY CODE_OF_SITE ASC  
14:19:19.693 DEBUG - GSqlQueryGeneratorSqlServer --->table =OF_OPERATION query =set rowcount 3000  SELECT CODE_OF  , CODE_OPER_TYPE  , CODE_OPER  , dbo.OPTIMA_TRADUCTION(DESI_OPER,'fr') +'@KEYLANG_'+DESI_OPER AS DESI_OPER  , CADE_THEO  , TEMP_PREP  , QUAN_PREV  , QUAN_STOC_AFFE  , UNIT_OPER  , TEMP_FABR  , NOMB_ARTI  , NOMB_OPER_THEO  , FLAG_DERN_OPER  , FLAG_EXPO_PLAN  , CODE_MACH  , CODE_FAMI_MACH  , CODE_MACH_PLAN  , CODE_ATEL  , CODE_SECT_GEOG  , CODE_SECT_ANAL  , CODE_ETAT_AVAN  , CODE_FOND_PAGE  , dbo.OPTIMA_TRADUCTION(COMM_OPER,'fr') +'@KEYLANG_'+COMM_OPER AS COMM_OPER  , CHAM_LIBR_1  , CHAM_LIBR_2  , CHAM_LIBR_3  , CONVERT(NVARCHAR, DATEADD(SECOND, DELT_HEUR_UTC_DEBU_PREV,DATE_DEBU_PREV), 103) +' '+CONVERT(NVARCHAR, DATEADD(SECOND, DELT_HEUR_UTC_DEBU_PREV,DATE_DEBU_PREV), 108) AS DATE_DEBU_PREV  , DELT_HEUR_UTC_DEBU_PREV  , CONVERT(NVARCHAR, DATEADD(SECOND, DELT_HEUR_UTC_FIN_PREV,DATE_FIN_PREV), 103) +' '+CONVERT(NVARCHAR, DATEADD(SECOND, DELT_HEUR_UTC_FIN_PREV,DATE_FIN_PREV), 108) AS DATE_FIN_PREV  , DELT_HEUR_UTC_FIN_PREV  , CONVERT(NVARCHAR, DATEADD(SECOND, DELT_HEUR_UTC_DEBU_PLAN,DATE_DEBU_PLAN), 103) +' '+CONVERT(NVARCHAR, DATEADD(SECOND, DELT_HEUR_UTC_DEBU_PLAN,DATE_DEBU_PLAN), 108) AS DATE_DEBU_PLAN  , DELT_HEUR_UTC_DEBU_PLAN  , CONVERT(NVARCHAR, DATEADD(SECOND, DELT_HEUR_UTC_FIN_PLAN,DATE_FIN_PLAN), 103) +' '+CONVERT(NVARCHAR, DATEADD(SECOND, DELT_HEUR_UTC_FIN_PLAN,DATE_FIN_PLAN), 108) AS DATE_FIN_PLAN  , DELT_HEUR_UTC_FIN_PLAN  , CONVERT(NVARCHAR, DATEADD(SECOND, DELT_HEUR_UTC_DEBU_REEL,DATE_DEBU_REEL), 103) +' '+CONVERT(NVARCHAR, DATEADD(SECOND, DELT_HEUR_UTC_DEBU_REEL,DATE_DEBU_REEL), 108) AS DATE_DEBU_REEL  , DELT_HEUR_UTC_DEBU_REEL  , CONVERT(NVARCHAR, DATEADD(SECOND, DELT_HEUR_UTC_FIN_REEL,DATE_FIN_REEL), 103) +' '+CONVERT(NVARCHAR, DATEADD(SECOND, DELT_HEUR_UTC_FIN_REEL,DATE_FIN_REEL), 108) AS DATE_FIN_REEL  , DELT_HEUR_UTC_FIN_REEL  , CONVERT(NVARCHAR, DATEADD(SECOND, DELT_HEUR_UTC,DATE_DEBU_ACTU), 103) +' '+CONVERT(NVARCHAR, DATEADD(SECOND, DELT_HEUR_UTC,DATE_DEBU_ACTU), 108) AS DATE_DEBU_ACTU  , CONVERT(NVARCHAR, DATEADD(SECOND, DELT_HEUR_UTC,DATE_IMPO), 103) +' '+CONVERT(NVARCHAR, DATEADD(SECOND, DELT_HEUR_UTC,DATE_IMPO), 108) AS DATE_IMPO  , COUL_PLAN_HEX  , CODE_BT  , TECH_AVAN_THEO  , COUT_UNIT  , CODE_SITE  , DELT_HEUR_UTC  , FLAG_SUPP FROM OF_OPERATION  WHERE ( CODE_SITE = 'FAB')  ORDER BY CODE_OF ASC  
14:28:58.632 DEBUG - DisconnectDispatcher Déconnexion demandée pour : administrateur, session ID : #B5EB3E1F93D40FFB9D6859C83DB3D15E 
14:36:25.089 DEBUG - AuthManagedBean autoconnect - Tentative de connexion SSO... 
14:36:25.089 DEBUG - ConnexionManagedBean User renseigné par filtre SSO LDAP : null 
14:36:25.089 DEBUG - ConnexionManagedBean ldapActive = false 
14:36:25.089 DEBUG - AuthManagedBean autoconnect - Echec de la connexion par SSO. 
14:36:30.469 DEBUG - LoginManagedBean user.id = administrateur, connecté par login/mdp Osys 
14:36:30.594 DEBUG - QTConnector connect - Connecting... 
14:36:30.594 DEBUG - QTConnector connect - Connected. 
14:36:30.594 DEBUG - QTConnector executeQuery - Sending 'USER @ID0 [] serveur_web SERVEUR-WEB'... 
14:36:30.594 DEBUG - QTConnector executeQuery - Sent. 
14:36:30.594 DEBUG - QTConnector executeQuery - Reading response... 
14:36:30.594 DEBUG - QTConnector readResponse - starting to listen... 
14:36:30.594 DEBUG - QTConnector readResponse - read trame : ACK 263172 
14:36:30.594 DEBUG - QTConnector executeQuery - Read: 'ACK 263172'. 
14:36:30.594 DEBUG - QTInternalCommunicator send_IdentifyOsysConsoleWeb - QTools returned : 263172 
14:36:30.594 DEBUG - QTConnector executeQuery - Sending 'LST_USER_CONNECT'... 
14:36:30.594 DEBUG - QTConnector executeQuery - Sent. 
14:36:30.594 DEBUG - QTConnector executeQuery - Reading response... 
14:36:30.594 DEBUG - QTConnector readResponse - starting to listen... 
14:36:30.594 DEBUG - QTConnector readResponse - read trame : <lstuserconnect max="6" connect="4" />\x0a 
14:36:30.594 DEBUG - QTConnector executeQuery - Read: '<lstuserconnect max="6" connect="4" />\x0a'. 
14:36:30.594 DEBUG - QTConnector disconnect - Déconnexion... 
14:36:30.594 DEBUG - QTConnector disconnect - Déconnecté. 
14:36:30.625 DEBUG - QuartisToolsServiceImpl createOrUpdateUser - username : 'administrateur', groupName : 'Administrateurs'... 
14:36:30.625 DEBUG - QTConnector connect - Connecting... 
14:36:30.625 DEBUG - QTConnector connect - Connected. 
14:36:30.625 DEBUG - QTConnector executeQuery - Sending 'USER @ID0 [] serveur_web SERVEUR-WEB'... 
14:36:30.625 DEBUG - QTConnector executeQuery - Sent. 
14:36:30.625 DEBUG - QTConnector executeQuery - Reading response... 
14:36:30.625 DEBUG - QTConnector readResponse - starting to listen... 
14:36:30.625 DEBUG - QTConnector readResponse - read trame : ACK 263172 
14:36:30.625 DEBUG - QTConnector executeQuery - Read: 'ACK 263172'. 
14:36:30.625 DEBUG - QTSrvCommunicator send_IdentifyOsysConsoleWeb - QTools returned : 263172 
14:36:30.625 DEBUG - QTSrvCommunicator send_CreateUserQuartisTools - message =  USR USER OBJ ADD [administrateur] [Administrateurs]
 {
 PASSWORD [%$%-%(),!-%*-,]
 }
 
14:36:30.625 DEBUG - QTConnector executeQuery - Sending ' USR USER OBJ ADD [administrateur] [Administrateurs]
 {
 PASSWORD [%$%-%(),!-%*-,]
 }
'... 
14:36:30.625 DEBUG - QTConnector executeQuery - Sent. 
14:36:30.625 DEBUG - QTConnector executeQuery - Reading response... 
14:36:30.625 DEBUG - QTConnector readResponse - starting to listen... 
14:36:30.625 DEBUG - QTConnector readResponse - read trame : ACK -10 
14:36:30.625 DEBUG - QTConnector executeQuery - Read: 'ACK -10'. 
14:36:30.625 DEBUG - QTSrvCommunicator send_CreateUserQuartisTools - QTools returned : -10 
14:36:30.625 DEBUG - QTSrvCommunicator send_UpdateUserQuartisTools - message :  USR USER OBJ SET [administrateur] [Administrateurs]
 {
 PASSWORD [%$%-%(),!-%*-,]
 }
 
14:36:30.625 DEBUG - QTConnector executeQuery - Sending ' USR USER OBJ SET [administrateur] [Administrateurs]
 {
 PASSWORD [%$%-%(),!-%*-,]
 }
'... 
14:36:30.625 DEBUG - QTConnector executeQuery - Sent. 
14:36:30.625 DEBUG - QTConnector executeQuery - Reading response... 
14:36:30.625 DEBUG - QTConnector readResponse - starting to listen... 
14:36:30.641 DEBUG - QTConnector readResponse - read trame : ACK 0 
14:36:30.641 DEBUG - QTConnector executeQuery - Read: 'ACK 0'. 
14:36:30.641 DEBUG - QTSrvCommunicator send_UpdateUserQuartisTools - QTools returned : 0 
14:36:30.641 DEBUG - QTConnector disconnect - Déconnexion... 
14:36:30.641 DEBUG - QTConnector disconnect - Déconnecté. 
14:36:30.641  INFO - QuartisToolsServiceImpl Mise à jour du user QuartisTools 'administrateur' dans le groupe 'Administrateurs' réussie. 
14:36:37.333 DEBUG - TableDivTransformer createFileName ()--> Nom du fichier export = _Production_OF_EnCours_2 
14:36:37.333 DEBUG - TableExcelTransformer actionPerformed - Ecriture dans le fichier 'C:\Osys\QuartisTools\Tomcat\webapps\Quartis-Web\.\work\_0.0.0.0.0.0.0.1-administrateur\_Production_OF_EnCours_2\_Production_OF_EnCours_2.xls'... 
14:36:37.333 DEBUG - TableExcelTransformer actionPerformed - Ecriture dans le fichier 'C:\Osys\QuartisTools\Tomcat\webapps\Quartis-Web\.\work\_0.0.0.0.0.0.0.1-administrateur\_Production_OF_EnCours_2\_Production_OF_EnCours_2.xls'... 
14:36:37.396 DEBUG - TableExcelTransformer actionPerformed - Fin de l'écriture dans le fichier. 
14:36:37.396 DEBUG - TableDivTransformer createFileName ()--> Nom du fichier export = _Production_OF_EnCours_2 
14:36:37.396 DEBUG - TableExcelTransformer actionPerformed - Ecriture dans le fichier 'C:\Osys\QuartisTools\Tomcat\webapps\Quartis-Web\.\work\_0.0.0.0.0.0.0.1-administrateur\_Production_OF_EnCours_2\_Production_OF_EnCours_2.xls'... 
14:36:37.396 DEBUG - TableExcelTransformer actionPerformed - Ecriture dans le fichier 'C:\Osys\QuartisTools\Tomcat\webapps\Quartis-Web\.\work\_0.0.0.0.0.0.0.1-administrateur\_Production_OF_EnCours_2\_Production_OF_EnCours_2.xls'... 
14:36:37.458 DEBUG - TableExcelTransformer actionPerformed - Fin de l'écriture dans le fichier. 
14:36:48.619 DEBUG - GSqlQueryGeneratorSqlServer --->table =OF_LISTE query =set rowcount 3000  SELECT CODE_OF_SITE  , CODE_OF  , dbo.OPTIMA_TRADUCTION(DESI_OF,'fr') +'@KEYLANG_'+DESI_OF AS DESI_OF  , CODE_CLIE  , NUME_COMM  , CONVERT(NVARCHAR, DATE_LIVR, 103) AS DATE_LIVR  , CONVERT(NVARCHAR, DATE_LANC, 103) AS DATE_LANC  , CHAM_LIBR_1  , CHAM_LIBR_2  , CHAM_LIBR_3  , QUAN_LANC  , QUAN_STOC_AFFE  , NOMB_ARTI  , CODE_ETAT_AVAN  , CONVERT(NVARCHAR, DATEADD(SECOND, DELT_HEUR_UTC_DEBU_REEL,DATE_DEBU_REEL), 103) +' '+CONVERT(NVARCHAR, DATEADD(SECOND, DELT_HEUR_UTC_DEBU_REEL,DATE_DEBU_REEL), 108) AS DATE_DEBU_REEL  , DELT_HEUR_UTC_DEBU_REEL  , CONVERT(NVARCHAR, DATEADD(SECOND, DELT_HEUR_UTC_FIN_REEL,DATE_FIN_REEL), 103) +' '+CONVERT(NVARCHAR, DATEADD(SECOND, DELT_HEUR_UTC_FIN_REEL,DATE_FIN_REEL), 108) AS DATE_FIN_REEL  , DELT_HEUR_UTC_FIN_REEL  , CONVERT(NVARCHAR, DATEADD(SECOND, DELT_HEUR_UTC,DATE_IMPO), 103) +' '+CONVERT(NVARCHAR, DATEADD(SECOND, DELT_HEUR_UTC,DATE_IMPO), 108) AS DATE_IMPO  , CODE_OF_SIMP  , CODE_ARTI  , CODE_SITE  , DELT_HEUR_UTC  , FLAG_SUPP FROM OF_LISTE  WHERE ( CODE_SITE = 'FAB')  AND ( CODE_OF_SITE LIKE  '%'  OR CODE_OF_SITE IS NULL  )  ORDER BY CODE_OF_SITE ASC  
14:37:54.921 DEBUG - GSqlQueryGeneratorSqlServer --->table =OF_OPERATION query =set rowcount 3000  SELECT CODE_OF  , CODE_OPER_TYPE  , CODE_OPER  , dbo.OPTIMA_TRADUCTION(DESI_OPER,'fr') +'@KEYLANG_'+DESI_OPER AS DESI_OPER  , CADE_THEO  , TEMP_PREP  , QUAN_PREV  , QUAN_STOC_AFFE  , UNIT_OPER  , TEMP_FABR  , NOMB_ARTI  , NOMB_OPER_THEO  , FLAG_DERN_OPER  , FLAG_EXPO_PLAN  , CODE_MACH  , CODE_FAMI_MACH  , CODE_MACH_PLAN  , CODE_ATEL  , CODE_SECT_GEOG  , CODE_SECT_ANAL  , CODE_ETAT_AVAN  , CODE_FOND_PAGE  , dbo.OPTIMA_TRADUCTION(COMM_OPER,'fr') +'@KEYLANG_'+COMM_OPER AS COMM_OPER  , CHAM_LIBR_1  , CHAM_LIBR_2  , CHAM_LIBR_3  , CONVERT(NVARCHAR, DATEADD(SECOND, DELT_HEUR_UTC_DEBU_PREV,DATE_DEBU_PREV), 103) +' '+CONVERT(NVARCHAR, DATEADD(SECOND, DELT_HEUR_UTC_DEBU_PREV,DATE_DEBU_PREV), 108) AS DATE_DEBU_PREV  , DELT_HEUR_UTC_DEBU_PREV  , CONVERT(NVARCHAR, DATEADD(SECOND, DELT_HEUR_UTC_FIN_PREV,DATE_FIN_PREV), 103) +' '+CONVERT(NVARCHAR, DATEADD(SECOND, DELT_HEUR_UTC_FIN_PREV,DATE_FIN_PREV), 108) AS DATE_FIN_PREV  , DELT_HEUR_UTC_FIN_PREV  , CONVERT(NVARCHAR, DATEADD(SECOND, DELT_HEUR_UTC_DEBU_PLAN,DATE_DEBU_PLAN), 103) +' '+CONVERT(NVARCHAR, DATEADD(SECOND, DELT_HEUR_UTC_DEBU_PLAN,DATE_DEBU_PLAN), 108) AS DATE_DEBU_PLAN  , DELT_HEUR_UTC_DEBU_PLAN  , CONVERT(NVARCHAR, DATEADD(SECOND, DELT_HEUR_UTC_FIN_PLAN,DATE_FIN_PLAN), 103) +' '+CONVERT(NVARCHAR, DATEADD(SECOND, DELT_HEUR_UTC_FIN_PLAN,DATE_FIN_PLAN), 108) AS DATE_FIN_PLAN  , DELT_HEUR_UTC_FIN_PLAN  , CONVERT(NVARCHAR, DATEADD(SECOND, DELT_HEUR_UTC_DEBU_REEL,DATE_DEBU_REEL), 103) +' '+CONVERT(NVARCHAR, DATEADD(SECOND, DELT_HEUR_UTC_DEBU_REEL,DATE_DEBU_REEL), 108) AS DATE_DEBU_REEL  , DELT_HEUR_UTC_DEBU_REEL  , CONVERT(NVARCHAR, DATEADD(SECOND, DELT_HEUR_UTC_FIN_REEL,DATE_FIN_REEL), 103) +' '+CONVERT(NVARCHAR, DATEADD(SECOND, DELT_HEUR_UTC_FIN_REEL,DATE_FIN_REEL), 108) AS DATE_FIN_REEL  , DELT_HEUR_UTC_FIN_REEL  , CONVERT(NVARCHAR, DATEADD(SECOND, DELT_HEUR_UTC,DATE_DEBU_ACTU), 103) +' '+CONVERT(NVARCHAR, DATEADD(SECOND, DELT_HEUR_UTC,DATE_DEBU_ACTU), 108) AS DATE_DEBU_ACTU  , CONVERT(NVARCHAR, DATEADD(SECOND, DELT_HEUR_UTC,DATE_IMPO), 103) +' '+CONVERT(NVARCHAR, DATEADD(SECOND, DELT_HEUR_UTC,DATE_IMPO), 108) AS DATE_IMPO  , COUL_PLAN_HEX  , CODE_BT  , TECH_AVAN_THEO  , COUT_UNIT  , CODE_SITE  , DELT_HEUR_UTC  , FLAG_SUPP FROM OF_OPERATION  WHERE ( CODE_SITE = 'FAB')  ORDER BY CODE_OF ASC  
14:45:09.025 DEBUG - GSqlQueryGeneratorSqlServer --->table =ARTICLE_GAMME query =set rowcount 3000  SELECT CODE_ARTI  , CODE_OPER  , dbo.OPTIMA_TRADUCTION(DESI_OPER,'fr') +'@KEYLANG_'+DESI_OPER AS DESI_OPER  , CADE_THEO  , NOMB_OPER_THEO  , TEMP_PREP  , TEMP_FABR  , QUAN_PREV  , UNIT_OPER  , COUT_UNIT  , NOMB_ARTI  , CODE_MACH  , CODE_SECT_GEOG  , CODE_SECT_ANAL  , dbo.OPTIMA_TRADUCTION(COMM_OPER,'fr') +'@KEYLANG_'+COMM_OPER AS COMM_OPER  , CHAM_LIBR_1  , CHAM_LIBR_2  , CHAM_LIBR_3  , NOMB_PIEC_CYCL  , FLAG_DERN_OPER  , CODE_SITE  FROM ARTICLE_GAMME  WHERE ( CODE_SITE = 'FAB')  ORDER BY CODE_ARTI ASC  
14:45:14.167 DEBUG - GSqlQueryGeneratorSqlServer --->table =OF_OPERATION query =set rowcount 3000  SELECT CODE_OF  , CODE_OPER_TYPE  , CODE_OPER  , dbo.OPTIMA_TRADUCTION(DESI_OPER,'fr') +'@KEYLANG_'+DESI_OPER AS DESI_OPER  , CADE_THEO  , TEMP_PREP  , QUAN_PREV  , QUAN_STOC_AFFE  , UNIT_OPER  , TEMP_FABR  , NOMB_ARTI  , NOMB_OPER_THEO  , FLAG_DERN_OPER  , FLAG_EXPO_PLAN  , CODE_MACH  , CODE_FAMI_MACH  , CODE_MACH_PLAN  , CODE_ATEL  , CODE_SECT_GEOG  , CODE_SECT_ANAL  , CODE_ETAT_AVAN  , CODE_FOND_PAGE  , dbo.OPTIMA_TRADUCTION(COMM_OPER,'fr') +'@KEYLANG_'+COMM_OPER AS COMM_OPER  , CHAM_LIBR_1  , CHAM_LIBR_2  , CHAM_LIBR_3  , CONVERT(NVARCHAR, DATEADD(SECOND, DELT_HEUR_UTC_DEBU_PREV,DATE_DEBU_PREV), 103) +' '+CONVERT(NVARCHAR, DATEADD(SECOND, DELT_HEUR_UTC_DEBU_PREV,DATE_DEBU_PREV), 108) AS DATE_DEBU_PREV  , DELT_HEUR_UTC_DEBU_PREV  , CONVERT(NVARCHAR, DATEADD(SECOND, DELT_HEUR_UTC_FIN_PREV,DATE_FIN_PREV), 103) +' '+CONVERT(NVARCHAR, DATEADD(SECOND, DELT_HEUR_UTC_FIN_PREV,DATE_FIN_PREV), 108) AS DATE_FIN_PREV  , DELT_HEUR_UTC_FIN_PREV  , CONVERT(NVARCHAR, DATEADD(SECOND, DELT_HEUR_UTC_DEBU_PLAN,DATE_DEBU_PLAN), 103) +' '+CONVERT(NVARCHAR, DATEADD(SECOND, DELT_HEUR_UTC_DEBU_PLAN,DATE_DEBU_PLAN), 108) AS DATE_DEBU_PLAN  , DELT_HEUR_UTC_DEBU_PLAN  , CONVERT(NVARCHAR, DATEADD(SECOND, DELT_HEUR_UTC_FIN_PLAN,DATE_FIN_PLAN), 103) +' '+CONVERT(NVARCHAR, DATEADD(SECOND, DELT_HEUR_UTC_FIN_PLAN,DATE_FIN_PLAN), 108) AS DATE_FIN_PLAN  , DELT_HEUR_UTC_FIN_PLAN  , CONVERT(NVARCHAR, DATEADD(SECOND, DELT_HEUR_UTC_DEBU_REEL,DATE_DEBU_REEL), 103) +' '+CONVERT(NVARCHAR, DATEADD(SECOND, DELT_HEUR_UTC_DEBU_REEL,DATE_DEBU_REEL), 108) AS DATE_DEBU_REEL  , DELT_HEUR_UTC_DEBU_REEL  , CONVERT(NVARCHAR, DATEADD(SECOND, DELT_HEUR_UTC_FIN_REEL,DATE_FIN_REEL), 103) +' '+CONVERT(NVARCHAR, DATEADD(SECOND, DELT_HEUR_UTC_FIN_REEL,DATE_FIN_REEL), 108) AS DATE_FIN_REEL  , DELT_HEUR_UTC_FIN_REEL  , CONVERT(NVARCHAR, DATEADD(SECOND, DELT_HEUR_UTC,DATE_DEBU_ACTU), 103) +' '+CONVERT(NVARCHAR, DATEADD(SECOND, DELT_HEUR_UTC,DATE_DEBU_ACTU), 108) AS DATE_DEBU_ACTU  , CONVERT(NVARCHAR, DATEADD(SECOND, DELT_HEUR_UTC,DATE_IMPO), 103) +' '+CONVERT(NVARCHAR, DATEADD(SECOND, DELT_HEUR_UTC,DATE_IMPO), 108) AS DATE_IMPO  , COUL_PLAN_HEX  , CODE_BT  , TECH_AVAN_THEO  , COUT_UNIT  , CODE_SITE  , DELT_HEUR_UTC  , FLAG_SUPP FROM OF_OPERATION  WHERE ( CODE_SITE = 'FAB')  ORDER BY CODE_OF ASC  
14:45:21.207 DEBUG - GSqlQueryGeneratorSqlServer --->table =OF_COMPOSANT query =set rowcount 3000  SELECT CODE_OF  , CODE_OPER  , CODE_ARTI  , QUAN_COMP  , QUAN_TOTA_COMP  , QUAN_APPR  , FLAG_SUIV_COMP  , FLAG_APPR  , FLAG_PESE  , FLAG_PREP_OK  , POSI  , POID_PREP_CIBL_MINI  , POID_PREP_CIBL_MAXI  , POID_PREP_CIBL  , POID_PREP_REEL  , TECH_DENS  , TECH_EPAI  , TECH_LAIZ  , CODE_TYPE_ARTI  , CODE_SITE  FROM OF_COMPOSANT  WHERE ( CODE_SITE = 'FAB')  ORDER BY CODE_OF ASC  
14:45:24.435 DEBUG - GSqlQueryGeneratorSqlServer --->table =OF_ARTICLE query =set rowcount 3000  SELECT CODE_OF  , CODE_OPER  , CODE_ARTI  , NOMB_PIEC_CYCL  , QUAN_PREV  , NOMB_ARTI  , NUME_ETIQ  , QUAN_COND  , QUAN_PALE  , DERN_CODE_COND  , CHAM_LIBR_1  , CHAM_LIBR_2  , CHAM_LIBR_3  , CODE_SITE  FROM OF_ARTICLE  WHERE ( CODE_SITE = 'FAB')  ORDER BY CODE_OF ASC  
14:45:26.967 DEBUG - GSqlQueryGeneratorSqlServer --->table =OF_ATTENTE query =set rowcount 3000  SELECT CODE_MACH  , CODE_OF  , CODE_OPER  , NUME_PRIO  , CODE_SITE  FROM OF_ATTENTE  WHERE ( CODE_SITE = 'FAB')  ORDER BY CODE_MACH ASC  
14:45:30.776 DEBUG - GSqlQueryGeneratorSqlServer --->table =OF_OPERATION query =set rowcount 3000  SELECT CODE_OF  , CODE_OPER_TYPE  , CODE_OPER  , dbo.OPTIMA_TRADUCTION(DESI_OPER,'fr') +'@KEYLANG_'+DESI_OPER AS DESI_OPER  , CADE_THEO  , TEMP_PREP  , QUAN_PREV  , QUAN_STOC_AFFE  , UNIT_OPER  , TEMP_FABR  , NOMB_ARTI  , NOMB_OPER_THEO  , FLAG_DERN_OPER  , FLAG_EXPO_PLAN  , CODE_MACH  , CODE_FAMI_MACH  , CODE_MACH_PLAN  , CODE_ATEL  , CODE_SECT_GEOG  , CODE_SECT_ANAL  , CODE_ETAT_AVAN  , CODE_FOND_PAGE  , dbo.OPTIMA_TRADUCTION(COMM_OPER,'fr') +'@KEYLANG_'+COMM_OPER AS COMM_OPER  , CHAM_LIBR_1  , CHAM_LIBR_2  , CHAM_LIBR_3  , CONVERT(NVARCHAR, DATEADD(SECOND, DELT_HEUR_UTC_DEBU_PREV,DATE_DEBU_PREV), 103) +' '+CONVERT(NVARCHAR, DATEADD(SECOND, DELT_HEUR_UTC_DEBU_PREV,DATE_DEBU_PREV), 108) AS DATE_DEBU_PREV  , DELT_HEUR_UTC_DEBU_PREV  , CONVERT(NVARCHAR, DATEADD(SECOND, DELT_HEUR_UTC_FIN_PREV,DATE_FIN_PREV), 103) +' '+CONVERT(NVARCHAR, DATEADD(SECOND, DELT_HEUR_UTC_FIN_PREV,DATE_FIN_PREV), 108) AS DATE_FIN_PREV  , DELT_HEUR_UTC_FIN_PREV  , CONVERT(NVARCHAR, DATEADD(SECOND, DELT_HEUR_UTC_DEBU_PLAN,DATE_DEBU_PLAN), 103) +' '+CONVERT(NVARCHAR, DATEADD(SECOND, DELT_HEUR_UTC_DEBU_PLAN,DATE_DEBU_PLAN), 108) AS DATE_DEBU_PLAN  , DELT_HEUR_UTC_DEBU_PLAN  , CONVERT(NVARCHAR, DATEADD(SECOND, DELT_HEUR_UTC_FIN_PLAN,DATE_FIN_PLAN), 103) +' '+CONVERT(NVARCHAR, DATEADD(SECOND, DELT_HEUR_UTC_FIN_PLAN,DATE_FIN_PLAN), 108) AS DATE_FIN_PLAN  , DELT_HEUR_UTC_FIN_PLAN  , CONVERT(NVARCHAR, DATEADD(SECOND, DELT_HEUR_UTC_DEBU_REEL,DATE_DEBU_REEL), 103) +' '+CONVERT(NVARCHAR, DATEADD(SECOND, DELT_HEUR_UTC_DEBU_REEL,DATE_DEBU_REEL), 108) AS DATE_DEBU_REEL  , DELT_HEUR_UTC_DEBU_REEL  , CONVERT(NVARCHAR, DATEADD(SECOND, DELT_HEUR_UTC_FIN_REEL,DATE_FIN_REEL), 103) +' '+CONVERT(NVARCHAR, DATEADD(SECOND, DELT_HEUR_UTC_FIN_REEL,DATE_FIN_REEL), 108) AS DATE_FIN_REEL  , DELT_HEUR_UTC_FIN_REEL  , CONVERT(NVARCHAR, DATEADD(SECOND, DELT_HEUR_UTC,DATE_DEBU_ACTU), 103) +' '+CONVERT(NVARCHAR, DATEADD(SECOND, DELT_HEUR_UTC,DATE_DEBU_ACTU), 108) AS DATE_DEBU_ACTU  , CONVERT(NVARCHAR, DATEADD(SECOND, DELT_HEUR_UTC,DATE_IMPO), 103) +' '+CONVERT(NVARCHAR, DATEADD(SECOND, DELT_HEUR_UTC,DATE_IMPO), 108) AS DATE_IMPO  , COUL_PLAN_HEX  , CODE_BT  , TECH_AVAN_THEO  , COUT_UNIT  , CODE_SITE  , DELT_HEUR_UTC  , FLAG_SUPP FROM OF_OPERATION  WHERE ( CODE_SITE = 'FAB')  ORDER BY CODE_OF ASC  
16:39:12.481 DEBUG - FiltreSession doFilter - UCS indique que l'utilisateur n'est pas connecté 
16:39:12.481 DEBUG - FiltreSession Requête pour page non login (http://localhost:8383/Quartis-Web/xxx.cas?moduleID=OPTIMA_Suivi_Production&menu=true&locale=fr_FR&type=formulaire&userID=administrateur&_i18n=fr&_deltaUTC=3600&_codeSite=FAB&pageID=OPTIMA_Of_Operation&action=url&_matr=administrateur&CodeSite=FAB&i18n=fr&_login=administrateur&webContainerWidth=1058&webContainerHeight=818) mais pas de user en session. 
16:39:12.497 DEBUG - FiltreSession doFilter - UCS indique que l'utilisateur n'est pas connecté 
16:39:12.996 DEBUG - FiltreSession doFilter - UCS indique que l'utilisateur n'est pas connecté 
16:39:12.996 DEBUG - FiltreSession Requête pour page non login (http://localhost:8383/Quartis-Web/xxx.cas?action=deconnexion&userID=administrateur) mais pas de user en session. 
16:39:13.014 DEBUG - FiltreSession doFilter - UCS indique que l'utilisateur n'est pas connecté 
16:39:13.014 DEBUG - FiltreSession Requête pour page non login (http://localhost:8383/Quartis-Web/remoteLog.ajx) mais pas de user en session. 
16:39:13.019 DEBUG - FiltreSession doFilter - UCS indique que l'utilisateur n'est pas connecté 
16:39:13.027 DEBUG - FiltreSession doFilter - UCS indique que l'utilisateur n'est pas connecté 
16:39:13.069 DEBUG - FiltreSession doFilter - UCS indique que l'utilisateur n'est pas connecté 
16:39:57.775 DEBUG - FiltreSession doFilter - UCS indique que l'utilisateur n'est pas connecté 
16:39:57.790 DEBUG - LoginManagedBean user.id = administrateur, connecté par login/mdp Osys 
16:39:57.915 DEBUG - QTConnector connect - Connecting... 
16:39:57.915 DEBUG - QTConnector connect - Connected. 
16:39:57.915 DEBUG - QTConnector executeQuery - Sending 'USER @ID0 [] serveur_web SERVEUR-WEB'... 
16:39:57.915 DEBUG - QTConnector executeQuery - Sent. 
16:39:57.915 DEBUG - QTConnector executeQuery - Reading response... 
16:39:57.915 DEBUG - QTConnector readResponse - starting to listen... 
16:39:57.915 DEBUG - QTConnector readResponse - read trame : ACK 263172 
16:39:57.915 DEBUG - QTConnector executeQuery - Read: 'ACK 263172'. 
16:39:57.915 DEBUG - QTInternalCommunicator send_IdentifyOsysConsoleWeb - QTools returned : 263172 
16:39:57.915 DEBUG - QTConnector executeQuery - Sending 'LST_USER_CONNECT'... 
16:39:57.915 DEBUG - QTConnector executeQuery - Sent. 
16:39:57.915 DEBUG - QTConnector executeQuery - Reading response... 
16:39:57.915 DEBUG - QTConnector readResponse - starting to listen... 
16:39:57.915 DEBUG - QTConnector readResponse - read trame : <lstuserconnect max="6" connect="4" />\x0a 
16:39:57.915 DEBUG - QTConnector executeQuery - Read: '<lstuserconnect max="6" connect="4" />\x0a'. 
16:39:57.915 DEBUG - QTConnector disconnect - Déconnexion... 
16:39:57.915 DEBUG - QTConnector disconnect - Déconnecté. 
16:39:57.946 DEBUG - QuartisToolsServiceImpl createOrUpdateUser - username : 'administrateur', groupName : 'Administrateurs'... 
16:39:57.946 DEBUG - QTConnector connect - Connecting... 
16:39:57.946 DEBUG - QTConnector connect - Connected. 
16:39:57.946 DEBUG - QTConnector executeQuery - Sending 'USER @ID0 [] serveur_web SERVEUR-WEB'... 
16:39:57.946 DEBUG - QTConnector executeQuery - Sent. 
16:39:57.946 DEBUG - QTConnector executeQuery - Reading response... 
16:39:57.946 DEBUG - QTConnector readResponse - starting to listen... 
16:39:57.946 DEBUG - QTConnector readResponse - read trame : ACK 263172 
16:39:57.946 DEBUG - QTConnector executeQuery - Read: 'ACK 263172'. 
16:39:57.946 DEBUG - QTSrvCommunicator send_IdentifyOsysConsoleWeb - QTools returned : 263172 
16:39:57.946 DEBUG - QTSrvCommunicator send_CreateUserQuartisTools - message =  USR USER OBJ ADD [administrateur] [Administrateurs]
 {
 PASSWORD [%$%-%(),!-%*-,]
 }
 
16:39:57.946 DEBUG - QTConnector executeQuery - Sending ' USR USER OBJ ADD [administrateur] [Administrateurs]
 {
 PASSWORD [%$%-%(),!-%*-,]
 }
'... 
16:39:57.946 DEBUG - QTConnector executeQuery - Sent. 
16:39:57.946 DEBUG - QTConnector executeQuery - Reading response... 
16:39:57.946 DEBUG - QTConnector readResponse - starting to listen... 
16:39:57.946 DEBUG - QTConnector readResponse - read trame : ACK -10 
16:39:57.946 DEBUG - QTConnector executeQuery - Read: 'ACK -10'. 
16:39:57.946 DEBUG - QTSrvCommunicator send_CreateUserQuartisTools - QTools returned : -10 
16:39:57.946 DEBUG - QTSrvCommunicator send_UpdateUserQuartisTools - message :  USR USER OBJ SET [administrateur] [Administrateurs]
 {
 PASSWORD [%$%-%(),!-%*-,]
 }
 
16:39:57.946 DEBUG - QTConnector executeQuery - Sending ' USR USER OBJ SET [administrateur] [Administrateurs]
 {
 PASSWORD [%$%-%(),!-%*-,]
 }
'... 
16:39:57.946 DEBUG - QTConnector executeQuery - Sent. 
16:39:57.946 DEBUG - QTConnector executeQuery - Reading response... 
16:39:57.946 DEBUG - QTConnector readResponse - starting to listen... 
16:39:57.946 DEBUG - QTConnector readResponse - read trame : ACK 0 
16:39:57.946 DEBUG - QTConnector executeQuery - Read: 'ACK 0'. 
16:39:57.946 DEBUG - QTSrvCommunicator send_UpdateUserQuartisTools - QTools returned : 0 
16:39:57.946 DEBUG - QTConnector disconnect - Déconnexion... 
16:39:57.946 DEBUG - QTConnector disconnect - Déconnecté. 
16:39:57.946  INFO - QuartisToolsServiceImpl Mise à jour du user QuartisTools 'administrateur' dans le groupe 'Administrateurs' réussie. 
16:40:03.609 DEBUG - TableDivTransformer createFileName ()--> Nom du fichier export = _Production_OF_EnCours_2 
16:40:03.609 DEBUG - TableExcelTransformer actionPerformed - Ecriture dans le fichier 'C:\Osys\QuartisTools\Tomcat\webapps\Quartis-Web\.\work\_0.0.0.0.0.0.0.1-administrateur\_Production_OF_EnCours_2\_Production_OF_EnCours_2.xls'... 
16:40:03.609 DEBUG - TableExcelTransformer actionPerformed - Ecriture dans le fichier 'C:\Osys\QuartisTools\Tomcat\webapps\Quartis-Web\.\work\_0.0.0.0.0.0.0.1-administrateur\_Production_OF_EnCours_2\_Production_OF_EnCours_2.xls'... 
16:40:03.640 DEBUG - TableDivTransformer createFileName ()--> Nom du fichier export = _Production_OF_EnCours_2 
16:40:03.640 DEBUG - TableExcelTransformer actionPerformed - Ecriture dans le fichier 'C:\Osys\QuartisTools\Tomcat\webapps\Quartis-Web\.\work\_0.0.0.0.0.0.0.1-administrateur\_Production_OF_EnCours_2\_Production_OF_EnCours_2.xls'... 
16:40:03.656 DEBUG - TableExcelTransformer actionPerformed - Ecriture dans le fichier 'C:\Osys\QuartisTools\Tomcat\webapps\Quartis-Web\.\work\_0.0.0.0.0.0.0.1-administrateur\_Production_OF_EnCours_2\_Production_OF_EnCours_2.xls'... 
16:40:03.656 DEBUG - TableExcelTransformer actionPerformed - Fin de l'écriture dans le fichier. 
16:40:03.687 DEBUG - TableExcelTransformer actionPerformed - Fin de l'écriture dans le fichier. 
16:40:10.931 DEBUG - GSqlQueryGeneratorSqlServer --->table =OF_OPERATION query =set rowcount 3000  SELECT CODE_OF  , CODE_OPER_TYPE  , CODE_OPER  , dbo.OPTIMA_TRADUCTION(DESI_OPER,'fr') +'@KEYLANG_'+DESI_OPER AS DESI_OPER  , CADE_THEO  , TEMP_PREP  , QUAN_PREV  , QUAN_STOC_AFFE  , UNIT_OPER  , TEMP_FABR  , NOMB_ARTI  , NOMB_OPER_THEO  , FLAG_DERN_OPER  , FLAG_EXPO_PLAN  , CODE_MACH  , CODE_FAMI_MACH  , CODE_MACH_PLAN  , CODE_ATEL  , CODE_SECT_GEOG  , CODE_SECT_ANAL  , CODE_ETAT_AVAN  , CODE_FOND_PAGE  , dbo.OPTIMA_TRADUCTION(COMM_OPER,'fr') +'@KEYLANG_'+COMM_OPER AS COMM_OPER  , CHAM_LIBR_1  , CHAM_LIBR_2  , CHAM_LIBR_3  , CONVERT(NVARCHAR, DATEADD(SECOND, DELT_HEUR_UTC_DEBU_PREV,DATE_DEBU_PREV), 103) +' '+CONVERT(NVARCHAR, DATEADD(SECOND, DELT_HEUR_UTC_DEBU_PREV,DATE_DEBU_PREV), 108) AS DATE_DEBU_PREV  , DELT_HEUR_UTC_DEBU_PREV  , CONVERT(NVARCHAR, DATEADD(SECOND, DELT_HEUR_UTC_FIN_PREV,DATE_FIN_PREV), 103) +' '+CONVERT(NVARCHAR, DATEADD(SECOND, DELT_HEUR_UTC_FIN_PREV,DATE_FIN_PREV), 108) AS DATE_FIN_PREV  , DELT_HEUR_UTC_FIN_PREV  , CONVERT(NVARCHAR, DATEADD(SECOND, DELT_HEUR_UTC_DEBU_PLAN,DATE_DEBU_PLAN), 103) +' '+CONVERT(NVARCHAR, DATEADD(SECOND, DELT_HEUR_UTC_DEBU_PLAN,DATE_DEBU_PLAN), 108) AS DATE_DEBU_PLAN  , DELT_HEUR_UTC_DEBU_PLAN  , CONVERT(NVARCHAR, DATEADD(SECOND, DELT_HEUR_UTC_FIN_PLAN,DATE_FIN_PLAN), 103) +' '+CONVERT(NVARCHAR, DATEADD(SECOND, DELT_HEUR_UTC_FIN_PLAN,DATE_FIN_PLAN), 108) AS DATE_FIN_PLAN  , DELT_HEUR_UTC_FIN_PLAN  , CONVERT(NVARCHAR, DATEADD(SECOND, DELT_HEUR_UTC_DEBU_REEL,DATE_DEBU_REEL), 103) +' '+CONVERT(NVARCHAR, DATEADD(SECOND, DELT_HEUR_UTC_DEBU_REEL,DATE_DEBU_REEL), 108) AS DATE_DEBU_REEL  , DELT_HEUR_UTC_DEBU_REEL  , CONVERT(NVARCHAR, DATEADD(SECOND, DELT_HEUR_UTC_FIN_REEL,DATE_FIN_REEL), 103) +' '+CONVERT(NVARCHAR, DATEADD(SECOND, DELT_HEUR_UTC_FIN_REEL,DATE_FIN_REEL), 108) AS DATE_FIN_REEL  , DELT_HEUR_UTC_FIN_REEL  , CONVERT(NVARCHAR, DATEADD(SECOND, DELT_HEUR_UTC,DATE_DEBU_ACTU), 103) +' '+CONVERT(NVARCHAR, DATEADD(SECOND, DELT_HEUR_UTC,DATE_DEBU_ACTU), 108) AS DATE_DEBU_ACTU  , CONVERT(NVARCHAR, DATEADD(SECOND, DELT_HEUR_UTC,DATE_IMPO), 103) +' '+CONVERT(NVARCHAR, DATEADD(SECOND, DELT_HEUR_UTC,DATE_IMPO), 108) AS DATE_IMPO  , COUL_PLAN_HEX  , CODE_BT  , TECH_AVAN_THEO  , COUT_UNIT  , CODE_SITE  , DELT_HEUR_UTC  , FLAG_SUPP FROM OF_OPERATION  WHERE ( CODE_SITE = 'FAB')  ORDER BY CODE_OF ASC  
16:41:00.676 DEBUG - GSqlQueryGeneratorSqlServer --->table =OF_OPERATION query =set rowcount 3000  SELECT CODE_OF  , CODE_OPER_TYPE  , CODE_OPER  , dbo.OPTIMA_TRADUCTION(DESI_OPER,'fr') +'@KEYLANG_'+DESI_OPER AS DESI_OPER  , CADE_THEO  , TEMP_PREP  , QUAN_PREV  , QUAN_STOC_AFFE  , UNIT_OPER  , TEMP_FABR  , NOMB_ARTI  , NOMB_OPER_THEO  , FLAG_DERN_OPER  , FLAG_EXPO_PLAN  , CODE_MACH  , CODE_FAMI_MACH  , CODE_MACH_PLAN  , CODE_ATEL  , CODE_SECT_GEOG  , CODE_SECT_ANAL  , CODE_ETAT_AVAN  , CODE_FOND_PAGE  , dbo.OPTIMA_TRADUCTION(COMM_OPER,'fr') +'@KEYLANG_'+COMM_OPER AS COMM_OPER  , CHAM_LIBR_1  , CHAM_LIBR_2  , CHAM_LIBR_3  , CONVERT(NVARCHAR, DATEADD(SECOND, DELT_HEUR_UTC_DEBU_PREV,DATE_DEBU_PREV), 103) +' '+CONVERT(NVARCHAR, DATEADD(SECOND, DELT_HEUR_UTC_DEBU_PREV,DATE_DEBU_PREV), 108) AS DATE_DEBU_PREV  , DELT_HEUR_UTC_DEBU_PREV  , CONVERT(NVARCHAR, DATEADD(SECOND, DELT_HEUR_UTC_FIN_PREV,DATE_FIN_PREV), 103) +' '+CONVERT(NVARCHAR, DATEADD(SECOND, DELT_HEUR_UTC_FIN_PREV,DATE_FIN_PREV), 108) AS DATE_FIN_PREV  , DELT_HEUR_UTC_FIN_PREV  , CONVERT(NVARCHAR, DATEADD(SECOND, DELT_HEUR_UTC_DEBU_PLAN,DATE_DEBU_PLAN), 103) +' '+CONVERT(NVARCHAR, DATEADD(SECOND, DELT_HEUR_UTC_DEBU_PLAN,DATE_DEBU_PLAN), 108) AS DATE_DEBU_PLAN  , DELT_HEUR_UTC_DEBU_PLAN  , CONVERT(NVARCHAR, DATEADD(SECOND, DELT_HEUR_UTC_FIN_PLAN,DATE_FIN_PLAN), 103) +' '+CONVERT(NVARCHAR, DATEADD(SECOND, DELT_HEUR_UTC_FIN_PLAN,DATE_FIN_PLAN), 108) AS DATE_FIN_PLAN  , DELT_HEUR_UTC_FIN_PLAN  , CONVERT(NVARCHAR, DATEADD(SECOND, DELT_HEUR_UTC_DEBU_REEL,DATE_DEBU_REEL), 103) +' '+CONVERT(NVARCHAR, DATEADD(SECOND, DELT_HEUR_UTC_DEBU_REEL,DATE_DEBU_REEL), 108) AS DATE_DEBU_REEL  , DELT_HEUR_UTC_DEBU_REEL  , CONVERT(NVARCHAR, DATEADD(SECOND, DELT_HEUR_UTC_FIN_REEL,DATE_FIN_REEL), 103) +' '+CONVERT(NVARCHAR, DATEADD(SECOND, DELT_HEUR_UTC_FIN_REEL,DATE_FIN_REEL), 108) AS DATE_FIN_REEL  , DELT_HEUR_UTC_FIN_REEL  , CONVERT(NVARCHAR, DATEADD(SECOND, DELT_HEUR_UTC,DATE_DEBU_ACTU), 103) +' '+CONVERT(NVARCHAR, DATEADD(SECOND, DELT_HEUR_UTC,DATE_DEBU_ACTU), 108) AS DATE_DEBU_ACTU  , CONVERT(NVARCHAR, DATEADD(SECOND, DELT_HEUR_UTC,DATE_IMPO), 103) +' '+CONVERT(NVARCHAR, DATEADD(SECOND, DELT_HEUR_UTC,DATE_IMPO), 108) AS DATE_IMPO  , COUL_PLAN_HEX  , CODE_BT  , TECH_AVAN_THEO  , COUT_UNIT  , CODE_SITE  , DELT_HEUR_UTC  , FLAG_SUPP FROM OF_OPERATION  WHERE ( CODE_SITE = 'FAB')  AND ( CODE_OF LIKE  'OF19000093'  )  ORDER BY CODE_OF ASC  
16:41:10.349 DEBUG - GSqlQueryGeneratorSqlServer --->table =OF_OPERATION query =set rowcount 3000  SELECT CODE_OF  , CODE_OPER_TYPE  , CODE_OPER  , dbo.OPTIMA_TRADUCTION(DESI_OPER,'fr') +'@KEYLANG_'+DESI_OPER AS DESI_OPER  , CADE_THEO  , TEMP_PREP  , QUAN_PREV  , QUAN_STOC_AFFE  , UNIT_OPER  , TEMP_FABR  , NOMB_ARTI  , NOMB_OPER_THEO  , FLAG_DERN_OPER  , FLAG_EXPO_PLAN  , CODE_MACH  , CODE_FAMI_MACH  , CODE_MACH_PLAN  , CODE_ATEL  , CODE_SECT_GEOG  , CODE_SECT_ANAL  , CODE_ETAT_AVAN  , CODE_FOND_PAGE  , dbo.OPTIMA_TRADUCTION(COMM_OPER,'fr') +'@KEYLANG_'+COMM_OPER AS COMM_OPER  , CHAM_LIBR_1  , CHAM_LIBR_2  , CHAM_LIBR_3  , CONVERT(NVARCHAR, DATEADD(SECOND, DELT_HEUR_UTC_DEBU_PREV,DATE_DEBU_PREV), 103) +' '+CONVERT(NVARCHAR, DATEADD(SECOND, DELT_HEUR_UTC_DEBU_PREV,DATE_DEBU_PREV), 108) AS DATE_DEBU_PREV  , DELT_HEUR_UTC_DEBU_PREV  , CONVERT(NVARCHAR, DATEADD(SECOND, DELT_HEUR_UTC_FIN_PREV,DATE_FIN_PREV), 103) +' '+CONVERT(NVARCHAR, DATEADD(SECOND, DELT_HEUR_UTC_FIN_PREV,DATE_FIN_PREV), 108) AS DATE_FIN_PREV  , DELT_HEUR_UTC_FIN_PREV  , CONVERT(NVARCHAR, DATEADD(SECOND, DELT_HEUR_UTC_DEBU_PLAN,DATE_DEBU_PLAN), 103) +' '+CONVERT(NVARCHAR, DATEADD(SECOND, DELT_HEUR_UTC_DEBU_PLAN,DATE_DEBU_PLAN), 108) AS DATE_DEBU_PLAN  , DELT_HEUR_UTC_DEBU_PLAN  , CONVERT(NVARCHAR, DATEADD(SECOND, DELT_HEUR_UTC_FIN_PLAN,DATE_FIN_PLAN), 103) +' '+CONVERT(NVARCHAR, DATEADD(SECOND, DELT_HEUR_UTC_FIN_PLAN,DATE_FIN_PLAN), 108) AS DATE_FIN_PLAN  , DELT_HEUR_UTC_FIN_PLAN  , CONVERT(NVARCHAR, DATEADD(SECOND, DELT_HEUR_UTC_DEBU_REEL,DATE_DEBU_REEL), 103) +' '+CONVERT(NVARCHAR, DATEADD(SECOND, DELT_HEUR_UTC_DEBU_REEL,DATE_DEBU_REEL), 108) AS DATE_DEBU_REEL  , DELT_HEUR_UTC_DEBU_REEL  , CONVERT(NVARCHAR, DATEADD(SECOND, DELT_HEUR_UTC_FIN_REEL,DATE_FIN_REEL), 103) +' '+CONVERT(NVARCHAR, DATEADD(SECOND, DELT_HEUR_UTC_FIN_REEL,DATE_FIN_REEL), 108) AS DATE_FIN_REEL  , DELT_HEUR_UTC_FIN_REEL  , CONVERT(NVARCHAR, DATEADD(SECOND, DELT_HEUR_UTC,DATE_DEBU_ACTU), 103) +' '+CONVERT(NVARCHAR, DATEADD(SECOND, DELT_HEUR_UTC,DATE_DEBU_ACTU), 108) AS DATE_DEBU_ACTU  , CONVERT(NVARCHAR, DATEADD(SECOND, DELT_HEUR_UTC,DATE_IMPO), 103) +' '+CONVERT(NVARCHAR, DATEADD(SECOND, DELT_HEUR_UTC,DATE_IMPO), 108) AS DATE_IMPO  , COUL_PLAN_HEX  , CODE_BT  , TECH_AVAN_THEO  , COUT_UNIT  , CODE_SITE  , DELT_HEUR_UTC  , FLAG_SUPP FROM OF_OPERATION  WHERE ( CODE_SITE = 'FAB')  ORDER BY CODE_OF ASC  
16:41:23.112 DEBUG - GSqlQueryGeneratorSqlServer --->table =OF_OPERATION query =set rowcount 3000  SELECT CODE_OF  , CODE_OPER_TYPE  , CODE_OPER  , dbo.OPTIMA_TRADUCTION(DESI_OPER,'fr') +'@KEYLANG_'+DESI_OPER AS DESI_OPER  , CADE_THEO  , TEMP_PREP  , QUAN_PREV  , QUAN_STOC_AFFE  , UNIT_OPER  , TEMP_FABR  , NOMB_ARTI  , NOMB_OPER_THEO  , FLAG_DERN_OPER  , FLAG_EXPO_PLAN  , CODE_MACH  , CODE_FAMI_MACH  , CODE_MACH_PLAN  , CODE_ATEL  , CODE_SECT_GEOG  , CODE_SECT_ANAL  , CODE_ETAT_AVAN  , CODE_FOND_PAGE  , dbo.OPTIMA_TRADUCTION(COMM_OPER,'fr') +'@KEYLANG_'+COMM_OPER AS COMM_OPER  , CHAM_LIBR_1  , CHAM_LIBR_2  , CHAM_LIBR_3  , CONVERT(NVARCHAR, DATEADD(SECOND, DELT_HEUR_UTC_DEBU_PREV,DATE_DEBU_PREV), 103) +' '+CONVERT(NVARCHAR, DATEADD(SECOND, DELT_HEUR_UTC_DEBU_PREV,DATE_DEBU_PREV), 108) AS DATE_DEBU_PREV  , DELT_HEUR_UTC_DEBU_PREV  , CONVERT(NVARCHAR, DATEADD(SECOND, DELT_HEUR_UTC_FIN_PREV,DATE_FIN_PREV), 103) +' '+CONVERT(NVARCHAR, DATEADD(SECOND, DELT_HEUR_UTC_FIN_PREV,DATE_FIN_PREV), 108) AS DATE_FIN_PREV  , DELT_HEUR_UTC_FIN_PREV  , CONVERT(NVARCHAR, DATEADD(SECOND, DELT_HEUR_UTC_DEBU_PLAN,DATE_DEBU_PLAN), 103) +' '+CONVERT(NVARCHAR, DATEADD(SECOND, DELT_HEUR_UTC_DEBU_PLAN,DATE_DEBU_PLAN), 108) AS DATE_DEBU_PLAN  , DELT_HEUR_UTC_DEBU_PLAN  , CONVERT(NVARCHAR, DATEADD(SECOND, DELT_HEUR_UTC_FIN_PLAN,DATE_FIN_PLAN), 103) +' '+CONVERT(NVARCHAR, DATEADD(SECOND, DELT_HEUR_UTC_FIN_PLAN,DATE_FIN_PLAN), 108) AS DATE_FIN_PLAN  , DELT_HEUR_UTC_FIN_PLAN  , CONVERT(NVARCHAR, DATEADD(SECOND, DELT_HEUR_UTC_DEBU_REEL,DATE_DEBU_REEL), 103) +' '+CONVERT(NVARCHAR, DATEADD(SECOND, DELT_HEUR_UTC_DEBU_REEL,DATE_DEBU_REEL), 108) AS DATE_DEBU_REEL  , DELT_HEUR_UTC_DEBU_REEL  , CONVERT(NVARCHAR, DATEADD(SECOND, DELT_HEUR_UTC_FIN_REEL,DATE_FIN_REEL), 103) +' '+CONVERT(NVARCHAR, DATEADD(SECOND, DELT_HEUR_UTC_FIN_REEL,DATE_FIN_REEL), 108) AS DATE_FIN_REEL  , DELT_HEUR_UTC_FIN_REEL  , CONVERT(NVARCHAR, DATEADD(SECOND, DELT_HEUR_UTC,DATE_DEBU_ACTU), 103) +' '+CONVERT(NVARCHAR, DATEADD(SECOND, DELT_HEUR_UTC,DATE_DEBU_ACTU), 108) AS DATE_DEBU_ACTU  , CONVERT(NVARCHAR, DATEADD(SECOND, DELT_HEUR_UTC,DATE_IMPO), 103) +' '+CONVERT(NVARCHAR, DATEADD(SECOND, DELT_HEUR_UTC,DATE_IMPO), 108) AS DATE_IMPO  , COUL_PLAN_HEX  , CODE_BT  , TECH_AVAN_THEO  , COUT_UNIT  , CODE_SITE  , DELT_HEUR_UTC  , FLAG_SUPP FROM OF_OPERATION  WHERE ( CODE_SITE = 'FAB')  AND ( CODE_OF LIKE  'FABOF19000093'  )  ORDER BY CODE_OF ASC  
16:41:45.018 DEBUG - GSqlQueryGeneratorSqlServer --->table =OF_OPERATION query =set rowcount 3000  SELECT CODE_OF  , CODE_OPER_TYPE  , CODE_OPER  , dbo.OPTIMA_TRADUCTION(DESI_OPER,'fr') +'@KEYLANG_'+DESI_OPER AS DESI_OPER  , CADE_THEO  , TEMP_PREP  , QUAN_PREV  , QUAN_STOC_AFFE  , UNIT_OPER  , TEMP_FABR  , NOMB_ARTI  , NOMB_OPER_THEO  , FLAG_DERN_OPER  , FLAG_EXPO_PLAN  , CODE_MACH  , CODE_FAMI_MACH  , CODE_MACH_PLAN  , CODE_ATEL  , CODE_SECT_GEOG  , CODE_SECT_ANAL  , CODE_ETAT_AVAN  , CODE_FOND_PAGE  , dbo.OPTIMA_TRADUCTION(COMM_OPER,'fr') +'@KEYLANG_'+COMM_OPER AS COMM_OPER  , CHAM_LIBR_1  , CHAM_LIBR_2  , CHAM_LIBR_3  , CONVERT(NVARCHAR, DATEADD(SECOND, DELT_HEUR_UTC_DEBU_PREV,DATE_DEBU_PREV), 103) +' '+CONVERT(NVARCHAR, DATEADD(SECOND, DELT_HEUR_UTC_DEBU_PREV,DATE_DEBU_PREV), 108) AS DATE_DEBU_PREV  , DELT_HEUR_UTC_DEBU_PREV  , CONVERT(NVARCHAR, DATEADD(SECOND, DELT_HEUR_UTC_FIN_PREV,DATE_FIN_PREV), 103) +' '+CONVERT(NVARCHAR, DATEADD(SECOND, DELT_HEUR_UTC_FIN_PREV,DATE_FIN_PREV), 108) AS DATE_FIN_PREV  , DELT_HEUR_UTC_FIN_PREV  , CONVERT(NVARCHAR, DATEADD(SECOND, DELT_HEUR_UTC_DEBU_PLAN,DATE_DEBU_PLAN), 103) +' '+CONVERT(NVARCHAR, DATEADD(SECOND, DELT_HEUR_UTC_DEBU_PLAN,DATE_DEBU_PLAN), 108) AS DATE_DEBU_PLAN  , DELT_HEUR_UTC_DEBU_PLAN  , CONVERT(NVARCHAR, DATEADD(SECOND, DELT_HEUR_UTC_FIN_PLAN,DATE_FIN_PLAN), 103) +' '+CONVERT(NVARCHAR, DATEADD(SECOND, DELT_HEUR_UTC_FIN_PLAN,DATE_FIN_PLAN), 108) AS DATE_FIN_PLAN  , DELT_HEUR_UTC_FIN_PLAN  , CONVERT(NVARCHAR, DATEADD(SECOND, DELT_HEUR_UTC_DEBU_REEL,DATE_DEBU_REEL), 103) +' '+CONVERT(NVARCHAR, DATEADD(SECOND, DELT_HEUR_UTC_DEBU_REEL,DATE_DEBU_REEL), 108) AS DATE_DEBU_REEL  , DELT_HEUR_UTC_DEBU_REEL  , CONVERT(NVARCHAR, DATEADD(SECOND, DELT_HEUR_UTC_FIN_REEL,DATE_FIN_REEL), 103) +' '+CONVERT(NVARCHAR, DATEADD(SECOND, DELT_HEUR_UTC_FIN_REEL,DATE_FIN_REEL), 108) AS DATE_FIN_REEL  , DELT_HEUR_UTC_FIN_REEL  , CONVERT(NVARCHAR, DATEADD(SECOND, DELT_HEUR_UTC,DATE_DEBU_ACTU), 103) +' '+CONVERT(NVARCHAR, DATEADD(SECOND, DELT_HEUR_UTC,DATE_DEBU_ACTU), 108) AS DATE_DEBU_ACTU  , CONVERT(NVARCHAR, DATEADD(SECOND, DELT_HEUR_UTC,DATE_IMPO), 103) +' '+CONVERT(NVARCHAR, DATEADD(SECOND, DELT_HEUR_UTC,DATE_IMPO), 108) AS DATE_IMPO  , COUL_PLAN_HEX  , CODE_BT  , TECH_AVAN_THEO  , COUT_UNIT  , CODE_SITE  , DELT_HEUR_UTC  , FLAG_SUPP FROM OF_OPERATION  WHERE ( CODE_SITE = 'FAB')  AND ( CODE_OF LIKE  'FABOF19000091'  )  ORDER BY CODE_OF ASC  
16:42:00.007 DEBUG - GSqlQueryGeneratorSqlServer --->table =OF_OPERATION query =set rowcount 3000  SELECT CODE_OF  , CODE_OPER_TYPE  , CODE_OPER  , dbo.OPTIMA_TRADUCTION(DESI_OPER,'fr') +'@KEYLANG_'+DESI_OPER AS DESI_OPER  , CADE_THEO  , TEMP_PREP  , QUAN_PREV  , QUAN_STOC_AFFE  , UNIT_OPER  , TEMP_FABR  , NOMB_ARTI  , NOMB_OPER_THEO  , FLAG_DERN_OPER  , FLAG_EXPO_PLAN  , CODE_MACH  , CODE_FAMI_MACH  , CODE_MACH_PLAN  , CODE_ATEL  , CODE_SECT_GEOG  , CODE_SECT_ANAL  , CODE_ETAT_AVAN  , CODE_FOND_PAGE  , dbo.OPTIMA_TRADUCTION(COMM_OPER,'fr') +'@KEYLANG_'+COMM_OPER AS COMM_OPER  , CHAM_LIBR_1  , CHAM_LIBR_2  , CHAM_LIBR_3  , CONVERT(NVARCHAR, DATEADD(SECOND, DELT_HEUR_UTC_DEBU_PREV,DATE_DEBU_PREV), 103) +' '+CONVERT(NVARCHAR, DATEADD(SECOND, DELT_HEUR_UTC_DEBU_PREV,DATE_DEBU_PREV), 108) AS DATE_DEBU_PREV  , DELT_HEUR_UTC_DEBU_PREV  , CONVERT(NVARCHAR, DATEADD(SECOND, DELT_HEUR_UTC_FIN_PREV,DATE_FIN_PREV), 103) +' '+CONVERT(NVARCHAR, DATEADD(SECOND, DELT_HEUR_UTC_FIN_PREV,DATE_FIN_PREV), 108) AS DATE_FIN_PREV  , DELT_HEUR_UTC_FIN_PREV  , CONVERT(NVARCHAR, DATEADD(SECOND, DELT_HEUR_UTC_DEBU_PLAN,DATE_DEBU_PLAN), 103) +' '+CONVERT(NVARCHAR, DATEADD(SECOND, DELT_HEUR_UTC_DEBU_PLAN,DATE_DEBU_PLAN), 108) AS DATE_DEBU_PLAN  , DELT_HEUR_UTC_DEBU_PLAN  , CONVERT(NVARCHAR, DATEADD(SECOND, DELT_HEUR_UTC_FIN_PLAN,DATE_FIN_PLAN), 103) +' '+CONVERT(NVARCHAR, DATEADD(SECOND, DELT_HEUR_UTC_FIN_PLAN,DATE_FIN_PLAN), 108) AS DATE_FIN_PLAN  , DELT_HEUR_UTC_FIN_PLAN  , CONVERT(NVARCHAR, DATEADD(SECOND, DELT_HEUR_UTC_DEBU_REEL,DATE_DEBU_REEL), 103) +' '+CONVERT(NVARCHAR, DATEADD(SECOND, DELT_HEUR_UTC_DEBU_REEL,DATE_DEBU_REEL), 108) AS DATE_DEBU_REEL  , DELT_HEUR_UTC_DEBU_REEL  , CONVERT(NVARCHAR, DATEADD(SECOND, DELT_HEUR_UTC_FIN_REEL,DATE_FIN_REEL), 103) +' '+CONVERT(NVARCHAR, DATEADD(SECOND, DELT_HEUR_UTC_FIN_REEL,DATE_FIN_REEL), 108) AS DATE_FIN_REEL  , DELT_HEUR_UTC_FIN_REEL  , CONVERT(NVARCHAR, DATEADD(SECOND, DELT_HEUR_UTC,DATE_DEBU_ACTU), 103) +' '+CONVERT(NVARCHAR, DATEADD(SECOND, DELT_HEUR_UTC,DATE_DEBU_ACTU), 108) AS DATE_DEBU_ACTU  , CONVERT(NVARCHAR, DATEADD(SECOND, DELT_HEUR_UTC,DATE_IMPO), 103) +' '+CONVERT(NVARCHAR, DATEADD(SECOND, DELT_HEUR_UTC,DATE_IMPO), 108) AS DATE_IMPO  , COUL_PLAN_HEX  , CODE_BT  , TECH_AVAN_THEO  , COUT_UNIT  , CODE_SITE  , DELT_HEUR_UTC  , FLAG_SUPP FROM OF_OPERATION  WHERE ( CODE_SITE = 'FAB')  AND ( CODE_OF LIKE  'FABOF19000091'  )  ORDER BY CODE_OF ASC  
16:42:30.918 DEBUG - GSqlQueryGeneratorSqlServer --->table =OF_OPERATION query =set rowcount 3000  SELECT CODE_OF  , CODE_OPER_TYPE  , CODE_OPER  , dbo.OPTIMA_TRADUCTION(DESI_OPER,'fr') +'@KEYLANG_'+DESI_OPER AS DESI_OPER  , CADE_THEO  , TEMP_PREP  , QUAN_PREV  , QUAN_STOC_AFFE  , UNIT_OPER  , TEMP_FABR  , NOMB_ARTI  , NOMB_OPER_THEO  , FLAG_DERN_OPER  , FLAG_EXPO_PLAN  , CODE_MACH  , CODE_FAMI_MACH  , CODE_MACH_PLAN  , CODE_ATEL  , CODE_SECT_GEOG  , CODE_SECT_ANAL  , CODE_ETAT_AVAN  , CODE_FOND_PAGE  , dbo.OPTIMA_TRADUCTION(COMM_OPER,'fr') +'@KEYLANG_'+COMM_OPER AS COMM_OPER  , CHAM_LIBR_1  , CHAM_LIBR_2  , CHAM_LIBR_3  , CONVERT(NVARCHAR, DATEADD(SECOND, DELT_HEUR_UTC_DEBU_PREV,DATE_DEBU_PREV), 103) +' '+CONVERT(NVARCHAR, DATEADD(SECOND, DELT_HEUR_UTC_DEBU_PREV,DATE_DEBU_PREV), 108) AS DATE_DEBU_PREV  , DELT_HEUR_UTC_DEBU_PREV  , CONVERT(NVARCHAR, DATEADD(SECOND, DELT_HEUR_UTC_FIN_PREV,DATE_FIN_PREV), 103) +' '+CONVERT(NVARCHAR, DATEADD(SECOND, DELT_HEUR_UTC_FIN_PREV,DATE_FIN_PREV), 108) AS DATE_FIN_PREV  , DELT_HEUR_UTC_FIN_PREV  , CONVERT(NVARCHAR, DATEADD(SECOND, DELT_HEUR_UTC_DEBU_PLAN,DATE_DEBU_PLAN), 103) +' '+CONVERT(NVARCHAR, DATEADD(SECOND, DELT_HEUR_UTC_DEBU_PLAN,DATE_DEBU_PLAN), 108) AS DATE_DEBU_PLAN  , DELT_HEUR_UTC_DEBU_PLAN  , CONVERT(NVARCHAR, DATEADD(SECOND, DELT_HEUR_UTC_FIN_PLAN,DATE_FIN_PLAN), 103) +' '+CONVERT(NVARCHAR, DATEADD(SECOND, DELT_HEUR_UTC_FIN_PLAN,DATE_FIN_PLAN), 108) AS DATE_FIN_PLAN  , DELT_HEUR_UTC_FIN_PLAN  , CONVERT(NVARCHAR, DATEADD(SECOND, DELT_HEUR_UTC_DEBU_REEL,DATE_DEBU_REEL), 103) +' '+CONVERT(NVARCHAR, DATEADD(SECOND, DELT_HEUR_UTC_DEBU_REEL,DATE_DEBU_REEL), 108) AS DATE_DEBU_REEL  , DELT_HEUR_UTC_DEBU_REEL  , CONVERT(NVARCHAR, DATEADD(SECOND, DELT_HEUR_UTC_FIN_REEL,DATE_FIN_REEL), 103) +' '+CONVERT(NVARCHAR, DATEADD(SECOND, DELT_HEUR_UTC_FIN_REEL,DATE_FIN_REEL), 108) AS DATE_FIN_REEL  , DELT_HEUR_UTC_FIN_REEL  , CONVERT(NVARCHAR, DATEADD(SECOND, DELT_HEUR_UTC,DATE_DEBU_ACTU), 103) +' '+CONVERT(NVARCHAR, DATEADD(SECOND, DELT_HEUR_UTC,DATE_DEBU_ACTU), 108) AS DATE_DEBU_ACTU  , CONVERT(NVARCHAR, DATEADD(SECOND, DELT_HEUR_UTC,DATE_IMPO), 103) +' '+CONVERT(NVARCHAR, DATEADD(SECOND, DELT_HEUR_UTC,DATE_IMPO), 108) AS DATE_IMPO  , COUL_PLAN_HEX  , CODE_BT  , TECH_AVAN_THEO  , COUT_UNIT  , CODE_SITE  , DELT_HEUR_UTC  , FLAG_SUPP FROM OF_OPERATION  WHERE ( CODE_SITE = 'FAB')  AND ( CODE_OF LIKE  'FABOF19000090'  )  ORDER BY CODE_OF ASC  
