09:58:41.447 DEBUG - AuthManagedBean autoconnect - Tentative de connexion SSO... 
09:58:41.458 DEBUG - ConnexionManagedBean User renseigné par filtre SSO LDAP : null 
09:58:41.458 DEBUG - ConnexionManagedBean ldapActive = false 
09:58:41.458 DEBUG - AuthManagedBean autoconnect - Echec de la connexion par SSO. 
09:58:43.997 DEBUG - AuthManagedBean autoconnect - Tentative de connexion SSO... 
09:58:43.997 DEBUG - ConnexionManagedBean User renseigné par filtre SSO LDAP : null 
09:58:43.997 DEBUG - ConnexionManagedBean ldapActive = false 
09:58:43.997 DEBUG - AuthManagedBean autoconnect - Echec de la connexion par SSO. 
09:59:05.285  INFO - PropertiesDelegate Destruction du properties manager ! 
09:59:27.605 DEBUG - TomcatListener contextInitialized - servletContext.realPath : C:\Osys\QuartisTools\Tomcat\webapps\Quartis-Web 
09:59:27.617  INFO - PropertiesDelegate Ouverture du fichier de configuration à l'emplacement : C:\Osys\QuartisTools\Tomcat/conf/quartis-web.properties 
09:59:27.643  INFO - TomcatListener -----> Supression des fichier temporaires 
09:59:27.885  INFO - TomcatListener Ouverture du fichier indiquant la base de données : C:\Osys\QuartisTools\Tomcat/conf/datasources.xml... 
09:59:27.948  INFO - DataSourceManager Création de la datasource : QuartisWeb-PU 
09:59:41.035 DEBUG - AuthManagedBean autoconnect - Tentative de connexion SSO... 
09:59:41.036 DEBUG - ConnexionManagedBean User renseigné par filtre SSO LDAP : null 
09:59:41.036 DEBUG - ConnexionManagedBean ldapActive = false 
09:59:41.036 DEBUG - AuthManagedBean autoconnect - Echec de la connexion par SSO. 
10:00:08.908 DEBUG - AuthManagedBean autoconnect - Tentative de connexion SSO... 
10:00:08.908 DEBUG - ConnexionManagedBean User renseigné par filtre SSO LDAP : null 
10:00:08.908 DEBUG - ConnexionManagedBean ldapActive = false 
10:00:08.908 DEBUG - AuthManagedBean autoconnect - Echec de la connexion par SSO. 
10:00:15.280 DEBUG - LoginManagedBean user.id = administrateur, connecté par login/mdp Osys 
10:00:16.864 DEBUG - TransfertFile copyFile (pls) - Copie de 18 fichiers vers 'C:\Osys\QUARTIS_PRO\quartis-pro-web\users\administrateur\language.properties'... 
10:00:16.865 DEBUG - TransfertFile copyFile (pls) - Copie du fichier 0/18 : 'C:\Osys\QUARTIS_PRO\quartis-pro-web\Standard\OPTIMA_00_Standard\language.properties'. 
10:00:16.865 DEBUG - TransfertFile copyFile (fileChannel) - Copie de 'C:\Osys\QUARTIS_PRO\quartis-pro-web\Standard\OPTIMA_00_Standard\language.properties'... 
10:00:16.877 DEBUG - TransfertFile copyFile (fileChannel) - Fin de la copie. 
10:00:16.877 DEBUG - TransfertFile copyFile (pls) - Copie du fichier 1/18 : 'C:\Osys\QUARTIS_PRO\quartis-pro-web\Standard\OPTIMA_10_Personnel\language.properties'. 
10:00:16.877 DEBUG - TransfertFile copyFile (fileChannel) - Copie de 'C:\Osys\QUARTIS_PRO\quartis-pro-web\Standard\OPTIMA_10_Personnel\language.properties'... 
10:00:16.877 DEBUG - TransfertFile copyFile (fileChannel) - Fin de la copie. 
10:00:16.877 DEBUG - TransfertFile copyFile (pls) - Copie du fichier 2/18 : 'C:\Osys\QUARTIS_PRO\quartis-pro-web\Standard\OPTIMA_15_Equipement\language.properties'. 
10:00:16.878 DEBUG - TransfertFile copyFile (fileChannel) - Copie de 'C:\Osys\QUARTIS_PRO\quartis-pro-web\Standard\OPTIMA_15_Equipement\language.properties'... 
10:00:16.884 DEBUG - TransfertFile copyFile (fileChannel) - Fin de la copie. 
10:00:16.884 DEBUG - TransfertFile copyFile (pls) - Copie du fichier 3/18 : 'C:\Osys\QUARTIS_PRO\quartis-pro-web\Standard\OPTIMA_20_Production\language.properties'. 
10:00:16.884 DEBUG - TransfertFile copyFile (fileChannel) - Copie de 'C:\Osys\QUARTIS_PRO\quartis-pro-web\Standard\OPTIMA_20_Production\language.properties'... 
10:00:16.895 DEBUG - TransfertFile copyFile (fileChannel) - Fin de la copie. 
10:00:16.895 DEBUG - TransfertFile copyFile (pls) - Copie du fichier 4/18 : 'C:\Osys\QUARTIS_PRO\quartis-pro-web\Standard\OPTIMA_30_Outil\language.properties'. 
10:00:16.895 DEBUG - TransfertFile copyFile (fileChannel) - Copie de 'C:\Osys\QUARTIS_PRO\quartis-pro-web\Standard\OPTIMA_30_Outil\language.properties'... 
10:00:16.909 DEBUG - TransfertFile copyFile (fileChannel) - Fin de la copie. 
10:00:16.909 DEBUG - TransfertFile copyFile (pls) - Copie du fichier 5/18 : 'C:\Osys\QUARTIS_PRO\quartis-pro-web\Standard\OPTIMA_40_Maintenance\language.properties'. 
10:00:16.909 DEBUG - TransfertFile copyFile (fileChannel) - Copie de 'C:\Osys\QUARTIS_PRO\quartis-pro-web\Standard\OPTIMA_40_Maintenance\language.properties'... 
10:00:16.919 DEBUG - TransfertFile copyFile (fileChannel) - Fin de la copie. 
10:00:16.919 DEBUG - TransfertFile copyFile (pls) - Copie du fichier 6/18 : 'C:\Osys\QUARTIS_PRO\quartis-pro-web\Standard\OPTIMA_45_Controle\language.properties'. 
10:00:16.919 DEBUG - TransfertFile copyFile (fileChannel) - Copie de 'C:\Osys\QUARTIS_PRO\quartis-pro-web\Standard\OPTIMA_45_Controle\language.properties'... 
10:00:16.922 DEBUG - TransfertFile copyFile (fileChannel) - Fin de la copie. 
10:00:16.922 DEBUG - TransfertFile copyFile (pls) - Copie du fichier 7/18 : 'C:\Osys\QUARTIS_PRO\quartis-pro-web\Standard\OPTIMA_50_GF\language.properties'. 
10:00:16.922 DEBUG - TransfertFile copyFile (fileChannel) - Copie de 'C:\Osys\QUARTIS_PRO\quartis-pro-web\Standard\OPTIMA_50_GF\language.properties'... 
10:00:16.937 DEBUG - TransfertFile copyFile (fileChannel) - Fin de la copie. 
10:00:16.937 DEBUG - TransfertFile copyFile (pls) - Copie du fichier 8/18 : 'C:\Osys\QUARTIS_PRO\quartis-pro-web\Standard\OPTIMA_60_Tiers\language.properties'. 
10:00:16.937 DEBUG - TransfertFile copyFile (fileChannel) - Copie de 'C:\Osys\QUARTIS_PRO\quartis-pro-web\Standard\OPTIMA_60_Tiers\language.properties'... 
10:00:16.937 DEBUG - TransfertFile copyFile (fileChannel) - Fin de la copie. 
10:00:16.938 DEBUG - TransfertFile copyFile (pls) - Copie du fichier 9/18 : 'C:\Osys\QUARTIS_PRO\quartis-pro-web\Standard\OPTIMA_70_Tracabilite\language.properties'. 
10:00:16.938 DEBUG - TransfertFile copyFile (fileChannel) - Copie de 'C:\Osys\QUARTIS_PRO\quartis-pro-web\Standard\OPTIMA_70_Tracabilite\language.properties'... 
10:00:16.943 DEBUG - TransfertFile copyFile (fileChannel) - Fin de la copie. 
10:00:16.943 DEBUG - TransfertFile copyFile (pls) - Copie du fichier 10/18 : 'C:\Osys\QUARTIS_PRO\quartis-pro-web\Standard\OPTIMA_80_Documents\language.properties'. 
10:00:16.943 DEBUG - TransfertFile copyFile (fileChannel) - Copie de 'C:\Osys\QUARTIS_PRO\quartis-pro-web\Standard\OPTIMA_80_Documents\language.properties'... 
10:00:16.946 DEBUG - TransfertFile copyFile (fileChannel) - Fin de la copie. 
10:00:16.946 DEBUG - TransfertFile copyFile (pls) - Copie du fichier 11/18 : 'C:\Osys\QUARTIS_PRO\quartis-pro-web\Standard\OPTIMA_90_GDT\language.properties'. 
10:00:16.946 DEBUG - TransfertFile copyFile (fileChannel) - Copie de 'C:\Osys\QUARTIS_PRO\quartis-pro-web\Standard\OPTIMA_90_GDT\language.properties'... 
10:00:16.946 DEBUG - TransfertFile copyFile (fileChannel) - Fin de la copie. 
10:00:16.947 DEBUG - TransfertFile copyFile (pls) - Copie du fichier 12/18 : 'C:\Osys\QUARTIS_PRO\quartis-pro-web\Standard\OPTIMA_98_About\language.properties'. 
10:00:16.947 DEBUG - TransfertFile copyFile (fileChannel) - Copie de 'C:\Osys\QUARTIS_PRO\quartis-pro-web\Standard\OPTIMA_98_About\language.properties'... 
10:00:16.947 DEBUG - TransfertFile copyFile (fileChannel) - Fin de la copie. 
10:00:16.947 DEBUG - TransfertFile copyFile (pls) - Copie du fichier 13/18 : 'C:\Osys\QUARTIS_PRO\quartis-pro-web\Standard\restrictions\language.properties'. 
10:00:16.947 DEBUG - TransfertFile copyFile (fileChannel) - Copie de 'C:\Osys\QUARTIS_PRO\quartis-pro-web\Standard\restrictions\language.properties'... 
10:00:16.947 DEBUG - TransfertFile copyFile (fileChannel) - Fin de la copie. 
10:00:16.947 DEBUG - TransfertFile copyFile (pls) - Copie du fichier 14/18 : 'C:\Osys\QUARTIS_PRO\quartis-pro-web\Standard\templates\pdf-footer\language.properties'. 
10:00:16.947 DEBUG - TransfertFile copyFile (fileChannel) - Copie de 'C:\Osys\QUARTIS_PRO\quartis-pro-web\Standard\templates\pdf-footer\language.properties'... 
10:00:16.947 DEBUG - TransfertFile copyFile (fileChannel) - Fin de la copie. 
10:00:16.947 DEBUG - TransfertFile copyFile (pls) - Copie du fichier 15/18 : 'C:\Osys\QUARTIS_PRO\quartis-pro-web\Standard\templates\pdf-header\language.properties'. 
10:00:16.948 DEBUG - TransfertFile copyFile (fileChannel) - Copie de 'C:\Osys\QUARTIS_PRO\quartis-pro-web\Standard\templates\pdf-header\language.properties'... 
10:00:16.948 DEBUG - TransfertFile copyFile (fileChannel) - Fin de la copie. 
10:00:16.948 DEBUG - TransfertFile copyFile (pls) - Copie du fichier 16/18 : 'C:\Osys\QUARTIS_PRO\quartis-pro-web\Specifiques\templates\pdf-footer\language.properties'. 
10:00:16.948 DEBUG - TransfertFile copyFile (fileChannel) - Copie de 'C:\Osys\QUARTIS_PRO\quartis-pro-web\Specifiques\templates\pdf-footer\language.properties'... 
10:00:16.948 DEBUG - TransfertFile copyFile (fileChannel) - Fin de la copie. 
10:00:16.948 DEBUG - TransfertFile copyFile (pls) - Copie du fichier 17/18 : 'C:\Osys\QUARTIS_PRO\quartis-pro-web\Specifiques\templates\pdf-header\language.properties'. 
10:00:16.949 DEBUG - TransfertFile copyFile (fileChannel) - Copie de 'C:\Osys\QUARTIS_PRO\quartis-pro-web\Specifiques\templates\pdf-header\language.properties'... 
10:00:16.949 DEBUG - TransfertFile copyFile (fileChannel) - Fin de la copie. 
10:00:16.949 DEBUG - TransfertFile copyFile (pls) - Fin de la copie. 
10:00:17.317 DEBUG - TransfertFile copyFile (pls) - Copie de 18 fichiers vers 'C:\Osys\QUARTIS_PRO\quartis-pro-web\users\administrateur\language_fr.properties'... 
10:00:17.317 DEBUG - TransfertFile copyFile (pls) - Copie du fichier 0/18 : 'C:\Osys\QUARTIS_PRO\quartis-pro-web\Standard\OPTIMA_00_Standard\language_fr.properties'. 
10:00:17.317 DEBUG - TransfertFile copyFile (fileChannel) - Copie de 'C:\Osys\QUARTIS_PRO\quartis-pro-web\Standard\OPTIMA_00_Standard\language_fr.properties'... 
10:00:17.318 DEBUG - TransfertFile copyFile (fileChannel) - Fin de la copie. 
10:00:17.318 DEBUG - TransfertFile copyFile (pls) - Copie du fichier 1/18 : 'C:\Osys\QUARTIS_PRO\quartis-pro-web\Standard\OPTIMA_10_Personnel\language_fr.properties'. 
10:00:17.318 DEBUG - TransfertFile copyFile (fileChannel) - Copie de 'C:\Osys\QUARTIS_PRO\quartis-pro-web\Standard\OPTIMA_10_Personnel\language_fr.properties'... 
10:00:17.318 DEBUG - TransfertFile copyFile (fileChannel) - Fin de la copie. 
10:00:17.318 DEBUG - TransfertFile copyFile (pls) - Copie du fichier 2/18 : 'C:\Osys\QUARTIS_PRO\quartis-pro-web\Standard\OPTIMA_15_Equipement\language_fr.properties'. 
10:00:17.318 DEBUG - TransfertFile copyFile (fileChannel) - Copie de 'C:\Osys\QUARTIS_PRO\quartis-pro-web\Standard\OPTIMA_15_Equipement\language_fr.properties'... 
10:00:17.318 DEBUG - TransfertFile copyFile (fileChannel) - Fin de la copie. 
10:00:17.318 DEBUG - TransfertFile copyFile (pls) - Copie du fichier 3/18 : 'C:\Osys\QUARTIS_PRO\quartis-pro-web\Standard\OPTIMA_20_Production\language_fr.properties'. 
10:00:17.318 DEBUG - TransfertFile copyFile (fileChannel) - Copie de 'C:\Osys\QUARTIS_PRO\quartis-pro-web\Standard\OPTIMA_20_Production\language_fr.properties'... 
10:00:17.333 DEBUG - TransfertFile copyFile (fileChannel) - Fin de la copie. 
10:00:17.333 DEBUG - TransfertFile copyFile (pls) - Copie du fichier 4/18 : 'C:\Osys\QUARTIS_PRO\quartis-pro-web\Standard\OPTIMA_30_Outil\language_fr.properties'. 
10:00:17.333 DEBUG - TransfertFile copyFile (fileChannel) - Copie de 'C:\Osys\QUARTIS_PRO\quartis-pro-web\Standard\OPTIMA_30_Outil\language_fr.properties'... 
10:00:17.346 DEBUG - TransfertFile copyFile (fileChannel) - Fin de la copie. 
10:00:17.346 DEBUG - TransfertFile copyFile (pls) - Copie du fichier 5/18 : 'C:\Osys\QUARTIS_PRO\quartis-pro-web\Standard\OPTIMA_40_Maintenance\language_fr.properties'. 
10:00:17.346 DEBUG - TransfertFile copyFile (fileChannel) - Copie de 'C:\Osys\QUARTIS_PRO\quartis-pro-web\Standard\OPTIMA_40_Maintenance\language_fr.properties'... 
10:00:17.358 DEBUG - TransfertFile copyFile (fileChannel) - Fin de la copie. 
10:00:17.358 DEBUG - TransfertFile copyFile (pls) - Copie du fichier 6/18 : 'C:\Osys\QUARTIS_PRO\quartis-pro-web\Standard\OPTIMA_45_Controle\language_fr.properties'. 
10:00:17.358 DEBUG - TransfertFile copyFile (fileChannel) - Copie de 'C:\Osys\QUARTIS_PRO\quartis-pro-web\Standard\OPTIMA_45_Controle\language_fr.properties'... 
10:00:17.368 DEBUG - TransfertFile copyFile (fileChannel) - Fin de la copie. 
10:00:17.368 DEBUG - TransfertFile copyFile (pls) - Copie du fichier 7/18 : 'C:\Osys\QUARTIS_PRO\quartis-pro-web\Standard\OPTIMA_50_GF\language_fr.properties'. 
10:00:17.368 DEBUG - TransfertFile copyFile (fileChannel) - Copie de 'C:\Osys\QUARTIS_PRO\quartis-pro-web\Standard\OPTIMA_50_GF\language_fr.properties'... 
10:00:17.368 DEBUG - TransfertFile copyFile (fileChannel) - Fin de la copie. 
10:00:17.368 DEBUG - TransfertFile copyFile (pls) - Copie du fichier 8/18 : 'C:\Osys\QUARTIS_PRO\quartis-pro-web\Standard\OPTIMA_60_Tiers\language_fr.properties'. 
10:00:17.369 DEBUG - TransfertFile copyFile (fileChannel) - Copie de 'C:\Osys\QUARTIS_PRO\quartis-pro-web\Standard\OPTIMA_60_Tiers\language_fr.properties'... 
10:00:17.380 DEBUG - TransfertFile copyFile (fileChannel) - Fin de la copie. 
10:00:17.380 DEBUG - TransfertFile copyFile (pls) - Copie du fichier 9/18 : 'C:\Osys\QUARTIS_PRO\quartis-pro-web\Standard\OPTIMA_70_Tracabilite\language_fr.properties'. 
10:00:17.380 DEBUG - TransfertFile copyFile (fileChannel) - Copie de 'C:\Osys\QUARTIS_PRO\quartis-pro-web\Standard\OPTIMA_70_Tracabilite\language_fr.properties'... 
10:00:17.380 DEBUG - TransfertFile copyFile (fileChannel) - Fin de la copie. 
10:00:17.380 DEBUG - TransfertFile copyFile (pls) - Copie du fichier 10/18 : 'C:\Osys\QUARTIS_PRO\quartis-pro-web\Standard\OPTIMA_80_Documents\language_fr.properties'. 
10:00:17.380 DEBUG - TransfertFile copyFile (fileChannel) - Copie de 'C:\Osys\QUARTIS_PRO\quartis-pro-web\Standard\OPTIMA_80_Documents\language_fr.properties'... 
10:00:17.381 DEBUG - TransfertFile copyFile (fileChannel) - Fin de la copie. 
10:00:17.381 DEBUG - TransfertFile copyFile (pls) - Copie du fichier 11/18 : 'C:\Osys\QUARTIS_PRO\quartis-pro-web\Standard\OPTIMA_90_GDT\language_fr.properties'. 
10:00:17.381 DEBUG - TransfertFile copyFile (fileChannel) - Copie de 'C:\Osys\QUARTIS_PRO\quartis-pro-web\Standard\OPTIMA_90_GDT\language_fr.properties'... 
10:00:17.381 DEBUG - TransfertFile copyFile (fileChannel) - Fin de la copie. 
10:00:17.381 DEBUG - TransfertFile copyFile (pls) - Copie du fichier 12/18 : 'C:\Osys\QUARTIS_PRO\quartis-pro-web\Standard\OPTIMA_98_About\language_fr.properties'. 
10:00:17.381 DEBUG - TransfertFile copyFile (fileChannel) - Copie de 'C:\Osys\QUARTIS_PRO\quartis-pro-web\Standard\OPTIMA_98_About\language_fr.properties'... 
10:00:17.381 DEBUG - TransfertFile copyFile (fileChannel) - Fin de la copie. 
10:00:17.381 DEBUG - TransfertFile copyFile (pls) - Copie du fichier 13/18 : 'C:\Osys\QUARTIS_PRO\quartis-pro-web\Standard\restrictions\language_fr.properties'. 
10:00:17.381 DEBUG - TransfertFile copyFile (fileChannel) - Copie de 'C:\Osys\QUARTIS_PRO\quartis-pro-web\Standard\restrictions\language_fr.properties'... 
10:00:17.382 DEBUG - TransfertFile copyFile (fileChannel) - Fin de la copie. 
10:00:17.382 DEBUG - TransfertFile copyFile (pls) - Copie du fichier 14/18 : 'C:\Osys\QUARTIS_PRO\quartis-pro-web\Standard\templates\pdf-footer\language_fr.properties'. 
10:00:17.382 DEBUG - TransfertFile copyFile (fileChannel) - Copie de 'C:\Osys\QUARTIS_PRO\quartis-pro-web\Standard\templates\pdf-footer\language_fr.properties'... 
10:00:17.382 DEBUG - TransfertFile copyFile (fileChannel) - Fin de la copie. 
10:00:17.382 DEBUG - TransfertFile copyFile (pls) - Copie du fichier 15/18 : 'C:\Osys\QUARTIS_PRO\quartis-pro-web\Standard\templates\pdf-header\language_fr.properties'. 
10:00:17.382 DEBUG - TransfertFile copyFile (fileChannel) - Copie de 'C:\Osys\QUARTIS_PRO\quartis-pro-web\Standard\templates\pdf-header\language_fr.properties'... 
10:00:17.382 DEBUG - TransfertFile copyFile (fileChannel) - Fin de la copie. 
10:00:17.382 DEBUG - TransfertFile copyFile (pls) - Copie du fichier 16/18 : 'C:\Osys\QUARTIS_PRO\quartis-pro-web\Specifiques\templates\pdf-footer\language_fr.properties'. 
10:00:17.382 DEBUG - TransfertFile copyFile (fileChannel) - Copie de 'C:\Osys\QUARTIS_PRO\quartis-pro-web\Specifiques\templates\pdf-footer\language_fr.properties'... 
10:00:17.383 DEBUG - TransfertFile copyFile (fileChannel) - Fin de la copie. 
10:00:17.383 DEBUG - TransfertFile copyFile (pls) - Copie du fichier 17/18 : 'C:\Osys\QUARTIS_PRO\quartis-pro-web\Specifiques\templates\pdf-header\language_fr.properties'. 
10:00:17.383 DEBUG - TransfertFile copyFile (fileChannel) - Copie de 'C:\Osys\QUARTIS_PRO\quartis-pro-web\Specifiques\templates\pdf-header\language_fr.properties'... 
10:00:17.383 DEBUG - TransfertFile copyFile (fileChannel) - Fin de la copie. 
10:00:17.383 DEBUG - TransfertFile copyFile (pls) - Fin de la copie. 
10:00:17.384 DEBUG - LanguageFileManager buildPropertiesGen - Création de 'C:\Osys\QUARTIS_PRO\quartis-pro-web\users\administrateur\language_fr.properties'... 
10:00:17.411 DEBUG - LanguageFileManager buildPropertiesGen - Fin de la création. 
10:00:43.310 DEBUG - AuthManagedBean autoconnect - Tentative de connexion SSO... 
10:00:43.310 DEBUG - ConnexionManagedBean User renseigné par filtre SSO LDAP : null 
10:00:43.310 DEBUG - ConnexionManagedBean ldapActive = false 
10:00:43.310 DEBUG - AuthManagedBean autoconnect - Echec de la connexion par SSO. 
10:04:50.949 DEBUG - AuthManagedBean autoconnect - Tentative de connexion SSO... 
10:04:50.949 DEBUG - ConnexionManagedBean User renseigné par filtre SSO LDAP : null 
10:04:50.949 DEBUG - ConnexionManagedBean ldapActive = false 
10:04:50.949 DEBUG - AuthManagedBean autoconnect - Echec de la connexion par SSO. 
10:04:57.864 DEBUG - LoginManagedBean user.id = administrateur, connecté par login/mdp Osys 
10:04:57.885  WARN - ConnexionManagedBean L'utilisateur administrateur a tente de se connecter depuis l'IP 0:0:0:0:0:0:0:1 alors qu'il(elle) est deja connecte(e) : null. 
10:05:10.337 DEBUG - ConnexionManagedBean Déconnexion de : administrateur (ADMINISTRATEUR ADMINISTRATEUR) 
