15:39:20.977 DEBUG - LoginManagedBean user.id = administrateur, connecté par login/mdp Osys 
18:03:11.812 DEBUG - LoginManagedBean user.id = administrateur, connecté par login/mdp Osys 
18:03:11.843  WARN - ConnexionManagedBean L'utilisateur administrateur a tente de se connecter depuis l'IP 192.168.1.232 alors qu'il(elle) est deja connecte(e) : null. 
18:03:17.977 DEBUG - LoginManagedBean user.id = tech, connecté par login/mdp Osys 
18:03:18.429 DEBUG - TransfertFile copyFile (pls) - Copie de 18 fichiers vers 'C:\Osys\QUARTIS_PRO\quartis-pro-web\users\tech\language.properties'... 
18:03:18.429 DEBUG - TransfertFile copyFile (pls) - Copie du fichier 0/18 : 'C:\Osys\QUARTIS_PRO\quartis-pro-web\Standard\OPTIMA_00_Standard\language.properties'. 
18:03:18.429 DEBUG - TransfertFile copyFile (fileChannel) - Copie de 'C:\Osys\QUARTIS_PRO\quartis-pro-web\Standard\OPTIMA_00_Standard\language.properties'... 
18:03:18.429 DEBUG - TransfertFile copyFile (fileChannel) - Fin de la copie. 
18:03:18.429 DEBUG - TransfertFile copyFile (pls) - Copie du fichier 1/18 : 'C:\Osys\QUARTIS_PRO\quartis-pro-web\Standard\OPTIMA_10_Personnel\language.properties'. 
18:03:18.429 DEBUG - TransfertFile copyFile (fileChannel) - Copie de 'C:\Osys\QUARTIS_PRO\quartis-pro-web\Standard\OPTIMA_10_Personnel\language.properties'... 
18:03:18.429 DEBUG - TransfertFile copyFile (fileChannel) - Fin de la copie. 
18:03:18.429 DEBUG - TransfertFile copyFile (pls) - Copie du fichier 2/18 : 'C:\Osys\QUARTIS_PRO\quartis-pro-web\Standard\OPTIMA_15_Equipement\language.properties'. 
18:03:18.429 DEBUG - TransfertFile copyFile (fileChannel) - Copie de 'C:\Osys\QUARTIS_PRO\quartis-pro-web\Standard\OPTIMA_15_Equipement\language.properties'... 
18:03:18.429 DEBUG - TransfertFile copyFile (fileChannel) - Fin de la copie. 
18:03:18.429 DEBUG - TransfertFile copyFile (pls) - Copie du fichier 3/18 : 'C:\Osys\QUARTIS_PRO\quartis-pro-web\Standard\OPTIMA_20_Production\language.properties'. 
18:03:18.429 DEBUG - TransfertFile copyFile (fileChannel) - Copie de 'C:\Osys\QUARTIS_PRO\quartis-pro-web\Standard\OPTIMA_20_Production\language.properties'... 
18:03:18.445 DEBUG - TransfertFile copyFile (fileChannel) - Fin de la copie. 
18:03:18.445 DEBUG - TransfertFile copyFile (pls) - Copie du fichier 4/18 : 'C:\Osys\QUARTIS_PRO\quartis-pro-web\Standard\OPTIMA_30_Outil\language.properties'. 
18:03:18.445 DEBUG - TransfertFile copyFile (fileChannel) - Copie de 'C:\Osys\QUARTIS_PRO\quartis-pro-web\Standard\OPTIMA_30_Outil\language.properties'... 
18:03:18.460 DEBUG - TransfertFile copyFile (fileChannel) - Fin de la copie. 
18:03:18.460 DEBUG - TransfertFile copyFile (pls) - Copie du fichier 5/18 : 'C:\Osys\QUARTIS_PRO\quartis-pro-web\Standard\OPTIMA_40_Maintenance\language.properties'. 
18:03:18.460 DEBUG - TransfertFile copyFile (fileChannel) - Copie de 'C:\Osys\QUARTIS_PRO\quartis-pro-web\Standard\OPTIMA_40_Maintenance\language.properties'... 
18:03:18.460 DEBUG - TransfertFile copyFile (fileChannel) - Fin de la copie. 
18:03:18.460 DEBUG - TransfertFile copyFile (pls) - Copie du fichier 6/18 : 'C:\Osys\QUARTIS_PRO\quartis-pro-web\Standard\OPTIMA_45_Controle\language.properties'. 
18:03:18.460 DEBUG - TransfertFile copyFile (fileChannel) - Copie de 'C:\Osys\QUARTIS_PRO\quartis-pro-web\Standard\OPTIMA_45_Controle\language.properties'... 
18:03:18.460 DEBUG - TransfertFile copyFile (fileChannel) - Fin de la copie. 
18:03:18.460 DEBUG - TransfertFile copyFile (pls) - Copie du fichier 7/18 : 'C:\Osys\QUARTIS_PRO\quartis-pro-web\Standard\OPTIMA_50_GF\language.properties'. 
18:03:18.460 DEBUG - TransfertFile copyFile (fileChannel) - Copie de 'C:\Osys\QUARTIS_PRO\quartis-pro-web\Standard\OPTIMA_50_GF\language.properties'... 
18:03:18.476 DEBUG - TransfertFile copyFile (fileChannel) - Fin de la copie. 
18:03:18.476 DEBUG - TransfertFile copyFile (pls) - Copie du fichier 8/18 : 'C:\Osys\QUARTIS_PRO\quartis-pro-web\Standard\OPTIMA_60_Tiers\language.properties'. 
18:03:18.476 DEBUG - TransfertFile copyFile (fileChannel) - Copie de 'C:\Osys\QUARTIS_PRO\quartis-pro-web\Standard\OPTIMA_60_Tiers\language.properties'... 
18:03:18.476 DEBUG - TransfertFile copyFile (fileChannel) - Fin de la copie. 
18:03:18.476 DEBUG - TransfertFile copyFile (pls) - Copie du fichier 9/18 : 'C:\Osys\QUARTIS_PRO\quartis-pro-web\Standard\OPTIMA_70_Tracabilite\language.properties'. 
18:03:18.476 DEBUG - TransfertFile copyFile (fileChannel) - Copie de 'C:\Osys\QUARTIS_PRO\quartis-pro-web\Standard\OPTIMA_70_Tracabilite\language.properties'... 
18:03:18.491 DEBUG - TransfertFile copyFile (fileChannel) - Fin de la copie. 
18:03:18.491 DEBUG - TransfertFile copyFile (pls) - Copie du fichier 10/18 : 'C:\Osys\QUARTIS_PRO\quartis-pro-web\Standard\OPTIMA_80_Documents\language.properties'. 
18:03:18.491 DEBUG - TransfertFile copyFile (fileChannel) - Copie de 'C:\Osys\QUARTIS_PRO\quartis-pro-web\Standard\OPTIMA_80_Documents\language.properties'... 
18:03:18.491 DEBUG - TransfertFile copyFile (fileChannel) - Fin de la copie. 
18:03:18.491 DEBUG - TransfertFile copyFile (pls) - Copie du fichier 11/18 : 'C:\Osys\QUARTIS_PRO\quartis-pro-web\Standard\OPTIMA_90_GDT\language.properties'. 
18:03:18.491 DEBUG - TransfertFile copyFile (fileChannel) - Copie de 'C:\Osys\QUARTIS_PRO\quartis-pro-web\Standard\OPTIMA_90_GDT\language.properties'... 
18:03:18.491 DEBUG - TransfertFile copyFile (fileChannel) - Fin de la copie. 
18:03:18.491 DEBUG - TransfertFile copyFile (pls) - Copie du fichier 12/18 : 'C:\Osys\QUARTIS_PRO\quartis-pro-web\Standard\OPTIMA_98_About\language.properties'. 
18:03:18.491 DEBUG - TransfertFile copyFile (fileChannel) - Copie de 'C:\Osys\QUARTIS_PRO\quartis-pro-web\Standard\OPTIMA_98_About\language.properties'... 
18:03:18.491 DEBUG - TransfertFile copyFile (fileChannel) - Fin de la copie. 
18:03:18.491 DEBUG - TransfertFile copyFile (pls) - Copie du fichier 13/18 : 'C:\Osys\QUARTIS_PRO\quartis-pro-web\Standard\restrictions\language.properties'. 
18:03:18.491 DEBUG - TransfertFile copyFile (fileChannel) - Copie de 'C:\Osys\QUARTIS_PRO\quartis-pro-web\Standard\restrictions\language.properties'... 
18:03:18.491 DEBUG - TransfertFile copyFile (fileChannel) - Fin de la copie. 
18:03:18.491 DEBUG - TransfertFile copyFile (pls) - Copie du fichier 14/18 : 'C:\Osys\QUARTIS_PRO\quartis-pro-web\Standard\templates\pdf-footer\language.properties'. 
18:03:18.491 DEBUG - TransfertFile copyFile (fileChannel) - Copie de 'C:\Osys\QUARTIS_PRO\quartis-pro-web\Standard\templates\pdf-footer\language.properties'... 
18:03:18.491 DEBUG - TransfertFile copyFile (fileChannel) - Fin de la copie. 
18:03:18.491 DEBUG - TransfertFile copyFile (pls) - Copie du fichier 15/18 : 'C:\Osys\QUARTIS_PRO\quartis-pro-web\Standard\templates\pdf-header\language.properties'. 
18:03:18.491 DEBUG - TransfertFile copyFile (fileChannel) - Copie de 'C:\Osys\QUARTIS_PRO\quartis-pro-web\Standard\templates\pdf-header\language.properties'... 
18:03:18.491 DEBUG - TransfertFile copyFile (fileChannel) - Fin de la copie. 
18:03:18.491 DEBUG - TransfertFile copyFile (pls) - Copie du fichier 16/18 : 'C:\Osys\QUARTIS_PRO\quartis-pro-web\Specifiques\templates\pdf-footer\language.properties'. 
18:03:18.491 DEBUG - TransfertFile copyFile (fileChannel) - Copie de 'C:\Osys\QUARTIS_PRO\quartis-pro-web\Specifiques\templates\pdf-footer\language.properties'... 
18:03:18.491 DEBUG - TransfertFile copyFile (fileChannel) - Fin de la copie. 
18:03:18.491 DEBUG - TransfertFile copyFile (pls) - Copie du fichier 17/18 : 'C:\Osys\QUARTIS_PRO\quartis-pro-web\Specifiques\templates\pdf-header\language.properties'. 
18:03:18.491 DEBUG - TransfertFile copyFile (fileChannel) - Copie de 'C:\Osys\QUARTIS_PRO\quartis-pro-web\Specifiques\templates\pdf-header\language.properties'... 
18:03:18.491 DEBUG - TransfertFile copyFile (fileChannel) - Fin de la copie. 
18:03:18.491 DEBUG - TransfertFile copyFile (pls) - Fin de la copie. 
18:03:18.850 DEBUG - TransfertFile copyFile (pls) - Copie de 18 fichiers vers 'C:\Osys\QUARTIS_PRO\quartis-pro-web\users\tech\language_fr.properties'... 
18:03:18.850 DEBUG - TransfertFile copyFile (pls) - Copie du fichier 0/18 : 'C:\Osys\QUARTIS_PRO\quartis-pro-web\Standard\OPTIMA_00_Standard\language_fr.properties'. 
18:03:18.850 DEBUG - TransfertFile copyFile (fileChannel) - Copie de 'C:\Osys\QUARTIS_PRO\quartis-pro-web\Standard\OPTIMA_00_Standard\language_fr.properties'... 
18:03:18.850 DEBUG - TransfertFile copyFile (fileChannel) - Fin de la copie. 
18:03:18.850 DEBUG - TransfertFile copyFile (pls) - Copie du fichier 1/18 : 'C:\Osys\QUARTIS_PRO\quartis-pro-web\Standard\OPTIMA_10_Personnel\language_fr.properties'. 
18:03:18.850 DEBUG - TransfertFile copyFile (fileChannel) - Copie de 'C:\Osys\QUARTIS_PRO\quartis-pro-web\Standard\OPTIMA_10_Personnel\language_fr.properties'... 
18:03:18.850 DEBUG - TransfertFile copyFile (fileChannel) - Fin de la copie. 
18:03:18.850 DEBUG - TransfertFile copyFile (pls) - Copie du fichier 2/18 : 'C:\Osys\QUARTIS_PRO\quartis-pro-web\Standard\OPTIMA_15_Equipement\language_fr.properties'. 
18:03:18.850 DEBUG - TransfertFile copyFile (fileChannel) - Copie de 'C:\Osys\QUARTIS_PRO\quartis-pro-web\Standard\OPTIMA_15_Equipement\language_fr.properties'... 
18:03:18.850 DEBUG - TransfertFile copyFile (fileChannel) - Fin de la copie. 
18:03:18.850 DEBUG - TransfertFile copyFile (pls) - Copie du fichier 3/18 : 'C:\Osys\QUARTIS_PRO\quartis-pro-web\Standard\OPTIMA_20_Production\language_fr.properties'. 
18:03:18.850 DEBUG - TransfertFile copyFile (fileChannel) - Copie de 'C:\Osys\QUARTIS_PRO\quartis-pro-web\Standard\OPTIMA_20_Production\language_fr.properties'... 
18:03:18.850 DEBUG - TransfertFile copyFile (fileChannel) - Fin de la copie. 
18:03:18.850 DEBUG - TransfertFile copyFile (pls) - Copie du fichier 4/18 : 'C:\Osys\QUARTIS_PRO\quartis-pro-web\Standard\OPTIMA_30_Outil\language_fr.properties'. 
18:03:18.850 DEBUG - TransfertFile copyFile (fileChannel) - Copie de 'C:\Osys\QUARTIS_PRO\quartis-pro-web\Standard\OPTIMA_30_Outil\language_fr.properties'... 
18:03:18.866 DEBUG - TransfertFile copyFile (fileChannel) - Fin de la copie. 
18:03:18.866 DEBUG - TransfertFile copyFile (pls) - Copie du fichier 5/18 : 'C:\Osys\QUARTIS_PRO\quartis-pro-web\Standard\OPTIMA_40_Maintenance\language_fr.properties'. 
18:03:18.866 DEBUG - TransfertFile copyFile (fileChannel) - Copie de 'C:\Osys\QUARTIS_PRO\quartis-pro-web\Standard\OPTIMA_40_Maintenance\language_fr.properties'... 
18:03:18.881 DEBUG - TransfertFile copyFile (fileChannel) - Fin de la copie. 
18:03:18.881 DEBUG - TransfertFile copyFile (pls) - Copie du fichier 6/18 : 'C:\Osys\QUARTIS_PRO\quartis-pro-web\Standard\OPTIMA_45_Controle\language_fr.properties'. 
18:03:18.881 DEBUG - TransfertFile copyFile (fileChannel) - Copie de 'C:\Osys\QUARTIS_PRO\quartis-pro-web\Standard\OPTIMA_45_Controle\language_fr.properties'... 
18:03:18.881 DEBUG - TransfertFile copyFile (fileChannel) - Fin de la copie. 
18:03:18.881 DEBUG - TransfertFile copyFile (pls) - Copie du fichier 7/18 : 'C:\Osys\QUARTIS_PRO\quartis-pro-web\Standard\OPTIMA_50_GF\language_fr.properties'. 
18:03:18.881 DEBUG - TransfertFile copyFile (fileChannel) - Copie de 'C:\Osys\QUARTIS_PRO\quartis-pro-web\Standard\OPTIMA_50_GF\language_fr.properties'... 
18:03:18.881 DEBUG - TransfertFile copyFile (fileChannel) - Fin de la copie. 
18:03:18.881 DEBUG - TransfertFile copyFile (pls) - Copie du fichier 8/18 : 'C:\Osys\QUARTIS_PRO\quartis-pro-web\Standard\OPTIMA_60_Tiers\language_fr.properties'. 
18:03:18.881 DEBUG - TransfertFile copyFile (fileChannel) - Copie de 'C:\Osys\QUARTIS_PRO\quartis-pro-web\Standard\OPTIMA_60_Tiers\language_fr.properties'... 
18:03:18.897 DEBUG - TransfertFile copyFile (fileChannel) - Fin de la copie. 
18:03:18.897 DEBUG - TransfertFile copyFile (pls) - Copie du fichier 9/18 : 'C:\Osys\QUARTIS_PRO\quartis-pro-web\Standard\OPTIMA_70_Tracabilite\language_fr.properties'. 
18:03:18.897 DEBUG - TransfertFile copyFile (fileChannel) - Copie de 'C:\Osys\QUARTIS_PRO\quartis-pro-web\Standard\OPTIMA_70_Tracabilite\language_fr.properties'... 
18:03:18.897 DEBUG - TransfertFile copyFile (fileChannel) - Fin de la copie. 
18:03:18.897 DEBUG - TransfertFile copyFile (pls) - Copie du fichier 10/18 : 'C:\Osys\QUARTIS_PRO\quartis-pro-web\Standard\OPTIMA_80_Documents\language_fr.properties'. 
18:03:18.897 DEBUG - TransfertFile copyFile (fileChannel) - Copie de 'C:\Osys\QUARTIS_PRO\quartis-pro-web\Standard\OPTIMA_80_Documents\language_fr.properties'... 
18:03:18.897 DEBUG - TransfertFile copyFile (fileChannel) - Fin de la copie. 
18:03:18.897 DEBUG - TransfertFile copyFile (pls) - Copie du fichier 11/18 : 'C:\Osys\QUARTIS_PRO\quartis-pro-web\Standard\OPTIMA_90_GDT\language_fr.properties'. 
18:03:18.897 DEBUG - TransfertFile copyFile (fileChannel) - Copie de 'C:\Osys\QUARTIS_PRO\quartis-pro-web\Standard\OPTIMA_90_GDT\language_fr.properties'... 
18:03:18.897 DEBUG - TransfertFile copyFile (fileChannel) - Fin de la copie. 
18:03:18.897 DEBUG - TransfertFile copyFile (pls) - Copie du fichier 12/18 : 'C:\Osys\QUARTIS_PRO\quartis-pro-web\Standard\OPTIMA_98_About\language_fr.properties'. 
18:03:18.897 DEBUG - TransfertFile copyFile (fileChannel) - Copie de 'C:\Osys\QUARTIS_PRO\quartis-pro-web\Standard\OPTIMA_98_About\language_fr.properties'... 
18:03:18.897 DEBUG - TransfertFile copyFile (fileChannel) - Fin de la copie. 
18:03:18.897 DEBUG - TransfertFile copyFile (pls) - Copie du fichier 13/18 : 'C:\Osys\QUARTIS_PRO\quartis-pro-web\Standard\restrictions\language_fr.properties'. 
18:03:18.897 DEBUG - TransfertFile copyFile (fileChannel) - Copie de 'C:\Osys\QUARTIS_PRO\quartis-pro-web\Standard\restrictions\language_fr.properties'... 
18:03:18.897 DEBUG - TransfertFile copyFile (fileChannel) - Fin de la copie. 
18:03:18.897 DEBUG - TransfertFile copyFile (pls) - Copie du fichier 14/18 : 'C:\Osys\QUARTIS_PRO\quartis-pro-web\Standard\templates\pdf-footer\language_fr.properties'. 
18:03:18.897 DEBUG - TransfertFile copyFile (fileChannel) - Copie de 'C:\Osys\QUARTIS_PRO\quartis-pro-web\Standard\templates\pdf-footer\language_fr.properties'... 
18:03:18.897 DEBUG - TransfertFile copyFile (fileChannel) - Fin de la copie. 
18:03:18.897 DEBUG - TransfertFile copyFile (pls) - Copie du fichier 15/18 : 'C:\Osys\QUARTIS_PRO\quartis-pro-web\Standard\templates\pdf-header\language_fr.properties'. 
18:03:18.897 DEBUG - TransfertFile copyFile (fileChannel) - Copie de 'C:\Osys\QUARTIS_PRO\quartis-pro-web\Standard\templates\pdf-header\language_fr.properties'... 
18:03:18.897 DEBUG - TransfertFile copyFile (fileChannel) - Fin de la copie. 
18:03:18.897 DEBUG - TransfertFile copyFile (pls) - Copie du fichier 16/18 : 'C:\Osys\QUARTIS_PRO\quartis-pro-web\Specifiques\templates\pdf-footer\language_fr.properties'. 
18:03:18.897 DEBUG - TransfertFile copyFile (fileChannel) - Copie de 'C:\Osys\QUARTIS_PRO\quartis-pro-web\Specifiques\templates\pdf-footer\language_fr.properties'... 
18:03:18.897 DEBUG - TransfertFile copyFile (fileChannel) - Fin de la copie. 
18:03:18.897 DEBUG - TransfertFile copyFile (pls) - Copie du fichier 17/18 : 'C:\Osys\QUARTIS_PRO\quartis-pro-web\Specifiques\templates\pdf-header\language_fr.properties'. 
18:03:18.897 DEBUG - TransfertFile copyFile (fileChannel) - Copie de 'C:\Osys\QUARTIS_PRO\quartis-pro-web\Specifiques\templates\pdf-header\language_fr.properties'... 
18:03:18.897 DEBUG - TransfertFile copyFile (fileChannel) - Fin de la copie. 
18:03:18.897 DEBUG - TransfertFile copyFile (pls) - Fin de la copie. 
18:03:18.897 DEBUG - LanguageFileManager buildPropertiesGen - Création de 'C:\Osys\QUARTIS_PRO\quartis-pro-web\users\tech\language_fr.properties'... 
18:03:18.913 DEBUG - LanguageFileManager buildPropertiesGen - Fin de la création. 
18:03:28.568 DEBUG - TableDivTransformer createFileName ()--> Nom du fichier export = _Standard_System_Event_List 
18:03:28.583 DEBUG - TableExcelTransformer actionPerformed - Ecriture dans le fichier 'C:\Osys\QuartisTools\Tomcat\webapps\Quartis-Web\.\work\_192.168.1.232-tech\_Standard_System_Event_List\_Standard_System_Event_List.xls'... 
18:03:28.583 DEBUG - TableExcelTransformer actionPerformed - Ecriture dans le fichier 'C:\Osys\QuartisTools\Tomcat\webapps\Quartis-Web\.\work\_192.168.1.232-tech\_Standard_System_Event_List\_Standard_System_Event_List.xls'... 
18:03:28.583 DEBUG - TableDivTransformer createFileName ()--> Nom du fichier export = _Standard_System_Event_List 
18:03:28.583 DEBUG - TableExcelTransformer actionPerformed - Ecriture dans le fichier 'C:\Osys\QuartisTools\Tomcat\webapps\Quartis-Web\.\work\_192.168.1.232-tech\_Standard_System_Event_List\_Standard_System_Event_List.xls'... 
18:03:28.583 DEBUG - TableExcelTransformer actionPerformed - Ecriture dans le fichier 'C:\Osys\QuartisTools\Tomcat\webapps\Quartis-Web\.\work\_192.168.1.232-tech\_Standard_System_Event_List\_Standard_System_Event_List.xls'... 
18:03:28.817 DEBUG - TableExcelTransformer actionPerformed - Fin de l'écriture dans le fichier. 
18:03:28.817 DEBUG - TableExcelTransformer actionPerformed - Fin de l'écriture dans le fichier. 
18:03:35.385 ERROR - UserManagedBean Erreur la largeur du webContainer indiquée n'est pas un nombre : 'null', utilisation de la valeur par défaut : 695 
18:03:35.385 ERROR - UserManagedBean Erreur la hauteur du webContainer indiquée n'est pas un nombre : 'null', utilisation de la valeur par défaut : 535 
18:03:36.836 DEBUG - FiltreSession doFilter - UCS indique que l'utilisateur n'est pas connecté 
18:03:36.836 DEBUG - FiltreSession Requête pour page non login (http://localhost:8383/Quartis-Web/remoteLog.ajx) mais pas de user en session. 
18:03:36.836 DEBUG - FiltreSession doFilter - UCS indique que l'utilisateur n'est pas connecté 
18:03:38.398 DEBUG - ConnexionManagedBean Déconnexion de : tech (__tech __tech) 
18:03:41.331 DEBUG - LoginManagedBean user.id = administrateur, connecté par login/mdp Osys 
18:25:47.937 DEBUG - TableDivTransformer createFileName ()--> Nom du fichier export = _Standard_System_Event_List 
18:25:47.938 DEBUG - TableExcelTransformer actionPerformed - Ecriture dans le fichier 'C:\Osys\QuartisTools\Tomcat\webapps\Quartis-Web\.\work\_0.0.0.0.0.0.0.1-administrateur\_Standard_System_Event_List\_Standard_System_Event_List.xls'... 
18:25:47.938 DEBUG - TableExcelTransformer actionPerformed - Ecriture dans le fichier 'C:\Osys\QuartisTools\Tomcat\webapps\Quartis-Web\.\work\_0.0.0.0.0.0.0.1-administrateur\_Standard_System_Event_List\_Standard_System_Event_List.xls'... 
18:25:47.955 DEBUG - TableExcelTransformer actionPerformed - Fin de l'écriture dans le fichier. 
18:25:47.990 DEBUG - TableDivTransformer createFileName ()--> Nom du fichier export = _Standard_System_Event_List 
18:25:47.990 DEBUG - TableExcelTransformer actionPerformed - Ecriture dans le fichier 'C:\Osys\QuartisTools\Tomcat\webapps\Quartis-Web\.\work\_0.0.0.0.0.0.0.1-administrateur\_Standard_System_Event_List\_Standard_System_Event_List.xls'... 
18:25:47.990 DEBUG - TableExcelTransformer actionPerformed - Ecriture dans le fichier 'C:\Osys\QuartisTools\Tomcat\webapps\Quartis-Web\.\work\_0.0.0.0.0.0.0.1-administrateur\_Standard_System_Event_List\_Standard_System_Event_List.xls'... 
18:25:48.005 DEBUG - TableExcelTransformer actionPerformed - Fin de l'écriture dans le fichier. 
18:25:57.932 DEBUG - TableDivTransformer createFileName ()--> Nom du fichier export = _Standard_System_Event_List 
18:25:57.932 DEBUG - TableExcelTransformer actionPerformed - Ecriture dans le fichier 'C:\Osys\QuartisTools\Tomcat\webapps\Quartis-Web\.\work\_0.0.0.0.0.0.0.1-administrateur\_Standard_System_Event_List\_Standard_System_Event_List.xls'... 
18:25:57.932 DEBUG - TableExcelTransformer actionPerformed - Ecriture dans le fichier 'C:\Osys\QuartisTools\Tomcat\webapps\Quartis-Web\.\work\_0.0.0.0.0.0.0.1-administrateur\_Standard_System_Event_List\_Standard_System_Event_List.xls'... 
18:25:57.947 DEBUG - TableExcelTransformer actionPerformed - Fin de l'écriture dans le fichier. 
18:26:07.940 DEBUG - TableDivTransformer createFileName ()--> Nom du fichier export = _Standard_System_Event_List 
18:26:07.940 DEBUG - TableExcelTransformer actionPerformed - Ecriture dans le fichier 'C:\Osys\QuartisTools\Tomcat\webapps\Quartis-Web\.\work\_0.0.0.0.0.0.0.1-administrateur\_Standard_System_Event_List\_Standard_System_Event_List.xls'... 
18:26:07.940 DEBUG - TableExcelTransformer actionPerformed - Ecriture dans le fichier 'C:\Osys\QuartisTools\Tomcat\webapps\Quartis-Web\.\work\_0.0.0.0.0.0.0.1-administrateur\_Standard_System_Event_List\_Standard_System_Event_List.xls'... 
18:26:07.956 DEBUG - TableExcelTransformer actionPerformed - Fin de l'écriture dans le fichier. 
18:26:17.945 DEBUG - TableDivTransformer createFileName ()--> Nom du fichier export = _Standard_System_Event_List 
18:26:17.945 DEBUG - TableExcelTransformer actionPerformed - Ecriture dans le fichier 'C:\Osys\QuartisTools\Tomcat\webapps\Quartis-Web\.\work\_0.0.0.0.0.0.0.1-administrateur\_Standard_System_Event_List\_Standard_System_Event_List.xls'... 
18:26:17.945 DEBUG - TableExcelTransformer actionPerformed - Ecriture dans le fichier 'C:\Osys\QuartisTools\Tomcat\webapps\Quartis-Web\.\work\_0.0.0.0.0.0.0.1-administrateur\_Standard_System_Event_List\_Standard_System_Event_List.xls'... 
18:26:17.961 DEBUG - TableExcelTransformer actionPerformed - Fin de l'écriture dans le fichier. 
18:26:27.955 DEBUG - TableDivTransformer createFileName ()--> Nom du fichier export = _Standard_System_Event_List 
18:26:27.955 DEBUG - TableExcelTransformer actionPerformed - Ecriture dans le fichier 'C:\Osys\QuartisTools\Tomcat\webapps\Quartis-Web\.\work\_0.0.0.0.0.0.0.1-administrateur\_Standard_System_Event_List\_Standard_System_Event_List.xls'... 
18:26:27.955 DEBUG - TableExcelTransformer actionPerformed - Ecriture dans le fichier 'C:\Osys\QuartisTools\Tomcat\webapps\Quartis-Web\.\work\_0.0.0.0.0.0.0.1-administrateur\_Standard_System_Event_List\_Standard_System_Event_List.xls'... 
18:26:27.971 DEBUG - TableExcelTransformer actionPerformed - Fin de l'écriture dans le fichier. 
18:26:37.965 DEBUG - TableDivTransformer createFileName ()--> Nom du fichier export = _Standard_System_Event_List 
18:26:37.965 DEBUG - TableExcelTransformer actionPerformed - Ecriture dans le fichier 'C:\Osys\QuartisTools\Tomcat\webapps\Quartis-Web\.\work\_0.0.0.0.0.0.0.1-administrateur\_Standard_System_Event_List\_Standard_System_Event_List.xls'... 
18:26:37.965 DEBUG - TableExcelTransformer actionPerformed - Ecriture dans le fichier 'C:\Osys\QuartisTools\Tomcat\webapps\Quartis-Web\.\work\_0.0.0.0.0.0.0.1-administrateur\_Standard_System_Event_List\_Standard_System_Event_List.xls'... 
18:26:37.981 DEBUG - TableExcelTransformer actionPerformed - Fin de l'écriture dans le fichier. 
18:26:47.970 DEBUG - TableDivTransformer createFileName ()--> Nom du fichier export = _Standard_System_Event_List 
18:26:47.970 DEBUG - TableExcelTransformer actionPerformed - Ecriture dans le fichier 'C:\Osys\QuartisTools\Tomcat\webapps\Quartis-Web\.\work\_0.0.0.0.0.0.0.1-administrateur\_Standard_System_Event_List\_Standard_System_Event_List.xls'... 
18:26:47.970 DEBUG - TableExcelTransformer actionPerformed - Ecriture dans le fichier 'C:\Osys\QuartisTools\Tomcat\webapps\Quartis-Web\.\work\_0.0.0.0.0.0.0.1-administrateur\_Standard_System_Event_List\_Standard_System_Event_List.xls'... 
18:26:47.970 DEBUG - TableExcelTransformer actionPerformed - Fin de l'écriture dans le fichier. 
18:26:57.980 DEBUG - TableDivTransformer createFileName ()--> Nom du fichier export = _Standard_System_Event_List 
18:26:57.980 DEBUG - TableExcelTransformer actionPerformed - Ecriture dans le fichier 'C:\Osys\QuartisTools\Tomcat\webapps\Quartis-Web\.\work\_0.0.0.0.0.0.0.1-administrateur\_Standard_System_Event_List\_Standard_System_Event_List.xls'... 
18:26:57.980 DEBUG - TableExcelTransformer actionPerformed - Ecriture dans le fichier 'C:\Osys\QuartisTools\Tomcat\webapps\Quartis-Web\.\work\_0.0.0.0.0.0.0.1-administrateur\_Standard_System_Event_List\_Standard_System_Event_List.xls'... 
18:26:57.980 DEBUG - TableExcelTransformer actionPerformed - Fin de l'écriture dans le fichier. 
18:27:07.988 DEBUG - TableDivTransformer createFileName ()--> Nom du fichier export = _Standard_System_Event_List 
18:27:07.988 DEBUG - TableExcelTransformer actionPerformed - Ecriture dans le fichier 'C:\Osys\QuartisTools\Tomcat\webapps\Quartis-Web\.\work\_0.0.0.0.0.0.0.1-administrateur\_Standard_System_Event_List\_Standard_System_Event_List.xls'... 
18:27:07.988 DEBUG - TableExcelTransformer actionPerformed - Ecriture dans le fichier 'C:\Osys\QuartisTools\Tomcat\webapps\Quartis-Web\.\work\_0.0.0.0.0.0.0.1-administrateur\_Standard_System_Event_List\_Standard_System_Event_List.xls'... 
18:27:07.988 DEBUG - TableExcelTransformer actionPerformed - Fin de l'écriture dans le fichier. 
18:27:18.001 DEBUG - TableDivTransformer createFileName ()--> Nom du fichier export = _Standard_System_Event_List 
18:27:18.001 DEBUG - TableExcelTransformer actionPerformed - Ecriture dans le fichier 'C:\Osys\QuartisTools\Tomcat\webapps\Quartis-Web\.\work\_0.0.0.0.0.0.0.1-administrateur\_Standard_System_Event_List\_Standard_System_Event_List.xls'... 
18:27:18.001 DEBUG - TableExcelTransformer actionPerformed - Ecriture dans le fichier 'C:\Osys\QuartisTools\Tomcat\webapps\Quartis-Web\.\work\_0.0.0.0.0.0.0.1-administrateur\_Standard_System_Event_List\_Standard_System_Event_List.xls'... 
18:27:18.016 DEBUG - TableExcelTransformer actionPerformed - Fin de l'écriture dans le fichier. 
18:27:28.004 DEBUG - TableDivTransformer createFileName ()--> Nom du fichier export = _Standard_System_Event_List 
18:27:28.004 DEBUG - TableExcelTransformer actionPerformed - Ecriture dans le fichier 'C:\Osys\QuartisTools\Tomcat\webapps\Quartis-Web\.\work\_0.0.0.0.0.0.0.1-administrateur\_Standard_System_Event_List\_Standard_System_Event_List.xls'... 
18:27:28.004 DEBUG - TableExcelTransformer actionPerformed - Ecriture dans le fichier 'C:\Osys\QuartisTools\Tomcat\webapps\Quartis-Web\.\work\_0.0.0.0.0.0.0.1-administrateur\_Standard_System_Event_List\_Standard_System_Event_List.xls'... 
18:27:28.004 DEBUG - TableExcelTransformer actionPerformed - Fin de l'écriture dans le fichier. 
18:27:38.016 DEBUG - TableDivTransformer createFileName ()--> Nom du fichier export = _Standard_System_Event_List 
18:27:38.016 DEBUG - TableExcelTransformer actionPerformed - Ecriture dans le fichier 'C:\Osys\QuartisTools\Tomcat\webapps\Quartis-Web\.\work\_0.0.0.0.0.0.0.1-administrateur\_Standard_System_Event_List\_Standard_System_Event_List.xls'... 
18:27:38.016 DEBUG - TableExcelTransformer actionPerformed - Ecriture dans le fichier 'C:\Osys\QuartisTools\Tomcat\webapps\Quartis-Web\.\work\_0.0.0.0.0.0.0.1-administrateur\_Standard_System_Event_List\_Standard_System_Event_List.xls'... 
18:27:38.016 DEBUG - TableExcelTransformer actionPerformed - Fin de l'écriture dans le fichier. 
18:27:48.017 DEBUG - TableDivTransformer createFileName ()--> Nom du fichier export = _Standard_System_Event_List 
18:27:48.017 DEBUG - TableExcelTransformer actionPerformed - Ecriture dans le fichier 'C:\Osys\QuartisTools\Tomcat\webapps\Quartis-Web\.\work\_0.0.0.0.0.0.0.1-administrateur\_Standard_System_Event_List\_Standard_System_Event_List.xls'... 
18:27:48.017 DEBUG - TableExcelTransformer actionPerformed - Ecriture dans le fichier 'C:\Osys\QuartisTools\Tomcat\webapps\Quartis-Web\.\work\_0.0.0.0.0.0.0.1-administrateur\_Standard_System_Event_List\_Standard_System_Event_List.xls'... 
18:27:48.017 DEBUG - TableExcelTransformer actionPerformed - Fin de l'écriture dans le fichier. 
18:27:58.026 DEBUG - TableDivTransformer createFileName ()--> Nom du fichier export = _Standard_System_Event_List 
18:27:58.026 DEBUG - TableExcelTransformer actionPerformed - Ecriture dans le fichier 'C:\Osys\QuartisTools\Tomcat\webapps\Quartis-Web\.\work\_0.0.0.0.0.0.0.1-administrateur\_Standard_System_Event_List\_Standard_System_Event_List.xls'... 
18:27:58.026 DEBUG - TableExcelTransformer actionPerformed - Ecriture dans le fichier 'C:\Osys\QuartisTools\Tomcat\webapps\Quartis-Web\.\work\_0.0.0.0.0.0.0.1-administrateur\_Standard_System_Event_List\_Standard_System_Event_List.xls'... 
18:27:58.041 DEBUG - TableExcelTransformer actionPerformed - Fin de l'écriture dans le fichier. 
18:28:08.035 DEBUG - TableDivTransformer createFileName ()--> Nom du fichier export = _Standard_System_Event_List 
18:28:08.035 DEBUG - TableExcelTransformer actionPerformed - Ecriture dans le fichier 'C:\Osys\QuartisTools\Tomcat\webapps\Quartis-Web\.\work\_0.0.0.0.0.0.0.1-administrateur\_Standard_System_Event_List\_Standard_System_Event_List.xls'... 
18:28:08.035 DEBUG - TableExcelTransformer actionPerformed - Ecriture dans le fichier 'C:\Osys\QuartisTools\Tomcat\webapps\Quartis-Web\.\work\_0.0.0.0.0.0.0.1-administrateur\_Standard_System_Event_List\_Standard_System_Event_List.xls'... 
18:28:08.035 DEBUG - TableExcelTransformer actionPerformed - Fin de l'écriture dans le fichier. 
18:28:18.043 DEBUG - TableDivTransformer createFileName ()--> Nom du fichier export = _Standard_System_Event_List 
18:28:18.043 DEBUG - TableExcelTransformer actionPerformed - Ecriture dans le fichier 'C:\Osys\QuartisTools\Tomcat\webapps\Quartis-Web\.\work\_0.0.0.0.0.0.0.1-administrateur\_Standard_System_Event_List\_Standard_System_Event_List.xls'... 
18:28:18.043 DEBUG - TableExcelTransformer actionPerformed - Ecriture dans le fichier 'C:\Osys\QuartisTools\Tomcat\webapps\Quartis-Web\.\work\_0.0.0.0.0.0.0.1-administrateur\_Standard_System_Event_List\_Standard_System_Event_List.xls'... 
18:28:18.043 DEBUG - TableExcelTransformer actionPerformed - Fin de l'écriture dans le fichier. 
18:28:28.049 DEBUG - TableDivTransformer createFileName ()--> Nom du fichier export = _Standard_System_Event_List 
18:28:28.049 DEBUG - TableExcelTransformer actionPerformed - Ecriture dans le fichier 'C:\Osys\QuartisTools\Tomcat\webapps\Quartis-Web\.\work\_0.0.0.0.0.0.0.1-administrateur\_Standard_System_Event_List\_Standard_System_Event_List.xls'... 
18:28:28.049 DEBUG - TableExcelTransformer actionPerformed - Ecriture dans le fichier 'C:\Osys\QuartisTools\Tomcat\webapps\Quartis-Web\.\work\_0.0.0.0.0.0.0.1-administrateur\_Standard_System_Event_List\_Standard_System_Event_List.xls'... 
18:28:28.049 DEBUG - TableExcelTransformer actionPerformed - Fin de l'écriture dans le fichier. 
18:28:38.058 DEBUG - TableDivTransformer createFileName ()--> Nom du fichier export = _Standard_System_Event_List 
18:28:38.058 DEBUG - TableExcelTransformer actionPerformed - Ecriture dans le fichier 'C:\Osys\QuartisTools\Tomcat\webapps\Quartis-Web\.\work\_0.0.0.0.0.0.0.1-administrateur\_Standard_System_Event_List\_Standard_System_Event_List.xls'... 
18:28:38.058 DEBUG - TableExcelTransformer actionPerformed - Ecriture dans le fichier 'C:\Osys\QuartisTools\Tomcat\webapps\Quartis-Web\.\work\_0.0.0.0.0.0.0.1-administrateur\_Standard_System_Event_List\_Standard_System_Event_List.xls'... 
18:28:38.074 DEBUG - TableExcelTransformer actionPerformed - Fin de l'écriture dans le fichier. 
18:28:48.073 DEBUG - TableDivTransformer createFileName ()--> Nom du fichier export = _Standard_System_Event_List 
18:28:48.073 DEBUG - TableExcelTransformer actionPerformed - Ecriture dans le fichier 'C:\Osys\QuartisTools\Tomcat\webapps\Quartis-Web\.\work\_0.0.0.0.0.0.0.1-administrateur\_Standard_System_Event_List\_Standard_System_Event_List.xls'... 
18:28:48.073 DEBUG - TableExcelTransformer actionPerformed - Ecriture dans le fichier 'C:\Osys\QuartisTools\Tomcat\webapps\Quartis-Web\.\work\_0.0.0.0.0.0.0.1-administrateur\_Standard_System_Event_List\_Standard_System_Event_List.xls'... 
18:28:48.073 DEBUG - TableExcelTransformer actionPerformed - Fin de l'écriture dans le fichier. 
18:28:58.079 DEBUG - TableDivTransformer createFileName ()--> Nom du fichier export = _Standard_System_Event_List 
18:28:58.079 DEBUG - TableExcelTransformer actionPerformed - Ecriture dans le fichier 'C:\Osys\QuartisTools\Tomcat\webapps\Quartis-Web\.\work\_0.0.0.0.0.0.0.1-administrateur\_Standard_System_Event_List\_Standard_System_Event_List.xls'... 
18:28:58.079 DEBUG - TableExcelTransformer actionPerformed - Ecriture dans le fichier 'C:\Osys\QuartisTools\Tomcat\webapps\Quartis-Web\.\work\_0.0.0.0.0.0.0.1-administrateur\_Standard_System_Event_List\_Standard_System_Event_List.xls'... 
18:28:58.095 DEBUG - TableExcelTransformer actionPerformed - Fin de l'écriture dans le fichier. 
18:29:08.095 DEBUG - TableDivTransformer createFileName ()--> Nom du fichier export = _Standard_System_Event_List 
18:29:08.095 DEBUG - TableExcelTransformer actionPerformed - Ecriture dans le fichier 'C:\Osys\QuartisTools\Tomcat\webapps\Quartis-Web\.\work\_0.0.0.0.0.0.0.1-administrateur\_Standard_System_Event_List\_Standard_System_Event_List.xls'... 
18:29:08.095 DEBUG - TableExcelTransformer actionPerformed - Ecriture dans le fichier 'C:\Osys\QuartisTools\Tomcat\webapps\Quartis-Web\.\work\_0.0.0.0.0.0.0.1-administrateur\_Standard_System_Event_List\_Standard_System_Event_List.xls'... 
18:29:08.111 DEBUG - TableExcelTransformer actionPerformed - Fin de l'écriture dans le fichier. 
18:29:18.105 DEBUG - TableDivTransformer createFileName ()--> Nom du fichier export = _Standard_System_Event_List 
18:29:18.105 DEBUG - TableExcelTransformer actionPerformed - Ecriture dans le fichier 'C:\Osys\QuartisTools\Tomcat\webapps\Quartis-Web\.\work\_0.0.0.0.0.0.0.1-administrateur\_Standard_System_Event_List\_Standard_System_Event_List.xls'... 
18:29:18.105 DEBUG - TableExcelTransformer actionPerformed - Ecriture dans le fichier 'C:\Osys\QuartisTools\Tomcat\webapps\Quartis-Web\.\work\_0.0.0.0.0.0.0.1-administrateur\_Standard_System_Event_List\_Standard_System_Event_List.xls'... 
18:29:18.105 DEBUG - TableExcelTransformer actionPerformed - Fin de l'écriture dans le fichier. 
18:29:28.120 DEBUG - TableDivTransformer createFileName ()--> Nom du fichier export = _Standard_System_Event_List 
18:29:28.120 DEBUG - TableExcelTransformer actionPerformed - Ecriture dans le fichier 'C:\Osys\QuartisTools\Tomcat\webapps\Quartis-Web\.\work\_0.0.0.0.0.0.0.1-administrateur\_Standard_System_Event_List\_Standard_System_Event_List.xls'... 
18:29:28.120 DEBUG - TableExcelTransformer actionPerformed - Ecriture dans le fichier 'C:\Osys\QuartisTools\Tomcat\webapps\Quartis-Web\.\work\_0.0.0.0.0.0.0.1-administrateur\_Standard_System_Event_List\_Standard_System_Event_List.xls'... 
18:29:28.120 DEBUG - TableExcelTransformer actionPerformed - Fin de l'écriture dans le fichier. 
18:29:38.124 DEBUG - TableDivTransformer createFileName ()--> Nom du fichier export = _Standard_System_Event_List 
18:29:38.124 DEBUG - TableExcelTransformer actionPerformed - Ecriture dans le fichier 'C:\Osys\QuartisTools\Tomcat\webapps\Quartis-Web\.\work\_0.0.0.0.0.0.0.1-administrateur\_Standard_System_Event_List\_Standard_System_Event_List.xls'... 
18:29:38.124 DEBUG - TableExcelTransformer actionPerformed - Ecriture dans le fichier 'C:\Osys\QuartisTools\Tomcat\webapps\Quartis-Web\.\work\_0.0.0.0.0.0.0.1-administrateur\_Standard_System_Event_List\_Standard_System_Event_List.xls'... 
18:29:38.124 DEBUG - TableExcelTransformer actionPerformed - Fin de l'écriture dans le fichier. 
18:29:48.119 DEBUG - TableDivTransformer createFileName ()--> Nom du fichier export = _Standard_System_Event_List 
18:29:48.135 DEBUG - TableExcelTransformer actionPerformed - Ecriture dans le fichier 'C:\Osys\QuartisTools\Tomcat\webapps\Quartis-Web\.\work\_0.0.0.0.0.0.0.1-administrateur\_Standard_System_Event_List\_Standard_System_Event_List.xls'... 
18:29:48.135 DEBUG - TableExcelTransformer actionPerformed - Ecriture dans le fichier 'C:\Osys\QuartisTools\Tomcat\webapps\Quartis-Web\.\work\_0.0.0.0.0.0.0.1-administrateur\_Standard_System_Event_List\_Standard_System_Event_List.xls'... 
18:29:48.135 DEBUG - TableExcelTransformer actionPerformed - Fin de l'écriture dans le fichier. 
18:29:58.141 DEBUG - TableDivTransformer createFileName ()--> Nom du fichier export = _Standard_System_Event_List 
18:29:58.141 DEBUG - TableExcelTransformer actionPerformed - Ecriture dans le fichier 'C:\Osys\QuartisTools\Tomcat\webapps\Quartis-Web\.\work\_0.0.0.0.0.0.0.1-administrateur\_Standard_System_Event_List\_Standard_System_Event_List.xls'... 
18:29:58.141 DEBUG - TableExcelTransformer actionPerformed - Ecriture dans le fichier 'C:\Osys\QuartisTools\Tomcat\webapps\Quartis-Web\.\work\_0.0.0.0.0.0.0.1-administrateur\_Standard_System_Event_List\_Standard_System_Event_List.xls'... 
18:29:58.141 DEBUG - TableExcelTransformer actionPerformed - Fin de l'écriture dans le fichier. 
18:30:02.837 DEBUG - TableDivTransformer createFileName ()--> Nom du fichier export = _Standard_System_Event_List 
18:30:02.838 DEBUG - TableExcelTransformer actionPerformed - Ecriture dans le fichier 'C:\Osys\QuartisTools\Tomcat\webapps\Quartis-Web\.\work\_0.0.0.0.0.0.0.1-administrateur\_Standard_System_Event_List\_Standard_System_Event_List.xls'... 
18:30:02.838 DEBUG - TableExcelTransformer actionPerformed - Ecriture dans le fichier 'C:\Osys\QuartisTools\Tomcat\webapps\Quartis-Web\.\work\_0.0.0.0.0.0.0.1-administrateur\_Standard_System_Event_List\_Standard_System_Event_List.xls'... 
18:30:02.849 DEBUG - TableExcelTransformer actionPerformed - Fin de l'écriture dans le fichier. 
18:30:02.914 DEBUG - TableDivTransformer createFileName ()--> Nom du fichier export = _Standard_System_Event_List 
18:30:02.915 DEBUG - TableExcelTransformer actionPerformed - Ecriture dans le fichier 'C:\Osys\QuartisTools\Tomcat\webapps\Quartis-Web\.\work\_0.0.0.0.0.0.0.1-administrateur\_Standard_System_Event_List\_Standard_System_Event_List.xls'... 
18:30:02.915 DEBUG - TableExcelTransformer actionPerformed - Ecriture dans le fichier 'C:\Osys\QuartisTools\Tomcat\webapps\Quartis-Web\.\work\_0.0.0.0.0.0.0.1-administrateur\_Standard_System_Event_List\_Standard_System_Event_List.xls'... 
18:30:02.925 DEBUG - TableExcelTransformer actionPerformed - Fin de l'écriture dans le fichier. 
19:22:29.929 DEBUG - NavigationAction module : OPTIMA_15_Equipement, level : 2, path : Standard/OPTIMA_15_Equipement/Superviseurs/Niveau1/Equipement_Rendement_Vumetre_1 
19:22:29.985 DEBUG - Level1StoreDelegate store - Ecriture dans le fichier : 'C:\Osys\QUARTIS_PRO\quartis-pro-web\users\administrateur\level1.xml'... 
19:22:29.994 DEBUG - Level1StoreDelegate store - Fin de l'écriture dans le fichier. 
19:22:32.585 DEBUG - NavigationAction module : OPTIMA_45_Controle, level : 2, path : Standard/OPTIMA_45_Controle/Superviseurs/Niveau1/Controle_Gammes_EnCours_Synthese 
19:22:32.585 DEBUG - NavigationAction module : OPTIMA_45_Controle, level : null, path : Standard/OPTIMA_45_Controle/Superviseurs/Niveau1/Controle_Gammes_EnCours_Synthese 
19:22:36.069 DEBUG - NavigationAction module : OPTIMA_10_Personnel, level : null, path : Standard/OPTIMA_10_Personnel/Superviseurs/Niveau1/Personnel_Effectif_Global_1 
19:22:36.069 DEBUG - NavigationAction module : OPTIMA_10_Personnel, level : 2, path : Standard/OPTIMA_10_Personnel/Superviseurs/Niveau1/Personnel_Effectif_Global_1 
19:22:38.590 DEBUG - NavigationAction module : OPTIMA_45_Controle, level : null, path : Standard/OPTIMA_45_Controle/Superviseurs/Niveau1/Controle_Gammes_EnCours_Synthese 
19:22:38.590 DEBUG - NavigationAction module : OPTIMA_45_Controle, level : 2, path : Standard/OPTIMA_45_Controle/Superviseurs/Niveau1/Controle_Gammes_EnCours_Synthese 
