10:08:01.575 DEBUG - AuthManagedBean autoconnect - Tentative de connexion SSO... 
10:08:01.577 DEBUG - ConnexionManagedBean User renseigné par filtre SSO LDAP : null 
10:08:01.577 DEBUG - ConnexionManagedBean ldapActive = false 
10:08:01.577 DEBUG - AuthManagedBean autoconnect - Echec de la connexion par SSO. 
10:08:05.321 DEBUG - LoginManagedBean user.id = administrateur, connecté par login/mdp Osys 
10:08:05.322 ERROR - ConnexionManagedBean Identifiant de la licence invalide. 
10:08:58.319  INFO - PropertiesDelegate Destruction du properties manager ! 
10:09:21.434 DEBUG - TomcatListener contextInitialized - servletContext.realPath : C:\Osys\QuartisTools\Tomcat\webapps\Quartis-Web 
10:09:21.456  INFO - PropertiesDelegate Ouverture du fichier de configuration à l'emplacement : C:\Osys\QuartisTools\Tomcat/conf/quartis-web.properties 
10:09:21.701  INFO - TomcatListener -----> Supression des fichier temporaires 
10:09:22.115  INFO - TomcatListener Ouverture du fichier indiquant la base de données : C:\Osys\QuartisTools\Tomcat/conf/datasources.xml... 
10:09:22.295  INFO - DataSourceManager Création de la datasource : QuartisWeb-PU 
10:10:25.831  INFO - PropertiesDelegate Destruction du properties manager ! 
10:11:12.841 DEBUG - TomcatListener contextInitialized - servletContext.realPath : C:\Osys\QuartisTools\Tomcat\webapps\Quartis-Web 
10:11:12.854  INFO - PropertiesDelegate Ouverture du fichier de configuration à l'emplacement : C:\Osys\QuartisTools\Tomcat/conf/quartis-web.properties 
10:11:12.880  INFO - TomcatListener -----> Supression des fichier temporaires 
10:11:13.182  INFO - TomcatListener Ouverture du fichier indiquant la base de données : C:\Osys\QuartisTools\Tomcat/conf/datasources.xml... 
10:11:13.251  INFO - DataSourceManager Création de la datasource : QuartisWeb-PU 
10:12:22.151 DEBUG - LoginManagedBean user.id = administrateur, connecté par login/mdp Osys 
10:12:23.825 DEBUG - TransfertFile copyFile (pls) - Copie de 18 fichiers vers 'C:\Osys\QUARTIS_PRO\quartis-pro-web\users\administrateur\language.properties'... 
10:12:23.825 DEBUG - TransfertFile copyFile (pls) - Copie du fichier 0/18 : 'C:\Osys\QUARTIS_PRO\quartis-pro-web\Standard\OPTIMA_00_Standard\language.properties'. 
10:12:23.826 DEBUG - TransfertFile copyFile (fileChannel) - Copie de 'C:\Osys\QUARTIS_PRO\quartis-pro-web\Standard\OPTIMA_00_Standard\language.properties'... 
10:12:23.841 DEBUG - TransfertFile copyFile (fileChannel) - Fin de la copie. 
10:12:23.841 DEBUG - TransfertFile copyFile (pls) - Copie du fichier 1/18 : 'C:\Osys\QUARTIS_PRO\quartis-pro-web\Standard\OPTIMA_10_Personnel\language.properties'. 
10:12:23.841 DEBUG - TransfertFile copyFile (fileChannel) - Copie de 'C:\Osys\QUARTIS_PRO\quartis-pro-web\Standard\OPTIMA_10_Personnel\language.properties'... 
10:12:23.860 DEBUG - TransfertFile copyFile (fileChannel) - Fin de la copie. 
10:12:23.861 DEBUG - TransfertFile copyFile (pls) - Copie du fichier 2/18 : 'C:\Osys\QUARTIS_PRO\quartis-pro-web\Standard\OPTIMA_15_Equipement\language.properties'. 
10:12:23.861 DEBUG - TransfertFile copyFile (fileChannel) - Copie de 'C:\Osys\QUARTIS_PRO\quartis-pro-web\Standard\OPTIMA_15_Equipement\language.properties'... 
10:12:23.868 DEBUG - TransfertFile copyFile (fileChannel) - Fin de la copie. 
10:12:23.868 DEBUG - TransfertFile copyFile (pls) - Copie du fichier 3/18 : 'C:\Osys\QUARTIS_PRO\quartis-pro-web\Standard\OPTIMA_20_Production\language.properties'. 
10:12:23.868 DEBUG - TransfertFile copyFile (fileChannel) - Copie de 'C:\Osys\QUARTIS_PRO\quartis-pro-web\Standard\OPTIMA_20_Production\language.properties'... 
10:12:23.872 DEBUG - TransfertFile copyFile (fileChannel) - Fin de la copie. 
10:12:23.872 DEBUG - TransfertFile copyFile (pls) - Copie du fichier 4/18 : 'C:\Osys\QUARTIS_PRO\quartis-pro-web\Standard\OPTIMA_30_Outil\language.properties'. 
10:12:23.872 DEBUG - TransfertFile copyFile (fileChannel) - Copie de 'C:\Osys\QUARTIS_PRO\quartis-pro-web\Standard\OPTIMA_30_Outil\language.properties'... 
10:12:23.887 DEBUG - TransfertFile copyFile (fileChannel) - Fin de la copie. 
10:12:23.887 DEBUG - TransfertFile copyFile (pls) - Copie du fichier 5/18 : 'C:\Osys\QUARTIS_PRO\quartis-pro-web\Standard\OPTIMA_40_Maintenance\language.properties'. 
10:12:23.887 DEBUG - TransfertFile copyFile (fileChannel) - Copie de 'C:\Osys\QUARTIS_PRO\quartis-pro-web\Standard\OPTIMA_40_Maintenance\language.properties'... 
10:12:23.913 DEBUG - TransfertFile copyFile (fileChannel) - Fin de la copie. 
10:12:23.914 DEBUG - TransfertFile copyFile (pls) - Copie du fichier 6/18 : 'C:\Osys\QUARTIS_PRO\quartis-pro-web\Standard\OPTIMA_45_Controle\language.properties'. 
10:12:23.914 DEBUG - TransfertFile copyFile (fileChannel) - Copie de 'C:\Osys\QUARTIS_PRO\quartis-pro-web\Standard\OPTIMA_45_Controle\language.properties'... 
10:12:23.914 DEBUG - TransfertFile copyFile (fileChannel) - Fin de la copie. 
10:12:23.914 DEBUG - TransfertFile copyFile (pls) - Copie du fichier 7/18 : 'C:\Osys\QUARTIS_PRO\quartis-pro-web\Standard\OPTIMA_50_GF\language.properties'. 
10:12:23.914 DEBUG - TransfertFile copyFile (fileChannel) - Copie de 'C:\Osys\QUARTIS_PRO\quartis-pro-web\Standard\OPTIMA_50_GF\language.properties'... 
10:12:23.926 DEBUG - TransfertFile copyFile (fileChannel) - Fin de la copie. 
10:12:23.926 DEBUG - TransfertFile copyFile (pls) - Copie du fichier 8/18 : 'C:\Osys\QUARTIS_PRO\quartis-pro-web\Standard\OPTIMA_60_Tiers\language.properties'. 
10:12:23.926 DEBUG - TransfertFile copyFile (fileChannel) - Copie de 'C:\Osys\QUARTIS_PRO\quartis-pro-web\Standard\OPTIMA_60_Tiers\language.properties'... 
10:12:23.954 DEBUG - TransfertFile copyFile (fileChannel) - Fin de la copie. 
10:12:23.954 DEBUG - TransfertFile copyFile (pls) - Copie du fichier 9/18 : 'C:\Osys\QUARTIS_PRO\quartis-pro-web\Standard\OPTIMA_70_Tracabilite\language.properties'. 
10:12:23.954 DEBUG - TransfertFile copyFile (fileChannel) - Copie de 'C:\Osys\QUARTIS_PRO\quartis-pro-web\Standard\OPTIMA_70_Tracabilite\language.properties'... 
10:12:23.970 DEBUG - TransfertFile copyFile (fileChannel) - Fin de la copie. 
10:12:23.971 DEBUG - TransfertFile copyFile (pls) - Copie du fichier 10/18 : 'C:\Osys\QUARTIS_PRO\quartis-pro-web\Standard\OPTIMA_80_Documents\language.properties'. 
10:12:23.971 DEBUG - TransfertFile copyFile (fileChannel) - Copie de 'C:\Osys\QUARTIS_PRO\quartis-pro-web\Standard\OPTIMA_80_Documents\language.properties'... 
10:12:23.974 DEBUG - TransfertFile copyFile (fileChannel) - Fin de la copie. 
10:12:23.974 DEBUG - TransfertFile copyFile (pls) - Copie du fichier 11/18 : 'C:\Osys\QUARTIS_PRO\quartis-pro-web\Standard\OPTIMA_90_GDT\language.properties'. 
10:12:23.974 DEBUG - TransfertFile copyFile (fileChannel) - Copie de 'C:\Osys\QUARTIS_PRO\quartis-pro-web\Standard\OPTIMA_90_GDT\language.properties'... 
10:12:23.974 DEBUG - TransfertFile copyFile (fileChannel) - Fin de la copie. 
10:12:23.974 DEBUG - TransfertFile copyFile (pls) - Copie du fichier 12/18 : 'C:\Osys\QUARTIS_PRO\quartis-pro-web\Standard\OPTIMA_98_About\language.properties'. 
10:12:23.974 DEBUG - TransfertFile copyFile (fileChannel) - Copie de 'C:\Osys\QUARTIS_PRO\quartis-pro-web\Standard\OPTIMA_98_About\language.properties'... 
10:12:23.974 DEBUG - TransfertFile copyFile (fileChannel) - Fin de la copie. 
10:12:23.975 DEBUG - TransfertFile copyFile (pls) - Copie du fichier 13/18 : 'C:\Osys\QUARTIS_PRO\quartis-pro-web\Standard\restrictions\language.properties'. 
10:12:23.975 DEBUG - TransfertFile copyFile (fileChannel) - Copie de 'C:\Osys\QUARTIS_PRO\quartis-pro-web\Standard\restrictions\language.properties'... 
10:12:23.975 DEBUG - TransfertFile copyFile (fileChannel) - Fin de la copie. 
10:12:23.975 DEBUG - TransfertFile copyFile (pls) - Copie du fichier 14/18 : 'C:\Osys\QUARTIS_PRO\quartis-pro-web\Standard\templates\pdf-footer\language.properties'. 
10:12:23.975 DEBUG - TransfertFile copyFile (fileChannel) - Copie de 'C:\Osys\QUARTIS_PRO\quartis-pro-web\Standard\templates\pdf-footer\language.properties'... 
10:12:23.975 DEBUG - TransfertFile copyFile (fileChannel) - Fin de la copie. 
10:12:23.975 DEBUG - TransfertFile copyFile (pls) - Copie du fichier 15/18 : 'C:\Osys\QUARTIS_PRO\quartis-pro-web\Standard\templates\pdf-header\language.properties'. 
10:12:23.975 DEBUG - TransfertFile copyFile (fileChannel) - Copie de 'C:\Osys\QUARTIS_PRO\quartis-pro-web\Standard\templates\pdf-header\language.properties'... 
10:12:23.976 DEBUG - TransfertFile copyFile (fileChannel) - Fin de la copie. 
10:12:23.976 DEBUG - TransfertFile copyFile (pls) - Copie du fichier 16/18 : 'C:\Osys\QUARTIS_PRO\quartis-pro-web\Specifiques\templates\pdf-footer\language.properties'. 
10:12:23.976 DEBUG - TransfertFile copyFile (fileChannel) - Copie de 'C:\Osys\QUARTIS_PRO\quartis-pro-web\Specifiques\templates\pdf-footer\language.properties'... 
10:12:23.976 DEBUG - TransfertFile copyFile (fileChannel) - Fin de la copie. 
10:12:23.976 DEBUG - TransfertFile copyFile (pls) - Copie du fichier 17/18 : 'C:\Osys\QUARTIS_PRO\quartis-pro-web\Specifiques\templates\pdf-header\language.properties'. 
10:12:23.976 DEBUG - TransfertFile copyFile (fileChannel) - Copie de 'C:\Osys\QUARTIS_PRO\quartis-pro-web\Specifiques\templates\pdf-header\language.properties'... 
10:12:23.976 DEBUG - TransfertFile copyFile (fileChannel) - Fin de la copie. 
10:12:23.977 DEBUG - TransfertFile copyFile (pls) - Fin de la copie. 
10:12:24.434 DEBUG - TransfertFile copyFile (pls) - Copie de 18 fichiers vers 'C:\Osys\QUARTIS_PRO\quartis-pro-web\users\administrateur\language_fr.properties'... 
10:12:24.434 DEBUG - TransfertFile copyFile (pls) - Copie du fichier 0/18 : 'C:\Osys\QUARTIS_PRO\quartis-pro-web\Standard\OPTIMA_00_Standard\language_fr.properties'. 
10:12:24.434 DEBUG - TransfertFile copyFile (fileChannel) - Copie de 'C:\Osys\QUARTIS_PRO\quartis-pro-web\Standard\OPTIMA_00_Standard\language_fr.properties'... 
10:12:24.443 DEBUG - TransfertFile copyFile (fileChannel) - Fin de la copie. 
10:12:24.444 DEBUG - TransfertFile copyFile (pls) - Copie du fichier 1/18 : 'C:\Osys\QUARTIS_PRO\quartis-pro-web\Standard\OPTIMA_10_Personnel\language_fr.properties'. 
10:12:24.444 DEBUG - TransfertFile copyFile (fileChannel) - Copie de 'C:\Osys\QUARTIS_PRO\quartis-pro-web\Standard\OPTIMA_10_Personnel\language_fr.properties'... 
10:12:24.444 DEBUG - TransfertFile copyFile (fileChannel) - Fin de la copie. 
10:12:24.444 DEBUG - TransfertFile copyFile (pls) - Copie du fichier 2/18 : 'C:\Osys\QUARTIS_PRO\quartis-pro-web\Standard\OPTIMA_15_Equipement\language_fr.properties'. 
10:12:24.445 DEBUG - TransfertFile copyFile (fileChannel) - Copie de 'C:\Osys\QUARTIS_PRO\quartis-pro-web\Standard\OPTIMA_15_Equipement\language_fr.properties'... 
10:12:24.445 DEBUG - TransfertFile copyFile (fileChannel) - Fin de la copie. 
10:12:24.445 DEBUG - TransfertFile copyFile (pls) - Copie du fichier 3/18 : 'C:\Osys\QUARTIS_PRO\quartis-pro-web\Standard\OPTIMA_20_Production\language_fr.properties'. 
10:12:24.445 DEBUG - TransfertFile copyFile (fileChannel) - Copie de 'C:\Osys\QUARTIS_PRO\quartis-pro-web\Standard\OPTIMA_20_Production\language_fr.properties'... 
10:12:24.458 DEBUG - TransfertFile copyFile (fileChannel) - Fin de la copie. 
10:12:24.458 DEBUG - TransfertFile copyFile (pls) - Copie du fichier 4/18 : 'C:\Osys\QUARTIS_PRO\quartis-pro-web\Standard\OPTIMA_30_Outil\language_fr.properties'. 
10:12:24.458 DEBUG - TransfertFile copyFile (fileChannel) - Copie de 'C:\Osys\QUARTIS_PRO\quartis-pro-web\Standard\OPTIMA_30_Outil\language_fr.properties'... 
10:12:24.474 DEBUG - TransfertFile copyFile (fileChannel) - Fin de la copie. 
10:12:24.474 DEBUG - TransfertFile copyFile (pls) - Copie du fichier 5/18 : 'C:\Osys\QUARTIS_PRO\quartis-pro-web\Standard\OPTIMA_40_Maintenance\language_fr.properties'. 
10:12:24.474 DEBUG - TransfertFile copyFile (fileChannel) - Copie de 'C:\Osys\QUARTIS_PRO\quartis-pro-web\Standard\OPTIMA_40_Maintenance\language_fr.properties'... 
10:12:24.486 DEBUG - TransfertFile copyFile (fileChannel) - Fin de la copie. 
10:12:24.486 DEBUG - TransfertFile copyFile (pls) - Copie du fichier 6/18 : 'C:\Osys\QUARTIS_PRO\quartis-pro-web\Standard\OPTIMA_45_Controle\language_fr.properties'. 
10:12:24.486 DEBUG - TransfertFile copyFile (fileChannel) - Copie de 'C:\Osys\QUARTIS_PRO\quartis-pro-web\Standard\OPTIMA_45_Controle\language_fr.properties'... 
10:12:24.487 DEBUG - TransfertFile copyFile (fileChannel) - Fin de la copie. 
10:12:24.487 DEBUG - TransfertFile copyFile (pls) - Copie du fichier 7/18 : 'C:\Osys\QUARTIS_PRO\quartis-pro-web\Standard\OPTIMA_50_GF\language_fr.properties'. 
10:12:24.487 DEBUG - TransfertFile copyFile (fileChannel) - Copie de 'C:\Osys\QUARTIS_PRO\quartis-pro-web\Standard\OPTIMA_50_GF\language_fr.properties'... 
10:12:24.494 DEBUG - TransfertFile copyFile (fileChannel) - Fin de la copie. 
10:12:24.494 DEBUG - TransfertFile copyFile (pls) - Copie du fichier 8/18 : 'C:\Osys\QUARTIS_PRO\quartis-pro-web\Standard\OPTIMA_60_Tiers\language_fr.properties'. 
10:12:24.494 DEBUG - TransfertFile copyFile (fileChannel) - Copie de 'C:\Osys\QUARTIS_PRO\quartis-pro-web\Standard\OPTIMA_60_Tiers\language_fr.properties'... 
10:12:24.507 DEBUG - TransfertFile copyFile (fileChannel) - Fin de la copie. 
10:12:24.507 DEBUG - TransfertFile copyFile (pls) - Copie du fichier 9/18 : 'C:\Osys\QUARTIS_PRO\quartis-pro-web\Standard\OPTIMA_70_Tracabilite\language_fr.properties'. 
10:12:24.507 DEBUG - TransfertFile copyFile (fileChannel) - Copie de 'C:\Osys\QUARTIS_PRO\quartis-pro-web\Standard\OPTIMA_70_Tracabilite\language_fr.properties'... 
10:12:24.521 DEBUG - TransfertFile copyFile (fileChannel) - Fin de la copie. 
10:12:24.521 DEBUG - TransfertFile copyFile (pls) - Copie du fichier 10/18 : 'C:\Osys\QUARTIS_PRO\quartis-pro-web\Standard\OPTIMA_80_Documents\language_fr.properties'. 
10:12:24.521 DEBUG - TransfertFile copyFile (fileChannel) - Copie de 'C:\Osys\QUARTIS_PRO\quartis-pro-web\Standard\OPTIMA_80_Documents\language_fr.properties'... 
10:12:24.532 DEBUG - TransfertFile copyFile (fileChannel) - Fin de la copie. 
10:12:24.532 DEBUG - TransfertFile copyFile (pls) - Copie du fichier 11/18 : 'C:\Osys\QUARTIS_PRO\quartis-pro-web\Standard\OPTIMA_90_GDT\language_fr.properties'. 
10:12:24.532 DEBUG - TransfertFile copyFile (fileChannel) - Copie de 'C:\Osys\QUARTIS_PRO\quartis-pro-web\Standard\OPTIMA_90_GDT\language_fr.properties'... 
10:12:24.532 DEBUG - TransfertFile copyFile (fileChannel) - Fin de la copie. 
10:12:24.533 DEBUG - TransfertFile copyFile (pls) - Copie du fichier 12/18 : 'C:\Osys\QUARTIS_PRO\quartis-pro-web\Standard\OPTIMA_98_About\language_fr.properties'. 
10:12:24.533 DEBUG - TransfertFile copyFile (fileChannel) - Copie de 'C:\Osys\QUARTIS_PRO\quartis-pro-web\Standard\OPTIMA_98_About\language_fr.properties'... 
10:12:24.533 DEBUG - TransfertFile copyFile (fileChannel) - Fin de la copie. 
10:12:24.533 DEBUG - TransfertFile copyFile (pls) - Copie du fichier 13/18 : 'C:\Osys\QUARTIS_PRO\quartis-pro-web\Standard\restrictions\language_fr.properties'. 
10:12:24.533 DEBUG - TransfertFile copyFile (fileChannel) - Copie de 'C:\Osys\QUARTIS_PRO\quartis-pro-web\Standard\restrictions\language_fr.properties'... 
10:12:24.533 DEBUG - TransfertFile copyFile (fileChannel) - Fin de la copie. 
10:12:24.533 DEBUG - TransfertFile copyFile (pls) - Copie du fichier 14/18 : 'C:\Osys\QUARTIS_PRO\quartis-pro-web\Standard\templates\pdf-footer\language_fr.properties'. 
10:12:24.533 DEBUG - TransfertFile copyFile (fileChannel) - Copie de 'C:\Osys\QUARTIS_PRO\quartis-pro-web\Standard\templates\pdf-footer\language_fr.properties'... 
10:12:24.533 DEBUG - TransfertFile copyFile (fileChannel) - Fin de la copie. 
10:12:24.534 DEBUG - TransfertFile copyFile (pls) - Copie du fichier 15/18 : 'C:\Osys\QUARTIS_PRO\quartis-pro-web\Standard\templates\pdf-header\language_fr.properties'. 
10:12:24.534 DEBUG - TransfertFile copyFile (fileChannel) - Copie de 'C:\Osys\QUARTIS_PRO\quartis-pro-web\Standard\templates\pdf-header\language_fr.properties'... 
10:12:24.534 DEBUG - TransfertFile copyFile (fileChannel) - Fin de la copie. 
10:12:24.534 DEBUG - TransfertFile copyFile (pls) - Copie du fichier 16/18 : 'C:\Osys\QUARTIS_PRO\quartis-pro-web\Specifiques\templates\pdf-footer\language_fr.properties'. 
10:12:24.534 DEBUG - TransfertFile copyFile (fileChannel) - Copie de 'C:\Osys\QUARTIS_PRO\quartis-pro-web\Specifiques\templates\pdf-footer\language_fr.properties'... 
10:12:24.534 DEBUG - TransfertFile copyFile (fileChannel) - Fin de la copie. 
10:12:24.534 DEBUG - TransfertFile copyFile (pls) - Copie du fichier 17/18 : 'C:\Osys\QUARTIS_PRO\quartis-pro-web\Specifiques\templates\pdf-header\language_fr.properties'. 
10:12:24.534 DEBUG - TransfertFile copyFile (fileChannel) - Copie de 'C:\Osys\QUARTIS_PRO\quartis-pro-web\Specifiques\templates\pdf-header\language_fr.properties'... 
10:12:24.535 DEBUG - TransfertFile copyFile (fileChannel) - Fin de la copie. 
10:12:24.535 DEBUG - TransfertFile copyFile (pls) - Fin de la copie. 
10:12:24.535 DEBUG - LanguageFileManager buildPropertiesGen - Création de 'C:\Osys\QUARTIS_PRO\quartis-pro-web\users\administrateur\language_fr.properties'... 
10:12:24.562 DEBUG - LanguageFileManager buildPropertiesGen - Fin de la création. 
10:12:33.579 DEBUG - TableDivTransformer buildLevel1Or2 ()--> Nom du fichier export2 = Table- 
10:12:35.339 DEBUG - TableDivTransformer createFileName ()--> Nom du fichier export = _Standard_System_Event_List 
10:12:35.351 DEBUG - TableExcelTransformer actionPerformed - Ecriture dans le fichier 'C:\Osys\QuartisTools\Tomcat\webapps\Quartis-Web\.\work\_0.0.0.0.0.0.0.1-administrateur\_Standard_System_Event_List\_Standard_System_Event_List.xls'... 
10:12:35.351 DEBUG - TableExcelTransformer actionPerformed - Ecriture dans le fichier 'C:\Osys\QuartisTools\Tomcat\webapps\Quartis-Web\.\work\_0.0.0.0.0.0.0.1-administrateur\_Standard_System_Event_List\_Standard_System_Event_List.xls'... 
10:12:35.352 DEBUG - TableDivTransformer createFileName ()--> Nom du fichier export = _Standard_System_Event_List 
10:12:35.352 DEBUG - TableExcelTransformer actionPerformed - Ecriture dans le fichier 'C:\Osys\QuartisTools\Tomcat\webapps\Quartis-Web\.\work\_0.0.0.0.0.0.0.1-administrateur\_Standard_System_Event_List\_Standard_System_Event_List.xls'... 
10:12:35.352 DEBUG - TableExcelTransformer actionPerformed - Ecriture dans le fichier 'C:\Osys\QuartisTools\Tomcat\webapps\Quartis-Web\.\work\_0.0.0.0.0.0.0.1-administrateur\_Standard_System_Event_List\_Standard_System_Event_List.xls'... 
10:12:35.634 DEBUG - TableExcelTransformer actionPerformed - Fin de l'écriture dans le fichier. 
10:12:35.634 DEBUG - TableExcelTransformer actionPerformed - Fin de l'écriture dans le fichier. 
10:12:37.026 DEBUG - TableDivTransformer createFileName ()--> Nom du fichier export = _Standard_System_Event_List 
10:12:37.027 DEBUG - TableExcelTransformer actionPerformed - Ecriture dans le fichier 'C:\Osys\QuartisTools\Tomcat\webapps\Quartis-Web\.\work\_0.0.0.0.0.0.0.1-administrateur\_Standard_System_Event_List\_Standard_System_Event_List.xls'... 
10:12:37.027 DEBUG - TableExcelTransformer actionPerformed - Ecriture dans le fichier 'C:\Osys\QuartisTools\Tomcat\webapps\Quartis-Web\.\work\_0.0.0.0.0.0.0.1-administrateur\_Standard_System_Event_List\_Standard_System_Event_List.xls'... 
10:12:37.035 DEBUG - TableExcelTransformer actionPerformed - Fin de l'écriture dans le fichier. 
10:13:03.917 DEBUG - TableDivTransformer createFileName ()--> Nom du fichier export = _Personnel_Activite_EnCours_Liste_1 
10:13:03.918 DEBUG - TableExcelTransformer actionPerformed - Ecriture dans le fichier 'C:\Osys\QuartisTools\Tomcat\webapps\Quartis-Web\.\work\_0.0.0.0.0.0.0.1-administrateur\_Personnel_Activite_EnCours_Liste_1\_Personnel_Activite_EnCours_Liste_1.xls'... 
10:13:03.918 DEBUG - TableExcelTransformer actionPerformed - Ecriture dans le fichier 'C:\Osys\QuartisTools\Tomcat\webapps\Quartis-Web\.\work\_0.0.0.0.0.0.0.1-administrateur\_Personnel_Activite_EnCours_Liste_1\_Personnel_Activite_EnCours_Liste_1.xls'... 
10:13:03.923 DEBUG - TableDivTransformer createFileName ()--> Nom du fichier export = _Personnel_Activite_EnCours_Liste_1 
10:13:03.923 DEBUG - TableExcelTransformer actionPerformed - Ecriture dans le fichier 'C:\Osys\QuartisTools\Tomcat\webapps\Quartis-Web\.\work\_0.0.0.0.0.0.0.1-administrateur\_Personnel_Activite_EnCours_Liste_1\_Personnel_Activite_EnCours_Liste_1.xls'... 
10:13:03.923 DEBUG - TableExcelTransformer actionPerformed - Ecriture dans le fichier 'C:\Osys\QuartisTools\Tomcat\webapps\Quartis-Web\.\work\_0.0.0.0.0.0.0.1-administrateur\_Personnel_Activite_EnCours_Liste_1\_Personnel_Activite_EnCours_Liste_1.xls'... 
10:13:03.947 DEBUG - TableExcelTransformer actionPerformed - Fin de l'écriture dans le fichier. 
10:13:03.947 DEBUG - TableExcelTransformer actionPerformed - Fin de l'écriture dans le fichier. 
10:13:07.116 DEBUG - GSqlQueryGeneratorSqlServer --->table =PERSONNEL query =set rowcount 3000  SELECT MATR_SITE  , MATR  , CODE_BADG  , TITR  , FLAG_INTE  , NOM  , PREN  , dbo.OPTIMA_TRADUCTION(ADRE_RUE,'fr') +'@KEYLANG_'+ADRE_RUE AS ADRE_RUE  , ADRE_CODE_POST  , dbo.OPTIMA_TRADUCTION(ADRE_VILL,'fr') +'@KEYLANG_'+ADRE_VILL AS ADRE_VILL  , ADRE_TELE  , ADRE_MAIL  , MOT_PASS  , FLAG_BADG_BLOQ  , NOMB_ACTI_MAXI  , FLAG_SUIV_POIN  , KELI_KEY  , FLAG_GEST_PLAN  , FLAG_KELI_IMPO  , LIEN_IMAG  , CODE_HORA_1  , CODE_SERV  , CODE_EQUI_DEFA  , CODE_ATEL  , CODE_ATEL_DEFA  , CODE_SECT_GEOG  , CODE_SECT_GEOG_DEFA  , CODE_ETAT_PERS_DEFA  , CONVERT(NVARCHAR, DATEADD(SECOND, DELT_HEUR_UTC,DATE_DERN_POIN), 103) +' '+CONVERT(NVARCHAR, DATEADD(SECOND, DELT_HEUR_UTC,DATE_DERN_POIN), 108) AS DATE_DERN_POIN  , CODE_SITE  , DELT_HEUR_UTC  , CONVERT(NVARCHAR, DATEADD(SECOND, DELT_HEUR_UTC,DATE_EXPO_DIMO), 103) +' '+CONVERT(NVARCHAR, DATEADD(SECOND, DELT_HEUR_UTC,DATE_EXPO_DIMO), 108) AS DATE_EXPO_DIMO  , FLAG_HABI_MACH  , FLAG_SUPP FROM PERSONNEL  WHERE ( CODE_SITE = 'MAR')  ORDER BY MATR_SITE ASC  
10:13:11.097 DEBUG - GSqlQueryGeneratorSqlServer --->table =PERSONNEL query =set rowcount 3000  SELECT MATR_SITE  , MATR  , CODE_BADG  , TITR  , FLAG_INTE  , NOM  , PREN  , dbo.OPTIMA_TRADUCTION(ADRE_RUE,'fr') +'@KEYLANG_'+ADRE_RUE AS ADRE_RUE  , ADRE_CODE_POST  , dbo.OPTIMA_TRADUCTION(ADRE_VILL,'fr') +'@KEYLANG_'+ADRE_VILL AS ADRE_VILL  , ADRE_TELE  , ADRE_MAIL  , MOT_PASS  , FLAG_BADG_BLOQ  , NOMB_ACTI_MAXI  , FLAG_SUIV_POIN  , KELI_KEY  , FLAG_GEST_PLAN  , FLAG_KELI_IMPO  , LIEN_IMAG  , CODE_HORA_1  , CODE_SERV  , CODE_EQUI_DEFA  , CODE_ATEL  , CODE_ATEL_DEFA  , CODE_SECT_GEOG  , CODE_SECT_GEOG_DEFA  , CODE_ETAT_PERS_DEFA  , CONVERT(NVARCHAR, DATEADD(SECOND, DELT_HEUR_UTC,DATE_DERN_POIN), 103) +' '+CONVERT(NVARCHAR, DATEADD(SECOND, DELT_HEUR_UTC,DATE_DERN_POIN), 108) AS DATE_DERN_POIN  , CODE_SITE  , DELT_HEUR_UTC  , CONVERT(NVARCHAR, DATEADD(SECOND, DELT_HEUR_UTC,DATE_EXPO_DIMO), 103) +' '+CONVERT(NVARCHAR, DATEADD(SECOND, DELT_HEUR_UTC,DATE_EXPO_DIMO), 108) AS DATE_EXPO_DIMO  , FLAG_HABI_MACH  , FLAG_SUPP FROM PERSONNEL  WHERE ( CODE_SITE = 'MAR')  ORDER BY MATR_SITE ASC  
10:13:18.298 DEBUG - TableDivTransformer createFileName ()--> Nom du fichier export = _Standard_System_Event_List 
10:13:18.298 DEBUG - TableExcelTransformer actionPerformed - Ecriture dans le fichier 'C:\Osys\QuartisTools\Tomcat\webapps\Quartis-Web\.\work\_0.0.0.0.0.0.0.1-administrateur\_Standard_System_Event_List\_Standard_System_Event_List.xls'... 
10:13:18.298 DEBUG - TableExcelTransformer actionPerformed - Ecriture dans le fichier 'C:\Osys\QuartisTools\Tomcat\webapps\Quartis-Web\.\work\_0.0.0.0.0.0.0.1-administrateur\_Standard_System_Event_List\_Standard_System_Event_List.xls'... 
10:13:18.298 DEBUG - TableDivTransformer createFileName ()--> Nom du fichier export = _Standard_System_Event_List 
10:13:18.299 DEBUG - TableExcelTransformer actionPerformed - Ecriture dans le fichier 'C:\Osys\QuartisTools\Tomcat\webapps\Quartis-Web\.\work\_0.0.0.0.0.0.0.1-administrateur\_Standard_System_Event_List\_Standard_System_Event_List.xls'... 
10:13:18.299 DEBUG - TableExcelTransformer actionPerformed - Ecriture dans le fichier 'C:\Osys\QuartisTools\Tomcat\webapps\Quartis-Web\.\work\_0.0.0.0.0.0.0.1-administrateur\_Standard_System_Event_List\_Standard_System_Event_List.xls'... 
10:13:18.305 DEBUG - TableExcelTransformer actionPerformed - Fin de l'écriture dans le fichier. 
10:13:18.305 DEBUG - TableExcelTransformer actionPerformed - Fin de l'écriture dans le fichier. 
10:13:20.100 DEBUG - TableDivTransformer createFileName ()--> Nom du fichier export = _Standard_System_Event_List 
10:13:20.101 DEBUG - TableExcelTransformer actionPerformed - Ecriture dans le fichier 'C:\Osys\QuartisTools\Tomcat\webapps\Quartis-Web\.\work\_0.0.0.0.0.0.0.1-administrateur\_Standard_System_Event_List\_Standard_System_Event_List.xls'... 
10:13:20.101 DEBUG - TableExcelTransformer actionPerformed - Ecriture dans le fichier 'C:\Osys\QuartisTools\Tomcat\webapps\Quartis-Web\.\work\_0.0.0.0.0.0.0.1-administrateur\_Standard_System_Event_List\_Standard_System_Event_List.xls'... 
10:13:20.107 DEBUG - TableExcelTransformer actionPerformed - Fin de l'écriture dans le fichier. 
10:45:54.359  INFO - PropertiesDelegate Destruction du properties manager ! 
