11:45:13.428 DEBUG - FiltreSession doFilter - UCS indique que l'utilisateur n'est pas connecté 
11:45:13.430 DEBUG - FiltreSession Requête pour page non login (http://192.168.1.43:8383/Quartis-Web/moduleChange.ajx?moduleID=OPTIMA_Standard&userID=administrateur) mais pas de user en session. 
11:45:13.462 DEBUG - FiltreSession doFilter - UCS indique que l'utilisateur n'est pas connecté 
11:45:13.519 DEBUG - FiltreSession doFilter - UCS indique que l'utilisateur n'est pas connecté 
11:45:13.519 DEBUG - FiltreSession Requête pour page non login (http://192.168.1.43:8383/Quartis-Web/xxx.cas?action=deconnexion&userID=administrateur) mais pas de user en session. 
11:45:13.542 DEBUG - FiltreSession doFilter - UCS indique que l'utilisateur n'est pas connecté 
11:45:13.555 DEBUG - FiltreSession doFilter - UCS indique que l'utilisateur n'est pas connecté 
12:33:25.698 DEBUG - FiltreSession doFilter - UCS indique que l'utilisateur n'est pas connecté 
12:33:29.717 DEBUG - FiltreSession doFilter - UCS indique que l'utilisateur n'est pas connecté 
12:33:29.717 DEBUG - FiltreSession Requête pour page non login (http://localhost:8383/Quartis-Web/base.sso) mais pas de user en session. 
12:33:29.724 DEBUG - FiltreSession doFilter - UCS indique que l'utilisateur n'est pas connecté 
12:33:34.322 DEBUG - FiltreSession doFilter - UCS indique que l'utilisateur n'est pas connecté 
12:33:34.478 DEBUG - LoginManagedBean user.id = administrateur, connecté par login/mdp Osys 
13:04:59.689 ERROR - AjaxAction  quartisspv.action.ActionException: Erreur : transformation XML du superviseur impossible.
	at quartisspv.action.level1.Level1RefreshAction.processPerformed(Level1RefreshAction.java:74)
	at quartisspv.action.AjaxAction.actionPerformed(AjaxAction.java:33)
	at quartisspv.action.AbstractAction.run(AbstractAction.java:94)
	at quartisspv.servlet.ActionServlet.processRequest(ActionServlet.java:76)
	at quartisspv.servlet.ActionServlet.doPost(ActionServlet.java:117)
	at javax.servlet.http.HttpServlet.service(HttpServlet.java:637)
	at javax.servlet.http.HttpServlet.service(HttpServlet.java:717)
	at org.apache.catalina.core.ApplicationFilterChain.internalDoFilter(ApplicationFilterChain.java:290)
	at org.apache.catalina.core.ApplicationFilterChain.doFilter(ApplicationFilterChain.java:206)
	at net.bull.javamelody.MonitoringFilter.doFilter(MonitoringFilter.java:201)
	at net.bull.javamelody.MonitoringFilter.doFilter(MonitoringFilter.java:178)
	at org.apache.catalina.core.ApplicationFilterChain.internalDoFilter(ApplicationFilterChain.java:235)
	at org.apache.catalina.core.ApplicationFilterChain.doFilter(ApplicationFilterChain.java:206)
	at org.apache.logging.log4j.web.Log4jServletFilter.doFilter(Log4jServletFilter.java:71)
	at org.apache.catalina.core.ApplicationFilterChain.internalDoFilter(ApplicationFilterChain.java:235)
	at org.apache.catalina.core.ApplicationFilterChain.doFilter(ApplicationFilterChain.java:206)
	at quartisweb.servlet.EncodingFilter.doFilter(EncodingFilter.java:26)
	at org.apache.catalina.core.ApplicationFilterChain.internalDoFilter(ApplicationFilterChain.java:235)
	at org.apache.catalina.core.ApplicationFilterChain.doFilter(ApplicationFilterChain.java:206)
	at quartisweb.filter.FiltreSession.doFilter(FiltreSession.java:151)
	at org.apache.catalina.core.ApplicationFilterChain.internalDoFilter(ApplicationFilterChain.java:235)
	at org.apache.catalina.core.ApplicationFilterChain.doFilter(ApplicationFilterChain.java:206)
	at org.apache.catalina.core.StandardWrapperValve.invoke(StandardWrapperValve.java:233)
	at org.apache.catalina.core.StandardContextValve.invoke(StandardContextValve.java:191)
	at org.apache.catalina.core.StandardHostValve.invoke(StandardHostValve.java:127)
	at org.apache.catalina.valves.ErrorReportValve.invoke(ErrorReportValve.java:102)
	at org.apache.catalina.core.StandardEngineValve.invoke(StandardEngineValve.java:109)
	at org.apache.catalina.connector.CoyoteAdapter.service(CoyoteAdapter.java:298)
	at org.apache.coyote.http11.Http11NioProcessor.process(Http11NioProcessor.java:886)
	at org.apache.coyote.http11.Http11NioProtocol$Http11ConnectionHandler.process(Http11NioProtocol.java:721)
	at org.apache.tomcat.util.net.NioEndpoint$SocketProcessor.run(NioEndpoint.java:2256)
	at java.util.concurrent.ThreadPoolExecutor.runWorker(Unknown Source)
	at java.util.concurrent.ThreadPoolExecutor$Worker.run(Unknown Source)
	at java.lang.Thread.run(Unknown Source)
Caused by: javax.xml.transform.TransformerException: org.xml.sax.SAXException
ClientAbortException:  java.io.IOException: Une connexion établie a été abandonnée par un logiciel de votre ordinateur hôte
	at org.apache.xalan.transformer.TransformerIdentityImpl.transform(TransformerIdentityImpl.java:400)
	at quartisspv.action.level1.Level1RefreshAction.processPerformed(Level1RefreshAction.java:69)
	... 33 more
Caused by: org.xml.sax.SAXException
ClientAbortException:  java.io.IOException: Une connexion établie a été abandonnée par un logiciel de votre ordinateur hôte
	at org.apache.xml.serializer.ToStream.endElement(ToStream.java:2253)
	at org.apache.xalan.transformer.TransformerIdentityImpl.endElement(TransformerIdentityImpl.java:1101)
	at org.apache.xml.serializer.TreeWalker.endNode(TreeWalker.java:460)
	at org.apache.xml.serializer.TreeWalker.traverse(TreeWalker.java:151)
	at org.apache.xalan.transformer.TransformerIdentityImpl.transform(TransformerIdentityImpl.java:389)
	... 34 more
Caused by: ClientAbortException:  java.io.IOException: Une connexion établie a été abandonnée par un logiciel de votre ordinateur hôte
	at org.apache.catalina.connector.OutputBuffer.realWriteBytes(OutputBuffer.java:358)
	at org.apache.tomcat.util.buf.ByteChunk.append(ByteChunk.java:323)
	at org.apache.catalina.connector.OutputBuffer.writeBytes(OutputBuffer.java:381)
	at org.apache.catalina.connector.OutputBuffer.write(OutputBuffer.java:370)
	at org.apache.catalina.connector.CoyoteOutputStream.write(CoyoteOutputStream.java:89)
	at net.bull.javamelody.FilterServletOutputStream.write(FilterServletOutputStream.java:88)
	at net.bull.javamelody.CounterResponseStream.write(CounterResponseStream.java:82)
	at sun.nio.cs.StreamEncoder.writeBytes(Unknown Source)
	at sun.nio.cs.StreamEncoder.implWrite(Unknown Source)
	at sun.nio.cs.StreamEncoder.write(Unknown Source)
	at sun.nio.cs.StreamEncoder.write(Unknown Source)
	at java.io.OutputStreamWriter.write(Unknown Source)
	at org.apache.xml.serializer.ToStream.writeAttrString(ToStream.java:2155)
	at org.apache.xml.serializer.ToStream.processAttributes(ToStream.java:2079)
	at org.apache.xml.serializer.ToStream.endElement(ToStream.java:2224)
	... 38 more
Caused by: java.io.IOException: Une connexion établie a été abandonnée par un logiciel de votre ordinateur hôte
	at sun.nio.ch.SocketDispatcher.write0(Native Method)
	at sun.nio.ch.SocketDispatcher.write(Unknown Source)
	at sun.nio.ch.IOUtil.writeFromNativeBuffer(Unknown Source)
	at sun.nio.ch.IOUtil.write(Unknown Source)
	at sun.nio.ch.SocketChannelImpl.write(Unknown Source)
	at org.apache.tomcat.util.net.NioChannel.write(NioChannel.java:116)
	at org.apache.tomcat.util.net.NioBlockingSelector.write(NioBlockingSelector.java:93)
	at org.apache.tomcat.util.net.NioSelectorPool.write(NioSelectorPool.java:156)
	at org.apache.coyote.http11.InternalNioOutputBuffer.writeToSocket(InternalNioOutputBuffer.java:440)
	at org.apache.coyote.http11.InternalNioOutputBuffer.flushBuffer(InternalNioOutputBuffer.java:784)
	at org.apache.coyote.http11.InternalNioOutputBuffer.addToBB(InternalNioOutputBuffer.java:624)
	at org.apache.coyote.http11.InternalNioOutputBuffer.access$000(InternalNioOutputBuffer.java:46)
	at org.apache.coyote.http11.InternalNioOutputBuffer$SocketOutputBuffer.doWrite(InternalNioOutputBuffer.java:809)
	at org.apache.coyote.http11.filters.ChunkedOutputFilter.doWrite(ChunkedOutputFilter.java:126)
	at org.apache.coyote.http11.InternalNioOutputBuffer.doWrite(InternalNioOutputBuffer.java:590)
	at org.apache.coyote.Response.doWrite(Response.java:560)
	at org.apache.catalina.connector.OutputBuffer.realWriteBytes(OutputBuffer.java:353)
	... 52 more

13:04:59.689 ERROR - FiltreSession Erreur relevée par le filtre général : null ClientAbortException:  java.io.IOException: Une connexion établie a été abandonnée par un logiciel de votre ordinateur hôte
	at org.apache.catalina.connector.OutputBuffer.doFlush(OutputBuffer.java:319)
	at org.apache.catalina.connector.OutputBuffer.flush(OutputBuffer.java:288)
	at org.apache.catalina.connector.CoyoteOutputStream.flush(CoyoteOutputStream.java:98)
	at net.bull.javamelody.FilterServletOutputStream.flush(FilterServletOutputStream.java:69)
	at sun.nio.cs.StreamEncoder.implFlush(Unknown Source)
	at sun.nio.cs.StreamEncoder.flush(Unknown Source)
	at java.io.OutputStreamWriter.flush(Unknown Source)
	at quartisspv.action.AjaxAction.actionPerformed(AjaxAction.java:41)
	at quartisspv.action.AbstractAction.run(AbstractAction.java:94)
	at quartisspv.servlet.ActionServlet.processRequest(ActionServlet.java:76)
	at quartisspv.servlet.ActionServlet.doPost(ActionServlet.java:117)
	at javax.servlet.http.HttpServlet.service(HttpServlet.java:637)
	at javax.servlet.http.HttpServlet.service(HttpServlet.java:717)
	at org.apache.catalina.core.ApplicationFilterChain.internalDoFilter(ApplicationFilterChain.java:290)
	at org.apache.catalina.core.ApplicationFilterChain.doFilter(ApplicationFilterChain.java:206)
	at net.bull.javamelody.MonitoringFilter.doFilter(MonitoringFilter.java:201)
	at net.bull.javamelody.MonitoringFilter.doFilter(MonitoringFilter.java:178)
	at org.apache.catalina.core.ApplicationFilterChain.internalDoFilter(ApplicationFilterChain.java:235)
	at org.apache.catalina.core.ApplicationFilterChain.doFilter(ApplicationFilterChain.java:206)
	at org.apache.logging.log4j.web.Log4jServletFilter.doFilter(Log4jServletFilter.java:71)
	at org.apache.catalina.core.ApplicationFilterChain.internalDoFilter(ApplicationFilterChain.java:235)
	at org.apache.catalina.core.ApplicationFilterChain.doFilter(ApplicationFilterChain.java:206)
	at quartisweb.servlet.EncodingFilter.doFilter(EncodingFilter.java:26)
	at org.apache.catalina.core.ApplicationFilterChain.internalDoFilter(ApplicationFilterChain.java:235)
	at org.apache.catalina.core.ApplicationFilterChain.doFilter(ApplicationFilterChain.java:206)
	at quartisweb.filter.FiltreSession.doFilter(FiltreSession.java:151)
	at org.apache.catalina.core.ApplicationFilterChain.internalDoFilter(ApplicationFilterChain.java:235)
	at org.apache.catalina.core.ApplicationFilterChain.doFilter(ApplicationFilterChain.java:206)
	at org.apache.catalina.core.StandardWrapperValve.invoke(StandardWrapperValve.java:233)
	at org.apache.catalina.core.StandardContextValve.invoke(StandardContextValve.java:191)
	at org.apache.catalina.core.StandardHostValve.invoke(StandardHostValve.java:127)
	at org.apache.catalina.valves.ErrorReportValve.invoke(ErrorReportValve.java:102)
	at org.apache.catalina.core.StandardEngineValve.invoke(StandardEngineValve.java:109)
	at org.apache.catalina.connector.CoyoteAdapter.service(CoyoteAdapter.java:298)
	at org.apache.coyote.http11.Http11NioProcessor.process(Http11NioProcessor.java:886)
	at org.apache.coyote.http11.Http11NioProtocol$Http11ConnectionHandler.process(Http11NioProtocol.java:721)
	at org.apache.tomcat.util.net.NioEndpoint$SocketProcessor.run(NioEndpoint.java:2256)
	at java.util.concurrent.ThreadPoolExecutor.runWorker(Unknown Source)
	at java.util.concurrent.ThreadPoolExecutor$Worker.run(Unknown Source)
	at java.lang.Thread.run(Unknown Source)
Caused by: java.io.IOException: Une connexion établie a été abandonnée par un logiciel de votre ordinateur hôte
	at sun.nio.ch.SocketDispatcher.write0(Native Method)
	at sun.nio.ch.SocketDispatcher.write(Unknown Source)
	at sun.nio.ch.IOUtil.writeFromNativeBuffer(Unknown Source)
	at sun.nio.ch.IOUtil.write(Unknown Source)
	at sun.nio.ch.SocketChannelImpl.write(Unknown Source)
	at org.apache.tomcat.util.net.NioChannel.write(NioChannel.java:116)
	at org.apache.tomcat.util.net.NioBlockingSelector.write(NioBlockingSelector.java:93)
	at org.apache.tomcat.util.net.NioSelectorPool.write(NioSelectorPool.java:156)
	at org.apache.coyote.http11.InternalNioOutputBuffer.writeToSocket(InternalNioOutputBuffer.java:440)
	at org.apache.coyote.http11.InternalNioOutputBuffer.flushBuffer(InternalNioOutputBuffer.java:784)
	at org.apache.coyote.http11.InternalNioOutputBuffer.flush(InternalNioOutputBuffer.java:300)
	at org.apache.coyote.http11.Http11NioProcessor.action(Http11NioProcessor.java:1063)
	at org.apache.coyote.Response.action(Response.java:183)
	at org.apache.catalina.connector.OutputBuffer.doFlush(OutputBuffer.java:314)
	... 39 more

13:05:01.046 DEBUG - TableDivTransformer createFileName ()--> Nom du fichier export = _Standard_System_Event_List 
13:05:01.046 DEBUG - TableDivTransformer createFileName ()--> Nom du fichier export = _Standard_System_Event_List 
13:05:01.046 DEBUG - TableExcelTransformer actionPerformed - Ecriture dans le fichier 'C:\Osys\QuartisTools\Tomcat\webapps\Quartis-Web\.\work\_192.168.1.232-administrateur\_Standard_System_Event_List\_Standard_System_Event_List.xls'... 
13:05:01.046 DEBUG - TableExcelTransformer actionPerformed - Ecriture dans le fichier 'C:\Osys\QuartisTools\Tomcat\webapps\Quartis-Web\.\work\_192.168.1.232-administrateur\_Standard_System_Event_List\_Standard_System_Event_List.xls'... 
13:05:01.046 DEBUG - TableExcelTransformer actionPerformed - Ecriture dans le fichier 'C:\Osys\QuartisTools\Tomcat\webapps\Quartis-Web\.\work\_192.168.1.232-administrateur\_Standard_System_Event_List\_Standard_System_Event_List.xls'... 
13:05:01.046 DEBUG - TableExcelTransformer actionPerformed - Ecriture dans le fichier 'C:\Osys\QuartisTools\Tomcat\webapps\Quartis-Web\.\work\_192.168.1.232-administrateur\_Standard_System_Event_List\_Standard_System_Event_List.xls'... 
13:05:01.062 DEBUG - TableExcelTransformer actionPerformed - Fin de l'écriture dans le fichier. 
13:05:01.062 DEBUG - TableExcelTransformer actionPerformed - Fin de l'écriture dans le fichier. 
13:05:09.439 DEBUG - TableDivTransformer createFileName ()--> Nom du fichier export = _Standard_System_Event_List 
13:05:09.439 DEBUG - TableExcelTransformer actionPerformed - Ecriture dans le fichier 'C:\Osys\QuartisTools\Tomcat\webapps\Quartis-Web\.\work\_192.168.1.232-administrateur\_Standard_System_Event_List\_Standard_System_Event_List.xls'... 
13:05:09.439 DEBUG - TableExcelTransformer actionPerformed - Ecriture dans le fichier 'C:\Osys\QuartisTools\Tomcat\webapps\Quartis-Web\.\work\_192.168.1.232-administrateur\_Standard_System_Event_List\_Standard_System_Event_List.xls'... 
13:05:09.439 DEBUG - TableExcelTransformer actionPerformed - Fin de l'écriture dans le fichier. 
13:05:09.766 DEBUG - TableDivTransformer createFileName ()--> Nom du fichier export = _Standard_System_Event_List 
13:05:09.766 DEBUG - TableExcelTransformer actionPerformed - Ecriture dans le fichier 'C:\Osys\QuartisTools\Tomcat\webapps\Quartis-Web\.\work\_192.168.1.232-administrateur\_Standard_System_Event_List\_Standard_System_Event_List.xls'... 
13:05:09.766 DEBUG - TableExcelTransformer actionPerformed - Ecriture dans le fichier 'C:\Osys\QuartisTools\Tomcat\webapps\Quartis-Web\.\work\_192.168.1.232-administrateur\_Standard_System_Event_List\_Standard_System_Event_List.xls'... 
13:05:09.782 DEBUG - TableExcelTransformer actionPerformed - Fin de l'écriture dans le fichier. 
13:05:10.968 DEBUG - TableDivTransformer createFileName ()--> Nom du fichier export = _Standard_System_Event_List 
13:05:10.968 DEBUG - TableExcelTransformer actionPerformed - Ecriture dans le fichier 'C:\Osys\QuartisTools\Tomcat\webapps\Quartis-Web\.\work\_192.168.1.232-administrateur\_Standard_System_Event_List\_Standard_System_Event_List.xls'... 
13:05:10.968 DEBUG - TableExcelTransformer actionPerformed - Ecriture dans le fichier 'C:\Osys\QuartisTools\Tomcat\webapps\Quartis-Web\.\work\_192.168.1.232-administrateur\_Standard_System_Event_List\_Standard_System_Event_List.xls'... 
13:05:10.983 DEBUG - TableExcelTransformer actionPerformed - Fin de l'écriture dans le fichier. 
13:05:11.701 DEBUG - GSqlQueryGeneratorSqlServer --->table =SCENARIO query =set rowcount 3000  SELECT CODE_SCEN  , dbo.OPTIMA_TRADUCTION(DESI_SCEN,'fr') +'@KEYLANG_'+DESI_SCEN AS DESI_SCEN  , dbo.OPTIMA_TRADUCTION(DESC_SCEN,'fr') +'@KEYLANG_'+DESC_SCEN AS DESC_SCEN  , NOM_SCEN  , FLAG_HABI_ACTI  , CODE_DECL  , dbo.OPTIMA_TRADUCTION(DESI_SCEN_COUR,'fr') +'@KEYLANG_'+DESI_SCEN_COUR AS DESI_SCEN_COUR  , COUL_SCEN  , LOGO_SCEN  , FLAG_SUPP FROM SCENARIO  ORDER BY CODE_SCEN ASC  
13:10:29.198 DEBUG - GSqlQueryGeneratorSqlServer --->table =SCENARIO query =set rowcount 3000  SELECT CODE_SCEN  , dbo.OPTIMA_TRADUCTION(DESI_SCEN,'fr') +'@KEYLANG_'+DESI_SCEN AS DESI_SCEN  , dbo.OPTIMA_TRADUCTION(DESC_SCEN,'fr') +'@KEYLANG_'+DESC_SCEN AS DESC_SCEN  , NOM_SCEN  , FLAG_HABI_ACTI  , CODE_DECL  , dbo.OPTIMA_TRADUCTION(DESI_SCEN_COUR,'fr') +'@KEYLANG_'+DESI_SCEN_COUR AS DESI_SCEN_COUR  , COUL_SCEN  , LOGO_SCEN  , FLAG_SUPP FROM SCENARIO  ORDER BY CODE_SCEN ASC  
13:10:58.152 ERROR - FiltreSession Erreur relevée par le filtre général : Impossible d'utiliser faire-suivre (forward) après que la réponse ait été envoyée javax.servlet.ServletException: Impossible d'utiliser faire-suivre (forward) après que la réponse ait été envoyée
	at javax.faces.webapp.FacesServlet.service(FacesServlet.java:256)
	at org.apache.catalina.core.ApplicationFilterChain.internalDoFilter(ApplicationFilterChain.java:290)
	at org.apache.catalina.core.ApplicationFilterChain.doFilter(ApplicationFilterChain.java:206)
	at net.bull.javamelody.MonitoringFilter.doFilter(MonitoringFilter.java:201)
	at net.bull.javamelody.MonitoringFilter.doFilter(MonitoringFilter.java:178)
	at org.apache.catalina.core.ApplicationFilterChain.internalDoFilter(ApplicationFilterChain.java:235)
	at org.apache.catalina.core.ApplicationFilterChain.doFilter(ApplicationFilterChain.java:206)
	at org.apache.logging.log4j.web.Log4jServletFilter.doFilter(Log4jServletFilter.java:71)
	at org.apache.catalina.core.ApplicationFilterChain.internalDoFilter(ApplicationFilterChain.java:235)
	at org.apache.catalina.core.ApplicationFilterChain.doFilter(ApplicationFilterChain.java:206)
	at quartisweb.filter.RepeteurFilter.doFilter(RepeteurFilter.java:104)
	at org.apache.catalina.core.ApplicationFilterChain.internalDoFilter(ApplicationFilterChain.java:235)
	at org.apache.catalina.core.ApplicationFilterChain.doFilter(ApplicationFilterChain.java:206)
	at quartisweb.servlet.EncodingFilter.doFilter(EncodingFilter.java:26)
	at org.apache.catalina.core.ApplicationFilterChain.internalDoFilter(ApplicationFilterChain.java:235)
	at org.apache.catalina.core.ApplicationFilterChain.doFilter(ApplicationFilterChain.java:206)
	at quartisweb.filter.FiltreSession.doFilter(FiltreSession.java:233)
	at org.apache.catalina.core.ApplicationFilterChain.internalDoFilter(ApplicationFilterChain.java:235)
	at org.apache.catalina.core.ApplicationFilterChain.doFilter(ApplicationFilterChain.java:206)
	at org.apache.catalina.core.StandardWrapperValve.invoke(StandardWrapperValve.java:233)
	at org.apache.catalina.core.StandardContextValve.invoke(StandardContextValve.java:191)
	at org.apache.catalina.core.StandardHostValve.invoke(StandardHostValve.java:127)
	at org.apache.catalina.valves.ErrorReportValve.invoke(ErrorReportValve.java:102)
	at org.apache.catalina.core.StandardEngineValve.invoke(StandardEngineValve.java:109)
	at org.apache.catalina.connector.CoyoteAdapter.service(CoyoteAdapter.java:298)
	at org.apache.coyote.http11.Http11NioProcessor.process(Http11NioProcessor.java:886)
	at org.apache.coyote.http11.Http11NioProtocol$Http11ConnectionHandler.process(Http11NioProtocol.java:721)
	at org.apache.tomcat.util.net.NioEndpoint$SocketProcessor.run(NioEndpoint.java:2256)
	at java.util.concurrent.ThreadPoolExecutor.runWorker(Unknown Source)
	at java.util.concurrent.ThreadPoolExecutor$Worker.run(Unknown Source)
	at java.lang.Thread.run(Unknown Source)
Caused by: java.lang.IllegalStateException: Impossible d'utiliser faire-suivre (forward) après que la réponse ait été envoyée
	at org.apache.catalina.core.ApplicationDispatcher.doForward(ApplicationDispatcher.java:312)
	at org.apache.catalina.core.ApplicationDispatcher.forward(ApplicationDispatcher.java:302)
	at sun.reflect.GeneratedMethodAccessor776.invoke(Unknown Source)
	at sun.reflect.DelegatingMethodAccessorImpl.invoke(Unknown Source)
	at java.lang.reflect.Method.invoke(Unknown Source)
	at net.bull.javamelody.JspWrapper.invoke(JspWrapper.java:150)
	at net.bull.javamelody.JdbcWrapper$DelegatingInvocationHandler.invoke(JdbcWrapper.java:286)
	at com.sun.proxy.$Proxy109.forward(Unknown Source)
	at com.sun.faces.context.ExternalContextImpl.dispatch(ExternalContextImpl.java:408)
	at com.sun.faces.application.ViewHandlerImpl.executePageToBuildView(ViewHandlerImpl.java:442)
	at com.sun.faces.application.ViewHandlerImpl.renderView(ViewHandlerImpl.java:115)
	at com.sun.faces.lifecycle.RenderResponsePhase.execute(RenderResponsePhase.java:106)
	at com.sun.faces.lifecycle.LifecycleImpl.phase(LifecycleImpl.java:251)
	at com.sun.faces.lifecycle.LifecycleImpl.render(LifecycleImpl.java:144)
	at javax.faces.webapp.FacesServlet.service(FacesServlet.java:245)
	... 30 more

13:11:09.010 DEBUG - GSqlQueryGeneratorSqlServer --->table =SCENARIO query =set rowcount 3000  SELECT CODE_SCEN  , dbo.OPTIMA_TRADUCTION(DESI_SCEN,'fr') +'@KEYLANG_'+DESI_SCEN AS DESI_SCEN  , dbo.OPTIMA_TRADUCTION(DESC_SCEN,'fr') +'@KEYLANG_'+DESC_SCEN AS DESC_SCEN  , NOM_SCEN  , FLAG_HABI_ACTI  , CODE_DECL  , dbo.OPTIMA_TRADUCTION(DESI_SCEN_COUR,'fr') +'@KEYLANG_'+DESI_SCEN_COUR AS DESI_SCEN_COUR  , COUL_SCEN  , LOGO_SCEN  , FLAG_SUPP FROM SCENARIO  ORDER BY CODE_SCEN ASC  
13:11:19.041 ERROR - FiltreSession Erreur relevée par le filtre général : Impossible d'utiliser faire-suivre (forward) après que la réponse ait été envoyée javax.servlet.ServletException: Impossible d'utiliser faire-suivre (forward) après que la réponse ait été envoyée
	at javax.faces.webapp.FacesServlet.service(FacesServlet.java:256)
	at org.apache.catalina.core.ApplicationFilterChain.internalDoFilter(ApplicationFilterChain.java:290)
	at org.apache.catalina.core.ApplicationFilterChain.doFilter(ApplicationFilterChain.java:206)
	at net.bull.javamelody.MonitoringFilter.doFilter(MonitoringFilter.java:201)
	at net.bull.javamelody.MonitoringFilter.doFilter(MonitoringFilter.java:178)
	at org.apache.catalina.core.ApplicationFilterChain.internalDoFilter(ApplicationFilterChain.java:235)
	at org.apache.catalina.core.ApplicationFilterChain.doFilter(ApplicationFilterChain.java:206)
	at org.apache.logging.log4j.web.Log4jServletFilter.doFilter(Log4jServletFilter.java:71)
	at org.apache.catalina.core.ApplicationFilterChain.internalDoFilter(ApplicationFilterChain.java:235)
	at org.apache.catalina.core.ApplicationFilterChain.doFilter(ApplicationFilterChain.java:206)
	at quartisweb.filter.RepeteurFilter.doFilter(RepeteurFilter.java:104)
	at org.apache.catalina.core.ApplicationFilterChain.internalDoFilter(ApplicationFilterChain.java:235)
	at org.apache.catalina.core.ApplicationFilterChain.doFilter(ApplicationFilterChain.java:206)
	at quartisweb.servlet.EncodingFilter.doFilter(EncodingFilter.java:26)
	at org.apache.catalina.core.ApplicationFilterChain.internalDoFilter(ApplicationFilterChain.java:235)
	at org.apache.catalina.core.ApplicationFilterChain.doFilter(ApplicationFilterChain.java:206)
	at quartisweb.filter.FiltreSession.doFilter(FiltreSession.java:233)
	at org.apache.catalina.core.ApplicationFilterChain.internalDoFilter(ApplicationFilterChain.java:235)
	at org.apache.catalina.core.ApplicationFilterChain.doFilter(ApplicationFilterChain.java:206)
	at org.apache.catalina.core.StandardWrapperValve.invoke(StandardWrapperValve.java:233)
	at org.apache.catalina.core.StandardContextValve.invoke(StandardContextValve.java:191)
	at org.apache.catalina.core.StandardHostValve.invoke(StandardHostValve.java:127)
	at org.apache.catalina.valves.ErrorReportValve.invoke(ErrorReportValve.java:102)
	at org.apache.catalina.core.StandardEngineValve.invoke(StandardEngineValve.java:109)
	at org.apache.catalina.connector.CoyoteAdapter.service(CoyoteAdapter.java:298)
	at org.apache.coyote.http11.Http11NioProcessor.process(Http11NioProcessor.java:886)
	at org.apache.coyote.http11.Http11NioProtocol$Http11ConnectionHandler.process(Http11NioProtocol.java:721)
	at org.apache.tomcat.util.net.NioEndpoint$SocketProcessor.run(NioEndpoint.java:2256)
	at java.util.concurrent.ThreadPoolExecutor.runWorker(Unknown Source)
	at java.util.concurrent.ThreadPoolExecutor$Worker.run(Unknown Source)
	at java.lang.Thread.run(Unknown Source)
Caused by: java.lang.IllegalStateException: Impossible d'utiliser faire-suivre (forward) après que la réponse ait été envoyée
	at org.apache.catalina.core.ApplicationDispatcher.doForward(ApplicationDispatcher.java:312)
	at org.apache.catalina.core.ApplicationDispatcher.forward(ApplicationDispatcher.java:302)
	at sun.reflect.GeneratedMethodAccessor776.invoke(Unknown Source)
	at sun.reflect.DelegatingMethodAccessorImpl.invoke(Unknown Source)
	at java.lang.reflect.Method.invoke(Unknown Source)
	at net.bull.javamelody.JspWrapper.invoke(JspWrapper.java:150)
	at net.bull.javamelody.JdbcWrapper$DelegatingInvocationHandler.invoke(JdbcWrapper.java:286)
	at com.sun.proxy.$Proxy109.forward(Unknown Source)
	at com.sun.faces.context.ExternalContextImpl.dispatch(ExternalContextImpl.java:408)
	at com.sun.faces.application.ViewHandlerImpl.executePageToBuildView(ViewHandlerImpl.java:442)
	at com.sun.faces.application.ViewHandlerImpl.renderView(ViewHandlerImpl.java:115)
	at com.sun.faces.lifecycle.RenderResponsePhase.execute(RenderResponsePhase.java:106)
	at com.sun.faces.lifecycle.LifecycleImpl.phase(LifecycleImpl.java:251)
	at com.sun.faces.lifecycle.LifecycleImpl.render(LifecycleImpl.java:144)
	at javax.faces.webapp.FacesServlet.service(FacesServlet.java:245)
	... 30 more

13:14:56.493 DEBUG - GSqlQueryGeneratorSqlServer --->table =SCENARIO query =set rowcount 3000  SELECT CODE_SCEN  , dbo.OPTIMA_TRADUCTION(DESI_SCEN,'fr') +'@KEYLANG_'+DESI_SCEN AS DESI_SCEN  , dbo.OPTIMA_TRADUCTION(DESC_SCEN,'fr') +'@KEYLANG_'+DESC_SCEN AS DESC_SCEN  , NOM_SCEN  , FLAG_HABI_ACTI  , CODE_DECL  , dbo.OPTIMA_TRADUCTION(DESI_SCEN_COUR,'fr') +'@KEYLANG_'+DESI_SCEN_COUR AS DESI_SCEN_COUR  , COUL_SCEN  , LOGO_SCEN  , FLAG_SUPP FROM SCENARIO  ORDER BY CODE_SCEN ASC  
13:15:22.233 DEBUG - GSqlQueryGeneratorSqlServer --->table =SCENARIO query =set rowcount 3000  SELECT CODE_SCEN  , dbo.OPTIMA_TRADUCTION(DESI_SCEN,'fr') +'@KEYLANG_'+DESI_SCEN AS DESI_SCEN  , dbo.OPTIMA_TRADUCTION(DESC_SCEN,'fr') +'@KEYLANG_'+DESC_SCEN AS DESC_SCEN  , NOM_SCEN  , FLAG_HABI_ACTI  , CODE_DECL  , dbo.OPTIMA_TRADUCTION(DESI_SCEN_COUR,'fr') +'@KEYLANG_'+DESI_SCEN_COUR AS DESI_SCEN_COUR  , COUL_SCEN  , LOGO_SCEN  , FLAG_SUPP FROM SCENARIO  WHERE ( CODE_SCEN LIKE  'TCL_Arrivage'  )  ORDER BY CODE_SCEN ASC  
13:15:22.389 DEBUG - GSqlQueryGeneratorSqlServer --->table =SCENARIO query =set rowcount 3000  SELECT CODE_SCEN  , dbo.OPTIMA_TRADUCTION(DESI_SCEN,'fr') +'@KEYLANG_'+DESI_SCEN AS DESI_SCEN  , dbo.OPTIMA_TRADUCTION(DESC_SCEN,'fr') +'@KEYLANG_'+DESC_SCEN AS DESC_SCEN  , NOM_SCEN  , FLAG_HABI_ACTI  , CODE_DECL  , dbo.OPTIMA_TRADUCTION(DESI_SCEN_COUR,'fr') +'@KEYLANG_'+DESI_SCEN_COUR AS DESI_SCEN_COUR  , COUL_SCEN  , LOGO_SCEN  , FLAG_SUPP FROM SCENARIO  WHERE ( CODE_SCEN LIKE  'TCL_Arrivage'  )  ORDER BY CODE_SCEN ASC  
13:16:45.103 DEBUG - GSqlQueryGeneratorSqlServer --->table =SCENARIO query =set rowcount 3000  SELECT CODE_SCEN  , dbo.OPTIMA_TRADUCTION(DESI_SCEN,'fr') +'@KEYLANG_'+DESI_SCEN AS DESI_SCEN  , dbo.OPTIMA_TRADUCTION(DESC_SCEN,'fr') +'@KEYLANG_'+DESC_SCEN AS DESC_SCEN  , NOM_SCEN  , FLAG_HABI_ACTI  , CODE_DECL  , dbo.OPTIMA_TRADUCTION(DESI_SCEN_COUR,'fr') +'@KEYLANG_'+DESI_SCEN_COUR AS DESI_SCEN_COUR  , COUL_SCEN  , LOGO_SCEN  , FLAG_SUPP FROM SCENARIO  ORDER BY CODE_SCEN ASC  
13:21:00.167 DEBUG - GSqlQueryGeneratorSqlServer --->table =SCENARIO query =set rowcount 3000  SELECT CODE_SCEN  , dbo.OPTIMA_TRADUCTION(DESI_SCEN,'fr') +'@KEYLANG_'+DESI_SCEN AS DESI_SCEN  , dbo.OPTIMA_TRADUCTION(DESC_SCEN,'fr') +'@KEYLANG_'+DESC_SCEN AS DESC_SCEN  , NOM_SCEN  , FLAG_HABI_ACTI  , CODE_DECL  , dbo.OPTIMA_TRADUCTION(DESI_SCEN_COUR,'fr') +'@KEYLANG_'+DESI_SCEN_COUR AS DESI_SCEN_COUR  , COUL_SCEN  , LOGO_SCEN  , FLAG_SUPP FROM SCENARIO  ORDER BY CODE_SCEN ASC  
13:21:57.942 DEBUG - ConnexionManagedBean Déconnexion de : administrateur (ADMINISTRATEUR ADMINISTRATEUR) 
13:22:06.728 DEBUG - FiltreSession doFilter - UCS indique que l'utilisateur n'est pas connecté 
13:22:06.728 DEBUG - LoginManagedBean user.id = administrateur, connecté par login/mdp Osys 
13:22:34.373 DEBUG - TableDivTransformer createFileName ()--> Nom du fichier export = _Standard_System_Event_List 
13:22:34.373 DEBUG - TableExcelTransformer actionPerformed - Ecriture dans le fichier 'C:\Osys\QuartisTools\Tomcat\webapps\Quartis-Web\.\work\_0.0.0.0.0.0.0.1-administrateur\_Standard_System_Event_List\_Standard_System_Event_List.xls'... 
13:22:34.373 DEBUG - TableExcelTransformer actionPerformed - Ecriture dans le fichier 'C:\Osys\QuartisTools\Tomcat\webapps\Quartis-Web\.\work\_0.0.0.0.0.0.0.1-administrateur\_Standard_System_Event_List\_Standard_System_Event_List.xls'... 
13:22:34.388 DEBUG - TableExcelTransformer actionPerformed - Fin de l'écriture dans le fichier. 
13:22:34.608 DEBUG - TableDivTransformer createFileName ()--> Nom du fichier export = _Standard_System_Event_List 
13:22:34.608 DEBUG - TableExcelTransformer actionPerformed - Ecriture dans le fichier 'C:\Osys\QuartisTools\Tomcat\webapps\Quartis-Web\.\work\_0.0.0.0.0.0.0.1-administrateur\_Standard_System_Event_List\_Standard_System_Event_List.xls'... 
13:22:34.608 DEBUG - TableExcelTransformer actionPerformed - Ecriture dans le fichier 'C:\Osys\QuartisTools\Tomcat\webapps\Quartis-Web\.\work\_0.0.0.0.0.0.0.1-administrateur\_Standard_System_Event_List\_Standard_System_Event_List.xls'... 
13:22:34.620 DEBUG - TableExcelTransformer actionPerformed - Fin de l'écriture dans le fichier. 
13:22:44.377 DEBUG - TableDivTransformer createFileName ()--> Nom du fichier export = _Standard_System_Event_List 
13:22:44.377 DEBUG - TableExcelTransformer actionPerformed - Ecriture dans le fichier 'C:\Osys\QuartisTools\Tomcat\webapps\Quartis-Web\.\work\_0.0.0.0.0.0.0.1-administrateur\_Standard_System_Event_List\_Standard_System_Event_List.xls'... 
13:22:44.377 DEBUG - TableExcelTransformer actionPerformed - Ecriture dans le fichier 'C:\Osys\QuartisTools\Tomcat\webapps\Quartis-Web\.\work\_0.0.0.0.0.0.0.1-administrateur\_Standard_System_Event_List\_Standard_System_Event_List.xls'... 
13:22:44.387 DEBUG - TableExcelTransformer actionPerformed - Fin de l'écriture dans le fichier. 
13:22:44.971 DEBUG - TableDivTransformer createFileName ()--> Nom du fichier export = _Standard_System_Event_List 
13:22:44.971 DEBUG - TableExcelTransformer actionPerformed - Ecriture dans le fichier 'C:\Osys\QuartisTools\Tomcat\webapps\Quartis-Web\.\work\_0.0.0.0.0.0.0.1-administrateur\_Standard_System_Event_List\_Standard_System_Event_List.xls'... 
13:22:44.971 DEBUG - TableExcelTransformer actionPerformed - Ecriture dans le fichier 'C:\Osys\QuartisTools\Tomcat\webapps\Quartis-Web\.\work\_0.0.0.0.0.0.0.1-administrateur\_Standard_System_Event_List\_Standard_System_Event_List.xls'... 
13:22:44.981 DEBUG - TableExcelTransformer actionPerformed - Fin de l'écriture dans le fichier. 
16:04:16.782 DEBUG - LoginManagedBean user.id = administrateur, connecté par login/mdp Osys 
16:04:27.001 DEBUG - TableDivTransformer createFileName ()--> Nom du fichier export = _Standard_System_Event_List 
16:04:27.001 DEBUG - TableExcelTransformer actionPerformed - Ecriture dans le fichier 'C:\Osys\QuartisTools\Tomcat\webapps\Quartis-Web\.\work\_192.168.1.232-administrateur\_Standard_System_Event_List\_Standard_System_Event_List.xls'... 
16:04:27.001 DEBUG - TableExcelTransformer actionPerformed - Ecriture dans le fichier 'C:\Osys\QuartisTools\Tomcat\webapps\Quartis-Web\.\work\_192.168.1.232-administrateur\_Standard_System_Event_List\_Standard_System_Event_List.xls'... 
16:04:27.017 DEBUG - TableExcelTransformer actionPerformed - Fin de l'écriture dans le fichier. 
16:04:27.017 DEBUG - TableDivTransformer createFileName ()--> Nom du fichier export = _Standard_System_Event_List 
16:04:27.017 DEBUG - TableExcelTransformer actionPerformed - Ecriture dans le fichier 'C:\Osys\QuartisTools\Tomcat\webapps\Quartis-Web\.\work\_192.168.1.232-administrateur\_Standard_System_Event_List\_Standard_System_Event_List.xls'... 
16:04:27.017 DEBUG - TableExcelTransformer actionPerformed - Ecriture dans le fichier 'C:\Osys\QuartisTools\Tomcat\webapps\Quartis-Web\.\work\_192.168.1.232-administrateur\_Standard_System_Event_List\_Standard_System_Event_List.xls'... 
16:04:27.033 DEBUG - TableExcelTransformer actionPerformed - Fin de l'écriture dans le fichier. 
16:04:36.970 DEBUG - TableDivTransformer createFileName ()--> Nom du fichier export = _Standard_System_Event_List 
16:04:36.970 DEBUG - TableExcelTransformer actionPerformed - Ecriture dans le fichier 'C:\Osys\QuartisTools\Tomcat\webapps\Quartis-Web\.\work\_192.168.1.232-administrateur\_Standard_System_Event_List\_Standard_System_Event_List.xls'... 
16:04:36.970 DEBUG - TableExcelTransformer actionPerformed - Ecriture dans le fichier 'C:\Osys\QuartisTools\Tomcat\webapps\Quartis-Web\.\work\_192.168.1.232-administrateur\_Standard_System_Event_List\_Standard_System_Event_List.xls'... 
16:04:36.970 DEBUG - TableExcelTransformer actionPerformed - Fin de l'écriture dans le fichier. 
16:04:37.984 DEBUG - TableDivTransformer createFileName ()--> Nom du fichier export = _Standard_System_Event_List 
16:04:37.984 DEBUG - TableExcelTransformer actionPerformed - Ecriture dans le fichier 'C:\Osys\QuartisTools\Tomcat\webapps\Quartis-Web\.\work\_192.168.1.232-administrateur\_Standard_System_Event_List\_Standard_System_Event_List.xls'... 
16:04:37.984 DEBUG - TableExcelTransformer actionPerformed - Ecriture dans le fichier 'C:\Osys\QuartisTools\Tomcat\webapps\Quartis-Web\.\work\_192.168.1.232-administrateur\_Standard_System_Event_List\_Standard_System_Event_List.xls'... 
16:04:37.999 DEBUG - TableExcelTransformer actionPerformed - Fin de l'écriture dans le fichier. 
16:04:38.218 DEBUG - TableDivTransformer createFileName ()--> Nom du fichier export = _Standard_System_Event_List 
16:04:38.218 DEBUG - TableExcelTransformer actionPerformed - Ecriture dans le fichier 'C:\Osys\QuartisTools\Tomcat\webapps\Quartis-Web\.\work\_192.168.1.232-administrateur\_Standard_System_Event_List\_Standard_System_Event_List.xls'... 
16:04:38.218 DEBUG - TableExcelTransformer actionPerformed - Ecriture dans le fichier 'C:\Osys\QuartisTools\Tomcat\webapps\Quartis-Web\.\work\_192.168.1.232-administrateur\_Standard_System_Event_List\_Standard_System_Event_List.xls'... 
16:04:38.233 DEBUG - TableExcelTransformer actionPerformed - Fin de l'écriture dans le fichier. 
16:12:15.537 DEBUG - GSqlQueryGeneratorSqlServer --->table =SCENARIO query =set rowcount 3000  SELECT CODE_SCEN  , dbo.OPTIMA_TRADUCTION(DESI_SCEN,'fr') +'@KEYLANG_'+DESI_SCEN AS DESI_SCEN  , dbo.OPTIMA_TRADUCTION(DESC_SCEN,'fr') +'@KEYLANG_'+DESC_SCEN AS DESC_SCEN  , NOM_SCEN  , FLAG_HABI_ACTI  , CODE_DECL  , dbo.OPTIMA_TRADUCTION(DESI_SCEN_COUR,'fr') +'@KEYLANG_'+DESI_SCEN_COUR AS DESI_SCEN_COUR  , COUL_SCEN  , LOGO_SCEN  , FLAG_SUPP FROM SCENARIO  ORDER BY CODE_SCEN ASC  
16:12:36.114 DEBUG - GSqlQueryGeneratorSqlServer --->table =SCENARIO query =set rowcount 3000  SELECT CODE_SCEN  , dbo.OPTIMA_TRADUCTION(DESI_SCEN,'fr') +'@KEYLANG_'+DESI_SCEN AS DESI_SCEN  , dbo.OPTIMA_TRADUCTION(DESC_SCEN,'fr') +'@KEYLANG_'+DESC_SCEN AS DESC_SCEN  , NOM_SCEN  , FLAG_HABI_ACTI  , CODE_DECL  , dbo.OPTIMA_TRADUCTION(DESI_SCEN_COUR,'fr') +'@KEYLANG_'+DESI_SCEN_COUR AS DESI_SCEN_COUR  , COUL_SCEN  , LOGO_SCEN  , FLAG_SUPP FROM SCENARIO  ORDER BY CODE_SCEN ASC  
16:13:05.536 DEBUG - GSqlQueryGeneratorSqlServer --->table =SCENARIO query =set rowcount 3000  SELECT CODE_SCEN  , dbo.OPTIMA_TRADUCTION(DESI_SCEN,'fr') +'@KEYLANG_'+DESI_SCEN AS DESI_SCEN  , dbo.OPTIMA_TRADUCTION(DESC_SCEN,'fr') +'@KEYLANG_'+DESC_SCEN AS DESC_SCEN  , NOM_SCEN  , FLAG_HABI_ACTI  , CODE_DECL  , dbo.OPTIMA_TRADUCTION(DESI_SCEN_COUR,'fr') +'@KEYLANG_'+DESI_SCEN_COUR AS DESI_SCEN_COUR  , COUL_SCEN  , LOGO_SCEN  , FLAG_SUPP FROM SCENARIO  ORDER BY CODE_SCEN ASC  
16:13:55.756 DEBUG - DisconnectDispatcher Déconnexion demandée pour : administrateur, session ID : #347BBDAE37E948A24C202EBEA36FB267 
16:13:56.348 DEBUG - FiltreSession doFilter - UCS indique que l'utilisateur n'est pas connecté 
16:13:56.348 DEBUG - FiltreSession Requête pour page non login (http://192.168.1.43:8383/Quartis-Web/remoteLog.ajx) mais pas de user en session. 
16:13:56.364 DEBUG - FiltreSession doFilter - UCS indique que l'utilisateur n'est pas connecté 
16:13:57.830 DEBUG - FiltreSession doFilter - UCS indique que l'utilisateur n'est pas connecté 
16:13:57.830 DEBUG - FiltreSession Requête pour page non login (http://192.168.1.43:8383/Quartis-Web/remoteLog.ajx) mais pas de user en session. 
16:13:57.830 DEBUG - FiltreSession doFilter - UCS indique que l'utilisateur n'est pas connecté 
16:14:01.013 DEBUG - FiltreSession doFilter - UCS indique que l'utilisateur n'est pas connecté 
16:14:01.013 DEBUG - FiltreSession Requête pour page non login (http://192.168.1.43:8383/Quartis-Web/moduleChange.ajx?moduleID=OPTIMA_Standard&userID=administrateur) mais pas de user en session. 
16:14:01.028 DEBUG - FiltreSession doFilter - UCS indique que l'utilisateur n'est pas connecté 
16:14:01.231 DEBUG - FiltreSession doFilter - UCS indique que l'utilisateur n'est pas connecté 
16:14:01.231 DEBUG - FiltreSession doFilter - UCS indique que l'utilisateur n'est pas connecté 
16:14:01.231 DEBUG - FiltreSession Requête pour page non login (http://192.168.1.43:8383/Quartis-Web/xxx.cas?action=deconnexion&userID=administrateur) mais pas de user en session. 
16:14:01.247 DEBUG - FiltreSession doFilter - UCS indique que l'utilisateur n'est pas connecté 
16:14:03.774 DEBUG - FiltreSession doFilter - UCS indique que l'utilisateur n'est pas connecté 
16:14:03.774 DEBUG - LoginManagedBean user.id = administrateur, connecté par login/mdp Osys 
16:14:33.026 DEBUG - TableDivTransformer createFileName ()--> Nom du fichier export = _Standard_System_Event_List 
16:14:33.026 DEBUG - TableExcelTransformer actionPerformed - Ecriture dans le fichier 'C:\Osys\QuartisTools\Tomcat\webapps\Quartis-Web\.\work\_192.168.1.232-administrateur\_Standard_System_Event_List\_Standard_System_Event_List.xls'... 
16:14:33.026 DEBUG - TableExcelTransformer actionPerformed - Ecriture dans le fichier 'C:\Osys\QuartisTools\Tomcat\webapps\Quartis-Web\.\work\_192.168.1.232-administrateur\_Standard_System_Event_List\_Standard_System_Event_List.xls'... 
16:14:33.026 DEBUG - TableExcelTransformer actionPerformed - Fin de l'écriture dans le fichier. 
16:14:33.151 DEBUG - TableDivTransformer createFileName ()--> Nom du fichier export = _Standard_System_Event_List 
16:14:33.151 DEBUG - TableExcelTransformer actionPerformed - Ecriture dans le fichier 'C:\Osys\QuartisTools\Tomcat\webapps\Quartis-Web\.\work\_192.168.1.232-administrateur\_Standard_System_Event_List\_Standard_System_Event_List.xls'... 
16:14:33.151 DEBUG - TableExcelTransformer actionPerformed - Ecriture dans le fichier 'C:\Osys\QuartisTools\Tomcat\webapps\Quartis-Web\.\work\_192.168.1.232-administrateur\_Standard_System_Event_List\_Standard_System_Event_List.xls'... 
16:14:33.151 DEBUG - TableExcelTransformer actionPerformed - Fin de l'écriture dans le fichier. 
16:14:42.324 DEBUG - DisconnectDispatcher Déconnexion demandée pour : administrateur, session ID : #347BBDAE37E948A24C202EBEA36FB267 
16:17:10.518 DEBUG - FiltreSession doFilter - UCS indique que l'utilisateur n'est pas connecté 
16:17:10.518 DEBUG - FiltreSession Requête pour page non login (http://localhost:8383/Quartis-Web/remoteLog.ajx) mais pas de user en session. 
16:17:10.521 DEBUG - FiltreSession doFilter - UCS indique que l'utilisateur n'est pas connecté 
16:17:10.913 DEBUG - FiltreSession doFilter - UCS indique que l'utilisateur n'est pas connecté 
16:17:10.913 DEBUG - FiltreSession Requête pour page non login (http://localhost:8383/Quartis-Web/remoteLog.ajx) mais pas de user en session. 
16:17:10.915 DEBUG - FiltreSession doFilter - UCS indique que l'utilisateur n'est pas connecté 
16:20:32.345 DEBUG - FiltreSession doFilter - UCS indique que l'utilisateur n'est pas connecté 
16:20:32.345 DEBUG - FiltreSession Requête pour page non login (http://localhost:8383/Quartis-Web/xxx.cas?moduleID=OPTIMA_Standard&menu=true&locale=fr_FR&type=formulaire&userID=administrateur&_i18n=fr&_deltaUTC=3600&_codeSite=MAR&pageID=OPTIMA_Scenario&action=url&_matr=administrateur&CodeSite=MAR&i18n=fr&_login=administrateur&webContainerWidth=1142&webContainerHeight=531) mais pas de user en session. 
16:20:32.347 DEBUG - FiltreSession doFilter - UCS indique que l'utilisateur n'est pas connecté 
16:20:32.409 DEBUG - FiltreSession doFilter - UCS indique que l'utilisateur n'est pas connecté 
16:20:32.409 DEBUG - FiltreSession Requête pour page non login (http://localhost:8383/Quartis-Web/remoteLog.ajx) mais pas de user en session. 
16:20:32.410 DEBUG - FiltreSession doFilter - UCS indique que l'utilisateur n'est pas connecté 
16:20:32.410 DEBUG - FiltreSession Requête pour page non login (http://localhost:8383/Quartis-Web/xxx.cas?action=deconnexion&userID=administrateur) mais pas de user en session. 
16:20:32.411 DEBUG - FiltreSession doFilter - UCS indique que l'utilisateur n'est pas connecté 
16:20:32.421 DEBUG - FiltreSession doFilter - UCS indique que l'utilisateur n'est pas connecté 
16:20:32.964 DEBUG - FiltreSession doFilter - UCS indique que l'utilisateur n'est pas connecté 
16:20:36.862 DEBUG - FiltreSession doFilter - UCS indique que l'utilisateur n'est pas connecté 
16:20:36.866 DEBUG - LoginManagedBean user.id = administrateur, connecté par login/mdp Osys 
16:20:40.574 DEBUG - TableDivTransformer createFileName ()--> Nom du fichier export = _Standard_System_Event_List 
16:20:40.575 DEBUG - TableExcelTransformer actionPerformed - Ecriture dans le fichier 'C:\Osys\QuartisTools\Tomcat\webapps\Quartis-Web\.\work\_0.0.0.0.0.0.0.1-administrateur\_Standard_System_Event_List\_Standard_System_Event_List.xls'... 
16:20:40.575 DEBUG - TableExcelTransformer actionPerformed - Ecriture dans le fichier 'C:\Osys\QuartisTools\Tomcat\webapps\Quartis-Web\.\work\_0.0.0.0.0.0.0.1-administrateur\_Standard_System_Event_List\_Standard_System_Event_List.xls'... 
16:20:40.585 DEBUG - TableExcelTransformer actionPerformed - Fin de l'écriture dans le fichier. 
16:20:40.591 DEBUG - TableDivTransformer createFileName ()--> Nom du fichier export = _Standard_System_Event_List 
16:20:40.591 DEBUG - TableExcelTransformer actionPerformed - Ecriture dans le fichier 'C:\Osys\QuartisTools\Tomcat\webapps\Quartis-Web\.\work\_0.0.0.0.0.0.0.1-administrateur\_Standard_System_Event_List\_Standard_System_Event_List.xls'... 
16:20:40.591 DEBUG - TableExcelTransformer actionPerformed - Ecriture dans le fichier 'C:\Osys\QuartisTools\Tomcat\webapps\Quartis-Web\.\work\_0.0.0.0.0.0.0.1-administrateur\_Standard_System_Event_List\_Standard_System_Event_List.xls'... 
16:20:40.601 DEBUG - TableExcelTransformer actionPerformed - Fin de l'écriture dans le fichier. 
17:07:46.512 DEBUG - FiltreSession doFilter - UCS indique que l'utilisateur n'est pas connecté 
17:07:46.545 DEBUG - FiltreSession Requête pour page non login (http://localhost:8383/Quartis-Web/remoteLog.ajx) mais pas de user en session. 
17:07:46.547 DEBUG - FiltreSession doFilter - UCS indique que l'utilisateur n'est pas connecté 
17:07:47.764 DEBUG - FiltreSession doFilter - UCS indique que l'utilisateur n'est pas connecté 
17:07:47.764 DEBUG - FiltreSession Requête pour page non login (http://localhost:8383/Quartis-Web/remoteLog.ajx) mais pas de user en session. 
17:07:47.766 DEBUG - FiltreSession doFilter - UCS indique que l'utilisateur n'est pas connecté 
17:09:14.288 DEBUG - FiltreSession doFilter - UCS indique que l'utilisateur n'est pas connecté 
17:09:14.288 DEBUG - FiltreSession Requête pour page non login (http://localhost:8383/Quartis-Web/remoteLog.ajx) mais pas de user en session. 
17:09:14.290 DEBUG - FiltreSession doFilter - UCS indique que l'utilisateur n'est pas connecté 
17:09:14.559 DEBUG - FiltreSession doFilter - UCS indique que l'utilisateur n'est pas connecté 
17:09:14.559 DEBUG - FiltreSession Requête pour page non login (http://localhost:8383/Quartis-Web/remoteLog.ajx) mais pas de user en session. 
17:09:14.561 DEBUG - FiltreSession doFilter - UCS indique que l'utilisateur n'est pas connecté 
17:09:14.989 DEBUG - FiltreSession doFilter - UCS indique que l'utilisateur n'est pas connecté 
17:09:14.989 DEBUG - FiltreSession Requête pour page non login (http://localhost:8383/Quartis-Web/remoteLog.ajx) mais pas de user en session. 
17:09:14.999 DEBUG - FiltreSession doFilter - UCS indique que l'utilisateur n'est pas connecté 
17:14:59.157 DEBUG - FiltreSession doFilter - UCS indique que l'utilisateur n'est pas connecté 
17:14:59.157 DEBUG - FiltreSession Requête pour page non login (http://localhost:8383/Quartis-Web/base.sso) mais pas de user en session. 
17:14:59.157 DEBUG - FiltreSession doFilter - UCS indique que l'utilisateur n'est pas connecté 
17:15:02.540 DEBUG - FiltreSession doFilter - UCS indique que l'utilisateur n'est pas connecté 
17:15:02.540 DEBUG - LoginManagedBean user.id = administrateur, connecté par login/mdp Osys 
17:15:05.567 DEBUG - TableDivTransformer createFileName ()--> Nom du fichier export = _Standard_System_Event_List 
17:15:05.567 DEBUG - TableExcelTransformer actionPerformed - Ecriture dans le fichier 'C:\Osys\QuartisTools\Tomcat\webapps\Quartis-Web\.\work\_0.0.0.0.0.0.0.1-administrateur\_Standard_System_Event_List\_Standard_System_Event_List.xls'... 
17:15:05.567 DEBUG - TableExcelTransformer actionPerformed - Ecriture dans le fichier 'C:\Osys\QuartisTools\Tomcat\webapps\Quartis-Web\.\work\_0.0.0.0.0.0.0.1-administrateur\_Standard_System_Event_List\_Standard_System_Event_List.xls'... 
17:15:05.577 DEBUG - TableDivTransformer createFileName ()--> Nom du fichier export = _Standard_System_Event_List 
17:15:05.577 DEBUG - TableExcelTransformer actionPerformed - Ecriture dans le fichier 'C:\Osys\QuartisTools\Tomcat\webapps\Quartis-Web\.\work\_0.0.0.0.0.0.0.1-administrateur\_Standard_System_Event_List\_Standard_System_Event_List.xls'... 
17:15:05.577 DEBUG - TableExcelTransformer actionPerformed - Ecriture dans le fichier 'C:\Osys\QuartisTools\Tomcat\webapps\Quartis-Web\.\work\_0.0.0.0.0.0.0.1-administrateur\_Standard_System_Event_List\_Standard_System_Event_List.xls'... 
17:15:05.578 DEBUG - TableExcelTransformer actionPerformed - Fin de l'écriture dans le fichier. 
17:15:05.588 DEBUG - TableExcelTransformer actionPerformed - Fin de l'écriture dans le fichier. 
17:15:11.919 DEBUG - TableDivTransformer createFileName ()--> Nom du fichier export = _Standard_System_Event_List 
17:15:11.919 DEBUG - TableExcelTransformer actionPerformed - Ecriture dans le fichier 'C:\Osys\QuartisTools\Tomcat\webapps\Quartis-Web\.\work\_0.0.0.0.0.0.0.1-administrateur\_Standard_System_Event_List\_Standard_System_Event_List.xls'... 
17:15:11.919 DEBUG - TableExcelTransformer actionPerformed - Ecriture dans le fichier 'C:\Osys\QuartisTools\Tomcat\webapps\Quartis-Web\.\work\_0.0.0.0.0.0.0.1-administrateur\_Standard_System_Event_List\_Standard_System_Event_List.xls'... 
17:15:11.930 DEBUG - TableExcelTransformer actionPerformed - Fin de l'écriture dans le fichier. 
17:15:12.080 DEBUG - TableDivTransformer createFileName ()--> Nom du fichier export = _Standard_System_Event_List 
17:15:12.080 DEBUG - TableExcelTransformer actionPerformed - Ecriture dans le fichier 'C:\Osys\QuartisTools\Tomcat\webapps\Quartis-Web\.\work\_0.0.0.0.0.0.0.1-administrateur\_Standard_System_Event_List\_Standard_System_Event_List.xls'... 
17:15:12.080 DEBUG - TableExcelTransformer actionPerformed - Ecriture dans le fichier 'C:\Osys\QuartisTools\Tomcat\webapps\Quartis-Web\.\work\_0.0.0.0.0.0.0.1-administrateur\_Standard_System_Event_List\_Standard_System_Event_List.xls'... 
17:15:12.091 DEBUG - TableExcelTransformer actionPerformed - Fin de l'écriture dans le fichier. 
17:15:39.431 DEBUG - GSqlQueryGeneratorSqlServer --->table =SCENARIO query =set rowcount 3000  SELECT CODE_SCEN  , dbo.OPTIMA_TRADUCTION(DESI_SCEN,'fr') +'@KEYLANG_'+DESI_SCEN AS DESI_SCEN  , dbo.OPTIMA_TRADUCTION(DESC_SCEN,'fr') +'@KEYLANG_'+DESC_SCEN AS DESC_SCEN  , NOM_SCEN  , FLAG_HABI_ACTI  , CODE_DECL  , dbo.OPTIMA_TRADUCTION(DESI_SCEN_COUR,'fr') +'@KEYLANG_'+DESI_SCEN_COUR AS DESI_SCEN_COUR  , COUL_SCEN  , LOGO_SCEN  , FLAG_SUPP FROM SCENARIO  ORDER BY CODE_SCEN ASC  
17:55:46.621 DEBUG - FiltreSession doFilter - UCS indique que l'utilisateur n'est pas connecté 
17:55:46.621 DEBUG - FiltreSession Requête pour page non login (http://localhost:8383/Quartis-Web/xxx.cas?moduleID=OPTIMA_Standard&menu=true&locale=fr_FR&type=formulaire&userID=administrateur&_i18n=fr&_deltaUTC=3600&_codeSite=MAR&pageID=OPTIMA_Scenario&action=url&_matr=administrateur&CodeSite=MAR&i18n=fr&_login=administrateur&webContainerWidth=1125&webContainerHeight=531) mais pas de user en session. 
17:55:46.623 DEBUG - FiltreSession doFilter - UCS indique que l'utilisateur n'est pas connecté 
17:55:47.392 DEBUG - FiltreSession doFilter - UCS indique que l'utilisateur n'est pas connecté 
17:55:47.392 DEBUG - FiltreSession Requête pour page non login (http://localhost:8383/Quartis-Web/remoteLog.ajx) mais pas de user en session. 
17:55:47.394 DEBUG - FiltreSession doFilter - UCS indique que l'utilisateur n'est pas connecté 
17:55:47.394 DEBUG - FiltreSession Requête pour page non login (http://localhost:8383/Quartis-Web/xxx.cas?action=deconnexion&userID=administrateur) mais pas de user en session. 
17:55:47.394 DEBUG - FiltreSession doFilter - UCS indique que l'utilisateur n'est pas connecté 
17:55:47.400 DEBUG - FiltreSession doFilter - UCS indique que l'utilisateur n'est pas connecté 
17:55:47.582 DEBUG - FiltreSession doFilter - UCS indique que l'utilisateur n'est pas connecté 
17:55:51.748 DEBUG - FiltreSession doFilter - UCS indique que l'utilisateur n'est pas connecté 
17:55:51.753 DEBUG - LoginManagedBean user.id = administrateur, connecté par login/mdp Osys 
17:55:58.203 DEBUG - TableDivTransformer createFileName ()--> Nom du fichier export = _Standard_System_Event_List 
17:55:58.204 DEBUG - TableExcelTransformer actionPerformed - Ecriture dans le fichier 'C:\Osys\QuartisTools\Tomcat\webapps\Quartis-Web\.\work\_0.0.0.0.0.0.0.1-administrateur\_Standard_System_Event_List\_Standard_System_Event_List.xls'... 
17:55:58.204 DEBUG - TableExcelTransformer actionPerformed - Ecriture dans le fichier 'C:\Osys\QuartisTools\Tomcat\webapps\Quartis-Web\.\work\_0.0.0.0.0.0.0.1-administrateur\_Standard_System_Event_List\_Standard_System_Event_List.xls'... 
17:55:58.215 DEBUG - TableExcelTransformer actionPerformed - Fin de l'écriture dans le fichier. 
17:55:58.217 DEBUG - TableDivTransformer createFileName ()--> Nom du fichier export = _Standard_System_Event_List 
17:55:58.218 DEBUG - TableExcelTransformer actionPerformed - Ecriture dans le fichier 'C:\Osys\QuartisTools\Tomcat\webapps\Quartis-Web\.\work\_0.0.0.0.0.0.0.1-administrateur\_Standard_System_Event_List\_Standard_System_Event_List.xls'... 
17:55:58.218 DEBUG - TableExcelTransformer actionPerformed - Ecriture dans le fichier 'C:\Osys\QuartisTools\Tomcat\webapps\Quartis-Web\.\work\_0.0.0.0.0.0.0.1-administrateur\_Standard_System_Event_List\_Standard_System_Event_List.xls'... 
17:55:58.228 DEBUG - TableExcelTransformer actionPerformed - Fin de l'écriture dans le fichier. 
17:56:07.662 DEBUG - GSqlQueryGeneratorSqlServer --->table =SCENARIO query =set rowcount 3000  SELECT CODE_SCEN  , dbo.OPTIMA_TRADUCTION(DESI_SCEN,'fr') +'@KEYLANG_'+DESI_SCEN AS DESI_SCEN  , dbo.OPTIMA_TRADUCTION(DESC_SCEN,'fr') +'@KEYLANG_'+DESC_SCEN AS DESC_SCEN  , NOM_SCEN  , FLAG_HABI_ACTI  , CODE_DECL  , dbo.OPTIMA_TRADUCTION(DESI_SCEN_COUR,'fr') +'@KEYLANG_'+DESI_SCEN_COUR AS DESI_SCEN_COUR  , COUL_SCEN  , LOGO_SCEN  , FLAG_SUPP FROM SCENARIO  ORDER BY CODE_SCEN ASC  
