18:39:55.002 DEBUG - AuthManagedBean autoconnect - Tentative de connexion SSO... 
18:39:55.006 DEBUG - ConnexionManagedBean User renseigné par filtre SSO LDAP : AUTORITE NT\ANONYMOUS LOGON 
18:39:55.006 DEBUG - ConnexionManagedBean ldapActive = false 
18:39:55.007 DEBUG - AuthManagedBean autoconnect - Echec de la connexion par SSO. 
18:40:16.130 DEBUG - LoginManagedBean user.id = administrateur, connecté par login/mdp Osys 
18:45:16.919 DEBUG - TableDivTransformer createFileName ()--> Nom du fichier export = _Standard_System_Event_List 
18:45:16.920 DEBUG - TableExcelTransformer actionPerformed - Ecriture dans le fichier 'C:\Osys\QuartisTools\Tomcat\webapps\Quartis-Web\.\work\_0.0.0.0.0.0.0.1-administrateur\_Standard_System_Event_List\_Standard_System_Event_List.xls'... 
18:45:16.920 DEBUG - TableExcelTransformer actionPerformed - Ecriture dans le fichier 'C:\Osys\QuartisTools\Tomcat\webapps\Quartis-Web\.\work\_0.0.0.0.0.0.0.1-administrateur\_Standard_System_Event_List\_Standard_System_Event_List.xls'... 
18:45:16.922 DEBUG - TableDivTransformer createFileName ()--> Nom du fichier export = _Standard_System_Event_List 
18:45:16.922 DEBUG - TableExcelTransformer actionPerformed - Ecriture dans le fichier 'C:\Osys\QuartisTools\Tomcat\webapps\Quartis-Web\.\work\_0.0.0.0.0.0.0.1-administrateur\_Standard_System_Event_List\_Standard_System_Event_List.xls'... 
18:45:16.922 DEBUG - TableExcelTransformer actionPerformed - Ecriture dans le fichier 'C:\Osys\QuartisTools\Tomcat\webapps\Quartis-Web\.\work\_0.0.0.0.0.0.0.1-administrateur\_Standard_System_Event_List\_Standard_System_Event_List.xls'... 
18:45:16.935 DEBUG - TableExcelTransformer actionPerformed - Fin de l'écriture dans le fichier. 
18:45:16.935 DEBUG - TableExcelTransformer actionPerformed - Fin de l'écriture dans le fichier. 
18:45:26.854 DEBUG - TableDivTransformer createFileName ()--> Nom du fichier export = _Standard_System_Event_List 
18:45:26.854 DEBUG - TableExcelTransformer actionPerformed - Ecriture dans le fichier 'C:\Osys\QuartisTools\Tomcat\webapps\Quartis-Web\.\work\_0.0.0.0.0.0.0.1-administrateur\_Standard_System_Event_List\_Standard_System_Event_List.xls'... 
18:45:26.854 DEBUG - TableExcelTransformer actionPerformed - Ecriture dans le fichier 'C:\Osys\QuartisTools\Tomcat\webapps\Quartis-Web\.\work\_0.0.0.0.0.0.0.1-administrateur\_Standard_System_Event_List\_Standard_System_Event_List.xls'... 
18:45:26.869 DEBUG - TableExcelTransformer actionPerformed - Fin de l'écriture dans le fichier. 
18:45:36.875 DEBUG - TableDivTransformer createFileName ()--> Nom du fichier export = _Standard_System_Event_List 
18:45:36.875 DEBUG - TableExcelTransformer actionPerformed - Ecriture dans le fichier 'C:\Osys\QuartisTools\Tomcat\webapps\Quartis-Web\.\work\_0.0.0.0.0.0.0.1-administrateur\_Standard_System_Event_List\_Standard_System_Event_List.xls'... 
18:45:36.875 DEBUG - TableExcelTransformer actionPerformed - Ecriture dans le fichier 'C:\Osys\QuartisTools\Tomcat\webapps\Quartis-Web\.\work\_0.0.0.0.0.0.0.1-administrateur\_Standard_System_Event_List\_Standard_System_Event_List.xls'... 
18:45:36.875 DEBUG - TableExcelTransformer actionPerformed - Fin de l'écriture dans le fichier. 
18:45:46.887 DEBUG - TableDivTransformer createFileName ()--> Nom du fichier export = _Standard_System_Event_List 
18:45:46.887 DEBUG - TableExcelTransformer actionPerformed - Ecriture dans le fichier 'C:\Osys\QuartisTools\Tomcat\webapps\Quartis-Web\.\work\_0.0.0.0.0.0.0.1-administrateur\_Standard_System_Event_List\_Standard_System_Event_List.xls'... 
18:45:46.887 DEBUG - TableExcelTransformer actionPerformed - Ecriture dans le fichier 'C:\Osys\QuartisTools\Tomcat\webapps\Quartis-Web\.\work\_0.0.0.0.0.0.0.1-administrateur\_Standard_System_Event_List\_Standard_System_Event_List.xls'... 
18:45:46.887 DEBUG - TableExcelTransformer actionPerformed - Fin de l'écriture dans le fichier. 
18:45:56.894 DEBUG - TableDivTransformer createFileName ()--> Nom du fichier export = _Standard_System_Event_List 
18:45:56.894 DEBUG - TableExcelTransformer actionPerformed - Ecriture dans le fichier 'C:\Osys\QuartisTools\Tomcat\webapps\Quartis-Web\.\work\_0.0.0.0.0.0.0.1-administrateur\_Standard_System_Event_List\_Standard_System_Event_List.xls'... 
18:45:56.894 DEBUG - TableExcelTransformer actionPerformed - Ecriture dans le fichier 'C:\Osys\QuartisTools\Tomcat\webapps\Quartis-Web\.\work\_0.0.0.0.0.0.0.1-administrateur\_Standard_System_Event_List\_Standard_System_Event_List.xls'... 
18:45:56.910 DEBUG - TableExcelTransformer actionPerformed - Fin de l'écriture dans le fichier. 
18:46:06.902 DEBUG - TableDivTransformer createFileName ()--> Nom du fichier export = _Standard_System_Event_List 
18:46:06.902 DEBUG - TableExcelTransformer actionPerformed - Ecriture dans le fichier 'C:\Osys\QuartisTools\Tomcat\webapps\Quartis-Web\.\work\_0.0.0.0.0.0.0.1-administrateur\_Standard_System_Event_List\_Standard_System_Event_List.xls'... 
18:46:06.902 DEBUG - TableExcelTransformer actionPerformed - Ecriture dans le fichier 'C:\Osys\QuartisTools\Tomcat\webapps\Quartis-Web\.\work\_0.0.0.0.0.0.0.1-administrateur\_Standard_System_Event_List\_Standard_System_Event_List.xls'... 
18:46:06.902 DEBUG - TableExcelTransformer actionPerformed - Fin de l'écriture dans le fichier. 
18:46:16.913 DEBUG - TableDivTransformer createFileName ()--> Nom du fichier export = _Standard_System_Event_List 
18:46:16.913 DEBUG - TableExcelTransformer actionPerformed - Ecriture dans le fichier 'C:\Osys\QuartisTools\Tomcat\webapps\Quartis-Web\.\work\_0.0.0.0.0.0.0.1-administrateur\_Standard_System_Event_List\_Standard_System_Event_List.xls'... 
18:46:16.913 DEBUG - TableExcelTransformer actionPerformed - Ecriture dans le fichier 'C:\Osys\QuartisTools\Tomcat\webapps\Quartis-Web\.\work\_0.0.0.0.0.0.0.1-administrateur\_Standard_System_Event_List\_Standard_System_Event_List.xls'... 
18:46:16.913 DEBUG - TableExcelTransformer actionPerformed - Fin de l'écriture dans le fichier. 
18:46:26.916 DEBUG - TableDivTransformer createFileName ()--> Nom du fichier export = _Standard_System_Event_List 
18:46:26.916 DEBUG - TableExcelTransformer actionPerformed - Ecriture dans le fichier 'C:\Osys\QuartisTools\Tomcat\webapps\Quartis-Web\.\work\_0.0.0.0.0.0.0.1-administrateur\_Standard_System_Event_List\_Standard_System_Event_List.xls'... 
18:46:26.916 DEBUG - TableExcelTransformer actionPerformed - Ecriture dans le fichier 'C:\Osys\QuartisTools\Tomcat\webapps\Quartis-Web\.\work\_0.0.0.0.0.0.0.1-administrateur\_Standard_System_Event_List\_Standard_System_Event_List.xls'... 
18:46:26.916 DEBUG - TableExcelTransformer actionPerformed - Fin de l'écriture dans le fichier. 
18:46:36.924 DEBUG - TableDivTransformer createFileName ()--> Nom du fichier export = _Standard_System_Event_List 
18:46:36.924 DEBUG - TableExcelTransformer actionPerformed - Ecriture dans le fichier 'C:\Osys\QuartisTools\Tomcat\webapps\Quartis-Web\.\work\_0.0.0.0.0.0.0.1-administrateur\_Standard_System_Event_List\_Standard_System_Event_List.xls'... 
18:46:36.924 DEBUG - TableExcelTransformer actionPerformed - Ecriture dans le fichier 'C:\Osys\QuartisTools\Tomcat\webapps\Quartis-Web\.\work\_0.0.0.0.0.0.0.1-administrateur\_Standard_System_Event_List\_Standard_System_Event_List.xls'... 
18:46:36.924 DEBUG - TableExcelTransformer actionPerformed - Fin de l'écriture dans le fichier. 
18:46:46.955 DEBUG - TableDivTransformer createFileName ()--> Nom du fichier export = _Standard_System_Event_List 
18:46:46.955 DEBUG - TableExcelTransformer actionPerformed - Ecriture dans le fichier 'C:\Osys\QuartisTools\Tomcat\webapps\Quartis-Web\.\work\_0.0.0.0.0.0.0.1-administrateur\_Standard_System_Event_List\_Standard_System_Event_List.xls'... 
18:46:46.955 DEBUG - TableExcelTransformer actionPerformed - Ecriture dans le fichier 'C:\Osys\QuartisTools\Tomcat\webapps\Quartis-Web\.\work\_0.0.0.0.0.0.0.1-administrateur\_Standard_System_Event_List\_Standard_System_Event_List.xls'... 
18:46:46.955 DEBUG - TableExcelTransformer actionPerformed - Fin de l'écriture dans le fichier. 
18:46:56.932 DEBUG - TableDivTransformer createFileName ()--> Nom du fichier export = _Standard_System_Event_List 
18:46:56.932 DEBUG - TableExcelTransformer actionPerformed - Ecriture dans le fichier 'C:\Osys\QuartisTools\Tomcat\webapps\Quartis-Web\.\work\_0.0.0.0.0.0.0.1-administrateur\_Standard_System_Event_List\_Standard_System_Event_List.xls'... 
18:46:56.932 DEBUG - TableExcelTransformer actionPerformed - Ecriture dans le fichier 'C:\Osys\QuartisTools\Tomcat\webapps\Quartis-Web\.\work\_0.0.0.0.0.0.0.1-administrateur\_Standard_System_Event_List\_Standard_System_Event_List.xls'... 
18:46:56.947 DEBUG - TableExcelTransformer actionPerformed - Fin de l'écriture dans le fichier. 
18:47:06.956 DEBUG - TableDivTransformer createFileName ()--> Nom du fichier export = _Standard_System_Event_List 
18:47:06.956 DEBUG - TableExcelTransformer actionPerformed - Ecriture dans le fichier 'C:\Osys\QuartisTools\Tomcat\webapps\Quartis-Web\.\work\_0.0.0.0.0.0.0.1-administrateur\_Standard_System_Event_List\_Standard_System_Event_List.xls'... 
18:47:06.956 DEBUG - TableExcelTransformer actionPerformed - Ecriture dans le fichier 'C:\Osys\QuartisTools\Tomcat\webapps\Quartis-Web\.\work\_0.0.0.0.0.0.0.1-administrateur\_Standard_System_Event_List\_Standard_System_Event_List.xls'... 
18:47:06.956 DEBUG - TableExcelTransformer actionPerformed - Fin de l'écriture dans le fichier. 
18:47:16.972 DEBUG - TableDivTransformer createFileName ()--> Nom du fichier export = _Standard_System_Event_List 
18:47:16.972 DEBUG - TableExcelTransformer actionPerformed - Ecriture dans le fichier 'C:\Osys\QuartisTools\Tomcat\webapps\Quartis-Web\.\work\_0.0.0.0.0.0.0.1-administrateur\_Standard_System_Event_List\_Standard_System_Event_List.xls'... 
18:47:16.972 DEBUG - TableExcelTransformer actionPerformed - Ecriture dans le fichier 'C:\Osys\QuartisTools\Tomcat\webapps\Quartis-Web\.\work\_0.0.0.0.0.0.0.1-administrateur\_Standard_System_Event_List\_Standard_System_Event_List.xls'... 
18:47:16.972 DEBUG - TableExcelTransformer actionPerformed - Fin de l'écriture dans le fichier. 
18:47:26.961 DEBUG - TableDivTransformer createFileName ()--> Nom du fichier export = _Standard_System_Event_List 
18:47:26.961 DEBUG - TableExcelTransformer actionPerformed - Ecriture dans le fichier 'C:\Osys\QuartisTools\Tomcat\webapps\Quartis-Web\.\work\_0.0.0.0.0.0.0.1-administrateur\_Standard_System_Event_List\_Standard_System_Event_List.xls'... 
18:47:26.961 DEBUG - TableExcelTransformer actionPerformed - Ecriture dans le fichier 'C:\Osys\QuartisTools\Tomcat\webapps\Quartis-Web\.\work\_0.0.0.0.0.0.0.1-administrateur\_Standard_System_Event_List\_Standard_System_Event_List.xls'... 
18:47:26.977 DEBUG - TableExcelTransformer actionPerformed - Fin de l'écriture dans le fichier. 
18:47:36.973 DEBUG - TableDivTransformer createFileName ()--> Nom du fichier export = _Standard_System_Event_List 
18:47:36.973 DEBUG - TableExcelTransformer actionPerformed - Ecriture dans le fichier 'C:\Osys\QuartisTools\Tomcat\webapps\Quartis-Web\.\work\_0.0.0.0.0.0.0.1-administrateur\_Standard_System_Event_List\_Standard_System_Event_List.xls'... 
18:47:36.989 DEBUG - TableExcelTransformer actionPerformed - Ecriture dans le fichier 'C:\Osys\QuartisTools\Tomcat\webapps\Quartis-Web\.\work\_0.0.0.0.0.0.0.1-administrateur\_Standard_System_Event_List\_Standard_System_Event_List.xls'... 
18:47:36.989 DEBUG - TableExcelTransformer actionPerformed - Fin de l'écriture dans le fichier. 
18:47:46.989 DEBUG - TableDivTransformer createFileName ()--> Nom du fichier export = _Standard_System_Event_List 
18:47:46.989 DEBUG - TableExcelTransformer actionPerformed - Ecriture dans le fichier 'C:\Osys\QuartisTools\Tomcat\webapps\Quartis-Web\.\work\_0.0.0.0.0.0.0.1-administrateur\_Standard_System_Event_List\_Standard_System_Event_List.xls'... 
18:47:46.989 DEBUG - TableExcelTransformer actionPerformed - Ecriture dans le fichier 'C:\Osys\QuartisTools\Tomcat\webapps\Quartis-Web\.\work\_0.0.0.0.0.0.0.1-administrateur\_Standard_System_Event_List\_Standard_System_Event_List.xls'... 
18:47:47.005 DEBUG - TableExcelTransformer actionPerformed - Fin de l'écriture dans le fichier. 
18:47:56.994 DEBUG - TableDivTransformer createFileName ()--> Nom du fichier export = _Standard_System_Event_List 
18:47:56.994 DEBUG - TableExcelTransformer actionPerformed - Ecriture dans le fichier 'C:\Osys\QuartisTools\Tomcat\webapps\Quartis-Web\.\work\_0.0.0.0.0.0.0.1-administrateur\_Standard_System_Event_List\_Standard_System_Event_List.xls'... 
18:47:56.994 DEBUG - TableExcelTransformer actionPerformed - Ecriture dans le fichier 'C:\Osys\QuartisTools\Tomcat\webapps\Quartis-Web\.\work\_0.0.0.0.0.0.0.1-administrateur\_Standard_System_Event_List\_Standard_System_Event_List.xls'... 
18:47:57.010 DEBUG - TableExcelTransformer actionPerformed - Fin de l'écriture dans le fichier. 
18:48:07.005 DEBUG - TableDivTransformer createFileName ()--> Nom du fichier export = _Standard_System_Event_List 
18:48:07.005 DEBUG - TableExcelTransformer actionPerformed - Ecriture dans le fichier 'C:\Osys\QuartisTools\Tomcat\webapps\Quartis-Web\.\work\_0.0.0.0.0.0.0.1-administrateur\_Standard_System_Event_List\_Standard_System_Event_List.xls'... 
18:48:07.005 DEBUG - TableExcelTransformer actionPerformed - Ecriture dans le fichier 'C:\Osys\QuartisTools\Tomcat\webapps\Quartis-Web\.\work\_0.0.0.0.0.0.0.1-administrateur\_Standard_System_Event_List\_Standard_System_Event_List.xls'... 
18:48:07.020 DEBUG - TableExcelTransformer actionPerformed - Fin de l'écriture dans le fichier. 
18:48:17.007 DEBUG - TableDivTransformer createFileName ()--> Nom du fichier export = _Standard_System_Event_List 
18:48:17.007 DEBUG - TableExcelTransformer actionPerformed - Ecriture dans le fichier 'C:\Osys\QuartisTools\Tomcat\webapps\Quartis-Web\.\work\_0.0.0.0.0.0.0.1-administrateur\_Standard_System_Event_List\_Standard_System_Event_List.xls'... 
18:48:17.007 DEBUG - TableExcelTransformer actionPerformed - Ecriture dans le fichier 'C:\Osys\QuartisTools\Tomcat\webapps\Quartis-Web\.\work\_0.0.0.0.0.0.0.1-administrateur\_Standard_System_Event_List\_Standard_System_Event_List.xls'... 
18:48:17.022 DEBUG - TableExcelTransformer actionPerformed - Fin de l'écriture dans le fichier. 
18:48:27.025 DEBUG - TableDivTransformer createFileName ()--> Nom du fichier export = _Standard_System_Event_List 
18:48:27.025 DEBUG - TableExcelTransformer actionPerformed - Ecriture dans le fichier 'C:\Osys\QuartisTools\Tomcat\webapps\Quartis-Web\.\work\_0.0.0.0.0.0.0.1-administrateur\_Standard_System_Event_List\_Standard_System_Event_List.xls'... 
18:48:27.025 DEBUG - TableExcelTransformer actionPerformed - Ecriture dans le fichier 'C:\Osys\QuartisTools\Tomcat\webapps\Quartis-Web\.\work\_0.0.0.0.0.0.0.1-administrateur\_Standard_System_Event_List\_Standard_System_Event_List.xls'... 
18:48:27.041 DEBUG - TableExcelTransformer actionPerformed - Fin de l'écriture dans le fichier. 
18:48:37.022 DEBUG - TableDivTransformer createFileName ()--> Nom du fichier export = _Standard_System_Event_List 
18:48:37.022 DEBUG - TableExcelTransformer actionPerformed - Ecriture dans le fichier 'C:\Osys\QuartisTools\Tomcat\webapps\Quartis-Web\.\work\_0.0.0.0.0.0.0.1-administrateur\_Standard_System_Event_List\_Standard_System_Event_List.xls'... 
18:48:37.022 DEBUG - TableExcelTransformer actionPerformed - Ecriture dans le fichier 'C:\Osys\QuartisTools\Tomcat\webapps\Quartis-Web\.\work\_0.0.0.0.0.0.0.1-administrateur\_Standard_System_Event_List\_Standard_System_Event_List.xls'... 
18:48:37.038 DEBUG - TableExcelTransformer actionPerformed - Fin de l'écriture dans le fichier. 
18:48:47.037 DEBUG - TableDivTransformer createFileName ()--> Nom du fichier export = _Standard_System_Event_List 
18:48:47.037 DEBUG - TableExcelTransformer actionPerformed - Ecriture dans le fichier 'C:\Osys\QuartisTools\Tomcat\webapps\Quartis-Web\.\work\_0.0.0.0.0.0.0.1-administrateur\_Standard_System_Event_List\_Standard_System_Event_List.xls'... 
18:48:47.037 DEBUG - TableExcelTransformer actionPerformed - Ecriture dans le fichier 'C:\Osys\QuartisTools\Tomcat\webapps\Quartis-Web\.\work\_0.0.0.0.0.0.0.1-administrateur\_Standard_System_Event_List\_Standard_System_Event_List.xls'... 
18:48:47.053 DEBUG - TableExcelTransformer actionPerformed - Fin de l'écriture dans le fichier. 
18:48:57.042 DEBUG - TableDivTransformer createFileName ()--> Nom du fichier export = _Standard_System_Event_List 
18:48:57.042 DEBUG - TableExcelTransformer actionPerformed - Ecriture dans le fichier 'C:\Osys\QuartisTools\Tomcat\webapps\Quartis-Web\.\work\_0.0.0.0.0.0.0.1-administrateur\_Standard_System_Event_List\_Standard_System_Event_List.xls'... 
18:48:57.042 DEBUG - TableExcelTransformer actionPerformed - Ecriture dans le fichier 'C:\Osys\QuartisTools\Tomcat\webapps\Quartis-Web\.\work\_0.0.0.0.0.0.0.1-administrateur\_Standard_System_Event_List\_Standard_System_Event_List.xls'... 
18:48:57.058 DEBUG - TableExcelTransformer actionPerformed - Fin de l'écriture dans le fichier. 
18:49:07.054 DEBUG - TableDivTransformer createFileName ()--> Nom du fichier export = _Standard_System_Event_List 
18:49:07.054 DEBUG - TableExcelTransformer actionPerformed - Ecriture dans le fichier 'C:\Osys\QuartisTools\Tomcat\webapps\Quartis-Web\.\work\_0.0.0.0.0.0.0.1-administrateur\_Standard_System_Event_List\_Standard_System_Event_List.xls'... 
18:49:07.054 DEBUG - TableExcelTransformer actionPerformed - Ecriture dans le fichier 'C:\Osys\QuartisTools\Tomcat\webapps\Quartis-Web\.\work\_0.0.0.0.0.0.0.1-administrateur\_Standard_System_Event_List\_Standard_System_Event_List.xls'... 
18:49:07.069 DEBUG - TableExcelTransformer actionPerformed - Fin de l'écriture dans le fichier. 
18:49:17.055 DEBUG - TableDivTransformer createFileName ()--> Nom du fichier export = _Standard_System_Event_List 
18:49:17.055 DEBUG - TableExcelTransformer actionPerformed - Ecriture dans le fichier 'C:\Osys\QuartisTools\Tomcat\webapps\Quartis-Web\.\work\_0.0.0.0.0.0.0.1-administrateur\_Standard_System_Event_List\_Standard_System_Event_List.xls'... 
18:49:17.055 DEBUG - TableExcelTransformer actionPerformed - Ecriture dans le fichier 'C:\Osys\QuartisTools\Tomcat\webapps\Quartis-Web\.\work\_0.0.0.0.0.0.0.1-administrateur\_Standard_System_Event_List\_Standard_System_Event_List.xls'... 
18:49:17.070 DEBUG - TableExcelTransformer actionPerformed - Fin de l'écriture dans le fichier. 
18:49:27.056 DEBUG - TableDivTransformer createFileName ()--> Nom du fichier export = _Standard_System_Event_List 
18:49:27.056 DEBUG - TableExcelTransformer actionPerformed - Ecriture dans le fichier 'C:\Osys\QuartisTools\Tomcat\webapps\Quartis-Web\.\work\_0.0.0.0.0.0.0.1-administrateur\_Standard_System_Event_List\_Standard_System_Event_List.xls'... 
18:49:27.056 DEBUG - TableExcelTransformer actionPerformed - Ecriture dans le fichier 'C:\Osys\QuartisTools\Tomcat\webapps\Quartis-Web\.\work\_0.0.0.0.0.0.0.1-administrateur\_Standard_System_Event_List\_Standard_System_Event_List.xls'... 
18:49:27.071 DEBUG - TableExcelTransformer actionPerformed - Fin de l'écriture dans le fichier. 
18:49:37.071 DEBUG - TableDivTransformer createFileName ()--> Nom du fichier export = _Standard_System_Event_List 
18:49:37.071 DEBUG - TableExcelTransformer actionPerformed - Ecriture dans le fichier 'C:\Osys\QuartisTools\Tomcat\webapps\Quartis-Web\.\work\_0.0.0.0.0.0.0.1-administrateur\_Standard_System_Event_List\_Standard_System_Event_List.xls'... 
18:49:37.071 DEBUG - TableExcelTransformer actionPerformed - Ecriture dans le fichier 'C:\Osys\QuartisTools\Tomcat\webapps\Quartis-Web\.\work\_0.0.0.0.0.0.0.1-administrateur\_Standard_System_Event_List\_Standard_System_Event_List.xls'... 
18:49:37.087 DEBUG - TableExcelTransformer actionPerformed - Fin de l'écriture dans le fichier. 
18:49:47.086 DEBUG - TableDivTransformer createFileName ()--> Nom du fichier export = _Standard_System_Event_List 
18:49:47.086 DEBUG - TableExcelTransformer actionPerformed - Ecriture dans le fichier 'C:\Osys\QuartisTools\Tomcat\webapps\Quartis-Web\.\work\_0.0.0.0.0.0.0.1-administrateur\_Standard_System_Event_List\_Standard_System_Event_List.xls'... 
18:49:47.086 DEBUG - TableExcelTransformer actionPerformed - Ecriture dans le fichier 'C:\Osys\QuartisTools\Tomcat\webapps\Quartis-Web\.\work\_0.0.0.0.0.0.0.1-administrateur\_Standard_System_Event_List\_Standard_System_Event_List.xls'... 
18:49:47.101 DEBUG - TableExcelTransformer actionPerformed - Fin de l'écriture dans le fichier. 
18:49:57.114 DEBUG - TableDivTransformer createFileName ()--> Nom du fichier export = _Standard_System_Event_List 
18:49:57.114 DEBUG - TableExcelTransformer actionPerformed - Ecriture dans le fichier 'C:\Osys\QuartisTools\Tomcat\webapps\Quartis-Web\.\work\_0.0.0.0.0.0.0.1-administrateur\_Standard_System_Event_List\_Standard_System_Event_List.xls'... 
18:49:57.114 DEBUG - TableExcelTransformer actionPerformed - Ecriture dans le fichier 'C:\Osys\QuartisTools\Tomcat\webapps\Quartis-Web\.\work\_0.0.0.0.0.0.0.1-administrateur\_Standard_System_Event_List\_Standard_System_Event_List.xls'... 
18:49:57.114 DEBUG - TableExcelTransformer actionPerformed - Fin de l'écriture dans le fichier. 
18:50:07.105 DEBUG - TableDivTransformer createFileName ()--> Nom du fichier export = _Standard_System_Event_List 
18:50:07.105 DEBUG - TableExcelTransformer actionPerformed - Ecriture dans le fichier 'C:\Osys\QuartisTools\Tomcat\webapps\Quartis-Web\.\work\_0.0.0.0.0.0.0.1-administrateur\_Standard_System_Event_List\_Standard_System_Event_List.xls'... 
18:50:07.105 DEBUG - TableExcelTransformer actionPerformed - Ecriture dans le fichier 'C:\Osys\QuartisTools\Tomcat\webapps\Quartis-Web\.\work\_0.0.0.0.0.0.0.1-administrateur\_Standard_System_Event_List\_Standard_System_Event_List.xls'... 
18:50:07.120 DEBUG - TableExcelTransformer actionPerformed - Fin de l'écriture dans le fichier. 
18:50:17.119 DEBUG - TableDivTransformer createFileName ()--> Nom du fichier export = _Standard_System_Event_List 
18:50:17.119 DEBUG - TableExcelTransformer actionPerformed - Ecriture dans le fichier 'C:\Osys\QuartisTools\Tomcat\webapps\Quartis-Web\.\work\_0.0.0.0.0.0.0.1-administrateur\_Standard_System_Event_List\_Standard_System_Event_List.xls'... 
18:50:17.119 DEBUG - TableExcelTransformer actionPerformed - Ecriture dans le fichier 'C:\Osys\QuartisTools\Tomcat\webapps\Quartis-Web\.\work\_0.0.0.0.0.0.0.1-administrateur\_Standard_System_Event_List\_Standard_System_Event_List.xls'... 
18:50:17.134 DEBUG - TableExcelTransformer actionPerformed - Fin de l'écriture dans le fichier. 
18:50:27.120 DEBUG - TableDivTransformer createFileName ()--> Nom du fichier export = _Standard_System_Event_List 
18:50:27.120 DEBUG - TableExcelTransformer actionPerformed - Ecriture dans le fichier 'C:\Osys\QuartisTools\Tomcat\webapps\Quartis-Web\.\work\_0.0.0.0.0.0.0.1-administrateur\_Standard_System_Event_List\_Standard_System_Event_List.xls'... 
18:50:27.120 DEBUG - TableExcelTransformer actionPerformed - Ecriture dans le fichier 'C:\Osys\QuartisTools\Tomcat\webapps\Quartis-Web\.\work\_0.0.0.0.0.0.0.1-administrateur\_Standard_System_Event_List\_Standard_System_Event_List.xls'... 
18:50:27.135 DEBUG - TableExcelTransformer actionPerformed - Fin de l'écriture dans le fichier. 
18:50:37.123 DEBUG - TableDivTransformer createFileName ()--> Nom du fichier export = _Standard_System_Event_List 
18:50:37.123 DEBUG - TableExcelTransformer actionPerformed - Ecriture dans le fichier 'C:\Osys\QuartisTools\Tomcat\webapps\Quartis-Web\.\work\_0.0.0.0.0.0.0.1-administrateur\_Standard_System_Event_List\_Standard_System_Event_List.xls'... 
18:50:37.123 DEBUG - TableExcelTransformer actionPerformed - Ecriture dans le fichier 'C:\Osys\QuartisTools\Tomcat\webapps\Quartis-Web\.\work\_0.0.0.0.0.0.0.1-administrateur\_Standard_System_Event_List\_Standard_System_Event_List.xls'... 
18:50:37.123 DEBUG - TableExcelTransformer actionPerformed - Fin de l'écriture dans le fichier. 
18:50:47.134 DEBUG - TableDivTransformer createFileName ()--> Nom du fichier export = _Standard_System_Event_List 
18:50:47.134 DEBUG - TableExcelTransformer actionPerformed - Ecriture dans le fichier 'C:\Osys\QuartisTools\Tomcat\webapps\Quartis-Web\.\work\_0.0.0.0.0.0.0.1-administrateur\_Standard_System_Event_List\_Standard_System_Event_List.xls'... 
18:50:47.134 DEBUG - TableExcelTransformer actionPerformed - Ecriture dans le fichier 'C:\Osys\QuartisTools\Tomcat\webapps\Quartis-Web\.\work\_0.0.0.0.0.0.0.1-administrateur\_Standard_System_Event_List\_Standard_System_Event_List.xls'... 
18:50:47.134 DEBUG - TableExcelTransformer actionPerformed - Fin de l'écriture dans le fichier. 
18:50:57.136 DEBUG - TableDivTransformer createFileName ()--> Nom du fichier export = _Standard_System_Event_List 
18:50:57.136 DEBUG - TableExcelTransformer actionPerformed - Ecriture dans le fichier 'C:\Osys\QuartisTools\Tomcat\webapps\Quartis-Web\.\work\_0.0.0.0.0.0.0.1-administrateur\_Standard_System_Event_List\_Standard_System_Event_List.xls'... 
18:50:57.136 DEBUG - TableExcelTransformer actionPerformed - Ecriture dans le fichier 'C:\Osys\QuartisTools\Tomcat\webapps\Quartis-Web\.\work\_0.0.0.0.0.0.0.1-administrateur\_Standard_System_Event_List\_Standard_System_Event_List.xls'... 
18:50:57.136 DEBUG - TableExcelTransformer actionPerformed - Fin de l'écriture dans le fichier. 
18:51:07.139 DEBUG - TableDivTransformer createFileName ()--> Nom du fichier export = _Standard_System_Event_List 
18:51:07.139 DEBUG - TableExcelTransformer actionPerformed - Ecriture dans le fichier 'C:\Osys\QuartisTools\Tomcat\webapps\Quartis-Web\.\work\_0.0.0.0.0.0.0.1-administrateur\_Standard_System_Event_List\_Standard_System_Event_List.xls'... 
18:51:07.139 DEBUG - TableExcelTransformer actionPerformed - Ecriture dans le fichier 'C:\Osys\QuartisTools\Tomcat\webapps\Quartis-Web\.\work\_0.0.0.0.0.0.0.1-administrateur\_Standard_System_Event_List\_Standard_System_Event_List.xls'... 
18:51:07.139 DEBUG - TableExcelTransformer actionPerformed - Fin de l'écriture dans le fichier. 
18:51:17.146 DEBUG - TableDivTransformer createFileName ()--> Nom du fichier export = _Standard_System_Event_List 
18:51:17.146 DEBUG - TableExcelTransformer actionPerformed - Ecriture dans le fichier 'C:\Osys\QuartisTools\Tomcat\webapps\Quartis-Web\.\work\_0.0.0.0.0.0.0.1-administrateur\_Standard_System_Event_List\_Standard_System_Event_List.xls'... 
18:51:17.146 DEBUG - TableExcelTransformer actionPerformed - Ecriture dans le fichier 'C:\Osys\QuartisTools\Tomcat\webapps\Quartis-Web\.\work\_0.0.0.0.0.0.0.1-administrateur\_Standard_System_Event_List\_Standard_System_Event_List.xls'... 
18:51:17.162 DEBUG - TableExcelTransformer actionPerformed - Fin de l'écriture dans le fichier. 
18:51:27.152 DEBUG - TableDivTransformer createFileName ()--> Nom du fichier export = _Standard_System_Event_List 
18:51:27.152 DEBUG - TableExcelTransformer actionPerformed - Ecriture dans le fichier 'C:\Osys\QuartisTools\Tomcat\webapps\Quartis-Web\.\work\_0.0.0.0.0.0.0.1-administrateur\_Standard_System_Event_List\_Standard_System_Event_List.xls'... 
18:51:27.152 DEBUG - TableExcelTransformer actionPerformed - Ecriture dans le fichier 'C:\Osys\QuartisTools\Tomcat\webapps\Quartis-Web\.\work\_0.0.0.0.0.0.0.1-administrateur\_Standard_System_Event_List\_Standard_System_Event_List.xls'... 
18:51:27.152 DEBUG - TableExcelTransformer actionPerformed - Fin de l'écriture dans le fichier. 
18:51:37.154 DEBUG - TableDivTransformer createFileName ()--> Nom du fichier export = _Standard_System_Event_List 
18:51:37.154 DEBUG - TableExcelTransformer actionPerformed - Ecriture dans le fichier 'C:\Osys\QuartisTools\Tomcat\webapps\Quartis-Web\.\work\_0.0.0.0.0.0.0.1-administrateur\_Standard_System_Event_List\_Standard_System_Event_List.xls'... 
18:51:37.154 DEBUG - TableExcelTransformer actionPerformed - Ecriture dans le fichier 'C:\Osys\QuartisTools\Tomcat\webapps\Quartis-Web\.\work\_0.0.0.0.0.0.0.1-administrateur\_Standard_System_Event_List\_Standard_System_Event_List.xls'... 
18:51:37.154 DEBUG - TableExcelTransformer actionPerformed - Fin de l'écriture dans le fichier. 
18:51:47.166 DEBUG - TableDivTransformer createFileName ()--> Nom du fichier export = _Standard_System_Event_List 
18:51:47.166 DEBUG - TableExcelTransformer actionPerformed - Ecriture dans le fichier 'C:\Osys\QuartisTools\Tomcat\webapps\Quartis-Web\.\work\_0.0.0.0.0.0.0.1-administrateur\_Standard_System_Event_List\_Standard_System_Event_List.xls'... 
18:51:47.166 DEBUG - TableExcelTransformer actionPerformed - Ecriture dans le fichier 'C:\Osys\QuartisTools\Tomcat\webapps\Quartis-Web\.\work\_0.0.0.0.0.0.0.1-administrateur\_Standard_System_Event_List\_Standard_System_Event_List.xls'... 
18:51:47.166 DEBUG - TableExcelTransformer actionPerformed - Fin de l'écriture dans le fichier. 
18:51:57.167 DEBUG - TableDivTransformer createFileName ()--> Nom du fichier export = _Standard_System_Event_List 
18:51:57.167 DEBUG - TableExcelTransformer actionPerformed - Ecriture dans le fichier 'C:\Osys\QuartisTools\Tomcat\webapps\Quartis-Web\.\work\_0.0.0.0.0.0.0.1-administrateur\_Standard_System_Event_List\_Standard_System_Event_List.xls'... 
18:51:57.167 DEBUG - TableExcelTransformer actionPerformed - Ecriture dans le fichier 'C:\Osys\QuartisTools\Tomcat\webapps\Quartis-Web\.\work\_0.0.0.0.0.0.0.1-administrateur\_Standard_System_Event_List\_Standard_System_Event_List.xls'... 
18:51:57.167 DEBUG - TableExcelTransformer actionPerformed - Fin de l'écriture dans le fichier. 
18:52:07.171 DEBUG - TableDivTransformer createFileName ()--> Nom du fichier export = _Standard_System_Event_List 
18:52:07.171 DEBUG - TableExcelTransformer actionPerformed - Ecriture dans le fichier 'C:\Osys\QuartisTools\Tomcat\webapps\Quartis-Web\.\work\_0.0.0.0.0.0.0.1-administrateur\_Standard_System_Event_List\_Standard_System_Event_List.xls'... 
18:52:07.171 DEBUG - TableExcelTransformer actionPerformed - Ecriture dans le fichier 'C:\Osys\QuartisTools\Tomcat\webapps\Quartis-Web\.\work\_0.0.0.0.0.0.0.1-administrateur\_Standard_System_Event_List\_Standard_System_Event_List.xls'... 
18:52:07.171 DEBUG - TableExcelTransformer actionPerformed - Fin de l'écriture dans le fichier. 
18:52:17.182 DEBUG - TableDivTransformer createFileName ()--> Nom du fichier export = _Standard_System_Event_List 
18:52:17.182 DEBUG - TableExcelTransformer actionPerformed - Ecriture dans le fichier 'C:\Osys\QuartisTools\Tomcat\webapps\Quartis-Web\.\work\_0.0.0.0.0.0.0.1-administrateur\_Standard_System_Event_List\_Standard_System_Event_List.xls'... 
18:52:17.182 DEBUG - TableExcelTransformer actionPerformed - Ecriture dans le fichier 'C:\Osys\QuartisTools\Tomcat\webapps\Quartis-Web\.\work\_0.0.0.0.0.0.0.1-administrateur\_Standard_System_Event_List\_Standard_System_Event_List.xls'... 
18:52:17.182 DEBUG - TableExcelTransformer actionPerformed - Fin de l'écriture dans le fichier. 
18:52:27.183 DEBUG - TableDivTransformer createFileName ()--> Nom du fichier export = _Standard_System_Event_List 
18:52:27.183 DEBUG - TableExcelTransformer actionPerformed - Ecriture dans le fichier 'C:\Osys\QuartisTools\Tomcat\webapps\Quartis-Web\.\work\_0.0.0.0.0.0.0.1-administrateur\_Standard_System_Event_List\_Standard_System_Event_List.xls'... 
18:52:27.183 DEBUG - TableExcelTransformer actionPerformed - Ecriture dans le fichier 'C:\Osys\QuartisTools\Tomcat\webapps\Quartis-Web\.\work\_0.0.0.0.0.0.0.1-administrateur\_Standard_System_Event_List\_Standard_System_Event_List.xls'... 
18:52:27.183 DEBUG - TableExcelTransformer actionPerformed - Fin de l'écriture dans le fichier. 
18:52:37.187 DEBUG - TableDivTransformer createFileName ()--> Nom du fichier export = _Standard_System_Event_List 
18:52:37.187 DEBUG - TableExcelTransformer actionPerformed - Ecriture dans le fichier 'C:\Osys\QuartisTools\Tomcat\webapps\Quartis-Web\.\work\_0.0.0.0.0.0.0.1-administrateur\_Standard_System_Event_List\_Standard_System_Event_List.xls'... 
18:52:37.187 DEBUG - TableExcelTransformer actionPerformed - Ecriture dans le fichier 'C:\Osys\QuartisTools\Tomcat\webapps\Quartis-Web\.\work\_0.0.0.0.0.0.0.1-administrateur\_Standard_System_Event_List\_Standard_System_Event_List.xls'... 
18:52:37.187 DEBUG - TableExcelTransformer actionPerformed - Fin de l'écriture dans le fichier. 
18:52:47.197 DEBUG - TableDivTransformer createFileName ()--> Nom du fichier export = _Standard_System_Event_List 
18:52:47.197 DEBUG - TableExcelTransformer actionPerformed - Ecriture dans le fichier 'C:\Osys\QuartisTools\Tomcat\webapps\Quartis-Web\.\work\_0.0.0.0.0.0.0.1-administrateur\_Standard_System_Event_List\_Standard_System_Event_List.xls'... 
18:52:47.197 DEBUG - TableExcelTransformer actionPerformed - Ecriture dans le fichier 'C:\Osys\QuartisTools\Tomcat\webapps\Quartis-Web\.\work\_0.0.0.0.0.0.0.1-administrateur\_Standard_System_Event_List\_Standard_System_Event_List.xls'... 
18:52:47.213 DEBUG - TableExcelTransformer actionPerformed - Fin de l'écriture dans le fichier. 
18:52:57.198 DEBUG - TableDivTransformer createFileName ()--> Nom du fichier export = _Standard_System_Event_List 
18:52:57.198 DEBUG - TableExcelTransformer actionPerformed - Ecriture dans le fichier 'C:\Osys\QuartisTools\Tomcat\webapps\Quartis-Web\.\work\_0.0.0.0.0.0.0.1-administrateur\_Standard_System_Event_List\_Standard_System_Event_List.xls'... 
18:52:57.198 DEBUG - TableExcelTransformer actionPerformed - Ecriture dans le fichier 'C:\Osys\QuartisTools\Tomcat\webapps\Quartis-Web\.\work\_0.0.0.0.0.0.0.1-administrateur\_Standard_System_Event_List\_Standard_System_Event_List.xls'... 
18:52:57.198 DEBUG - TableExcelTransformer actionPerformed - Fin de l'écriture dans le fichier. 
18:53:07.199 DEBUG - TableDivTransformer createFileName ()--> Nom du fichier export = _Standard_System_Event_List 
18:53:07.199 DEBUG - TableExcelTransformer actionPerformed - Ecriture dans le fichier 'C:\Osys\QuartisTools\Tomcat\webapps\Quartis-Web\.\work\_0.0.0.0.0.0.0.1-administrateur\_Standard_System_Event_List\_Standard_System_Event_List.xls'... 
18:53:07.199 DEBUG - TableExcelTransformer actionPerformed - Ecriture dans le fichier 'C:\Osys\QuartisTools\Tomcat\webapps\Quartis-Web\.\work\_0.0.0.0.0.0.0.1-administrateur\_Standard_System_Event_List\_Standard_System_Event_List.xls'... 
18:53:07.199 DEBUG - TableExcelTransformer actionPerformed - Fin de l'écriture dans le fichier. 
18:53:17.202 DEBUG - TableDivTransformer createFileName ()--> Nom du fichier export = _Standard_System_Event_List 
18:53:17.202 DEBUG - TableExcelTransformer actionPerformed - Ecriture dans le fichier 'C:\Osys\QuartisTools\Tomcat\webapps\Quartis-Web\.\work\_0.0.0.0.0.0.0.1-administrateur\_Standard_System_Event_List\_Standard_System_Event_List.xls'... 
18:53:17.202 DEBUG - TableExcelTransformer actionPerformed - Ecriture dans le fichier 'C:\Osys\QuartisTools\Tomcat\webapps\Quartis-Web\.\work\_0.0.0.0.0.0.0.1-administrateur\_Standard_System_Event_List\_Standard_System_Event_List.xls'... 
18:53:17.202 DEBUG - TableExcelTransformer actionPerformed - Fin de l'écriture dans le fichier. 
18:53:27.213 DEBUG - TableDivTransformer createFileName ()--> Nom du fichier export = _Standard_System_Event_List 
18:53:27.213 DEBUG - TableExcelTransformer actionPerformed - Ecriture dans le fichier 'C:\Osys\QuartisTools\Tomcat\webapps\Quartis-Web\.\work\_0.0.0.0.0.0.0.1-administrateur\_Standard_System_Event_List\_Standard_System_Event_List.xls'... 
18:53:27.213 DEBUG - TableExcelTransformer actionPerformed - Ecriture dans le fichier 'C:\Osys\QuartisTools\Tomcat\webapps\Quartis-Web\.\work\_0.0.0.0.0.0.0.1-administrateur\_Standard_System_Event_List\_Standard_System_Event_List.xls'... 
18:53:27.213 DEBUG - TableExcelTransformer actionPerformed - Fin de l'écriture dans le fichier. 
18:53:37.218 DEBUG - TableDivTransformer createFileName ()--> Nom du fichier export = _Standard_System_Event_List 
18:53:37.218 DEBUG - TableExcelTransformer actionPerformed - Ecriture dans le fichier 'C:\Osys\QuartisTools\Tomcat\webapps\Quartis-Web\.\work\_0.0.0.0.0.0.0.1-administrateur\_Standard_System_Event_List\_Standard_System_Event_List.xls'... 
18:53:37.218 DEBUG - TableExcelTransformer actionPerformed - Ecriture dans le fichier 'C:\Osys\QuartisTools\Tomcat\webapps\Quartis-Web\.\work\_0.0.0.0.0.0.0.1-administrateur\_Standard_System_Event_List\_Standard_System_Event_List.xls'... 
18:53:37.218 DEBUG - TableExcelTransformer actionPerformed - Fin de l'écriture dans le fichier. 
18:53:47.260 DEBUG - TableDivTransformer createFileName ()--> Nom du fichier export = _Standard_System_Event_List 
18:53:47.260 DEBUG - TableExcelTransformer actionPerformed - Ecriture dans le fichier 'C:\Osys\QuartisTools\Tomcat\webapps\Quartis-Web\.\work\_0.0.0.0.0.0.0.1-administrateur\_Standard_System_Event_List\_Standard_System_Event_List.xls'... 
18:53:47.260 DEBUG - TableExcelTransformer actionPerformed - Ecriture dans le fichier 'C:\Osys\QuartisTools\Tomcat\webapps\Quartis-Web\.\work\_0.0.0.0.0.0.0.1-administrateur\_Standard_System_Event_List\_Standard_System_Event_List.xls'... 
18:53:47.276 DEBUG - TableExcelTransformer actionPerformed - Fin de l'écriture dans le fichier. 
18:53:57.231 DEBUG - TableDivTransformer createFileName ()--> Nom du fichier export = _Standard_System_Event_List 
18:53:57.231 DEBUG - TableExcelTransformer actionPerformed - Ecriture dans le fichier 'C:\Osys\QuartisTools\Tomcat\webapps\Quartis-Web\.\work\_0.0.0.0.0.0.0.1-administrateur\_Standard_System_Event_List\_Standard_System_Event_List.xls'... 
18:53:57.231 DEBUG - TableExcelTransformer actionPerformed - Ecriture dans le fichier 'C:\Osys\QuartisTools\Tomcat\webapps\Quartis-Web\.\work\_0.0.0.0.0.0.0.1-administrateur\_Standard_System_Event_List\_Standard_System_Event_List.xls'... 
18:53:57.231 DEBUG - TableExcelTransformer actionPerformed - Fin de l'écriture dans le fichier. 
18:54:07.233 DEBUG - TableDivTransformer createFileName ()--> Nom du fichier export = _Standard_System_Event_List 
18:54:07.233 DEBUG - TableExcelTransformer actionPerformed - Ecriture dans le fichier 'C:\Osys\QuartisTools\Tomcat\webapps\Quartis-Web\.\work\_0.0.0.0.0.0.0.1-administrateur\_Standard_System_Event_List\_Standard_System_Event_List.xls'... 
18:54:07.233 DEBUG - TableExcelTransformer actionPerformed - Ecriture dans le fichier 'C:\Osys\QuartisTools\Tomcat\webapps\Quartis-Web\.\work\_0.0.0.0.0.0.0.1-administrateur\_Standard_System_Event_List\_Standard_System_Event_List.xls'... 
18:54:07.233 DEBUG - TableExcelTransformer actionPerformed - Fin de l'écriture dans le fichier. 
18:54:17.234 DEBUG - TableDivTransformer createFileName ()--> Nom du fichier export = _Standard_System_Event_List 
18:54:17.234 DEBUG - TableExcelTransformer actionPerformed - Ecriture dans le fichier 'C:\Osys\QuartisTools\Tomcat\webapps\Quartis-Web\.\work\_0.0.0.0.0.0.0.1-administrateur\_Standard_System_Event_List\_Standard_System_Event_List.xls'... 
18:54:17.234 DEBUG - TableExcelTransformer actionPerformed - Ecriture dans le fichier 'C:\Osys\QuartisTools\Tomcat\webapps\Quartis-Web\.\work\_0.0.0.0.0.0.0.1-administrateur\_Standard_System_Event_List\_Standard_System_Event_List.xls'... 
18:54:17.234 DEBUG - TableExcelTransformer actionPerformed - Fin de l'écriture dans le fichier. 
18:54:27.247 DEBUG - TableDivTransformer createFileName ()--> Nom du fichier export = _Standard_System_Event_List 
18:54:27.247 DEBUG - TableExcelTransformer actionPerformed - Ecriture dans le fichier 'C:\Osys\QuartisTools\Tomcat\webapps\Quartis-Web\.\work\_0.0.0.0.0.0.0.1-administrateur\_Standard_System_Event_List\_Standard_System_Event_List.xls'... 
18:54:27.247 DEBUG - TableExcelTransformer actionPerformed - Ecriture dans le fichier 'C:\Osys\QuartisTools\Tomcat\webapps\Quartis-Web\.\work\_0.0.0.0.0.0.0.1-administrateur\_Standard_System_Event_List\_Standard_System_Event_List.xls'... 
18:54:27.247 DEBUG - TableExcelTransformer actionPerformed - Fin de l'écriture dans le fichier. 
18:54:37.250 DEBUG - TableDivTransformer createFileName ()--> Nom du fichier export = _Standard_System_Event_List 
18:54:37.250 DEBUG - TableExcelTransformer actionPerformed - Ecriture dans le fichier 'C:\Osys\QuartisTools\Tomcat\webapps\Quartis-Web\.\work\_0.0.0.0.0.0.0.1-administrateur\_Standard_System_Event_List\_Standard_System_Event_List.xls'... 
18:54:37.250 DEBUG - TableExcelTransformer actionPerformed - Ecriture dans le fichier 'C:\Osys\QuartisTools\Tomcat\webapps\Quartis-Web\.\work\_0.0.0.0.0.0.0.1-administrateur\_Standard_System_Event_List\_Standard_System_Event_List.xls'... 
18:54:37.250 DEBUG - TableExcelTransformer actionPerformed - Fin de l'écriture dans le fichier. 
18:54:47.261 DEBUG - TableDivTransformer createFileName ()--> Nom du fichier export = _Standard_System_Event_List 
18:54:47.261 DEBUG - TableExcelTransformer actionPerformed - Ecriture dans le fichier 'C:\Osys\QuartisTools\Tomcat\webapps\Quartis-Web\.\work\_0.0.0.0.0.0.0.1-administrateur\_Standard_System_Event_List\_Standard_System_Event_List.xls'... 
18:54:47.261 DEBUG - TableExcelTransformer actionPerformed - Ecriture dans le fichier 'C:\Osys\QuartisTools\Tomcat\webapps\Quartis-Web\.\work\_0.0.0.0.0.0.0.1-administrateur\_Standard_System_Event_List\_Standard_System_Event_List.xls'... 
18:54:47.261 DEBUG - TableExcelTransformer actionPerformed - Fin de l'écriture dans le fichier. 
18:54:57.276 DEBUG - TableDivTransformer createFileName ()--> Nom du fichier export = _Standard_System_Event_List 
18:54:57.276 DEBUG - TableExcelTransformer actionPerformed - Ecriture dans le fichier 'C:\Osys\QuartisTools\Tomcat\webapps\Quartis-Web\.\work\_0.0.0.0.0.0.0.1-administrateur\_Standard_System_Event_List\_Standard_System_Event_List.xls'... 
18:54:57.276 DEBUG - TableExcelTransformer actionPerformed - Ecriture dans le fichier 'C:\Osys\QuartisTools\Tomcat\webapps\Quartis-Web\.\work\_0.0.0.0.0.0.0.1-administrateur\_Standard_System_Event_List\_Standard_System_Event_List.xls'... 
18:54:57.276 DEBUG - TableExcelTransformer actionPerformed - Fin de l'écriture dans le fichier. 
18:55:07.283 DEBUG - TableDivTransformer createFileName ()--> Nom du fichier export = _Standard_System_Event_List 
18:55:07.283 DEBUG - TableExcelTransformer actionPerformed - Ecriture dans le fichier 'C:\Osys\QuartisTools\Tomcat\webapps\Quartis-Web\.\work\_0.0.0.0.0.0.0.1-administrateur\_Standard_System_Event_List\_Standard_System_Event_List.xls'... 
18:55:07.283 DEBUG - TableExcelTransformer actionPerformed - Ecriture dans le fichier 'C:\Osys\QuartisTools\Tomcat\webapps\Quartis-Web\.\work\_0.0.0.0.0.0.0.1-administrateur\_Standard_System_Event_List\_Standard_System_Event_List.xls'... 
18:55:07.283 DEBUG - TableExcelTransformer actionPerformed - Fin de l'écriture dans le fichier. 
18:55:17.292 DEBUG - TableDivTransformer createFileName ()--> Nom du fichier export = _Standard_System_Event_List 
18:55:17.292 DEBUG - TableExcelTransformer actionPerformed - Ecriture dans le fichier 'C:\Osys\QuartisTools\Tomcat\webapps\Quartis-Web\.\work\_0.0.0.0.0.0.0.1-administrateur\_Standard_System_Event_List\_Standard_System_Event_List.xls'... 
18:55:17.292 DEBUG - TableExcelTransformer actionPerformed - Ecriture dans le fichier 'C:\Osys\QuartisTools\Tomcat\webapps\Quartis-Web\.\work\_0.0.0.0.0.0.0.1-administrateur\_Standard_System_Event_List\_Standard_System_Event_List.xls'... 
18:55:17.292 DEBUG - TableExcelTransformer actionPerformed - Fin de l'écriture dans le fichier. 
18:55:27.295 DEBUG - TableDivTransformer createFileName ()--> Nom du fichier export = _Standard_System_Event_List 
18:55:27.295 DEBUG - TableExcelTransformer actionPerformed - Ecriture dans le fichier 'C:\Osys\QuartisTools\Tomcat\webapps\Quartis-Web\.\work\_0.0.0.0.0.0.0.1-administrateur\_Standard_System_Event_List\_Standard_System_Event_List.xls'... 
18:55:27.295 DEBUG - TableExcelTransformer actionPerformed - Ecriture dans le fichier 'C:\Osys\QuartisTools\Tomcat\webapps\Quartis-Web\.\work\_0.0.0.0.0.0.0.1-administrateur\_Standard_System_Event_List\_Standard_System_Event_List.xls'... 
18:55:27.295 DEBUG - TableExcelTransformer actionPerformed - Fin de l'écriture dans le fichier. 
18:55:37.299 DEBUG - TableDivTransformer createFileName ()--> Nom du fichier export = _Standard_System_Event_List 
18:55:37.299 DEBUG - TableExcelTransformer actionPerformed - Ecriture dans le fichier 'C:\Osys\QuartisTools\Tomcat\webapps\Quartis-Web\.\work\_0.0.0.0.0.0.0.1-administrateur\_Standard_System_Event_List\_Standard_System_Event_List.xls'... 
18:55:37.299 DEBUG - TableExcelTransformer actionPerformed - Ecriture dans le fichier 'C:\Osys\QuartisTools\Tomcat\webapps\Quartis-Web\.\work\_0.0.0.0.0.0.0.1-administrateur\_Standard_System_Event_List\_Standard_System_Event_List.xls'... 
18:55:37.299 DEBUG - TableExcelTransformer actionPerformed - Fin de l'écriture dans le fichier. 
18:55:47.310 DEBUG - TableDivTransformer createFileName ()--> Nom du fichier export = _Standard_System_Event_List 
18:55:47.310 DEBUG - TableExcelTransformer actionPerformed - Ecriture dans le fichier 'C:\Osys\QuartisTools\Tomcat\webapps\Quartis-Web\.\work\_0.0.0.0.0.0.0.1-administrateur\_Standard_System_Event_List\_Standard_System_Event_List.xls'... 
18:55:47.310 DEBUG - TableExcelTransformer actionPerformed - Ecriture dans le fichier 'C:\Osys\QuartisTools\Tomcat\webapps\Quartis-Web\.\work\_0.0.0.0.0.0.0.1-administrateur\_Standard_System_Event_List\_Standard_System_Event_List.xls'... 
18:55:47.310 DEBUG - TableExcelTransformer actionPerformed - Fin de l'écriture dans le fichier. 
18:55:57.341 DEBUG - TableDivTransformer createFileName ()--> Nom du fichier export = _Standard_System_Event_List 
18:55:57.341 DEBUG - TableExcelTransformer actionPerformed - Ecriture dans le fichier 'C:\Osys\QuartisTools\Tomcat\webapps\Quartis-Web\.\work\_0.0.0.0.0.0.0.1-administrateur\_Standard_System_Event_List\_Standard_System_Event_List.xls'... 
18:55:57.341 DEBUG - TableExcelTransformer actionPerformed - Ecriture dans le fichier 'C:\Osys\QuartisTools\Tomcat\webapps\Quartis-Web\.\work\_0.0.0.0.0.0.0.1-administrateur\_Standard_System_Event_List\_Standard_System_Event_List.xls'... 
18:55:57.356 DEBUG - TableExcelTransformer actionPerformed - Fin de l'écriture dans le fichier. 
18:56:07.332 DEBUG - TableDivTransformer createFileName ()--> Nom du fichier export = _Standard_System_Event_List 
18:56:07.332 DEBUG - TableExcelTransformer actionPerformed - Ecriture dans le fichier 'C:\Osys\QuartisTools\Tomcat\webapps\Quartis-Web\.\work\_0.0.0.0.0.0.0.1-administrateur\_Standard_System_Event_List\_Standard_System_Event_List.xls'... 
18:56:07.332 DEBUG - TableExcelTransformer actionPerformed - Ecriture dans le fichier 'C:\Osys\QuartisTools\Tomcat\webapps\Quartis-Web\.\work\_0.0.0.0.0.0.0.1-administrateur\_Standard_System_Event_List\_Standard_System_Event_List.xls'... 
18:56:07.332 DEBUG - TableExcelTransformer actionPerformed - Fin de l'écriture dans le fichier. 
18:56:17.342 DEBUG - TableDivTransformer createFileName ()--> Nom du fichier export = _Standard_System_Event_List 
18:56:17.342 DEBUG - TableExcelTransformer actionPerformed - Ecriture dans le fichier 'C:\Osys\QuartisTools\Tomcat\webapps\Quartis-Web\.\work\_0.0.0.0.0.0.0.1-administrateur\_Standard_System_Event_List\_Standard_System_Event_List.xls'... 
18:56:17.342 DEBUG - TableExcelTransformer actionPerformed - Ecriture dans le fichier 'C:\Osys\QuartisTools\Tomcat\webapps\Quartis-Web\.\work\_0.0.0.0.0.0.0.1-administrateur\_Standard_System_Event_List\_Standard_System_Event_List.xls'... 
18:56:17.342 DEBUG - TableExcelTransformer actionPerformed - Fin de l'écriture dans le fichier. 
18:56:27.357 DEBUG - TableDivTransformer createFileName ()--> Nom du fichier export = _Standard_System_Event_List 
18:56:27.357 DEBUG - TableExcelTransformer actionPerformed - Ecriture dans le fichier 'C:\Osys\QuartisTools\Tomcat\webapps\Quartis-Web\.\work\_0.0.0.0.0.0.0.1-administrateur\_Standard_System_Event_List\_Standard_System_Event_List.xls'... 
18:56:27.357 DEBUG - TableExcelTransformer actionPerformed - Ecriture dans le fichier 'C:\Osys\QuartisTools\Tomcat\webapps\Quartis-Web\.\work\_0.0.0.0.0.0.0.1-administrateur\_Standard_System_Event_List\_Standard_System_Event_List.xls'... 
18:56:27.357 DEBUG - TableExcelTransformer actionPerformed - Fin de l'écriture dans le fichier. 
18:56:37.361 DEBUG - TableDivTransformer createFileName ()--> Nom du fichier export = _Standard_System_Event_List 
18:56:37.361 DEBUG - TableExcelTransformer actionPerformed - Ecriture dans le fichier 'C:\Osys\QuartisTools\Tomcat\webapps\Quartis-Web\.\work\_0.0.0.0.0.0.0.1-administrateur\_Standard_System_Event_List\_Standard_System_Event_List.xls'... 
18:56:37.361 DEBUG - TableExcelTransformer actionPerformed - Ecriture dans le fichier 'C:\Osys\QuartisTools\Tomcat\webapps\Quartis-Web\.\work\_0.0.0.0.0.0.0.1-administrateur\_Standard_System_Event_List\_Standard_System_Event_List.xls'... 
18:56:37.361 DEBUG - TableExcelTransformer actionPerformed - Fin de l'écriture dans le fichier. 
18:56:47.361 DEBUG - TableDivTransformer createFileName ()--> Nom du fichier export = _Standard_System_Event_List 
18:56:47.361 DEBUG - TableExcelTransformer actionPerformed - Ecriture dans le fichier 'C:\Osys\QuartisTools\Tomcat\webapps\Quartis-Web\.\work\_0.0.0.0.0.0.0.1-administrateur\_Standard_System_Event_List\_Standard_System_Event_List.xls'... 
18:56:47.361 DEBUG - TableExcelTransformer actionPerformed - Ecriture dans le fichier 'C:\Osys\QuartisTools\Tomcat\webapps\Quartis-Web\.\work\_0.0.0.0.0.0.0.1-administrateur\_Standard_System_Event_List\_Standard_System_Event_List.xls'... 
18:56:47.361 DEBUG - TableExcelTransformer actionPerformed - Fin de l'écriture dans le fichier. 
18:56:57.359 DEBUG - TableDivTransformer createFileName ()--> Nom du fichier export = _Standard_System_Event_List 
18:56:57.374 DEBUG - TableExcelTransformer actionPerformed - Ecriture dans le fichier 'C:\Osys\QuartisTools\Tomcat\webapps\Quartis-Web\.\work\_0.0.0.0.0.0.0.1-administrateur\_Standard_System_Event_List\_Standard_System_Event_List.xls'... 
18:56:57.374 DEBUG - TableExcelTransformer actionPerformed - Ecriture dans le fichier 'C:\Osys\QuartisTools\Tomcat\webapps\Quartis-Web\.\work\_0.0.0.0.0.0.0.1-administrateur\_Standard_System_Event_List\_Standard_System_Event_List.xls'... 
18:56:57.374 DEBUG - TableExcelTransformer actionPerformed - Fin de l'écriture dans le fichier. 
18:57:07.390 DEBUG - TableDivTransformer createFileName ()--> Nom du fichier export = _Standard_System_Event_List 
18:57:07.390 DEBUG - TableExcelTransformer actionPerformed - Ecriture dans le fichier 'C:\Osys\QuartisTools\Tomcat\webapps\Quartis-Web\.\work\_0.0.0.0.0.0.0.1-administrateur\_Standard_System_Event_List\_Standard_System_Event_List.xls'... 
18:57:07.390 DEBUG - TableExcelTransformer actionPerformed - Ecriture dans le fichier 'C:\Osys\QuartisTools\Tomcat\webapps\Quartis-Web\.\work\_0.0.0.0.0.0.0.1-administrateur\_Standard_System_Event_List\_Standard_System_Event_List.xls'... 
18:57:07.390 DEBUG - TableExcelTransformer actionPerformed - Fin de l'écriture dans le fichier. 
18:57:17.394 DEBUG - TableDivTransformer createFileName ()--> Nom du fichier export = _Standard_System_Event_List 
18:57:17.394 DEBUG - TableExcelTransformer actionPerformed - Ecriture dans le fichier 'C:\Osys\QuartisTools\Tomcat\webapps\Quartis-Web\.\work\_0.0.0.0.0.0.0.1-administrateur\_Standard_System_Event_List\_Standard_System_Event_List.xls'... 
18:57:17.394 DEBUG - TableExcelTransformer actionPerformed - Ecriture dans le fichier 'C:\Osys\QuartisTools\Tomcat\webapps\Quartis-Web\.\work\_0.0.0.0.0.0.0.1-administrateur\_Standard_System_Event_List\_Standard_System_Event_List.xls'... 
18:57:17.394 DEBUG - TableExcelTransformer actionPerformed - Fin de l'écriture dans le fichier. 
18:57:27.406 DEBUG - TableDivTransformer createFileName ()--> Nom du fichier export = _Standard_System_Event_List 
18:57:27.406 DEBUG - TableExcelTransformer actionPerformed - Ecriture dans le fichier 'C:\Osys\QuartisTools\Tomcat\webapps\Quartis-Web\.\work\_0.0.0.0.0.0.0.1-administrateur\_Standard_System_Event_List\_Standard_System_Event_List.xls'... 
18:57:27.406 DEBUG - TableExcelTransformer actionPerformed - Ecriture dans le fichier 'C:\Osys\QuartisTools\Tomcat\webapps\Quartis-Web\.\work\_0.0.0.0.0.0.0.1-administrateur\_Standard_System_Event_List\_Standard_System_Event_List.xls'... 
18:57:27.406 DEBUG - TableExcelTransformer actionPerformed - Fin de l'écriture dans le fichier. 
18:57:37.407 DEBUG - TableDivTransformer createFileName ()--> Nom du fichier export = _Standard_System_Event_List 
18:57:37.407 DEBUG - TableExcelTransformer actionPerformed - Ecriture dans le fichier 'C:\Osys\QuartisTools\Tomcat\webapps\Quartis-Web\.\work\_0.0.0.0.0.0.0.1-administrateur\_Standard_System_Event_List\_Standard_System_Event_List.xls'... 
18:57:37.407 DEBUG - TableExcelTransformer actionPerformed - Ecriture dans le fichier 'C:\Osys\QuartisTools\Tomcat\webapps\Quartis-Web\.\work\_0.0.0.0.0.0.0.1-administrateur\_Standard_System_Event_List\_Standard_System_Event_List.xls'... 
18:57:37.407 DEBUG - TableExcelTransformer actionPerformed - Fin de l'écriture dans le fichier. 
18:57:47.411 DEBUG - TableDivTransformer createFileName ()--> Nom du fichier export = _Standard_System_Event_List 
18:57:47.411 DEBUG - TableExcelTransformer actionPerformed - Ecriture dans le fichier 'C:\Osys\QuartisTools\Tomcat\webapps\Quartis-Web\.\work\_0.0.0.0.0.0.0.1-administrateur\_Standard_System_Event_List\_Standard_System_Event_List.xls'... 
18:57:47.411 DEBUG - TableExcelTransformer actionPerformed - Ecriture dans le fichier 'C:\Osys\QuartisTools\Tomcat\webapps\Quartis-Web\.\work\_0.0.0.0.0.0.0.1-administrateur\_Standard_System_Event_List\_Standard_System_Event_List.xls'... 
18:57:47.411 DEBUG - TableExcelTransformer actionPerformed - Fin de l'écriture dans le fichier. 
18:57:57.421 DEBUG - TableDivTransformer createFileName ()--> Nom du fichier export = _Standard_System_Event_List 
18:57:57.421 DEBUG - TableExcelTransformer actionPerformed - Ecriture dans le fichier 'C:\Osys\QuartisTools\Tomcat\webapps\Quartis-Web\.\work\_0.0.0.0.0.0.0.1-administrateur\_Standard_System_Event_List\_Standard_System_Event_List.xls'... 
18:57:57.421 DEBUG - TableExcelTransformer actionPerformed - Ecriture dans le fichier 'C:\Osys\QuartisTools\Tomcat\webapps\Quartis-Web\.\work\_0.0.0.0.0.0.0.1-administrateur\_Standard_System_Event_List\_Standard_System_Event_List.xls'... 
18:57:57.421 DEBUG - TableExcelTransformer actionPerformed - Fin de l'écriture dans le fichier. 
18:58:07.438 DEBUG - TableDivTransformer createFileName ()--> Nom du fichier export = _Standard_System_Event_List 
18:58:07.438 DEBUG - TableExcelTransformer actionPerformed - Ecriture dans le fichier 'C:\Osys\QuartisTools\Tomcat\webapps\Quartis-Web\.\work\_0.0.0.0.0.0.0.1-administrateur\_Standard_System_Event_List\_Standard_System_Event_List.xls'... 
18:58:07.438 DEBUG - TableExcelTransformer actionPerformed - Ecriture dans le fichier 'C:\Osys\QuartisTools\Tomcat\webapps\Quartis-Web\.\work\_0.0.0.0.0.0.0.1-administrateur\_Standard_System_Event_List\_Standard_System_Event_List.xls'... 
18:58:07.438 DEBUG - TableExcelTransformer actionPerformed - Fin de l'écriture dans le fichier. 
18:58:17.427 DEBUG - TableDivTransformer createFileName ()--> Nom du fichier export = _Standard_System_Event_List 
18:58:17.427 DEBUG - TableExcelTransformer actionPerformed - Ecriture dans le fichier 'C:\Osys\QuartisTools\Tomcat\webapps\Quartis-Web\.\work\_0.0.0.0.0.0.0.1-administrateur\_Standard_System_Event_List\_Standard_System_Event_List.xls'... 
18:58:17.427 DEBUG - TableExcelTransformer actionPerformed - Ecriture dans le fichier 'C:\Osys\QuartisTools\Tomcat\webapps\Quartis-Web\.\work\_0.0.0.0.0.0.0.1-administrateur\_Standard_System_Event_List\_Standard_System_Event_List.xls'... 
18:58:17.427 DEBUG - TableExcelTransformer actionPerformed - Fin de l'écriture dans le fichier. 
18:58:27.424 DEBUG - TableDivTransformer createFileName ()--> Nom du fichier export = _Standard_System_Event_List 
18:58:27.424 DEBUG - TableExcelTransformer actionPerformed - Ecriture dans le fichier 'C:\Osys\QuartisTools\Tomcat\webapps\Quartis-Web\.\work\_0.0.0.0.0.0.0.1-administrateur\_Standard_System_Event_List\_Standard_System_Event_List.xls'... 
18:58:27.424 DEBUG - TableExcelTransformer actionPerformed - Ecriture dans le fichier 'C:\Osys\QuartisTools\Tomcat\webapps\Quartis-Web\.\work\_0.0.0.0.0.0.0.1-administrateur\_Standard_System_Event_List\_Standard_System_Event_List.xls'... 
18:58:27.439 DEBUG - TableExcelTransformer actionPerformed - Fin de l'écriture dans le fichier. 
18:58:37.444 DEBUG - TableDivTransformer createFileName ()--> Nom du fichier export = _Standard_System_Event_List 
18:58:37.444 DEBUG - TableExcelTransformer actionPerformed - Ecriture dans le fichier 'C:\Osys\QuartisTools\Tomcat\webapps\Quartis-Web\.\work\_0.0.0.0.0.0.0.1-administrateur\_Standard_System_Event_List\_Standard_System_Event_List.xls'... 
18:58:37.444 DEBUG - TableExcelTransformer actionPerformed - Ecriture dans le fichier 'C:\Osys\QuartisTools\Tomcat\webapps\Quartis-Web\.\work\_0.0.0.0.0.0.0.1-administrateur\_Standard_System_Event_List\_Standard_System_Event_List.xls'... 
18:58:37.444 DEBUG - TableExcelTransformer actionPerformed - Fin de l'écriture dans le fichier. 
19:10:02.685 DEBUG - TableDivTransformer createFileName ()--> Nom du fichier export = _Standard_Database_Version_List 
19:10:02.685 DEBUG - TableExcelTransformer actionPerformed - Ecriture dans le fichier 'C:\Osys\QuartisTools\Tomcat\webapps\Quartis-Web\.\work\_0.0.0.0.0.0.0.1-administrateur\_Standard_Database_Version_List\_Standard_Database_Version_List.xls'... 
19:10:02.686 DEBUG - TableExcelTransformer actionPerformed - Ecriture dans le fichier 'C:\Osys\QuartisTools\Tomcat\webapps\Quartis-Web\.\work\_0.0.0.0.0.0.0.1-administrateur\_Standard_Database_Version_List\_Standard_Database_Version_List.xls'... 
19:10:02.689 DEBUG - TableDivTransformer createFileName ()--> Nom du fichier export = _Standard_Database_Version_List 
19:10:02.689 DEBUG - TableExcelTransformer actionPerformed - Ecriture dans le fichier 'C:\Osys\QuartisTools\Tomcat\webapps\Quartis-Web\.\work\_0.0.0.0.0.0.0.1-administrateur\_Standard_Database_Version_List\_Standard_Database_Version_List.xls'... 
19:10:02.690 DEBUG - TableExcelTransformer actionPerformed - Ecriture dans le fichier 'C:\Osys\QuartisTools\Tomcat\webapps\Quartis-Web\.\work\_0.0.0.0.0.0.0.1-administrateur\_Standard_Database_Version_List\_Standard_Database_Version_List.xls'... 
19:10:02.691 DEBUG - TableExcelTransformer actionPerformed - Fin de l'écriture dans le fichier. 
19:10:02.694 DEBUG - TableExcelTransformer actionPerformed - Fin de l'écriture dans le fichier. 
19:10:12.224 DEBUG - GSqlQueryGeneratorSqlServer --->table =CONSTANTES_APPLICATION query =set rowcount 3000  SELECT CODE_CONS  , dbo.OPTIMA_TRADUCTION(DESI_CONS,'fr') +'@KEYLANG_'+DESI_CONS AS DESI_CONS  , VALE_CONS  FROM CONSTANTES_APPLICATION  ORDER BY CODE_CONS ASC  
19:10:19.689 DEBUG - GSqlQueryGeneratorSqlServer --->table =CONSTANTES query =set rowcount 3000  SELECT CODE_CONS  , dbo.OPTIMA_TRADUCTION(DESI_CONS,'fr') +'@KEYLANG_'+DESI_CONS AS DESI_CONS  , VALE_CONS  , CODE_SITE  FROM CONSTANTES  WHERE ( CODE_SITE = 'MAR')  ORDER BY CODE_CONS ASC  
19:10:21.888 DEBUG - GSqlQueryGeneratorSqlServer --->table =TACHE query =set rowcount 3000  SELECT CODE_TACH  , dbo.OPTIMA_TRADUCTION(DESI_TACH,'fr') +'@KEYLANG_'+DESI_TACH AS DESI_TACH  FROM TACHE  ORDER BY CODE_TACH ASC  
