10:44:46.425 DEBUG - TomcatListener contextInitialized - servletContext.realPath : C:\Osys\QuartisTools\Tomcat\webapps\Quartis-Web 
10:44:46.471  INFO - PropertiesDelegate Ouverture du fichier de configuration à l'emplacement : C:\Osys\QuartisTools\Tomcat/conf/quartis-web.properties 
10:44:46.690  INFO - TomcatListener -----> Supression des fichier temporaires 
10:44:47.641  INFO - TomcatListener Ouverture du fichier indiquant la base de données : C:\Osys\QuartisTools\Tomcat/conf/datasources.xml... 
10:44:47.829  INFO - DataSourceManager Création de la datasource : QuartisWeb-PU 
15:27:58.970 DEBUG - TomcatListener contextInitialized - servletContext.realPath : C:\Osys\QuartisTools\Tomcat\webapps\Quartis-Web 
15:27:59.266  INFO - PropertiesDelegate Ouverture du fichier de configuration à l'emplacement : C:\Osys\QuartisTools\Tomcat/conf/quartis-web.properties 
15:27:59.563  INFO - TomcatListener -----> Supression des fichier temporaires 
15:27:59.719  INFO - TomcatListener Ouverture du fichier indiquant la base de données : C:\Osys\QuartisTools\Tomcat/conf/datasources.xml... 
15:27:59.781  INFO - DataSourceManager Création de la datasource : QuartisWeb-PU 
15:27:59.953 ERROR - GSql  org.apache.commons.dbcp.SQLNestedException: Cannot create PoolableConnectionFactory (Impossible d'ouvrir la base de données "QUARTIS_PRO" demandée par la connexion. La connexion a échoué.)
	at org.apache.commons.dbcp.BasicDataSource.createDataSource(BasicDataSource.java:1225)
	at org.apache.commons.dbcp.BasicDataSource.getConnection(BasicDataSource.java:880)
	at quartisweb.bd.AccesBD.getConnection(AccesBD.java:140)
	at quartisweb.generic.sql.GSql.getListCodeSites(GSql.java:923)
	at quartisweb.id.global.UserGlobalManager.verifySiteTiret(UserGlobalManager.java:124)
	at quartisweb.id.global.UserGlobalManager.creerListUser(UserGlobalManager.java:85)
	at quartisweb.id.global.UserGlobalManager.init(UserGlobalManager.java:35)
	at quartisweb.tomcat.TomcatListener.contextInitialized(TomcatListener.java:109)
	at org.apache.catalina.core.StandardContext.listenerStart(StandardContext.java:4135)
	at org.apache.catalina.core.StandardContext.start(StandardContext.java:4630)
	at org.apache.catalina.core.ContainerBase.addChildInternal(ContainerBase.java:791)
	at org.apache.catalina.core.ContainerBase.addChild(ContainerBase.java:771)
	at org.apache.catalina.core.StandardHost.addChild(StandardHost.java:546)
	at org.apache.catalina.startup.HostConfig.deployDescriptor(HostConfig.java:637)
	at org.apache.catalina.startup.HostConfig.deployDescriptors(HostConfig.java:563)
	at org.apache.catalina.startup.HostConfig.deployApps(HostConfig.java:498)
	at org.apache.catalina.startup.HostConfig.start(HostConfig.java:1277)
	at org.apache.catalina.startup.HostConfig.lifecycleEvent(HostConfig.java:321)
	at org.apache.catalina.util.LifecycleSupport.fireLifecycleEvent(LifecycleSupport.java:119)
	at org.apache.catalina.core.ContainerBase.start(ContainerBase.java:1053)
	at org.apache.catalina.core.StandardHost.start(StandardHost.java:785)
	at org.apache.catalina.core.ContainerBase.start(ContainerBase.java:1045)
	at org.apache.catalina.core.StandardEngine.start(StandardEngine.java:445)
	at org.apache.catalina.core.StandardService.start(StandardService.java:519)
	at org.apache.catalina.core.StandardServer.start(StandardServer.java:710)
	at org.apache.catalina.startup.Catalina.start(Catalina.java:581)
	at sun.reflect.NativeMethodAccessorImpl.invoke0(Native Method)
	at sun.reflect.NativeMethodAccessorImpl.invoke(Unknown Source)
	at sun.reflect.DelegatingMethodAccessorImpl.invoke(Unknown Source)
	at java.lang.reflect.Method.invoke(Unknown Source)
	at org.apache.catalina.startup.Bootstrap.start(Bootstrap.java:289)
	at org.apache.catalina.startup.Bootstrap.main(Bootstrap.java:414)
Caused by: java.sql.SQLException: Impossible d'ouvrir la base de données "QUARTIS_PRO" demandée par la connexion. La connexion a échoué.
	at net.sourceforge.jtds.jdbc.SQLDiagnostic.addDiagnostic(SQLDiagnostic.java:368)
	at net.sourceforge.jtds.jdbc.TdsCore.tdsErrorToken(TdsCore.java:2816)
	at net.sourceforge.jtds.jdbc.TdsCore.nextToken(TdsCore.java:2254)
	at net.sourceforge.jtds.jdbc.TdsCore.login(TdsCore.java:602)
	at net.sourceforge.jtds.jdbc.ConnectionJDBC2.<init>(ConnectionJDBC2.java:344)
	at net.sourceforge.jtds.jdbc.ConnectionJDBC3.<init>(ConnectionJDBC3.java:50)
	at net.sourceforge.jtds.jdbc.Driver.connect(Driver.java:182)
	at org.apache.commons.dbcp.DriverConnectionFactory.createConnection(DriverConnectionFactory.java:38)
	at org.apache.commons.dbcp.PoolableConnectionFactory.makeObject(PoolableConnectionFactory.java:294)
	at org.apache.commons.dbcp.BasicDataSource.validateConnectionFactory(BasicDataSource.java:1247)
	at org.apache.commons.dbcp.BasicDataSource.createDataSource(BasicDataSource.java:1221)
	... 31 more

11:03:14.370  INFO - PropertiesDelegate Destruction du properties manager ! 
11:03:24.521 DEBUG - TomcatListener contextInitialized - servletContext.realPath : C:\Osys\QuartisTools\Tomcat\webapps\Quartis-Web 
11:03:24.548  INFO - PropertiesDelegate Ouverture du fichier de configuration à l'emplacement : C:\Osys\QuartisTools\Tomcat/conf/quartis-web.properties 
11:03:24.687  INFO - TomcatListener -----> Supression des fichier temporaires 
11:03:25.027  INFO - TomcatListener Ouverture du fichier indiquant la base de données : C:\Osys\QuartisTools\Tomcat/conf/datasources.xml... 
11:03:25.239  INFO - DataSourceManager Création de la datasource : QuartisWeb-PU 
11:09:07.977 DEBUG - AuthManagedBean autoconnect - Tentative de connexion SSO... 
11:09:07.978 DEBUG - ConnexionManagedBean User renseigné par filtre SSO LDAP : null 
11:09:07.978 DEBUG - ConnexionManagedBean ldapActive = false 
11:09:07.978 DEBUG - AuthManagedBean autoconnect - Echec de la connexion par SSO. 
11:09:58.791  INFO - PropertiesDelegate Destruction du properties manager ! 
11:11:35.393 DEBUG - TomcatListener contextInitialized - servletContext.realPath : C:\Osys\QuartisTools\Tomcat\webapps\Quartis-Web 
11:11:35.405  INFO - PropertiesDelegate Ouverture du fichier de configuration à l'emplacement : C:\Osys\QuartisTools\Tomcat/conf/quartis-web.properties 
11:11:35.431  INFO - TomcatListener -----> Supression des fichier temporaires 
11:11:35.735  INFO - TomcatListener Ouverture du fichier indiquant la base de données : C:\Osys\QuartisTools\Tomcat/conf/datasources.xml... 
11:11:35.795  INFO - DataSourceManager Création de la datasource : QuartisWeb-PU 
12:50:08.179  INFO - PropertiesDelegate Destruction du properties manager ! 
12:51:48.870 DEBUG - TomcatListener contextInitialized - servletContext.realPath : C:\Osys\QuartisTools\Tomcat\webapps\Quartis-Web 
12:51:48.917  INFO - PropertiesDelegate Ouverture du fichier de configuration à l'emplacement : C:\Osys\QuartisTools\Tomcat/conf/quartis-web.properties 
12:51:49.073  INFO - TomcatListener -----> Supression des fichier temporaires 
12:51:50.025  INFO - TomcatListener Ouverture du fichier indiquant la base de données : C:\Osys\QuartisTools\Tomcat/conf/datasources.xml... 
12:51:50.243  INFO - DataSourceManager Création de la datasource : QuartisWeb-PU 
