15:51:17.358 [35mDEBUG[m - Thread-2          - TomcatListener [35mcontextInitialized - servletContext.realPath : C:\Osys\QuartisTools\Tomcat\webapps\Quartis-Web[m 
15:51:17.716 [34m INFO[m - Thread-2          - PropertiesDelegate [34mOuverture du fichier de configuration à l'emplacement : C:\Osys\QuartisTools\Tomcat/conf/quartis-web.properties[m 
15:51:18.028 [34m INFO[m - Thread-2          - TomcatListener [34m-----> Supression des fichier temporaires[m 
15:51:18.372 [34m INFO[m - Thread-2          - TomcatListener [34mOuverture du fichier indiquant la base de données : C:\Osys\QuartisTools\Tomcat/conf/datasources.xml...[m 
15:51:18.793 [34m INFO[m - Thread-2          - DataSourceManager [34mCréation de la datasource : QuartisWeb-PU[m 
15:51:19.822 [1;31mERROR[m - Thread-2          - GSql  org.apache.commons.dbcp.SQLNestedException: Cannot create PoolableConnectionFactory (Impossible d'ouvrir la base de données "QUARTIS_PRO" demandée par la connexion. La connexion a échoué.)
	at org.apache.commons.dbcp.BasicDataSource.createDataSource(BasicDataSource.java:1225)
	at org.apache.commons.dbcp.BasicDataSource.getConnection(BasicDataSource.java:880)
	at quartisweb.bd.AccesBD.getConnection(AccesBD.java:140)
	at quartisweb.generic.sql.GSql.getListCodeSites(GSql.java:923)
	at quartisweb.id.global.UserGlobalManager.verifySiteTiret(UserGlobalManager.java:124)
	at quartisweb.id.global.UserGlobalManager.creerListUser(UserGlobalManager.java:85)
	at quartisweb.id.global.UserGlobalManager.init(UserGlobalManager.java:35)
	at quartisweb.tomcat.TomcatListener.contextInitialized(TomcatListener.java:109)
	at org.apache.catalina.core.StandardContext.listenerStart(StandardContext.java:4135)
	at org.apache.catalina.core.StandardContext.start(StandardContext.java:4630)
	at org.apache.catalina.core.ContainerBase.addChildInternal(ContainerBase.java:791)
	at org.apache.catalina.core.ContainerBase.addChild(ContainerBase.java:771)
	at org.apache.catalina.core.StandardHost.addChild(StandardHost.java:546)
	at org.apache.catalina.startup.HostConfig.deployDescriptor(HostConfig.java:637)
	at org.apache.catalina.startup.HostConfig.deployDescriptors(HostConfig.java:563)
	at org.apache.catalina.startup.HostConfig.deployApps(HostConfig.java:498)
	at org.apache.catalina.startup.HostConfig.start(HostConfig.java:1277)
	at org.apache.catalina.startup.HostConfig.lifecycleEvent(HostConfig.java:321)
	at org.apache.catalina.util.LifecycleSupport.fireLifecycleEvent(LifecycleSupport.java:119)
	at org.apache.catalina.core.ContainerBase.start(ContainerBase.java:1053)
	at org.apache.catalina.core.StandardHost.start(StandardHost.java:785)
	at org.apache.catalina.core.ContainerBase.start(ContainerBase.java:1045)
	at org.apache.catalina.core.StandardEngine.start(StandardEngine.java:445)
	at org.apache.catalina.core.StandardService.start(StandardService.java:519)
	at org.apache.catalina.core.StandardServer.start(StandardServer.java:710)
	at org.apache.catalina.startup.Catalina.start(Catalina.java:581)
	at sun.reflect.NativeMethodAccessorImpl.invoke0(Native Method)
	at sun.reflect.NativeMethodAccessorImpl.invoke(Unknown Source)
	at sun.reflect.DelegatingMethodAccessorImpl.invoke(Unknown Source)
	at java.lang.reflect.Method.invoke(Unknown Source)
	at org.apache.catalina.startup.Bootstrap.start(Bootstrap.java:289)
	at org.apache.catalina.startup.Bootstrap.main(Bootstrap.java:414)
Caused by: java.sql.SQLException: Impossible d'ouvrir la base de données "QUARTIS_PRO" demandée par la connexion. La connexion a échoué.
	at net.sourceforge.jtds.jdbc.SQLDiagnostic.addDiagnostic(SQLDiagnostic.java:368)
	at net.sourceforge.jtds.jdbc.TdsCore.tdsErrorToken(TdsCore.java:2816)
	at net.sourceforge.jtds.jdbc.TdsCore.nextToken(TdsCore.java:2254)
	at net.sourceforge.jtds.jdbc.TdsCore.login(TdsCore.java:602)
	at net.sourceforge.jtds.jdbc.ConnectionJDBC2.<init>(ConnectionJDBC2.java:344)
	at net.sourceforge.jtds.jdbc.ConnectionJDBC3.<init>(ConnectionJDBC3.java:50)
	at net.sourceforge.jtds.jdbc.Driver.connect(Driver.java:182)
	at org.apache.commons.dbcp.DriverConnectionFactory.createConnection(DriverConnectionFactory.java:38)
	at org.apache.commons.dbcp.PoolableConnectionFactory.makeObject(PoolableConnectionFactory.java:294)
	at org.apache.commons.dbcp.BasicDataSource.validateConnectionFactory(BasicDataSource.java:1247)
	at org.apache.commons.dbcp.BasicDataSource.createDataSource(BasicDataSource.java:1221)
	... 31 more

SLF4J: Class path contains multiple SLF4J bindings.
SLF4J: Found binding in [jar:file:/C:/Osys/QuartisTools/Tomcat/lib/slf4j-log4j12-1.7.12.jar!/org/slf4j/impl/StaticLoggerBinder.class]
SLF4J: Found binding in [jar:file:/C:/Osys/QuartisTools/Tomcat/webapps/Quartis-OptimaCjj/WEB-INF/lib/logback-classic-0.9.28.jar!/org/slf4j/impl/StaticLoggerBinder.class]
SLF4J: See http://www.slf4j.org/codes.html#multiple_bindings for an explanation.
2018-10-01 15:51:33.410 [Thread-2] INFO  org.quartz.impl.StdSchedulerFactory[1157]-Using default implementation for ThreadExecutor
2018-10-01 15:51:33.426 [Thread-2] INFO  org.quartz.core.SchedulerSignalerImpl[61]-Initialized Scheduler Signaller of type: class org.quartz.core.SchedulerSignalerImpl
2018-10-01 15:51:33.426 [Thread-2] INFO  org.quartz.core.QuartzScheduler[243]-Quartz Scheduler v.2.1.6 created.
2018-10-01 15:51:33.441 [Thread-2] INFO  org.quartz.simpl.RAMJobStore[154]-RAMJobStore initialized.
2018-10-01 15:51:33.441 [Thread-2] INFO  org.quartz.core.QuartzScheduler[268]-Scheduler meta-data: Quartz Scheduler (v2.1.6) 'schedulerBean' with instanceId 'NON_CLUSTERED'
  Scheduler class: 'org.quartz.core.QuartzScheduler' - running locally.
  NOT STARTED.
  Currently in standby mode.
  Number of jobs executed: 0
  Using thread pool 'org.quartz.simpl.SimpleThreadPool' - with 10 threads.
  Using job-store 'org.quartz.simpl.RAMJobStore' - which does not support persistence. and is not clustered.

2018-10-01 15:51:33.441 [Thread-2] INFO  org.quartz.impl.StdSchedulerFactory[1306]-Quartz scheduler 'schedulerBean' initialized from an externally provided properties instance.
2018-10-01 15:51:33.441 [Thread-2] INFO  org.quartz.impl.StdSchedulerFactory[1310]-Quartz scheduler version: 2.1.6
2018-10-01 15:51:33.441 [Thread-2] INFO  org.quartz.core.QuartzScheduler[2247]-JobFactory set to: org.springframework.scheduling.quartz.SpringBeanJobFactory@32bc15b4
SLF4J: Class path contains multiple SLF4J bindings.
SLF4J: Found binding in [jar:file:/C:/Osys/QuartisTools/Tomcat/lib/slf4j-log4j12-1.7.12.jar!/org/slf4j/impl/StaticLoggerBinder.class]
SLF4J: Found binding in [jar:file:/C:/Osys/QuartisTools/Tomcat/webapps/Quartis-OptimaTml/WEB-INF/lib/logback-classic-0.9.28.jar!/org/slf4j/impl/StaticLoggerBinder.class]
SLF4J: See http://www.slf4j.org/codes.html#multiple_bindings for an explanation.
2018-10-01 15:51:36.608 [Thread-2] INFO  org.quartz.impl.StdSchedulerFactory[1157]-Using default implementation for ThreadExecutor
2018-10-01 15:51:36.733 [Thread-2] INFO  org.quartz.core.SchedulerSignalerImpl[61]-Initialized Scheduler Signaller of type: class org.quartz.core.SchedulerSignalerImpl
2018-10-01 15:51:36.733 [Thread-2] INFO  org.quartz.core.QuartzScheduler[243]-Quartz Scheduler v.2.1.6 created.
2018-10-01 15:51:36.733 [Thread-2] INFO  org.quartz.simpl.RAMJobStore[154]-RAMJobStore initialized.
2018-10-01 15:51:36.733 [Thread-2] INFO  org.quartz.core.QuartzScheduler[268]-Scheduler meta-data: Quartz Scheduler (v2.1.6) 'schedulerBean' with instanceId 'NON_CLUSTERED'
  Scheduler class: 'org.quartz.core.QuartzScheduler' - running locally.
  NOT STARTED.
  Currently in standby mode.
  Number of jobs executed: 0
  Using thread pool 'org.quartz.simpl.SimpleThreadPool' - with 10 threads.
  Using job-store 'org.quartz.simpl.RAMJobStore' - which does not support persistence. and is not clustered.

2018-10-01 15:51:36.733 [Thread-2] INFO  org.quartz.impl.StdSchedulerFactory[1306]-Quartz scheduler 'schedulerBean' initialized from an externally provided properties instance.
2018-10-01 15:51:36.733 [Thread-2] INFO  org.quartz.impl.StdSchedulerFactory[1310]-Quartz scheduler version: 2.1.6
2018-10-01 15:51:36.733 [Thread-2] INFO  org.quartz.core.QuartzScheduler[2247]-JobFactory set to: org.springframework.scheduling.quartz.SpringBeanJobFactory@40a0f01a
2018-10-01 16:14:48.928 [Thread-2] INFO  org.quartz.core.QuartzScheduler[653]-Scheduler schedulerBean_$_NON_CLUSTERED shutting down.
2018-10-01 16:14:48.928 [Thread-2] INFO  org.quartz.core.QuartzScheduler[572]-Scheduler schedulerBean_$_NON_CLUSTERED paused.
2018-10-01 16:14:49.006 [Thread-2] INFO  org.quartz.core.QuartzScheduler[725]-Scheduler schedulerBean_$_NON_CLUSTERED shutdown complete.
16:14:50.582 [34m INFO[m - Thread-2          - PropertiesDelegate [34mDestruction du properties manager ![m 
2018-10-01 16:14:52.360 [Thread-2] INFO  org.quartz.core.QuartzScheduler[653]-Scheduler schedulerBean_$_NON_CLUSTERED shutting down.
2018-10-01 16:14:52.360 [Thread-2] INFO  org.quartz.core.QuartzScheduler[572]-Scheduler schedulerBean_$_NON_CLUSTERED paused.
2018-10-01 16:14:52.360 [Thread-2] INFO  org.quartz.core.QuartzScheduler[725]-Scheduler schedulerBean_$_NON_CLUSTERED shutdown complete.
16:14:58.990 [35mDEBUG[m - Thread-2          - TomcatListener [35mcontextInitialized - servletContext.realPath : C:\Osys\QuartisTools\Tomcat\webapps\Quartis-Web[m 
16:14:59.006 [34m INFO[m - Thread-2          - PropertiesDelegate [34mOuverture du fichier de configuration à l'emplacement : C:\Osys\QuartisTools\Tomcat/conf/quartis-web.properties[m 
16:14:59.021 [34m INFO[m - Thread-2          - TomcatListener [34m-----> Supression des fichier temporaires[m 
16:14:59.271 [34m INFO[m - Thread-2          - TomcatListener [34mOuverture du fichier indiquant la base de données : C:\Osys\QuartisTools\Tomcat/conf/datasources.xml...[m 
16:14:59.333 [34m INFO[m - Thread-2          - DataSourceManager [34mCréation de la datasource : QuartisWeb-PU[m 
SLF4J: Class path contains multiple SLF4J bindings.
SLF4J: Found binding in [jar:file:/C:/Osys/QuartisTools/Tomcat/lib/slf4j-log4j12-1.7.12.jar!/org/slf4j/impl/StaticLoggerBinder.class]
SLF4J: Found binding in [jar:file:/C:/Osys/QuartisTools/Tomcat/webapps/Quartis-OptimaCjj/WEB-INF/lib/logback-classic-0.9.28.jar!/org/slf4j/impl/StaticLoggerBinder.class]
SLF4J: See http://www.slf4j.org/codes.html#multiple_bindings for an explanation.
2018-10-01 16:15:06.374 [Thread-2] INFO  org.quartz.impl.StdSchedulerFactory[1157]-Using default implementation for ThreadExecutor
2018-10-01 16:15:06.389 [Thread-2] INFO  org.quartz.core.SchedulerSignalerImpl[61]-Initialized Scheduler Signaller of type: class org.quartz.core.SchedulerSignalerImpl
2018-10-01 16:15:06.389 [Thread-2] INFO  org.quartz.core.QuartzScheduler[243]-Quartz Scheduler v.2.1.6 created.
2018-10-01 16:15:06.389 [Thread-2] INFO  org.quartz.simpl.RAMJobStore[154]-RAMJobStore initialized.
2018-10-01 16:15:06.389 [Thread-2] INFO  org.quartz.core.QuartzScheduler[268]-Scheduler meta-data: Quartz Scheduler (v2.1.6) 'schedulerBean' with instanceId 'NON_CLUSTERED'
  Scheduler class: 'org.quartz.core.QuartzScheduler' - running locally.
  NOT STARTED.
  Currently in standby mode.
  Number of jobs executed: 0
  Using thread pool 'org.quartz.simpl.SimpleThreadPool' - with 10 threads.
  Using job-store 'org.quartz.simpl.RAMJobStore' - which does not support persistence. and is not clustered.

2018-10-01 16:15:06.389 [Thread-2] INFO  org.quartz.impl.StdSchedulerFactory[1306]-Quartz scheduler 'schedulerBean' initialized from an externally provided properties instance.
2018-10-01 16:15:06.389 [Thread-2] INFO  org.quartz.impl.StdSchedulerFactory[1310]-Quartz scheduler version: 2.1.6
2018-10-01 16:15:06.389 [Thread-2] INFO  org.quartz.core.QuartzScheduler[2247]-JobFactory set to: org.springframework.scheduling.quartz.SpringBeanJobFactory@5ff9c64
SLF4J: Class path contains multiple SLF4J bindings.
SLF4J: Found binding in [jar:file:/C:/Osys/QuartisTools/Tomcat/lib/slf4j-log4j12-1.7.12.jar!/org/slf4j/impl/StaticLoggerBinder.class]
SLF4J: Found binding in [jar:file:/C:/Osys/QuartisTools/Tomcat/webapps/Quartis-OptimaTml/WEB-INF/lib/logback-classic-0.9.28.jar!/org/slf4j/impl/StaticLoggerBinder.class]
SLF4J: See http://www.slf4j.org/codes.html#multiple_bindings for an explanation.
2018-10-01 16:15:09.432 [Thread-2] INFO  org.quartz.impl.StdSchedulerFactory[1157]-Using default implementation for ThreadExecutor
2018-10-01 16:15:09.447 [Thread-2] INFO  org.quartz.core.SchedulerSignalerImpl[61]-Initialized Scheduler Signaller of type: class org.quartz.core.SchedulerSignalerImpl
2018-10-01 16:15:09.447 [Thread-2] INFO  org.quartz.core.QuartzScheduler[243]-Quartz Scheduler v.2.1.6 created.
2018-10-01 16:15:09.447 [Thread-2] INFO  org.quartz.simpl.RAMJobStore[154]-RAMJobStore initialized.
2018-10-01 16:15:09.447 [Thread-2] INFO  org.quartz.core.QuartzScheduler[268]-Scheduler meta-data: Quartz Scheduler (v2.1.6) 'schedulerBean' with instanceId 'NON_CLUSTERED'
  Scheduler class: 'org.quartz.core.QuartzScheduler' - running locally.
  NOT STARTED.
  Currently in standby mode.
  Number of jobs executed: 0
  Using thread pool 'org.quartz.simpl.SimpleThreadPool' - with 10 threads.
  Using job-store 'org.quartz.simpl.RAMJobStore' - which does not support persistence. and is not clustered.

2018-10-01 16:15:09.447 [Thread-2] INFO  org.quartz.impl.StdSchedulerFactory[1306]-Quartz scheduler 'schedulerBean' initialized from an externally provided properties instance.
2018-10-01 16:15:09.447 [Thread-2] INFO  org.quartz.impl.StdSchedulerFactory[1310]-Quartz scheduler version: 2.1.6
2018-10-01 16:15:09.447 [Thread-2] INFO  org.quartz.core.QuartzScheduler[2247]-JobFactory set to: org.springframework.scheduling.quartz.SpringBeanJobFactory@2ae6c991
18:38:50.894 [35mDEBUG[m - Thread-2          - TomcatListener [35mcontextInitialized - servletContext.realPath : C:\Osys\QuartisTools\Tomcat\webapps\Quartis-Web[m 
18:38:50.988 [34m INFO[m - Thread-2          - PropertiesDelegate [34mOuverture du fichier de configuration à l'emplacement : C:\Osys\QuartisTools\Tomcat/conf/quartis-web.properties[m 
18:38:51.643 [34m INFO[m - Thread-2          - TomcatListener [34m-----> Supression des fichier temporaires[m 
18:38:54.076 [34m INFO[m - Thread-2          - TomcatListener [34mOuverture du fichier indiquant la base de données : C:\Osys\QuartisTools\Tomcat/conf/datasources.xml...[m 
18:38:54.591 [34m INFO[m - Thread-2          - DataSourceManager [34mCréation de la datasource : QuartisWeb-PU[m 
18:38:56.026 [1;31mERROR[m - Thread-2          - GSql  org.apache.commons.dbcp.SQLNestedException: Cannot create PoolableConnectionFactory (Network error IOException: Connection refused: connect)
	at org.apache.commons.dbcp.BasicDataSource.createDataSource(BasicDataSource.java:1225)
	at org.apache.commons.dbcp.BasicDataSource.getConnection(BasicDataSource.java:880)
	at quartisweb.bd.AccesBD.getConnection(AccesBD.java:140)
	at quartisweb.generic.sql.GSql.getListCodeSites(GSql.java:923)
	at quartisweb.id.global.UserGlobalManager.verifySiteTiret(UserGlobalManager.java:124)
	at quartisweb.id.global.UserGlobalManager.creerListUser(UserGlobalManager.java:85)
	at quartisweb.id.global.UserGlobalManager.init(UserGlobalManager.java:35)
	at quartisweb.tomcat.TomcatListener.contextInitialized(TomcatListener.java:109)
	at org.apache.catalina.core.StandardContext.listenerStart(StandardContext.java:4135)
	at org.apache.catalina.core.StandardContext.start(StandardContext.java:4630)
	at org.apache.catalina.core.ContainerBase.addChildInternal(ContainerBase.java:791)
	at org.apache.catalina.core.ContainerBase.addChild(ContainerBase.java:771)
	at org.apache.catalina.core.StandardHost.addChild(StandardHost.java:546)
	at org.apache.catalina.startup.HostConfig.deployDescriptor(HostConfig.java:637)
	at org.apache.catalina.startup.HostConfig.deployDescriptors(HostConfig.java:563)
	at org.apache.catalina.startup.HostConfig.deployApps(HostConfig.java:498)
	at org.apache.catalina.startup.HostConfig.start(HostConfig.java:1277)
	at org.apache.catalina.startup.HostConfig.lifecycleEvent(HostConfig.java:321)
	at org.apache.catalina.util.LifecycleSupport.fireLifecycleEvent(LifecycleSupport.java:119)
	at org.apache.catalina.core.ContainerBase.start(ContainerBase.java:1053)
	at org.apache.catalina.core.StandardHost.start(StandardHost.java:785)
	at org.apache.catalina.core.ContainerBase.start(ContainerBase.java:1045)
	at org.apache.catalina.core.StandardEngine.start(StandardEngine.java:445)
	at org.apache.catalina.core.StandardService.start(StandardService.java:519)
	at org.apache.catalina.core.StandardServer.start(StandardServer.java:710)
	at org.apache.catalina.startup.Catalina.start(Catalina.java:581)
	at sun.reflect.NativeMethodAccessorImpl.invoke0(Native Method)
	at sun.reflect.NativeMethodAccessorImpl.invoke(Unknown Source)
	at sun.reflect.DelegatingMethodAccessorImpl.invoke(Unknown Source)
	at java.lang.reflect.Method.invoke(Unknown Source)
	at org.apache.catalina.startup.Bootstrap.start(Bootstrap.java:289)
	at org.apache.catalina.startup.Bootstrap.main(Bootstrap.java:414)
Caused by: java.sql.SQLException: Network error IOException: Connection refused: connect
	at net.sourceforge.jtds.jdbc.ConnectionJDBC2.<init>(ConnectionJDBC2.java:385)
	at net.sourceforge.jtds.jdbc.ConnectionJDBC3.<init>(ConnectionJDBC3.java:50)
	at net.sourceforge.jtds.jdbc.Driver.connect(Driver.java:182)
	at org.apache.commons.dbcp.DriverConnectionFactory.createConnection(DriverConnectionFactory.java:38)
	at org.apache.commons.dbcp.PoolableConnectionFactory.makeObject(PoolableConnectionFactory.java:294)
	at org.apache.commons.dbcp.BasicDataSource.validateConnectionFactory(BasicDataSource.java:1247)
	at org.apache.commons.dbcp.BasicDataSource.createDataSource(BasicDataSource.java:1221)
	... 31 more
Caused by: java.net.ConnectException: Connection refused: connect
	at java.net.DualStackPlainSocketImpl.connect0(Native Method)
	at java.net.DualStackPlainSocketImpl.socketConnect(Unknown Source)
	at java.net.AbstractPlainSocketImpl.doConnect(Unknown Source)
	at java.net.AbstractPlainSocketImpl.connectToAddress(Unknown Source)
	at java.net.AbstractPlainSocketImpl.connect(Unknown Source)
	at java.net.PlainSocketImpl.connect(Unknown Source)
	at java.net.SocksSocketImpl.connect(Unknown Source)
	at java.net.Socket.connect(Unknown Source)
	at sun.reflect.NativeMethodAccessorImpl.invoke0(Native Method)
	at sun.reflect.NativeMethodAccessorImpl.invoke(Unknown Source)
	at sun.reflect.DelegatingMethodAccessorImpl.invoke(Unknown Source)
	at java.lang.reflect.Method.invoke(Unknown Source)
	at net.sourceforge.jtds.jdbc.SharedSocket.createSocketForJDBC3(SharedSocket.java:304)
	at net.sourceforge.jtds.jdbc.SharedSocket.<init>(SharedSocket.java:255)
	at net.sourceforge.jtds.jdbc.ConnectionJDBC2.<init>(ConnectionJDBC2.java:310)
	... 37 more

SLF4J: Class path contains multiple SLF4J bindings.
SLF4J: Found binding in [jar:file:/C:/Osys/QuartisTools/Tomcat/lib/slf4j-log4j12-1.7.12.jar!/org/slf4j/impl/StaticLoggerBinder.class]
SLF4J: Found binding in [jar:file:/C:/Osys/QuartisTools/Tomcat/webapps/Quartis-OptimaCjj/WEB-INF/lib/logback-classic-0.9.28.jar!/org/slf4j/impl/StaticLoggerBinder.class]
SLF4J: See http://www.slf4j.org/codes.html#multiple_bindings for an explanation.
2018-10-01 18:39:26.712 [Thread-2] ERROR org.springframework.web.context.ContextLoader[308]-Context initialization failed
org.springframework.beans.factory.BeanCreationException: Error creating bean with name 'evtGanttServices' defined in URL [jar:file:/C:/Osys/QuartisTools/Tomcat/webapps/Quartis-OptimaCjj/WEB-INF/lib/Quartis-OptimaCjj-core.jar!/spring/optimaCjjCoreContext.xml]: Invocation of init method failed; nested exception is org.springframework.transaction.CannotCreateTransactionException: Could not open Hibernate Session for transaction; nested exception is org.hibernate.exception.GenericJDBCException: Could not open connection
	at org.springframework.beans.factory.support.AbstractAutowireCapableBeanFactory.initializeBean(AbstractAutowireCapableBeanFactory.java:1455) ~[org.springframework.beans-3.1.1.RELEASE.jar:3.1.1.RELEASE]
	at org.springframework.beans.factory.support.AbstractAutowireCapableBeanFactory.doCreateBean(AbstractAutowireCapableBeanFactory.java:519) ~[org.springframework.beans-3.1.1.RELEASE.jar:3.1.1.RELEASE]
	at org.springframework.beans.factory.support.AbstractAutowireCapableBeanFactory.createBean(AbstractAutowireCapableBeanFactory.java:456) ~[org.springframework.beans-3.1.1.RELEASE.jar:3.1.1.RELEASE]
	at org.springframework.beans.factory.support.AbstractBeanFactory$1.getObject(AbstractBeanFactory.java:294) ~[org.springframework.beans-3.1.1.RELEASE.jar:3.1.1.RELEASE]
	at org.springframework.beans.factory.support.DefaultSingletonBeanRegistry.getSingleton(DefaultSingletonBeanRegistry.java:225) ~[org.springframework.beans-3.1.1.RELEASE.jar:3.1.1.RELEASE]
	at org.springframework.beans.factory.support.AbstractBeanFactory.doGetBean(AbstractBeanFactory.java:291) ~[org.springframework.beans-3.1.1.RELEASE.jar:3.1.1.RELEASE]
	at org.springframework.beans.factory.support.AbstractBeanFactory.getBean(AbstractBeanFactory.java:193) ~[org.springframework.beans-3.1.1.RELEASE.jar:3.1.1.RELEASE]
	at org.springframework.beans.factory.support.DefaultListableBeanFactory.preInstantiateSingletons(DefaultListableBeanFactory.java:585) ~[org.springframework.beans-3.1.1.RELEASE.jar:3.1.1.RELEASE]
	at org.springframework.context.support.AbstractApplicationContext.finishBeanFactoryInitialization(AbstractApplicationContext.java:913) ~[org.springframework.context-3.1.1.RELEASE.jar:3.1.1.RELEASE]
	at org.springframework.context.support.AbstractApplicationContext.refresh(AbstractApplicationContext.java:464) ~[org.springframework.context-3.1.1.RELEASE.jar:3.1.1.RELEASE]
	at org.springframework.web.context.ContextLoader.configureAndRefreshWebApplicationContext(ContextLoader.java:385) ~[org.springframework.web-3.1.1.RELEASE.jar:3.1.1.RELEASE]
	at org.springframework.web.context.ContextLoader.initWebApplicationContext(ContextLoader.java:284) ~[org.springframework.web-3.1.1.RELEASE.jar:3.1.1.RELEASE]
	at org.springframework.web.context.ContextLoaderListener.contextInitialized(ContextLoaderListener.java:111) [org.springframework.web-3.1.1.RELEASE.jar:3.1.1.RELEASE]
	at org.apache.catalina.core.StandardContext.listenerStart(StandardContext.java:4135) [catalina.jar:6.0.29]
	at org.apache.catalina.core.StandardContext.start(StandardContext.java:4630) [catalina.jar:6.0.29]
	at org.apache.catalina.core.ContainerBase.addChildInternal(ContainerBase.java:791) [catalina.jar:6.0.29]
	at org.apache.catalina.core.ContainerBase.addChild(ContainerBase.java:771) [catalina.jar:6.0.29]
	at org.apache.catalina.core.StandardHost.addChild(StandardHost.java:546) [catalina.jar:6.0.29]
	at org.apache.catalina.startup.HostConfig.deployWAR(HostConfig.java:905) [catalina.jar:6.0.29]
	at org.apache.catalina.startup.HostConfig.deployWARs(HostConfig.java:740) [catalina.jar:6.0.29]
	at org.apache.catalina.startup.HostConfig.deployApps(HostConfig.java:500) [catalina.jar:6.0.29]
	at org.apache.catalina.startup.HostConfig.start(HostConfig.java:1277) [catalina.jar:6.0.29]
	at org.apache.catalina.startup.HostConfig.lifecycleEvent(HostConfig.java:321) [catalina.jar:6.0.29]
	at org.apache.catalina.util.LifecycleSupport.fireLifecycleEvent(LifecycleSupport.java:119) [catalina.jar:6.0.29]
	at org.apache.catalina.core.ContainerBase.start(ContainerBase.java:1053) [catalina.jar:6.0.29]
	at org.apache.catalina.core.StandardHost.start(StandardHost.java:785) [catalina.jar:6.0.29]
	at org.apache.catalina.core.ContainerBase.start(ContainerBase.java:1045) [catalina.jar:6.0.29]
	at org.apache.catalina.core.StandardEngine.start(StandardEngine.java:445) [catalina.jar:6.0.29]
	at org.apache.catalina.core.StandardService.start(StandardService.java:519) [catalina.jar:6.0.29]
	at org.apache.catalina.core.StandardServer.start(StandardServer.java:710) [catalina.jar:6.0.29]
	at org.apache.catalina.startup.Catalina.start(Catalina.java:581) [catalina.jar:6.0.29]
	at sun.reflect.NativeMethodAccessorImpl.invoke0(Native Method) ~[na:1.7.0_79]
	at sun.reflect.NativeMethodAccessorImpl.invoke(Unknown Source) ~[na:1.7.0_79]
	at sun.reflect.DelegatingMethodAccessorImpl.invoke(Unknown Source) ~[na:1.7.0_79]
	at java.lang.reflect.Method.invoke(Unknown Source) ~[na:1.7.0_79]
	at org.apache.catalina.startup.Bootstrap.start(Bootstrap.java:289) [bootstrap.jar:6.0.29]
	at org.apache.catalina.startup.Bootstrap.main(Bootstrap.java:414) [bootstrap.jar:6.0.29]
Caused by: org.springframework.transaction.CannotCreateTransactionException: Could not open Hibernate Session for transaction; nested exception is org.hibernate.exception.GenericJDBCException: Could not open connection
	at org.springframework.orm.hibernate4.HibernateTransactionManager.doBegin(HibernateTransactionManager.java:440) ~[org.springframework.orm-3.1.1.RELEASE.jar:3.1.1.RELEASE]
	at org.springframework.transaction.support.AbstractPlatformTransactionManager.getTransaction(AbstractPlatformTransactionManager.java:371) ~[org.springframework.transaction-3.1.1.RELEASE.jar:3.1.1.RELEASE]
	at org.springframework.transaction.interceptor.TransactionAspectSupport.createTransactionIfNecessary(TransactionAspectSupport.java:335) ~[org.springframework.transaction-3.1.1.RELEASE.jar:3.1.1.RELEASE]
	at org.springframework.transaction.interceptor.TransactionInterceptor.invoke(TransactionInterceptor.java:105) ~[org.springframework.transaction-3.1.1.RELEASE.jar:3.1.1.RELEASE]
	at org.springframework.aop.framework.ReflectiveMethodInvocation.proceed(ReflectiveMethodInvocation.java:172) ~[org.springframework.aop-3.1.1.RELEASE.jar:3.1.1.RELEASE]
	at org.springframework.aop.framework.JdkDynamicAopProxy.invoke(JdkDynamicAopProxy.java:202) ~[org.springframework.aop-3.1.1.RELEASE.jar:3.1.1.RELEASE]
	at com.sun.proxy.$Proxy70.findBySiteConstHeureChangementDate(Unknown Source) ~[na:na]
	at fr.osys.optima.core.cjj.manager.eventgantt.services.impl.EventGanttPersServicesImpl.findBySiteConstHeureChangementDate(EventGanttPersServicesImpl.java:216) ~[Quartis-OptimaCjj-core.jar:jarTarget-v1.0-r20180220170946]
	at fr.osys.optima.core.cjj.manager.eventgantt.GestionEventGanttPers.findMapConstHeureChangeDate(GestionEventGanttPers.java:1699) ~[Quartis-OptimaCjj-core.jar:jarTarget-v1.0-r20180220170946]
	at fr.osys.optima.core.cjj.services.correctionmanagement.impl.EvtGanttServicesImpl.init(EvtGanttServicesImpl.java:106) ~[Quartis-OptimaCjj-core.jar:jarTarget-v1.0-r20180220170946]
	at sun.reflect.NativeMethodAccessorImpl.invoke0(Native Method) ~[na:1.7.0_79]
	at sun.reflect.NativeMethodAccessorImpl.invoke(Unknown Source) ~[na:1.7.0_79]
	at sun.reflect.DelegatingMethodAccessorImpl.invoke(Unknown Source) ~[na:1.7.0_79]
	at java.lang.reflect.Method.invoke(Unknown Source) ~[na:1.7.0_79]
	at org.springframework.beans.factory.support.AbstractAutowireCapableBeanFactory.invokeCustomInitMethod(AbstractAutowireCapableBeanFactory.java:1581) ~[org.springframework.beans-3.1.1.RELEASE.jar:3.1.1.RELEASE]
	at org.springframework.beans.factory.support.AbstractAutowireCapableBeanFactory.invokeInitMethods(AbstractAutowireCapableBeanFactory.java:1522) ~[org.springframework.beans-3.1.1.RELEASE.jar:3.1.1.RELEASE]
	at org.springframework.beans.factory.support.AbstractAutowireCapableBeanFactory.initializeBean(AbstractAutowireCapableBeanFactory.java:1452) ~[org.springframework.beans-3.1.1.RELEASE.jar:3.1.1.RELEASE]
	... 36 common frames omitted
Caused by: org.hibernate.exception.GenericJDBCException: Could not open connection
	at org.hibernate.exception.internal.StandardSQLExceptionConverter.convert(StandardSQLExceptionConverter.java:54) ~[hibernate-core-4.1.9.Final.jar:4.1.9.Final]
	at org.hibernate.engine.jdbc.spi.SqlExceptionHelper.convert(SqlExceptionHelper.java:125) ~[hibernate-core-4.1.9.Final.jar:4.1.9.Final]
	at org.hibernate.engine.jdbc.spi.SqlExceptionHelper.convert(SqlExceptionHelper.java:110) ~[hibernate-core-4.1.9.Final.jar:4.1.9.Final]
	at org.hibernate.engine.jdbc.internal.LogicalConnectionImpl.obtainConnection(LogicalConnectionImpl.java:304) ~[hibernate-core-4.1.9.Final.jar:4.1.9.Final]
	at org.hibernate.engine.jdbc.internal.LogicalConnectionImpl.getConnection(LogicalConnectionImpl.java:169) ~[hibernate-core-4.1.9.Final.jar:4.1.9.Final]
	at org.hibernate.engine.transaction.internal.jdbc.JdbcTransaction.doBegin(JdbcTransaction.java:67) ~[hibernate-core-4.1.9.Final.jar:4.1.9.Final]
	at org.hibernate.engine.transaction.spi.AbstractTransactionImpl.begin(AbstractTransactionImpl.java:160) ~[hibernate-core-4.1.9.Final.jar:4.1.9.Final]
	at org.hibernate.internal.SessionImpl.beginTransaction(SessionImpl.java:1395) ~[hibernate-core-4.1.9.Final.jar:4.1.9.Final]
	at org.springframework.orm.hibernate4.HibernateTransactionManager.doBegin(HibernateTransactionManager.java:399) ~[org.springframework.orm-3.1.1.RELEASE.jar:3.1.1.RELEASE]
	... 52 common frames omitted
Caused by: java.sql.SQLException: Impossible d'ouvrir la base de données "QUARTIS_PRO" demandée par la connexion. La connexion a échoué.
	at net.sourceforge.jtds.jdbc.SQLDiagnostic.addDiagnostic(SQLDiagnostic.java:368) ~[jtds-1.2.5.jar:1.2.5]
	at net.sourceforge.jtds.jdbc.TdsCore.tdsErrorToken(TdsCore.java:2820) ~[jtds-1.2.5.jar:1.2.5]
	at net.sourceforge.jtds.jdbc.TdsCore.nextToken(TdsCore.java:2258) ~[jtds-1.2.5.jar:1.2.5]
	at net.sourceforge.jtds.jdbc.TdsCore.login(TdsCore.java:603) ~[jtds-1.2.5.jar:1.2.5]
	at net.sourceforge.jtds.jdbc.ConnectionJDBC2.<init>(ConnectionJDBC2.java:345) ~[jtds-1.2.5.jar:1.2.5]
	at net.sourceforge.jtds.jdbc.ConnectionJDBC3.<init>(ConnectionJDBC3.java:50) ~[jtds-1.2.5.jar:1.2.5]
	at net.sourceforge.jtds.jdbc.Driver.connect(Driver.java:184) ~[jtds-1.2.5.jar:1.2.5]
	at java.sql.DriverManager.getConnection(Unknown Source) ~[na:1.7.0_79]
	at java.sql.DriverManager.getConnection(Unknown Source) ~[na:1.7.0_79]
	at org.springframework.jdbc.datasource.DriverManagerDataSource.getConnectionFromDriverManager(DriverManagerDataSource.java:173) ~[org.springframework.jdbc-3.1.1.RELEASE.jar:3.1.1.RELEASE]
	at org.springframework.jdbc.datasource.DriverManagerDataSource.getConnectionFromDriver(DriverManagerDataSource.java:164) ~[org.springframework.jdbc-3.1.1.RELEASE.jar:3.1.1.RELEASE]
	at org.springframework.jdbc.datasource.AbstractDriverBasedDataSource.getConnectionFromDriver(AbstractDriverBasedDataSource.java:149) ~[org.springframework.jdbc-3.1.1.RELEASE.jar:3.1.1.RELEASE]
	at org.springframework.jdbc.datasource.AbstractDriverBasedDataSource.getConnection(AbstractDriverBasedDataSource.java:128) ~[org.springframework.jdbc-3.1.1.RELEASE.jar:3.1.1.RELEASE]
	at org.hibernate.service.jdbc.connections.internal.DatasourceConnectionProviderImpl.getConnection(DatasourceConnectionProviderImpl.java:141) ~[hibernate-core-4.1.9.Final.jar:4.1.9.Final]
	at org.hibernate.internal.AbstractSessionImpl$NonContextualJdbcConnectionAccess.obtainConnection(AbstractSessionImpl.java:292) ~[hibernate-core-4.1.9.Final.jar:4.1.9.Final]
	at org.hibernate.engine.jdbc.internal.LogicalConnectionImpl.obtainConnection(LogicalConnectionImpl.java:297) ~[hibernate-core-4.1.9.Final.jar:4.1.9.Final]
	... 57 common frames omitted
SLF4J: Class path contains multiple SLF4J bindings.
SLF4J: Found binding in [jar:file:/C:/Osys/QuartisTools/Tomcat/lib/slf4j-log4j12-1.7.12.jar!/org/slf4j/impl/StaticLoggerBinder.class]
SLF4J: Found binding in [jar:file:/C:/Osys/QuartisTools/Tomcat/webapps/Quartis-OptimaTml/WEB-INF/lib/logback-classic-0.9.28.jar!/org/slf4j/impl/StaticLoggerBinder.class]
SLF4J: See http://www.slf4j.org/codes.html#multiple_bindings for an explanation.
2018-10-01 18:39:42.726 [Thread-2] INFO  org.quartz.impl.StdSchedulerFactory[1157]-Using default implementation for ThreadExecutor
2018-10-01 18:39:42.788 [Thread-2] INFO  org.quartz.core.SchedulerSignalerImpl[61]-Initialized Scheduler Signaller of type: class org.quartz.core.SchedulerSignalerImpl
2018-10-01 18:39:42.788 [Thread-2] INFO  org.quartz.core.QuartzScheduler[243]-Quartz Scheduler v.2.1.6 created.
2018-10-01 18:39:42.788 [Thread-2] INFO  org.quartz.simpl.RAMJobStore[154]-RAMJobStore initialized.
2018-10-01 18:39:42.788 [Thread-2] INFO  org.quartz.core.QuartzScheduler[268]-Scheduler meta-data: Quartz Scheduler (v2.1.6) 'schedulerBean' with instanceId 'NON_CLUSTERED'
  Scheduler class: 'org.quartz.core.QuartzScheduler' - running locally.
  NOT STARTED.
  Currently in standby mode.
  Number of jobs executed: 0
  Using thread pool 'org.quartz.simpl.SimpleThreadPool' - with 10 threads.
  Using job-store 'org.quartz.simpl.RAMJobStore' - which does not support persistence. and is not clustered.

2018-10-01 18:39:42.788 [Thread-2] INFO  org.quartz.impl.StdSchedulerFactory[1306]-Quartz scheduler 'schedulerBean' initialized from an externally provided properties instance.
2018-10-01 18:39:42.788 [Thread-2] INFO  org.quartz.impl.StdSchedulerFactory[1310]-Quartz scheduler version: 2.1.6
2018-10-01 18:39:42.788 [Thread-2] INFO  org.quartz.core.QuartzScheduler[2247]-JobFactory set to: org.springframework.scheduling.quartz.SpringBeanJobFactory@406bf333
2018-10-01 18:52:29.773 [Thread-2] INFO  org.quartz.core.QuartzScheduler[653]-Scheduler schedulerBean_$_NON_CLUSTERED shutting down.
2018-10-01 18:52:29.773 [Thread-2] INFO  org.quartz.core.QuartzScheduler[572]-Scheduler schedulerBean_$_NON_CLUSTERED paused.
2018-10-01 18:52:29.773 [Thread-2] INFO  org.quartz.core.QuartzScheduler[725]-Scheduler schedulerBean_$_NON_CLUSTERED shutdown complete.
18:52:30.226 [34m INFO[m - Thread-2          - PropertiesDelegate [34mDestruction du properties manager ![m 
18:53:31.259 [35mDEBUG[m - Thread-2          - TomcatListener [35mcontextInitialized - servletContext.realPath : C:\Osys\QuartisTools\Tomcat\webapps\Quartis-Web[m 
18:53:31.274 [34m INFO[m - Thread-2          - PropertiesDelegate [34mOuverture du fichier de configuration à l'emplacement : C:\Osys\QuartisTools\Tomcat/conf/quartis-web.properties[m 
18:53:31.305 [34m INFO[m - Thread-2          - TomcatListener [34m-----> Supression des fichier temporaires[m 
18:53:31.539 [34m INFO[m - Thread-2          - TomcatListener [34mOuverture du fichier indiquant la base de données : C:\Osys\QuartisTools\Tomcat/conf/datasources.xml...[m 
18:53:31.602 [34m INFO[m - Thread-2          - DataSourceManager [34mCréation de la datasource : QuartisWeb-PU[m 
SLF4J: Class path contains multiple SLF4J bindings.
SLF4J: Found binding in [jar:file:/C:/Osys/QuartisTools/Tomcat/lib/slf4j-log4j12-1.7.12.jar!/org/slf4j/impl/StaticLoggerBinder.class]
SLF4J: Found binding in [jar:file:/C:/Osys/QuartisTools/Tomcat/webapps/Quartis-OptimaCjj/WEB-INF/lib/logback-classic-0.9.28.jar!/org/slf4j/impl/StaticLoggerBinder.class]
SLF4J: See http://www.slf4j.org/codes.html#multiple_bindings for an explanation.
2018-10-01 18:53:38.871 [Thread-2] INFO  org.quartz.impl.StdSchedulerFactory[1157]-Using default implementation for ThreadExecutor
2018-10-01 18:53:38.887 [Thread-2] INFO  org.quartz.core.SchedulerSignalerImpl[61]-Initialized Scheduler Signaller of type: class org.quartz.core.SchedulerSignalerImpl
2018-10-01 18:53:38.887 [Thread-2] INFO  org.quartz.core.QuartzScheduler[243]-Quartz Scheduler v.2.1.6 created.
2018-10-01 18:53:38.887 [Thread-2] INFO  org.quartz.simpl.RAMJobStore[154]-RAMJobStore initialized.
2018-10-01 18:53:38.887 [Thread-2] INFO  org.quartz.core.QuartzScheduler[268]-Scheduler meta-data: Quartz Scheduler (v2.1.6) 'schedulerBean' with instanceId 'NON_CLUSTERED'
  Scheduler class: 'org.quartz.core.QuartzScheduler' - running locally.
  NOT STARTED.
  Currently in standby mode.
  Number of jobs executed: 0
  Using thread pool 'org.quartz.simpl.SimpleThreadPool' - with 10 threads.
  Using job-store 'org.quartz.simpl.RAMJobStore' - which does not support persistence. and is not clustered.

2018-10-01 18:53:38.887 [Thread-2] INFO  org.quartz.impl.StdSchedulerFactory[1306]-Quartz scheduler 'schedulerBean' initialized from an externally provided properties instance.
2018-10-01 18:53:38.887 [Thread-2] INFO  org.quartz.impl.StdSchedulerFactory[1310]-Quartz scheduler version: 2.1.6
2018-10-01 18:53:38.887 [Thread-2] INFO  org.quartz.core.QuartzScheduler[2247]-JobFactory set to: org.springframework.scheduling.quartz.SpringBeanJobFactory@3b0bfe12
SLF4J: Class path contains multiple SLF4J bindings.
SLF4J: Found binding in [jar:file:/C:/Osys/QuartisTools/Tomcat/lib/slf4j-log4j12-1.7.12.jar!/org/slf4j/impl/StaticLoggerBinder.class]
SLF4J: Found binding in [jar:file:/C:/Osys/QuartisTools/Tomcat/webapps/Quartis-OptimaTml/WEB-INF/lib/logback-classic-0.9.28.jar!/org/slf4j/impl/StaticLoggerBinder.class]
SLF4J: See http://www.slf4j.org/codes.html#multiple_bindings for an explanation.
2018-10-01 18:53:41.862 [Thread-2] INFO  org.quartz.impl.StdSchedulerFactory[1157]-Using default implementation for ThreadExecutor
2018-10-01 18:53:41.877 [Thread-2] INFO  org.quartz.core.SchedulerSignalerImpl[61]-Initialized Scheduler Signaller of type: class org.quartz.core.SchedulerSignalerImpl
2018-10-01 18:53:41.877 [Thread-2] INFO  org.quartz.core.QuartzScheduler[243]-Quartz Scheduler v.2.1.6 created.
2018-10-01 18:53:41.877 [Thread-2] INFO  org.quartz.simpl.RAMJobStore[154]-RAMJobStore initialized.
2018-10-01 18:53:41.877 [Thread-2] INFO  org.quartz.core.QuartzScheduler[268]-Scheduler meta-data: Quartz Scheduler (v2.1.6) 'schedulerBean' with instanceId 'NON_CLUSTERED'
  Scheduler class: 'org.quartz.core.QuartzScheduler' - running locally.
  NOT STARTED.
  Currently in standby mode.
  Number of jobs executed: 0
  Using thread pool 'org.quartz.simpl.SimpleThreadPool' - with 10 threads.
  Using job-store 'org.quartz.simpl.RAMJobStore' - which does not support persistence. and is not clustered.

2018-10-01 18:53:41.877 [Thread-2] INFO  org.quartz.impl.StdSchedulerFactory[1306]-Quartz scheduler 'schedulerBean' initialized from an externally provided properties instance.
2018-10-01 18:53:41.877 [Thread-2] INFO  org.quartz.impl.StdSchedulerFactory[1310]-Quartz scheduler version: 2.1.6
2018-10-01 18:53:41.877 [Thread-2] INFO  org.quartz.core.QuartzScheduler[2247]-JobFactory set to: org.springframework.scheduling.quartz.SpringBeanJobFactory@2810ba1e
ERROR StatusLogger Unrecognized format specifier [d]
ERROR StatusLogger Unrecognized conversion specifier [d] starting at position 16 in conversion pattern.
ERROR StatusLogger Unrecognized format specifier [thread]
ERROR StatusLogger Unrecognized conversion specifier [thread] starting at position 25 in conversion pattern.
ERROR StatusLogger Unrecognized format specifier [level]
ERROR StatusLogger Unrecognized conversion specifier [level] starting at position 35 in conversion pattern.
ERROR StatusLogger Unrecognized format specifier [logger]
ERROR StatusLogger Unrecognized conversion specifier [logger] starting at position 47 in conversion pattern.
ERROR StatusLogger Unrecognized format specifier [msg]
ERROR StatusLogger Unrecognized conversion specifier [msg] starting at position 54 in conversion pattern.
ERROR StatusLogger Unrecognized format specifier [n]
ERROR StatusLogger Unrecognized conversion specifier [n] starting at position 56 in conversion pattern.
ERROR StatusLogger No log4j2 configuration file found. Using default configuration: logging only errors to the console.
ERROR StatusLogger Unrecognized format specifier [d]
ERROR StatusLogger Unrecognized conversion specifier [d] starting at position 16 in conversion pattern.
ERROR StatusLogger Unrecognized format specifier [thread]
ERROR StatusLogger Unrecognized conversion specifier [thread] starting at position 25 in conversion pattern.
ERROR StatusLogger Unrecognized format specifier [level]
ERROR StatusLogger Unrecognized conversion specifier [level] starting at position 35 in conversion pattern.
ERROR StatusLogger Unrecognized format specifier [logger]
ERROR StatusLogger Unrecognized conversion specifier [logger] starting at position 47 in conversion pattern.
ERROR StatusLogger Unrecognized format specifier [msg]
ERROR StatusLogger Unrecognized conversion specifier [msg] starting at position 54 in conversion pattern.
ERROR StatusLogger Unrecognized format specifier [n]
ERROR StatusLogger Unrecognized conversion specifier [n] starting at position 56 in conversion pattern.
18:59:00.198 [35mDEBUG[m - http-8383-exec-4  - LoginManagedBean [35muser.id = administrateur, connecté par login/mdp Osys[m 
18:59:00.199 [1;31mERROR[m - http-8383-exec-4  - ConnexionManagedBean [1;31mIdentifiant de la licence invalide.[m 
2018-10-01 19:00:23.334 [Thread-2] INFO  org.quartz.core.QuartzScheduler[653]-Scheduler schedulerBean_$_NON_CLUSTERED shutting down.
2018-10-01 19:00:23.334 [Thread-2] INFO  org.quartz.core.QuartzScheduler[572]-Scheduler schedulerBean_$_NON_CLUSTERED paused.
2018-10-01 19:00:23.334 [Thread-2] INFO  org.quartz.core.QuartzScheduler[725]-Scheduler schedulerBean_$_NON_CLUSTERED shutdown complete.
19:00:23.750 [34m INFO[m - Thread-2          - PropertiesDelegate [34mDestruction du properties manager ![m 
2018-10-01 19:00:24.155 [Thread-2] INFO  org.quartz.core.QuartzScheduler[653]-Scheduler schedulerBean_$_NON_CLUSTERED shutting down.
2018-10-01 19:00:24.155 [Thread-2] INFO  org.quartz.core.QuartzScheduler[572]-Scheduler schedulerBean_$_NON_CLUSTERED paused.
2018-10-01 19:00:24.155 [Thread-2] INFO  org.quartz.core.QuartzScheduler[725]-Scheduler schedulerBean_$_NON_CLUSTERED shutdown complete.
19:00:29.600 [35mDEBUG[m - Thread-2          - TomcatListener [35mcontextInitialized - servletContext.realPath : C:\Osys\QuartisTools\Tomcat\webapps\Quartis-Web[m 
19:00:29.615 [34m INFO[m - Thread-2          - PropertiesDelegate [34mOuverture du fichier de configuration à l'emplacement : C:\Osys\QuartisTools\Tomcat/conf/quartis-web.properties[m 
19:00:29.631 [34m INFO[m - Thread-2          - TomcatListener [34m-----> Supression des fichier temporaires[m 
19:00:29.880 [34m INFO[m - Thread-2          - TomcatListener [34mOuverture du fichier indiquant la base de données : C:\Osys\QuartisTools\Tomcat/conf/datasources.xml...[m 
19:00:29.943 [34m INFO[m - Thread-2          - DataSourceManager [34mCréation de la datasource : QuartisWeb-PU[m 
SLF4J: Class path contains multiple SLF4J bindings.
SLF4J: Found binding in [jar:file:/C:/Osys/QuartisTools/Tomcat/lib/slf4j-log4j12-1.7.12.jar!/org/slf4j/impl/StaticLoggerBinder.class]
SLF4J: Found binding in [jar:file:/C:/Osys/QuartisTools/Tomcat/webapps/Quartis-OptimaCjj/WEB-INF/lib/logback-classic-0.9.28.jar!/org/slf4j/impl/StaticLoggerBinder.class]
SLF4J: See http://www.slf4j.org/codes.html#multiple_bindings for an explanation.
2018-10-01 19:00:36.947 [Thread-2] INFO  org.quartz.impl.StdSchedulerFactory[1157]-Using default implementation for ThreadExecutor
2018-10-01 19:00:36.963 [Thread-2] INFO  org.quartz.core.SchedulerSignalerImpl[61]-Initialized Scheduler Signaller of type: class org.quartz.core.SchedulerSignalerImpl
2018-10-01 19:00:36.963 [Thread-2] INFO  org.quartz.core.QuartzScheduler[243]-Quartz Scheduler v.2.1.6 created.
2018-10-01 19:00:36.978 [Thread-2] INFO  org.quartz.simpl.RAMJobStore[154]-RAMJobStore initialized.
2018-10-01 19:00:36.978 [Thread-2] INFO  org.quartz.core.QuartzScheduler[268]-Scheduler meta-data: Quartz Scheduler (v2.1.6) 'schedulerBean' with instanceId 'NON_CLUSTERED'
  Scheduler class: 'org.quartz.core.QuartzScheduler' - running locally.
  NOT STARTED.
  Currently in standby mode.
  Number of jobs executed: 0
  Using thread pool 'org.quartz.simpl.SimpleThreadPool' - with 10 threads.
  Using job-store 'org.quartz.simpl.RAMJobStore' - which does not support persistence. and is not clustered.

2018-10-01 19:00:36.978 [Thread-2] INFO  org.quartz.impl.StdSchedulerFactory[1306]-Quartz scheduler 'schedulerBean' initialized from an externally provided properties instance.
2018-10-01 19:00:36.978 [Thread-2] INFO  org.quartz.impl.StdSchedulerFactory[1310]-Quartz scheduler version: 2.1.6
2018-10-01 19:00:36.978 [Thread-2] INFO  org.quartz.core.QuartzScheduler[2247]-JobFactory set to: org.springframework.scheduling.quartz.SpringBeanJobFactory@5b3a2488
SLF4J: Class path contains multiple SLF4J bindings.
SLF4J: Found binding in [jar:file:/C:/Osys/QuartisTools/Tomcat/lib/slf4j-log4j12-1.7.12.jar!/org/slf4j/impl/StaticLoggerBinder.class]
SLF4J: Found binding in [jar:file:/C:/Osys/QuartisTools/Tomcat/webapps/Quartis-OptimaTml/WEB-INF/lib/logback-classic-0.9.28.jar!/org/slf4j/impl/StaticLoggerBinder.class]
SLF4J: See http://www.slf4j.org/codes.html#multiple_bindings for an explanation.
2018-10-01 19:00:39.911 [Thread-2] INFO  org.quartz.impl.StdSchedulerFactory[1157]-Using default implementation for ThreadExecutor
2018-10-01 19:00:39.927 [Thread-2] INFO  org.quartz.core.SchedulerSignalerImpl[61]-Initialized Scheduler Signaller of type: class org.quartz.core.SchedulerSignalerImpl
2018-10-01 19:00:39.927 [Thread-2] INFO  org.quartz.core.QuartzScheduler[243]-Quartz Scheduler v.2.1.6 created.
2018-10-01 19:00:39.927 [Thread-2] INFO  org.quartz.simpl.RAMJobStore[154]-RAMJobStore initialized.
2018-10-01 19:00:39.927 [Thread-2] INFO  org.quartz.core.QuartzScheduler[268]-Scheduler meta-data: Quartz Scheduler (v2.1.6) 'schedulerBean' with instanceId 'NON_CLUSTERED'
  Scheduler class: 'org.quartz.core.QuartzScheduler' - running locally.
  NOT STARTED.
  Currently in standby mode.
  Number of jobs executed: 0
  Using thread pool 'org.quartz.simpl.SimpleThreadPool' - with 10 threads.
  Using job-store 'org.quartz.simpl.RAMJobStore' - which does not support persistence. and is not clustered.

2018-10-01 19:00:39.927 [Thread-2] INFO  org.quartz.impl.StdSchedulerFactory[1306]-Quartz scheduler 'schedulerBean' initialized from an externally provided properties instance.
2018-10-01 19:00:39.927 [Thread-2] INFO  org.quartz.impl.StdSchedulerFactory[1310]-Quartz scheduler version: 2.1.6
2018-10-01 19:00:39.927 [Thread-2] INFO  org.quartz.core.QuartzScheduler[2247]-JobFactory set to: org.springframework.scheduling.quartz.SpringBeanJobFactory@3b805b52
ERROR StatusLogger Unrecognized format specifier [d]
ERROR StatusLogger Unrecognized conversion specifier [d] starting at position 16 in conversion pattern.
ERROR StatusLogger Unrecognized format specifier [thread]
ERROR StatusLogger Unrecognized conversion specifier [thread] starting at position 25 in conversion pattern.
ERROR StatusLogger Unrecognized format specifier [level]
ERROR StatusLogger Unrecognized conversion specifier [level] starting at position 35 in conversion pattern.
ERROR StatusLogger Unrecognized format specifier [logger]
ERROR StatusLogger Unrecognized conversion specifier [logger] starting at position 47 in conversion pattern.
ERROR StatusLogger Unrecognized format specifier [msg]
ERROR StatusLogger Unrecognized conversion specifier [msg] starting at position 54 in conversion pattern.
ERROR StatusLogger Unrecognized format specifier [n]
ERROR StatusLogger Unrecognized conversion specifier [n] starting at position 56 in conversion pattern.
ERROR StatusLogger No log4j2 configuration file found. Using default configuration: logging only errors to the console.
ERROR StatusLogger Unrecognized format specifier [d]
ERROR StatusLogger Unrecognized conversion specifier [d] starting at position 16 in conversion pattern.
ERROR StatusLogger Unrecognized format specifier [thread]
ERROR StatusLogger Unrecognized conversion specifier [thread] starting at position 25 in conversion pattern.
ERROR StatusLogger Unrecognized format specifier [level]
ERROR StatusLogger Unrecognized conversion specifier [level] starting at position 35 in conversion pattern.
ERROR StatusLogger Unrecognized format specifier [logger]
ERROR StatusLogger Unrecognized conversion specifier [logger] starting at position 47 in conversion pattern.
ERROR StatusLogger Unrecognized format specifier [msg]
ERROR StatusLogger Unrecognized conversion specifier [msg] starting at position 54 in conversion pattern.
ERROR StatusLogger Unrecognized format specifier [n]
ERROR StatusLogger Unrecognized conversion specifier [n] starting at position 56 in conversion pattern.
19:01:06.424 [35mDEBUG[m - http-8383-exec-4  - AuthManagedBean [35mautoconnect - Tentative de connexion SSO...[m 
19:01:06.425 [35mDEBUG[m - http-8383-exec-4  - ConnexionManagedBean [35mUser renseigné par filtre SSO LDAP : null[m 
19:01:06.425 [35mDEBUG[m - http-8383-exec-4  - ConnexionManagedBean [35mldapActive = false[m 
19:01:06.425 [35mDEBUG[m - http-8383-exec-4  - AuthManagedBean [35mautoconnect - Echec de la connexion par SSO.[m 
19:01:24.475 [35mDEBUG[m - http-8383-exec-4  - AuthManagedBean [35mautoconnect - Tentative de connexion SSO...[m 
19:01:24.475 [35mDEBUG[m - http-8383-exec-4  - ConnexionManagedBean [35mUser renseigné par filtre SSO LDAP : null[m 
19:01:24.476 [35mDEBUG[m - http-8383-exec-4  - ConnexionManagedBean [35mldapActive = false[m 
19:01:24.476 [35mDEBUG[m - http-8383-exec-4  - AuthManagedBean [35mautoconnect - Echec de la connexion par SSO.[m 
09:58:41.447 [35mDEBUG[m - http-8383-exec-2  - AuthManagedBean [35mautoconnect - Tentative de connexion SSO...[m 
09:58:41.458 [35mDEBUG[m - http-8383-exec-2  - ConnexionManagedBean [35mUser renseigné par filtre SSO LDAP : null[m 
09:58:41.458 [35mDEBUG[m - http-8383-exec-2  - ConnexionManagedBean [35mldapActive = false[m 
09:58:41.458 [35mDEBUG[m - http-8383-exec-2  - AuthManagedBean [35mautoconnect - Echec de la connexion par SSO.[m 
09:58:43.997 [35mDEBUG[m - http-8383-exec-4  - AuthManagedBean [35mautoconnect - Tentative de connexion SSO...[m 
09:58:43.997 [35mDEBUG[m - http-8383-exec-4  - ConnexionManagedBean [35mUser renseigné par filtre SSO LDAP : null[m 
09:58:43.997 [35mDEBUG[m - http-8383-exec-4  - ConnexionManagedBean [35mldapActive = false[m 
09:58:43.997 [35mDEBUG[m - http-8383-exec-4  - AuthManagedBean [35mautoconnect - Echec de la connexion par SSO.[m 
2018-10-02 09:59:04.881 [Thread-2] INFO  org.quartz.core.QuartzScheduler[653]-Scheduler schedulerBean_$_NON_CLUSTERED shutting down.
2018-10-02 09:59:04.881 [Thread-2] INFO  org.quartz.core.QuartzScheduler[572]-Scheduler schedulerBean_$_NON_CLUSTERED paused.
2018-10-02 09:59:04.882 [Thread-2] INFO  org.quartz.core.QuartzScheduler[725]-Scheduler schedulerBean_$_NON_CLUSTERED shutdown complete.
09:59:05.285 [34m INFO[m - Thread-2          - PropertiesDelegate [34mDestruction du properties manager ![m 
2018-10-02 09:59:05.853 [Thread-2] INFO  org.quartz.core.QuartzScheduler[653]-Scheduler schedulerBean_$_NON_CLUSTERED shutting down.
2018-10-02 09:59:05.853 [Thread-2] INFO  org.quartz.core.QuartzScheduler[572]-Scheduler schedulerBean_$_NON_CLUSTERED paused.
2018-10-02 09:59:05.853 [Thread-2] INFO  org.quartz.core.QuartzScheduler[725]-Scheduler schedulerBean_$_NON_CLUSTERED shutdown complete.
16:43:35.784 [35mDEBUG[m - Thread-2          - TomcatListener [35mcontextInitialized - servletContext.realPath : C:\Osys\QuartisTools\Tomcat\webapps\Quartis-Web[m 
16:43:35.811 [34m INFO[m - Thread-2          - PropertiesDelegate [34mOuverture du fichier de configuration à l'emplacement : C:\Osys\QuartisTools\Tomcat/conf/quartis-web.properties[m 
16:43:35.839 [34m INFO[m - Thread-2          - TomcatListener [34m-----> Supression des fichier temporaires[m 
16:43:36.120 [34m INFO[m - Thread-2          - TomcatListener [34mOuverture du fichier indiquant la base de données : C:\Osys\QuartisTools\Tomcat/conf/datasources.xml...[m 
16:43:36.178 [34m INFO[m - Thread-2          - DataSourceManager [34mCréation de la datasource : QuartisWeb-PU[m 
SLF4J: Class path contains multiple SLF4J bindings.
SLF4J: Found binding in [jar:file:/C:/Osys/QuartisTools/Tomcat/lib/slf4j-log4j12-1.7.12.jar!/org/slf4j/impl/StaticLoggerBinder.class]
SLF4J: Found binding in [jar:file:/C:/Osys/QuartisTools/Tomcat/webapps/Quartis-OptimaCjj/WEB-INF/lib/logback-classic-0.9.28.jar!/org/slf4j/impl/StaticLoggerBinder.class]
SLF4J: See http://www.slf4j.org/codes.html#multiple_bindings for an explanation.
2018-10-01 16:43:43.262 [Thread-2] INFO  org.quartz.impl.StdSchedulerFactory[1157]-Using default implementation for ThreadExecutor
2018-10-01 16:43:43.279 [Thread-2] INFO  org.quartz.core.SchedulerSignalerImpl[61]-Initialized Scheduler Signaller of type: class org.quartz.core.SchedulerSignalerImpl
2018-10-01 16:43:43.279 [Thread-2] INFO  org.quartz.core.QuartzScheduler[243]-Quartz Scheduler v.2.1.6 created.
2018-10-01 16:43:43.280 [Thread-2] INFO  org.quartz.simpl.RAMJobStore[154]-RAMJobStore initialized.
2018-10-01 16:43:43.281 [Thread-2] INFO  org.quartz.core.QuartzScheduler[268]-Scheduler meta-data: Quartz Scheduler (v2.1.6) 'schedulerBean' with instanceId 'NON_CLUSTERED'
  Scheduler class: 'org.quartz.core.QuartzScheduler' - running locally.
  NOT STARTED.
  Currently in standby mode.
  Number of jobs executed: 0
  Using thread pool 'org.quartz.simpl.SimpleThreadPool' - with 10 threads.
  Using job-store 'org.quartz.simpl.RAMJobStore' - which does not support persistence. and is not clustered.

2018-10-01 16:43:43.281 [Thread-2] INFO  org.quartz.impl.StdSchedulerFactory[1306]-Quartz scheduler 'schedulerBean' initialized from an externally provided properties instance.
2018-10-01 16:43:43.281 [Thread-2] INFO  org.quartz.impl.StdSchedulerFactory[1310]-Quartz scheduler version: 2.1.6
2018-10-01 16:43:43.281 [Thread-2] INFO  org.quartz.core.QuartzScheduler[2247]-JobFactory set to: org.springframework.scheduling.quartz.SpringBeanJobFactory@226b878b
SLF4J: Class path contains multiple SLF4J bindings.
SLF4J: Found binding in [jar:file:/C:/Osys/QuartisTools/Tomcat/lib/slf4j-log4j12-1.7.12.jar!/org/slf4j/impl/StaticLoggerBinder.class]
SLF4J: Found binding in [jar:file:/C:/Osys/QuartisTools/Tomcat/webapps/Quartis-OptimaTml/WEB-INF/lib/logback-classic-0.9.28.jar!/org/slf4j/impl/StaticLoggerBinder.class]
SLF4J: See http://www.slf4j.org/codes.html#multiple_bindings for an explanation.
2018-10-01 16:43:46.354 [Thread-2] INFO  org.quartz.impl.StdSchedulerFactory[1157]-Using default implementation for ThreadExecutor
2018-10-01 16:43:46.371 [Thread-2] INFO  org.quartz.core.SchedulerSignalerImpl[61]-Initialized Scheduler Signaller of type: class org.quartz.core.SchedulerSignalerImpl
2018-10-01 16:43:46.371 [Thread-2] INFO  org.quartz.core.QuartzScheduler[243]-Quartz Scheduler v.2.1.6 created.
2018-10-01 16:43:46.372 [Thread-2] INFO  org.quartz.simpl.RAMJobStore[154]-RAMJobStore initialized.
2018-10-01 16:43:46.373 [Thread-2] INFO  org.quartz.core.QuartzScheduler[268]-Scheduler meta-data: Quartz Scheduler (v2.1.6) 'schedulerBean' with instanceId 'NON_CLUSTERED'
  Scheduler class: 'org.quartz.core.QuartzScheduler' - running locally.
  NOT STARTED.
  Currently in standby mode.
  Number of jobs executed: 0
  Using thread pool 'org.quartz.simpl.SimpleThreadPool' - with 10 threads.
  Using job-store 'org.quartz.simpl.RAMJobStore' - which does not support persistence. and is not clustered.

2018-10-01 16:43:46.373 [Thread-2] INFO  org.quartz.impl.StdSchedulerFactory[1306]-Quartz scheduler 'schedulerBean' initialized from an externally provided properties instance.
2018-10-01 16:43:46.373 [Thread-2] INFO  org.quartz.impl.StdSchedulerFactory[1310]-Quartz scheduler version: 2.1.6
2018-10-01 16:43:46.374 [Thread-2] INFO  org.quartz.core.QuartzScheduler[2247]-JobFactory set to: org.springframework.scheduling.quartz.SpringBeanJobFactory@12e33715
16:43:46.942 [35mDEBUG[m - http-8383-exec-3  - AuthManagedBean [35mautoconnect - Tentative de connexion SSO...[m 
16:43:46.942 [35mDEBUG[m - http-8383-exec-3  - ConnexionManagedBean [35mUser renseigné par filtre SSO LDAP : null[m 
16:43:46.942 [35mDEBUG[m - http-8383-exec-3  - ConnexionManagedBean [35mldapActive = false[m 
16:43:46.942 [35mDEBUG[m - http-8383-exec-3  - AuthManagedBean [35mautoconnect - Echec de la connexion par SSO.[m 
2018-10-01 16:45:01.611 [Thread-2] INFO  org.quartz.core.QuartzScheduler[653]-Scheduler schedulerBean_$_NON_CLUSTERED shutting down.
2018-10-01 16:45:01.612 [Thread-2] INFO  org.quartz.core.QuartzScheduler[572]-Scheduler schedulerBean_$_NON_CLUSTERED paused.
2018-10-01 16:45:01.612 [Thread-2] INFO  org.quartz.core.QuartzScheduler[725]-Scheduler schedulerBean_$_NON_CLUSTERED shutdown complete.
16:45:02.095 [34m INFO[m - Thread-2          - PropertiesDelegate [34mDestruction du properties manager ![m 
2018-10-01 16:45:02.508 [Thread-2] INFO  org.quartz.core.QuartzScheduler[653]-Scheduler schedulerBean_$_NON_CLUSTERED shutting down.
2018-10-01 16:45:02.508 [Thread-2] INFO  org.quartz.core.QuartzScheduler[572]-Scheduler schedulerBean_$_NON_CLUSTERED paused.
2018-10-01 16:45:02.509 [Thread-2] INFO  org.quartz.core.QuartzScheduler[725]-Scheduler schedulerBean_$_NON_CLUSTERED shutdown complete.
16:45:31.360 [35mDEBUG[m - Thread-2          - TomcatListener [35mcontextInitialized - servletContext.realPath : C:\Osys\QuartisTools\Tomcat\webapps\Quartis-Web[m 
16:45:31.372 [34m INFO[m - Thread-2          - PropertiesDelegate [34mOuverture du fichier de configuration à l'emplacement : C:\Osys\QuartisTools\Tomcat/conf/quartis-web.properties[m 
16:45:31.398 [34m INFO[m - Thread-2          - TomcatListener [34m-----> Supression des fichier temporaires[m 
16:45:31.674 [34m INFO[m - Thread-2          - TomcatListener [34mOuverture du fichier indiquant la base de données : C:\Osys\QuartisTools\Tomcat/conf/datasources.xml...[m 
16:45:31.735 [34m INFO[m - Thread-2          - DataSourceManager [34mCréation de la datasource : QuartisWeb-PU[m 
SLF4J: Class path contains multiple SLF4J bindings.
SLF4J: Found binding in [jar:file:/C:/Osys/QuartisTools/Tomcat/lib/slf4j-log4j12-1.7.12.jar!/org/slf4j/impl/StaticLoggerBinder.class]
SLF4J: Found binding in [jar:file:/C:/Osys/QuartisTools/Tomcat/webapps/Quartis-OptimaCjj/WEB-INF/lib/logback-classic-0.9.28.jar!/org/slf4j/impl/StaticLoggerBinder.class]
SLF4J: See http://www.slf4j.org/codes.html#multiple_bindings for an explanation.
2018-10-01 16:45:38.769 [Thread-2] INFO  org.quartz.impl.StdSchedulerFactory[1157]-Using default implementation for ThreadExecutor
2018-10-01 16:45:38.786 [Thread-2] INFO  org.quartz.core.SchedulerSignalerImpl[61]-Initialized Scheduler Signaller of type: class org.quartz.core.SchedulerSignalerImpl
2018-10-01 16:45:38.786 [Thread-2] INFO  org.quartz.core.QuartzScheduler[243]-Quartz Scheduler v.2.1.6 created.
2018-10-01 16:45:38.787 [Thread-2] INFO  org.quartz.simpl.RAMJobStore[154]-RAMJobStore initialized.
2018-10-01 16:45:38.788 [Thread-2] INFO  org.quartz.core.QuartzScheduler[268]-Scheduler meta-data: Quartz Scheduler (v2.1.6) 'schedulerBean' with instanceId 'NON_CLUSTERED'
  Scheduler class: 'org.quartz.core.QuartzScheduler' - running locally.
  NOT STARTED.
  Currently in standby mode.
  Number of jobs executed: 0
  Using thread pool 'org.quartz.simpl.SimpleThreadPool' - with 10 threads.
  Using job-store 'org.quartz.simpl.RAMJobStore' - which does not support persistence. and is not clustered.

2018-10-01 16:45:38.788 [Thread-2] INFO  org.quartz.impl.StdSchedulerFactory[1306]-Quartz scheduler 'schedulerBean' initialized from an externally provided properties instance.
2018-10-01 16:45:38.788 [Thread-2] INFO  org.quartz.impl.StdSchedulerFactory[1310]-Quartz scheduler version: 2.1.6
2018-10-01 16:45:38.788 [Thread-2] INFO  org.quartz.core.QuartzScheduler[2247]-JobFactory set to: org.springframework.scheduling.quartz.SpringBeanJobFactory@7ee2cd7b
SLF4J: Class path contains multiple SLF4J bindings.
SLF4J: Found binding in [jar:file:/C:/Osys/QuartisTools/Tomcat/lib/slf4j-log4j12-1.7.12.jar!/org/slf4j/impl/StaticLoggerBinder.class]
SLF4J: Found binding in [jar:file:/C:/Osys/QuartisTools/Tomcat/webapps/Quartis-OptimaTml/WEB-INF/lib/logback-classic-0.9.28.jar!/org/slf4j/impl/StaticLoggerBinder.class]
SLF4J: See http://www.slf4j.org/codes.html#multiple_bindings for an explanation.
2018-10-01 16:45:41.865 [Thread-2] INFO  org.quartz.impl.StdSchedulerFactory[1157]-Using default implementation for ThreadExecutor
2018-10-01 16:45:41.881 [Thread-2] INFO  org.quartz.core.SchedulerSignalerImpl[61]-Initialized Scheduler Signaller of type: class org.quartz.core.SchedulerSignalerImpl
2018-10-01 16:45:41.881 [Thread-2] INFO  org.quartz.core.QuartzScheduler[243]-Quartz Scheduler v.2.1.6 created.
2018-10-01 16:45:41.882 [Thread-2] INFO  org.quartz.simpl.RAMJobStore[154]-RAMJobStore initialized.
2018-10-01 16:45:41.883 [Thread-2] INFO  org.quartz.core.QuartzScheduler[268]-Scheduler meta-data: Quartz Scheduler (v2.1.6) 'schedulerBean' with instanceId 'NON_CLUSTERED'
  Scheduler class: 'org.quartz.core.QuartzScheduler' - running locally.
  NOT STARTED.
  Currently in standby mode.
  Number of jobs executed: 0
  Using thread pool 'org.quartz.simpl.SimpleThreadPool' - with 10 threads.
  Using job-store 'org.quartz.simpl.RAMJobStore' - which does not support persistence. and is not clustered.

2018-10-01 16:45:41.883 [Thread-2] INFO  org.quartz.impl.StdSchedulerFactory[1306]-Quartz scheduler 'schedulerBean' initialized from an externally provided properties instance.
2018-10-01 16:45:41.883 [Thread-2] INFO  org.quartz.impl.StdSchedulerFactory[1310]-Quartz scheduler version: 2.1.6
2018-10-01 16:45:41.883 [Thread-2] INFO  org.quartz.core.QuartzScheduler[2247]-JobFactory set to: org.springframework.scheduling.quartz.SpringBeanJobFactory@29ac019f
16:45:42.296 [35mDEBUG[m - http-8383-exec-3  - AuthManagedBean [35mautoconnect - Tentative de connexion SSO...[m 
16:45:42.296 [35mDEBUG[m - http-8383-exec-3  - ConnexionManagedBean [35mUser renseigné par filtre SSO LDAP : null[m 
16:45:42.296 [35mDEBUG[m - http-8383-exec-3  - ConnexionManagedBean [35mldapActive = false[m 
16:45:42.297 [35mDEBUG[m - http-8383-exec-3  - AuthManagedBean [35mautoconnect - Echec de la connexion par SSO.[m 
16:46:55.775 [35mDEBUG[m - http-8383-exec-2  - AuthManagedBean [35mautoconnect - Tentative de connexion SSO...[m 
16:46:55.775 [35mDEBUG[m - http-8383-exec-2  - ConnexionManagedBean [35mUser renseigné par filtre SSO LDAP : null[m 
16:46:55.775 [35mDEBUG[m - http-8383-exec-2  - ConnexionManagedBean [35mldapActive = false[m 
16:46:55.775 [35mDEBUG[m - http-8383-exec-2  - AuthManagedBean [35mautoconnect - Echec de la connexion par SSO.[m 
ERROR StatusLogger Unrecognized format specifier [d]
ERROR StatusLogger Unrecognized conversion specifier [d] starting at position 16 in conversion pattern.
ERROR StatusLogger Unrecognized format specifier [thread]
ERROR StatusLogger Unrecognized conversion specifier [thread] starting at position 25 in conversion pattern.
ERROR StatusLogger Unrecognized format specifier [level]
ERROR StatusLogger Unrecognized conversion specifier [level] starting at position 35 in conversion pattern.
ERROR StatusLogger Unrecognized format specifier [logger]
ERROR StatusLogger Unrecognized conversion specifier [logger] starting at position 47 in conversion pattern.
ERROR StatusLogger Unrecognized format specifier [msg]
ERROR StatusLogger Unrecognized conversion specifier [msg] starting at position 54 in conversion pattern.
ERROR StatusLogger Unrecognized format specifier [n]
ERROR StatusLogger Unrecognized conversion specifier [n] starting at position 56 in conversion pattern.
ERROR StatusLogger No log4j2 configuration file found. Using default configuration: logging only errors to the console.
ERROR StatusLogger Unrecognized format specifier [d]
ERROR StatusLogger Unrecognized conversion specifier [d] starting at position 16 in conversion pattern.
ERROR StatusLogger Unrecognized format specifier [thread]
ERROR StatusLogger Unrecognized conversion specifier [thread] starting at position 25 in conversion pattern.
ERROR StatusLogger Unrecognized format specifier [level]
ERROR StatusLogger Unrecognized conversion specifier [level] starting at position 35 in conversion pattern.
ERROR StatusLogger Unrecognized format specifier [logger]
ERROR StatusLogger Unrecognized conversion specifier [logger] starting at position 47 in conversion pattern.
ERROR StatusLogger Unrecognized format specifier [msg]
ERROR StatusLogger Unrecognized conversion specifier [msg] starting at position 54 in conversion pattern.
ERROR StatusLogger Unrecognized format specifier [n]
ERROR StatusLogger Unrecognized conversion specifier [n] starting at position 56 in conversion pattern.
16:47:03.647 [35mDEBUG[m - http-8383-exec-1  - LoginManagedBean [35muser.id = administrateur, connecté par login/mdp Osys[m 
16:47:04.786 [35mDEBUG[m - http-8383-exec-1  - TransfertFile [35mcopyFile (pls) - Copie de 18 fichiers vers 'C:\Osys\QUARTIS_PRO\quartis-pro-web\users\administrateur\language.properties'...[m 
16:47:04.787 [35mDEBUG[m - http-8383-exec-1  - TransfertFile [35mcopyFile (pls) - Copie du fichier 0/18 : 'C:\Osys\QUARTIS_PRO\quartis-pro-web\Standard\OPTIMA_00_Standard\language.properties'.[m 
16:47:04.787 [35mDEBUG[m - http-8383-exec-1  - TransfertFile [35mcopyFile (fileChannel) - Copie de 'C:\Osys\QUARTIS_PRO\quartis-pro-web\Standard\OPTIMA_00_Standard\language.properties'...[m 
16:47:04.788 [35mDEBUG[m - http-8383-exec-1  - TransfertFile [35mcopyFile (fileChannel) - Fin de la copie.[m 
16:47:04.788 [35mDEBUG[m - http-8383-exec-1  - TransfertFile [35mcopyFile (pls) - Copie du fichier 1/18 : 'C:\Osys\QUARTIS_PRO\quartis-pro-web\Standard\OPTIMA_10_Personnel\language.properties'.[m 
16:47:04.788 [35mDEBUG[m - http-8383-exec-1  - TransfertFile [35mcopyFile (fileChannel) - Copie de 'C:\Osys\QUARTIS_PRO\quartis-pro-web\Standard\OPTIMA_10_Personnel\language.properties'...[m 
16:47:04.788 [35mDEBUG[m - http-8383-exec-1  - TransfertFile [35mcopyFile (fileChannel) - Fin de la copie.[m 
16:47:04.788 [35mDEBUG[m - http-8383-exec-1  - TransfertFile [35mcopyFile (pls) - Copie du fichier 2/18 : 'C:\Osys\QUARTIS_PRO\quartis-pro-web\Standard\OPTIMA_15_Equipement\language.properties'.[m 
16:47:04.788 [35mDEBUG[m - http-8383-exec-1  - TransfertFile [35mcopyFile (fileChannel) - Copie de 'C:\Osys\QUARTIS_PRO\quartis-pro-web\Standard\OPTIMA_15_Equipement\language.properties'...[m 
16:47:04.789 [35mDEBUG[m - http-8383-exec-1  - TransfertFile [35mcopyFile (fileChannel) - Fin de la copie.[m 
16:47:04.789 [35mDEBUG[m - http-8383-exec-1  - TransfertFile [35mcopyFile (pls) - Copie du fichier 3/18 : 'C:\Osys\QUARTIS_PRO\quartis-pro-web\Standard\OPTIMA_20_Production\language.properties'.[m 
16:47:04.789 [35mDEBUG[m - http-8383-exec-1  - TransfertFile [35mcopyFile (fileChannel) - Copie de 'C:\Osys\QUARTIS_PRO\quartis-pro-web\Standard\OPTIMA_20_Production\language.properties'...[m 
16:47:04.789 [35mDEBUG[m - http-8383-exec-1  - TransfertFile [35mcopyFile (fileChannel) - Fin de la copie.[m 
16:47:04.789 [35mDEBUG[m - http-8383-exec-1  - TransfertFile [35mcopyFile (pls) - Copie du fichier 4/18 : 'C:\Osys\QUARTIS_PRO\quartis-pro-web\Standard\OPTIMA_30_Outil\language.properties'.[m 
16:47:04.789 [35mDEBUG[m - http-8383-exec-1  - TransfertFile [35mcopyFile (fileChannel) - Copie de 'C:\Osys\QUARTIS_PRO\quartis-pro-web\Standard\OPTIMA_30_Outil\language.properties'...[m 
16:47:04.789 [35mDEBUG[m - http-8383-exec-1  - TransfertFile [35mcopyFile (fileChannel) - Fin de la copie.[m 
16:47:04.789 [35mDEBUG[m - http-8383-exec-1  - TransfertFile [35mcopyFile (pls) - Copie du fichier 5/18 : 'C:\Osys\QUARTIS_PRO\quartis-pro-web\Standard\OPTIMA_40_Maintenance\language.properties'.[m 
16:47:04.789 [35mDEBUG[m - http-8383-exec-1  - TransfertFile [35mcopyFile (fileChannel) - Copie de 'C:\Osys\QUARTIS_PRO\quartis-pro-web\Standard\OPTIMA_40_Maintenance\language.properties'...[m 
16:47:04.790 [35mDEBUG[m - http-8383-exec-1  - TransfertFile [35mcopyFile (fileChannel) - Fin de la copie.[m 
16:47:04.790 [35mDEBUG[m - http-8383-exec-1  - TransfertFile [35mcopyFile (pls) - Copie du fichier 6/18 : 'C:\Osys\QUARTIS_PRO\quartis-pro-web\Standard\OPTIMA_45_Controle\language.properties'.[m 
16:47:04.790 [35mDEBUG[m - http-8383-exec-1  - TransfertFile [35mcopyFile (fileChannel) - Copie de 'C:\Osys\QUARTIS_PRO\quartis-pro-web\Standard\OPTIMA_45_Controle\language.properties'...[m 
16:47:04.790 [35mDEBUG[m - http-8383-exec-1  - TransfertFile [35mcopyFile (fileChannel) - Fin de la copie.[m 
16:47:04.790 [35mDEBUG[m - http-8383-exec-1  - TransfertFile [35mcopyFile (pls) - Copie du fichier 7/18 : 'C:\Osys\QUARTIS_PRO\quartis-pro-web\Standard\OPTIMA_50_GF\language.properties'.[m 
16:47:04.790 [35mDEBUG[m - http-8383-exec-1  - TransfertFile [35mcopyFile (fileChannel) - Copie de 'C:\Osys\QUARTIS_PRO\quartis-pro-web\Standard\OPTIMA_50_GF\language.properties'...[m 
16:47:04.790 [35mDEBUG[m - http-8383-exec-1  - TransfertFile [35mcopyFile (fileChannel) - Fin de la copie.[m 
16:47:04.790 [35mDEBUG[m - http-8383-exec-1  - TransfertFile [35mcopyFile (pls) - Copie du fichier 8/18 : 'C:\Osys\QUARTIS_PRO\quartis-pro-web\Standard\OPTIMA_60_Tiers\language.properties'.[m 
16:47:04.790 [35mDEBUG[m - http-8383-exec-1  - TransfertFile [35mcopyFile (fileChannel) - Copie de 'C:\Osys\QUARTIS_PRO\quartis-pro-web\Standard\OPTIMA_60_Tiers\language.properties'...[m 
16:47:04.791 [35mDEBUG[m - http-8383-exec-1  - TransfertFile [35mcopyFile (fileChannel) - Fin de la copie.[m 
16:47:04.791 [35mDEBUG[m - http-8383-exec-1  - TransfertFile [35mcopyFile (pls) - Copie du fichier 9/18 : 'C:\Osys\QUARTIS_PRO\quartis-pro-web\Standard\OPTIMA_70_Tracabilite\language.properties'.[m 
16:47:04.791 [35mDEBUG[m - http-8383-exec-1  - TransfertFile [35mcopyFile (fileChannel) - Copie de 'C:\Osys\QUARTIS_PRO\quartis-pro-web\Standard\OPTIMA_70_Tracabilite\language.properties'...[m 
16:47:04.791 [35mDEBUG[m - http-8383-exec-1  - TransfertFile [35mcopyFile (fileChannel) - Fin de la copie.[m 
16:47:04.791 [35mDEBUG[m - http-8383-exec-1  - TransfertFile [35mcopyFile (pls) - Copie du fichier 10/18 : 'C:\Osys\QUARTIS_PRO\quartis-pro-web\Standard\OPTIMA_80_Documents\language.properties'.[m 
16:47:04.791 [35mDEBUG[m - http-8383-exec-1  - TransfertFile [35mcopyFile (fileChannel) - Copie de 'C:\Osys\QUARTIS_PRO\quartis-pro-web\Standard\OPTIMA_80_Documents\language.properties'...[m 
16:47:04.791 [35mDEBUG[m - http-8383-exec-1  - TransfertFile [35mcopyFile (fileChannel) - Fin de la copie.[m 
16:47:04.791 [35mDEBUG[m - http-8383-exec-1  - TransfertFile [35mcopyFile (pls) - Copie du fichier 11/18 : 'C:\Osys\QUARTIS_PRO\quartis-pro-web\Standard\OPTIMA_90_GDT\language.properties'.[m 
16:47:04.791 [35mDEBUG[m - http-8383-exec-1  - TransfertFile [35mcopyFile (fileChannel) - Copie de 'C:\Osys\QUARTIS_PRO\quartis-pro-web\Standard\OPTIMA_90_GDT\language.properties'...[m 
16:47:04.792 [35mDEBUG[m - http-8383-exec-1  - TransfertFile [35mcopyFile (fileChannel) - Fin de la copie.[m 
16:47:04.792 [35mDEBUG[m - http-8383-exec-1  - TransfertFile [35mcopyFile (pls) - Copie du fichier 12/18 : 'C:\Osys\QUARTIS_PRO\quartis-pro-web\Standard\OPTIMA_98_About\language.properties'.[m 
16:47:04.792 [35mDEBUG[m - http-8383-exec-1  - TransfertFile [35mcopyFile (fileChannel) - Copie de 'C:\Osys\QUARTIS_PRO\quartis-pro-web\Standard\OPTIMA_98_About\language.properties'...[m 
16:47:04.792 [35mDEBUG[m - http-8383-exec-1  - TransfertFile [35mcopyFile (fileChannel) - Fin de la copie.[m 
16:47:04.792 [35mDEBUG[m - http-8383-exec-1  - TransfertFile [35mcopyFile (pls) - Copie du fichier 13/18 : 'C:\Osys\QUARTIS_PRO\quartis-pro-web\Standard\restrictions\language.properties'.[m 
16:47:04.792 [35mDEBUG[m - http-8383-exec-1  - TransfertFile [35mcopyFile (fileChannel) - Copie de 'C:\Osys\QUARTIS_PRO\quartis-pro-web\Standard\restrictions\language.properties'...[m 
16:47:04.792 [35mDEBUG[m - http-8383-exec-1  - TransfertFile [35mcopyFile (fileChannel) - Fin de la copie.[m 
16:47:04.792 [35mDEBUG[m - http-8383-exec-1  - TransfertFile [35mcopyFile (pls) - Copie du fichier 14/18 : 'C:\Osys\QUARTIS_PRO\quartis-pro-web\Standard\templates\pdf-footer\language.properties'.[m 
16:47:04.792 [35mDEBUG[m - http-8383-exec-1  - TransfertFile [35mcopyFile (fileChannel) - Copie de 'C:\Osys\QUARTIS_PRO\quartis-pro-web\Standard\templates\pdf-footer\language.properties'...[m 
16:47:04.792 [35mDEBUG[m - http-8383-exec-1  - TransfertFile [35mcopyFile (fileChannel) - Fin de la copie.[m 
16:47:04.793 [35mDEBUG[m - http-8383-exec-1  - TransfertFile [35mcopyFile (pls) - Copie du fichier 15/18 : 'C:\Osys\QUARTIS_PRO\quartis-pro-web\Standard\templates\pdf-header\language.properties'.[m 
16:47:04.793 [35mDEBUG[m - http-8383-exec-1  - TransfertFile [35mcopyFile (fileChannel) - Copie de 'C:\Osys\QUARTIS_PRO\quartis-pro-web\Standard\templates\pdf-header\language.properties'...[m 
16:47:04.793 [35mDEBUG[m - http-8383-exec-1  - TransfertFile [35mcopyFile (fileChannel) - Fin de la copie.[m 
16:47:04.793 [35mDEBUG[m - http-8383-exec-1  - TransfertFile [35mcopyFile (pls) - Copie du fichier 16/18 : 'C:\Osys\QUARTIS_PRO\quartis-pro-web\Specifiques\templates\pdf-footer\language.properties'.[m 
16:47:04.793 [35mDEBUG[m - http-8383-exec-1  - TransfertFile [35mcopyFile (fileChannel) - Copie de 'C:\Osys\QUARTIS_PRO\quartis-pro-web\Specifiques\templates\pdf-footer\language.properties'...[m 
16:47:04.793 [35mDEBUG[m - http-8383-exec-1  - TransfertFile [35mcopyFile (fileChannel) - Fin de la copie.[m 
16:47:04.794 [35mDEBUG[m - http-8383-exec-1  - TransfertFile [35mcopyFile (pls) - Copie du fichier 17/18 : 'C:\Osys\QUARTIS_PRO\quartis-pro-web\Specifiques\templates\pdf-header\language.properties'.[m 
16:47:04.794 [35mDEBUG[m - http-8383-exec-1  - TransfertFile [35mcopyFile (fileChannel) - Copie de 'C:\Osys\QUARTIS_PRO\quartis-pro-web\Specifiques\templates\pdf-header\language.properties'...[m 
16:47:04.794 [35mDEBUG[m - http-8383-exec-1  - TransfertFile [35mcopyFile (fileChannel) - Fin de la copie.[m 
16:47:04.794 [35mDEBUG[m - http-8383-exec-1  - TransfertFile [35mcopyFile (pls) - Fin de la copie.[m 
16:47:05.224 [35mDEBUG[m - http-8383-exec-1  - TransfertFile [35mcopyFile (pls) - Copie de 18 fichiers vers 'C:\Osys\QUARTIS_PRO\quartis-pro-web\users\administrateur\language_fr.properties'...[m 
16:47:05.224 [35mDEBUG[m - http-8383-exec-1  - TransfertFile [35mcopyFile (pls) - Copie du fichier 0/18 : 'C:\Osys\QUARTIS_PRO\quartis-pro-web\Standard\OPTIMA_00_Standard\language_fr.properties'.[m 
16:47:05.224 [35mDEBUG[m - http-8383-exec-1  - TransfertFile [35mcopyFile (fileChannel) - Copie de 'C:\Osys\QUARTIS_PRO\quartis-pro-web\Standard\OPTIMA_00_Standard\language_fr.properties'...[m 
16:47:05.225 [35mDEBUG[m - http-8383-exec-1  - TransfertFile [35mcopyFile (fileChannel) - Fin de la copie.[m 
16:47:05.225 [35mDEBUG[m - http-8383-exec-1  - TransfertFile [35mcopyFile (pls) - Copie du fichier 1/18 : 'C:\Osys\QUARTIS_PRO\quartis-pro-web\Standard\OPTIMA_10_Personnel\language_fr.properties'.[m 
16:47:05.225 [35mDEBUG[m - http-8383-exec-1  - TransfertFile [35mcopyFile (fileChannel) - Copie de 'C:\Osys\QUARTIS_PRO\quartis-pro-web\Standard\OPTIMA_10_Personnel\language_fr.properties'...[m 
16:47:05.225 [35mDEBUG[m - http-8383-exec-1  - TransfertFile [35mcopyFile (fileChannel) - Fin de la copie.[m 
16:47:05.225 [35mDEBUG[m - http-8383-exec-1  - TransfertFile [35mcopyFile (pls) - Copie du fichier 2/18 : 'C:\Osys\QUARTIS_PRO\quartis-pro-web\Standard\OPTIMA_15_Equipement\language_fr.properties'.[m 
16:47:05.225 [35mDEBUG[m - http-8383-exec-1  - TransfertFile [35mcopyFile (fileChannel) - Copie de 'C:\Osys\QUARTIS_PRO\quartis-pro-web\Standard\OPTIMA_15_Equipement\language_fr.properties'...[m 
16:47:05.226 [35mDEBUG[m - http-8383-exec-1  - TransfertFile [35mcopyFile (fileChannel) - Fin de la copie.[m 
16:47:05.226 [35mDEBUG[m - http-8383-exec-1  - TransfertFile [35mcopyFile (pls) - Copie du fichier 3/18 : 'C:\Osys\QUARTIS_PRO\quartis-pro-web\Standard\OPTIMA_20_Production\language_fr.properties'.[m 
16:47:05.226 [35mDEBUG[m - http-8383-exec-1  - TransfertFile [35mcopyFile (fileChannel) - Copie de 'C:\Osys\QUARTIS_PRO\quartis-pro-web\Standard\OPTIMA_20_Production\language_fr.properties'...[m 
16:47:05.226 [35mDEBUG[m - http-8383-exec-1  - TransfertFile [35mcopyFile (fileChannel) - Fin de la copie.[m 
16:47:05.226 [35mDEBUG[m - http-8383-exec-1  - TransfertFile [35mcopyFile (pls) - Copie du fichier 4/18 : 'C:\Osys\QUARTIS_PRO\quartis-pro-web\Standard\OPTIMA_30_Outil\language_fr.properties'.[m 
16:47:05.226 [35mDEBUG[m - http-8383-exec-1  - TransfertFile [35mcopyFile (fileChannel) - Copie de 'C:\Osys\QUARTIS_PRO\quartis-pro-web\Standard\OPTIMA_30_Outil\language_fr.properties'...[m 
16:47:05.226 [35mDEBUG[m - http-8383-exec-1  - TransfertFile [35mcopyFile (fileChannel) - Fin de la copie.[m 
16:47:05.226 [35mDEBUG[m - http-8383-exec-1  - TransfertFile [35mcopyFile (pls) - Copie du fichier 5/18 : 'C:\Osys\QUARTIS_PRO\quartis-pro-web\Standard\OPTIMA_40_Maintenance\language_fr.properties'.[m 
16:47:05.226 [35mDEBUG[m - http-8383-exec-1  - TransfertFile [35mcopyFile (fileChannel) - Copie de 'C:\Osys\QUARTIS_PRO\quartis-pro-web\Standard\OPTIMA_40_Maintenance\language_fr.properties'...[m 
16:47:05.227 [35mDEBUG[m - http-8383-exec-1  - TransfertFile [35mcopyFile (fileChannel) - Fin de la copie.[m 
16:47:05.227 [35mDEBUG[m - http-8383-exec-1  - TransfertFile [35mcopyFile (pls) - Copie du fichier 6/18 : 'C:\Osys\QUARTIS_PRO\quartis-pro-web\Standard\OPTIMA_45_Controle\language_fr.properties'.[m 
16:47:05.227 [35mDEBUG[m - http-8383-exec-1  - TransfertFile [35mcopyFile (fileChannel) - Copie de 'C:\Osys\QUARTIS_PRO\quartis-pro-web\Standard\OPTIMA_45_Controle\language_fr.properties'...[m 
16:47:05.227 [35mDEBUG[m - http-8383-exec-1  - TransfertFile [35mcopyFile (fileChannel) - Fin de la copie.[m 
16:47:05.227 [35mDEBUG[m - http-8383-exec-1  - TransfertFile [35mcopyFile (pls) - Copie du fichier 7/18 : 'C:\Osys\QUARTIS_PRO\quartis-pro-web\Standard\OPTIMA_50_GF\language_fr.properties'.[m 
16:47:05.227 [35mDEBUG[m - http-8383-exec-1  - TransfertFile [35mcopyFile (fileChannel) - Copie de 'C:\Osys\QUARTIS_PRO\quartis-pro-web\Standard\OPTIMA_50_GF\language_fr.properties'...[m 
16:47:05.227 [35mDEBUG[m - http-8383-exec-1  - TransfertFile [35mcopyFile (fileChannel) - Fin de la copie.[m 
16:47:05.227 [35mDEBUG[m - http-8383-exec-1  - TransfertFile [35mcopyFile (pls) - Copie du fichier 8/18 : 'C:\Osys\QUARTIS_PRO\quartis-pro-web\Standard\OPTIMA_60_Tiers\language_fr.properties'.[m 
16:47:05.227 [35mDEBUG[m - http-8383-exec-1  - TransfertFile [35mcopyFile (fileChannel) - Copie de 'C:\Osys\QUARTIS_PRO\quartis-pro-web\Standard\OPTIMA_60_Tiers\language_fr.properties'...[m 
16:47:05.227 [35mDEBUG[m - http-8383-exec-1  - TransfertFile [35mcopyFile (fileChannel) - Fin de la copie.[m 
16:47:05.228 [35mDEBUG[m - http-8383-exec-1  - TransfertFile [35mcopyFile (pls) - Copie du fichier 9/18 : 'C:\Osys\QUARTIS_PRO\quartis-pro-web\Standard\OPTIMA_70_Tracabilite\language_fr.properties'.[m 
16:47:05.228 [35mDEBUG[m - http-8383-exec-1  - TransfertFile [35mcopyFile (fileChannel) - Copie de 'C:\Osys\QUARTIS_PRO\quartis-pro-web\Standard\OPTIMA_70_Tracabilite\language_fr.properties'...[m 
16:47:05.228 [35mDEBUG[m - http-8383-exec-1  - TransfertFile [35mcopyFile (fileChannel) - Fin de la copie.[m 
16:47:05.228 [35mDEBUG[m - http-8383-exec-1  - TransfertFile [35mcopyFile (pls) - Copie du fichier 10/18 : 'C:\Osys\QUARTIS_PRO\quartis-pro-web\Standard\OPTIMA_80_Documents\language_fr.properties'.[m 
16:47:05.228 [35mDEBUG[m - http-8383-exec-1  - TransfertFile [35mcopyFile (fileChannel) - Copie de 'C:\Osys\QUARTIS_PRO\quartis-pro-web\Standard\OPTIMA_80_Documents\language_fr.properties'...[m 
16:47:05.228 [35mDEBUG[m - http-8383-exec-1  - TransfertFile [35mcopyFile (fileChannel) - Fin de la copie.[m 
16:47:05.228 [35mDEBUG[m - http-8383-exec-1  - TransfertFile [35mcopyFile (pls) - Copie du fichier 11/18 : 'C:\Osys\QUARTIS_PRO\quartis-pro-web\Standard\OPTIMA_90_GDT\language_fr.properties'.[m 
16:47:05.228 [35mDEBUG[m - http-8383-exec-1  - TransfertFile [35mcopyFile (fileChannel) - Copie de 'C:\Osys\QUARTIS_PRO\quartis-pro-web\Standard\OPTIMA_90_GDT\language_fr.properties'...[m 
16:47:05.228 [35mDEBUG[m - http-8383-exec-1  - TransfertFile [35mcopyFile (fileChannel) - Fin de la copie.[m 
16:47:05.229 [35mDEBUG[m - http-8383-exec-1  - TransfertFile [35mcopyFile (pls) - Copie du fichier 12/18 : 'C:\Osys\QUARTIS_PRO\quartis-pro-web\Standard\OPTIMA_98_About\language_fr.properties'.[m 
16:47:05.229 [35mDEBUG[m - http-8383-exec-1  - TransfertFile [35mcopyFile (fileChannel) - Copie de 'C:\Osys\QUARTIS_PRO\quartis-pro-web\Standard\OPTIMA_98_About\language_fr.properties'...[m 
16:47:05.229 [35mDEBUG[m - http-8383-exec-1  - TransfertFile [35mcopyFile (fileChannel) - Fin de la copie.[m 
16:47:05.229 [35mDEBUG[m - http-8383-exec-1  - TransfertFile [35mcopyFile (pls) - Copie du fichier 13/18 : 'C:\Osys\QUARTIS_PRO\quartis-pro-web\Standard\restrictions\language_fr.properties'.[m 
16:47:05.229 [35mDEBUG[m - http-8383-exec-1  - TransfertFile [35mcopyFile (fileChannel) - Copie de 'C:\Osys\QUARTIS_PRO\quartis-pro-web\Standard\restrictions\language_fr.properties'...[m 
16:47:05.229 [35mDEBUG[m - http-8383-exec-1  - TransfertFile [35mcopyFile (fileChannel) - Fin de la copie.[m 
16:47:05.229 [35mDEBUG[m - http-8383-exec-1  - TransfertFile [35mcopyFile (pls) - Copie du fichier 14/18 : 'C:\Osys\QUARTIS_PRO\quartis-pro-web\Standard\templates\pdf-footer\language_fr.properties'.[m 
16:47:05.229 [35mDEBUG[m - http-8383-exec-1  - TransfertFile [35mcopyFile (fileChannel) - Copie de 'C:\Osys\QUARTIS_PRO\quartis-pro-web\Standard\templates\pdf-footer\language_fr.properties'...[m 
16:47:05.229 [35mDEBUG[m - http-8383-exec-1  - TransfertFile [35mcopyFile (fileChannel) - Fin de la copie.[m 
16:47:05.230 [35mDEBUG[m - http-8383-exec-1  - TransfertFile [35mcopyFile (pls) - Copie du fichier 15/18 : 'C:\Osys\QUARTIS_PRO\quartis-pro-web\Standard\templates\pdf-header\language_fr.properties'.[m 
16:47:05.230 [35mDEBUG[m - http-8383-exec-1  - TransfertFile [35mcopyFile (fileChannel) - Copie de 'C:\Osys\QUARTIS_PRO\quartis-pro-web\Standard\templates\pdf-header\language_fr.properties'...[m 
16:47:05.230 [35mDEBUG[m - http-8383-exec-1  - TransfertFile [35mcopyFile (fileChannel) - Fin de la copie.[m 
16:47:05.230 [35mDEBUG[m - http-8383-exec-1  - TransfertFile [35mcopyFile (pls) - Copie du fichier 16/18 : 'C:\Osys\QUARTIS_PRO\quartis-pro-web\Specifiques\templates\pdf-footer\language_fr.properties'.[m 
16:47:05.230 [35mDEBUG[m - http-8383-exec-1  - TransfertFile [35mcopyFile (fileChannel) - Copie de 'C:\Osys\QUARTIS_PRO\quartis-pro-web\Specifiques\templates\pdf-footer\language_fr.properties'...[m 
16:47:05.230 [35mDEBUG[m - http-8383-exec-1  - TransfertFile [35mcopyFile (fileChannel) - Fin de la copie.[m 
16:47:05.230 [35mDEBUG[m - http-8383-exec-1  - TransfertFile [35mcopyFile (pls) - Copie du fichier 17/18 : 'C:\Osys\QUARTIS_PRO\quartis-pro-web\Specifiques\templates\pdf-header\language_fr.properties'.[m 
16:47:05.230 [35mDEBUG[m - http-8383-exec-1  - TransfertFile [35mcopyFile (fileChannel) - Copie de 'C:\Osys\QUARTIS_PRO\quartis-pro-web\Specifiques\templates\pdf-header\language_fr.properties'...[m 
16:47:05.230 [35mDEBUG[m - http-8383-exec-1  - TransfertFile [35mcopyFile (fileChannel) - Fin de la copie.[m 
16:47:05.230 [35mDEBUG[m - http-8383-exec-1  - TransfertFile [35mcopyFile (pls) - Fin de la copie.[m 
16:47:05.231 [35mDEBUG[m - http-8383-exec-1  - LanguageFileManager [35mbuildPropertiesGen - Création de 'C:\Osys\QUARTIS_PRO\quartis-pro-web\users\administrateur\language_fr.properties'...[m 
16:47:05.258 [35mDEBUG[m - http-8383-exec-1  - LanguageFileManager [35mbuildPropertiesGen - Fin de la création.[m 
16:47:09.151 [35mDEBUG[m - http-8383-exec-2  - TableDivTransformer [35mcreateFileName ()--> Nom du fichier export = _Standard_System_Event_List[m 
16:47:09.154 [35mDEBUG[m - http-8383-exec-2  - TableExcelTransformer [35mactionPerformed - Ecriture dans le fichier 'C:\Osys\QuartisTools\Tomcat\webapps\Quartis-Web\.\work\_0.0.0.0.0.0.0.1-administrateur\_Standard_System_Event_List\_Standard_System_Event_List.xls'...[m 
16:47:09.154 [35mDEBUG[m - http-8383-exec-2  - TableExcelTransformer [35mactionPerformed - Ecriture dans le fichier 'C:\Osys\QuartisTools\Tomcat\webapps\Quartis-Web\.\work\_0.0.0.0.0.0.0.1-administrateur\_Standard_System_Event_List\_Standard_System_Event_List.xls'...[m 
16:47:09.397 [35mDEBUG[m - http-8383-exec-2  - TableExcelTransformer [35mactionPerformed - Fin de l'écriture dans le fichier.[m 
16:47:09.484 [35mDEBUG[m - http-8383-exec-5  - TableDivTransformer [35mcreateFileName ()--> Nom du fichier export = _Standard_System_Event_List[m 
16:47:09.484 [35mDEBUG[m - http-8383-exec-5  - TableExcelTransformer [35mactionPerformed - Ecriture dans le fichier 'C:\Osys\QuartisTools\Tomcat\webapps\Quartis-Web\.\work\_0.0.0.0.0.0.0.1-administrateur\_Standard_System_Event_List\_Standard_System_Event_List.xls'...[m 
16:47:09.484 [35mDEBUG[m - http-8383-exec-5  - TableExcelTransformer [35mactionPerformed - Ecriture dans le fichier 'C:\Osys\QuartisTools\Tomcat\webapps\Quartis-Web\.\work\_0.0.0.0.0.0.0.1-administrateur\_Standard_System_Event_List\_Standard_System_Event_List.xls'...[m 
16:47:09.492 [35mDEBUG[m - http-8383-exec-5  - TableExcelTransformer [35mactionPerformed - Fin de l'écriture dans le fichier.[m 
16:47:10.190 [35mDEBUG[m - http-8383-exec-3  - TableDivTransformer [35mbuildLevel1Or2 ()--> Nom du fichier export2 = Table-[m 
16:47:10.193 [1;31mERROR[m - http-8383-exec-3  - AjaxAction  quartisspv.action.ActionException: Erreur : transformation XML du superviseur impossible.
	at quartisspv.action.level1.Level1RefreshAction.processPerformed(Level1RefreshAction.java:74)
	at quartisspv.action.AjaxAction.actionPerformed(AjaxAction.java:33)
	at quartisspv.action.AbstractAction.run(AbstractAction.java:94)
	at quartisspv.servlet.ActionServlet.processRequest(ActionServlet.java:76)
	at quartisspv.servlet.ActionServlet.doPost(ActionServlet.java:117)
	at javax.servlet.http.HttpServlet.service(HttpServlet.java:637)
	at javax.servlet.http.HttpServlet.service(HttpServlet.java:717)
	at org.apache.catalina.core.ApplicationFilterChain.internalDoFilter(ApplicationFilterChain.java:290)
	at org.apache.catalina.core.ApplicationFilterChain.doFilter(ApplicationFilterChain.java:206)
	at net.bull.javamelody.MonitoringFilter.doFilter(MonitoringFilter.java:201)
	at net.bull.javamelody.MonitoringFilter.doFilter(MonitoringFilter.java:178)
	at org.apache.catalina.core.ApplicationFilterChain.internalDoFilter(ApplicationFilterChain.java:235)
	at org.apache.catalina.core.ApplicationFilterChain.doFilter(ApplicationFilterChain.java:206)
	at org.apache.logging.log4j.web.Log4jServletFilter.doFilter(Log4jServletFilter.java:71)
	at org.apache.catalina.core.ApplicationFilterChain.internalDoFilter(ApplicationFilterChain.java:235)
	at org.apache.catalina.core.ApplicationFilterChain.doFilter(ApplicationFilterChain.java:206)
	at quartisweb.servlet.EncodingFilter.doFilter(EncodingFilter.java:26)
	at org.apache.catalina.core.ApplicationFilterChain.internalDoFilter(ApplicationFilterChain.java:235)
	at org.apache.catalina.core.ApplicationFilterChain.doFilter(ApplicationFilterChain.java:206)
	at quartisweb.filter.FiltreSession.doFilter(FiltreSession.java:151)
	at org.apache.catalina.core.ApplicationFilterChain.internalDoFilter(ApplicationFilterChain.java:235)
	at org.apache.catalina.core.ApplicationFilterChain.doFilter(ApplicationFilterChain.java:206)
	at org.apache.catalina.core.StandardWrapperValve.invoke(StandardWrapperValve.java:233)
	at org.apache.catalina.core.StandardContextValve.invoke(StandardContextValve.java:191)
	at org.apache.catalina.core.StandardHostValve.invoke(StandardHostValve.java:127)
	at org.apache.catalina.valves.ErrorReportValve.invoke(ErrorReportValve.java:102)
	at org.apache.catalina.core.StandardEngineValve.invoke(StandardEngineValve.java:109)
	at org.apache.catalina.connector.CoyoteAdapter.service(CoyoteAdapter.java:298)
	at org.apache.coyote.http11.Http11NioProcessor.process(Http11NioProcessor.java:886)
	at org.apache.coyote.http11.Http11NioProtocol$Http11ConnectionHandler.process(Http11NioProtocol.java:721)
	at org.apache.tomcat.util.net.NioEndpoint$SocketProcessor.run(NioEndpoint.java:2256)
	at java.util.concurrent.ThreadPoolExecutor.runWorker(Unknown Source)
	at java.util.concurrent.ThreadPoolExecutor$Worker.run(Unknown Source)
	at java.lang.Thread.run(Unknown Source)
Caused by: javax.xml.transform.TransformerException: org.xml.sax.SAXException
ClientAbortException:  java.io.IOException: Une connexion établie a été abandonnée par un logiciel de votre ordinateur hôte
	at org.apache.xalan.transformer.TransformerIdentityImpl.transform(TransformerIdentityImpl.java:400)
	at quartisspv.action.level1.Level1RefreshAction.processPerformed(Level1RefreshAction.java:69)
	... 33 more
Caused by: org.xml.sax.SAXException
ClientAbortException:  java.io.IOException: Une connexion établie a été abandonnée par un logiciel de votre ordinateur hôte
	at org.apache.xml.serializer.ToStream.endElement(ToStream.java:2253)
	at org.apache.xalan.transformer.TransformerIdentityImpl.endElement(TransformerIdentityImpl.java:1101)
	at org.apache.xml.serializer.TreeWalker.endNode(TreeWalker.java:460)
	at org.apache.xml.serializer.TreeWalker.traverse(TreeWalker.java:151)
	at org.apache.xalan.transformer.TransformerIdentityImpl.transform(TransformerIdentityImpl.java:389)
	... 34 more
Caused by: ClientAbortException:  java.io.IOException: Une connexion établie a été abandonnée par un logiciel de votre ordinateur hôte
	at org.apache.catalina.connector.OutputBuffer.realWriteBytes(OutputBuffer.java:358)
	at org.apache.tomcat.util.buf.ByteChunk.append(ByteChunk.java:323)
	at org.apache.catalina.connector.OutputBuffer.writeBytes(OutputBuffer.java:381)
	at org.apache.catalina.connector.OutputBuffer.write(OutputBuffer.java:370)
	at org.apache.catalina.connector.CoyoteOutputStream.write(CoyoteOutputStream.java:89)
	at net.bull.javamelody.FilterServletOutputStream.write(FilterServletOutputStream.java:88)
	at net.bull.javamelody.CounterResponseStream.write(CounterResponseStream.java:82)
	at sun.nio.cs.StreamEncoder.writeBytes(Unknown Source)
	at sun.nio.cs.StreamEncoder.implWrite(Unknown Source)
	at sun.nio.cs.StreamEncoder.write(Unknown Source)
	at sun.nio.cs.StreamEncoder.write(Unknown Source)
	at java.io.OutputStreamWriter.write(Unknown Source)
	at org.apache.xml.serializer.ToStream.writeAttrString(ToStream.java:2155)
	at org.apache.xml.serializer.ToStream.processAttributes(ToStream.java:2079)
	at org.apache.xml.serializer.ToStream.endElement(ToStream.java:2224)
	... 38 more
Caused by: java.io.IOException: Une connexion établie a été abandonnée par un logiciel de votre ordinateur hôte
	at sun.nio.ch.SocketDispatcher.write0(Native Method)
	at sun.nio.ch.SocketDispatcher.write(Unknown Source)
	at sun.nio.ch.IOUtil.writeFromNativeBuffer(Unknown Source)
	at sun.nio.ch.IOUtil.write(Unknown Source)
	at sun.nio.ch.SocketChannelImpl.write(Unknown Source)
	at org.apache.tomcat.util.net.NioChannel.write(NioChannel.java:116)
	at org.apache.tomcat.util.net.NioBlockingSelector.write(NioBlockingSelector.java:93)
	at org.apache.tomcat.util.net.NioSelectorPool.write(NioSelectorPool.java:156)
	at org.apache.coyote.http11.InternalNioOutputBuffer.writeToSocket(InternalNioOutputBuffer.java:440)
	at org.apache.coyote.http11.InternalNioOutputBuffer.flushBuffer(InternalNioOutputBuffer.java:784)
	at org.apache.coyote.http11.InternalNioOutputBuffer.addToBB(InternalNioOutputBuffer.java:624)
	at org.apache.coyote.http11.InternalNioOutputBuffer.access$000(InternalNioOutputBuffer.java:46)
	at org.apache.coyote.http11.InternalNioOutputBuffer$SocketOutputBuffer.doWrite(InternalNioOutputBuffer.java:809)
	at org.apache.coyote.http11.filters.ChunkedOutputFilter.doWrite(ChunkedOutputFilter.java:126)
	at org.apache.coyote.http11.InternalNioOutputBuffer.doWrite(InternalNioOutputBuffer.java:590)
	at org.apache.coyote.Response.doWrite(Response.java:560)
	at org.apache.catalina.connector.OutputBuffer.realWriteBytes(OutputBuffer.java:353)
	... 52 more

16:47:10.195 [1;31mERROR[m - http-8383-exec-3  - FiltreSession [1;31mErreur relevée par le filtre général : null[m ClientAbortException:  java.io.IOException: Une connexion établie a été abandonnée par un logiciel de votre ordinateur hôte
	at org.apache.catalina.connector.OutputBuffer.doFlush(OutputBuffer.java:319)
	at org.apache.catalina.connector.OutputBuffer.flush(OutputBuffer.java:288)
	at org.apache.catalina.connector.CoyoteOutputStream.flush(CoyoteOutputStream.java:98)
	at net.bull.javamelody.FilterServletOutputStream.flush(FilterServletOutputStream.java:69)
	at sun.nio.cs.StreamEncoder.implFlush(Unknown Source)
	at sun.nio.cs.StreamEncoder.flush(Unknown Source)
	at java.io.OutputStreamWriter.flush(Unknown Source)
	at quartisspv.action.AjaxAction.actionPerformed(AjaxAction.java:41)
	at quartisspv.action.AbstractAction.run(AbstractAction.java:94)
	at quartisspv.servlet.ActionServlet.processRequest(ActionServlet.java:76)
	at quartisspv.servlet.ActionServlet.doPost(ActionServlet.java:117)
	at javax.servlet.http.HttpServlet.service(HttpServlet.java:637)
	at javax.servlet.http.HttpServlet.service(HttpServlet.java:717)
	at org.apache.catalina.core.ApplicationFilterChain.internalDoFilter(ApplicationFilterChain.java:290)
	at org.apache.catalina.core.ApplicationFilterChain.doFilter(ApplicationFilterChain.java:206)
	at net.bull.javamelody.MonitoringFilter.doFilter(MonitoringFilter.java:201)
	at net.bull.javamelody.MonitoringFilter.doFilter(MonitoringFilter.java:178)
	at org.apache.catalina.core.ApplicationFilterChain.internalDoFilter(ApplicationFilterChain.java:235)
	at org.apache.catalina.core.ApplicationFilterChain.doFilter(ApplicationFilterChain.java:206)
	at org.apache.logging.log4j.web.Log4jServletFilter.doFilter(Log4jServletFilter.java:71)
	at org.apache.catalina.core.ApplicationFilterChain.internalDoFilter(ApplicationFilterChain.java:235)
	at org.apache.catalina.core.ApplicationFilterChain.doFilter(ApplicationFilterChain.java:206)
	at quartisweb.servlet.EncodingFilter.doFilter(EncodingFilter.java:26)
	at org.apache.catalina.core.ApplicationFilterChain.internalDoFilter(ApplicationFilterChain.java:235)
	at org.apache.catalina.core.ApplicationFilterChain.doFilter(ApplicationFilterChain.java:206)
	at quartisweb.filter.FiltreSession.doFilter(FiltreSession.java:151)
	at org.apache.catalina.core.ApplicationFilterChain.internalDoFilter(ApplicationFilterChain.java:235)
	at org.apache.catalina.core.ApplicationFilterChain.doFilter(ApplicationFilterChain.java:206)
	at org.apache.catalina.core.StandardWrapperValve.invoke(StandardWrapperValve.java:233)
	at org.apache.catalina.core.StandardContextValve.invoke(StandardContextValve.java:191)
	at org.apache.catalina.core.StandardHostValve.invoke(StandardHostValve.java:127)
	at org.apache.catalina.valves.ErrorReportValve.invoke(ErrorReportValve.java:102)
	at org.apache.catalina.core.StandardEngineValve.invoke(StandardEngineValve.java:109)
	at org.apache.catalina.connector.CoyoteAdapter.service(CoyoteAdapter.java:298)
	at org.apache.coyote.http11.Http11NioProcessor.process(Http11NioProcessor.java:886)
	at org.apache.coyote.http11.Http11NioProtocol$Http11ConnectionHandler.process(Http11NioProtocol.java:721)
	at org.apache.tomcat.util.net.NioEndpoint$SocketProcessor.run(NioEndpoint.java:2256)
	at java.util.concurrent.ThreadPoolExecutor.runWorker(Unknown Source)
	at java.util.concurrent.ThreadPoolExecutor$Worker.run(Unknown Source)
	at java.lang.Thread.run(Unknown Source)
Caused by: java.io.IOException: Une connexion établie a été abandonnée par un logiciel de votre ordinateur hôte
	at sun.nio.ch.SocketDispatcher.write0(Native Method)
	at sun.nio.ch.SocketDispatcher.write(Unknown Source)
	at sun.nio.ch.IOUtil.writeFromNativeBuffer(Unknown Source)
	at sun.nio.ch.IOUtil.write(Unknown Source)
	at sun.nio.ch.SocketChannelImpl.write(Unknown Source)
	at org.apache.tomcat.util.net.NioChannel.write(NioChannel.java:116)
	at org.apache.tomcat.util.net.NioBlockingSelector.write(NioBlockingSelector.java:93)
	at org.apache.tomcat.util.net.NioSelectorPool.write(NioSelectorPool.java:156)
	at org.apache.coyote.http11.InternalNioOutputBuffer.writeToSocket(InternalNioOutputBuffer.java:440)
	at org.apache.coyote.http11.InternalNioOutputBuffer.flushBuffer(InternalNioOutputBuffer.java:784)
	at org.apache.coyote.http11.InternalNioOutputBuffer.flush(InternalNioOutputBuffer.java:300)
	at org.apache.coyote.http11.Http11NioProcessor.action(Http11NioProcessor.java:1063)
	at org.apache.coyote.Response.action(Response.java:183)
	at org.apache.catalina.connector.OutputBuffer.doFlush(OutputBuffer.java:314)
	... 39 more

16:47:18.145 [35mDEBUG[m - http-8383-exec-4  - TableDivTransformer [35mcreateFileName ()--> Nom du fichier export = _Standard_System_Event_List[m 
16:47:18.145 [35mDEBUG[m - http-8383-exec-4  - TableExcelTransformer [35mactionPerformed - Ecriture dans le fichier 'C:\Osys\QuartisTools\Tomcat\webapps\Quartis-Web\.\work\_0.0.0.0.0.0.0.1-administrateur\_Standard_System_Event_List\_Standard_System_Event_List.xls'...[m 
16:47:18.145 [35mDEBUG[m - http-8383-exec-4  - TableExcelTransformer [35mactionPerformed - Ecriture dans le fichier 'C:\Osys\QuartisTools\Tomcat\webapps\Quartis-Web\.\work\_0.0.0.0.0.0.0.1-administrateur\_Standard_System_Event_List\_Standard_System_Event_List.xls'...[m 
16:47:18.153 [35mDEBUG[m - http-8383-exec-4  - TableExcelTransformer [35mactionPerformed - Fin de l'écriture dans le fichier.[m 
Unable to load config file.
17:11:56.584 [35mDEBUG[m - http-8383-exec-5  - FiltreSession [35mdoFilter - UCS indique que l'utilisateur n'est pas connecté[m 
17:11:56.607 [35mDEBUG[m - http-8383-exec-5  - FiltreSession [35mRequête pour page non login (http://localhost:8383/Quartis-Web/xxx.cas?action=deconnexion&userID=administrateur) mais pas de user en session.[m 
10:08:01.575 [35mDEBUG[m - http-8383-exec-1  - AuthManagedBean [35mautoconnect - Tentative de connexion SSO...[m 
10:08:01.577 [35mDEBUG[m - http-8383-exec-1  - ConnexionManagedBean [35mUser renseigné par filtre SSO LDAP : null[m 
10:08:01.577 [35mDEBUG[m - http-8383-exec-1  - ConnexionManagedBean [35mldapActive = false[m 
10:08:01.577 [35mDEBUG[m - http-8383-exec-1  - AuthManagedBean [35mautoconnect - Echec de la connexion par SSO.[m 
10:08:05.321 [35mDEBUG[m - http-8383-exec-3  - LoginManagedBean [35muser.id = administrateur, connecté par login/mdp Osys[m 
10:08:05.322 [1;31mERROR[m - http-8383-exec-3  - ConnexionManagedBean [1;31mIdentifiant de la licence invalide.[m 
2018-11-14 10:08:56.968 [Thread-2] INFO  org.quartz.core.QuartzScheduler[653]-Scheduler schedulerBean_$_NON_CLUSTERED shutting down.
2018-11-14 10:08:56.968 [Thread-2] INFO  org.quartz.core.QuartzScheduler[572]-Scheduler schedulerBean_$_NON_CLUSTERED paused.
2018-11-14 10:08:56.968 [Thread-2] INFO  org.quartz.core.QuartzScheduler[725]-Scheduler schedulerBean_$_NON_CLUSTERED shutdown complete.
10:08:58.319 [34m INFO[m - Thread-2          - PropertiesDelegate [34mDestruction du properties manager ![m 
2018-11-14 10:09:05.173 [Thread-2] INFO  org.quartz.core.QuartzScheduler[653]-Scheduler schedulerBean_$_NON_CLUSTERED shutting down.
2018-11-14 10:09:05.173 [Thread-2] INFO  org.quartz.core.QuartzScheduler[572]-Scheduler schedulerBean_$_NON_CLUSTERED paused.
2018-11-14 10:09:05.173 [Thread-2] INFO  org.quartz.core.QuartzScheduler[725]-Scheduler schedulerBean_$_NON_CLUSTERED shutdown complete.
