16:03:45.848 [35mDEBUG[m - Thread-2          - TomcatListener [35mcontextInitialized - servletContext.realPath : C:\Osys\QuartisTools\Tomcat\webapps\Quartis-Web[m 
16:03:45.895 [34m INFO[m - Thread-2          - PropertiesDelegate [34mOuverture du fichier de configuration à l'emplacement : C:\Osys\QuartisTools\Tomcat/conf/quartis-web.properties[m 
16:03:46.160 [34m INFO[m - Thread-2          - TomcatListener [34m-----> Supression des fichier temporaires[m 
16:03:50.765 [34m INFO[m - Thread-2          - TomcatListener [34mOuverture du fichier indiquant la base de données : C:\Osys\QuartisTools\Tomcat/conf/datasources.xml...[m 
16:03:54.088 [34m INFO[m - Thread-2          - DataSourceManager [34mCréation de la datasource : QuartisWeb-PU[m 
SLF4J: Class path contains multiple SLF4J bindings.
SLF4J: Found binding in [jar:file:/C:/Osys/QuartisTools/Tomcat/lib/slf4j-log4j12-1.7.12.jar!/org/slf4j/impl/StaticLoggerBinder.class]
SLF4J: Found binding in [jar:file:/C:/Osys/QuartisTools/Tomcat/webapps/Quartis-OptimaCjj/WEB-INF/lib/logback-classic-0.9.28.jar!/org/slf4j/impl/StaticLoggerBinder.class]
SLF4J: See http://www.slf4j.org/codes.html#multiple_bindings for an explanation.
2019-03-29 16:04:52.086 [Thread-2] INFO  org.quartz.impl.StdSchedulerFactory[1157]-Using default implementation for ThreadExecutor
2019-03-29 16:04:52.164 [Thread-2] INFO  org.quartz.core.SchedulerSignalerImpl[61]-Initialized Scheduler Signaller of type: class org.quartz.core.SchedulerSignalerImpl
2019-03-29 16:04:52.164 [Thread-2] INFO  org.quartz.core.QuartzScheduler[243]-Quartz Scheduler v.2.1.6 created.
2019-03-29 16:04:52.164 [Thread-2] INFO  org.quartz.simpl.RAMJobStore[154]-RAMJobStore initialized.
2019-03-29 16:04:52.164 [Thread-2] INFO  org.quartz.core.QuartzScheduler[268]-Scheduler meta-data: Quartz Scheduler (v2.1.6) 'schedulerBean' with instanceId 'NON_CLUSTERED'
  Scheduler class: 'org.quartz.core.QuartzScheduler' - running locally.
  NOT STARTED.
  Currently in standby mode.
  Number of jobs executed: 0
  Using thread pool 'org.quartz.simpl.SimpleThreadPool' - with 10 threads.
  Using job-store 'org.quartz.simpl.RAMJobStore' - which does not support persistence. and is not clustered.

2019-03-29 16:04:52.164 [Thread-2] INFO  org.quartz.impl.StdSchedulerFactory[1306]-Quartz scheduler 'schedulerBean' initialized from an externally provided properties instance.
2019-03-29 16:04:52.164 [Thread-2] INFO  org.quartz.impl.StdSchedulerFactory[1310]-Quartz scheduler version: 2.1.6
2019-03-29 16:04:52.164 [Thread-2] INFO  org.quartz.core.QuartzScheduler[2247]-JobFactory set to: org.springframework.scheduling.quartz.SpringBeanJobFactory@3e0cd7c3
SLF4J: Class path contains multiple SLF4J bindings.
SLF4J: Found binding in [jar:file:/C:/Osys/QuartisTools/Tomcat/lib/slf4j-log4j12-1.7.12.jar!/org/slf4j/impl/StaticLoggerBinder.class]
SLF4J: Found binding in [jar:file:/C:/Osys/QuartisTools/Tomcat/webapps/Quartis-OptimaTml/WEB-INF/lib/logback-classic-0.9.28.jar!/org/slf4j/impl/StaticLoggerBinder.class]
SLF4J: See http://www.slf4j.org/codes.html#multiple_bindings for an explanation.
2019-03-29 16:05:04.941 [Thread-2] INFO  org.quartz.impl.StdSchedulerFactory[1157]-Using default implementation for ThreadExecutor
2019-03-29 16:05:04.987 [Thread-2] INFO  org.quartz.core.SchedulerSignalerImpl[61]-Initialized Scheduler Signaller of type: class org.quartz.core.SchedulerSignalerImpl
2019-03-29 16:05:04.987 [Thread-2] INFO  org.quartz.core.QuartzScheduler[243]-Quartz Scheduler v.2.1.6 created.
2019-03-29 16:05:04.987 [Thread-2] INFO  org.quartz.simpl.RAMJobStore[154]-RAMJobStore initialized.
2019-03-29 16:05:04.987 [Thread-2] INFO  org.quartz.core.QuartzScheduler[268]-Scheduler meta-data: Quartz Scheduler (v2.1.6) 'schedulerBean' with instanceId 'NON_CLUSTERED'
  Scheduler class: 'org.quartz.core.QuartzScheduler' - running locally.
  NOT STARTED.
  Currently in standby mode.
  Number of jobs executed: 0
  Using thread pool 'org.quartz.simpl.SimpleThreadPool' - with 10 threads.
  Using job-store 'org.quartz.simpl.RAMJobStore' - which does not support persistence. and is not clustered.

2019-03-29 16:05:04.987 [Thread-2] INFO  org.quartz.impl.StdSchedulerFactory[1306]-Quartz scheduler 'schedulerBean' initialized from an externally provided properties instance.
2019-03-29 16:05:04.987 [Thread-2] INFO  org.quartz.impl.StdSchedulerFactory[1310]-Quartz scheduler version: 2.1.6
2019-03-29 16:05:04.987 [Thread-2] INFO  org.quartz.core.QuartzScheduler[2247]-JobFactory set to: org.springframework.scheduling.quartz.SpringBeanJobFactory@ac6f28e
2019-03-29 16:07:05.076 [Thread-2] INFO  org.quartz.core.QuartzScheduler[653]-Scheduler schedulerBean_$_NON_CLUSTERED shutting down.
2019-03-29 16:07:05.076 [Thread-2] INFO  org.quartz.core.QuartzScheduler[572]-Scheduler schedulerBean_$_NON_CLUSTERED paused.
2019-03-29 16:07:05.092 [Thread-2] INFO  org.quartz.core.QuartzScheduler[725]-Scheduler schedulerBean_$_NON_CLUSTERED shutdown complete.
16:07:06.917 [34m INFO[m - Thread-2          - PropertiesDelegate [34mDestruction du properties manager ![m 
2019-03-29 16:07:09.257 [Thread-2] INFO  org.quartz.core.QuartzScheduler[653]-Scheduler schedulerBean_$_NON_CLUSTERED shutting down.
2019-03-29 16:07:09.257 [Thread-2] INFO  org.quartz.core.QuartzScheduler[572]-Scheduler schedulerBean_$_NON_CLUSTERED paused.
2019-03-29 16:07:09.273 [Thread-2] INFO  org.quartz.core.QuartzScheduler[725]-Scheduler schedulerBean_$_NON_CLUSTERED shutdown complete.
16:07:59.536 [35mDEBUG[m - Thread-2          - TomcatListener [35mcontextInitialized - servletContext.realPath : C:\Osys\QuartisTools\Tomcat\webapps\Quartis-Web[m 
16:07:59.552 [34m INFO[m - Thread-2          - PropertiesDelegate [34mOuverture du fichier de configuration à l'emplacement : C:\Osys\QuartisTools\Tomcat/conf/quartis-web.properties[m 
16:07:59.599 [34m INFO[m - Thread-2          - TomcatListener [34m-----> Supression des fichier temporaires[m 
16:07:59.755 [34m INFO[m - Thread-2          - TomcatListener [34mOuverture du fichier indiquant la base de données : C:\Osys\QuartisTools\Tomcat/conf/datasources.xml...[m 
16:07:59.864 [34m INFO[m - Thread-2          - DataSourceManager [34mCréation de la datasource : QuartisWeb-PU[m 
SLF4J: Class path contains multiple SLF4J bindings.
SLF4J: Found binding in [jar:file:/C:/Osys/QuartisTools/Tomcat/lib/slf4j-log4j12-1.7.12.jar!/org/slf4j/impl/StaticLoggerBinder.class]
SLF4J: Found binding in [jar:file:/C:/Osys/QuartisTools/Tomcat/webapps/Quartis-OptimaCjj/WEB-INF/lib/logback-classic-0.9.28.jar!/org/slf4j/impl/StaticLoggerBinder.class]
SLF4J: See http://www.slf4j.org/codes.html#multiple_bindings for an explanation.
2019-03-29 16:08:22.148 [Thread-2] INFO  org.quartz.impl.StdSchedulerFactory[1157]-Using default implementation for ThreadExecutor
2019-03-29 16:08:22.210 [Thread-2] INFO  org.quartz.core.SchedulerSignalerImpl[61]-Initialized Scheduler Signaller of type: class org.quartz.core.SchedulerSignalerImpl
2019-03-29 16:08:22.210 [Thread-2] INFO  org.quartz.core.QuartzScheduler[243]-Quartz Scheduler v.2.1.6 created.
2019-03-29 16:08:22.210 [Thread-2] INFO  org.quartz.simpl.RAMJobStore[154]-RAMJobStore initialized.
2019-03-29 16:08:22.210 [Thread-2] INFO  org.quartz.core.QuartzScheduler[268]-Scheduler meta-data: Quartz Scheduler (v2.1.6) 'schedulerBean' with instanceId 'NON_CLUSTERED'
  Scheduler class: 'org.quartz.core.QuartzScheduler' - running locally.
  NOT STARTED.
  Currently in standby mode.
  Number of jobs executed: 0
  Using thread pool 'org.quartz.simpl.SimpleThreadPool' - with 10 threads.
  Using job-store 'org.quartz.simpl.RAMJobStore' - which does not support persistence. and is not clustered.

2019-03-29 16:08:22.210 [Thread-2] INFO  org.quartz.impl.StdSchedulerFactory[1306]-Quartz scheduler 'schedulerBean' initialized from an externally provided properties instance.
2019-03-29 16:08:22.210 [Thread-2] INFO  org.quartz.impl.StdSchedulerFactory[1310]-Quartz scheduler version: 2.1.6
2019-03-29 16:08:22.210 [Thread-2] INFO  org.quartz.core.QuartzScheduler[2247]-JobFactory set to: org.springframework.scheduling.quartz.SpringBeanJobFactory@526382e0
SLF4J: Class path contains multiple SLF4J bindings.
SLF4J: Found binding in [jar:file:/C:/Osys/QuartisTools/Tomcat/lib/slf4j-log4j12-1.7.12.jar!/org/slf4j/impl/StaticLoggerBinder.class]
SLF4J: Found binding in [jar:file:/C:/Osys/QuartisTools/Tomcat/webapps/Quartis-OptimaTml/WEB-INF/lib/logback-classic-0.9.28.jar!/org/slf4j/impl/StaticLoggerBinder.class]
SLF4J: See http://www.slf4j.org/codes.html#multiple_bindings for an explanation.
2019-03-29 16:08:29.574 [Thread-2] INFO  org.quartz.impl.StdSchedulerFactory[1157]-Using default implementation for ThreadExecutor
2019-03-29 16:08:29.605 [Thread-2] INFO  org.quartz.core.SchedulerSignalerImpl[61]-Initialized Scheduler Signaller of type: class org.quartz.core.SchedulerSignalerImpl
2019-03-29 16:08:29.605 [Thread-2] INFO  org.quartz.core.QuartzScheduler[243]-Quartz Scheduler v.2.1.6 created.
2019-03-29 16:08:29.605 [Thread-2] INFO  org.quartz.simpl.RAMJobStore[154]-RAMJobStore initialized.
2019-03-29 16:08:29.605 [Thread-2] INFO  org.quartz.core.QuartzScheduler[268]-Scheduler meta-data: Quartz Scheduler (v2.1.6) 'schedulerBean' with instanceId 'NON_CLUSTERED'
  Scheduler class: 'org.quartz.core.QuartzScheduler' - running locally.
  NOT STARTED.
  Currently in standby mode.
  Number of jobs executed: 0
  Using thread pool 'org.quartz.simpl.SimpleThreadPool' - with 10 threads.
  Using job-store 'org.quartz.simpl.RAMJobStore' - which does not support persistence. and is not clustered.

2019-03-29 16:08:29.605 [Thread-2] INFO  org.quartz.impl.StdSchedulerFactory[1306]-Quartz scheduler 'schedulerBean' initialized from an externally provided properties instance.
2019-03-29 16:08:29.605 [Thread-2] INFO  org.quartz.impl.StdSchedulerFactory[1310]-Quartz scheduler version: 2.1.6
2019-03-29 16:08:29.605 [Thread-2] INFO  org.quartz.core.QuartzScheduler[2247]-JobFactory set to: org.springframework.scheduling.quartz.SpringBeanJobFactory@14d8fa7
2019-03-29 16:22:01.321 [Thread-2] INFO  org.quartz.core.QuartzScheduler[653]-Scheduler schedulerBean_$_NON_CLUSTERED shutting down.
2019-03-29 16:22:01.321 [Thread-2] INFO  org.quartz.core.QuartzScheduler[572]-Scheduler schedulerBean_$_NON_CLUSTERED paused.
2019-03-29 16:22:01.321 [Thread-2] INFO  org.quartz.core.QuartzScheduler[725]-Scheduler schedulerBean_$_NON_CLUSTERED shutdown complete.
16:22:02.429 [34m INFO[m - Thread-2          - PropertiesDelegate [34mDestruction du properties manager ![m 
2019-03-29 16:22:04.472 [Thread-2] INFO  org.quartz.core.QuartzScheduler[653]-Scheduler schedulerBean_$_NON_CLUSTERED shutting down.
2019-03-29 16:22:04.472 [Thread-2] INFO  org.quartz.core.QuartzScheduler[572]-Scheduler schedulerBean_$_NON_CLUSTERED paused.
2019-03-29 16:22:04.472 [Thread-2] INFO  org.quartz.core.QuartzScheduler[725]-Scheduler schedulerBean_$_NON_CLUSTERED shutdown complete.
16:22:43.613 [35mDEBUG[m - Thread-2          - TomcatListener [35mcontextInitialized - servletContext.realPath : C:\Osys\QuartisTools\Tomcat\webapps\Quartis-Web[m 
16:22:43.644 [34m INFO[m - Thread-2          - PropertiesDelegate [34mOuverture du fichier de configuration à l'emplacement : C:\Osys\QuartisTools\Tomcat/conf/quartis-web.properties[m 
16:22:43.706 [34m INFO[m - Thread-2          - TomcatListener [34m-----> Supression des fichier temporaires[m 
16:22:43.987 [34m INFO[m - Thread-2          - TomcatListener [34mOuverture du fichier indiquant la base de données : C:\Osys\QuartisTools\Tomcat/conf/datasources.xml...[m 
16:22:44.143 [34m INFO[m - Thread-2          - DataSourceManager [34mCréation de la datasource : QuartisWeb-PU[m 
SLF4J: Class path contains multiple SLF4J bindings.
SLF4J: Found binding in [jar:file:/C:/Osys/QuartisTools/Tomcat/lib/slf4j-log4j12-1.7.12.jar!/org/slf4j/impl/StaticLoggerBinder.class]
SLF4J: Found binding in [jar:file:/C:/Osys/QuartisTools/Tomcat/webapps/Quartis-OptimaCjj/WEB-INF/lib/logback-classic-0.9.28.jar!/org/slf4j/impl/StaticLoggerBinder.class]
SLF4J: See http://www.slf4j.org/codes.html#multiple_bindings for an explanation.
2019-03-29 16:23:08.185 [Thread-2] INFO  org.quartz.impl.StdSchedulerFactory[1157]-Using default implementation for ThreadExecutor
2019-03-29 16:23:08.325 [Thread-2] INFO  org.quartz.core.SchedulerSignalerImpl[61]-Initialized Scheduler Signaller of type: class org.quartz.core.SchedulerSignalerImpl
2019-03-29 16:23:08.325 [Thread-2] INFO  org.quartz.core.QuartzScheduler[243]-Quartz Scheduler v.2.1.6 created.
2019-03-29 16:23:08.325 [Thread-2] INFO  org.quartz.simpl.RAMJobStore[154]-RAMJobStore initialized.
2019-03-29 16:23:08.325 [Thread-2] INFO  org.quartz.core.QuartzScheduler[268]-Scheduler meta-data: Quartz Scheduler (v2.1.6) 'schedulerBean' with instanceId 'NON_CLUSTERED'
  Scheduler class: 'org.quartz.core.QuartzScheduler' - running locally.
  NOT STARTED.
  Currently in standby mode.
  Number of jobs executed: 0
  Using thread pool 'org.quartz.simpl.SimpleThreadPool' - with 10 threads.
  Using job-store 'org.quartz.simpl.RAMJobStore' - which does not support persistence. and is not clustered.

2019-03-29 16:23:08.325 [Thread-2] INFO  org.quartz.impl.StdSchedulerFactory[1306]-Quartz scheduler 'schedulerBean' initialized from an externally provided properties instance.
2019-03-29 16:23:08.325 [Thread-2] INFO  org.quartz.impl.StdSchedulerFactory[1310]-Quartz scheduler version: 2.1.6
2019-03-29 16:23:08.325 [Thread-2] INFO  org.quartz.core.QuartzScheduler[2247]-JobFactory set to: org.springframework.scheduling.quartz.SpringBeanJobFactory@4e5de70
SLF4J: Class path contains multiple SLF4J bindings.
SLF4J: Found binding in [jar:file:/C:/Osys/QuartisTools/Tomcat/lib/slf4j-log4j12-1.7.12.jar!/org/slf4j/impl/StaticLoggerBinder.class]
SLF4J: Found binding in [jar:file:/C:/Osys/QuartisTools/Tomcat/webapps/Quartis-OptimaTml/WEB-INF/lib/logback-classic-0.9.28.jar!/org/slf4j/impl/StaticLoggerBinder.class]
SLF4J: See http://www.slf4j.org/codes.html#multiple_bindings for an explanation.
2019-03-29 16:23:15.642 [Thread-2] INFO  org.quartz.impl.StdSchedulerFactory[1157]-Using default implementation for ThreadExecutor
2019-03-29 16:23:15.673 [Thread-2] INFO  org.quartz.core.SchedulerSignalerImpl[61]-Initialized Scheduler Signaller of type: class org.quartz.core.SchedulerSignalerImpl
2019-03-29 16:23:15.673 [Thread-2] INFO  org.quartz.core.QuartzScheduler[243]-Quartz Scheduler v.2.1.6 created.
2019-03-29 16:23:15.673 [Thread-2] INFO  org.quartz.simpl.RAMJobStore[154]-RAMJobStore initialized.
2019-03-29 16:23:15.673 [Thread-2] INFO  org.quartz.core.QuartzScheduler[268]-Scheduler meta-data: Quartz Scheduler (v2.1.6) 'schedulerBean' with instanceId 'NON_CLUSTERED'
  Scheduler class: 'org.quartz.core.QuartzScheduler' - running locally.
  NOT STARTED.
  Currently in standby mode.
  Number of jobs executed: 0
  Using thread pool 'org.quartz.simpl.SimpleThreadPool' - with 10 threads.
  Using job-store 'org.quartz.simpl.RAMJobStore' - which does not support persistence. and is not clustered.

2019-03-29 16:23:15.673 [Thread-2] INFO  org.quartz.impl.StdSchedulerFactory[1306]-Quartz scheduler 'schedulerBean' initialized from an externally provided properties instance.
2019-03-29 16:23:15.673 [Thread-2] INFO  org.quartz.impl.StdSchedulerFactory[1310]-Quartz scheduler version: 2.1.6
2019-03-29 16:23:15.673 [Thread-2] INFO  org.quartz.core.QuartzScheduler[2247]-JobFactory set to: org.springframework.scheduling.quartz.SpringBeanJobFactory@3c7e78d4
ERROR StatusLogger Unrecognized format specifier [d]
ERROR StatusLogger Unrecognized conversion specifier [d] starting at position 16 in conversion pattern.
ERROR StatusLogger Unrecognized format specifier [thread]
ERROR StatusLogger Unrecognized conversion specifier [thread] starting at position 25 in conversion pattern.
ERROR StatusLogger Unrecognized format specifier [level]
ERROR StatusLogger Unrecognized conversion specifier [level] starting at position 35 in conversion pattern.
ERROR StatusLogger Unrecognized format specifier [logger]
ERROR StatusLogger Unrecognized conversion specifier [logger] starting at position 47 in conversion pattern.
ERROR StatusLogger Unrecognized format specifier [msg]
ERROR StatusLogger Unrecognized conversion specifier [msg] starting at position 54 in conversion pattern.
ERROR StatusLogger Unrecognized format specifier [n]
ERROR StatusLogger Unrecognized conversion specifier [n] starting at position 56 in conversion pattern.
ERROR StatusLogger No log4j2 configuration file found. Using default configuration: logging only errors to the console.
ERROR StatusLogger Unrecognized format specifier [d]
ERROR StatusLogger Unrecognized conversion specifier [d] starting at position 16 in conversion pattern.
ERROR StatusLogger Unrecognized format specifier [thread]
ERROR StatusLogger Unrecognized conversion specifier [thread] starting at position 25 in conversion pattern.
ERROR StatusLogger Unrecognized format specifier [level]
ERROR StatusLogger Unrecognized conversion specifier [level] starting at position 35 in conversion pattern.
ERROR StatusLogger Unrecognized format specifier [logger]
ERROR StatusLogger Unrecognized conversion specifier [logger] starting at position 47 in conversion pattern.
ERROR StatusLogger Unrecognized format specifier [msg]
ERROR StatusLogger Unrecognized conversion specifier [msg] starting at position 54 in conversion pattern.
ERROR StatusLogger Unrecognized format specifier [n]
ERROR StatusLogger Unrecognized conversion specifier [n] starting at position 56 in conversion pattern.
16:24:28.389 [35mDEBUG[m - http-8383-exec-5  - AuthManagedBean [35mautoconnect - Tentative de connexion SSO...[m 
16:24:28.392 [35mDEBUG[m - http-8383-exec-5  - ConnexionManagedBean [35mUser renseigné par filtre SSO LDAP : null[m 
16:24:28.392 [35mDEBUG[m - http-8383-exec-5  - ConnexionManagedBean [35mldapActive = false[m 
16:24:28.393 [35mDEBUG[m - http-8383-exec-5  - AuthManagedBean [35mautoconnect - Echec de la connexion par SSO.[m 
16:24:33.289 [35mDEBUG[m - http-8383-exec-1  - LoginManagedBean [35muser.id = administrateur, connecté par login/mdp Osys[m 
16:24:33.423 [35mDEBUG[m - http-8383-exec-1  - QTConnector [35mconnect - Connecting...[m 
16:24:33.426 [35mDEBUG[m - http-8383-exec-1  - QTConnector [35mconnect - Connected.[m 
16:24:33.429 [35mDEBUG[m - http-8383-exec-1  - QTConnector [35mexecuteQuery - Sending 'USER @ID0 [] serveur_web SERVEUR-WEB'...[m 
16:24:33.429 [35mDEBUG[m - http-8383-exec-1  - QTConnector [35mexecuteQuery - Sent.[m 
16:24:33.430 [35mDEBUG[m - http-8383-exec-1  - QTConnector [35mexecuteQuery - Reading response...[m 
16:24:33.430 [35mDEBUG[m - http-8383-exec-1  - QTConnector [35mreadResponse - starting to listen...[m 
16:24:33.430 [35mDEBUG[m - http-8383-exec-1  - QTConnector [35mreadResponse - read trame : ACK 263172[m 
16:24:33.431 [35mDEBUG[m - http-8383-exec-1  - QTConnector [35mexecuteQuery - Read: 'ACK 263172'.[m 
16:24:33.432 [35mDEBUG[m - http-8383-exec-1  - QTInternalCommunicator [35msend_IdentifyOsysConsoleWeb - QTools returned : 263172[m 
16:24:33.433 [35mDEBUG[m - http-8383-exec-1  - QTConnector [35mexecuteQuery - Sending 'LST_USER_CONNECT'...[m 
16:24:33.434 [35mDEBUG[m - http-8383-exec-1  - QTConnector [35mexecuteQuery - Sent.[m 
16:24:33.434 [35mDEBUG[m - http-8383-exec-1  - QTConnector [35mexecuteQuery - Reading response...[m 
16:24:33.434 [35mDEBUG[m - http-8383-exec-1  - QTConnector [35mreadResponse - starting to listen...[m 
16:24:33.435 [35mDEBUG[m - http-8383-exec-1  - QTConnector [35mreadResponse - read trame : <lstuserconnect max="3" connect="1" />\x0a[m 
16:24:33.435 [35mDEBUG[m - http-8383-exec-1  - QTConnector [35mexecuteQuery - Read: '<lstuserconnect max="3" connect="1" />\x0a'.[m 
16:24:33.436 [35mDEBUG[m - http-8383-exec-1  - QTConnector [35mdisconnect - Déconnexion...[m 
16:24:33.436 [35mDEBUG[m - http-8383-exec-1  - QTConnector [35mdisconnect - Déconnecté.[m 
16:24:33.559 [35mDEBUG[m - http-8383-exec-1  - QuartisToolsServiceImpl [35mcreateOrUpdateUser - username : 'administrateur', groupName : 'Administrateurs'...[m 
16:24:33.562 [35mDEBUG[m - http-8383-exec-1  - QTConnector [35mconnect - Connecting...[m 
16:24:33.564 [35mDEBUG[m - http-8383-exec-1  - QTConnector [35mconnect - Connected.[m 
16:24:33.565 [35mDEBUG[m - http-8383-exec-1  - QTConnector [35mexecuteQuery - Sending 'USER @ID0 [] serveur_web SERVEUR-WEB'...[m 
16:24:33.565 [35mDEBUG[m - http-8383-exec-1  - QTConnector [35mexecuteQuery - Sent.[m 
16:24:33.566 [35mDEBUG[m - http-8383-exec-1  - QTConnector [35mexecuteQuery - Reading response...[m 
16:24:33.566 [35mDEBUG[m - http-8383-exec-1  - QTConnector [35mreadResponse - starting to listen...[m 
16:24:33.566 [35mDEBUG[m - http-8383-exec-1  - QTConnector [35mreadResponse - read trame : ACK 263172[m 
16:24:33.567 [35mDEBUG[m - http-8383-exec-1  - QTConnector [35mexecuteQuery - Read: 'ACK 263172'.[m 
16:24:33.567 [35mDEBUG[m - http-8383-exec-1  - QTSrvCommunicator [35msend_IdentifyOsysConsoleWeb - QTools returned : 263172[m 
16:24:33.567 [35mDEBUG[m - http-8383-exec-1  - QTSrvCommunicator [35msend_CreateUserQuartisTools - message =  USR USER OBJ ADD [administrateur] [Administrateurs]
 {
 PASSWORD []
 }
[m 
16:24:33.567 [35mDEBUG[m - http-8383-exec-1  - QTConnector [35mexecuteQuery - Sending ' USR USER OBJ ADD [administrateur] [Administrateurs]
 {
 PASSWORD []
 }
'...[m 
16:24:33.568 [35mDEBUG[m - http-8383-exec-1  - QTConnector [35mexecuteQuery - Sent.[m 
16:24:33.568 [35mDEBUG[m - http-8383-exec-1  - QTConnector [35mexecuteQuery - Reading response...[m 
16:24:33.568 [35mDEBUG[m - http-8383-exec-1  - QTConnector [35mreadResponse - starting to listen...[m 
16:24:33.569 [35mDEBUG[m - http-8383-exec-1  - QTConnector [35mreadResponse - read trame : ACK -10[m 
16:24:33.570 [35mDEBUG[m - http-8383-exec-1  - QTConnector [35mexecuteQuery - Read: 'ACK -10'.[m 
16:24:33.570 [35mDEBUG[m - http-8383-exec-1  - QTSrvCommunicator [35msend_CreateUserQuartisTools - QTools returned : -10[m 
16:24:33.570 [35mDEBUG[m - http-8383-exec-1  - QTSrvCommunicator [35msend_UpdateUserQuartisTools - message :  USR USER OBJ SET [administrateur] [Administrateurs]
 {
 PASSWORD []
 }
[m 
16:24:33.570 [35mDEBUG[m - http-8383-exec-1  - QTConnector [35mexecuteQuery - Sending ' USR USER OBJ SET [administrateur] [Administrateurs]
 {
 PASSWORD []
 }
'...[m 
16:24:33.571 [35mDEBUG[m - http-8383-exec-1  - QTConnector [35mexecuteQuery - Sent.[m 
16:24:33.571 [35mDEBUG[m - http-8383-exec-1  - QTConnector [35mexecuteQuery - Reading response...[m 
16:24:33.571 [35mDEBUG[m - http-8383-exec-1  - QTConnector [35mreadResponse - starting to listen...[m 
16:24:33.573 [35mDEBUG[m - http-8383-exec-1  - QTConnector [35mreadResponse - read trame : ACK 0[m 
16:24:33.573 [35mDEBUG[m - http-8383-exec-1  - QTConnector [35mexecuteQuery - Read: 'ACK 0'.[m 
16:24:33.573 [35mDEBUG[m - http-8383-exec-1  - QTSrvCommunicator [35msend_UpdateUserQuartisTools - QTools returned : 0[m 
16:24:33.573 [35mDEBUG[m - http-8383-exec-1  - QTConnector [35mdisconnect - Déconnexion...[m 
16:24:33.574 [35mDEBUG[m - http-8383-exec-1  - QTConnector [35mdisconnect - Déconnecté.[m 
16:24:33.574 [34m INFO[m - http-8383-exec-1  - QuartisToolsServiceImpl [34mMise à jour du user QuartisTools 'administrateur' dans le groupe 'Administrateurs' réussie.[m 
16:24:37.266 [35mDEBUG[m - http-8383-exec-1  - TransfertFile [35mcopyFile (pls) - Copie de 18 fichiers vers 'C:\Osys\QUARTIS_PRO\quartis-pro-web\users\administrateur\language.properties'...[m 
16:24:37.267 [35mDEBUG[m - http-8383-exec-1  - TransfertFile [35mcopyFile (pls) - Copie du fichier 0/18 : 'C:\Osys\QUARTIS_PRO\quartis-pro-web\Standard\OPTIMA_00_Standard\language.properties'.[m 
16:24:37.268 [35mDEBUG[m - http-8383-exec-1  - TransfertFile [35mcopyFile (fileChannel) - Copie de 'C:\Osys\QUARTIS_PRO\quartis-pro-web\Standard\OPTIMA_00_Standard\language.properties'...[m 
16:24:37.291 [35mDEBUG[m - http-8383-exec-1  - TransfertFile [35mcopyFile (fileChannel) - Fin de la copie.[m 
16:24:37.291 [35mDEBUG[m - http-8383-exec-1  - TransfertFile [35mcopyFile (pls) - Copie du fichier 1/18 : 'C:\Osys\QUARTIS_PRO\quartis-pro-web\Standard\OPTIMA_10_Personnel\language.properties'.[m 
16:24:37.291 [35mDEBUG[m - http-8383-exec-1  - TransfertFile [35mcopyFile (fileChannel) - Copie de 'C:\Osys\QUARTIS_PRO\quartis-pro-web\Standard\OPTIMA_10_Personnel\language.properties'...[m 
16:24:37.306 [35mDEBUG[m - http-8383-exec-1  - TransfertFile [35mcopyFile (fileChannel) - Fin de la copie.[m 
16:24:37.306 [35mDEBUG[m - http-8383-exec-1  - TransfertFile [35mcopyFile (pls) - Copie du fichier 2/18 : 'C:\Osys\QUARTIS_PRO\quartis-pro-web\Standard\OPTIMA_15_Equipement\language.properties'.[m 
16:24:37.307 [35mDEBUG[m - http-8383-exec-1  - TransfertFile [35mcopyFile (fileChannel) - Copie de 'C:\Osys\QUARTIS_PRO\quartis-pro-web\Standard\OPTIMA_15_Equipement\language.properties'...[m 
16:24:37.322 [35mDEBUG[m - http-8383-exec-1  - TransfertFile [35mcopyFile (fileChannel) - Fin de la copie.[m 
16:24:37.322 [35mDEBUG[m - http-8383-exec-1  - TransfertFile [35mcopyFile (pls) - Copie du fichier 3/18 : 'C:\Osys\QUARTIS_PRO\quartis-pro-web\Standard\OPTIMA_20_Production\language.properties'.[m 
16:24:37.322 [35mDEBUG[m - http-8383-exec-1  - TransfertFile [35mcopyFile (fileChannel) - Copie de 'C:\Osys\QUARTIS_PRO\quartis-pro-web\Standard\OPTIMA_20_Production\language.properties'...[m 
16:24:37.330 [35mDEBUG[m - http-8383-exec-1  - TransfertFile [35mcopyFile (fileChannel) - Fin de la copie.[m 
16:24:37.330 [35mDEBUG[m - http-8383-exec-1  - TransfertFile [35mcopyFile (pls) - Copie du fichier 4/18 : 'C:\Osys\QUARTIS_PRO\quartis-pro-web\Standard\OPTIMA_30_Outil\language.properties'.[m 
16:24:37.330 [35mDEBUG[m - http-8383-exec-1  - TransfertFile [35mcopyFile (fileChannel) - Copie de 'C:\Osys\QUARTIS_PRO\quartis-pro-web\Standard\OPTIMA_30_Outil\language.properties'...[m 
16:24:37.338 [35mDEBUG[m - http-8383-exec-1  - TransfertFile [35mcopyFile (fileChannel) - Fin de la copie.[m 
16:24:37.338 [35mDEBUG[m - http-8383-exec-1  - TransfertFile [35mcopyFile (pls) - Copie du fichier 5/18 : 'C:\Osys\QUARTIS_PRO\quartis-pro-web\Standard\OPTIMA_40_Maintenance\language.properties'.[m 
16:24:37.339 [35mDEBUG[m - http-8383-exec-1  - TransfertFile [35mcopyFile (fileChannel) - Copie de 'C:\Osys\QUARTIS_PRO\quartis-pro-web\Standard\OPTIMA_40_Maintenance\language.properties'...[m 
16:24:37.350 [35mDEBUG[m - http-8383-exec-1  - TransfertFile [35mcopyFile (fileChannel) - Fin de la copie.[m 
16:24:37.350 [35mDEBUG[m - http-8383-exec-1  - TransfertFile [35mcopyFile (pls) - Copie du fichier 6/18 : 'C:\Osys\QUARTIS_PRO\quartis-pro-web\Standard\OPTIMA_45_Controle\language.properties'.[m 
16:24:37.351 [35mDEBUG[m - http-8383-exec-1  - TransfertFile [35mcopyFile (fileChannel) - Copie de 'C:\Osys\QUARTIS_PRO\quartis-pro-web\Standard\OPTIMA_45_Controle\language.properties'...[m 
16:24:37.384 [35mDEBUG[m - http-8383-exec-1  - TransfertFile [35mcopyFile (fileChannel) - Fin de la copie.[m 
16:24:37.384 [35mDEBUG[m - http-8383-exec-1  - TransfertFile [35mcopyFile (pls) - Copie du fichier 7/18 : 'C:\Osys\QUARTIS_PRO\quartis-pro-web\Standard\OPTIMA_50_GF\language.properties'.[m 
16:24:37.385 [35mDEBUG[m - http-8383-exec-1  - TransfertFile [35mcopyFile (fileChannel) - Copie de 'C:\Osys\QUARTIS_PRO\quartis-pro-web\Standard\OPTIMA_50_GF\language.properties'...[m 
16:24:37.395 [35mDEBUG[m - http-8383-exec-1  - TransfertFile [35mcopyFile (fileChannel) - Fin de la copie.[m 
16:24:37.396 [35mDEBUG[m - http-8383-exec-1  - TransfertFile [35mcopyFile (pls) - Copie du fichier 8/18 : 'C:\Osys\QUARTIS_PRO\quartis-pro-web\Standard\OPTIMA_60_Tiers\language.properties'.[m 
16:24:37.396 [35mDEBUG[m - http-8383-exec-1  - TransfertFile [35mcopyFile (fileChannel) - Copie de 'C:\Osys\QUARTIS_PRO\quartis-pro-web\Standard\OPTIMA_60_Tiers\language.properties'...[m 
16:24:37.403 [35mDEBUG[m - http-8383-exec-1  - TransfertFile [35mcopyFile (fileChannel) - Fin de la copie.[m 
16:24:37.404 [35mDEBUG[m - http-8383-exec-1  - TransfertFile [35mcopyFile (pls) - Copie du fichier 9/18 : 'C:\Osys\QUARTIS_PRO\quartis-pro-web\Standard\OPTIMA_70_Tracabilite\language.properties'.[m 
16:24:37.404 [35mDEBUG[m - http-8383-exec-1  - TransfertFile [35mcopyFile (fileChannel) - Copie de 'C:\Osys\QUARTIS_PRO\quartis-pro-web\Standard\OPTIMA_70_Tracabilite\language.properties'...[m 
16:24:37.416 [35mDEBUG[m - http-8383-exec-1  - TransfertFile [35mcopyFile (fileChannel) - Fin de la copie.[m 
16:24:37.416 [35mDEBUG[m - http-8383-exec-1  - TransfertFile [35mcopyFile (pls) - Copie du fichier 10/18 : 'C:\Osys\QUARTIS_PRO\quartis-pro-web\Standard\OPTIMA_80_Documents\language.properties'.[m 
16:24:37.416 [35mDEBUG[m - http-8383-exec-1  - TransfertFile [35mcopyFile (fileChannel) - Copie de 'C:\Osys\QUARTIS_PRO\quartis-pro-web\Standard\OPTIMA_80_Documents\language.properties'...[m 
16:24:37.425 [35mDEBUG[m - http-8383-exec-1  - TransfertFile [35mcopyFile (fileChannel) - Fin de la copie.[m 
16:24:37.425 [35mDEBUG[m - http-8383-exec-1  - TransfertFile [35mcopyFile (pls) - Copie du fichier 11/18 : 'C:\Osys\QUARTIS_PRO\quartis-pro-web\Standard\OPTIMA_90_GDT\language.properties'.[m 
16:24:37.425 [35mDEBUG[m - http-8383-exec-1  - TransfertFile [35mcopyFile (fileChannel) - Copie de 'C:\Osys\QUARTIS_PRO\quartis-pro-web\Standard\OPTIMA_90_GDT\language.properties'...[m 
16:24:37.433 [35mDEBUG[m - http-8383-exec-1  - TransfertFile [35mcopyFile (fileChannel) - Fin de la copie.[m 
16:24:37.433 [35mDEBUG[m - http-8383-exec-1  - TransfertFile [35mcopyFile (pls) - Copie du fichier 12/18 : 'C:\Osys\QUARTIS_PRO\quartis-pro-web\Standard\OPTIMA_98_About\language.properties'.[m 
16:24:37.433 [35mDEBUG[m - http-8383-exec-1  - TransfertFile [35mcopyFile (fileChannel) - Copie de 'C:\Osys\QUARTIS_PRO\quartis-pro-web\Standard\OPTIMA_98_About\language.properties'...[m 
16:24:37.435 [35mDEBUG[m - http-8383-exec-1  - TransfertFile [35mcopyFile (fileChannel) - Fin de la copie.[m 
16:24:37.436 [35mDEBUG[m - http-8383-exec-1  - TransfertFile [35mcopyFile (pls) - Copie du fichier 13/18 : 'C:\Osys\QUARTIS_PRO\quartis-pro-web\Standard\restrictions\language.properties'.[m 
16:24:37.436 [35mDEBUG[m - http-8383-exec-1  - TransfertFile [35mcopyFile (fileChannel) - Copie de 'C:\Osys\QUARTIS_PRO\quartis-pro-web\Standard\restrictions\language.properties'...[m 
16:24:37.438 [35mDEBUG[m - http-8383-exec-1  - TransfertFile [35mcopyFile (fileChannel) - Fin de la copie.[m 
16:24:37.438 [35mDEBUG[m - http-8383-exec-1  - TransfertFile [35mcopyFile (pls) - Copie du fichier 14/18 : 'C:\Osys\QUARTIS_PRO\quartis-pro-web\Standard\templates\pdf-footer\language.properties'.[m 
16:24:37.439 [35mDEBUG[m - http-8383-exec-1  - TransfertFile [35mcopyFile (fileChannel) - Copie de 'C:\Osys\QUARTIS_PRO\quartis-pro-web\Standard\templates\pdf-footer\language.properties'...[m 
16:24:37.441 [35mDEBUG[m - http-8383-exec-1  - TransfertFile [35mcopyFile (fileChannel) - Fin de la copie.[m 
16:24:37.441 [35mDEBUG[m - http-8383-exec-1  - TransfertFile [35mcopyFile (pls) - Copie du fichier 15/18 : 'C:\Osys\QUARTIS_PRO\quartis-pro-web\Standard\templates\pdf-header\language.properties'.[m 
16:24:37.442 [35mDEBUG[m - http-8383-exec-1  - TransfertFile [35mcopyFile (fileChannel) - Copie de 'C:\Osys\QUARTIS_PRO\quartis-pro-web\Standard\templates\pdf-header\language.properties'...[m 
16:24:37.445 [35mDEBUG[m - http-8383-exec-1  - TransfertFile [35mcopyFile (fileChannel) - Fin de la copie.[m 
16:24:37.445 [35mDEBUG[m - http-8383-exec-1  - TransfertFile [35mcopyFile (pls) - Copie du fichier 16/18 : 'C:\Osys\QUARTIS_PRO\quartis-pro-web\Specifiques\templates\pdf-footer\language.properties'.[m 
16:24:37.445 [35mDEBUG[m - http-8383-exec-1  - TransfertFile [35mcopyFile (fileChannel) - Copie de 'C:\Osys\QUARTIS_PRO\quartis-pro-web\Specifiques\templates\pdf-footer\language.properties'...[m 
16:24:37.447 [35mDEBUG[m - http-8383-exec-1  - TransfertFile [35mcopyFile (fileChannel) - Fin de la copie.[m 
16:24:37.448 [35mDEBUG[m - http-8383-exec-1  - TransfertFile [35mcopyFile (pls) - Copie du fichier 17/18 : 'C:\Osys\QUARTIS_PRO\quartis-pro-web\Specifiques\templates\pdf-header\language.properties'.[m 
16:24:37.448 [35mDEBUG[m - http-8383-exec-1  - TransfertFile [35mcopyFile (fileChannel) - Copie de 'C:\Osys\QUARTIS_PRO\quartis-pro-web\Specifiques\templates\pdf-header\language.properties'...[m 
16:24:37.450 [35mDEBUG[m - http-8383-exec-1  - TransfertFile [35mcopyFile (fileChannel) - Fin de la copie.[m 
16:24:37.450 [35mDEBUG[m - http-8383-exec-1  - TransfertFile [35mcopyFile (pls) - Fin de la copie.[m 
16:24:38.148 [35mDEBUG[m - http-8383-exec-1  - TransfertFile [35mcopyFile (pls) - Copie de 18 fichiers vers 'C:\Osys\QUARTIS_PRO\quartis-pro-web\users\administrateur\language_fr.properties'...[m 
16:24:38.150 [35mDEBUG[m - http-8383-exec-1  - TransfertFile [35mcopyFile (pls) - Copie du fichier 0/18 : 'C:\Osys\QUARTIS_PRO\quartis-pro-web\Standard\OPTIMA_00_Standard\language_fr.properties'.[m 
16:24:38.150 [35mDEBUG[m - http-8383-exec-1  - TransfertFile [35mcopyFile (fileChannel) - Copie de 'C:\Osys\QUARTIS_PRO\quartis-pro-web\Standard\OPTIMA_00_Standard\language_fr.properties'...[m 
16:24:38.157 [35mDEBUG[m - http-8383-exec-1  - TransfertFile [35mcopyFile (fileChannel) - Fin de la copie.[m 
16:24:38.157 [35mDEBUG[m - http-8383-exec-1  - TransfertFile [35mcopyFile (pls) - Copie du fichier 1/18 : 'C:\Osys\QUARTIS_PRO\quartis-pro-web\Standard\OPTIMA_10_Personnel\language_fr.properties'.[m 
16:24:38.157 [35mDEBUG[m - http-8383-exec-1  - TransfertFile [35mcopyFile (fileChannel) - Copie de 'C:\Osys\QUARTIS_PRO\quartis-pro-web\Standard\OPTIMA_10_Personnel\language_fr.properties'...[m 
16:24:38.164 [35mDEBUG[m - http-8383-exec-1  - TransfertFile [35mcopyFile (fileChannel) - Fin de la copie.[m 
16:24:38.164 [35mDEBUG[m - http-8383-exec-1  - TransfertFile [35mcopyFile (pls) - Copie du fichier 2/18 : 'C:\Osys\QUARTIS_PRO\quartis-pro-web\Standard\OPTIMA_15_Equipement\language_fr.properties'.[m 
16:24:38.165 [35mDEBUG[m - http-8383-exec-1  - TransfertFile [35mcopyFile (fileChannel) - Copie de 'C:\Osys\QUARTIS_PRO\quartis-pro-web\Standard\OPTIMA_15_Equipement\language_fr.properties'...[m 
16:24:38.174 [35mDEBUG[m - http-8383-exec-1  - TransfertFile [35mcopyFile (fileChannel) - Fin de la copie.[m 
16:24:38.175 [35mDEBUG[m - http-8383-exec-1  - TransfertFile [35mcopyFile (pls) - Copie du fichier 3/18 : 'C:\Osys\QUARTIS_PRO\quartis-pro-web\Standard\OPTIMA_20_Production\language_fr.properties'.[m 
16:24:38.175 [35mDEBUG[m - http-8383-exec-1  - TransfertFile [35mcopyFile (fileChannel) - Copie de 'C:\Osys\QUARTIS_PRO\quartis-pro-web\Standard\OPTIMA_20_Production\language_fr.properties'...[m 
16:24:38.185 [35mDEBUG[m - http-8383-exec-1  - TransfertFile [35mcopyFile (fileChannel) - Fin de la copie.[m 
16:24:38.186 [35mDEBUG[m - http-8383-exec-1  - TransfertFile [35mcopyFile (pls) - Copie du fichier 4/18 : 'C:\Osys\QUARTIS_PRO\quartis-pro-web\Standard\OPTIMA_30_Outil\language_fr.properties'.[m 
16:24:38.186 [35mDEBUG[m - http-8383-exec-1  - TransfertFile [35mcopyFile (fileChannel) - Copie de 'C:\Osys\QUARTIS_PRO\quartis-pro-web\Standard\OPTIMA_30_Outil\language_fr.properties'...[m 
16:24:38.193 [35mDEBUG[m - http-8383-exec-1  - TransfertFile [35mcopyFile (fileChannel) - Fin de la copie.[m 
16:24:38.194 [35mDEBUG[m - http-8383-exec-1  - TransfertFile [35mcopyFile (pls) - Copie du fichier 5/18 : 'C:\Osys\QUARTIS_PRO\quartis-pro-web\Standard\OPTIMA_40_Maintenance\language_fr.properties'.[m 
16:24:38.194 [35mDEBUG[m - http-8383-exec-1  - TransfertFile [35mcopyFile (fileChannel) - Copie de 'C:\Osys\QUARTIS_PRO\quartis-pro-web\Standard\OPTIMA_40_Maintenance\language_fr.properties'...[m 
16:24:38.200 [35mDEBUG[m - http-8383-exec-1  - TransfertFile [35mcopyFile (fileChannel) - Fin de la copie.[m 
16:24:38.201 [35mDEBUG[m - http-8383-exec-1  - TransfertFile [35mcopyFile (pls) - Copie du fichier 6/18 : 'C:\Osys\QUARTIS_PRO\quartis-pro-web\Standard\OPTIMA_45_Controle\language_fr.properties'.[m 
16:24:38.201 [35mDEBUG[m - http-8383-exec-1  - TransfertFile [35mcopyFile (fileChannel) - Copie de 'C:\Osys\QUARTIS_PRO\quartis-pro-web\Standard\OPTIMA_45_Controle\language_fr.properties'...[m 
16:24:38.205 [35mDEBUG[m - http-8383-exec-1  - TransfertFile [35mcopyFile (fileChannel) - Fin de la copie.[m 
16:24:38.205 [35mDEBUG[m - http-8383-exec-1  - TransfertFile [35mcopyFile (pls) - Copie du fichier 7/18 : 'C:\Osys\QUARTIS_PRO\quartis-pro-web\Standard\OPTIMA_50_GF\language_fr.properties'.[m 
16:24:38.205 [35mDEBUG[m - http-8383-exec-1  - TransfertFile [35mcopyFile (fileChannel) - Copie de 'C:\Osys\QUARTIS_PRO\quartis-pro-web\Standard\OPTIMA_50_GF\language_fr.properties'...[m 
16:24:38.208 [35mDEBUG[m - http-8383-exec-1  - TransfertFile [35mcopyFile (fileChannel) - Fin de la copie.[m 
16:24:38.209 [35mDEBUG[m - http-8383-exec-1  - TransfertFile [35mcopyFile (pls) - Copie du fichier 8/18 : 'C:\Osys\QUARTIS_PRO\quartis-pro-web\Standard\OPTIMA_60_Tiers\language_fr.properties'.[m 
16:24:38.209 [35mDEBUG[m - http-8383-exec-1  - TransfertFile [35mcopyFile (fileChannel) - Copie de 'C:\Osys\QUARTIS_PRO\quartis-pro-web\Standard\OPTIMA_60_Tiers\language_fr.properties'...[m 
16:24:38.217 [35mDEBUG[m - http-8383-exec-1  - TransfertFile [35mcopyFile (fileChannel) - Fin de la copie.[m 
16:24:38.218 [35mDEBUG[m - http-8383-exec-1  - TransfertFile [35mcopyFile (pls) - Copie du fichier 9/18 : 'C:\Osys\QUARTIS_PRO\quartis-pro-web\Standard\OPTIMA_70_Tracabilite\language_fr.properties'.[m 
16:24:38.219 [35mDEBUG[m - http-8383-exec-1  - TransfertFile [35mcopyFile (fileChannel) - Copie de 'C:\Osys\QUARTIS_PRO\quartis-pro-web\Standard\OPTIMA_70_Tracabilite\language_fr.properties'...[m 
16:24:38.225 [35mDEBUG[m - http-8383-exec-1  - TransfertFile [35mcopyFile (fileChannel) - Fin de la copie.[m 
16:24:38.225 [35mDEBUG[m - http-8383-exec-1  - TransfertFile [35mcopyFile (pls) - Copie du fichier 10/18 : 'C:\Osys\QUARTIS_PRO\quartis-pro-web\Standard\OPTIMA_80_Documents\language_fr.properties'.[m 
16:24:38.226 [35mDEBUG[m - http-8383-exec-1  - TransfertFile [35mcopyFile (fileChannel) - Copie de 'C:\Osys\QUARTIS_PRO\quartis-pro-web\Standard\OPTIMA_80_Documents\language_fr.properties'...[m 
16:24:38.231 [35mDEBUG[m - http-8383-exec-1  - TransfertFile [35mcopyFile (fileChannel) - Fin de la copie.[m 
16:24:38.232 [35mDEBUG[m - http-8383-exec-1  - TransfertFile [35mcopyFile (pls) - Copie du fichier 11/18 : 'C:\Osys\QUARTIS_PRO\quartis-pro-web\Standard\OPTIMA_90_GDT\language_fr.properties'.[m 
16:24:38.232 [35mDEBUG[m - http-8383-exec-1  - TransfertFile [35mcopyFile (fileChannel) - Copie de 'C:\Osys\QUARTIS_PRO\quartis-pro-web\Standard\OPTIMA_90_GDT\language_fr.properties'...[m 
16:24:38.235 [35mDEBUG[m - http-8383-exec-1  - TransfertFile [35mcopyFile (fileChannel) - Fin de la copie.[m 
16:24:38.235 [35mDEBUG[m - http-8383-exec-1  - TransfertFile [35mcopyFile (pls) - Copie du fichier 12/18 : 'C:\Osys\QUARTIS_PRO\quartis-pro-web\Standard\OPTIMA_98_About\language_fr.properties'.[m 
16:24:38.236 [35mDEBUG[m - http-8383-exec-1  - TransfertFile [35mcopyFile (fileChannel) - Copie de 'C:\Osys\QUARTIS_PRO\quartis-pro-web\Standard\OPTIMA_98_About\language_fr.properties'...[m 
16:24:38.237 [35mDEBUG[m - http-8383-exec-1  - TransfertFile [35mcopyFile (fileChannel) - Fin de la copie.[m 
16:24:38.238 [35mDEBUG[m - http-8383-exec-1  - TransfertFile [35mcopyFile (pls) - Copie du fichier 13/18 : 'C:\Osys\QUARTIS_PRO\quartis-pro-web\Standard\restrictions\language_fr.properties'.[m 
16:24:38.238 [35mDEBUG[m - http-8383-exec-1  - TransfertFile [35mcopyFile (fileChannel) - Copie de 'C:\Osys\QUARTIS_PRO\quartis-pro-web\Standard\restrictions\language_fr.properties'...[m 
16:24:38.240 [35mDEBUG[m - http-8383-exec-1  - TransfertFile [35mcopyFile (fileChannel) - Fin de la copie.[m 
16:24:38.240 [35mDEBUG[m - http-8383-exec-1  - TransfertFile [35mcopyFile (pls) - Copie du fichier 14/18 : 'C:\Osys\QUARTIS_PRO\quartis-pro-web\Standard\templates\pdf-footer\language_fr.properties'.[m 
16:24:38.241 [35mDEBUG[m - http-8383-exec-1  - TransfertFile [35mcopyFile (fileChannel) - Copie de 'C:\Osys\QUARTIS_PRO\quartis-pro-web\Standard\templates\pdf-footer\language_fr.properties'...[m 
16:24:38.242 [35mDEBUG[m - http-8383-exec-1  - TransfertFile [35mcopyFile (fileChannel) - Fin de la copie.[m 
16:24:38.243 [35mDEBUG[m - http-8383-exec-1  - TransfertFile [35mcopyFile (pls) - Copie du fichier 15/18 : 'C:\Osys\QUARTIS_PRO\quartis-pro-web\Standard\templates\pdf-header\language_fr.properties'.[m 
16:24:38.244 [35mDEBUG[m - http-8383-exec-1  - TransfertFile [35mcopyFile (fileChannel) - Copie de 'C:\Osys\QUARTIS_PRO\quartis-pro-web\Standard\templates\pdf-header\language_fr.properties'...[m 
16:24:38.246 [35mDEBUG[m - http-8383-exec-1  - TransfertFile [35mcopyFile (fileChannel) - Fin de la copie.[m 
16:24:38.246 [35mDEBUG[m - http-8383-exec-1  - TransfertFile [35mcopyFile (pls) - Copie du fichier 16/18 : 'C:\Osys\QUARTIS_PRO\quartis-pro-web\Specifiques\templates\pdf-footer\language_fr.properties'.[m 
16:24:38.246 [35mDEBUG[m - http-8383-exec-1  - TransfertFile [35mcopyFile (fileChannel) - Copie de 'C:\Osys\QUARTIS_PRO\quartis-pro-web\Specifiques\templates\pdf-footer\language_fr.properties'...[m 
16:24:38.248 [35mDEBUG[m - http-8383-exec-1  - TransfertFile [35mcopyFile (fileChannel) - Fin de la copie.[m 
16:24:38.248 [35mDEBUG[m - http-8383-exec-1  - TransfertFile [35mcopyFile (pls) - Copie du fichier 17/18 : 'C:\Osys\QUARTIS_PRO\quartis-pro-web\Specifiques\templates\pdf-header\language_fr.properties'.[m 
16:24:38.248 [35mDEBUG[m - http-8383-exec-1  - TransfertFile [35mcopyFile (fileChannel) - Copie de 'C:\Osys\QUARTIS_PRO\quartis-pro-web\Specifiques\templates\pdf-header\language_fr.properties'...[m 
16:24:38.250 [35mDEBUG[m - http-8383-exec-1  - TransfertFile [35mcopyFile (fileChannel) - Fin de la copie.[m 
16:24:38.250 [35mDEBUG[m - http-8383-exec-1  - TransfertFile [35mcopyFile (pls) - Fin de la copie.[m 
16:24:38.251 [35mDEBUG[m - http-8383-exec-1  - LanguageFileManager [35mbuildPropertiesGen - Création de 'C:\Osys\QUARTIS_PRO\quartis-pro-web\users\administrateur\language_fr.properties'...[m 
16:24:38.366 [35mDEBUG[m - http-8383-exec-1  - LanguageFileManager [35mbuildPropertiesGen - Fin de la création.[m 
16:24:46.828 [35mDEBUG[m - http-8383-exec-2  - TableDivTransformer [35mcreateFileName ()--> Nom du fichier export = _Standard_System_Event_List[m 
16:24:46.851 [35mDEBUG[m - http-8383-exec-2  - TableExcelTransformer [35mactionPerformed - Ecriture dans le fichier 'C:\Osys\QuartisTools\Tomcat\webapps\Quartis-Web\.\work\_0.0.0.0.0.0.0.1-administrateur\_Standard_System_Event_List\_Standard_System_Event_List.xls'...[m 
16:24:46.851 [35mDEBUG[m - http-8383-exec-2  - TableExcelTransformer [35mactionPerformed - Ecriture dans le fichier 'C:\Osys\QuartisTools\Tomcat\webapps\Quartis-Web\.\work\_0.0.0.0.0.0.0.1-administrateur\_Standard_System_Event_List\_Standard_System_Event_List.xls'...[m 
16:24:46.854 [35mDEBUG[m - http-8383-exec-5  - TableDivTransformer [35mcreateFileName ()--> Nom du fichier export = _Standard_System_Event_List[m 
16:24:46.854 [35mDEBUG[m - http-8383-exec-5  - TableExcelTransformer [35mactionPerformed - Ecriture dans le fichier 'C:\Osys\QuartisTools\Tomcat\webapps\Quartis-Web\.\work\_0.0.0.0.0.0.0.1-administrateur\_Standard_System_Event_List\_Standard_System_Event_List.xls'...[m 
16:24:46.854 [35mDEBUG[m - http-8383-exec-5  - TableExcelTransformer [35mactionPerformed - Ecriture dans le fichier 'C:\Osys\QuartisTools\Tomcat\webapps\Quartis-Web\.\work\_0.0.0.0.0.0.0.1-administrateur\_Standard_System_Event_List\_Standard_System_Event_List.xls'...[m 
16:24:48.222 [35mDEBUG[m - http-8383-exec-5  - TableExcelTransformer [35mactionPerformed - Fin de l'écriture dans le fichier.[m 
16:24:48.222 [35mDEBUG[m - http-8383-exec-2  - TableExcelTransformer [35mactionPerformed - Fin de l'écriture dans le fichier.[m 
16:50:43.370 [35mDEBUG[m - http-8383-exec-5  - ConnexionManagedBean [35mDéconnexion de : administrateur (ADMINISTRATEUR ADMINISTRATEUR)[m 
16:51:38.380 [35mDEBUG[m - http-8383-exec-2  - LoginManagedBean [35muser.id = administrateur, connecté par login/mdp Osys[m 
16:51:38.498 [35mDEBUG[m - http-8383-exec-2  - QTConnector [35mconnect - Connecting...[m 
16:51:38.501 [35mDEBUG[m - http-8383-exec-2  - QTConnector [35mconnect - Connected.[m 
16:51:38.501 [35mDEBUG[m - http-8383-exec-2  - QTConnector [35mexecuteQuery - Sending 'USER @ID0 [] serveur_web SERVEUR-WEB'...[m 
16:51:38.501 [35mDEBUG[m - http-8383-exec-2  - QTConnector [35mexecuteQuery - Sent.[m 
16:51:38.502 [35mDEBUG[m - http-8383-exec-2  - QTConnector [35mexecuteQuery - Reading response...[m 
16:51:38.502 [35mDEBUG[m - http-8383-exec-2  - QTConnector [35mreadResponse - starting to listen...[m 
16:51:38.502 [35mDEBUG[m - http-8383-exec-2  - QTConnector [35mreadResponse - read trame : ACK 263172[m 
16:51:38.503 [35mDEBUG[m - http-8383-exec-2  - QTConnector [35mexecuteQuery - Read: 'ACK 263172'.[m 
16:51:38.503 [35mDEBUG[m - http-8383-exec-2  - QTInternalCommunicator [35msend_IdentifyOsysConsoleWeb - QTools returned : 263172[m 
16:51:38.503 [35mDEBUG[m - http-8383-exec-2  - QTConnector [35mexecuteQuery - Sending 'LST_USER_CONNECT'...[m 
16:51:38.503 [35mDEBUG[m - http-8383-exec-2  - QTConnector [35mexecuteQuery - Sent.[m 
16:51:38.504 [35mDEBUG[m - http-8383-exec-2  - QTConnector [35mexecuteQuery - Reading response...[m 
16:51:38.504 [35mDEBUG[m - http-8383-exec-2  - QTConnector [35mreadResponse - starting to listen...[m 
16:51:38.505 [35mDEBUG[m - http-8383-exec-2  - QTConnector [35mreadResponse - read trame : <lstuserconnect max="3" connect="2" />\x0a[m 
16:51:38.505 [35mDEBUG[m - http-8383-exec-2  - QTConnector [35mexecuteQuery - Read: '<lstuserconnect max="3" connect="2" />\x0a'.[m 
16:51:38.505 [35mDEBUG[m - http-8383-exec-2  - QTConnector [35mdisconnect - Déconnexion...[m 
16:51:38.506 [35mDEBUG[m - http-8383-exec-2  - QTConnector [35mdisconnect - Déconnecté.[m 
16:51:38.531 [35mDEBUG[m - http-8383-exec-2  - QuartisToolsServiceImpl [35mcreateOrUpdateUser - username : 'administrateur', groupName : 'Administrateurs'...[m 
16:51:38.532 [35mDEBUG[m - http-8383-exec-2  - QTConnector [35mconnect - Connecting...[m 
16:51:38.534 [35mDEBUG[m - http-8383-exec-2  - QTConnector [35mconnect - Connected.[m 
16:51:38.534 [35mDEBUG[m - http-8383-exec-2  - QTConnector [35mexecuteQuery - Sending 'USER @ID0 [] serveur_web SERVEUR-WEB'...[m 
16:51:38.534 [35mDEBUG[m - http-8383-exec-2  - QTConnector [35mexecuteQuery - Sent.[m 
16:51:38.535 [35mDEBUG[m - http-8383-exec-2  - QTConnector [35mexecuteQuery - Reading response...[m 
16:51:38.535 [35mDEBUG[m - http-8383-exec-2  - QTConnector [35mreadResponse - starting to listen...[m 
16:51:38.535 [35mDEBUG[m - http-8383-exec-2  - QTConnector [35mreadResponse - read trame : ACK 263172[m 
16:51:38.535 [35mDEBUG[m - http-8383-exec-2  - QTConnector [35mexecuteQuery - Read: 'ACK 263172'.[m 
16:51:38.536 [35mDEBUG[m - http-8383-exec-2  - QTSrvCommunicator [35msend_IdentifyOsysConsoleWeb - QTools returned : 263172[m 
16:51:38.536 [35mDEBUG[m - http-8383-exec-2  - QTSrvCommunicator [35msend_CreateUserQuartisTools - message =  USR USER OBJ ADD [administrateur] [Administrateurs]
 {
 PASSWORD []
 }
[m 
16:51:38.536 [35mDEBUG[m - http-8383-exec-2  - QTConnector [35mexecuteQuery - Sending ' USR USER OBJ ADD [administrateur] [Administrateurs]
 {
 PASSWORD []
 }
'...[m 
16:51:38.537 [35mDEBUG[m - http-8383-exec-2  - QTConnector [35mexecuteQuery - Sent.[m 
16:51:38.537 [35mDEBUG[m - http-8383-exec-2  - QTConnector [35mexecuteQuery - Reading response...[m 
16:51:38.537 [35mDEBUG[m - http-8383-exec-2  - QTConnector [35mreadResponse - starting to listen...[m 
16:51:38.537 [35mDEBUG[m - http-8383-exec-2  - QTConnector [35mreadResponse - read trame : ACK -10[m 
16:51:38.538 [35mDEBUG[m - http-8383-exec-2  - QTConnector [35mexecuteQuery - Read: 'ACK -10'.[m 
16:51:38.538 [35mDEBUG[m - http-8383-exec-2  - QTSrvCommunicator [35msend_CreateUserQuartisTools - QTools returned : -10[m 
16:51:38.538 [35mDEBUG[m - http-8383-exec-2  - QTSrvCommunicator [35msend_UpdateUserQuartisTools - message :  USR USER OBJ SET [administrateur] [Administrateurs]
 {
 PASSWORD []
 }
[m 
16:51:38.539 [35mDEBUG[m - http-8383-exec-2  - QTConnector [35mexecuteQuery - Sending ' USR USER OBJ SET [administrateur] [Administrateurs]
 {
 PASSWORD []
 }
'...[m 
16:51:38.539 [35mDEBUG[m - http-8383-exec-2  - QTConnector [35mexecuteQuery - Sent.[m 
16:51:38.539 [35mDEBUG[m - http-8383-exec-2  - QTConnector [35mexecuteQuery - Reading response...[m 
16:51:38.540 [35mDEBUG[m - http-8383-exec-2  - QTConnector [35mreadResponse - starting to listen...[m 
16:51:38.541 [35mDEBUG[m - http-8383-exec-2  - QTConnector [35mreadResponse - read trame : ACK 0[m 
16:51:38.542 [35mDEBUG[m - http-8383-exec-2  - QTConnector [35mexecuteQuery - Read: 'ACK 0'.[m 
16:51:38.542 [35mDEBUG[m - http-8383-exec-2  - QTSrvCommunicator [35msend_UpdateUserQuartisTools - QTools returned : 0[m 
16:51:38.542 [35mDEBUG[m - http-8383-exec-2  - QTConnector [35mdisconnect - Déconnexion...[m 
16:51:38.543 [35mDEBUG[m - http-8383-exec-2  - QTConnector [35mdisconnect - Déconnecté.[m 
16:51:38.543 [34m INFO[m - http-8383-exec-2  - QuartisToolsServiceImpl [34mMise à jour du user QuartisTools 'administrateur' dans le groupe 'Administrateurs' réussie.[m 
16:52:25.245 [35mDEBUG[m - http-8383-exec-2  - ConnexionManagedBean [35mDéconnexion de : administrateur (ADMINISTRATEUR ADMINISTRATEUR)[m 
16:53:14.024 [35mDEBUG[m - http-8383-exec-3  - LoginManagedBean [35muser.id = administrateur, connecté par login/mdp Osys[m 
16:53:14.137 [35mDEBUG[m - http-8383-exec-3  - QTConnector [35mconnect - Connecting...[m 
16:53:14.140 [35mDEBUG[m - http-8383-exec-3  - QTConnector [35mconnect - Connected.[m 
16:53:14.141 [35mDEBUG[m - http-8383-exec-3  - QTConnector [35mexecuteQuery - Sending 'USER @ID0 [] serveur_web SERVEUR-WEB'...[m 
16:53:14.141 [35mDEBUG[m - http-8383-exec-3  - QTConnector [35mexecuteQuery - Sent.[m 
16:53:14.142 [35mDEBUG[m - http-8383-exec-3  - QTConnector [35mexecuteQuery - Reading response...[m 
16:53:14.142 [35mDEBUG[m - http-8383-exec-3  - QTConnector [35mreadResponse - starting to listen...[m 
16:53:14.142 [35mDEBUG[m - http-8383-exec-3  - QTConnector [35mreadResponse - read trame : ACK 263172[m 
16:53:14.142 [35mDEBUG[m - http-8383-exec-3  - QTConnector [35mexecuteQuery - Read: 'ACK 263172'.[m 
16:53:14.143 [35mDEBUG[m - http-8383-exec-3  - QTInternalCommunicator [35msend_IdentifyOsysConsoleWeb - QTools returned : 263172[m 
16:53:14.143 [35mDEBUG[m - http-8383-exec-3  - QTConnector [35mexecuteQuery - Sending 'LST_USER_CONNECT'...[m 
16:53:14.143 [35mDEBUG[m - http-8383-exec-3  - QTConnector [35mexecuteQuery - Sent.[m 
16:53:14.144 [35mDEBUG[m - http-8383-exec-3  - QTConnector [35mexecuteQuery - Reading response...[m 
16:53:14.145 [35mDEBUG[m - http-8383-exec-3  - QTConnector [35mreadResponse - starting to listen...[m 
16:53:14.145 [35mDEBUG[m - http-8383-exec-3  - QTConnector [35mreadResponse - read trame : <lstuserconnect max="3" connect="3" />\x0a[m 
16:53:14.146 [35mDEBUG[m - http-8383-exec-3  - QTConnector [35mexecuteQuery - Read: '<lstuserconnect max="3" connect="3" />\x0a'.[m 
16:53:14.146 [35mDEBUG[m - http-8383-exec-3  - QTConnector [35mdisconnect - Déconnexion...[m 
16:53:14.146 [35mDEBUG[m - http-8383-exec-3  - QTConnector [35mdisconnect - Déconnecté.[m 
16:53:14.172 [35mDEBUG[m - http-8383-exec-3  - QuartisToolsServiceImpl [35mcreateOrUpdateUser - username : 'administrateur', groupName : 'Administrateurs'...[m 
16:53:14.172 [35mDEBUG[m - http-8383-exec-3  - QTConnector [35mconnect - Connecting...[m 
16:53:14.174 [35mDEBUG[m - http-8383-exec-3  - QTConnector [35mconnect - Connected.[m 
16:53:14.174 [35mDEBUG[m - http-8383-exec-3  - QTConnector [35mexecuteQuery - Sending 'USER @ID0 [] serveur_web SERVEUR-WEB'...[m 
16:53:14.175 [35mDEBUG[m - http-8383-exec-3  - QTConnector [35mexecuteQuery - Sent.[m 
16:53:14.175 [35mDEBUG[m - http-8383-exec-3  - QTConnector [35mexecuteQuery - Reading response...[m 
16:53:14.175 [35mDEBUG[m - http-8383-exec-3  - QTConnector [35mreadResponse - starting to listen...[m 
16:53:14.175 [35mDEBUG[m - http-8383-exec-3  - QTConnector [35mreadResponse - read trame : ACK 263172[m 
16:53:14.176 [35mDEBUG[m - http-8383-exec-3  - QTConnector [35mexecuteQuery - Read: 'ACK 263172'.[m 
16:53:14.176 [35mDEBUG[m - http-8383-exec-3  - QTSrvCommunicator [35msend_IdentifyOsysConsoleWeb - QTools returned : 263172[m 
16:53:14.176 [35mDEBUG[m - http-8383-exec-3  - QTSrvCommunicator [35msend_CreateUserQuartisTools - message =  USR USER OBJ ADD [administrateur] [Administrateurs]
 {
 PASSWORD []
 }
[m 
16:53:14.176 [35mDEBUG[m - http-8383-exec-3  - QTConnector [35mexecuteQuery - Sending ' USR USER OBJ ADD [administrateur] [Administrateurs]
 {
 PASSWORD []
 }
'...[m 
16:53:14.177 [35mDEBUG[m - http-8383-exec-3  - QTConnector [35mexecuteQuery - Sent.[m 
16:53:14.177 [35mDEBUG[m - http-8383-exec-3  - QTConnector [35mexecuteQuery - Reading response...[m 
16:53:14.177 [35mDEBUG[m - http-8383-exec-3  - QTConnector [35mreadResponse - starting to listen...[m 
16:53:14.177 [35mDEBUG[m - http-8383-exec-3  - QTConnector [35mreadResponse - read trame : ACK -10[m 
16:53:14.178 [35mDEBUG[m - http-8383-exec-3  - QTConnector [35mexecuteQuery - Read: 'ACK -10'.[m 
16:53:14.178 [35mDEBUG[m - http-8383-exec-3  - QTSrvCommunicator [35msend_CreateUserQuartisTools - QTools returned : -10[m 
16:53:14.178 [35mDEBUG[m - http-8383-exec-3  - QTSrvCommunicator [35msend_UpdateUserQuartisTools - message :  USR USER OBJ SET [administrateur] [Administrateurs]
 {
 PASSWORD []
 }
[m 
16:53:14.178 [35mDEBUG[m - http-8383-exec-3  - QTConnector [35mexecuteQuery - Sending ' USR USER OBJ SET [administrateur] [Administrateurs]
 {
 PASSWORD []
 }
'...[m 
16:53:14.179 [35mDEBUG[m - http-8383-exec-3  - QTConnector [35mexecuteQuery - Sent.[m 
16:53:14.179 [35mDEBUG[m - http-8383-exec-3  - QTConnector [35mexecuteQuery - Reading response...[m 
16:53:14.179 [35mDEBUG[m - http-8383-exec-3  - QTConnector [35mreadResponse - starting to listen...[m 
16:53:14.181 [35mDEBUG[m - http-8383-exec-3  - QTConnector [35mreadResponse - read trame : ACK 0[m 
16:53:14.181 [35mDEBUG[m - http-8383-exec-3  - QTConnector [35mexecuteQuery - Read: 'ACK 0'.[m 
16:53:14.181 [35mDEBUG[m - http-8383-exec-3  - QTSrvCommunicator [35msend_UpdateUserQuartisTools - QTools returned : 0[m 
16:53:14.181 [35mDEBUG[m - http-8383-exec-3  - QTConnector [35mdisconnect - Déconnexion...[m 
16:53:14.182 [35mDEBUG[m - http-8383-exec-3  - QTConnector [35mdisconnect - Déconnecté.[m 
16:53:14.182 [34m INFO[m - http-8383-exec-3  - QuartisToolsServiceImpl [34mMise à jour du user QuartisTools 'administrateur' dans le groupe 'Administrateurs' réussie.[m 
16:53:25.549 [35mDEBUG[m - http-8383-exec-1  - ConnexionManagedBean [35mDéconnexion de : administrateur (ADMINISTRATEUR ADMINISTRATEUR)[m 
16:53:47.265 [35mDEBUG[m - http-8383-exec-5  - LoginManagedBean [35muser.id = administrateur, connecté par login/mdp Osys[m 
16:53:47.380 [35mDEBUG[m - http-8383-exec-5  - QTConnector [35mconnect - Connecting...[m 
16:53:47.383 [35mDEBUG[m - http-8383-exec-5  - QTConnector [35mconnect - Connected.[m 
16:53:47.383 [35mDEBUG[m - http-8383-exec-5  - QTConnector [35mexecuteQuery - Sending 'USER @ID0 [] serveur_web SERVEUR-WEB'...[m 
16:53:47.384 [35mDEBUG[m - http-8383-exec-5  - QTConnector [35mexecuteQuery - Sent.[m 
16:53:47.384 [35mDEBUG[m - http-8383-exec-5  - QTConnector [35mexecuteQuery - Reading response...[m 
16:53:47.384 [35mDEBUG[m - http-8383-exec-5  - QTConnector [35mreadResponse - starting to listen...[m 
16:53:47.385 [35mDEBUG[m - http-8383-exec-5  - QTConnector [35mreadResponse - read trame : ACK 263172[m 
16:53:47.385 [35mDEBUG[m - http-8383-exec-5  - QTConnector [35mexecuteQuery - Read: 'ACK 263172'.[m 
16:53:47.385 [35mDEBUG[m - http-8383-exec-5  - QTInternalCommunicator [35msend_IdentifyOsysConsoleWeb - QTools returned : 263172[m 
16:53:47.385 [35mDEBUG[m - http-8383-exec-5  - QTConnector [35mexecuteQuery - Sending 'LST_USER_CONNECT'...[m 
16:53:47.386 [35mDEBUG[m - http-8383-exec-5  - QTConnector [35mexecuteQuery - Sent.[m 
16:53:47.386 [35mDEBUG[m - http-8383-exec-5  - QTConnector [35mexecuteQuery - Reading response...[m 
16:53:47.386 [35mDEBUG[m - http-8383-exec-5  - QTConnector [35mreadResponse - starting to listen...[m 
16:53:47.387 [35mDEBUG[m - http-8383-exec-5  - QTConnector [35mreadResponse - read trame : <lstuserconnect max="3" connect="3" />\x0a[m 
16:53:47.387 [35mDEBUG[m - http-8383-exec-5  - QTConnector [35mexecuteQuery - Read: '<lstuserconnect max="3" connect="3" />\x0a'.[m 
16:53:47.388 [35mDEBUG[m - http-8383-exec-5  - QTConnector [35mdisconnect - Déconnexion...[m 
16:53:47.388 [35mDEBUG[m - http-8383-exec-5  - QTConnector [35mdisconnect - Déconnecté.[m 
16:53:47.415 [35mDEBUG[m - http-8383-exec-5  - QuartisToolsServiceImpl [35mcreateOrUpdateUser - username : 'administrateur', groupName : 'Administrateurs'...[m 
16:53:47.416 [35mDEBUG[m - http-8383-exec-5  - QTConnector [35mconnect - Connecting...[m 
16:53:47.417 [35mDEBUG[m - http-8383-exec-5  - QTConnector [35mconnect - Connected.[m 
16:53:47.418 [35mDEBUG[m - http-8383-exec-5  - QTConnector [35mexecuteQuery - Sending 'USER @ID0 [] serveur_web SERVEUR-WEB'...[m 
16:53:47.418 [35mDEBUG[m - http-8383-exec-5  - QTConnector [35mexecuteQuery - Sent.[m 
16:53:47.418 [35mDEBUG[m - http-8383-exec-5  - QTConnector [35mexecuteQuery - Reading response...[m 
16:53:47.419 [35mDEBUG[m - http-8383-exec-5  - QTConnector [35mreadResponse - starting to listen...[m 
16:53:47.420 [35mDEBUG[m - http-8383-exec-5  - QTConnector [35mreadResponse - read trame : ACK 263172[m 
16:53:47.420 [35mDEBUG[m - http-8383-exec-5  - QTConnector [35mexecuteQuery - Read: 'ACK 263172'.[m 
16:53:47.420 [35mDEBUG[m - http-8383-exec-5  - QTSrvCommunicator [35msend_IdentifyOsysConsoleWeb - QTools returned : 263172[m 
16:53:47.421 [35mDEBUG[m - http-8383-exec-5  - QTSrvCommunicator [35msend_CreateUserQuartisTools - message =  USR USER OBJ ADD [administrateur] [Administrateurs]
 {
 PASSWORD []
 }
[m 
16:53:47.421 [35mDEBUG[m - http-8383-exec-5  - QTConnector [35mexecuteQuery - Sending ' USR USER OBJ ADD [administrateur] [Administrateurs]
 {
 PASSWORD []
 }
'...[m 
16:53:47.421 [35mDEBUG[m - http-8383-exec-5  - QTConnector [35mexecuteQuery - Sent.[m 
16:53:47.421 [35mDEBUG[m - http-8383-exec-5  - QTConnector [35mexecuteQuery - Reading response...[m 
16:53:47.422 [35mDEBUG[m - http-8383-exec-5  - QTConnector [35mreadResponse - starting to listen...[m 
16:53:47.422 [35mDEBUG[m - http-8383-exec-5  - QTConnector [35mreadResponse - read trame : ACK -10[m 
16:53:47.422 [35mDEBUG[m - http-8383-exec-5  - QTConnector [35mexecuteQuery - Read: 'ACK -10'.[m 
16:53:47.422 [35mDEBUG[m - http-8383-exec-5  - QTSrvCommunicator [35msend_CreateUserQuartisTools - QTools returned : -10[m 
16:53:47.423 [35mDEBUG[m - http-8383-exec-5  - QTSrvCommunicator [35msend_UpdateUserQuartisTools - message :  USR USER OBJ SET [administrateur] [Administrateurs]
 {
 PASSWORD []
 }
[m 
16:53:47.423 [35mDEBUG[m - http-8383-exec-5  - QTConnector [35mexecuteQuery - Sending ' USR USER OBJ SET [administrateur] [Administrateurs]
 {
 PASSWORD []
 }
'...[m 
16:53:47.423 [35mDEBUG[m - http-8383-exec-5  - QTConnector [35mexecuteQuery - Sent.[m 
16:53:47.424 [35mDEBUG[m - http-8383-exec-5  - QTConnector [35mexecuteQuery - Reading response...[m 
16:53:47.424 [35mDEBUG[m - http-8383-exec-5  - QTConnector [35mreadResponse - starting to listen...[m 
16:53:47.425 [35mDEBUG[m - http-8383-exec-5  - QTConnector [35mreadResponse - read trame : ACK 0[m 
16:53:47.426 [35mDEBUG[m - http-8383-exec-5  - QTConnector [35mexecuteQuery - Read: 'ACK 0'.[m 
16:53:47.426 [35mDEBUG[m - http-8383-exec-5  - QTSrvCommunicator [35msend_UpdateUserQuartisTools - QTools returned : 0[m 
16:53:47.426 [35mDEBUG[m - http-8383-exec-5  - QTConnector [35mdisconnect - Déconnexion...[m 
16:53:47.427 [35mDEBUG[m - http-8383-exec-5  - QTConnector [35mdisconnect - Déconnecté.[m 
16:53:47.427 [34m INFO[m - http-8383-exec-5  - QuartisToolsServiceImpl [34mMise à jour du user QuartisTools 'administrateur' dans le groupe 'Administrateurs' réussie.[m 
16:53:50.325 [35mDEBUG[m - http-8383-exec-5  - ConnexionManagedBean [35mDéconnexion de : administrateur (ADMINISTRATEUR ADMINISTRATEUR)[m 
2019-03-30 12:00:46.152 [Thread-2] INFO  org.quartz.core.QuartzScheduler[653]-Scheduler schedulerBean_$_NON_CLUSTERED shutting down.
2019-03-30 12:00:46.167 [Thread-2] INFO  org.quartz.core.QuartzScheduler[572]-Scheduler schedulerBean_$_NON_CLUSTERED paused.
2019-03-30 12:00:46.167 [Thread-2] INFO  org.quartz.core.QuartzScheduler[725]-Scheduler schedulerBean_$_NON_CLUSTERED shutdown complete.
12:00:54.248 [34m INFO[m - Thread-2          - PropertiesDelegate [34mDestruction du properties manager ![m 
2019-03-30 12:00:59.334 [Thread-2] INFO  org.quartz.core.QuartzScheduler[653]-Scheduler schedulerBean_$_NON_CLUSTERED shutting down.
2019-03-30 12:00:59.334 [Thread-2] INFO  org.quartz.core.QuartzScheduler[572]-Scheduler schedulerBean_$_NON_CLUSTERED paused.
2019-03-30 12:00:59.334 [Thread-2] INFO  org.quartz.core.QuartzScheduler[725]-Scheduler schedulerBean_$_NON_CLUSTERED shutdown complete.
