10:11:12.841 [35mDEBUG[m - Thread-2          - TomcatListener [35mcontextInitialized - servletContext.realPath : C:\Osys\QuartisTools\Tomcat\webapps\Quartis-Web[m 
10:11:12.854 [34m INFO[m - Thread-2          - PropertiesDelegate [34mOuverture du fichier de configuration à l'emplacement : C:\Osys\QuartisTools\Tomcat/conf/quartis-web.properties[m 
10:11:12.880 [34m INFO[m - Thread-2          - TomcatListener [34m-----> Supression des fichier temporaires[m 
10:11:13.182 [34m INFO[m - Thread-2          - TomcatListener [34mOuverture du fichier indiquant la base de données : C:\Osys\QuartisTools\Tomcat/conf/datasources.xml...[m 
10:11:13.251 [34m INFO[m - Thread-2          - DataSourceManager [34mCréation de la datasource : QuartisWeb-PU[m 
SLF4J: Class path contains multiple SLF4J bindings.
SLF4J: Found binding in [jar:file:/C:/Osys/QuartisTools/Tomcat/lib/slf4j-log4j12-1.7.12.jar!/org/slf4j/impl/StaticLoggerBinder.class]
SLF4J: Found binding in [jar:file:/C:/Osys/QuartisTools/Tomcat/webapps/Quartis-OptimaCjj/WEB-INF/lib/logback-classic-0.9.28.jar!/org/slf4j/impl/StaticLoggerBinder.class]
SLF4J: See http://www.slf4j.org/codes.html#multiple_bindings for an explanation.
2018-11-01 10:11:20.025 [Thread-2] INFO  org.quartz.impl.StdSchedulerFactory[1157]-Using default implementation for ThreadExecutor
2018-11-01 10:11:20.042 [Thread-2] INFO  org.quartz.core.SchedulerSignalerImpl[61]-Initialized Scheduler Signaller of type: class org.quartz.core.SchedulerSignalerImpl
2018-11-01 10:11:20.042 [Thread-2] INFO  org.quartz.core.QuartzScheduler[243]-Quartz Scheduler v.2.1.6 created.
2018-11-01 10:11:20.043 [Thread-2] INFO  org.quartz.simpl.RAMJobStore[154]-RAMJobStore initialized.
2018-11-01 10:11:20.043 [Thread-2] INFO  org.quartz.core.QuartzScheduler[268]-Scheduler meta-data: Quartz Scheduler (v2.1.6) 'schedulerBean' with instanceId 'NON_CLUSTERED'
  Scheduler class: 'org.quartz.core.QuartzScheduler' - running locally.
  NOT STARTED.
  Currently in standby mode.
  Number of jobs executed: 0
  Using thread pool 'org.quartz.simpl.SimpleThreadPool' - with 10 threads.
  Using job-store 'org.quartz.simpl.RAMJobStore' - which does not support persistence. and is not clustered.

2018-11-01 10:11:20.044 [Thread-2] INFO  org.quartz.impl.StdSchedulerFactory[1306]-Quartz scheduler 'schedulerBean' initialized from an externally provided properties instance.
2018-11-01 10:11:20.044 [Thread-2] INFO  org.quartz.impl.StdSchedulerFactory[1310]-Quartz scheduler version: 2.1.6
2018-11-01 10:11:20.044 [Thread-2] INFO  org.quartz.core.QuartzScheduler[2247]-JobFactory set to: org.springframework.scheduling.quartz.SpringBeanJobFactory@144c7720
SLF4J: Class path contains multiple SLF4J bindings.
SLF4J: Found binding in [jar:file:/C:/Osys/QuartisTools/Tomcat/lib/slf4j-log4j12-1.7.12.jar!/org/slf4j/impl/StaticLoggerBinder.class]
SLF4J: Found binding in [jar:file:/C:/Osys/QuartisTools/Tomcat/webapps/Quartis-OptimaTml/WEB-INF/lib/logback-classic-0.9.28.jar!/org/slf4j/impl/StaticLoggerBinder.class]
SLF4J: See http://www.slf4j.org/codes.html#multiple_bindings for an explanation.
2018-11-01 10:11:23.159 [Thread-2] INFO  org.quartz.impl.StdSchedulerFactory[1157]-Using default implementation for ThreadExecutor
2018-11-01 10:11:23.177 [Thread-2] INFO  org.quartz.core.SchedulerSignalerImpl[61]-Initialized Scheduler Signaller of type: class org.quartz.core.SchedulerSignalerImpl
2018-11-01 10:11:23.177 [Thread-2] INFO  org.quartz.core.QuartzScheduler[243]-Quartz Scheduler v.2.1.6 created.
2018-11-01 10:11:23.178 [Thread-2] INFO  org.quartz.simpl.RAMJobStore[154]-RAMJobStore initialized.
2018-11-01 10:11:23.179 [Thread-2] INFO  org.quartz.core.QuartzScheduler[268]-Scheduler meta-data: Quartz Scheduler (v2.1.6) 'schedulerBean' with instanceId 'NON_CLUSTERED'
  Scheduler class: 'org.quartz.core.QuartzScheduler' - running locally.
  NOT STARTED.
  Currently in standby mode.
  Number of jobs executed: 0
  Using thread pool 'org.quartz.simpl.SimpleThreadPool' - with 10 threads.
  Using job-store 'org.quartz.simpl.RAMJobStore' - which does not support persistence. and is not clustered.

2018-11-01 10:11:23.179 [Thread-2] INFO  org.quartz.impl.StdSchedulerFactory[1306]-Quartz scheduler 'schedulerBean' initialized from an externally provided properties instance.
2018-11-01 10:11:23.179 [Thread-2] INFO  org.quartz.impl.StdSchedulerFactory[1310]-Quartz scheduler version: 2.1.6
2018-11-01 10:11:23.179 [Thread-2] INFO  org.quartz.core.QuartzScheduler[2247]-JobFactory set to: org.springframework.scheduling.quartz.SpringBeanJobFactory@4134ffd8
ERROR StatusLogger Unrecognized format specifier [d]
ERROR StatusLogger Unrecognized conversion specifier [d] starting at position 16 in conversion pattern.
ERROR StatusLogger Unrecognized format specifier [thread]
ERROR StatusLogger Unrecognized conversion specifier [thread] starting at position 25 in conversion pattern.
ERROR StatusLogger Unrecognized format specifier [level]
ERROR StatusLogger Unrecognized conversion specifier [level] starting at position 35 in conversion pattern.
ERROR StatusLogger Unrecognized format specifier [logger]
ERROR StatusLogger Unrecognized conversion specifier [logger] starting at position 47 in conversion pattern.
ERROR StatusLogger Unrecognized format specifier [msg]
ERROR StatusLogger Unrecognized conversion specifier [msg] starting at position 54 in conversion pattern.
ERROR StatusLogger Unrecognized format specifier [n]
ERROR StatusLogger Unrecognized conversion specifier [n] starting at position 56 in conversion pattern.
ERROR StatusLogger No log4j2 configuration file found. Using default configuration: logging only errors to the console.
ERROR StatusLogger Unrecognized format specifier [d]
ERROR StatusLogger Unrecognized conversion specifier [d] starting at position 16 in conversion pattern.
ERROR StatusLogger Unrecognized format specifier [thread]
ERROR StatusLogger Unrecognized conversion specifier [thread] starting at position 25 in conversion pattern.
ERROR StatusLogger Unrecognized format specifier [level]
ERROR StatusLogger Unrecognized conversion specifier [level] starting at position 35 in conversion pattern.
ERROR StatusLogger Unrecognized format specifier [logger]
ERROR StatusLogger Unrecognized conversion specifier [logger] starting at position 47 in conversion pattern.
ERROR StatusLogger Unrecognized format specifier [msg]
ERROR StatusLogger Unrecognized conversion specifier [msg] starting at position 54 in conversion pattern.
ERROR StatusLogger Unrecognized format specifier [n]
ERROR StatusLogger Unrecognized conversion specifier [n] starting at position 56 in conversion pattern.
10:12:22.151 [35mDEBUG[m - http-8383-exec-3  - LoginManagedBean [35muser.id = administrateur, connecté par login/mdp Osys[m 
10:12:23.825 [35mDEBUG[m - http-8383-exec-3  - TransfertFile [35mcopyFile (pls) - Copie de 18 fichiers vers 'C:\Osys\QUARTIS_PRO\quartis-pro-web\users\administrateur\language.properties'...[m 
10:12:23.825 [35mDEBUG[m - http-8383-exec-3  - TransfertFile [35mcopyFile (pls) - Copie du fichier 0/18 : 'C:\Osys\QUARTIS_PRO\quartis-pro-web\Standard\OPTIMA_00_Standard\language.properties'.[m 
10:12:23.826 [35mDEBUG[m - http-8383-exec-3  - TransfertFile [35mcopyFile (fileChannel) - Copie de 'C:\Osys\QUARTIS_PRO\quartis-pro-web\Standard\OPTIMA_00_Standard\language.properties'...[m 
10:12:23.841 [35mDEBUG[m - http-8383-exec-3  - TransfertFile [35mcopyFile (fileChannel) - Fin de la copie.[m 
10:12:23.841 [35mDEBUG[m - http-8383-exec-3  - TransfertFile [35mcopyFile (pls) - Copie du fichier 1/18 : 'C:\Osys\QUARTIS_PRO\quartis-pro-web\Standard\OPTIMA_10_Personnel\language.properties'.[m 
10:12:23.841 [35mDEBUG[m - http-8383-exec-3  - TransfertFile [35mcopyFile (fileChannel) - Copie de 'C:\Osys\QUARTIS_PRO\quartis-pro-web\Standard\OPTIMA_10_Personnel\language.properties'...[m 
10:12:23.860 [35mDEBUG[m - http-8383-exec-3  - TransfertFile [35mcopyFile (fileChannel) - Fin de la copie.[m 
10:12:23.861 [35mDEBUG[m - http-8383-exec-3  - TransfertFile [35mcopyFile (pls) - Copie du fichier 2/18 : 'C:\Osys\QUARTIS_PRO\quartis-pro-web\Standard\OPTIMA_15_Equipement\language.properties'.[m 
10:12:23.861 [35mDEBUG[m - http-8383-exec-3  - TransfertFile [35mcopyFile (fileChannel) - Copie de 'C:\Osys\QUARTIS_PRO\quartis-pro-web\Standard\OPTIMA_15_Equipement\language.properties'...[m 
10:12:23.868 [35mDEBUG[m - http-8383-exec-3  - TransfertFile [35mcopyFile (fileChannel) - Fin de la copie.[m 
10:12:23.868 [35mDEBUG[m - http-8383-exec-3  - TransfertFile [35mcopyFile (pls) - Copie du fichier 3/18 : 'C:\Osys\QUARTIS_PRO\quartis-pro-web\Standard\OPTIMA_20_Production\language.properties'.[m 
10:12:23.868 [35mDEBUG[m - http-8383-exec-3  - TransfertFile [35mcopyFile (fileChannel) - Copie de 'C:\Osys\QUARTIS_PRO\quartis-pro-web\Standard\OPTIMA_20_Production\language.properties'...[m 
10:12:23.872 [35mDEBUG[m - http-8383-exec-3  - TransfertFile [35mcopyFile (fileChannel) - Fin de la copie.[m 
10:12:23.872 [35mDEBUG[m - http-8383-exec-3  - TransfertFile [35mcopyFile (pls) - Copie du fichier 4/18 : 'C:\Osys\QUARTIS_PRO\quartis-pro-web\Standard\OPTIMA_30_Outil\language.properties'.[m 
10:12:23.872 [35mDEBUG[m - http-8383-exec-3  - TransfertFile [35mcopyFile (fileChannel) - Copie de 'C:\Osys\QUARTIS_PRO\quartis-pro-web\Standard\OPTIMA_30_Outil\language.properties'...[m 
10:12:23.887 [35mDEBUG[m - http-8383-exec-3  - TransfertFile [35mcopyFile (fileChannel) - Fin de la copie.[m 
10:12:23.887 [35mDEBUG[m - http-8383-exec-3  - TransfertFile [35mcopyFile (pls) - Copie du fichier 5/18 : 'C:\Osys\QUARTIS_PRO\quartis-pro-web\Standard\OPTIMA_40_Maintenance\language.properties'.[m 
10:12:23.887 [35mDEBUG[m - http-8383-exec-3  - TransfertFile [35mcopyFile (fileChannel) - Copie de 'C:\Osys\QUARTIS_PRO\quartis-pro-web\Standard\OPTIMA_40_Maintenance\language.properties'...[m 
10:12:23.913 [35mDEBUG[m - http-8383-exec-3  - TransfertFile [35mcopyFile (fileChannel) - Fin de la copie.[m 
10:12:23.914 [35mDEBUG[m - http-8383-exec-3  - TransfertFile [35mcopyFile (pls) - Copie du fichier 6/18 : 'C:\Osys\QUARTIS_PRO\quartis-pro-web\Standard\OPTIMA_45_Controle\language.properties'.[m 
10:12:23.914 [35mDEBUG[m - http-8383-exec-3  - TransfertFile [35mcopyFile (fileChannel) - Copie de 'C:\Osys\QUARTIS_PRO\quartis-pro-web\Standard\OPTIMA_45_Controle\language.properties'...[m 
10:12:23.914 [35mDEBUG[m - http-8383-exec-3  - TransfertFile [35mcopyFile (fileChannel) - Fin de la copie.[m 
10:12:23.914 [35mDEBUG[m - http-8383-exec-3  - TransfertFile [35mcopyFile (pls) - Copie du fichier 7/18 : 'C:\Osys\QUARTIS_PRO\quartis-pro-web\Standard\OPTIMA_50_GF\language.properties'.[m 
10:12:23.914 [35mDEBUG[m - http-8383-exec-3  - TransfertFile [35mcopyFile (fileChannel) - Copie de 'C:\Osys\QUARTIS_PRO\quartis-pro-web\Standard\OPTIMA_50_GF\language.properties'...[m 
10:12:23.926 [35mDEBUG[m - http-8383-exec-3  - TransfertFile [35mcopyFile (fileChannel) - Fin de la copie.[m 
10:12:23.926 [35mDEBUG[m - http-8383-exec-3  - TransfertFile [35mcopyFile (pls) - Copie du fichier 8/18 : 'C:\Osys\QUARTIS_PRO\quartis-pro-web\Standard\OPTIMA_60_Tiers\language.properties'.[m 
10:12:23.926 [35mDEBUG[m - http-8383-exec-3  - TransfertFile [35mcopyFile (fileChannel) - Copie de 'C:\Osys\QUARTIS_PRO\quartis-pro-web\Standard\OPTIMA_60_Tiers\language.properties'...[m 
10:12:23.954 [35mDEBUG[m - http-8383-exec-3  - TransfertFile [35mcopyFile (fileChannel) - Fin de la copie.[m 
10:12:23.954 [35mDEBUG[m - http-8383-exec-3  - TransfertFile [35mcopyFile (pls) - Copie du fichier 9/18 : 'C:\Osys\QUARTIS_PRO\quartis-pro-web\Standard\OPTIMA_70_Tracabilite\language.properties'.[m 
10:12:23.954 [35mDEBUG[m - http-8383-exec-3  - TransfertFile [35mcopyFile (fileChannel) - Copie de 'C:\Osys\QUARTIS_PRO\quartis-pro-web\Standard\OPTIMA_70_Tracabilite\language.properties'...[m 
10:12:23.970 [35mDEBUG[m - http-8383-exec-3  - TransfertFile [35mcopyFile (fileChannel) - Fin de la copie.[m 
10:12:23.971 [35mDEBUG[m - http-8383-exec-3  - TransfertFile [35mcopyFile (pls) - Copie du fichier 10/18 : 'C:\Osys\QUARTIS_PRO\quartis-pro-web\Standard\OPTIMA_80_Documents\language.properties'.[m 
10:12:23.971 [35mDEBUG[m - http-8383-exec-3  - TransfertFile [35mcopyFile (fileChannel) - Copie de 'C:\Osys\QUARTIS_PRO\quartis-pro-web\Standard\OPTIMA_80_Documents\language.properties'...[m 
10:12:23.974 [35mDEBUG[m - http-8383-exec-3  - TransfertFile [35mcopyFile (fileChannel) - Fin de la copie.[m 
10:12:23.974 [35mDEBUG[m - http-8383-exec-3  - TransfertFile [35mcopyFile (pls) - Copie du fichier 11/18 : 'C:\Osys\QUARTIS_PRO\quartis-pro-web\Standard\OPTIMA_90_GDT\language.properties'.[m 
10:12:23.974 [35mDEBUG[m - http-8383-exec-3  - TransfertFile [35mcopyFile (fileChannel) - Copie de 'C:\Osys\QUARTIS_PRO\quartis-pro-web\Standard\OPTIMA_90_GDT\language.properties'...[m 
10:12:23.974 [35mDEBUG[m - http-8383-exec-3  - TransfertFile [35mcopyFile (fileChannel) - Fin de la copie.[m 
10:12:23.974 [35mDEBUG[m - http-8383-exec-3  - TransfertFile [35mcopyFile (pls) - Copie du fichier 12/18 : 'C:\Osys\QUARTIS_PRO\quartis-pro-web\Standard\OPTIMA_98_About\language.properties'.[m 
10:12:23.974 [35mDEBUG[m - http-8383-exec-3  - TransfertFile [35mcopyFile (fileChannel) - Copie de 'C:\Osys\QUARTIS_PRO\quartis-pro-web\Standard\OPTIMA_98_About\language.properties'...[m 
10:12:23.974 [35mDEBUG[m - http-8383-exec-3  - TransfertFile [35mcopyFile (fileChannel) - Fin de la copie.[m 
10:12:23.975 [35mDEBUG[m - http-8383-exec-3  - TransfertFile [35mcopyFile (pls) - Copie du fichier 13/18 : 'C:\Osys\QUARTIS_PRO\quartis-pro-web\Standard\restrictions\language.properties'.[m 
10:12:23.975 [35mDEBUG[m - http-8383-exec-3  - TransfertFile [35mcopyFile (fileChannel) - Copie de 'C:\Osys\QUARTIS_PRO\quartis-pro-web\Standard\restrictions\language.properties'...[m 
10:12:23.975 [35mDEBUG[m - http-8383-exec-3  - TransfertFile [35mcopyFile (fileChannel) - Fin de la copie.[m 
10:12:23.975 [35mDEBUG[m - http-8383-exec-3  - TransfertFile [35mcopyFile (pls) - Copie du fichier 14/18 : 'C:\Osys\QUARTIS_PRO\quartis-pro-web\Standard\templates\pdf-footer\language.properties'.[m 
10:12:23.975 [35mDEBUG[m - http-8383-exec-3  - TransfertFile [35mcopyFile (fileChannel) - Copie de 'C:\Osys\QUARTIS_PRO\quartis-pro-web\Standard\templates\pdf-footer\language.properties'...[m 
10:12:23.975 [35mDEBUG[m - http-8383-exec-3  - TransfertFile [35mcopyFile (fileChannel) - Fin de la copie.[m 
10:12:23.975 [35mDEBUG[m - http-8383-exec-3  - TransfertFile [35mcopyFile (pls) - Copie du fichier 15/18 : 'C:\Osys\QUARTIS_PRO\quartis-pro-web\Standard\templates\pdf-header\language.properties'.[m 
10:12:23.975 [35mDEBUG[m - http-8383-exec-3  - TransfertFile [35mcopyFile (fileChannel) - Copie de 'C:\Osys\QUARTIS_PRO\quartis-pro-web\Standard\templates\pdf-header\language.properties'...[m 
10:12:23.976 [35mDEBUG[m - http-8383-exec-3  - TransfertFile [35mcopyFile (fileChannel) - Fin de la copie.[m 
10:12:23.976 [35mDEBUG[m - http-8383-exec-3  - TransfertFile [35mcopyFile (pls) - Copie du fichier 16/18 : 'C:\Osys\QUARTIS_PRO\quartis-pro-web\Specifiques\templates\pdf-footer\language.properties'.[m 
10:12:23.976 [35mDEBUG[m - http-8383-exec-3  - TransfertFile [35mcopyFile (fileChannel) - Copie de 'C:\Osys\QUARTIS_PRO\quartis-pro-web\Specifiques\templates\pdf-footer\language.properties'...[m 
10:12:23.976 [35mDEBUG[m - http-8383-exec-3  - TransfertFile [35mcopyFile (fileChannel) - Fin de la copie.[m 
10:12:23.976 [35mDEBUG[m - http-8383-exec-3  - TransfertFile [35mcopyFile (pls) - Copie du fichier 17/18 : 'C:\Osys\QUARTIS_PRO\quartis-pro-web\Specifiques\templates\pdf-header\language.properties'.[m 
10:12:23.976 [35mDEBUG[m - http-8383-exec-3  - TransfertFile [35mcopyFile (fileChannel) - Copie de 'C:\Osys\QUARTIS_PRO\quartis-pro-web\Specifiques\templates\pdf-header\language.properties'...[m 
10:12:23.976 [35mDEBUG[m - http-8383-exec-3  - TransfertFile [35mcopyFile (fileChannel) - Fin de la copie.[m 
10:12:23.977 [35mDEBUG[m - http-8383-exec-3  - TransfertFile [35mcopyFile (pls) - Fin de la copie.[m 
10:12:24.434 [35mDEBUG[m - http-8383-exec-3  - TransfertFile [35mcopyFile (pls) - Copie de 18 fichiers vers 'C:\Osys\QUARTIS_PRO\quartis-pro-web\users\administrateur\language_fr.properties'...[m 
10:12:24.434 [35mDEBUG[m - http-8383-exec-3  - TransfertFile [35mcopyFile (pls) - Copie du fichier 0/18 : 'C:\Osys\QUARTIS_PRO\quartis-pro-web\Standard\OPTIMA_00_Standard\language_fr.properties'.[m 
10:12:24.434 [35mDEBUG[m - http-8383-exec-3  - TransfertFile [35mcopyFile (fileChannel) - Copie de 'C:\Osys\QUARTIS_PRO\quartis-pro-web\Standard\OPTIMA_00_Standard\language_fr.properties'...[m 
10:12:24.443 [35mDEBUG[m - http-8383-exec-3  - TransfertFile [35mcopyFile (fileChannel) - Fin de la copie.[m 
10:12:24.444 [35mDEBUG[m - http-8383-exec-3  - TransfertFile [35mcopyFile (pls) - Copie du fichier 1/18 : 'C:\Osys\QUARTIS_PRO\quartis-pro-web\Standard\OPTIMA_10_Personnel\language_fr.properties'.[m 
10:12:24.444 [35mDEBUG[m - http-8383-exec-3  - TransfertFile [35mcopyFile (fileChannel) - Copie de 'C:\Osys\QUARTIS_PRO\quartis-pro-web\Standard\OPTIMA_10_Personnel\language_fr.properties'...[m 
10:12:24.444 [35mDEBUG[m - http-8383-exec-3  - TransfertFile [35mcopyFile (fileChannel) - Fin de la copie.[m 
10:12:24.444 [35mDEBUG[m - http-8383-exec-3  - TransfertFile [35mcopyFile (pls) - Copie du fichier 2/18 : 'C:\Osys\QUARTIS_PRO\quartis-pro-web\Standard\OPTIMA_15_Equipement\language_fr.properties'.[m 
10:12:24.445 [35mDEBUG[m - http-8383-exec-3  - TransfertFile [35mcopyFile (fileChannel) - Copie de 'C:\Osys\QUARTIS_PRO\quartis-pro-web\Standard\OPTIMA_15_Equipement\language_fr.properties'...[m 
10:12:24.445 [35mDEBUG[m - http-8383-exec-3  - TransfertFile [35mcopyFile (fileChannel) - Fin de la copie.[m 
10:12:24.445 [35mDEBUG[m - http-8383-exec-3  - TransfertFile [35mcopyFile (pls) - Copie du fichier 3/18 : 'C:\Osys\QUARTIS_PRO\quartis-pro-web\Standard\OPTIMA_20_Production\language_fr.properties'.[m 
10:12:24.445 [35mDEBUG[m - http-8383-exec-3  - TransfertFile [35mcopyFile (fileChannel) - Copie de 'C:\Osys\QUARTIS_PRO\quartis-pro-web\Standard\OPTIMA_20_Production\language_fr.properties'...[m 
10:12:24.458 [35mDEBUG[m - http-8383-exec-3  - TransfertFile [35mcopyFile (fileChannel) - Fin de la copie.[m 
10:12:24.458 [35mDEBUG[m - http-8383-exec-3  - TransfertFile [35mcopyFile (pls) - Copie du fichier 4/18 : 'C:\Osys\QUARTIS_PRO\quartis-pro-web\Standard\OPTIMA_30_Outil\language_fr.properties'.[m 
10:12:24.458 [35mDEBUG[m - http-8383-exec-3  - TransfertFile [35mcopyFile (fileChannel) - Copie de 'C:\Osys\QUARTIS_PRO\quartis-pro-web\Standard\OPTIMA_30_Outil\language_fr.properties'...[m 
10:12:24.474 [35mDEBUG[m - http-8383-exec-3  - TransfertFile [35mcopyFile (fileChannel) - Fin de la copie.[m 
10:12:24.474 [35mDEBUG[m - http-8383-exec-3  - TransfertFile [35mcopyFile (pls) - Copie du fichier 5/18 : 'C:\Osys\QUARTIS_PRO\quartis-pro-web\Standard\OPTIMA_40_Maintenance\language_fr.properties'.[m 
10:12:24.474 [35mDEBUG[m - http-8383-exec-3  - TransfertFile [35mcopyFile (fileChannel) - Copie de 'C:\Osys\QUARTIS_PRO\quartis-pro-web\Standard\OPTIMA_40_Maintenance\language_fr.properties'...[m 
10:12:24.486 [35mDEBUG[m - http-8383-exec-3  - TransfertFile [35mcopyFile (fileChannel) - Fin de la copie.[m 
10:12:24.486 [35mDEBUG[m - http-8383-exec-3  - TransfertFile [35mcopyFile (pls) - Copie du fichier 6/18 : 'C:\Osys\QUARTIS_PRO\quartis-pro-web\Standard\OPTIMA_45_Controle\language_fr.properties'.[m 
10:12:24.486 [35mDEBUG[m - http-8383-exec-3  - TransfertFile [35mcopyFile (fileChannel) - Copie de 'C:\Osys\QUARTIS_PRO\quartis-pro-web\Standard\OPTIMA_45_Controle\language_fr.properties'...[m 
10:12:24.487 [35mDEBUG[m - http-8383-exec-3  - TransfertFile [35mcopyFile (fileChannel) - Fin de la copie.[m 
10:12:24.487 [35mDEBUG[m - http-8383-exec-3  - TransfertFile [35mcopyFile (pls) - Copie du fichier 7/18 : 'C:\Osys\QUARTIS_PRO\quartis-pro-web\Standard\OPTIMA_50_GF\language_fr.properties'.[m 
10:12:24.487 [35mDEBUG[m - http-8383-exec-3  - TransfertFile [35mcopyFile (fileChannel) - Copie de 'C:\Osys\QUARTIS_PRO\quartis-pro-web\Standard\OPTIMA_50_GF\language_fr.properties'...[m 
10:12:24.494 [35mDEBUG[m - http-8383-exec-3  - TransfertFile [35mcopyFile (fileChannel) - Fin de la copie.[m 
10:12:24.494 [35mDEBUG[m - http-8383-exec-3  - TransfertFile [35mcopyFile (pls) - Copie du fichier 8/18 : 'C:\Osys\QUARTIS_PRO\quartis-pro-web\Standard\OPTIMA_60_Tiers\language_fr.properties'.[m 
10:12:24.494 [35mDEBUG[m - http-8383-exec-3  - TransfertFile [35mcopyFile (fileChannel) - Copie de 'C:\Osys\QUARTIS_PRO\quartis-pro-web\Standard\OPTIMA_60_Tiers\language_fr.properties'...[m 
10:12:24.507 [35mDEBUG[m - http-8383-exec-3  - TransfertFile [35mcopyFile (fileChannel) - Fin de la copie.[m 
10:12:24.507 [35mDEBUG[m - http-8383-exec-3  - TransfertFile [35mcopyFile (pls) - Copie du fichier 9/18 : 'C:\Osys\QUARTIS_PRO\quartis-pro-web\Standard\OPTIMA_70_Tracabilite\language_fr.properties'.[m 
10:12:24.507 [35mDEBUG[m - http-8383-exec-3  - TransfertFile [35mcopyFile (fileChannel) - Copie de 'C:\Osys\QUARTIS_PRO\quartis-pro-web\Standard\OPTIMA_70_Tracabilite\language_fr.properties'...[m 
10:12:24.521 [35mDEBUG[m - http-8383-exec-3  - TransfertFile [35mcopyFile (fileChannel) - Fin de la copie.[m 
10:12:24.521 [35mDEBUG[m - http-8383-exec-3  - TransfertFile [35mcopyFile (pls) - Copie du fichier 10/18 : 'C:\Osys\QUARTIS_PRO\quartis-pro-web\Standard\OPTIMA_80_Documents\language_fr.properties'.[m 
10:12:24.521 [35mDEBUG[m - http-8383-exec-3  - TransfertFile [35mcopyFile (fileChannel) - Copie de 'C:\Osys\QUARTIS_PRO\quartis-pro-web\Standard\OPTIMA_80_Documents\language_fr.properties'...[m 
10:12:24.532 [35mDEBUG[m - http-8383-exec-3  - TransfertFile [35mcopyFile (fileChannel) - Fin de la copie.[m 
10:12:24.532 [35mDEBUG[m - http-8383-exec-3  - TransfertFile [35mcopyFile (pls) - Copie du fichier 11/18 : 'C:\Osys\QUARTIS_PRO\quartis-pro-web\Standard\OPTIMA_90_GDT\language_fr.properties'.[m 
10:12:24.532 [35mDEBUG[m - http-8383-exec-3  - TransfertFile [35mcopyFile (fileChannel) - Copie de 'C:\Osys\QUARTIS_PRO\quartis-pro-web\Standard\OPTIMA_90_GDT\language_fr.properties'...[m 
10:12:24.532 [35mDEBUG[m - http-8383-exec-3  - TransfertFile [35mcopyFile (fileChannel) - Fin de la copie.[m 
10:12:24.533 [35mDEBUG[m - http-8383-exec-3  - TransfertFile [35mcopyFile (pls) - Copie du fichier 12/18 : 'C:\Osys\QUARTIS_PRO\quartis-pro-web\Standard\OPTIMA_98_About\language_fr.properties'.[m 
10:12:24.533 [35mDEBUG[m - http-8383-exec-3  - TransfertFile [35mcopyFile (fileChannel) - Copie de 'C:\Osys\QUARTIS_PRO\quartis-pro-web\Standard\OPTIMA_98_About\language_fr.properties'...[m 
10:12:24.533 [35mDEBUG[m - http-8383-exec-3  - TransfertFile [35mcopyFile (fileChannel) - Fin de la copie.[m 
10:12:24.533 [35mDEBUG[m - http-8383-exec-3  - TransfertFile [35mcopyFile (pls) - Copie du fichier 13/18 : 'C:\Osys\QUARTIS_PRO\quartis-pro-web\Standard\restrictions\language_fr.properties'.[m 
10:12:24.533 [35mDEBUG[m - http-8383-exec-3  - TransfertFile [35mcopyFile (fileChannel) - Copie de 'C:\Osys\QUARTIS_PRO\quartis-pro-web\Standard\restrictions\language_fr.properties'...[m 
10:12:24.533 [35mDEBUG[m - http-8383-exec-3  - TransfertFile [35mcopyFile (fileChannel) - Fin de la copie.[m 
10:12:24.533 [35mDEBUG[m - http-8383-exec-3  - TransfertFile [35mcopyFile (pls) - Copie du fichier 14/18 : 'C:\Osys\QUARTIS_PRO\quartis-pro-web\Standard\templates\pdf-footer\language_fr.properties'.[m 
10:12:24.533 [35mDEBUG[m - http-8383-exec-3  - TransfertFile [35mcopyFile (fileChannel) - Copie de 'C:\Osys\QUARTIS_PRO\quartis-pro-web\Standard\templates\pdf-footer\language_fr.properties'...[m 
10:12:24.533 [35mDEBUG[m - http-8383-exec-3  - TransfertFile [35mcopyFile (fileChannel) - Fin de la copie.[m 
10:12:24.534 [35mDEBUG[m - http-8383-exec-3  - TransfertFile [35mcopyFile (pls) - Copie du fichier 15/18 : 'C:\Osys\QUARTIS_PRO\quartis-pro-web\Standard\templates\pdf-header\language_fr.properties'.[m 
10:12:24.534 [35mDEBUG[m - http-8383-exec-3  - TransfertFile [35mcopyFile (fileChannel) - Copie de 'C:\Osys\QUARTIS_PRO\quartis-pro-web\Standard\templates\pdf-header\language_fr.properties'...[m 
10:12:24.534 [35mDEBUG[m - http-8383-exec-3  - TransfertFile [35mcopyFile (fileChannel) - Fin de la copie.[m 
10:12:24.534 [35mDEBUG[m - http-8383-exec-3  - TransfertFile [35mcopyFile (pls) - Copie du fichier 16/18 : 'C:\Osys\QUARTIS_PRO\quartis-pro-web\Specifiques\templates\pdf-footer\language_fr.properties'.[m 
10:12:24.534 [35mDEBUG[m - http-8383-exec-3  - TransfertFile [35mcopyFile (fileChannel) - Copie de 'C:\Osys\QUARTIS_PRO\quartis-pro-web\Specifiques\templates\pdf-footer\language_fr.properties'...[m 
10:12:24.534 [35mDEBUG[m - http-8383-exec-3  - TransfertFile [35mcopyFile (fileChannel) - Fin de la copie.[m 
10:12:24.534 [35mDEBUG[m - http-8383-exec-3  - TransfertFile [35mcopyFile (pls) - Copie du fichier 17/18 : 'C:\Osys\QUARTIS_PRO\quartis-pro-web\Specifiques\templates\pdf-header\language_fr.properties'.[m 
10:12:24.534 [35mDEBUG[m - http-8383-exec-3  - TransfertFile [35mcopyFile (fileChannel) - Copie de 'C:\Osys\QUARTIS_PRO\quartis-pro-web\Specifiques\templates\pdf-header\language_fr.properties'...[m 
10:12:24.535 [35mDEBUG[m - http-8383-exec-3  - TransfertFile [35mcopyFile (fileChannel) - Fin de la copie.[m 
10:12:24.535 [35mDEBUG[m - http-8383-exec-3  - TransfertFile [35mcopyFile (pls) - Fin de la copie.[m 
10:12:24.535 [35mDEBUG[m - http-8383-exec-3  - LanguageFileManager [35mbuildPropertiesGen - Création de 'C:\Osys\QUARTIS_PRO\quartis-pro-web\users\administrateur\language_fr.properties'...[m 
10:12:24.562 [35mDEBUG[m - http-8383-exec-3  - LanguageFileManager [35mbuildPropertiesGen - Fin de la création.[m 
10:12:33.579 [35mDEBUG[m - http-8383-exec-5  - TableDivTransformer [35mbuildLevel1Or2 ()--> Nom du fichier export2 = Table-[m 
10:12:35.339 [35mDEBUG[m - http-8383-exec-1  - TableDivTransformer [35mcreateFileName ()--> Nom du fichier export = _Standard_System_Event_List[m 
10:12:35.351 [35mDEBUG[m - http-8383-exec-1  - TableExcelTransformer [35mactionPerformed - Ecriture dans le fichier 'C:\Osys\QuartisTools\Tomcat\webapps\Quartis-Web\.\work\_0.0.0.0.0.0.0.1-administrateur\_Standard_System_Event_List\_Standard_System_Event_List.xls'...[m 
10:12:35.351 [35mDEBUG[m - http-8383-exec-1  - TableExcelTransformer [35mactionPerformed - Ecriture dans le fichier 'C:\Osys\QuartisTools\Tomcat\webapps\Quartis-Web\.\work\_0.0.0.0.0.0.0.1-administrateur\_Standard_System_Event_List\_Standard_System_Event_List.xls'...[m 
10:12:35.352 [35mDEBUG[m - http-8383-exec-6  - TableDivTransformer [35mcreateFileName ()--> Nom du fichier export = _Standard_System_Event_List[m 
10:12:35.352 [35mDEBUG[m - http-8383-exec-6  - TableExcelTransformer [35mactionPerformed - Ecriture dans le fichier 'C:\Osys\QuartisTools\Tomcat\webapps\Quartis-Web\.\work\_0.0.0.0.0.0.0.1-administrateur\_Standard_System_Event_List\_Standard_System_Event_List.xls'...[m 
10:12:35.352 [35mDEBUG[m - http-8383-exec-6  - TableExcelTransformer [35mactionPerformed - Ecriture dans le fichier 'C:\Osys\QuartisTools\Tomcat\webapps\Quartis-Web\.\work\_0.0.0.0.0.0.0.1-administrateur\_Standard_System_Event_List\_Standard_System_Event_List.xls'...[m 
10:12:35.634 [35mDEBUG[m - http-8383-exec-1  - TableExcelTransformer [35mactionPerformed - Fin de l'écriture dans le fichier.[m 
10:12:35.634 [35mDEBUG[m - http-8383-exec-6  - TableExcelTransformer [35mactionPerformed - Fin de l'écriture dans le fichier.[m 
10:12:37.026 [35mDEBUG[m - http-8383-exec-2  - TableDivTransformer [35mcreateFileName ()--> Nom du fichier export = _Standard_System_Event_List[m 
10:12:37.027 [35mDEBUG[m - http-8383-exec-2  - TableExcelTransformer [35mactionPerformed - Ecriture dans le fichier 'C:\Osys\QuartisTools\Tomcat\webapps\Quartis-Web\.\work\_0.0.0.0.0.0.0.1-administrateur\_Standard_System_Event_List\_Standard_System_Event_List.xls'...[m 
10:12:37.027 [35mDEBUG[m - http-8383-exec-2  - TableExcelTransformer [35mactionPerformed - Ecriture dans le fichier 'C:\Osys\QuartisTools\Tomcat\webapps\Quartis-Web\.\work\_0.0.0.0.0.0.0.1-administrateur\_Standard_System_Event_List\_Standard_System_Event_List.xls'...[m 
10:12:37.035 [35mDEBUG[m - http-8383-exec-2  - TableExcelTransformer [35mactionPerformed - Fin de l'écriture dans le fichier.[m 
Unable to load config file.
10:13:03.917 [35mDEBUG[m - http-8383-exec-4  - TableDivTransformer [35mcreateFileName ()--> Nom du fichier export = _Personnel_Activite_EnCours_Liste_1[m 
10:13:03.918 [35mDEBUG[m - http-8383-exec-4  - TableExcelTransformer [35mactionPerformed - Ecriture dans le fichier 'C:\Osys\QuartisTools\Tomcat\webapps\Quartis-Web\.\work\_0.0.0.0.0.0.0.1-administrateur\_Personnel_Activite_EnCours_Liste_1\_Personnel_Activite_EnCours_Liste_1.xls'...[m 
10:13:03.918 [35mDEBUG[m - http-8383-exec-4  - TableExcelTransformer [35mactionPerformed - Ecriture dans le fichier 'C:\Osys\QuartisTools\Tomcat\webapps\Quartis-Web\.\work\_0.0.0.0.0.0.0.1-administrateur\_Personnel_Activite_EnCours_Liste_1\_Personnel_Activite_EnCours_Liste_1.xls'...[m 
10:13:03.923 [35mDEBUG[m - http-8383-exec-6  - TableDivTransformer [35mcreateFileName ()--> Nom du fichier export = _Personnel_Activite_EnCours_Liste_1[m 
10:13:03.923 [35mDEBUG[m - http-8383-exec-6  - TableExcelTransformer [35mactionPerformed - Ecriture dans le fichier 'C:\Osys\QuartisTools\Tomcat\webapps\Quartis-Web\.\work\_0.0.0.0.0.0.0.1-administrateur\_Personnel_Activite_EnCours_Liste_1\_Personnel_Activite_EnCours_Liste_1.xls'...[m 
10:13:03.923 [35mDEBUG[m - http-8383-exec-6  - TableExcelTransformer [35mactionPerformed - Ecriture dans le fichier 'C:\Osys\QuartisTools\Tomcat\webapps\Quartis-Web\.\work\_0.0.0.0.0.0.0.1-administrateur\_Personnel_Activite_EnCours_Liste_1\_Personnel_Activite_EnCours_Liste_1.xls'...[m 
10:13:03.947 [35mDEBUG[m - http-8383-exec-6  - TableExcelTransformer [35mactionPerformed - Fin de l'écriture dans le fichier.[m 
10:13:03.947 [35mDEBUG[m - http-8383-exec-4  - TableExcelTransformer [35mactionPerformed - Fin de l'écriture dans le fichier.[m 
10:13:07.116 [35mDEBUG[m - http-8383-exec-5  - GSqlQueryGeneratorSqlServer [35m--->table =PERSONNEL query =set rowcount 3000  SELECT MATR_SITE  , MATR  , CODE_BADG  , TITR  , FLAG_INTE  , NOM  , PREN  , dbo.OPTIMA_TRADUCTION(ADRE_RUE,'fr') +'@KEYLANG_'+ADRE_RUE AS ADRE_RUE  , ADRE_CODE_POST  , dbo.OPTIMA_TRADUCTION(ADRE_VILL,'fr') +'@KEYLANG_'+ADRE_VILL AS ADRE_VILL  , ADRE_TELE  , ADRE_MAIL  , MOT_PASS  , FLAG_BADG_BLOQ  , NOMB_ACTI_MAXI  , FLAG_SUIV_POIN  , KELI_KEY  , FLAG_GEST_PLAN  , FLAG_KELI_IMPO  , LIEN_IMAG  , CODE_HORA_1  , CODE_SERV  , CODE_EQUI_DEFA  , CODE_ATEL  , CODE_ATEL_DEFA  , CODE_SECT_GEOG  , CODE_SECT_GEOG_DEFA  , CODE_ETAT_PERS_DEFA  , CONVERT(NVARCHAR, DATEADD(SECOND, DELT_HEUR_UTC,DATE_DERN_POIN), 103) +' '+CONVERT(NVARCHAR, DATEADD(SECOND, DELT_HEUR_UTC,DATE_DERN_POIN), 108) AS DATE_DERN_POIN  , CODE_SITE  , DELT_HEUR_UTC  , CONVERT(NVARCHAR, DATEADD(SECOND, DELT_HEUR_UTC,DATE_EXPO_DIMO), 103) +' '+CONVERT(NVARCHAR, DATEADD(SECOND, DELT_HEUR_UTC,DATE_EXPO_DIMO), 108) AS DATE_EXPO_DIMO  , FLAG_HABI_MACH  , FLAG_SUPP FROM PERSONNEL  WHERE ( CODE_SITE = 'MAR')  ORDER BY MATR_SITE ASC [m 
10:13:11.097 [35mDEBUG[m - http-8383-exec-5  - GSqlQueryGeneratorSqlServer [35m--->table =PERSONNEL query =set rowcount 3000  SELECT MATR_SITE  , MATR  , CODE_BADG  , TITR  , FLAG_INTE  , NOM  , PREN  , dbo.OPTIMA_TRADUCTION(ADRE_RUE,'fr') +'@KEYLANG_'+ADRE_RUE AS ADRE_RUE  , ADRE_CODE_POST  , dbo.OPTIMA_TRADUCTION(ADRE_VILL,'fr') +'@KEYLANG_'+ADRE_VILL AS ADRE_VILL  , ADRE_TELE  , ADRE_MAIL  , MOT_PASS  , FLAG_BADG_BLOQ  , NOMB_ACTI_MAXI  , FLAG_SUIV_POIN  , KELI_KEY  , FLAG_GEST_PLAN  , FLAG_KELI_IMPO  , LIEN_IMAG  , CODE_HORA_1  , CODE_SERV  , CODE_EQUI_DEFA  , CODE_ATEL  , CODE_ATEL_DEFA  , CODE_SECT_GEOG  , CODE_SECT_GEOG_DEFA  , CODE_ETAT_PERS_DEFA  , CONVERT(NVARCHAR, DATEADD(SECOND, DELT_HEUR_UTC,DATE_DERN_POIN), 103) +' '+CONVERT(NVARCHAR, DATEADD(SECOND, DELT_HEUR_UTC,DATE_DERN_POIN), 108) AS DATE_DERN_POIN  , CODE_SITE  , DELT_HEUR_UTC  , CONVERT(NVARCHAR, DATEADD(SECOND, DELT_HEUR_UTC,DATE_EXPO_DIMO), 103) +' '+CONVERT(NVARCHAR, DATEADD(SECOND, DELT_HEUR_UTC,DATE_EXPO_DIMO), 108) AS DATE_EXPO_DIMO  , FLAG_HABI_MACH  , FLAG_SUPP FROM PERSONNEL  WHERE ( CODE_SITE = 'MAR')  ORDER BY MATR_SITE ASC [m 
10:13:18.298 [35mDEBUG[m - http-8383-exec-5  - TableDivTransformer [35mcreateFileName ()--> Nom du fichier export = _Standard_System_Event_List[m 
10:13:18.298 [35mDEBUG[m - http-8383-exec-5  - TableExcelTransformer [35mactionPerformed - Ecriture dans le fichier 'C:\Osys\QuartisTools\Tomcat\webapps\Quartis-Web\.\work\_0.0.0.0.0.0.0.1-administrateur\_Standard_System_Event_List\_Standard_System_Event_List.xls'...[m 
10:13:18.298 [35mDEBUG[m - http-8383-exec-5  - TableExcelTransformer [35mactionPerformed - Ecriture dans le fichier 'C:\Osys\QuartisTools\Tomcat\webapps\Quartis-Web\.\work\_0.0.0.0.0.0.0.1-administrateur\_Standard_System_Event_List\_Standard_System_Event_List.xls'...[m 
10:13:18.298 [35mDEBUG[m - http-8383-exec-6  - TableDivTransformer [35mcreateFileName ()--> Nom du fichier export = _Standard_System_Event_List[m 
10:13:18.299 [35mDEBUG[m - http-8383-exec-6  - TableExcelTransformer [35mactionPerformed - Ecriture dans le fichier 'C:\Osys\QuartisTools\Tomcat\webapps\Quartis-Web\.\work\_0.0.0.0.0.0.0.1-administrateur\_Standard_System_Event_List\_Standard_System_Event_List.xls'...[m 
10:13:18.299 [35mDEBUG[m - http-8383-exec-6  - TableExcelTransformer [35mactionPerformed - Ecriture dans le fichier 'C:\Osys\QuartisTools\Tomcat\webapps\Quartis-Web\.\work\_0.0.0.0.0.0.0.1-administrateur\_Standard_System_Event_List\_Standard_System_Event_List.xls'...[m 
10:13:18.305 [35mDEBUG[m - http-8383-exec-5  - TableExcelTransformer [35mactionPerformed - Fin de l'écriture dans le fichier.[m 
10:13:18.305 [35mDEBUG[m - http-8383-exec-6  - TableExcelTransformer [35mactionPerformed - Fin de l'écriture dans le fichier.[m 
10:13:20.100 [35mDEBUG[m - http-8383-exec-4  - TableDivTransformer [35mcreateFileName ()--> Nom du fichier export = _Standard_System_Event_List[m 
10:13:20.101 [35mDEBUG[m - http-8383-exec-4  - TableExcelTransformer [35mactionPerformed - Ecriture dans le fichier 'C:\Osys\QuartisTools\Tomcat\webapps\Quartis-Web\.\work\_0.0.0.0.0.0.0.1-administrateur\_Standard_System_Event_List\_Standard_System_Event_List.xls'...[m 
10:13:20.101 [35mDEBUG[m - http-8383-exec-4  - TableExcelTransformer [35mactionPerformed - Ecriture dans le fichier 'C:\Osys\QuartisTools\Tomcat\webapps\Quartis-Web\.\work\_0.0.0.0.0.0.0.1-administrateur\_Standard_System_Event_List\_Standard_System_Event_List.xls'...[m 
10:13:20.107 [35mDEBUG[m - http-8383-exec-4  - TableExcelTransformer [35mactionPerformed - Fin de l'écriture dans le fichier.[m 
Unable to load config file.
Unable to load config file.
2018-11-01 10:45:53.888 [Thread-2] INFO  org.quartz.core.QuartzScheduler[653]-Scheduler schedulerBean_$_NON_CLUSTERED shutting down.
2018-11-01 10:45:53.888 [Thread-2] INFO  org.quartz.core.QuartzScheduler[572]-Scheduler schedulerBean_$_NON_CLUSTERED paused.
2018-11-01 10:45:53.889 [Thread-2] INFO  org.quartz.core.QuartzScheduler[725]-Scheduler schedulerBean_$_NON_CLUSTERED shutdown complete.
10:45:54.359 [34m INFO[m - Thread-2          - PropertiesDelegate [34mDestruction du properties manager ![m 
2018-11-01 10:45:55.139 [Thread-2] INFO  org.quartz.core.QuartzScheduler[653]-Scheduler schedulerBean_$_NON_CLUSTERED shutting down.
2018-11-01 10:45:55.139 [Thread-2] INFO  org.quartz.core.QuartzScheduler[572]-Scheduler schedulerBean_$_NON_CLUSTERED paused.
2018-11-01 10:45:55.140 [Thread-2] INFO  org.quartz.core.QuartzScheduler[725]-Scheduler schedulerBean_$_NON_CLUSTERED shutdown complete.
