10:08:54.461 [35mDEBUG[m - Thread-2          - TomcatListener [35mcontextInitialized - servletContext.realPath : C:\Osys\QuartisTools\Tomcat\webapps\Quartis-Web[m 
10:08:54.492 [34m INFO[m - Thread-2          - PropertiesDelegate [34mOuverture du fichier de configuration à l'emplacement : C:\Osys\QuartisTools\Tomcat/conf/quartis-web.properties[m 
10:08:54.648 [34m INFO[m - Thread-2          - TomcatListener [34m-----> Supression des fichier temporaires[m 
10:08:58.299 [34m INFO[m - Thread-2          - TomcatListener [34mOuverture du fichier indiquant la base de données : C:\Osys\QuartisTools\Tomcat/conf/datasources.xml...[m 
10:08:58.595 [34m INFO[m - Thread-2          - DataSourceManager [34mCréation de la datasource : QuartisWeb-PU[m 
10:09:00.093 [1;31mERROR[m - Thread-2          - GSql  org.apache.commons.dbcp.SQLNestedException: Cannot create PoolableConnectionFactory (Network error IOException: Connection refused: connect)
	at org.apache.commons.dbcp.BasicDataSource.createDataSource(BasicDataSource.java:1225)
	at org.apache.commons.dbcp.BasicDataSource.getConnection(BasicDataSource.java:880)
	at quartisweb.bd.AccesBD.getConnection(AccesBD.java:140)
	at quartisweb.generic.sql.GSql.getListCodeSites(GSql.java:923)
	at quartisweb.id.global.UserGlobalManager.verifySiteTiret(UserGlobalManager.java:124)
	at quartisweb.id.global.UserGlobalManager.creerListUser(UserGlobalManager.java:85)
	at quartisweb.id.global.UserGlobalManager.init(UserGlobalManager.java:35)
	at quartisweb.tomcat.TomcatListener.contextInitialized(TomcatListener.java:109)
	at org.apache.catalina.core.StandardContext.listenerStart(StandardContext.java:4135)
	at org.apache.catalina.core.StandardContext.start(StandardContext.java:4630)
	at org.apache.catalina.core.ContainerBase.addChildInternal(ContainerBase.java:791)
	at org.apache.catalina.core.ContainerBase.addChild(ContainerBase.java:771)
	at org.apache.catalina.core.StandardHost.addChild(StandardHost.java:546)
	at org.apache.catalina.startup.HostConfig.deployDescriptor(HostConfig.java:637)
	at org.apache.catalina.startup.HostConfig.deployDescriptors(HostConfig.java:563)
	at org.apache.catalina.startup.HostConfig.deployApps(HostConfig.java:498)
	at org.apache.catalina.startup.HostConfig.start(HostConfig.java:1277)
	at org.apache.catalina.startup.HostConfig.lifecycleEvent(HostConfig.java:321)
	at org.apache.catalina.util.LifecycleSupport.fireLifecycleEvent(LifecycleSupport.java:119)
	at org.apache.catalina.core.ContainerBase.start(ContainerBase.java:1053)
	at org.apache.catalina.core.StandardHost.start(StandardHost.java:785)
	at org.apache.catalina.core.ContainerBase.start(ContainerBase.java:1045)
	at org.apache.catalina.core.StandardEngine.start(StandardEngine.java:445)
	at org.apache.catalina.core.StandardService.start(StandardService.java:519)
	at org.apache.catalina.core.StandardServer.start(StandardServer.java:710)
	at org.apache.catalina.startup.Catalina.start(Catalina.java:581)
	at sun.reflect.NativeMethodAccessorImpl.invoke0(Native Method)
	at sun.reflect.NativeMethodAccessorImpl.invoke(Unknown Source)
	at sun.reflect.DelegatingMethodAccessorImpl.invoke(Unknown Source)
	at java.lang.reflect.Method.invoke(Unknown Source)
	at org.apache.catalina.startup.Bootstrap.start(Bootstrap.java:289)
	at org.apache.catalina.startup.Bootstrap.main(Bootstrap.java:414)
Caused by: java.sql.SQLException: Network error IOException: Connection refused: connect
	at net.sourceforge.jtds.jdbc.ConnectionJDBC2.<init>(ConnectionJDBC2.java:385)
	at net.sourceforge.jtds.jdbc.ConnectionJDBC3.<init>(ConnectionJDBC3.java:50)
	at net.sourceforge.jtds.jdbc.Driver.connect(Driver.java:182)
	at org.apache.commons.dbcp.DriverConnectionFactory.createConnection(DriverConnectionFactory.java:38)
	at org.apache.commons.dbcp.PoolableConnectionFactory.makeObject(PoolableConnectionFactory.java:294)
	at org.apache.commons.dbcp.BasicDataSource.validateConnectionFactory(BasicDataSource.java:1247)
	at org.apache.commons.dbcp.BasicDataSource.createDataSource(BasicDataSource.java:1221)
	... 31 more
Caused by: java.net.ConnectException: Connection refused: connect
	at java.net.DualStackPlainSocketImpl.connect0(Native Method)
	at java.net.DualStackPlainSocketImpl.socketConnect(Unknown Source)
	at java.net.AbstractPlainSocketImpl.doConnect(Unknown Source)
	at java.net.AbstractPlainSocketImpl.connectToAddress(Unknown Source)
	at java.net.AbstractPlainSocketImpl.connect(Unknown Source)
	at java.net.PlainSocketImpl.connect(Unknown Source)
	at java.net.SocksSocketImpl.connect(Unknown Source)
	at java.net.Socket.connect(Unknown Source)
	at sun.reflect.NativeMethodAccessorImpl.invoke0(Native Method)
	at sun.reflect.NativeMethodAccessorImpl.invoke(Unknown Source)
	at sun.reflect.DelegatingMethodAccessorImpl.invoke(Unknown Source)
	at java.lang.reflect.Method.invoke(Unknown Source)
	at net.sourceforge.jtds.jdbc.SharedSocket.createSocketForJDBC3(SharedSocket.java:304)
	at net.sourceforge.jtds.jdbc.SharedSocket.<init>(SharedSocket.java:255)
	at net.sourceforge.jtds.jdbc.ConnectionJDBC2.<init>(ConnectionJDBC2.java:310)
	... 37 more

SLF4J: Class path contains multiple SLF4J bindings.
SLF4J: Found binding in [jar:file:/C:/Osys/QuartisTools/Tomcat/lib/slf4j-log4j12-1.7.12.jar!/org/slf4j/impl/StaticLoggerBinder.class]
SLF4J: Found binding in [jar:file:/C:/Osys/QuartisTools/Tomcat/webapps/Quartis-OptimaCjj/WEB-INF/lib/logback-classic-0.9.28.jar!/org/slf4j/impl/StaticLoggerBinder.class]
SLF4J: See http://www.slf4j.org/codes.html#multiple_bindings for an explanation.
2019-01-22 10:09:22.650 [Thread-2] ERROR org.springframework.web.context.ContextLoader[308]-Context initialization failed
org.springframework.beans.factory.BeanCreationException: Error creating bean with name 'evtGanttServices' defined in URL [jar:file:/C:/Osys/QuartisTools/Tomcat/webapps/Quartis-OptimaCjj/WEB-INF/lib/Quartis-OptimaCjj-core.jar!/spring/optimaCjjCoreContext.xml]: Invocation of init method failed; nested exception is org.springframework.transaction.CannotCreateTransactionException: Could not open Hibernate Session for transaction; nested exception is org.hibernate.exception.JDBCConnectionException: Could not open connection
	at org.springframework.beans.factory.support.AbstractAutowireCapableBeanFactory.initializeBean(AbstractAutowireCapableBeanFactory.java:1455) ~[org.springframework.beans-3.1.1.RELEASE.jar:3.1.1.RELEASE]
	at org.springframework.beans.factory.support.AbstractAutowireCapableBeanFactory.doCreateBean(AbstractAutowireCapableBeanFactory.java:519) ~[org.springframework.beans-3.1.1.RELEASE.jar:3.1.1.RELEASE]
	at org.springframework.beans.factory.support.AbstractAutowireCapableBeanFactory.createBean(AbstractAutowireCapableBeanFactory.java:456) ~[org.springframework.beans-3.1.1.RELEASE.jar:3.1.1.RELEASE]
	at org.springframework.beans.factory.support.AbstractBeanFactory$1.getObject(AbstractBeanFactory.java:294) ~[org.springframework.beans-3.1.1.RELEASE.jar:3.1.1.RELEASE]
	at org.springframework.beans.factory.support.DefaultSingletonBeanRegistry.getSingleton(DefaultSingletonBeanRegistry.java:225) ~[org.springframework.beans-3.1.1.RELEASE.jar:3.1.1.RELEASE]
	at org.springframework.beans.factory.support.AbstractBeanFactory.doGetBean(AbstractBeanFactory.java:291) ~[org.springframework.beans-3.1.1.RELEASE.jar:3.1.1.RELEASE]
	at org.springframework.beans.factory.support.AbstractBeanFactory.getBean(AbstractBeanFactory.java:193) ~[org.springframework.beans-3.1.1.RELEASE.jar:3.1.1.RELEASE]
	at org.springframework.beans.factory.support.DefaultListableBeanFactory.preInstantiateSingletons(DefaultListableBeanFactory.java:585) ~[org.springframework.beans-3.1.1.RELEASE.jar:3.1.1.RELEASE]
	at org.springframework.context.support.AbstractApplicationContext.finishBeanFactoryInitialization(AbstractApplicationContext.java:913) ~[org.springframework.context-3.1.1.RELEASE.jar:3.1.1.RELEASE]
	at org.springframework.context.support.AbstractApplicationContext.refresh(AbstractApplicationContext.java:464) ~[org.springframework.context-3.1.1.RELEASE.jar:3.1.1.RELEASE]
	at org.springframework.web.context.ContextLoader.configureAndRefreshWebApplicationContext(ContextLoader.java:385) ~[org.springframework.web-3.1.1.RELEASE.jar:3.1.1.RELEASE]
	at org.springframework.web.context.ContextLoader.initWebApplicationContext(ContextLoader.java:284) ~[org.springframework.web-3.1.1.RELEASE.jar:3.1.1.RELEASE]
	at org.springframework.web.context.ContextLoaderListener.contextInitialized(ContextLoaderListener.java:111) [org.springframework.web-3.1.1.RELEASE.jar:3.1.1.RELEASE]
	at org.apache.catalina.core.StandardContext.listenerStart(StandardContext.java:4135) [catalina.jar:6.0.29]
	at org.apache.catalina.core.StandardContext.start(StandardContext.java:4630) [catalina.jar:6.0.29]
	at org.apache.catalina.core.ContainerBase.addChildInternal(ContainerBase.java:791) [catalina.jar:6.0.29]
	at org.apache.catalina.core.ContainerBase.addChild(ContainerBase.java:771) [catalina.jar:6.0.29]
	at org.apache.catalina.core.StandardHost.addChild(StandardHost.java:546) [catalina.jar:6.0.29]
	at org.apache.catalina.startup.HostConfig.deployWAR(HostConfig.java:905) [catalina.jar:6.0.29]
	at org.apache.catalina.startup.HostConfig.deployWARs(HostConfig.java:740) [catalina.jar:6.0.29]
	at org.apache.catalina.startup.HostConfig.deployApps(HostConfig.java:500) [catalina.jar:6.0.29]
	at org.apache.catalina.startup.HostConfig.start(HostConfig.java:1277) [catalina.jar:6.0.29]
	at org.apache.catalina.startup.HostConfig.lifecycleEvent(HostConfig.java:321) [catalina.jar:6.0.29]
	at org.apache.catalina.util.LifecycleSupport.fireLifecycleEvent(LifecycleSupport.java:119) [catalina.jar:6.0.29]
	at org.apache.catalina.core.ContainerBase.start(ContainerBase.java:1053) [catalina.jar:6.0.29]
	at org.apache.catalina.core.StandardHost.start(StandardHost.java:785) [catalina.jar:6.0.29]
	at org.apache.catalina.core.ContainerBase.start(ContainerBase.java:1045) [catalina.jar:6.0.29]
	at org.apache.catalina.core.StandardEngine.start(StandardEngine.java:445) [catalina.jar:6.0.29]
	at org.apache.catalina.core.StandardService.start(StandardService.java:519) [catalina.jar:6.0.29]
	at org.apache.catalina.core.StandardServer.start(StandardServer.java:710) [catalina.jar:6.0.29]
	at org.apache.catalina.startup.Catalina.start(Catalina.java:581) [catalina.jar:6.0.29]
	at sun.reflect.NativeMethodAccessorImpl.invoke0(Native Method) ~[na:1.7.0_79]
	at sun.reflect.NativeMethodAccessorImpl.invoke(Unknown Source) ~[na:1.7.0_79]
	at sun.reflect.DelegatingMethodAccessorImpl.invoke(Unknown Source) ~[na:1.7.0_79]
	at java.lang.reflect.Method.invoke(Unknown Source) ~[na:1.7.0_79]
	at org.apache.catalina.startup.Bootstrap.start(Bootstrap.java:289) [bootstrap.jar:6.0.29]
	at org.apache.catalina.startup.Bootstrap.main(Bootstrap.java:414) [bootstrap.jar:6.0.29]
Caused by: org.springframework.transaction.CannotCreateTransactionException: Could not open Hibernate Session for transaction; nested exception is org.hibernate.exception.JDBCConnectionException: Could not open connection
	at org.springframework.orm.hibernate4.HibernateTransactionManager.doBegin(HibernateTransactionManager.java:440) ~[org.springframework.orm-3.1.1.RELEASE.jar:3.1.1.RELEASE]
	at org.springframework.transaction.support.AbstractPlatformTransactionManager.getTransaction(AbstractPlatformTransactionManager.java:371) ~[org.springframework.transaction-3.1.1.RELEASE.jar:3.1.1.RELEASE]
	at org.springframework.transaction.interceptor.TransactionAspectSupport.createTransactionIfNecessary(TransactionAspectSupport.java:335) ~[org.springframework.transaction-3.1.1.RELEASE.jar:3.1.1.RELEASE]
	at org.springframework.transaction.interceptor.TransactionInterceptor.invoke(TransactionInterceptor.java:105) ~[org.springframework.transaction-3.1.1.RELEASE.jar:3.1.1.RELEASE]
	at org.springframework.aop.framework.ReflectiveMethodInvocation.proceed(ReflectiveMethodInvocation.java:172) ~[org.springframework.aop-3.1.1.RELEASE.jar:3.1.1.RELEASE]
	at org.springframework.aop.framework.JdkDynamicAopProxy.invoke(JdkDynamicAopProxy.java:202) ~[org.springframework.aop-3.1.1.RELEASE.jar:3.1.1.RELEASE]
	at com.sun.proxy.$Proxy70.findBySiteConstHeureChangementDate(Unknown Source) ~[na:na]
	at fr.osys.optima.core.cjj.manager.eventgantt.services.impl.EventGanttPersServicesImpl.findBySiteConstHeureChangementDate(EventGanttPersServicesImpl.java:216) ~[Quartis-OptimaCjj-core.jar:jarTarget-v1.0-r20180220170946]
	at fr.osys.optima.core.cjj.manager.eventgantt.GestionEventGanttPers.findMapConstHeureChangeDate(GestionEventGanttPers.java:1699) ~[Quartis-OptimaCjj-core.jar:jarTarget-v1.0-r20180220170946]
	at fr.osys.optima.core.cjj.services.correctionmanagement.impl.EvtGanttServicesImpl.init(EvtGanttServicesImpl.java:106) ~[Quartis-OptimaCjj-core.jar:jarTarget-v1.0-r20180220170946]
	at sun.reflect.NativeMethodAccessorImpl.invoke0(Native Method) ~[na:1.7.0_79]
	at sun.reflect.NativeMethodAccessorImpl.invoke(Unknown Source) ~[na:1.7.0_79]
	at sun.reflect.DelegatingMethodAccessorImpl.invoke(Unknown Source) ~[na:1.7.0_79]
	at java.lang.reflect.Method.invoke(Unknown Source) ~[na:1.7.0_79]
	at org.springframework.beans.factory.support.AbstractAutowireCapableBeanFactory.invokeCustomInitMethod(AbstractAutowireCapableBeanFactory.java:1581) ~[org.springframework.beans-3.1.1.RELEASE.jar:3.1.1.RELEASE]
	at org.springframework.beans.factory.support.AbstractAutowireCapableBeanFactory.invokeInitMethods(AbstractAutowireCapableBeanFactory.java:1522) ~[org.springframework.beans-3.1.1.RELEASE.jar:3.1.1.RELEASE]
	at org.springframework.beans.factory.support.AbstractAutowireCapableBeanFactory.initializeBean(AbstractAutowireCapableBeanFactory.java:1452) ~[org.springframework.beans-3.1.1.RELEASE.jar:3.1.1.RELEASE]
	... 36 common frames omitted
Caused by: org.hibernate.exception.JDBCConnectionException: Could not open connection
	at org.hibernate.exception.internal.SQLStateConversionDelegate.convert(SQLStateConversionDelegate.java:131) ~[hibernate-core-4.1.9.Final.jar:4.1.9.Final]
	at org.hibernate.exception.internal.StandardSQLExceptionConverter.convert(StandardSQLExceptionConverter.java:49) ~[hibernate-core-4.1.9.Final.jar:4.1.9.Final]
	at org.hibernate.engine.jdbc.spi.SqlExceptionHelper.convert(SqlExceptionHelper.java:125) ~[hibernate-core-4.1.9.Final.jar:4.1.9.Final]
	at org.hibernate.engine.jdbc.spi.SqlExceptionHelper.convert(SqlExceptionHelper.java:110) ~[hibernate-core-4.1.9.Final.jar:4.1.9.Final]
	at org.hibernate.engine.jdbc.internal.LogicalConnectionImpl.obtainConnection(LogicalConnectionImpl.java:304) ~[hibernate-core-4.1.9.Final.jar:4.1.9.Final]
	at org.hibernate.engine.jdbc.internal.LogicalConnectionImpl.getConnection(LogicalConnectionImpl.java:169) ~[hibernate-core-4.1.9.Final.jar:4.1.9.Final]
	at org.hibernate.engine.transaction.internal.jdbc.JdbcTransaction.doBegin(JdbcTransaction.java:67) ~[hibernate-core-4.1.9.Final.jar:4.1.9.Final]
	at org.hibernate.engine.transaction.spi.AbstractTransactionImpl.begin(AbstractTransactionImpl.java:160) ~[hibernate-core-4.1.9.Final.jar:4.1.9.Final]
	at org.hibernate.internal.SessionImpl.beginTransaction(SessionImpl.java:1395) ~[hibernate-core-4.1.9.Final.jar:4.1.9.Final]
	at org.springframework.orm.hibernate4.HibernateTransactionManager.doBegin(HibernateTransactionManager.java:399) ~[org.springframework.orm-3.1.1.RELEASE.jar:3.1.1.RELEASE]
	... 52 common frames omitted
Caused by: java.sql.SQLException: Network error IOException: Connection refused: connect
	at net.sourceforge.jtds.jdbc.ConnectionJDBC2.<init>(ConnectionJDBC2.java:410) ~[jtds-1.2.5.jar:1.2.5]
	at net.sourceforge.jtds.jdbc.ConnectionJDBC3.<init>(ConnectionJDBC3.java:50) ~[jtds-1.2.5.jar:1.2.5]
	at net.sourceforge.jtds.jdbc.Driver.connect(Driver.java:184) ~[jtds-1.2.5.jar:1.2.5]
	at java.sql.DriverManager.getConnection(Unknown Source) ~[na:1.7.0_79]
	at java.sql.DriverManager.getConnection(Unknown Source) ~[na:1.7.0_79]
	at org.springframework.jdbc.datasource.DriverManagerDataSource.getConnectionFromDriverManager(DriverManagerDataSource.java:173) ~[org.springframework.jdbc-3.1.1.RELEASE.jar:3.1.1.RELEASE]
	at org.springframework.jdbc.datasource.DriverManagerDataSource.getConnectionFromDriver(DriverManagerDataSource.java:164) ~[org.springframework.jdbc-3.1.1.RELEASE.jar:3.1.1.RELEASE]
	at org.springframework.jdbc.datasource.AbstractDriverBasedDataSource.getConnectionFromDriver(AbstractDriverBasedDataSource.java:149) ~[org.springframework.jdbc-3.1.1.RELEASE.jar:3.1.1.RELEASE]
	at org.springframework.jdbc.datasource.AbstractDriverBasedDataSource.getConnection(AbstractDriverBasedDataSource.java:128) ~[org.springframework.jdbc-3.1.1.RELEASE.jar:3.1.1.RELEASE]
	at org.hibernate.service.jdbc.connections.internal.DatasourceConnectionProviderImpl.getConnection(DatasourceConnectionProviderImpl.java:141) ~[hibernate-core-4.1.9.Final.jar:4.1.9.Final]
	at org.hibernate.internal.AbstractSessionImpl$NonContextualJdbcConnectionAccess.obtainConnection(AbstractSessionImpl.java:292) ~[hibernate-core-4.1.9.Final.jar:4.1.9.Final]
	at org.hibernate.engine.jdbc.internal.LogicalConnectionImpl.obtainConnection(LogicalConnectionImpl.java:297) ~[hibernate-core-4.1.9.Final.jar:4.1.9.Final]
	... 57 common frames omitted
Caused by: java.net.ConnectException: Connection refused: connect
	at java.net.DualStackPlainSocketImpl.connect0(Native Method) ~[na:1.7.0_79]
	at java.net.DualStackPlainSocketImpl.socketConnect(Unknown Source) ~[na:1.7.0_79]
	at java.net.AbstractPlainSocketImpl.doConnect(Unknown Source) ~[na:1.7.0_79]
	at java.net.AbstractPlainSocketImpl.connectToAddress(Unknown Source) ~[na:1.7.0_79]
	at java.net.AbstractPlainSocketImpl.connect(Unknown Source) ~[na:1.7.0_79]
	at java.net.PlainSocketImpl.connect(Unknown Source) ~[na:1.7.0_79]
	at java.net.SocksSocketImpl.connect(Unknown Source) ~[na:1.7.0_79]
	at java.net.Socket.connect(Unknown Source) ~[na:1.7.0_79]
	at sun.reflect.NativeMethodAccessorImpl.invoke0(Native Method) ~[na:1.7.0_79]
	at sun.reflect.NativeMethodAccessorImpl.invoke(Unknown Source) ~[na:1.7.0_79]
	at sun.reflect.DelegatingMethodAccessorImpl.invoke(Unknown Source) ~[na:1.7.0_79]
	at java.lang.reflect.Method.invoke(Unknown Source) ~[na:1.7.0_79]
	at net.sourceforge.jtds.jdbc.SharedSocket.createSocketForJDBC3(SharedSocket.java:307) ~[jtds-1.2.5.jar:1.2.5]
	at net.sourceforge.jtds.jdbc.SharedSocket.<init>(SharedSocket.java:257) ~[jtds-1.2.5.jar:1.2.5]
	at net.sourceforge.jtds.jdbc.ConnectionJDBC2.<init>(ConnectionJDBC2.java:311) ~[jtds-1.2.5.jar:1.2.5]
	... 68 common frames omitted
SLF4J: Class path contains multiple SLF4J bindings.
SLF4J: Found binding in [jar:file:/C:/Osys/QuartisTools/Tomcat/lib/slf4j-log4j12-1.7.12.jar!/org/slf4j/impl/StaticLoggerBinder.class]
SLF4J: Found binding in [jar:file:/C:/Osys/QuartisTools/Tomcat/webapps/Quartis-OptimaTml/WEB-INF/lib/logback-classic-0.9.28.jar!/org/slf4j/impl/StaticLoggerBinder.class]
SLF4J: See http://www.slf4j.org/codes.html#multiple_bindings for an explanation.
2019-01-22 10:09:30.934 [Thread-2] INFO  org.quartz.impl.StdSchedulerFactory[1157]-Using default implementation for ThreadExecutor
2019-01-22 10:09:30.949 [Thread-2] INFO  org.quartz.core.SchedulerSignalerImpl[61]-Initialized Scheduler Signaller of type: class org.quartz.core.SchedulerSignalerImpl
2019-01-22 10:09:30.949 [Thread-2] INFO  org.quartz.core.QuartzScheduler[243]-Quartz Scheduler v.2.1.6 created.
2019-01-22 10:09:30.949 [Thread-2] INFO  org.quartz.simpl.RAMJobStore[154]-RAMJobStore initialized.
2019-01-22 10:09:30.965 [Thread-2] INFO  org.quartz.core.QuartzScheduler[268]-Scheduler meta-data: Quartz Scheduler (v2.1.6) 'schedulerBean' with instanceId 'NON_CLUSTERED'
  Scheduler class: 'org.quartz.core.QuartzScheduler' - running locally.
  NOT STARTED.
  Currently in standby mode.
  Number of jobs executed: 0
  Using thread pool 'org.quartz.simpl.SimpleThreadPool' - with 10 threads.
  Using job-store 'org.quartz.simpl.RAMJobStore' - which does not support persistence. and is not clustered.

2019-01-22 10:09:30.965 [Thread-2] INFO  org.quartz.impl.StdSchedulerFactory[1306]-Quartz scheduler 'schedulerBean' initialized from an externally provided properties instance.
2019-01-22 10:09:30.965 [Thread-2] INFO  org.quartz.impl.StdSchedulerFactory[1310]-Quartz scheduler version: 2.1.6
2019-01-22 10:09:30.965 [Thread-2] INFO  org.quartz.core.QuartzScheduler[2247]-JobFactory set to: org.springframework.scheduling.quartz.SpringBeanJobFactory@2c243551
java.text.ParseException: cannot read MAC address from [
Configuration IP de Windows

   Nom de l'h?te . . . . . . . . . . : MES-PC
   Suffixe DNS principal . . . . . . : 
   Type de noeud. . . . . . . . . .  : Hybride
   Routage IP activ? . . . . . . . . : Non
   Proxy WINS activ? . . . . . . . . : Non

Carte Ethernet Connexion au r?seau local 2 :

   Statut du m?dia. . . . . . . . . . . . : M?dia d?connect?
   Suffixe DNS propre ? la connexion. . . : 
   Description. . . . . . . . . . . . . . : AnchorFree TAP-Windows Adapter V9
   Adresse physique . . . . . . . . . . . : 00-FF-E2-A6-2A-BD
   DHCP activ?. . . . . . . . . . . . . . : Oui
   Configuration automatique activ?e. . . : Oui

Carte Ethernet Connexion au r?seau local :

   Statut du m?dia. . . . . . . . . . . . : M?dia d?connect?
   Suffixe DNS propre ? la connexion. . . : 
   Description. . . . . . . . . . . . . . : Intel(R) 82579LM Gigabit Network Connection
   Adresse physique . . . . . . . . . . . : B8-CA-3A-87-47-68
   DHCP activ?. . . . . . . . . . . . . . : Non
   Configuration automatique activ?e. . . : Oui

Carte Tunnel isatap.{E2A62ABD-DB2C-4F26-BA65-8EEA1A12D41D} :

   Statut du m?dia. . . . . . . . . . . . : M?dia d?connect?
   Suffixe DNS propre ? la connexion. . . : 
   Description. . . . . . . . . . . . . . : Carte Microsoft ISATAP
   Adresse physique . . . . . . . . . . . : 00-00-00-00-00-00-00-E0
   DHCP activ?. . . . . . . . . . . . . . : Non
   Configuration automatique activ?e. . . : Oui

Carte Tunnel isatap.{CD24242F-E43D-40DC-90E1-92A9C9B6E670} :

   Statut du m?dia. . . . . . . . . . . . : M?dia d?connect?
   Suffixe DNS propre ? la connexion. . . : 
   Description. . . . . . . . . . . . . . : Carte Microsoft ISATAP #2
   Adresse physique . . . . . . . . . . . : 00-00-00-00-00-00-00-E0
   DHCP activ?. . . . . . . . . . . . . . : Non
   Configuration automatique activ?e. . . : Oui
]
	at fr.osys.quartis.licence.lib.NetworkInfo.windowsParseMacAddress(NetworkInfo.java:346)
	at fr.osys.quartis.licence.lib.NetworkInfo.getMacAddress(NetworkInfo.java:45)
	at fr.osys.quartis.licence.lib.licenceAccess.LicenceAccessDelegate.calcNumID(LicenceAccessDelegate.java:266)
	at fr.osys.quartis.licence.lib.licenceAccess.LicenceAccessValidator.isPostValid(LicenceAccessValidator.java:141)
	at fr.osys.quartis.licence.lib.licenceAccess.LicenceAccessValidator.getLicenceStatus(LicenceAccessValidator.java:81)
	at fr.osys.quartis.licence.lib.licenceAccess.LicenceAccessValidator.isValidLicence(LicenceAccessValidator.java:210)
	at fr.osys.quartis.licence.lib.licenceAccess.LicenceAccess.isValid(LicenceAccess.java:129)
	at licence.LicenceInformations.<init>(LicenceInformations.java:50)
	at org.apache.jsp.index_jsp._jspService(index_jsp.java:75)
	at org.apache.jasper.runtime.HttpJspBase.service(HttpJspBase.java:70)
	at javax.servlet.http.HttpServlet.service(HttpServlet.java:717)
	at org.apache.jasper.servlet.JspServletWrapper.service(JspServletWrapper.java:377)
	at org.apache.jasper.servlet.JspServlet.serviceJspFile(JspServlet.java:313)
	at org.apache.jasper.servlet.JspServlet.service(JspServlet.java:260)
	at javax.servlet.http.HttpServlet.service(HttpServlet.java:717)
	at org.apache.catalina.core.ApplicationFilterChain.internalDoFilter(ApplicationFilterChain.java:290)
	at org.apache.catalina.core.ApplicationFilterChain.doFilter(ApplicationFilterChain.java:206)
	at org.apache.catalina.core.StandardWrapperValve.invoke(StandardWrapperValve.java:233)
	at org.apache.catalina.core.StandardContextValve.invoke(StandardContextValve.java:191)
	at org.apache.catalina.core.StandardHostValve.invoke(StandardHostValve.java:127)
	at org.apache.catalina.valves.ErrorReportValve.invoke(ErrorReportValve.java:102)
	at org.apache.catalina.core.StandardEngineValve.invoke(StandardEngineValve.java:109)
	at org.apache.catalina.connector.CoyoteAdapter.service(CoyoteAdapter.java:298)
	at org.apache.coyote.http11.Http11NioProcessor.process(Http11NioProcessor.java:886)
	at org.apache.coyote.http11.Http11NioProtocol$Http11ConnectionHandler.process(Http11NioProtocol.java:721)
	at org.apache.tomcat.util.net.NioEndpoint$SocketProcessor.run(NioEndpoint.java:2256)
	at java.util.concurrent.ThreadPoolExecutor.runWorker(Unknown Source)
	at java.util.concurrent.ThreadPoolExecutor$Worker.run(Unknown Source)
	at java.lang.Thread.run(Unknown Source)
java.text.ParseException: cannot read MAC address from [
Configuration IP de Windows

   Nom de l'h?te . . . . . . . . . . : MES-PC
   Suffixe DNS principal . . . . . . : 
   Type de noeud. . . . . . . . . .  : Hybride
   Routage IP activ? . . . . . . . . : Non
   Proxy WINS activ? . . . . . . . . : Non

Carte Ethernet Connexion au r?seau local 2 :

   Statut du m?dia. . . . . . . . . . . . : M?dia d?connect?
   Suffixe DNS propre ? la connexion. . . : 
   Description. . . . . . . . . . . . . . : AnchorFree TAP-Windows Adapter V9
   Adresse physique . . . . . . . . . . . : 00-FF-E2-A6-2A-BD
   DHCP activ?. . . . . . . . . . . . . . : Oui
   Configuration automatique activ?e. . . : Oui

Carte Ethernet Connexion au r?seau local :

   Statut du m?dia. . . . . . . . . . . . : M?dia d?connect?
   Suffixe DNS propre ? la connexion. . . : 
   Description. . . . . . . . . . . . . . : Intel(R) 82579LM Gigabit Network Connection
   Adresse physique . . . . . . . . . . . : B8-CA-3A-87-47-68
   DHCP activ?. . . . . . . . . . . . . . : Non
   Configuration automatique activ?e. . . : Oui

Carte Tunnel isatap.{E2A62ABD-DB2C-4F26-BA65-8EEA1A12D41D} :

   Statut du m?dia. . . . . . . . . . . . : M?dia d?connect?
   Suffixe DNS propre ? la connexion. . . : 
   Description. . . . . . . . . . . . . . : Carte Microsoft ISATAP
   Adresse physique . . . . . . . . . . . : 00-00-00-00-00-00-00-E0
   DHCP activ?. . . . . . . . . . . . . . : Non
   Configuration automatique activ?e. . . : Oui

Carte Tunnel isatap.{CD24242F-E43D-40DC-90E1-92A9C9B6E670} :

   Statut du m?dia. . . . . . . . . . . . : M?dia d?connect?
   Suffixe DNS propre ? la connexion. . . : 
   Description. . . . . . . . . . . . . . : Carte Microsoft ISATAP #2
   Adresse physique . . . . . . . . . . . : 00-00-00-00-00-00-00-E0
   DHCP activ?. . . . . . . . . . . . . . : Non
   Configuration automatique activ?e. . . : Oui
]
	at fr.osys.quartis.licence.lib.NetworkInfo.windowsParseMacAddress(NetworkInfo.java:346)
	at fr.osys.quartis.licence.lib.NetworkInfo.getMacAddress(NetworkInfo.java:45)
	at fr.osys.quartis.licence.lib.licenceAccess.LicenceAccessDelegate.calcNumID(LicenceAccessDelegate.java:266)
	at fr.osys.quartis.licence.lib.licenceAccess.LicenceAccessValidator.isPostValid(LicenceAccessValidator.java:141)
	at fr.osys.quartis.licence.lib.licenceAccess.LicenceAccessValidator.getLicenceStatus(LicenceAccessValidator.java:81)
	at fr.osys.quartis.licence.lib.licenceAccess.LicenceAccessValidator.isValidLicence(LicenceAccessValidator.java:210)
	at fr.osys.quartis.licence.lib.licenceAccess.LicenceAccess.isValid(LicenceAccess.java:129)
	at licence.LicenceInformations.<init>(LicenceInformations.java:50)
	at org.apache.jsp.index_jsp._jspService(index_jsp.java:75)
	at org.apache.jasper.runtime.HttpJspBase.service(HttpJspBase.java:70)
	at javax.servlet.http.HttpServlet.service(HttpServlet.java:717)
	at org.apache.jasper.servlet.JspServletWrapper.service(JspServletWrapper.java:377)
	at org.apache.jasper.servlet.JspServlet.serviceJspFile(JspServlet.java:313)
	at org.apache.jasper.servlet.JspServlet.service(JspServlet.java:260)
	at javax.servlet.http.HttpServlet.service(HttpServlet.java:717)
	at org.apache.catalina.core.ApplicationFilterChain.internalDoFilter(ApplicationFilterChain.java:290)
	at org.apache.catalina.core.ApplicationFilterChain.doFilter(ApplicationFilterChain.java:206)
	at org.apache.catalina.core.StandardWrapperValve.invoke(StandardWrapperValve.java:233)
	at org.apache.catalina.core.StandardContextValve.invoke(StandardContextValve.java:191)
	at org.apache.catalina.core.StandardHostValve.invoke(StandardHostValve.java:127)
	at org.apache.catalina.valves.ErrorReportValve.invoke(ErrorReportValve.java:102)
	at org.apache.catalina.core.StandardEngineValve.invoke(StandardEngineValve.java:109)
	at org.apache.catalina.connector.CoyoteAdapter.service(CoyoteAdapter.java:298)
	at org.apache.coyote.http11.Http11NioProcessor.process(Http11NioProcessor.java:886)
	at org.apache.coyote.http11.Http11NioProtocol$Http11ConnectionHandler.process(Http11NioProtocol.java:721)
	at org.apache.tomcat.util.net.NioEndpoint$SocketProcessor.run(NioEndpoint.java:2256)
	at java.util.concurrent.ThreadPoolExecutor.runWorker(Unknown Source)
	at java.util.concurrent.ThreadPoolExecutor$Worker.run(Unknown Source)
	at java.lang.Thread.run(Unknown Source)
java.text.ParseException: cannot read MAC address from [
Configuration IP de Windows

   Nom de l'h?te . . . . . . . . . . : MES-PC
   Suffixe DNS principal . . . . . . : 
   Type de noeud. . . . . . . . . .  : Hybride
   Routage IP activ? . . . . . . . . : Non
   Proxy WINS activ? . . . . . . . . : Non

Carte Ethernet Connexion au r?seau local 2 :

   Statut du m?dia. . . . . . . . . . . . : M?dia d?connect?
   Suffixe DNS propre ? la connexion. . . : 
   Description. . . . . . . . . . . . . . : AnchorFree TAP-Windows Adapter V9
   Adresse physique . . . . . . . . . . . : 00-FF-E2-A6-2A-BD
   DHCP activ?. . . . . . . . . . . . . . : Oui
   Configuration automatique activ?e. . . : Oui

Carte Ethernet Connexion au r?seau local :

   Statut du m?dia. . . . . . . . . . . . : M?dia d?connect?
   Suffixe DNS propre ? la connexion. . . : 
   Description. . . . . . . . . . . . . . : Intel(R) 82579LM Gigabit Network Connection
   Adresse physique . . . . . . . . . . . : B8-CA-3A-87-47-68
   DHCP activ?. . . . . . . . . . . . . . : Non
   Configuration automatique activ?e. . . : Oui

Carte Tunnel isatap.{E2A62ABD-DB2C-4F26-BA65-8EEA1A12D41D} :

   Statut du m?dia. . . . . . . . . . . . : M?dia d?connect?
   Suffixe DNS propre ? la connexion. . . : 
   Description. . . . . . . . . . . . . . : Carte Microsoft ISATAP
   Adresse physique . . . . . . . . . . . : 00-00-00-00-00-00-00-E0
   DHCP activ?. . . . . . . . . . . . . . : Non
   Configuration automatique activ?e. . . : Oui

Carte Tunnel isatap.{CD24242F-E43D-40DC-90E1-92A9C9B6E670} :

   Statut du m?dia. . . . . . . . . . . . : M?dia d?connect?
   Suffixe DNS propre ? la connexion. . . : 
   Description. . . . . . . . . . . . . . : Carte Microsoft ISATAP #2
   Adresse physique . . . . . . . . . . . : 00-00-00-00-00-00-00-E0
   DHCP activ?. . . . . . . . . . . . . . : Non
   Configuration automatique activ?e. . . : Oui
]
	at fr.osys.quartis.licence.lib.NetworkInfo.windowsParseMacAddress(NetworkInfo.java:346)
	at fr.osys.quartis.licence.lib.NetworkInfo.getMacAddress(NetworkInfo.java:45)
	at fr.osys.quartis.licence.lib.licenceAccess.LicenceAccessDelegate.calcNumID(LicenceAccessDelegate.java:266)
	at fr.osys.quartis.licence.lib.licenceAccess.LicenceAccessValidator.isPostValid(LicenceAccessValidator.java:141)
	at fr.osys.quartis.licence.lib.licenceAccess.LicenceAccessValidator.getLicenceStatus(LicenceAccessValidator.java:81)
	at fr.osys.quartis.licence.lib.licenceAccess.LicenceAccess.getLicenceStatus(LicenceAccess.java:168)
	at licence.LicenceInformations.<init>(LicenceInformations.java:53)
	at org.apache.jsp.index_jsp._jspService(index_jsp.java:75)
	at org.apache.jasper.runtime.HttpJspBase.service(HttpJspBase.java:70)
	at javax.servlet.http.HttpServlet.service(HttpServlet.java:717)
	at org.apache.jasper.servlet.JspServletWrapper.service(JspServletWrapper.java:377)
	at org.apache.jasper.servlet.JspServlet.serviceJspFile(JspServlet.java:313)
	at org.apache.jasper.servlet.JspServlet.service(JspServlet.java:260)
	at javax.servlet.http.HttpServlet.service(HttpServlet.java:717)
	at org.apache.catalina.core.ApplicationFilterChain.internalDoFilter(ApplicationFilterChain.java:290)
	at org.apache.catalina.core.ApplicationFilterChain.doFilter(ApplicationFilterChain.java:206)
	at org.apache.catalina.core.StandardWrapperValve.invoke(StandardWrapperValve.java:233)
	at org.apache.catalina.core.StandardContextValve.invoke(StandardContextValve.java:191)
	at org.apache.catalina.core.StandardHostValve.invoke(StandardHostValve.java:127)
	at org.apache.catalina.valves.ErrorReportValve.invoke(ErrorReportValve.java:102)
	at org.apache.catalina.core.StandardEngineValve.invoke(StandardEngineValve.java:109)
	at org.apache.catalina.connector.CoyoteAdapter.service(CoyoteAdapter.java:298)
	at org.apache.coyote.http11.Http11NioProcessor.process(Http11NioProcessor.java:886)
	at org.apache.coyote.http11.Http11NioProtocol$Http11ConnectionHandler.process(Http11NioProtocol.java:721)
	at org.apache.tomcat.util.net.NioEndpoint$SocketProcessor.run(NioEndpoint.java:2256)
	at java.util.concurrent.ThreadPoolExecutor.runWorker(Unknown Source)
	at java.util.concurrent.ThreadPoolExecutor$Worker.run(Unknown Source)
	at java.lang.Thread.run(Unknown Source)
java.text.ParseException: cannot read MAC address from [
Configuration IP de Windows

   Nom de l'h?te . . . . . . . . . . : MES-PC
   Suffixe DNS principal . . . . . . : 
   Type de noeud. . . . . . . . . .  : Hybride
   Routage IP activ? . . . . . . . . : Non
   Proxy WINS activ? . . . . . . . . : Non

Carte Ethernet Connexion au r?seau local 2 :

   Statut du m?dia. . . . . . . . . . . . : M?dia d?connect?
   Suffixe DNS propre ? la connexion. . . : 
   Description. . . . . . . . . . . . . . : AnchorFree TAP-Windows Adapter V9
   Adresse physique . . . . . . . . . . . : 00-FF-E2-A6-2A-BD
   DHCP activ?. . . . . . . . . . . . . . : Oui
   Configuration automatique activ?e. . . : Oui

Carte Ethernet Connexion au r?seau local :

   Statut du m?dia. . . . . . . . . . . . : M?dia d?connect?
   Suffixe DNS propre ? la connexion. . . : 
   Description. . . . . . . . . . . . . . : Intel(R) 82579LM Gigabit Network Connection
   Adresse physique . . . . . . . . . . . : B8-CA-3A-87-47-68
   DHCP activ?. . . . . . . . . . . . . . : Non
   Configuration automatique activ?e. . . : Oui

Carte Tunnel isatap.{E2A62ABD-DB2C-4F26-BA65-8EEA1A12D41D} :

   Statut du m?dia. . . . . . . . . . . . : M?dia d?connect?
   Suffixe DNS propre ? la connexion. . . : 
   Description. . . . . . . . . . . . . . : Carte Microsoft ISATAP
   Adresse physique . . . . . . . . . . . : 00-00-00-00-00-00-00-E0
   DHCP activ?. . . . . . . . . . . . . . : Non
   Configuration automatique activ?e. . . : Oui

Carte Tunnel isatap.{CD24242F-E43D-40DC-90E1-92A9C9B6E670} :

   Statut du m?dia. . . . . . . . . . . . : M?dia d?connect?
   Suffixe DNS propre ? la connexion. . . : 
   Description. . . . . . . . . . . . . . : Carte Microsoft ISATAP #2
   Adresse physique . . . . . . . . . . . : 00-00-00-00-00-00-00-E0
   DHCP activ?. . . . . . . . . . . . . . : Non
   Configuration automatique activ?e. . . : Oui
]
	at fr.osys.quartis.licence.lib.NetworkInfo.windowsParseMacAddress(NetworkInfo.java:346)
	at fr.osys.quartis.licence.lib.NetworkInfo.getMacAddress(NetworkInfo.java:45)
	at fr.osys.quartis.licence.lib.licenceAccess.LicenceAccessDelegate.calcNumID(LicenceAccessDelegate.java:266)
	at fr.osys.quartis.licence.lib.licenceAccess.LicenceAccessValidator.isPostValid(LicenceAccessValidator.java:141)
	at fr.osys.quartis.licence.lib.licenceAccess.LicenceAccessValidator.getLicenceStatus(LicenceAccessValidator.java:81)
	at fr.osys.quartis.licence.lib.licenceAccess.LicenceAccess.getLicenceStatus(LicenceAccess.java:168)
	at licence.LicenceInformations.<init>(LicenceInformations.java:53)
	at org.apache.jsp.index_jsp._jspService(index_jsp.java:75)
	at org.apache.jasper.runtime.HttpJspBase.service(HttpJspBase.java:70)
	at javax.servlet.http.HttpServlet.service(HttpServlet.java:717)
	at org.apache.jasper.servlet.JspServletWrapper.service(JspServletWrapper.java:377)
	at org.apache.jasper.servlet.JspServlet.serviceJspFile(JspServlet.java:313)
	at org.apache.jasper.servlet.JspServlet.service(JspServlet.java:260)
	at javax.servlet.http.HttpServlet.service(HttpServlet.java:717)
	at org.apache.catalina.core.ApplicationFilterChain.internalDoFilter(ApplicationFilterChain.java:290)
	at org.apache.catalina.core.ApplicationFilterChain.doFilter(ApplicationFilterChain.java:206)
	at org.apache.catalina.core.StandardWrapperValve.invoke(StandardWrapperValve.java:233)
	at org.apache.catalina.core.StandardContextValve.invoke(StandardContextValve.java:191)
	at org.apache.catalina.core.StandardHostValve.invoke(StandardHostValve.java:127)
	at org.apache.catalina.valves.ErrorReportValve.invoke(ErrorReportValve.java:102)
	at org.apache.catalina.core.StandardEngineValve.invoke(StandardEngineValve.java:109)
	at org.apache.catalina.connector.CoyoteAdapter.service(CoyoteAdapter.java:298)
	at org.apache.coyote.http11.Http11NioProcessor.process(Http11NioProcessor.java:886)
	at org.apache.coyote.http11.Http11NioProtocol$Http11ConnectionHandler.process(Http11NioProtocol.java:721)
	at org.apache.tomcat.util.net.NioEndpoint$SocketProcessor.run(NioEndpoint.java:2256)
	at java.util.concurrent.ThreadPoolExecutor.runWorker(Unknown Source)
	at java.util.concurrent.ThreadPoolExecutor$Worker.run(Unknown Source)
	at java.lang.Thread.run(Unknown Source)
