2019-03-04 07:58:55 INFOS  - -----------------------------------------------------------
2019-03-04 07:58:56 INFOS  - --- base-dir:	C:\Osys\QuartisTools\quartis-runtime\.
2019-03-04 07:58:56 INFOS  - --- server-name:	Quartis-Pro-runtime
2019-03-04 07:58:56 INFOS  - --- server-config-path:	conf/Quartis-Pro-runtime.xml
2019-03-04 07:58:56 INFOS  - -----------------------------------------------------------
2019-03-04 07:58:56 INFOS  - Java path: C:\Osys\QuartisTools\quartis-runtime\bin\win64\jre\bin\java.exe
2019-03-04 07:58:56 INFOS  - Process PID: 3408
2019-03-04 07:58:57 INFOS  - Server 'Quartis-Pro-runtime' [3408] started.
2019-03-04 07:58:59 INFOS  - Starting Web Instance 'Quartis-Pro-web'...
2019-03-04 07:58:59 INFOS  - Starting Web Instance 'Quartis-Pro-auth'...
2019-03-04 07:58:59 INFOS  - Starting Web Instance 'Quartis-Pro-console'...
2019-03-04 07:58:59 INFOS  - Starting Web Instance 'Quartis-Pro-groovy'...
2019-03-04 07:58:59 INFOS  - Starting Web Instance 'Quartis-Pro-tools'...
2019-03-04 07:58:59 INFOS  - Web Instance 'Quartis-Pro-web' process starting...
2019-03-04 07:58:59 INFOS  - Web Instance 'Quartis-Pro-auth' process starting...
2019-03-04 07:58:59 INFOS  - Web Instance 'Quartis-Pro-console' process starting...
2019-03-04 07:58:59 INFOS  - Web Instance 'Quartis-Pro-tools' process starting...
2019-03-04 07:58:59 INFOS  - Web Instance 'Quartis-Pro-groovy' process starting...
2019-03-04 07:59:05 INFOS  - Web Instance 'Quartis-Pro-groovy' [6172] started.
2019-03-04 07:59:06 INFOS  - Web Instance 'Quartis-Pro-console' [6156] started.
2019-03-04 07:59:06 INFOS  - Web Instance 'Quartis-Pro-web' [3008] started.
2019-03-04 07:59:06 INFOS  - Web Instance 'Quartis-Pro-auth' [6148] started.
2019-03-04 07:59:06 INFOS  - Web Instance 'Quartis-Pro-tools' [6164] started.
2019-03-11 08:07:07 INFOS  - -----------------------------------------------------------
2019-03-11 08:07:07 INFOS  - --- base-dir:	C:\Osys\QuartisTools\quartis-runtime\.
2019-03-11 08:07:07 INFOS  - --- server-name:	Quartis-Pro-runtime
2019-03-11 08:07:07 INFOS  - --- server-config-path:	conf/Quartis-Pro-runtime.xml
2019-03-11 08:07:07 INFOS  - -----------------------------------------------------------
2019-03-11 08:07:07 INFOS  - Java path: C:\Osys\QuartisTools\quartis-runtime\bin\win64\jre\bin\java.exe
2019-03-11 08:07:07 INFOS  - Process PID: 3428
2019-03-11 08:07:08 INFOS  - Server 'Quartis-Pro-runtime' [3428] started.
2019-03-11 08:07:10 INFOS  - Starting Web Instance 'Quartis-Pro-web'...
2019-03-11 08:07:10 INFOS  - Starting Web Instance 'Quartis-Pro-auth'...
2019-03-11 08:07:10 INFOS  - Starting Web Instance 'Quartis-Pro-console'...
2019-03-11 08:07:10 INFOS  - Starting Web Instance 'Quartis-Pro-groovy'...
2019-03-11 08:07:10 INFOS  - Starting Web Instance 'Quartis-Pro-tools'...
2019-03-11 08:07:10 INFOS  - Web Instance 'Quartis-Pro-console' process starting...
2019-03-11 08:07:10 INFOS  - Web Instance 'Quartis-Pro-auth' process starting...
2019-03-11 08:07:10 INFOS  - Web Instance 'Quartis-Pro-tools' process starting...
2019-03-11 08:07:11 INFOS  - Web Instance 'Quartis-Pro-groovy' process starting...
2019-03-11 08:07:11 INFOS  - Web Instance 'Quartis-Pro-web' process starting...
2019-03-11 08:07:16 INFOS  - Web Instance 'Quartis-Pro-web' [6312] started.
2019-03-11 08:07:16 INFOS  - Web Instance 'Quartis-Pro-auth' [6248] started.
2019-03-11 08:07:16 INFOS  - Web Instance 'Quartis-Pro-tools' [6268] started.
2019-03-11 08:07:16 INFOS  - Web Instance 'Quartis-Pro-groovy' [6292] started.
2019-03-11 08:07:16 INFOS  - Web Instance 'Quartis-Pro-console' [6240] started.
2019-03-18 08:05:18 INFOS  - -----------------------------------------------------------
2019-03-18 08:05:19 INFOS  - --- base-dir:	C:\Osys\QuartisTools\quartis-runtime\.
2019-03-18 08:05:19 INFOS  - --- server-name:	Quartis-Pro-runtime
2019-03-18 08:05:19 INFOS  - --- server-config-path:	conf/Quartis-Pro-runtime.xml
2019-03-18 08:05:19 INFOS  - -----------------------------------------------------------
2019-03-18 08:05:19 INFOS  - Java path: C:\Osys\QuartisTools\quartis-runtime\bin\win64\jre\bin\java.exe
2019-03-18 08:05:19 INFOS  - Process PID: 3408
2019-03-18 08:05:20 INFOS  - Server 'Quartis-Pro-runtime' [3408] started.
2019-03-18 08:05:22 INFOS  - Starting Web Instance 'Quartis-Pro-web'...
2019-03-18 08:05:22 INFOS  - Starting Web Instance 'Quartis-Pro-auth'...
2019-03-18 08:05:22 INFOS  - Starting Web Instance 'Quartis-Pro-console'...
2019-03-18 08:05:22 INFOS  - Starting Web Instance 'Quartis-Pro-groovy'...
2019-03-18 08:05:22 INFOS  - Starting Web Instance 'Quartis-Pro-tools'...
2019-03-18 08:05:22 INFOS  - Web Instance 'Quartis-Pro-auth' process starting...
2019-03-18 08:05:22 INFOS  - Web Instance 'Quartis-Pro-console' process starting...
2019-03-18 08:05:22 INFOS  - Web Instance 'Quartis-Pro-tools' process starting...
2019-03-18 08:05:22 INFOS  - Web Instance 'Quartis-Pro-groovy' process starting...
2019-03-18 08:05:22 INFOS  - Web Instance 'Quartis-Pro-web' process starting...
2019-03-18 08:05:29 INFOS  - Web Instance 'Quartis-Pro-tools' [6268] started.
2019-03-18 08:05:29 INFOS  - Web Instance 'Quartis-Pro-console' [6256] started.
2019-03-18 08:05:29 INFOS  - Web Instance 'Quartis-Pro-auth' [6248] started.
2019-03-18 08:05:29 INFOS  - Web Instance 'Quartis-Pro-groovy' [6280] started.
2019-03-18 08:05:29 INFOS  - Web Instance 'Quartis-Pro-web' [6292] started.
2019-03-19 07:49:49 INFOS  - -----------------------------------------------------------
2019-03-19 07:49:49 INFOS  - --- base-dir:	C:\Osys\QuartisTools\quartis-runtime\.
2019-03-19 07:49:49 INFOS  - --- server-name:	Quartis-Pro-runtime
2019-03-19 07:49:49 INFOS  - --- server-config-path:	conf/Quartis-Pro-runtime.xml
2019-03-19 07:49:49 INFOS  - -----------------------------------------------------------
2019-03-19 07:49:49 INFOS  - Java path: C:\Osys\QuartisTools\quartis-runtime\bin\win64\jre\bin\java.exe
2019-03-19 07:49:49 INFOS  - Process PID: 3460
2019-03-19 07:49:49 INFOS  - Server 'Quartis-Pro-runtime' [3460] started.
2019-03-19 07:49:51 INFOS  - Starting Web Instance 'Quartis-Pro-web'...
2019-03-19 07:49:51 INFOS  - Starting Web Instance 'Quartis-Pro-auth'...
2019-03-19 07:49:51 INFOS  - Starting Web Instance 'Quartis-Pro-console'...
2019-03-19 07:49:51 INFOS  - Starting Web Instance 'Quartis-Pro-groovy'...
2019-03-19 07:49:51 INFOS  - Starting Web Instance 'Quartis-Pro-tools'...
2019-03-19 07:49:51 INFOS  - Web Instance 'Quartis-Pro-auth' process starting...
2019-03-19 07:49:52 INFOS  - Web Instance 'Quartis-Pro-web' process starting...
2019-03-19 07:49:52 INFOS  - Web Instance 'Quartis-Pro-console' process starting...
2019-03-19 07:49:52 INFOS  - Web Instance 'Quartis-Pro-tools' process starting...
2019-03-19 07:49:52 INFOS  - Web Instance 'Quartis-Pro-groovy' process starting...
2019-03-19 07:49:52 INFOS  - Web Instance 'Quartis-Pro-console' [5972] started.
2019-03-19 07:49:52 INFOS  - Web Instance 'Quartis-Pro-web' [5760] started.
2019-03-19 07:49:52 INFOS  - Web Instance 'Quartis-Pro-tools' [6088] started.
2019-03-19 07:49:53 INFOS  - Web Instance 'Quartis-Pro-auth' [5748] started.
2019-03-19 07:49:53 INFOS  - Web Instance 'Quartis-Pro-groovy' [6160] started.
2019-03-20 11:45:32 INFOS  - -----------------------------------------------------------
2019-03-20 11:45:32 INFOS  - --- base-dir:	C:\Osys\QuartisTools\quartis-runtime\.
2019-03-20 11:45:32 INFOS  - --- server-name:	Quartis-Pro-runtime
2019-03-20 11:45:32 INFOS  - --- server-config-path:	conf/Quartis-Pro-runtime.xml
2019-03-20 11:45:32 INFOS  - -----------------------------------------------------------
2019-03-20 11:45:32 INFOS  - Java path: C:\Osys\QuartisTools\quartis-runtime\bin\win64\jre\bin\java.exe
2019-03-20 11:45:32 INFOS  - Process PID: 8040
2019-03-20 11:45:32 INFOS  - Server 'Quartis-Pro-runtime' [8040] started.
2019-03-20 11:45:34 INFOS  - Starting Web Instance 'Quartis-Pro-web'...
2019-03-20 11:45:34 INFOS  - Starting Web Instance 'Quartis-Pro-auth'...
2019-03-20 11:45:34 INFOS  - Starting Web Instance 'Quartis-Pro-console'...
2019-03-20 11:45:34 INFOS  - Starting Web Instance 'Quartis-Pro-groovy'...
2019-03-20 11:45:34 INFOS  - Starting Web Instance 'Quartis-Pro-tools'...
2019-03-20 11:45:34 INFOS  - Web Instance 'Quartis-Pro-tools' process starting...
2019-03-20 11:45:34 INFOS  - Web Instance 'Quartis-Pro-auth' process starting...
2019-03-20 11:45:34 INFOS  - Web Instance 'Quartis-Pro-console' process starting...
2019-03-20 11:45:35 INFOS  - Web Instance 'Quartis-Pro-groovy' process starting...
2019-03-20 11:45:35 INFOS  - Web Instance 'Quartis-Pro-web' process starting...
2019-03-20 11:45:35 INFOS  - Web Instance 'Quartis-Pro-console' [8916] started.
2019-03-20 11:45:35 INFOS  - Web Instance 'Quartis-Pro-auth' [2828] started.
2019-03-20 11:45:36 INFOS  - Web Instance 'Quartis-Pro-web' [3448] started.
2019-03-20 11:45:36 INFOS  - Web Instance 'Quartis-Pro-tools' [6076] started.
2019-03-20 11:45:36 INFOS  - Web Instance 'Quartis-Pro-groovy' [5020] started.
2019-03-20 14:44:19 INFOS  - -----------------------------------------------------------
2019-03-20 14:44:19 INFOS  - --- base-dir:	C:\Osys\QuartisTools\quartis-runtime\.
2019-03-20 14:44:19 INFOS  - --- server-name:	Quartis-Pro-runtime
2019-03-20 14:44:19 INFOS  - --- server-config-path:	conf/Quartis-Pro-runtime.xml
2019-03-20 14:44:19 INFOS  - -----------------------------------------------------------
2019-03-20 14:44:19 INFOS  - Java path: C:\Osys\QuartisTools\quartis-runtime\bin\win64\jre\bin\java.exe
2019-03-20 14:44:19 INFOS  - Process PID: 6272
2019-03-20 14:44:19 INFOS  - Server 'Quartis-Pro-runtime' [6272] started.
2019-03-20 14:44:21 INFOS  - Starting Web Instance 'Quartis-Pro-web'...
2019-03-20 14:44:21 INFOS  - Starting Web Instance 'Quartis-Pro-auth'...
2019-03-20 14:44:21 INFOS  - Starting Web Instance 'Quartis-Pro-console'...
2019-03-20 14:44:21 INFOS  - Starting Web Instance 'Quartis-Pro-groovy'...
2019-03-20 14:44:21 INFOS  - Starting Web Instance 'Quartis-Pro-tools'...
2019-03-20 14:44:21 INFOS  - Web Instance 'Quartis-Pro-web' process starting...
2019-03-20 14:44:21 INFOS  - Web Instance 'Quartis-Pro-groovy' process starting...
2019-03-20 14:44:21 INFOS  - Web Instance 'Quartis-Pro-auth' process starting...
2019-03-20 14:44:21 INFOS  - Web Instance 'Quartis-Pro-console' process starting...
2019-03-20 14:44:21 INFOS  - Web Instance 'Quartis-Pro-tools' process starting...
2019-03-20 14:44:22 INFOS  - Web Instance 'Quartis-Pro-groovy' [7860] started.
2019-03-20 14:44:22 INFOS  - Web Instance 'Quartis-Pro-console' [9760] started.
2019-03-20 14:44:22 INFOS  - Web Instance 'Quartis-Pro-auth' [5244] started.
2019-03-20 14:44:22 INFOS  - Web Instance 'Quartis-Pro-web' [4164] started.
2019-03-20 14:44:22 INFOS  - Web Instance 'Quartis-Pro-tools' [2520] started.
2019-03-20 14:59:22 INFOS  - -----------------------------------------------------------
2019-03-20 14:59:22 INFOS  - --- base-dir:	C:\Osys\QuartisTools\quartis-runtime\.
2019-03-20 14:59:22 INFOS  - --- server-name:	Quartis-Pro-runtime
2019-03-20 14:59:22 INFOS  - --- server-config-path:	conf/Quartis-Pro-runtime.xml
2019-03-20 14:59:22 INFOS  - -----------------------------------------------------------
2019-03-20 14:59:22 INFOS  - Java path: C:\Osys\QuartisTools\quartis-runtime\bin\win64\jre\bin\java.exe
2019-03-20 14:59:22 INFOS  - Process PID: 8364
2019-03-20 14:59:22 INFOS  - Server 'Quartis-Pro-runtime' [8364] started.
2019-03-20 14:59:24 INFOS  - Starting Web Instance 'Quartis-Pro-web'...
2019-03-20 14:59:24 INFOS  - Starting Web Instance 'Quartis-Pro-auth'...
2019-03-20 14:59:24 INFOS  - Starting Web Instance 'Quartis-Pro-console'...
2019-03-20 14:59:24 INFOS  - Starting Web Instance 'Quartis-Pro-groovy'...
2019-03-20 14:59:24 INFOS  - Starting Web Instance 'Quartis-Pro-tools'...
2019-03-20 14:59:24 INFOS  - Web Instance 'Quartis-Pro-web' process starting...
2019-03-20 14:59:24 INFOS  - Web Instance 'Quartis-Pro-console' process starting...
2019-03-20 14:59:24 INFOS  - Web Instance 'Quartis-Pro-tools' process starting...
2019-03-20 14:59:24 INFOS  - Web Instance 'Quartis-Pro-groovy' process starting...
2019-03-20 14:59:24 INFOS  - Web Instance 'Quartis-Pro-auth' process starting...
2019-03-20 14:59:25 INFOS  - Web Instance 'Quartis-Pro-web' [9256] started.
2019-03-20 14:59:25 INFOS  - Web Instance 'Quartis-Pro-tools' [5416] started.
2019-03-20 14:59:25 INFOS  - Web Instance 'Quartis-Pro-groovy' [5440] started.
2019-03-20 14:59:25 INFOS  - Web Instance 'Quartis-Pro-console' [8932] started.
2019-03-20 14:59:25 INFOS  - Web Instance 'Quartis-Pro-auth' [5724] started.
2019-03-20 15:00:01 INFOS  - -----------------------------------------------------------
2019-03-20 15:00:01 INFOS  - --- base-dir:	C:\Osys\QuartisTools\quartis-runtime\.
2019-03-20 15:00:01 INFOS  - --- server-name:	Quartis-Pro-runtime
2019-03-20 15:00:01 INFOS  - --- server-config-path:	conf/Quartis-Pro-runtime.xml
2019-03-20 15:00:01 INFOS  - -----------------------------------------------------------
2019-03-20 15:00:01 INFOS  - Java path: C:\Osys\QuartisTools\quartis-runtime\bin\win64\jre\bin\java.exe
2019-03-20 15:00:01 INFOS  - Process PID: 3448
2019-03-20 15:00:01 INFOS  - Server 'Quartis-Pro-runtime' [3448] started.
2019-03-20 15:00:03 INFOS  - Starting Web Instance 'Quartis-Pro-web'...
2019-03-20 15:00:03 INFOS  - Starting Web Instance 'Quartis-Pro-auth'...
2019-03-20 15:00:03 INFOS  - Starting Web Instance 'Quartis-Pro-console'...
2019-03-20 15:00:03 INFOS  - Starting Web Instance 'Quartis-Pro-groovy'...
2019-03-20 15:00:03 INFOS  - Starting Web Instance 'Quartis-Pro-tools'...
2019-03-20 15:00:03 INFOS  - Web Instance 'Quartis-Pro-groovy' process starting...
2019-03-20 15:00:03 INFOS  - Web Instance 'Quartis-Pro-console' process starting...
2019-03-20 15:00:03 INFOS  - Web Instance 'Quartis-Pro-web' process starting...
2019-03-20 15:00:03 INFOS  - Web Instance 'Quartis-Pro-auth' process starting...
2019-03-20 15:00:03 INFOS  - Web Instance 'Quartis-Pro-tools' process starting...
2019-03-20 15:00:05 INFOS  - Web Instance 'Quartis-Pro-web' [6164] started.
2019-03-20 15:00:05 INFOS  - Web Instance 'Quartis-Pro-auth' [9656] started.
2019-03-20 15:00:05 INFOS  - Web Instance 'Quartis-Pro-groovy' [9400] started.
2019-03-20 15:00:05 INFOS  - Web Instance 'Quartis-Pro-console' [8908] started.
2019-03-20 15:00:07 INFOS  - Web Instance 'Quartis-Pro-tools' [6992] started.
2019-03-20 15:08:10 INFOS  - -----------------------------------------------------------
2019-03-20 15:08:10 INFOS  - --- base-dir:	C:\Osys\QuartisTools\quartis-runtime\.
2019-03-20 15:08:10 INFOS  - --- server-name:	Quartis-Pro-runtime
2019-03-20 15:08:10 INFOS  - --- server-config-path:	conf/Quartis-Pro-runtime.xml
2019-03-20 15:08:10 INFOS  - -----------------------------------------------------------
2019-03-20 15:08:10 INFOS  - Java path: C:\Osys\QuartisTools\quartis-runtime\bin\win64\jre\bin\java.exe
2019-03-20 15:08:10 INFOS  - Process PID: 7736
2019-03-20 15:08:10 INFOS  - Server 'Quartis-Pro-runtime' [7736] started.
2019-03-20 15:08:12 INFOS  - Starting Web Instance 'Quartis-Pro-web'...
2019-03-20 15:08:12 INFOS  - Starting Web Instance 'Quartis-Pro-auth'...
2019-03-20 15:08:12 INFOS  - Starting Web Instance 'Quartis-Pro-console'...
2019-03-20 15:08:12 INFOS  - Starting Web Instance 'Quartis-Pro-groovy'...
2019-03-20 15:08:12 INFOS  - Starting Web Instance 'Quartis-Pro-tools'...
2019-03-20 15:08:12 INFOS  - Web Instance 'Quartis-Pro-web' process starting...
2019-03-20 15:08:12 INFOS  - Web Instance 'Quartis-Pro-console' process starting...
2019-03-20 15:08:12 INFOS  - Web Instance 'Quartis-Pro-auth' process starting...
2019-03-20 15:08:12 INFOS  - Web Instance 'Quartis-Pro-tools' process starting...
2019-03-20 15:08:12 INFOS  - Web Instance 'Quartis-Pro-groovy' process starting...
2019-03-20 15:08:13 INFOS  - Web Instance 'Quartis-Pro-web' [9388] started.
2019-03-20 15:08:13 INFOS  - Web Instance 'Quartis-Pro-console' [2188] started.
2019-03-20 15:08:13 INFOS  - Web Instance 'Quartis-Pro-tools' [8312] started.
2019-03-20 15:08:14 INFOS  - Web Instance 'Quartis-Pro-auth' [7256] started.
2019-03-20 15:08:15 INFOS  - Web Instance 'Quartis-Pro-groovy' [8364] started.
2019-03-20 16:19:28 INFOS  - -----------------------------------------------------------
2019-03-20 16:19:28 INFOS  - --- base-dir:	C:\Osys\QuartisTools\quartis-runtime\.
2019-03-20 16:19:28 INFOS  - --- server-name:	Quartis-Pro-runtime
2019-03-20 16:19:28 INFOS  - --- server-config-path:	conf/Quartis-Pro-runtime.xml
2019-03-20 16:19:28 INFOS  - -----------------------------------------------------------
2019-03-20 16:19:28 INFOS  - Java path: C:\Osys\QuartisTools\quartis-runtime\bin\win64\jre\bin\java.exe
2019-03-20 16:19:28 INFOS  - Process PID: 11168
2019-03-20 16:19:28 INFOS  - Server 'Quartis-Pro-runtime' [11168] started.
2019-03-20 16:19:30 INFOS  - Starting Web Instance 'Quartis-Pro-web'...
2019-03-20 16:19:30 INFOS  - Starting Web Instance 'Quartis-Pro-auth'...
2019-03-20 16:19:30 INFOS  - Starting Web Instance 'Quartis-Pro-console'...
2019-03-20 16:19:30 INFOS  - Starting Web Instance 'Quartis-Pro-groovy'...
2019-03-20 16:19:30 INFOS  - Starting Web Instance 'Quartis-Pro-tools'...
2019-03-20 16:19:30 INFOS  - Web Instance 'Quartis-Pro-web' process starting...
2019-03-20 16:19:30 INFOS  - Web Instance 'Quartis-Pro-groovy' process starting...
2019-03-20 16:19:30 INFOS  - Web Instance 'Quartis-Pro-tools' process starting...
2019-03-20 16:19:30 INFOS  - Web Instance 'Quartis-Pro-console' process starting...
2019-03-20 16:19:30 INFOS  - Web Instance 'Quartis-Pro-auth' process starting...
2019-03-20 16:19:31 INFOS  - Web Instance 'Quartis-Pro-tools' [924] started.
2019-03-20 16:19:31 INFOS  - Web Instance 'Quartis-Pro-web' [13796] started.
2019-03-20 16:19:31 INFOS  - Web Instance 'Quartis-Pro-groovy' [14628] started.
2019-03-20 16:19:31 INFOS  - Web Instance 'Quartis-Pro-console' [12080] started.
2019-03-20 16:19:31 INFOS  - Web Instance 'Quartis-Pro-auth' [2836] started.
2019-03-25 08:06:38 INFOS  - -----------------------------------------------------------
2019-03-25 08:06:39 INFOS  - --- base-dir:	C:\Osys\QuartisTools\quartis-runtime\.
2019-03-25 08:06:39 INFOS  - --- server-name:	Quartis-Pro-runtime
2019-03-25 08:06:39 INFOS  - --- server-config-path:	conf/Quartis-Pro-runtime.xml
2019-03-25 08:06:39 INFOS  - -----------------------------------------------------------
2019-03-25 08:06:39 INFOS  - Java path: C:\Osys\QuartisTools\quartis-runtime\bin\win64\jre\bin\java.exe
2019-03-25 08:06:39 INFOS  - Process PID: 3400
2019-03-25 08:06:39 INFOS  - Server 'Quartis-Pro-runtime' [3400] started.
2019-03-25 08:06:41 INFOS  - Starting Web Instance 'Quartis-Pro-web'...
2019-03-25 08:06:41 INFOS  - Starting Web Instance 'Quartis-Pro-auth'...
2019-03-25 08:06:41 INFOS  - Starting Web Instance 'Quartis-Pro-console'...
2019-03-25 08:06:41 INFOS  - Starting Web Instance 'Quartis-Pro-groovy'...
2019-03-25 08:06:41 INFOS  - Starting Web Instance 'Quartis-Pro-tools'...
2019-03-25 08:06:41 INFOS  - Web Instance 'Quartis-Pro-tools' process starting...
2019-03-25 08:06:41 INFOS  - Web Instance 'Quartis-Pro-console' process starting...
2019-03-25 08:06:41 INFOS  - Web Instance 'Quartis-Pro-groovy' process starting...
2019-03-25 08:06:41 INFOS  - Web Instance 'Quartis-Pro-web' process starting...
2019-03-25 08:06:41 INFOS  - Web Instance 'Quartis-Pro-auth' process starting...
2019-03-25 08:06:48 INFOS  - Web Instance 'Quartis-Pro-auth' [6300] started.
2019-03-25 08:06:48 INFOS  - Web Instance 'Quartis-Pro-web' [6288] started.
2019-03-25 08:06:48 INFOS  - Web Instance 'Quartis-Pro-tools' [6248] started.
2019-03-25 08:06:48 INFOS  - Web Instance 'Quartis-Pro-console' [6256] started.
2019-03-25 08:06:49 INFOS  - Web Instance 'Quartis-Pro-groovy' [6268] started.
2019-03-29 15:57:40 INFOS  - -----------------------------------------------------------
2019-03-29 15:57:41 INFOS  - --- base-dir:	C:\Osys\QuartisTools\quartis-runtime\.
2019-03-29 15:57:41 INFOS  - --- server-name:	Quartis-Pro-runtime
2019-03-29 15:57:41 INFOS  - --- server-config-path:	conf/Quartis-Pro-runtime.xml
2019-03-29 15:57:41 INFOS  - -----------------------------------------------------------
2019-03-29 15:57:41 INFOS  - Java path: C:\Osys\QuartisTools\quartis-runtime\bin\win64\jre\bin\java.exe
2019-03-29 15:57:41 INFOS  - Process PID: 7652
2019-03-29 15:57:41 INFOS  - Server 'Quartis-Pro-runtime' [7652] started.
2019-03-29 15:57:43 INFOS  - Starting Web Instance 'Quartis-Pro-web'...
2019-03-29 15:57:43 INFOS  - Starting Web Instance 'Quartis-Pro-auth'...
2019-03-29 15:57:43 INFOS  - Starting Web Instance 'Quartis-Pro-console'...
2019-03-29 15:57:43 INFOS  - Starting Web Instance 'Quartis-Pro-groovy'...
2019-03-29 15:57:43 INFOS  - Starting Web Instance 'Quartis-Pro-tools'...
2019-03-29 15:57:44 INFOS  - Web Instance 'Quartis-Pro-web' process starting...
2019-03-29 15:57:44 INFOS  - Web Instance 'Quartis-Pro-groovy' process starting...
2019-03-29 15:57:44 INFOS  - Web Instance 'Quartis-Pro-tools' process starting...
2019-03-29 15:57:44 INFOS  - Web Instance 'Quartis-Pro-auth' process starting...
2019-03-29 15:57:44 INFOS  - Web Instance 'Quartis-Pro-console' process starting...
2019-03-29 15:57:45 INFOS  - Web Instance 'Quartis-Pro-auth' [12781300] started.
2019-03-29 15:57:45 INFOS  - Web Instance 'Quartis-Pro-tools' [12795580] started.
2019-03-29 15:57:45 INFOS  - Web Instance 'Quartis-Pro-groovy' [258124] started.
2019-03-29 15:57:45 INFOS  - Web Instance 'Quartis-Pro-web' [12794760] started.
2019-03-29 15:57:45 INFOS  - Web Instance 'Quartis-Pro-console' [12795528] started.
2019-03-29 16:04:04 INFOS  - -----------------------------------------------------------
2019-03-29 16:04:04 INFOS  - --- base-dir:	C:\Osys\QuartisTools\quartis-runtime\.
2019-03-29 16:04:04 INFOS  - --- server-name:	Quartis-Pro-runtime
2019-03-29 16:04:04 INFOS  - --- server-config-path:	conf/Quartis-Pro-runtime.xml
2019-03-29 16:04:04 INFOS  - -----------------------------------------------------------
2019-03-29 16:04:04 INFOS  - Java path: C:\Osys\QuartisTools\quartis-runtime\bin\win64\jre\bin\java.exe
2019-03-29 16:04:04 INFOS  - Process PID: 3340
2019-03-29 16:04:05 INFOS  - Server 'Quartis-Pro-runtime' [3340] started.
2019-03-29 16:04:07 INFOS  - Starting Web Instance 'Quartis-Pro-web'...
2019-03-29 16:04:07 INFOS  - Starting Web Instance 'Quartis-Pro-auth'...
2019-03-29 16:04:07 INFOS  - Starting Web Instance 'Quartis-Pro-console'...
2019-03-29 16:04:07 INFOS  - Starting Web Instance 'Quartis-Pro-groovy'...
2019-03-29 16:04:07 INFOS  - Starting Web Instance 'Quartis-Pro-tools'...
2019-03-29 16:04:07 INFOS  - Web Instance 'Quartis-Pro-auth' process starting...
2019-03-29 16:04:07 INFOS  - Web Instance 'Quartis-Pro-web' process starting...
2019-03-29 16:04:07 INFOS  - Web Instance 'Quartis-Pro-console' process starting...
2019-03-29 16:04:07 INFOS  - Web Instance 'Quartis-Pro-groovy' process starting...
2019-03-29 16:04:07 INFOS  - Web Instance 'Quartis-Pro-tools' process starting...
2019-03-29 16:04:08 INFOS  - Web Instance 'Quartis-Pro-groovy' [12976] started.
2019-03-29 16:04:08 INFOS  - Web Instance 'Quartis-Pro-web' [12944] started.
2019-03-29 16:04:08 INFOS  - Web Instance 'Quartis-Pro-console' [12960] started.
2019-03-29 16:04:08 INFOS  - Web Instance 'Quartis-Pro-tools' [13020] started.
2019-03-29 16:04:08 INFOS  - Web Instance 'Quartis-Pro-auth' [12932] started.
2019-03-29 16:08:02 INFOS  - -----------------------------------------------------------
2019-03-29 16:08:02 INFOS  - --- base-dir:	C:\Osys\QuartisTools\quartis-runtime\.
2019-03-29 16:08:02 INFOS  - --- server-name:	Quartis-Pro-runtime
2019-03-29 16:08:02 INFOS  - --- server-config-path:	conf/Quartis-Pro-runtime.xml
2019-03-29 16:08:02 INFOS  - -----------------------------------------------------------
2019-03-29 16:08:02 INFOS  - Java path: C:\Osys\QuartisTools\quartis-runtime\bin\win64\jre\bin\java.exe
2019-03-29 16:08:02 INFOS  - Process PID: 24316
2019-03-29 16:08:03 INFOS  - Server 'Quartis-Pro-runtime' [24316] started.
2019-03-29 16:08:05 INFOS  - Starting Web Instance 'Quartis-Pro-web'...
2019-03-29 16:08:05 INFOS  - Starting Web Instance 'Quartis-Pro-auth'...
2019-03-29 16:08:05 INFOS  - Starting Web Instance 'Quartis-Pro-console'...
2019-03-29 16:08:05 INFOS  - Starting Web Instance 'Quartis-Pro-groovy'...
2019-03-29 16:08:05 INFOS  - Starting Web Instance 'Quartis-Pro-tools'...
2019-03-29 16:08:05 INFOS  - Web Instance 'Quartis-Pro-web' process starting...
2019-03-29 16:08:05 INFOS  - Web Instance 'Quartis-Pro-tools' process starting...
2019-03-29 16:08:05 INFOS  - Web Instance 'Quartis-Pro-console' process starting...
2019-03-29 16:08:05 INFOS  - Web Instance 'Quartis-Pro-groovy' process starting...
2019-03-29 16:08:05 INFOS  - Web Instance 'Quartis-Pro-auth' process starting...
2019-03-29 16:08:06 INFOS  - Web Instance 'Quartis-Pro-tools' [22772] started.
2019-03-29 16:08:06 INFOS  - Web Instance 'Quartis-Pro-console' [22784] started.
2019-03-29 16:08:06 INFOS  - Web Instance 'Quartis-Pro-auth' [3480] started.
2019-03-29 16:08:06 INFOS  - Web Instance 'Quartis-Pro-web' [22764] started.
2019-03-29 16:08:08 INFOS  - Web Instance 'Quartis-Pro-groovy' [18604] started.
2019-03-29 16:22:46 INFOS  - -----------------------------------------------------------
2019-03-29 16:22:46 INFOS  - --- base-dir:	C:\Osys\QuartisTools\quartis-runtime\.
2019-03-29 16:22:46 INFOS  - --- server-name:	Quartis-Pro-runtime
2019-03-29 16:22:46 INFOS  - --- server-config-path:	conf/Quartis-Pro-runtime.xml
2019-03-29 16:22:46 INFOS  - -----------------------------------------------------------
2019-03-29 16:22:46 INFOS  - Java path: C:\Osys\QuartisTools\quartis-runtime\bin\win64\jre\bin\java.exe
2019-03-29 16:22:46 INFOS  - Process PID: 12484
2019-03-29 16:22:46 INFOS  - Server 'Quartis-Pro-runtime' [12484] started.
2019-03-29 16:22:48 INFOS  - Starting Web Instance 'Quartis-Pro-web'...
2019-03-29 16:22:48 INFOS  - Starting Web Instance 'Quartis-Pro-auth'...
2019-03-29 16:22:48 INFOS  - Starting Web Instance 'Quartis-Pro-console'...
2019-03-29 16:22:48 INFOS  - Starting Web Instance 'Quartis-Pro-groovy'...
2019-03-29 16:22:48 INFOS  - Starting Web Instance 'Quartis-Pro-tools'...
2019-03-29 16:22:48 INFOS  - Web Instance 'Quartis-Pro-web' process starting...
2019-03-29 16:22:48 INFOS  - Web Instance 'Quartis-Pro-tools' process starting...
2019-03-29 16:22:48 INFOS  - Web Instance 'Quartis-Pro-console' process starting...
2019-03-29 16:22:48 INFOS  - Web Instance 'Quartis-Pro-auth' process starting...
2019-03-29 16:22:48 INFOS  - Web Instance 'Quartis-Pro-groovy' process starting...
2019-03-29 16:22:49 INFOS  - Web Instance 'Quartis-Pro-web' [12616] started.
2019-03-29 16:22:49 INFOS  - Web Instance 'Quartis-Pro-tools' [12624] started.
2019-03-29 16:22:49 INFOS  - Web Instance 'Quartis-Pro-groovy' [12732] started.
2019-03-29 16:22:50 INFOS  - Web Instance 'Quartis-Pro-console' [12640] started.
2019-03-29 16:22:52 INFOS  - Web Instance 'Quartis-Pro-auth' [12668] started.
2019-04-01 08:00:19 INFOS  - -----------------------------------------------------------
2019-04-01 08:00:19 INFOS  - --- base-dir:	C:\Osys\QuartisTools\quartis-runtime\.
2019-04-01 08:00:19 INFOS  - --- server-name:	Quartis-Pro-runtime
2019-04-01 08:00:19 INFOS  - --- server-config-path:	conf/Quartis-Pro-runtime.xml
2019-04-01 08:00:19 INFOS  - -----------------------------------------------------------
2019-04-01 08:00:19 INFOS  - Java path: C:\Osys\QuartisTools\quartis-runtime\bin\win64\jre\bin\java.exe
2019-04-01 08:00:19 INFOS  - Process PID: 3336
2019-04-01 08:00:19 INFOS  - Server 'Quartis-Pro-runtime' [3336] started.
2019-04-01 08:00:21 INFOS  - Starting Web Instance 'Quartis-Pro-web'...
2019-04-01 08:00:21 INFOS  - Starting Web Instance 'Quartis-Pro-auth'...
2019-04-01 08:00:21 INFOS  - Starting Web Instance 'Quartis-Pro-console'...
2019-04-01 08:00:21 INFOS  - Starting Web Instance 'Quartis-Pro-groovy'...
2019-04-01 08:00:21 INFOS  - Starting Web Instance 'Quartis-Pro-tools'...
2019-04-01 08:00:21 INFOS  - Web Instance 'Quartis-Pro-auth' process starting...
2019-04-01 08:00:21 INFOS  - Web Instance 'Quartis-Pro-web' process starting...
2019-04-01 08:00:21 INFOS  - Web Instance 'Quartis-Pro-console' process starting...
2019-04-01 08:00:21 INFOS  - Web Instance 'Quartis-Pro-groovy' process starting...
2019-04-01 08:00:21 INFOS  - Web Instance 'Quartis-Pro-tools' process starting...
2019-04-01 08:00:27 INFOS  - Web Instance 'Quartis-Pro-groovy' [13408] started.
2019-04-01 08:00:27 INFOS  - Web Instance 'Quartis-Pro-auth' [13372] started.
2019-04-01 08:00:27 INFOS  - Web Instance 'Quartis-Pro-web' [13400] started.
2019-04-01 08:00:27 INFOS  - Web Instance 'Quartis-Pro-console' [13384] started.
2019-04-01 08:00:27 INFOS  - Web Instance 'Quartis-Pro-tools' [13420] started.
2019-04-08 08:05:56 INFOS  - -----------------------------------------------------------
2019-04-08 08:05:56 INFOS  - --- base-dir:	C:\Osys\QuartisTools\quartis-runtime\.
2019-04-08 08:05:56 INFOS  - --- server-name:	Quartis-Pro-runtime
2019-04-08 08:05:56 INFOS  - --- server-config-path:	conf/Quartis-Pro-runtime.xml
2019-04-08 08:05:56 INFOS  - -----------------------------------------------------------
2019-04-08 08:05:56 INFOS  - Java path: C:\Osys\QuartisTools\quartis-runtime\bin\win64\jre\bin\java.exe
2019-04-08 08:05:56 INFOS  - Process PID: 3344
2019-04-08 08:05:56 INFOS  - Server 'Quartis-Pro-runtime' [3344] started.
2019-04-08 08:05:58 INFOS  - Starting Web Instance 'Quartis-Pro-web'...
2019-04-08 08:05:58 INFOS  - Starting Web Instance 'Quartis-Pro-auth'...
2019-04-08 08:05:58 INFOS  - Starting Web Instance 'Quartis-Pro-console'...
2019-04-08 08:05:58 INFOS  - Starting Web Instance 'Quartis-Pro-groovy'...
2019-04-08 08:05:58 INFOS  - Starting Web Instance 'Quartis-Pro-tools'...
2019-04-08 08:05:59 INFOS  - Web Instance 'Quartis-Pro-web' process starting...
2019-04-08 08:05:59 INFOS  - Web Instance 'Quartis-Pro-tools' process starting...
2019-04-08 08:05:59 INFOS  - Web Instance 'Quartis-Pro-console' process starting...
2019-04-08 08:05:59 INFOS  - Web Instance 'Quartis-Pro-groovy' process starting...
2019-04-08 08:05:59 INFOS  - Web Instance 'Quartis-Pro-auth' process starting...
2019-04-08 08:06:08 INFOS  - Web Instance 'Quartis-Pro-groovy' [2172] started.
2019-04-08 08:06:08 INFOS  - Web Instance 'Quartis-Pro-console' [296] started.
2019-04-08 08:06:08 INFOS  - Web Instance 'Quartis-Pro-auth' [13316] started.
2019-04-08 08:06:08 INFOS  - Web Instance 'Quartis-Pro-tools' [13268] started.
2019-04-08 08:06:08 INFOS  - Web Instance 'Quartis-Pro-web' [13256] started.
2019-04-08 15:20:27 INFOS  - -----------------------------------------------------------
2019-04-08 15:20:27 INFOS  - --- base-dir:	C:\Osys\QuartisTools\quartis-runtime\.
2019-04-08 15:20:27 INFOS  - --- server-name:	Quartis-Pro-runtime
2019-04-08 15:20:27 INFOS  - --- server-config-path:	conf/Quartis-Pro-runtime.xml
2019-04-08 15:20:27 INFOS  - -----------------------------------------------------------
2019-04-08 15:20:27 INFOS  - Java path: C:\Osys\QuartisTools\quartis-runtime\bin\win64\jre\bin\java.exe
2019-04-08 15:20:27 INFOS  - Process PID: 3720
2019-04-08 15:20:28 INFOS  - Server 'Quartis-Pro-runtime' [3720] started.
2019-04-08 15:20:30 INFOS  - Starting Web Instance 'Quartis-Pro-web'...
2019-04-08 15:20:30 INFOS  - Starting Web Instance 'Quartis-Pro-auth'...
2019-04-08 15:20:30 INFOS  - Starting Web Instance 'Quartis-Pro-console'...
2019-04-08 15:20:30 INFOS  - Starting Web Instance 'Quartis-Pro-groovy'...
2019-04-08 15:20:30 INFOS  - Starting Web Instance 'Quartis-Pro-tools'...
2019-04-08 15:20:30 INFOS  - Web Instance 'Quartis-Pro-groovy' process starting...
2019-04-08 15:20:30 INFOS  - Web Instance 'Quartis-Pro-console' process starting...
2019-04-08 15:20:30 INFOS  - Web Instance 'Quartis-Pro-tools' process starting...
2019-04-08 15:20:30 INFOS  - Web Instance 'Quartis-Pro-auth' process starting...
2019-04-08 15:20:30 INFOS  - Web Instance 'Quartis-Pro-web' process starting...
2019-04-08 15:20:32 INFOS  - Web Instance 'Quartis-Pro-tools' [8052] started.
2019-04-08 15:20:32 INFOS  - Web Instance 'Quartis-Pro-web' [8104] started.
2019-04-08 15:20:32 INFOS  - Web Instance 'Quartis-Pro-auth' [8064] started.
2019-04-08 15:20:32 INFOS  - Web Instance 'Quartis-Pro-groovy' [8004] started.
2019-04-08 15:20:32 INFOS  - Web Instance 'Quartis-Pro-console' [8040] started.
2019-04-11 14:00:09 INFOS  - -----------------------------------------------------------
2019-04-11 14:00:10 INFOS  - --- base-dir:	C:\Osys\QuartisTools\quartis-runtime\.
2019-04-11 14:00:10 INFOS  - --- server-name:	Quartis-Pro-runtime
2019-04-11 14:00:10 INFOS  - --- server-config-path:	conf/Quartis-Pro-runtime.xml
2019-04-11 14:00:10 INFOS  - -----------------------------------------------------------
2019-04-11 14:00:10 INFOS  - Java path: C:\Osys\QuartisTools\quartis-runtime\bin\win64\jre\bin\java.exe
2019-04-11 14:00:10 INFOS  - Process PID: 3720
2019-04-11 14:00:10 INFOS  - Server 'Quartis-Pro-runtime' [3720] started.
2019-04-11 14:00:12 INFOS  - Starting Web Instance 'Quartis-Pro-web'...
2019-04-11 14:00:12 INFOS  - Starting Web Instance 'Quartis-Pro-auth'...
2019-04-11 14:00:12 INFOS  - Starting Web Instance 'Quartis-Pro-console'...
2019-04-11 14:00:12 INFOS  - Starting Web Instance 'Quartis-Pro-groovy'...
2019-04-11 14:00:12 INFOS  - Starting Web Instance 'Quartis-Pro-tools'...
2019-04-11 14:00:12 INFOS  - Web Instance 'Quartis-Pro-tools' process starting...
2019-04-11 14:00:12 INFOS  - Web Instance 'Quartis-Pro-web' process starting...
2019-04-11 14:00:12 INFOS  - Web Instance 'Quartis-Pro-auth' process starting...
2019-04-11 14:00:12 INFOS  - Web Instance 'Quartis-Pro-console' process starting...
2019-04-11 14:00:12 INFOS  - Web Instance 'Quartis-Pro-groovy' process starting...
2019-04-11 14:00:14 INFOS  - Web Instance 'Quartis-Pro-web' [12556] started.
2019-04-11 14:00:14 INFOS  - Web Instance 'Quartis-Pro-console' [12532] started.
2019-04-11 14:00:14 INFOS  - Web Instance 'Quartis-Pro-groovy' [12516] started.
2019-04-11 14:00:14 INFOS  - Web Instance 'Quartis-Pro-tools' [12496] started.
2019-04-11 14:00:14 INFOS  - Web Instance 'Quartis-Pro-auth' [12544] started.
2019-04-11 14:25:22 INFOS  - -----------------------------------------------------------
2019-04-11 14:25:22 INFOS  - --- base-dir:	C:\Osys\QuartisTools\quartis-runtime\.
2019-04-11 14:25:22 INFOS  - --- server-name:	Quartis-Pro-runtime
2019-04-11 14:25:22 INFOS  - --- server-config-path:	conf/Quartis-Pro-runtime.xml
2019-04-11 14:25:22 INFOS  - -----------------------------------------------------------
2019-04-11 14:25:22 INFOS  - Java path: C:\Osys\QuartisTools\quartis-runtime\bin\win64\jre\bin\java.exe
2019-04-11 14:25:22 INFOS  - Process PID: 15308
2019-04-11 14:25:22 INFOS  - Server 'Quartis-Pro-runtime' [15308] started.
2019-04-11 14:25:24 INFOS  - Starting Web Instance 'Quartis-Pro-web'...
2019-04-11 14:25:24 INFOS  - Starting Web Instance 'Quartis-Pro-auth'...
2019-04-11 14:25:24 INFOS  - Starting Web Instance 'Quartis-Pro-console'...
2019-04-11 14:25:24 INFOS  - Starting Web Instance 'Quartis-Pro-groovy'...
2019-04-11 14:25:24 INFOS  - Starting Web Instance 'Quartis-Pro-tools'...
2019-04-11 14:25:24 INFOS  - Web Instance 'Quartis-Pro-tools' process starting...
2019-04-11 14:25:24 INFOS  - Web Instance 'Quartis-Pro-console' process starting...
2019-04-11 14:25:24 INFOS  - Web Instance 'Quartis-Pro-web' process starting...
2019-04-11 14:25:24 INFOS  - Web Instance 'Quartis-Pro-groovy' process starting...
2019-04-11 14:25:24 INFOS  - Web Instance 'Quartis-Pro-auth' process starting...
2019-04-11 14:25:25 INFOS  - Web Instance 'Quartis-Pro-web' [25052] started.
2019-04-11 14:25:25 INFOS  - Web Instance 'Quartis-Pro-console' [24620] started.
2019-04-11 14:25:25 INFOS  - Web Instance 'Quartis-Pro-tools' [24116] started.
2019-04-11 14:25:25 INFOS  - Web Instance 'Quartis-Pro-auth' [24924] started.
2019-04-11 14:25:26 INFOS  - Web Instance 'Quartis-Pro-groovy' [2076] started.
2019-04-15 08:03:07 INFOS  - -----------------------------------------------------------
2019-04-15 08:03:08 INFOS  - --- base-dir:	C:\Osys\QuartisTools\quartis-runtime\.
2019-04-15 08:03:08 INFOS  - --- server-name:	Quartis-Pro-runtime
2019-04-15 08:03:08 INFOS  - --- server-config-path:	conf/Quartis-Pro-runtime.xml
2019-04-15 08:03:08 INFOS  - -----------------------------------------------------------
2019-04-15 08:03:08 INFOS  - Java path: C:\Osys\QuartisTools\quartis-runtime\bin\win64\jre\bin\java.exe
2019-04-15 08:03:08 INFOS  - Process PID: 3428
2019-04-15 08:03:08 INFOS  - Server 'Quartis-Pro-runtime' [3428] started.
2019-04-15 08:03:10 INFOS  - Starting Web Instance 'Quartis-Pro-web'...
2019-04-15 08:03:10 INFOS  - Starting Web Instance 'Quartis-Pro-auth'...
2019-04-15 08:03:10 INFOS  - Starting Web Instance 'Quartis-Pro-console'...
2019-04-15 08:03:10 INFOS  - Starting Web Instance 'Quartis-Pro-groovy'...
2019-04-15 08:03:10 INFOS  - Starting Web Instance 'Quartis-Pro-tools'...
2019-04-15 08:03:10 INFOS  - Web Instance 'Quartis-Pro-console' process starting...
2019-04-15 08:03:10 INFOS  - Web Instance 'Quartis-Pro-tools' process starting...
2019-04-15 08:03:10 INFOS  - Web Instance 'Quartis-Pro-web' process starting...
2019-04-15 08:03:10 INFOS  - Web Instance 'Quartis-Pro-groovy' process starting...
2019-04-15 08:03:10 INFOS  - Web Instance 'Quartis-Pro-auth' process starting...
2019-04-15 08:03:14 INFOS  - Web Instance 'Quartis-Pro-tools' [16088] started.
2019-04-15 08:03:14 INFOS  - Web Instance 'Quartis-Pro-web' [16104] started.
2019-04-15 08:03:14 INFOS  - Web Instance 'Quartis-Pro-console' [16076] started.
2019-04-15 08:03:15 INFOS  - Web Instance 'Quartis-Pro-groovy' [16120] started.
2019-04-15 08:03:15 INFOS  - Web Instance 'Quartis-Pro-auth' [16140] started.
2019-04-22 07:56:14 INFOS  - -----------------------------------------------------------
2019-04-22 07:56:15 INFOS  - --- base-dir:	C:\Osys\QuartisTools\quartis-runtime\.
2019-04-22 07:56:15 INFOS  - --- server-name:	Quartis-Pro-runtime
2019-04-22 07:56:15 INFOS  - --- server-config-path:	conf/Quartis-Pro-runtime.xml
2019-04-22 07:56:15 INFOS  - -----------------------------------------------------------
2019-04-22 07:56:15 INFOS  - Java path: C:\Osys\QuartisTools\quartis-runtime\bin\win64\jre\bin\java.exe
2019-04-22 07:56:15 INFOS  - Process PID: 3544
2019-04-22 07:56:16 INFOS  - Server 'Quartis-Pro-runtime' [3544] started.
2019-04-22 07:56:18 INFOS  - Starting Web Instance 'Quartis-Pro-web'...
2019-04-22 07:56:18 INFOS  - Starting Web Instance 'Quartis-Pro-auth'...
2019-04-22 07:56:18 INFOS  - Starting Web Instance 'Quartis-Pro-console'...
2019-04-22 07:56:18 INFOS  - Starting Web Instance 'Quartis-Pro-groovy'...
2019-04-22 07:56:18 INFOS  - Starting Web Instance 'Quartis-Pro-tools'...
2019-04-22 07:56:18 INFOS  - Web Instance 'Quartis-Pro-tools' process starting...
2019-04-22 07:56:18 INFOS  - Web Instance 'Quartis-Pro-auth' process starting...
2019-04-22 07:56:18 INFOS  - Web Instance 'Quartis-Pro-web' process starting...
2019-04-22 07:56:18 INFOS  - Web Instance 'Quartis-Pro-console' process starting...
2019-04-22 07:56:18 INFOS  - Web Instance 'Quartis-Pro-groovy' process starting...
2019-04-22 07:56:20 INFOS  - Web Instance 'Quartis-Pro-console' [3892] started.
2019-04-22 07:56:20 INFOS  - Web Instance 'Quartis-Pro-auth' [3276] started.
2019-04-22 07:56:20 INFOS  - Web Instance 'Quartis-Pro-web' [11608] started.
2019-04-22 07:56:20 INFOS  - Web Instance 'Quartis-Pro-tools' [11376] started.
2019-04-22 07:56:22 INFOS  - Web Instance 'Quartis-Pro-groovy' [12308] started.
2019-04-29 07:51:00 INFOS  - -----------------------------------------------------------
2019-04-29 07:51:00 INFOS  - --- base-dir:	C:\Osys\QuartisTools\quartis-runtime\.
2019-04-29 07:51:00 INFOS  - --- server-name:	Quartis-Pro-runtime
2019-04-29 07:51:00 INFOS  - --- server-config-path:	conf/Quartis-Pro-runtime.xml
2019-04-29 07:51:00 INFOS  - -----------------------------------------------------------
2019-04-29 07:51:00 INFOS  - Java path: C:\Osys\QuartisTools\quartis-runtime\bin\win64\jre\bin\java.exe
2019-04-29 07:51:00 INFOS  - Process PID: 3428
2019-04-29 07:51:00 INFOS  - Server 'Quartis-Pro-runtime' [3428] started.
2019-04-29 07:51:02 INFOS  - Starting Web Instance 'Quartis-Pro-web'...
2019-04-29 07:51:02 INFOS  - Starting Web Instance 'Quartis-Pro-auth'...
2019-04-29 07:51:02 INFOS  - Starting Web Instance 'Quartis-Pro-console'...
2019-04-29 07:51:02 INFOS  - Starting Web Instance 'Quartis-Pro-groovy'...
2019-04-29 07:51:02 INFOS  - Starting Web Instance 'Quartis-Pro-tools'...
2019-04-29 07:51:03 INFOS  - Web Instance 'Quartis-Pro-web' process starting...
2019-04-29 07:51:03 INFOS  - Web Instance 'Quartis-Pro-tools' process starting...
2019-04-29 07:51:03 INFOS  - Web Instance 'Quartis-Pro-groovy' process starting...
2019-04-29 07:51:03 INFOS  - Web Instance 'Quartis-Pro-auth' process starting...
2019-04-29 07:51:03 INFOS  - Web Instance 'Quartis-Pro-console' process starting...
2019-04-29 07:51:10 INFOS  - Web Instance 'Quartis-Pro-auth' [16660] started.
2019-04-29 07:51:11 INFOS  - Web Instance 'Quartis-Pro-groovy' [16628] started.
2019-04-29 07:51:11 INFOS  - Web Instance 'Quartis-Pro-web' [16596] started.
2019-04-29 07:51:11 INFOS  - Web Instance 'Quartis-Pro-tools' [16676] started.
2019-04-29 07:51:11 INFOS  - Web Instance 'Quartis-Pro-console' [16612] started.
2019-05-06 08:55:51 INFOS  - -----------------------------------------------------------
2019-05-06 08:55:51 INFOS  - --- base-dir:	C:\Osys\QuartisTools\quartis-runtime\.
2019-05-06 08:55:51 INFOS  - --- server-name:	Quartis-Pro-runtime
2019-05-06 08:55:51 INFOS  - --- server-config-path:	conf/Quartis-Pro-runtime.xml
2019-05-06 08:55:51 INFOS  - -----------------------------------------------------------
2019-05-06 08:55:51 INFOS  - Java path: C:\Osys\QuartisTools\quartis-runtime\bin\win64\jre\bin\java.exe
2019-05-06 08:55:51 INFOS  - Process PID: 3356
2019-05-06 08:55:51 INFOS  - Server 'Quartis-Pro-runtime' [3356] started.
2019-05-06 08:55:53 INFOS  - Starting Web Instance 'Quartis-Pro-web'...
2019-05-06 08:55:53 INFOS  - Starting Web Instance 'Quartis-Pro-auth'...
2019-05-06 08:55:53 INFOS  - Starting Web Instance 'Quartis-Pro-console'...
2019-05-06 08:55:53 INFOS  - Starting Web Instance 'Quartis-Pro-groovy'...
2019-05-06 08:55:53 INFOS  - Starting Web Instance 'Quartis-Pro-tools'...
2019-05-06 08:55:53 INFOS  - Web Instance 'Quartis-Pro-console' process starting...
2019-05-06 08:55:53 INFOS  - Web Instance 'Quartis-Pro-web' process starting...
2019-05-06 08:55:53 INFOS  - Web Instance 'Quartis-Pro-auth' process starting...
2019-05-06 08:55:54 INFOS  - Web Instance 'Quartis-Pro-tools' process starting...
2019-05-06 08:55:54 INFOS  - Web Instance 'Quartis-Pro-groovy' process starting...
2019-05-06 08:56:01 INFOS  - Web Instance 'Quartis-Pro-tools' [13500] started.
2019-05-06 08:56:01 INFOS  - Web Instance 'Quartis-Pro-web' [13440] started.
2019-05-06 08:56:01 INFOS  - Web Instance 'Quartis-Pro-console' [13404] started.
2019-05-06 08:56:01 INFOS  - Web Instance 'Quartis-Pro-groovy' [13520] started.
2019-05-06 08:56:01 INFOS  - Web Instance 'Quartis-Pro-auth' [13468] started.
