|SourceProjectName:Interface.hpr
|DestinationProjectName:Interface.htm
whhost.js
whmsg.js
whmozemu.js
whproxy.js
whstub.js
whutils.js
whver.js
whform.js
whphost.js
whstart.js
whtopic.js
whframes.js
whlang.js
whskin_info.htm
whskin_blank.htm
whnjs.htm
whthost.js
whtdhtml.htm
whihost.js
whibody.htm
whiform.htm
whfhost.js
whfbody.htm
whfform.htm
whghost.js
whgbody.htm
whgdhtml.htm
whgdef.htm
whproj.js
whproj.xml
whproj.htm
whdata\whtoc.js
whdata\whtoc.xml
whdata\whtoc.htm
whdata\whtdata.js
whdata\whidx.js
whdata\whidx.xml
whdata\whidx.htm
whdata\whidata.js
whdata\whfts.js
whdata\whfts.xml
whdata\whfts.htm
whdata\whglo.js
whdata\whglo.xml
whdata\whglo.htm
whdata\whgdata.js
whdata\whftdata.js
whdata\whfwdata.js
whres.xml
WebHelp.jar
WebHelp.cab
whgdata\whnvp30.htm
whgdata\whnvp31.htm
whgdata\whnvp32.htm
whgdata\whnvp33.htm
whgdata\whnvt30.htm
whgdata\whnvt31.htm
whgdata\whnvt32.htm
whgdata\whnvt33.htm
whgdata\whnvf30.htm
whgdata\whnvf31.htm
whgdata\whnvf32.htm
whgdata\whnvf33.htm
whgdata\whnvl31.htm
whgdata\whnvl32.htm
whgdata\whnvl33.htm
whgdata\whexpbar.gif
cshdat_webhelp.htm
cshdat_robohelp.htm
wht_tab0.gif
wht_tab1.gif
wht_tab2.gif
wht_tab3.gif
wht_tab4.gif
wht_tab5.gif
wht_tab6.gif
wht_tab7.gif
wht_tab8.gif
wht_glo_h.gif
wht_glo_n.gif
wht_fts_h.gif
wht_fts_n.gif
wht_idx_h.gif
wht_idx_n.gif
wht_toc_h.gif
wht_toc_n.gif
wht_ws.gif
wht_ws_g.gif
wht_logo1.gif
wht_logo2.gif
wht_abgw.jpg
wht_abgi.jpg
wht_abge.jpg
wht_abtw.jpg
wht_abte.jpg
wht_abti.jpg
wht_spac.gif
wht_next.gif
wht_next_g.gif
wht_prev.gif
wht_prev_g.gif
wht_sync.gif
wht_hide.gif
wht_go.gif
whstart.ico
whestart.ico
whrstart.ico
whidhtml.htm
whfdhtml.htm
whskin_banner.htm
whtbar.js
Default.skn
whskin_pdhtml.htm
whskin_papplet.htm
whskin_plist.htm
whskin_tbars.htm
whskin_mbars.htm
wht_toc4.gif
wht_toc1.gif
wht_toc2.gif
wht_toc3.gif
whskin_frmset010.htm
whst_topics.xml
whskin_frmset01.htm
Interface_hha.hhk
Interface.hhc
Interface.hhk
afxcore\main_index.htm
application\configuration\HIDD_CONF_BD.htm
application\configuration\HIDD_CONF_FENETRE.htm
application\configuration\HIDD_CONF_GENERAL.htm
application\configuration\HIDD_CONF_HTTP.htm
application\configuration\HIDD_CONF_SECURITE.htm
application\configuration\HIDD_CONF_TRACE.htm
application\configuration\HIDD_EXTENSION_EXEC.htm
application\configuration\HIDD_LIST_EXTENSION_EXEC.htm
application\Generalite_application.htm
application\HIDD_ARRET_APPLICATION.htm
application\HIDD_IMPRIMER.htm
application\HIDD_LISTE_DECLENCHEMENT.htm
application\HIDD_LISTE_SCEN_COURS.htm
application\HIDD_LISTE_USER_CONNECT.htm
application\HIDD_SECURITE.htm
application\HIDD_SERVEUR_CONNEXION.htm
definition\Canal_Lent.htm
definition\Canal_rapide.htm
definition\Requete_Lente.htm
definition\Requete_Rapide.htm
menu\affichage\AFX_HIDW_STATUS_BAR.htm
menu\affichage\AFX_HIDW_TOOLBAR.htm
menu\affichage\HID_AFFICHAGE_ORDRE_ARRIERE_PLAN.htm
menu\affichage\HID_AFFICHAGE_ORDRE_AVANCER.htm
menu\affichage\HID_AFFICHAGE_ORDRE_PREMIER_PLAN.htm
menu\affichage\HID_AFFICHAGE_ORDRE_RECULER.htm
menu\affichage\HID_AFFICHAGE_REGLES.htm
menu\affichage\HID_OUTPUT_AFFICHE.htm
menu\affichage\HID_RAFFRAICHIT_WORKSPACE.htm
menu\affichage\HID_VIEW_STATUS_BAR.htm
menu\affichage\HID_VIEW_TOOLBAR.htm
menu\affichage\HID_WORKSPACE_AFFICHE.htm
menu\affichage\menu_view.htm
menu\aide\HID_APP_ABOUT.htm
menu\aide\HID_HELP_INDEX.htm
menu\aide\menu_help.htm
menu\application\HID_APP_CONFIGURATION.htm
menu\application\HID_APP_EXIT.htm
menu\application\HID_ARRET_APPLI.htm
menu\application\HID_Connexion.htm
menu\application\HID_FICHIER_DECONNEXION.htm
menu\application\HID_FILE_SAVE.htm
menu\application\HID_FILE_SAVE_ALL.htm
menu\application\HID_IMPRIMER_DOC_APPLI.htm
menu\application\HID_SECURITE_APP.htm
menu\application\menu_file.htm
menu\edition\HID_EDIT_COPY.htm
menu\edition\HID_EDIT_CUT.htm
menu\edition\HID_EDIT_FIND.htm
menu\edition\HID_EDIT_PASTE.htm
menu\edition\HID_EDIT_REPLACE.htm
menu\edition\HIDD_SUPPRIMER.htm
menu\edition\menu_edit.htm
menu\element\HID_OUVRIR_ELEMENT.htm
menu\element\HID_PROPRIETES_ELEMENT.htm
menu\element\HID_RENOMMER_ELEMENT.htm
menu\element\HID_SUPPRIMER_ELEMENT.htm
menu\fenetre\HID_FENETRE_CLOSE.htm
menu\fenetre\HID_FENETRE_CLOSE_ALL.htm
menu\fenetre\HID_FILE_MRU_FILE1.htm
menu\fenetre\HID_WINDOW_ARRANGE.htm
menu\fenetre\HID_WINDOW_CASCADE.htm
menu\fenetre\HID_WINDOW_TILE.htm
menu\fenetre\menu_window.htm
menu\groupe\HID_NOUVEAU_ELEMENT.htm
menu\groupe\HID_PROPRIETES_GROUPE.htm
menu\groupe\HID_RENOMMER_GROUPE.htm
menu\groupe\HID_SECURITE_GRP.htm
menu\groupe\HID_SUPPRIMER_GROUPE.htm
menu\module\HID_IMPRESSION.htm
menu\module\HID_NOUVEAU_GROUPE.htm
menu\module\HIDD_SECURITE_MODULE.htm
menu\options\HID_OPTIONS_GRILLE.htm
menu\options\HID_OPTIONS_PROPRIETES.htm
menu\options\HID_OPTIONS_UNITE_MM.htm
menu\options\HID_OPTIONS_UNITE_PIXEL.htm
menu\options\menu_options.htm
menu\outils\HID_DECLENCHEMENT.htm
menu\outils\HID_LST_SCENARIOS_COURS.htm
menu\outils\HID_LST_USER_CONNECT.htm
menu\outils\menu_outils.htm
menu\scenario\HID_COMPILATION_COMPILE.htm
menu\scenario\HID_COMPILATION_COMPILETOUT.htm
menu\scenario\HID_COMPILATION_RECOMPILETOUT.htm
menu\scenario\HID_EXECUTE.htm
menu\scenario\Menu_LPX.htm
menu\zoom\HID_ZOOM_100.htm
menu\zoom\HID_ZOOM_150.htm
menu\zoom\HID_ZOOM_200.htm
menu\zoom\HID_ZOOM_25.htm
menu\zoom\HID_ZOOM_50.htm
menu\zoom\HID_ZOOM_500.htm
menu\zoom\HID_ZOOM_75.htm
module\base_de_donnees\HIDD_REQ_AJOUT_SIMPLE.htm
module\base_de_donnees\HIDD_REQ_AJOUT_TABLE.htm
module\base_de_donnees\HIDD_REQ_TABLE_PROPRIETE.htm
module\base_de_donnees\HIDR_REQ_DELETE.htm
module\base_de_donnees\HIDR_REQ_INSERT.htm
module\base_de_donnees\HIDR_REQ_SELECT.htm
module\base_de_donnees\HIDR_REQ_UPDATE.htm
module\declenchement\HIDR_DECLENCHEMENT.htm
module\etat\HIDR_ETAT.htm
module\evenement\HIDR_EVT.htm
module\fenetre\Action\HIDD_ACTION_SCENARIO.htm
module\fenetre\Action\Proprietes_action_bouton.htm
module\fenetre\bouton\3DMeter.htm
module\fenetre\bouton\Bouton.htm
module\fenetre\bouton\Chaine_multilignes.htm
module\fenetre\bouton\Chaine_simple.htm
module\fenetre\bouton\Check_box.htm
module\fenetre\bouton\Edit.htm
module\fenetre\bouton\Edit_multi.htm
module\fenetre\bouton\Ellipse.htm
module\fenetre\bouton\Ellipse_pleine.htm
module\fenetre\bouton\Liste.htm
module\fenetre\bouton\Liste_tombante.htm
module\fenetre\bouton\Radio_groupe.htm
module\fenetre\bouton\Rectangle.htm
module\fenetre\bouton\Rectangle_plein.htm
module\fenetre\bouton\Tableau.htm
module\fenetre\bouton\Trait.htm
module\fenetre\bouton\Webbrowser.htm
module\fenetre\bouton\Zone_de_dessin.htm
module\fenetre\HIDR_FENETRE.htm
module\generalite\HIDD_NOM.htm
module\generalite\HIDD_PROPRIETES.htm
module\generalite\HIDR_WORKSPACE_ELEMENT.htm
module\generalite\HIDR_WORKSPACE_GROUPE.htm
module\generalite\HIDR_WORKSPACE_TYPE.htm
module\HIDD_CONFIRMATION_MOT_PASSE.htm
module\memoire\HIDR_MEMOIRE.htm
module\memoire\Memoire_Systeme.htm
module\trace\HIDD_FENETRE_CARACTERISTIQUES.htm
module\trace\HIDD_GRAPHIQUE_LPX_CARACTERISTIQUES.htm
module\trace\HIDD_MEMOIRE_CARACTERISTIQUES.htm
module\trace\HIDD_WORKSPACE_AFFICHAGE.htm
module\utilisateur\HIDR_DRIVERS.htm
module\utilisateur\HIDR_TERMINAUX.htm
module\utilisateur\HIDR_USER.htm
module\utilisateur\Proprietes_driver_scrut.htm
navigateur\Utilisation_du_navigateur.htm
scenario\graphique\action\HID_ACTION_AFFICHAGE.htm
scenario\graphique\action\HID_ACTION_FAIRE.htm
scenario\graphique\action\HID_ACTION_FILTRAGE.htm
scenario\graphique\action\HID_ACTION_FIN_BOUCLE.htm
scenario\graphique\action\HID_ACTION_FIN_SCEN.htm
scenario\graphique\action\HID_ACTION_GROUPE.htm
scenario\graphique\action\HID_ACTION_IMPRIME_ETAT.htm
scenario\graphique\action\HID_ACTION_OP_MEM.htm
scenario\graphique\action\HID_ACTION_REQUETE.htm
scenario\graphique\action\HID_ACTION_SAISIE.htm
scenario\graphique\action\HID_ACTION_SOUS_SCEN.htm
scenario\graphique\action\HID_ACTION_TANT_QUE.htm
scenario\graphique\action\HID_ACTION_TEMPO.htm
scenario\graphique\action\HID_ACTION_TERMINAL.htm
scenario\graphique\action\HID_ACTION_TEST.htm
scenario\graphique\Liste_des_fonctions_LPX_Graphiques.htm
scenario\graphique\propriete\HIDD_PROPRIETES_AFFICHAGE_HTML.htm
scenario\graphique\propriete\HIDD_PROPRIETES_AFFICHAGE_TEXT.htm
scenario\graphique\propriete\HIDD_PROPRIETES_FAIRE.htm
scenario\graphique\propriete\HIDD_PROPRIETES_FILTRAGE.htm
scenario\graphique\propriete\HIDD_PROPRIETES_FIN_BOUCLE.htm
scenario\graphique\propriete\HIDD_PROPRIETES_FIN_SCEN.htm
scenario\graphique\propriete\HIDD_PROPRIETES_GROUPE.htm
scenario\graphique\propriete\HIDD_PROPRIETES_IMPRIME_ETAT.htm
scenario\graphique\propriete\HIDD_PROPRIETES_OP_MEM.htm
scenario\graphique\propriete\HIDD_PROPRIETES_REQUETE.htm
scenario\graphique\propriete\HIDD_PROPRIETES_SAISIE.htm
scenario\graphique\propriete\HIDD_PROPRIETES_SOUS_SCEN.htm
scenario\graphique\propriete\HIDD_PROPRIETES_TANT_QUE.htm
scenario\graphique\propriete\HIDD_PROPRIETES_TEMPO.htm
scenario\graphique\propriete\HIDD_PROPRIETES_TERMINAL.htm
scenario\graphique\propriete\HIDD_PROPRIETES_TEST.htm
scenario\HIDR_EDITEUR_LPX.htm
scenario\HIDR_GRAPHIQUE_LPX.htm
scenario\lpx\erreurlpx\Erreur_100.htm
scenario\lpx\erreurlpx\Erreur_101.htm
scenario\lpx\erreurlpx\Erreur_102.htm
scenario\lpx\erreurlpx\Erreur_103.htm
scenario\lpx\erreurlpx\Erreur_104.htm
scenario\lpx\erreurlpx\Erreur_105.htm
scenario\lpx\erreurlpx\Erreur_106.htm
scenario\lpx\erreurlpx\Erreur_107.htm
scenario\lpx\erreurlpx\Erreur_108.htm
scenario\lpx\erreurlpx\Erreur_109.htm
scenario\lpx\erreurlpx\Erreur_110.htm
scenario\lpx\erreurlpx\Erreur_111.htm
scenario\lpx\erreurlpx\Erreur_112.htm
scenario\lpx\erreurlpx\Erreur_113.htm
scenario\lpx\erreurlpx\Erreur_114.htm
scenario\lpx\erreurlpx\Erreur_115.htm
scenario\lpx\erreurlpx\Erreur_116.htm
scenario\lpx\erreurlpx\Erreur_117.htm
scenario\lpx\erreurlpx\Erreur_18.htm
scenario\lpx\erreurlpx\Erreur_19.htm
scenario\lpx\erreurlpx\Erreur_20.htm
scenario\lpx\erreurlpx\Erreur_21.htm
scenario\lpx\erreurlpx\Erreur_22.htm
scenario\lpx\erreurlpx\Erreur_23.htm
scenario\lpx\erreurlpx\Erreur_24.htm
scenario\lpx\erreurlpx\Erreur_25.htm
scenario\lpx\erreurlpx\Erreur_26.htm
scenario\lpx\erreurlpx\Erreur_27.htm
scenario\lpx\erreurlpx\Erreur_28.htm
scenario\lpx\erreurlpx\Erreur_29.htm
scenario\lpx\erreurlpx\Erreur_30.htm
scenario\lpx\erreurlpx\Erreur_31.htm
scenario\lpx\erreurlpx\Erreur_32.htm
scenario\lpx\erreurlpx\Erreur_33.htm
scenario\lpx\erreurlpx\Erreur_34.htm
scenario\lpx\erreurlpx\Erreur_35.htm
scenario\lpx\erreurlpx\Erreur_36.htm
scenario\lpx\erreurlpx\Erreur_37.htm
scenario\lpx\erreurlpx\Erreur_38.htm
scenario\lpx\erreurlpx\Erreur_39.htm
scenario\lpx\erreurlpx\Erreur_40.htm
scenario\lpx\erreurlpx\Erreur_41.htm
scenario\lpx\erreurlpx\Erreur_42.htm
scenario\lpx\erreurlpx\Erreur_43.htm
scenario\lpx\erreurlpx\Erreur_44.htm
scenario\lpx\erreurlpx\Erreur_45.htm
scenario\lpx\erreurlpx\Erreur_46.htm
scenario\lpx\erreurlpx\Erreur_47.htm
scenario\lpx\erreurlpx\Erreur_48.htm
scenario\lpx\erreurlpx\Erreur_49.htm
scenario\lpx\erreurlpx\Erreur_50.htm
scenario\lpx\erreurlpx\Erreur_51.htm
scenario\lpx\erreurlpx\Erreur_52.htm
scenario\lpx\erreurlpx\Erreur_53.htm
scenario\lpx\erreurlpx\Erreur_54.htm
scenario\lpx\erreurlpx\Erreur_55.htm
scenario\lpx\erreurlpx\Erreur_56.htm
scenario\lpx\erreurlpx\Erreur_57.htm
scenario\lpx\erreurlpx\Erreur_58.htm
scenario\lpx\erreurlpx\Erreur_59.htm
scenario\lpx\erreurlpx\Erreur_60.htm
scenario\lpx\erreurlpx\Erreur_61.htm
scenario\lpx\erreurlpx\Erreur_62.htm
scenario\lpx\erreurlpx\Erreur_63.htm
scenario\lpx\erreurlpx\Erreur_64.htm
scenario\lpx\erreurlpx\Erreur_66.htm
scenario\lpx\erreurlpx\Erreur_67.htm
scenario\lpx\erreurlpx\Erreur_68.htm
scenario\lpx\erreurlpx\Erreur_69.htm
scenario\lpx\erreurlpx\Erreur_70.htm
scenario\lpx\erreurlpx\Erreur_71.htm
scenario\lpx\erreurlpx\Erreur_72.htm
scenario\lpx\erreurlpx\Erreur_73.htm
scenario\lpx\erreurlpx\Erreur_74.htm
scenario\lpx\erreurlpx\Erreur_75.htm
scenario\lpx\erreurlpx\Erreur_76.htm
scenario\lpx\erreurlpx\Erreur_77.htm
scenario\lpx\erreurlpx\Erreur_78.htm
scenario\lpx\erreurlpx\Erreur_79.htm
scenario\lpx\erreurlpx\Erreur_80.htm
scenario\lpx\erreurlpx\Erreur_81.htm
scenario\lpx\erreurlpx\Erreur_82.htm
scenario\lpx\erreurlpx\Erreur_83.htm
scenario\lpx\erreurlpx\Erreur_84.htm
scenario\lpx\erreurlpx\Erreur_85.htm
scenario\lpx\erreurlpx\Erreur_86.htm
scenario\lpx\erreurlpx\Erreur_87.htm
scenario\lpx\erreurlpx\Erreur_88.htm
scenario\lpx\erreurlpx\Erreur_89.htm
scenario\lpx\erreurlpx\Erreur_90.htm
scenario\lpx\erreurlpx\Erreur_91.htm
scenario\lpx\erreurlpx\Erreur_92.htm
scenario\lpx\erreurlpx\Erreur_93.htm
scenario\lpx\erreurlpx\Erreur_94.htm
scenario\lpx\erreurlpx\Erreur_95.htm
scenario\lpx\erreurlpx\Erreur_96.htm
scenario\lpx\erreurlpx\Erreur_97.htm
scenario\lpx\erreurlpx\Erreur_98.htm
scenario\lpx\erreurlpx\Erreur_99.htm
scenario\lpx\erreurlpx\Liste_des_erreurs_Lpx.htm
scenario\lpx\fonctions\bd\EtatConnexion.htm
scenario\lpx\fonctions\bd\HIDD_DescriptionErreurSQL.htm
scenario\lpx\fonctions\bd\HIDD_ExecuteOK.htm
scenario\lpx\fonctions\bd\HIDD_ExecuteRequeteC.htm
scenario\lpx\fonctions\bd\HIDD_ExecuteRequeteLente.htm
scenario\lpx\fonctions\bd\HIDD_ExecuteRequeteSFAO.htm
scenario\lpx\fonctions\bd\HIDD_ExecuteRequeteSQL.htm
scenario\lpx\fonctions\bd\HIDD_ExecuteRequeteSQLBD.htm
scenario\lpx\fonctions\bd\HIDD_ExecuteRequeteSQLC.htm
scenario\lpx\fonctions\bd\HIDD_ExecuteRequeteSQLEx.htm
scenario\lpx\fonctions\bd\HIDD_ExecuteRequeteSQLExBD.htm
scenario\lpx\fonctions\bd\HIDD_ExecuteRequeteSQLExC.htm
scenario\lpx\fonctions\bd\HIDD_ExecuteRequeteSQLExLente.htm
scenario\lpx\fonctions\bd\HIDD_ExecuteRequeteSQLExTC.htm
scenario\lpx\fonctions\bd\HIDD_ExecuteRequeteSQLLente.htm
scenario\lpx\fonctions\bd\HIDD_ExecuteRequeteSQLTC.htm
scenario\lpx\fonctions\bd\HIDD_ExecuteRequeteTC.htm
scenario\lpx\fonctions\bd\HIDD_FermeReponseSQL.htm
scenario\lpx\fonctions\bd\HIDD_LibereAccesBD.htm
scenario\lpx\fonctions\bd\HIDD_NombreChampSQL.htm
scenario\lpx\fonctions\bd\HIDD_NombreReponseSQL.htm
scenario\lpx\fonctions\bd\HIDD_ReInitialiseConnexionBD.htm
scenario\lpx\fonctions\bd\HIDD_ReserveAccesBD.htm
scenario\lpx\fonctions\bd\HIDD_ReserveCanalLent.htm
scenario\lpx\fonctions\bd\HIDD_SourceErreurSQL.htm
scenario\lpx\fonctions\bd\HIDD_ValeurChamp.htm
scenario\lpx\fonctions\bd\HIDD_ValeurChampEx.htm
scenario\lpx\fonctions\bd\SoumissionOk.htm
scenario\lpx\fonctions\booleennes\HIDD_EstAlphabetique.htm
scenario\lpx\fonctions\booleennes\HIDD_EstAlphaNumerique.htm
scenario\lpx\fonctions\booleennes\HIDD_EstBlanc.htm
scenario\lpx\fonctions\booleennes\HIDD_EstChiffreDecimal.htm
scenario\lpx\fonctions\booleennes\HIDD_EstChiffreHexadecimal.htm
scenario\lpx\fonctions\booleennes\HIDD_EstControle.htm
scenario\lpx\fonctions\booleennes\HIDD_EstEntier.htm
scenario\lpx\fonctions\booleennes\HIDD_EstEntierPositif.htm
scenario\lpx\fonctions\booleennes\HIDD_EstGraphique.htm
scenario\lpx\fonctions\booleennes\HIDD_EstImprimable.htm
scenario\lpx\fonctions\booleennes\HIDD_EstMajuscule.htm
scenario\lpx\fonctions\booleennes\HIDD_EstMinuscule.htm
scenario\lpx\fonctions\booleennes\HIDD_EstNumerique.htm
scenario\lpx\fonctions\booleennes\HIDD_EstPonctuation.htm
scenario\lpx\fonctions\chaines\HIDD_AjouteNFoisCaractere.htm
scenario\lpx\fonctions\chaines\HIDD_ASCIIEnCaractere.htm
scenario\lpx\fonctions\chaines\HIDD_ChaineExVersFichier.htm
scenario\lpx\fonctions\chaines\HIDD_EnleveBlancs.htm
scenario\lpx\fonctions\chaines\HIDD_ExtraitChaineNumDel.htm
scenario\lpx\fonctions\chaines\HIDD_ExtraitChainePosLong.htm
scenario\lpx\fonctions\chaines\HIDD_ExtraitChainePosLongEx.htm
scenario\lpx\fonctions\chaines\HIDD_ExtraitChaines.htm
scenario\lpx\fonctions\chaines\HIDD_FichierVersChaineEx.htm
scenario\lpx\fonctions\chaines\HIDD_InserePosSousChaine.htm
scenario\lpx\fonctions\chaines\HIDD_InserePosSousChaineEx.htm
scenario\lpx\fonctions\chaines\HIDD_Longueur.htm
scenario\lpx\fonctions\chaines\HIDD_LongueurEx.htm
scenario\lpx\fonctions\chaines\HIDD_PosSousChaine.htm
scenario\lpx\fonctions\chaines\HIDD_PosSousChaineEx.htm
scenario\lpx\fonctions\chaines\HIDD_RemplaceSousChaine.htm
scenario\lpx\fonctions\chaines\HIDD_RemplaceSousChaineEx.htm
scenario\lpx\fonctions\chaines\HIDD_Strq.htm
scenario\lpx\fonctions\chaines\HIDD_SupprimePosSousChaine.htm
scenario\lpx\fonctions\chaines\HIDD_SupprimePosSousChaineEx.htm
scenario\lpx\fonctions\conversion\HIDD_ChaineEnMajuscule.htm
scenario\lpx\fonctions\conversion\HIDD_ChaineEnMinuscule.htm
scenario\lpx\fonctions\conversion\HIDD_ChaineEnReel.htm
scenario\lpx\fonctions\conversion\HIDD_GrandeChaineEnReel.htm
scenario\lpx\fonctions\conversion\HIDD_Majuscule.htm
scenario\lpx\fonctions\conversion\HIDD_Minuscule.htm
scenario\lpx\fonctions\conversion\HIDD_ReelEnChaine.htm
scenario\lpx\fonctions\conversion\HIDD_ReelEnGrandeChaine.htm
scenario\lpx\fonctions\conversion\HIDD_Str.htm
scenario\lpx\fonctions\conversion\HIDD_Val.htm
scenario\lpx\fonctions\date\AjouterTemps.htm
scenario\lpx\fonctions\date\HDD_DecalageUTC.htm
scenario\lpx\fonctions\date\HIDD_DeformaterDateHeure.htm
scenario\lpx\fonctions\date\HIDD_DeformaterDateTZEnUTC.htm
scenario\lpx\fonctions\date\HIDD_DeformaterDateUTCEnTZ.htm
scenario\lpx\fonctions\date\HIDD_DeFormaterTemps.htm
scenario\lpx\fonctions\date\HIDD_DeformaterTempsUTC.htm
scenario\lpx\fonctions\date\HIDD_DeltaDateTZUTC.htm
scenario\lpx\fonctions\date\HIDD_FormaterDate.htm
scenario\lpx\fonctions\date\HIDD_FormaterDateHeure.htm
scenario\lpx\fonctions\date\HIDD_FormaterDateTZEnUTC.htm
scenario\lpx\fonctions\date\HIDD_FormaterDateUTCEnTZ.htm
scenario\lpx\fonctions\date\HIDD_FormaterDuree.htm
scenario\lpx\fonctions\date\HIDD_FormaterTemps.htm
scenario\lpx\fonctions\date\HIDD_FormaterTempsSysteme.htm
scenario\lpx\fonctions\date\HIDD_FormaterTempsSystemeUTC.htm
scenario\lpx\fonctions\date\HIDD_FormaterTempsUTC.htm
scenario\lpx\fonctions\date\HIDD_JourSemaineAnneeIso.htm
scenario\lpx\fonctions\date\HIDD_TempsSysteme.htm
scenario\lpx\fonctions\date\HIDD_TempsUTC.htm
scenario\lpx\fonctions\email\HIDD_EmailEnvoi.htm
scenario\lpx\fonctions\email\HIDD_EmailEnvoiEx.htm
scenario\lpx\fonctions\environnement\HIDD_CreeVerrou.htm
scenario\lpx\fonctions\environnement\HIDD_EcritMemoire.htm
scenario\lpx\fonctions\environnement\HIDD_EcritMemoireGroupe.htm
scenario\lpx\fonctions\environnement\HIDD_EcritMemoireGroupeIndex.htm
scenario\lpx\fonctions\environnement\HIDD_EcritMemoireGroupeIndexUtilisateur.htm
scenario\lpx\fonctions\environnement\HIDD_EcritMemoireGroupeTerminal.htm
scenario\lpx\fonctions\environnement\HIDD_EcritMemoireGroupeUtilisateur.htm
scenario\lpx\fonctions\environnement\HIDD_EcritMemoireIndex.htm
scenario\lpx\fonctions\environnement\HIDD_EcritMemoireIndexUtilisateurt.htm
scenario\lpx\fonctions\environnement\HIDD_EcritMemoireSystem.htm
scenario\lpx\fonctions\environnement\HIDD_EcritMemoireTerminal.htm
scenario\lpx\fonctions\environnement\HIDD_EcritMemoireUtilisateur.htm
scenario\lpx\fonctions\environnement\HIDD_EcritMessageErreur.htm
scenario\lpx\fonctions\environnement\HIDD_EffaceMemoire.htm
scenario\lpx\fonctions\environnement\HIDD_EffaceMemoireGroupe.htm
scenario\lpx\fonctions\environnement\HIDD_EffaceMemoireIndex.htm
scenario\lpx\fonctions\environnement\HIDD_EffaceMemoireUtilisateur.htm
scenario\lpx\fonctions\environnement\HIDD_FermeVerrou.htm
scenario\lpx\fonctions\environnement\HIDD_IndexMaxMemoire.htm
scenario\lpx\fonctions\environnement\HIDD_IndexMaxMemoireGroupe.htm
scenario\lpx\fonctions\environnement\HIDD_IndexMaxMemoireUtilisateur.htm
scenario\lpx\fonctions\environnement\HIDD_LibereVerrou.htm
scenario\lpx\fonctions\environnement\HIDD_LitMemoire.htm
scenario\lpx\fonctions\environnement\HIDD_LitMemoireGroupe.htm
scenario\lpx\fonctions\environnement\HIDD_LitMemoireGroupeIndex.htm
scenario\lpx\fonctions\environnement\HIDD_LitMemoireGroupeIndexUtilisateur.htm
scenario\lpx\fonctions\environnement\HIDD_LitMemoireGroupeTerminal.htm
scenario\lpx\fonctions\environnement\HIDD_LitMemoireGroupeUtilisateur.htm
scenario\lpx\fonctions\environnement\HIDD_LitMemoireIndexUtilisateur.htm
scenario\lpx\fonctions\environnement\HIDD_LitMemoireSystem.htm
scenario\lpx\fonctions\environnement\HIDD_LitMemoireTerminal.htm
scenario\lpx\fonctions\environnement\HIDD_LitMemoireUtilisateur.htm
scenario\lpx\fonctions\environnement\HIDD_LitNiveauDebug.htm
scenario\lpx\fonctions\environnement\HIDD_LitNomTraitementLPX.htm
scenario\lpx\fonctions\environnement\HIDD_MemoireExiste.htm
scenario\lpx\fonctions\environnement\HIDD_MemoireGroupeExiste.htm
scenario\lpx\fonctions\environnement\HIDD_MemoireGroupeReponseSQL.htm
scenario\lpx\fonctions\environnement\HIDD_MemoireReponseSQL.htm
scenario\lpx\fonctions\environnement\HIDD_MemoireReponseSQLUtilisateur.htm
scenario\lpx\fonctions\environnement\HIDD_NbMaxValeurMemoire.htm
scenario\lpx\fonctions\environnement\HIDD_NbMaxValeurMemoireGroupe.htm
scenario\lpx\fonctions\environnement\HIDD_PositionneVerrou.htm
scenario\lpx\fonctions\environnement\LitMemoireIndex.htm
scenario\lpx\fonctions\fenetre\HIDD_FermeConsoleWeb.htm
scenario\lpx\fonctions\fenetre\HIDD_FermeFenetre.htm
scenario\lpx\fonctions\fenetre\HIDD_FermeFenetreUtilisateur.htm
scenario\lpx\fonctions\fenetre\HIDD_OuvreConsoleWeb.htm
scenario\lpx\fonctions\fenetre\HIDD_OuvreFenetre.htm
scenario\lpx\fonctions\fenetre\HIDD_OuvreFenetreUtilisateur.htm
scenario\lpx\fonctions\fenetre\HIDD_OuvreURL.htm
scenario\lpx\fonctions\fichiers\HIDD_CopierFichier.htm
scenario\lpx\fonctions\fichiers\HIDD_CreeFichier.htm
scenario\lpx\fonctions\fichiers\HIDD_DeplacerFichier.htm
scenario\lpx\fonctions\fichiers\HIDD_EcritureFichier.htm
scenario\lpx\fonctions\fichiers\HIDD_FermeFichier.htm
scenario\lpx\fonctions\fichiers\HIDD_FermeReponseFichier.htm
scenario\lpx\fonctions\fichiers\HIDD_LectureFichier.htm
scenario\lpx\fonctions\fichiers\HIDD_LectureGrandFichier.htm
scenario\lpx\fonctions\fichiers\HIDD_ListeFichier.htm
scenario\lpx\fonctions\fichiers\HIDD_OuvreFichier.htm
scenario\lpx\fonctions\fichiers\HIDD_OuvreFichierEcriture.htm
scenario\lpx\fonctions\fichiers\HIDD_OuvreFichierLecture.htm
scenario\lpx\fonctions\fichiers\HIDD_PositionFichier.htm
scenario\lpx\fonctions\fichiers\HIDD_ProprieteFichier.htm
scenario\lpx\fonctions\fichiers\HIDD_ReponseFichier.htm
scenario\lpx\fonctions\fichiers\HIDD_ReponseListeFichier.htm
scenario\lpx\fonctions\fichiers\HIDD_SupprimerFichier.htm
scenario\lpx\fonctions\html\HIDD_CGILitFichier.htm
scenario\lpx\fonctions\html\HIDD_CGILitValeur.htm
scenario\lpx\fonctions\html\HIDD_CGILitValeurEx.htm
scenario\lpx\fonctions\html\HIDD_HtmlActiveElement.htm
scenario\lpx\fonctions\html\HIDD_HtmlAligneDebut.htm
scenario\lpx\fonctions\html\HIDD_HtmlAligneFin.htm
scenario\lpx\fonctions\html\HIDD_HtmlBoutonValide.htm
scenario\lpx\fonctions\html\HIDD_HtmlCaseCocher.htm
scenario\lpx\fonctions\html\HIDD_HtmlCentrerDebut.htm
scenario\lpx\fonctions\html\HIDD_HtmlCentrerFin.htm
scenario\lpx\fonctions\html\HIDD_HtmlComment.htm
scenario\lpx\fonctions\html\HIDD_HtmlDebutJavaScript.htm
scenario\lpx\fonctions\html\HIDD_HtmlEtiquette.htm
scenario\lpx\fonctions\html\HIDD_HtmlFichier.htm
scenario\lpx\fonctions\html\HIDD_HtmlFichierBrut.htm
scenario\lpx\fonctions\html\HIDD_HtmlFinJavaScript.htm
scenario\lpx\fonctions\html\HIDD_HtmlFormDebut.htm
scenario\lpx\fonctions\html\HIDD_HtmlFormDebutNom.htm
scenario\lpx\fonctions\html\HIDD_HtmlFormFin.htm
scenario\lpx\fonctions\html\HIDD_HtmlImage.htm
scenario\lpx\fonctions\html\HIDD_HtmlImageLien.htm
scenario\lpx\fonctions\html\HIDD_HtmlImageLienInterne.htm
scenario\lpx\fonctions\html\HIDD_HtmlLigneFin.htm
scenario\lpx\fonctions\html\HIDD_HtmlListeAjout.htm
scenario\lpx\fonctions\html\HIDD_HtmlListeDebut.htm
scenario\lpx\fonctions\html\HIDD_HtmlListeFin.htm
scenario\lpx\fonctions\html\HIDD_HtmlLitEnv.htm
scenario\lpx\fonctions\html\HIDD_HtmlPageDebut.htm
scenario\lpx\fonctions\html\HIDD_HtmlPageFin.htm
scenario\lpx\fonctions\html\HIDD_HtmlParagDebut.htm
scenario\lpx\fonctions\html\HIDD_HtmlParagFin.htm
scenario\lpx\fonctions\html\HIDD_HtmlRadio.htm
scenario\lpx\fonctions\html\HIDD_HtmlTableauCellule.htm
scenario\lpx\fonctions\html\HIDD_HtmlTableauCelluleDebut.htm
scenario\lpx\fonctions\html\HIDD_HtmlTableauCelluleDebutA.htm
scenario\lpx\fonctions\html\HIDD_HtmlTableauCelluleFin.htm
scenario\lpx\fonctions\html\HIDD_HtmlTableauCelluleLien.htm
scenario\lpx\fonctions\html\HIDD_HtmlTableauDebut.htm
scenario\lpx\fonctions\html\HIDD_HtmlTableauDebutA.htm
scenario\lpx\fonctions\html\HIDD_HtmlTableauFin.htm
scenario\lpx\fonctions\html\HIDD_HtmlTableauLigneDebut.htm
scenario\lpx\fonctions\html\HIDD_HtmlTableauLigneFin.htm
scenario\lpx\fonctions\html\HIDD_HtmlTexte.htm
scenario\lpx\fonctions\html\HIDD_HtmlTexteASCII.htm
scenario\lpx\fonctions\html\HIDD_HtmlTexteBrut.htm
scenario\lpx\fonctions\html\HIDD_HtmlTexteBrutEx.htm
scenario\lpx\fonctions\html\HIDD_HtmlTexteLien.htm
scenario\lpx\fonctions\html\HIDD_HtmlTexteLienA.htm
scenario\lpx\fonctions\html\HIDD_HtmlTexteLienInterne.htm
scenario\lpx\fonctions\html\HIDD_HtmlTitre.htm
scenario\lpx\fonctions\html\HIDD_HtmlVideo.htm
scenario\lpx\fonctions\html\HIDD_HtmlXml.htm
scenario\lpx\fonctions\html\HIDD_HtmlXmlLangue.htm
scenario\lpx\fonctions\html\HIDD_HtmlZoneCache.htm
scenario\lpx\fonctions\html\HIDD_HtmlZoneMotPasse.htm
scenario\lpx\fonctions\html\HIDD_HtmlZoneSaisie.htm
scenario\lpx\fonctions\html\HIDD_HtmlZoneTexte.htm
scenario\lpx\fonctions\impression\HIDD_ArretImprimeEtat.htm
scenario\lpx\fonctions\impression\HIDD_ImprimeEtat.htm
scenario\lpx\fonctions\impression\HIDD_ImprimeEtatEtAttend.htm
scenario\lpx\fonctions\message\HIDD_Langue.htm
scenario\lpx\fonctions\message\HIDD_Message.htm
scenario\lpx\fonctions\message\HIDD_MessageAjoute.htm
scenario\lpx\fonctions\message\HIDD_MessageFormat1.htm
scenario\lpx\fonctions\message\HIDD_MessageFormat2.htm
scenario\lpx\fonctions\message\HIDD_MessageFormat3.htm
scenario\lpx\fonctions\message\HIDD_MessageFormat4.htm
scenario\lpx\fonctions\message\HIDD_MessageFormat5.htm
scenario\lpx\fonctions\message\HIDD_MessageFormat6.htm
scenario\lpx\fonctions\message\HIDD_MessageFormat7.htm
scenario\lpx\fonctions\message\HIDD_MessageFormat8.htm
scenario\lpx\fonctions\message\HIDD_MessageFormat9.htm
scenario\lpx\fonctions\message\HIDD_MessageFormatN.htm
scenario\lpx\fonctions\message\HIDD_MessageLangue.htm
scenario\lpx\fonctions\message\HIDD_MessageModifie.htm
scenario\lpx\fonctions\message\HIDD_MessageRazListe.htm
scenario\lpx\fonctions\message\HIDD_MessageSupprime.htm
scenario\lpx\fonctions\numeriques\HIDD_Racine.htm
scenario\lpx\fonctions\numeriques\HIDD_Random.htm
scenario\lpx\fonctions\numeriques\HIDD_Randomize.htm
scenario\lpx\fonctions\QuartisMessenger\HIDD_QuartisMsgChemin.htm
scenario\lpx\fonctions\QuartisMessenger\HIDD_QuartisMsgEnvoieMessage.htm
scenario\lpx\fonctions\QuartisMessenger\HIDD_QuartisMsgFermeReponse.htm
scenario\lpx\fonctions\QuartisMessenger\HIDD_QuartisMsgLigne.htm
scenario\lpx\fonctions\QuartisMessenger\HIDD_QuartisMsgLitMessage.htm
scenario\lpx\fonctions\QuartisMessenger\HIDD_QuartisMsgNombreReponse.htm
scenario\lpx\fonctions\scenario\HIDD_AjouteScenarioTemp.htm
scenario\lpx\fonctions\scenario\HIDD_EcritValRetour.htm
scenario\lpx\fonctions\scenario\HIDD_ExecScenario.htm
scenario\lpx\fonctions\scenario\HIDD_LitParam.htm
scenario\lpx\fonctions\scenario\HIDD_LitValRetour.htm
scenario\lpx\fonctions\scenario\HIDD_SupprimeScenarioTemp.htm
scenario\lpx\fonctions\spc\HIDD_ExecuteSPC.htm
scenario\lpx\fonctions\spc\HIDD_FermeSPC.htm
scenario\lpx\fonctions\spc\HIDD_OuvvreSPC.htm
scenario\lpx\fonctions\systeme\HIDD_CommandeShell.htm
scenario\lpx\fonctions\systeme\HIDD_CommandeShellTempo.htm
scenario\lpx\fonctions\systeme\HIDD_GetEnv.htm
scenario\lpx\fonctions\systeme\HIDD_LitNomOrdinateur.htm
scenario\lpx\fonctions\systeme\HIDD_LitPortHttp.htm
scenario\lpx\fonctions\systeme\HIDD_LitValAttenteTempo.htm
scenario\lpx\fonctions\systeme\HIDD_Sleep.htm
scenario\lpx\fonctions\terminal\HIDD_AttenteSaisie.htm
scenario\lpx\fonctions\terminal\HIDD_AttenteSaisieTempo.htm
scenario\lpx\fonctions\terminal\HIDD_ComposeMessage2x16.htm
scenario\lpx\fonctions\terminal\HIDD_ComposeMessage2x40.htm
scenario\lpx\fonctions\terminal\HIDD_EcritTerminal.htm
scenario\lpx\fonctions\terminal\HIDD_EcritTerminalAvecNumero.htm
scenario\lpx\fonctions\terminal\HIDD_LitDateHeureMessage.htm
scenario\lpx\fonctions\terminal\HIDD_LitMessage.htm
scenario\lpx\fonctions\terminal\HIDD_LitNumeroTerminal.htm
scenario\lpx\fonctions\terminal\HIDD_LitPeriphMessage.htm
scenario\lpx\fonctions\terminal\HIDD_LitValAttenteSaisieTempo.htm
scenario\lpx\fonctions\xml\HIDD_XmlAttributEcrit.htm
scenario\lpx\fonctions\xml\HIDD_XmlAttributLit.htm
scenario\lpx\fonctions\xml\HIDD_XmlCree.htm
scenario\lpx\fonctions\xml\HIDD_XmlEcrit.htm
scenario\lpx\fonctions\xml\HIDD_XmlEfface.htm
scenario\lpx\fonctions\xml\HIDD_XmlElementAjoute.htm
scenario\lpx\fonctions\xml\HIDD_XmlElementFils.htm
scenario\lpx\fonctions\xml\HIDD_XmlElementPere.htm
scenario\lpx\fonctions\xml\HIDD_XmlElementPositionne.htm
scenario\lpx\fonctions\xml\HIDD_XmlElementPremier.htm
scenario\lpx\fonctions\xml\HIDD_XmlElementSuivant.htm
scenario\lpx\fonctions\xml\HIDD_XmlElementSupprime.htm
scenario\lpx\fonctions\xml\HIDD_XmlFerme.htm
scenario\lpx\fonctions\xml\HIDD_XmlFichierEcrit.htm
scenario\lpx\fonctions\xml\HIDD_XmlFichierLit.htm
scenario\lpx\fonctions\xml\HIDD_XmlFilsAjoute.htm
scenario\lpx\fonctions\xml\HIDD_XmlFilsPositionne.htm
scenario\lpx\fonctions\xml\HIDD_XmlFilsSupprime.htm
scenario\lpx\fonctions\xml\HIDD_XmlLit.htm
scenario\lpx\fonctions\xml\HIDD_XmlPositionInit.htm
scenario\lpx\fonctions\xml\HIDD_XmlReponseSQL.htm
scenario\lpx\fonctions\xml\HIDD_XmlValeurLit.htm
scenario\lpx\HIDD_.htm
scenario\lpx\HIDD_COULEURS_EDITEUR.htm
scenario\lpx\HIDD_Differents_Types_LPX.htm
scenario\lpx\HIDD_LPX_EXEMPLE.htm
scenario\lpx\HIDD_LPX_MOT_RESERVE.htm
scenario\lpx\HIDR_EDIT_LPX.htm
scenario\lpx\listefonctions\HIDD_FONCTION_BD.htm
scenario\lpx\listefonctions\HIDD_FONCTION_BOOLEENNE.htm
scenario\lpx\listefonctions\HIDD_FONCTION_CHAINE_CAR.htm
scenario\lpx\listefonctions\HIDD_FONCTION_CONVERSION.htm
scenario\lpx\listefonctions\HIDD_FONCTION_DATE.htm
scenario\lpx\listefonctions\HIDD_FONCTION_EMAIL.htm
scenario\lpx\listefonctions\HIDD_FONCTION_ENV.htm
scenario\lpx\listefonctions\HIDD_FONCTION_GESTION_FICHIER.htm
scenario\lpx\listefonctions\HIDD_FONCTION_HTML.htm
scenario\lpx\listefonctions\HIDD_FONCTION_MESSAGE.htm
scenario\lpx\listefonctions\HIDD_FONCTION_NUMERIQUE.htm
scenario\lpx\listefonctions\HIDD_FONCTION_SYSTEME.htm
scenario\lpx\listefonctions\HIDD_FONCTION_TERMINAL.htm
scenario\lpx\listefonctions\HIDD_FONCTION_XML.htm
scenario\lpx\listefonctions\HIDD_Fonctions_Fenetres.htm
scenario\lpx\listefonctions\HIDD_Fonctions_Impressions.htm
scenario\lpx\listefonctions\HIDD_Fonctions_Quartis_Messenger.htm
scenario\lpx\listefonctions\HIDD_Fonctions_SPC.htm
scenario\lpx\listefonctions\HIDD_LPX_FONCTION_LISTE.htm
scenario\lpx\mots\HIDD_AND.htm
scenario\lpx\mots\HIDD_ARRAY.htm
scenario\lpx\mots\HIDD_BEGIN.htm
scenario\lpx\mots\HIDD_CONST.htm
scenario\lpx\mots\HIDD_DIV.htm
scenario\lpx\mots\HIDD_END.htm
scenario\lpx\mots\HIDD_EXIT.htm
scenario\lpx\mots\HIDD_ExportFichierASCII.htm
scenario\lpx\mots\HIDD_FOR.htm
scenario\lpx\mots\HIDD_FUNCTION.htm
scenario\lpx\mots\HIDD_IF.htm
scenario\lpx\mots\HIDD_ImportFichierASCII.htm
scenario\lpx\mots\HIDD_LOOP.htm
scenario\lpx\mots\HIDD_MOD.htm
scenario\lpx\mots\HIDD_MODULE_LPX.htm
scenario\lpx\mots\HIDD_NOT.htm
scenario\lpx\mots\HIDD_OR.htm
scenario\lpx\mots\HIDD_PROCEDURE.htm
scenario\lpx\mots\HIDD_PROGRAMME_LPX.htm
scenario\lpx\mots\HIDD_RECORD.htm
scenario\lpx\mots\HIDD_REPEAT.htm
scenario\lpx\mots\HIDD_STOP.htm
scenario\lpx\mots\HIDD_TYPE.htm
scenario\lpx\mots\HIDD_VAR.htm
scenario\lpx\mots\HIDD_WHILE.htm
scenario\lpx\mots\HIDD_WITH.htm
scenario\lpx\type\AntiSlash.htm
scenario\lpx\type\CR.htm
scenario\lpx\type\HIDD_CHAINE10000.htm
scenario\lpx\type\HIDD_Chaine2048.htm
scenario\lpx\type\HIDD_Chaine4.htm
scenario\lpx\type\HIDD_ChaineEx.htm
scenario\lpx\type\HIDD_CONSCAR.htm
scenario\lpx\type\HIDD_CONSCAR2.htm
scenario\lpx\type\HIDD_CRLF.htm
scenario\lpx\type\HIDD_DateTexte.htm
scenario\lpx\type\HIDD_EOF.htm
scenario\lpx\type\HIDD_ERREUR_CHAINE.htm
scenario\lpx\type\HIDD_ESC.htm
scenario\lpx\type\HIDD_GRANDECHAINE.htm
scenario\lpx\type\HIDD_GU.htm
scenario\lpx\type\HIDD_LENT.htm
scenario\lpx\type\HIDD_LF.htm
scenario\lpx\type\HIDD_MAUVAIS_FICHIER.htm
scenario\lpx\type\HIDD_NOMBRETEXTE.htm
scenario\lpx\type\HIDD_PETITECHAINE.htm
scenario\lpx\type\HIDD_RAPIDE.htm
scenario\lpx\type\HIDD_RC.htm
scenario\lpx\type\HIDD_T_AttenteTempo.htm
scenario\lpx\type\HIDD_T_CanalBD.htm
scenario\lpx\type\HIDD_T_Date.htm
scenario\lpx\type\HIDD_T_DEFBOITE.htm
scenario\lpx\type\HIDD_T_ErreurChaine.htm
scenario\lpx\type\HIDD_T_FICHIER.htm
scenario\lpx\type\HIDD_T_JourSemaine.htm
scenario\lpx\type\HIDD_T_LigneQuartisMsg.htm
scenario\lpx\type\HIDD_T_Mois.htm
scenario\lpx\type\HIDD_T_PARAMETRES_EXTRACTION.htm
scenario\lpx\type\HIDD_T_PARAMLIEN.htm
scenario\lpx\type\HIDD_T_ParamSPC.htm
scenario\lpx\type\HIDD_T_PROPFICHIER.htm
scenario\lpx\type\HIDD_T_ReponseQuartisMsg.htm
scenario\lpx\type\HIDD_T_REPONSESQL.htm
scenario\lpx\type\HIDD_T_RESULTAT_EXTRACTION.htm
scenario\lpx\type\HIDD_T_RetourAssocieSemaine.htm
scenario\lpx\type\HIDD_T_RetourRenseigneSemaine.htm
scenario\lpx\type\HIDD_T_ScenarioExec.htm
scenario\lpx\type\HIDD_T_Verrou.htm
scenario\lpx\type\HIDD_T_Xml.htm
scenario\lpx\type\HIDD_Test.htm
scenario\lpx\type\HIDD_TRESGRANDECHAINE.htm
scenario\lpx\type\Slash.htm
scenario\lpx\type\TAB.htm
eHelp.xml
ehlpdhtm.js
afxcore.css
lpx.css
application.css
module.css
lpxgraphique.css
image\compiletout.GIF
image\checkbox.GIF
image\requete.GIF
image\affichage.GIF
image\recnext.gif
image\chainemulti.GIF
image\stop.GIF
image\rectangle.GIF
image\tableau.GIF
image\arriereplan.GIF
image\bouton.GIF
image\trait.GIF
image\fileopen.gif
image\opmemoire.GIF
image\fils.GIF
image\tempo.GIF
image\editcopy.gif
image\cercleplein.GIF
image\cercle.GIF
image\navigateur.GIF
image\groupe.GIF
image\bullet.gif
image\listetombante.GIF
image\reclast.gif
image\suivant.GIF
image\execute.GIF
image\compile.GIF
image\indicateurmesure.GIF
image\boutonradio.GIF
image\saisie.GIF
image\editsaveall.GIF
image\recfirst.gif
image\fileprnt.gif
image\filesave.gif
image\pere.GIF
image\recprev.gif
image\premierplan.GIF
image\compilation.gif
image\hlpsbar.gif
image\appexit.gif
image\recompiletout.GIF
image\zonedessin.GIF
image\sousscenario.GIF
image\fairetantque.GIF
image\chainesimple.GIF
image\tantquefaire.GIF
image\filenew.gif
image\precedent.GIF
image\supprimer.GIF
image\liste.GIF
image\zonesaisie.GIF
image\test.GIF
image\imprimeetat.GIF
image\editundo.gif
image\avancer.GIF
image\reculer.GIF
image\saisiemultiligne.GIF
image\ordre.GIF
image\finboucle.GIF
image\editpast.gif
image\rectangleplein.GIF
image\filtrage.GIF
image\hlptbar.gif
image\editcut.gif
Interface.ppf
afxcore_ns.css
application_ns.css
module_ns.css
lpxgraphique_ns.css
lpx_ns.css
whdata\whtdata0.xml
whdata\whtdata1.xml
whdata\whtdata2.xml
whdata\whtdata3.xml
whdata\whtdata4.xml
whdata\whtdata5.xml
whdata\whtdata6.xml
whdata\whtdata7.xml
whdata\whtdata8.xml
whdata\whtdata9.xml
whdata\whtdata10.xml
whdata\whtdata11.xml
whdata\whtdata12.xml
whdata\whtdata13.xml
whdata\whtdata14.xml
whdata\whtdata15.xml
whdata\whtdata16.xml
whdata\whtdata0.htm
whdata\whtdata1.htm
whdata\whtdata2.htm
whdata\whtdata3.htm
whdata\whtdata4.htm
whdata\whtdata5.htm
whdata\whtdata6.htm
whdata\whtdata7.htm
whdata\whtdata8.htm
whdata\whtdata9.htm
whdata\whtdata10.htm
whdata\whtdata11.htm
whdata\whtdata12.htm
whdata\whtdata13.htm
whdata\whtdata14.htm
whdata\whtdata15.htm
whdata\whtdata16.htm
whdata\whidata0.xml
whdata\whidata1.xml
whdata\whidata2.xml
whdata\whidata3.xml
whdata\whidata4.xml
whdata\whidata0.htm
whdata\whidata1.htm
whdata\whidata2.htm
whdata\whidata3.htm
whdata\whidata4.htm
whdata\whftdata0.xml
whdata\whftdata1.xml
whdata\whftdata2.xml
whdata\whftdata3.xml
whdata\whftdata4.xml
whdata\whftdata5.xml
whdata\whftdata6.xml
whdata\whftdata0.htm
whdata\whftdata1.htm
whdata\whftdata2.htm
whdata\whftdata3.htm
whdata\whftdata4.htm
whdata\whftdata5.htm
whdata\whftdata6.htm
whdata\whfwdata0.xml
whdata\whfwdata1.xml
whdata\whfwdata2.xml
whdata\whfwdata3.xml
whdata\whfwdata4.xml
whdata\whfwdata5.xml
whdata\whfwdata6.xml
whdata\whfwdata7.xml
whdata\whfwdata8.xml
whdata\whfwdata9.xml
whdata\whfwdata10.xml
whdata\whfwdata11.xml
whdata\whfwdata12.xml
whdata\whfwdata13.xml
whdata\whfwdata14.xml
whdata\whfwdata15.xml
whdata\whfwdata16.xml
whdata\whfwdata17.xml
whdata\whfwdata18.xml
whdata\whfwdata19.xml
whdata\whfwdata0.htm
whdata\whfwdata1.htm
whdata\whfwdata2.htm
whdata\whfwdata3.htm
whdata\whfwdata4.htm
whdata\whfwdata5.htm
whdata\whfwdata6.htm
whdata\whfwdata7.htm
whdata\whfwdata8.htm
whdata\whfwdata9.htm
whdata\whfwdata10.htm
whdata\whfwdata11.htm
whdata\whfwdata12.htm
whdata\whfwdata13.htm
whdata\whfwdata14.htm
whdata\whfwdata15.htm
whdata\whfwdata16.htm
whdata\whfwdata17.htm
whdata\whfwdata18.htm
whdata\whfwdata19.htm
whgdata\whlstt0.htm
whgdata\whlstt1.htm
whgdata\whlstt2.htm
whgdata\whlstt3.htm
whgdata\whlstt4.htm
whgdata\whlstt5.htm
whgdata\whlstt6.htm
whgdata\whlstt7.htm
whgdata\whlstt8.htm
whgdata\whlstt9.htm
whgdata\whlstt10.htm
whgdata\whlstt11.htm
whgdata\whlstt12.htm
whgdata\whlstt13.htm
whgdata\whlstt14.htm
whgdata\whlstt15.htm
whgdata\whlstt16.htm
whgdata\whlstt17.htm
whgdata\whlstt18.htm
whgdata\whlstt19.htm
whgdata\whlstt20.htm
whgdata\whlstt21.htm
whgdata\whlstt22.htm
whgdata\whlstt23.htm
whgdata\whlstt24.htm
whgdata\whlstt25.htm
whgdata\whlstt26.htm
whgdata\whlstt27.htm
whgdata\whlstt28.htm
whgdata\whlstt29.htm
whgdata\whlstt30.htm
whgdata\whlstt31.htm
whgdata\whlstt32.htm
whgdata\whlstt33.htm
whgdata\whlstt34.htm
whgdata\whlstt35.htm
whgdata\whlstt36.htm
whgdata\whlstt37.htm
whgdata\whlstt38.htm
whgdata\whlstt39.htm
whgdata\whlstt40.htm
whgdata\whlstt41.htm
whgdata\whlstt42.htm
whgdata\whlstt43.htm
whgdata\whlstt44.htm
whgdata\whlstt45.htm
whgdata\whlstt46.htm
whgdata\whlstt47.htm
whgdata\whlstt48.htm
whgdata\whlstt49.htm
whgdata\whlstt50.htm
whgdata\whlstt51.htm
whgdata\whlstt52.htm
whgdata\whlstt53.htm
whgdata\whlstt54.htm
whgdata\whlstt55.htm
whgdata\whlstt56.htm
whgdata\whlstt57.htm
whgdata\whlstt58.htm
whgdata\whlsti0.htm
whgdata\whlsti1.htm
whgdata\whlsti2.htm
whgdata\whlstfl0.htm
whgdata\whlstfl1.htm
whgdata\whlstfl2.htm
whgdata\whlstfl3.htm
whgdata\whlstfl4.htm
whgdata\whlstfl5.htm
whgdata\whlstfl6.htm
whgdata\whlstfl7.htm
whgdata\whlstfl8.htm
whgdata\whlstfl9.htm
whgdata\whlstfl10.htm
whgdata\whlstfl11.htm
whgdata\whlstfl12.htm
whgdata\whlstfl13.htm
whgdata\whlstfl14.htm
whgdata\whlstfl15.htm
whgdata\whlstfl16.htm
whgdata\whlstfl17.htm
whgdata\whlstfl18.htm
whgdata\whlstfl19.htm
whgdata\whlstfl20.htm
whgdata\whlstfl21.htm
whgdata\whlstfl22.htm
whgdata\whlstfl23.htm
whgdata\whlstfl24.htm
whgdata\whlstfl25.htm
whgdata\whlstf0.htm
whgdata\whlstf1.htm
whgdata\whlstf2.htm
whgdata\whlstf3.htm
whgdata\whlstf4.htm
whgdata\whlstf5.htm
whgdata\whlstf6.htm
whgdata\whlstf7.htm
whgdata\whlstf8.htm
whgdata\whlstf9.htm
whgdata\whlstf10.htm
whgdata\whlstf11.htm
whgdata\whlstf12.htm
whgdata\whlstf13.htm
whgdata\whlstf14.htm
whgdata\whlstf15.htm
whgdata\whlstf16.htm
whgdata\whlstf17.htm
whgdata\whlstf18.htm
whgdata\whlstf19.htm
whgdata\whlstf20.htm
whgdata\whlstf21.htm
whgdata\whlstf22.htm
whgdata\whlstf23.htm
whgdata\whlstf24.htm
whgdata\whlstf25.htm
whgdata\whlstf26.htm
whgdata\whlstf27.htm
whgdata\whlstf28.htm
whgdata\whlstf29.htm
whgdata\whlstf30.htm
whgdata\whlstf31.htm
whgdata\whlstf32.htm
whgdata\whlstf33.htm
whgdata\whlstf34.htm
whgdata\whlstf35.htm
whgdata\whlstf36.htm
whgdata\whlstf37.htm
whgdata\whlstf38.htm
whgdata\whlstf39.htm
whgdata\whlstf40.htm
whgdata\whlstf41.htm
whgdata\whlstf42.htm
whgdata\whlstf43.htm
whgdata\whlstf44.htm
whgdata\whlstf45.htm
whgdata\whlstf46.htm
whgdata\whlstf47.htm
whgdata\whlstf48.htm
whgdata\whlstf49.htm
whgdata\whlstf50.htm
whgdata\whlstg0.htm
Interface.htm
Interface_csh.htm
Interface_rhc.htm
